  epoch    IZY    IXZ_1    IZ_1Z_2     acc    avg_acc     err    avg_err    adv_acc    avg_adv_acc
-------  -----  -------  ---------  ------  ---------  ------  ---------  ---------  -------------
      1   3.00   102.62      62.57  0.9347     0.9436  0.0653     0.0564     0.0479         0.0491
      2   3.12    94.98      64.00  0.9605     0.9635  0.0395     0.0365     0.0403         0.0418
      3   3.07    63.83      50.73  0.9497     0.9584  0.0503     0.0416     0.0837         0.0948
      4   3.16    53.39      44.86  0.9709     0.9739  0.0291     0.0261     0.0817         0.0973
      5   3.15    56.56      46.34  0.9664     0.9683  0.0336     0.0317     0.0750         0.0839
      6   3.12    43.26      46.79  0.9631     0.9711  0.0369     0.0289     0.1371         0.1688
      7   3.11    36.89      40.84  0.9646     0.9721  0.0354     0.0279     0.1703         0.2024
      8   3.19    37.63      36.83  0.9778     0.9792  0.0222     0.0208     0.1761         0.2066
      9   3.21    44.20      40.24  0.9801     0.9802  0.0199     0.0198     0.2168         0.2307
     10   3.17    37.85      36.00  0.9761     0.9785  0.0239     0.0215     0.2623         0.3053
     11   3.18    36.53      34.69  0.9787     0.9796  0.0213     0.0204     0.3177         0.3475
     12   3.13    35.05      34.34  0.9714     0.9712  0.0286     0.0288     0.2885         0.3157
     13   3.17    33.34      32.54  0.9756     0.9787  0.0244     0.0213     0.3578         0.3944
     14   3.19    33.56      31.25  0.9805     0.9818  0.0195     0.0182     0.4101         0.4488
     15   3.17    27.71      29.01  0.9785     0.9818  0.0215     0.0182     0.4446         0.4922
     16   3.15    27.64      29.70  0.9755     0.9794  0.0245     0.0206     0.4197         0.4835
     17   3.16    27.62      28.17  0.9766     0.9788  0.0234     0.0212     0.4804         0.5246
     18   3.17    27.16      28.95  0.9761     0.9803  0.0239     0.0197     0.4770         0.5368
     19   3.14    26.44      26.61  0.9729     0.9760  0.0271     0.0240     0.4700         0.5216
     20   3.17    26.92      26.76  0.9783     0.9811  0.0217     0.0189     0.5210         0.5623
     21   3.16    33.17      29.18  0.9790     0.9807  0.0210     0.0193     0.5174         0.5535
     22   3.17    24.42      25.38  0.9798     0.9820  0.0202     0.0180     0.5761         0.6290
     23   3.18    27.19      27.09  0.9815     0.9827  0.0185     0.0173     0.5876         0.6154
     24   3.16    26.52      25.64  0.9789     0.9807  0.0211     0.0193     0.5316         0.5665
     25   3.17    22.66      24.28  0.9788     0.9835  0.0212     0.0165     0.6047         0.6708
     26   3.19    23.89      24.25  0.9830     0.9844  0.0170     0.0156     0.5783         0.6139
     27   3.15    25.00      24.32  0.9772     0.9801  0.0228     0.0199     0.5637         0.6009
     28   3.14    39.20      38.56  0.9774     0.9772  0.0226     0.0228     0.4926         0.4975
     29   3.17    22.20      22.61  0.9830     0.9853  0.0170     0.0147     0.6173         0.6550
     30   3.18    23.73      24.05  0.9834     0.9837  0.0166     0.0163     0.5960         0.6239
     31   3.17    24.06      22.82  0.9798     0.9827  0.0202     0.0173     0.5794         0.6069
     32   3.17    24.47      23.42  0.9814     0.9829  0.0186     0.0171     0.5610         0.5879
     33   3.18    24.58      23.99  0.9826     0.9841  0.0174     0.0159     0.6212         0.6452
     34   3.16    20.34      20.68  0.9798     0.9824  0.0202     0.0176     0.6127         0.6592
     35   3.15    21.53      20.65  0.9786     0.9809  0.0214     0.0191     0.5727         0.6118
     36   3.16    24.53      23.98  0.9818     0.9822  0.0182     0.0178     0.5912         0.6100
     37   3.14    21.03      22.09  0.9789     0.9811  0.0211     0.0189     0.5982         0.6181
     38   3.12    20.86      20.46  0.9771     0.9786  0.0229     0.0214     0.5460         0.5766
     39   3.18    20.93      21.30  0.9825     0.9848  0.0175     0.0152     0.5471         0.5724
     40   3.17    22.10      21.61  0.9840     0.9846  0.0160     0.0154     0.6140         0.6327
     41   3.13    20.41      20.31  0.9787     0.9807  0.0213     0.0193     0.5844         0.6125
     42   3.19    24.24      23.44  0.9848     0.9849  0.0152     0.0151     0.5288         0.5367
     43   3.15    19.36      19.76  0.9802     0.9832  0.0198     0.0168     0.5550         0.5840
     44   3.17    19.03      19.29  0.9824     0.9843  0.0176     0.0157     0.5886         0.6101
     45   3.18    18.94      19.80  0.9835     0.9838  0.0165     0.0162     0.5725         0.5912
     46   3.12    20.56      20.25  0.9792     0.9801  0.0208     0.0199     0.5502         0.5700
     47   3.17    18.82      19.30  0.9828     0.9850  0.0172     0.0150     0.5216         0.5392
     48   3.17    18.31      18.74  0.9821     0.9850  0.0179     0.0150     0.5820         0.5990
     49   3.14    21.70      19.69  0.9801     0.9804  0.0199     0.0196     0.3903         0.4038
     50   3.15    17.61      17.97  0.9811     0.9839  0.0189     0.0161     0.5523         0.5755
     51   3.17    19.73      19.57  0.9845     0.9844  0.0155     0.0156     0.4992         0.5098
     52   3.19    25.29      24.81  0.9836     0.9845  0.0164     0.0155     0.4412         0.4446
     53   3.12    17.28      17.82  0.9791     0.9811  0.0209     0.0189     0.4619         0.4836
     54   3.15    17.38      17.71  0.9829     0.9838  0.0171     0.0162     0.5242         0.5395
     55   3.14    17.61      17.67  0.9819     0.9838  0.0181     0.0162     0.4781         0.4958
     56   3.15    16.90      17.24  0.9817     0.9839  0.0183     0.0161     0.5238         0.5401
     57   3.15    15.90      17.15  0.9817     0.9850  0.0183     0.0150     0.5012         0.5223
     58   3.07    18.23      18.59  0.9728     0.9750  0.0272     0.0250     0.4148         0.4264
     59   3.11    17.39      17.70  0.9788     0.9808  0.0212     0.0192     0.5014         0.5192
     60   3.17    15.90      17.26  0.9837     0.9850  0.0163     0.0150     0.5092         0.5233
     61   3.16    15.61      17.17  0.9823     0.9841  0.0177     0.0159     0.5339         0.5511
     62   3.11    20.96      20.76  0.9802     0.9816  0.0198     0.0184     0.3905         0.3935
     63   3.15    15.99      16.90  0.9821     0.9825  0.0179     0.0175     0.4673         0.4778
     64   3.16    15.19      16.69  0.9822     0.9844  0.0178     0.0156     0.4939         0.5089
     65   3.17    15.20      16.79  0.9842     0.9863  0.0158     0.0137     0.4549         0.4690
     66   3.16    16.05      16.78  0.9833     0.9843  0.0167     0.0157     0.4401         0.4524
     67   3.15    15.32      16.31  0.9843     0.9855  0.0157     0.0145     0.4543         0.4691
     68   3.15    15.56      16.94  0.9834     0.9854  0.0166     0.0146     0.4018         0.4123
     69   3.16    17.26      17.84  0.9854     0.9856  0.0146     0.0144     0.3879         0.3933
     70   3.15    15.32      16.07  0.9836     0.9852  0.0164     0.0148     0.3843         0.3961
     71   3.11    15.38      16.03  0.9788     0.9814  0.0212     0.0186     0.4198         0.4302
     72   3.15    15.65      16.60  0.9826     0.9842  0.0174     0.0158     0.4221         0.4277
     73   3.15    14.90      15.77  0.9826     0.9848  0.0174     0.0152     0.4448         0.4560
     74   3.14    14.20      15.63  0.9832     0.9850  0.0168     0.0150     0.4320         0.4444
     75   3.15    17.85      18.47  0.9834     0.9840  0.0166     0.0160     0.3849         0.3894
     76   3.13    13.92      15.54  0.9824     0.9841  0.0176     0.0159     0.4604         0.4690
     77   3.14    14.29      15.78  0.9827     0.9847  0.0173     0.0153     0.4123         0.4208
     78   3.16    13.99      15.39  0.9839     0.9863  0.0161     0.0137     0.3915         0.4030
     79   3.10    14.69      15.63  0.9795     0.9817  0.0205     0.0183     0.3460         0.3569
     80   3.15    14.97      16.05  0.9837     0.9844  0.0163     0.0156     0.3417         0.3483
     81   3.14    14.04      15.25  0.9823     0.9854  0.0177     0.0146     0.3746         0.3845
     82   3.13    15.14      15.69  0.9839     0.9856  0.0161     0.0144     0.3454         0.3516
     83   3.17    13.72      15.29  0.9848     0.9868  0.0152     0.0132     0.3786         0.3858
     84   3.17    13.20      15.08  0.9856     0.9872  0.0144     0.0128     0.4042         0.4122
     85   3.15    13.23      15.06  0.9823     0.9850  0.0177     0.0150     0.3756         0.3849
     86   3.13    13.79      14.99  0.9818     0.9838  0.0182     0.0162     0.3878         0.3976
     87   3.11    13.51      15.34  0.9804     0.9816  0.0196     0.0184     0.3834         0.3932
     88   3.16    16.34      16.76  0.9852     0.9858  0.0148     0.0142     0.3719         0.3763
     89   3.14    13.37      15.03  0.9834     0.9855  0.0166     0.0145     0.4375         0.4458
     90   3.16    15.43      16.71  0.9860     0.9861  0.0140     0.0139     0.3727         0.3751
     91   3.16    13.80      15.40  0.9847     0.9861  0.0153     0.0139     0.3447         0.3521
     92   3.15    13.18      14.94  0.9842     0.9860  0.0158     0.0140     0.3599         0.3686
     93   3.15    13.03      14.64  0.9822     0.9847  0.0178     0.0153     0.3619         0.3736
     94   3.16    13.24      14.66  0.9851     0.9867  0.0149     0.0133     0.3707         0.3769
     95   3.15    13.51      15.07  0.9845     0.9856  0.0155     0.0144     0.4346         0.4402
     96   3.15    12.62      14.58  0.9840     0.9864  0.0160     0.0136     0.4221         0.4309
     97   3.14    13.04      14.31  0.9826     0.9850  0.0174     0.0150     0.3464         0.3556
     98   3.12    15.82      16.70  0.9819     0.9835  0.0181     0.0165     0.3083         0.3116
     99   3.17    12.49      14.58  0.9857     0.9871  0.0143     0.0129     0.3725         0.3833
    100   3.16    12.24      14.43  0.9842     0.9870  0.0158     0.0130     0.3857         0.3972
    101   3.16    12.57      14.63  0.9852     0.9865  0.0148     0.0135     0.3861         0.3904
    102   3.15    13.28      14.53  0.9842     0.9860  0.0158     0.0140     0.3633         0.3704
    103   3.12    13.01      14.61  0.9814     0.9836  0.0186     0.0164     0.3707         0.3773
    104   3.15    12.13      14.10  0.9832     0.9860  0.0168     0.0140     0.4071         0.4147
    105   3.16    12.71      14.48  0.9853     0.9864  0.0147     0.0136     0.4022         0.4081
    106   3.16    12.37      14.33  0.9854     0.9876  0.0146     0.0124     0.3538         0.3622
    107   3.16    12.34      14.38  0.9848     0.9855  0.0152     0.0145     0.3360         0.3391
    108   3.16    12.62      15.03  0.9848     0.9866  0.0152     0.0134     0.3269         0.3330
    109   3.15    12.56      14.23  0.9838     0.9847  0.0162     0.0153     0.3509         0.3586
    110   3.15    12.69      15.07  0.9848     0.9868  0.0152     0.0132     0.3506         0.3549
    111   3.15    12.45      14.24  0.9838     0.9863  0.0162     0.0137     0.3392         0.3454
    112   3.16    14.12      15.62  0.9866     0.9871  0.0134     0.0129     0.3283         0.3336
    113   3.15    11.89      13.78  0.9841     0.9864  0.0159     0.0136     0.3574         0.3646
    114   3.17    11.60      14.06  0.9849     0.9877  0.0151     0.0123     0.3713         0.3772
    115   3.15    11.84      14.04  0.9843     0.9860  0.0157     0.0140     0.3700         0.3757
    116   3.15    11.81      13.96  0.9843     0.9866  0.0157     0.0134     0.3728         0.3797
    117   3.15    12.21      13.95  0.9850     0.9862  0.0150     0.0138     0.3240         0.3307
    118   3.17    11.54      13.99  0.9843     0.9873  0.0157     0.0127     0.3445         0.3512
    119   3.14    12.48      14.19  0.9847     0.9870  0.0153     0.0130     0.3106         0.3143
    120   3.15    11.72      13.96  0.9823     0.9860  0.0177     0.0140     0.3077         0.3125
    121   3.15    11.80      14.14  0.9843     0.9854  0.0157     0.0146     0.3108         0.3132
    122   3.14    11.76      13.90  0.9824     0.9851  0.0176     0.0149     0.3315         0.3374
    123   3.15    11.13      13.48  0.9834     0.9856  0.0166     0.0144     0.3934         0.4010
    124   3.16    11.46      13.74  0.9846     0.9862  0.0154     0.0138     0.3861         0.3928
    125   3.15    11.98      14.37  0.9849     0.9866  0.0151     0.0134     0.3715         0.3786
    126   3.16    11.78      14.66  0.9856     0.9857  0.0144     0.0143     0.3643         0.3699
    127   3.15    12.17      14.66  0.9852     0.9862  0.0148     0.0138     0.3890         0.3969
    128   3.14    11.36      13.62  0.9847     0.9866  0.0153     0.0134     0.3912         0.3989
    129   3.15    11.37      13.68  0.9845     0.9872  0.0155     0.0128     0.3909         0.3928
    130   3.14    11.53      13.97  0.9842     0.9858  0.0158     0.0142     0.3603         0.3671
    131   3.15    11.10      13.90  0.9844     0.9867  0.0156     0.0133     0.3904         0.3979
    132   3.14    11.94      13.74  0.9837     0.9867  0.0163     0.0133     0.3457         0.3482
    133   3.15    11.40      13.73  0.9832     0.9857  0.0168     0.0143     0.3612         0.3680
    134   3.14    11.93      14.21  0.9847     0.9858  0.0153     0.0142     0.3332         0.3380
    135   3.14    11.95      14.00  0.9845     0.9860  0.0155     0.0140     0.3459         0.3510
    136   3.15    11.07      13.65  0.9842     0.9861  0.0158     0.0139     0.3732         0.3813
    137   3.15    11.49      14.02  0.9841     0.9861  0.0159     0.0139     0.3086         0.3124
    138   3.15    12.01      13.93  0.9837     0.9855  0.0163     0.0145     0.3075         0.3115
    139   3.15    11.46      13.62  0.9845     0.9862  0.0155     0.0138     0.3170         0.3256
    140   3.15    11.54      14.27  0.9838     0.9859  0.0162     0.0141     0.3209         0.3254
    141   3.15    11.68      13.91  0.9844     0.9864  0.0156     0.0136     0.2980         0.3036
    142   3.15    11.50      13.92  0.9846     0.9861  0.0154     0.0139     0.3164         0.3217
    143   3.16    11.75      14.02  0.9848     0.9866  0.0152     0.0134     0.3229         0.3286
    144   3.14    11.31      13.69  0.9840     0.9860  0.0160     0.0140     0.3233         0.3290
    145   3.14    11.50      14.01  0.9842     0.9853  0.0158     0.0147     0.2894         0.2959
    146   3.13    11.41      14.11  0.9826     0.9846  0.0174     0.0154     0.2997         0.3023
    147   3.13    10.82      13.57  0.9836     0.9862  0.0164     0.0138     0.3397         0.3459
    148   3.14    10.84      13.46  0.9846     0.9864  0.0154     0.0136     0.3096         0.3150
    149   3.16    10.80      13.51  0.9853     0.9867  0.0147     0.0133     0.3104         0.3166
    150   3.14    10.96      13.53  0.9841     0.9864  0.0159     0.0136     0.2869         0.2946
    151   3.15    11.12      13.53  0.9846     0.9858  0.0154     0.0142     0.2779         0.2849
    152   3.16    11.52      13.73  0.9855     0.9872  0.0145     0.0128     0.2685         0.2713
    153   3.14    11.21      13.78  0.9839     0.9853  0.0161     0.0147     0.2878         0.2907
    154   3.15    11.05      13.64  0.9846     0.9865  0.0154     0.0135     0.3072         0.3117
    155   3.14    10.90      13.11  0.9828     0.9861  0.0172     0.0139     0.3292         0.3387
    156   3.16    11.20      13.72  0.9858     0.9869  0.0142     0.0131     0.3048         0.3104
    157   3.16    11.25      13.87  0.9855     0.9869  0.0145     0.0131     0.3084         0.3160
    158   3.14    10.80      13.76  0.9842     0.9854  0.0158     0.0146     0.3083         0.3166
    159   3.15    10.46      13.29  0.9841     0.9851  0.0159     0.0149     0.3358         0.3452
    160   3.15    10.95      13.70  0.9843     0.9859  0.0157     0.0141     0.3161         0.3231
    161   3.16    10.62      13.59  0.9846     0.9870  0.0154     0.0130     0.3478         0.3576
    162   3.15    11.65      14.03  0.9852     0.9870  0.0148     0.0130     0.3122         0.3196
    163   3.16    10.87      13.61  0.9859     0.9868  0.0141     0.0132     0.3244         0.3324
    164   3.14    11.34      13.64  0.9843     0.9852  0.0157     0.0148     0.3125         0.3202
    165   3.15    10.65      13.25  0.9853     0.9859  0.0147     0.0141     0.3490         0.3572
    166   3.16    10.55      13.13  0.9848     0.9870  0.0152     0.0130     0.3444         0.3560
    167   3.16    10.45      13.44  0.9867     0.9872  0.0133     0.0128     0.3432         0.3497
    168   3.16    10.61      13.12  0.9843     0.9864  0.0157     0.0136     0.3071         0.3164
    169   3.16    10.88      13.46  0.9855     0.9872  0.0145     0.0128     0.3143         0.3193
    170   3.16    11.14      13.74  0.9850     0.9869  0.0150     0.0131     0.2918         0.2988
    171   3.16    10.47      13.17  0.9845     0.9862  0.0155     0.0138     0.3253         0.3356
    172   3.17    10.67      13.30  0.9850     0.9872  0.0150     0.0128     0.3468         0.3589
    173   3.16    10.63      13.42  0.9841     0.9868  0.0159     0.0132     0.3455         0.3504
    174   3.16    10.88      13.55  0.9850     0.9865  0.0150     0.0135     0.3368         0.3480
    175   3.15    10.42      13.11  0.9841     0.9860  0.0159     0.0140     0.3327         0.3434
    176   3.14    10.43      13.24  0.9829     0.9858  0.0171     0.0142     0.3315         0.3398
    177   3.15    11.52      13.96  0.9849     0.9869  0.0151     0.0131     0.2979         0.3027
    178   3.16    10.96      13.57  0.9859     0.9871  0.0141     0.0129     0.3169         0.3265
    179   3.15    10.51      13.59  0.9849     0.9869  0.0151     0.0131     0.3504         0.3601
    180   3.14    10.56      13.35  0.9842     0.9854  0.0158     0.0146     0.3363         0.3452
    181   3.16    10.54      13.22  0.9841     0.9863  0.0159     0.0137     0.3311         0.3394
    182   3.15    10.68      13.30  0.9848     0.9861  0.0152     0.0139     0.3337         0.3391
    183   3.15    10.56      13.31  0.9848     0.9862  0.0152     0.0138     0.3370         0.3439
    184   3.15    10.70      13.51  0.9846     0.9862  0.0154     0.0138     0.3309         0.3385
    185   3.14    10.67      13.51  0.9836     0.9860  0.0164     0.0140     0.3140         0.3244
    186   3.16    10.63      13.16  0.9853     0.9868  0.0147     0.0132     0.3309         0.3447
    187   3.14    11.00      13.78  0.9844     0.9858  0.0156     0.0142     0.3201         0.3278
    188   3.16    10.42      13.24  0.9844     0.9871  0.0156     0.0129     0.3407         0.3474
    189   3.15    10.33      13.11  0.9845     0.9864  0.0155     0.0136     0.3334         0.3426
    190   3.16    10.65      13.30  0.9861     0.9870  0.0139     0.0130     0.3263         0.3335
    191   3.15    10.31      13.14  0.9845     0.9862  0.0155     0.0138     0.3406         0.3493
    192   3.16    10.53      13.36  0.9849     0.9870  0.0151     0.0130     0.3189         0.3257
    193   3.16    10.41      13.27  0.9852     0.9868  0.0148     0.0132     0.3205         0.3319
    194   3.15    10.57      13.38  0.9840     0.9871  0.0160     0.0129     0.3221         0.3308
    195   3.15    10.28      13.03  0.9838     0.9867  0.0162     0.0133     0.3503         0.3587
    196   3.15    10.35      13.33  0.9850     0.9869  0.0150     0.0131     0.3345         0.3421
    197   3.14    10.28      13.28  0.9846     0.9872  0.0154     0.0128     0.3360         0.3475
    198   3.15    10.56      13.37  0.9846     0.9873  0.0154     0.0127     0.3107         0.3203
    199   3.16    10.51      13.13  0.9849     0.9865  0.0151     0.0135     0.3250         0.3315
    200   3.16    10.27      12.92  0.9851     0.9871  0.0149     0.0129     0.3400         0.3486
The log/output/model have been saved to: ./logs/new_train.py-multi_zetas{'num_epochs': 200, 'use_stoch': [False, True, True], 'betas': None}-igj-04-04-06:21 + .csv/.out/.cpt
