  epoch    IZY    IXZ_1    IZ_1Z_2     acc    avg_acc     err    avg_err    adv_acc    avg_adv_acc
-------  -----  -------  ---------  ------  ---------  ------  ---------  ---------  -------------
      1   2.99   103.06      58.58  0.9338     0.9464  0.0662     0.0536     0.0593         0.0620
      2   3.08    86.27      57.21  0.9550     0.9613  0.0450     0.0387     0.0423         0.0475
      3   3.16    89.03      62.33  0.9668     0.9695  0.0332     0.0305     0.0380         0.0402
      4   3.15    55.97      46.35  0.9672     0.9732  0.0328     0.0268     0.0944         0.1098
      5   3.17    48.80      43.94  0.9739     0.9770  0.0261     0.0230     0.1124         0.1322
      6   3.17    47.30      40.73  0.9730     0.9763  0.0270     0.0237     0.1369         0.1645
      7   3.20    83.55      71.56  0.9756     0.9762  0.0244     0.0238     0.1109         0.1116
      8   3.16    36.23      38.69  0.9721     0.9778  0.0279     0.0222     0.2375         0.2893
      9   3.18    37.12      34.88  0.9774     0.9800  0.0226     0.0200     0.2691         0.3059
     10   3.16    37.04      36.30  0.9730     0.9759  0.0270     0.0241     0.2723         0.3180
     11   3.17    31.20      33.17  0.9770     0.9805  0.0230     0.0195     0.3323         0.3956
     12   3.14    34.32      34.24  0.9728     0.9773  0.0272     0.0227     0.3529         0.4076
     13   3.19    33.37      31.36  0.9806     0.9835  0.0194     0.0165     0.4353         0.4848
     14   3.13    32.62      31.17  0.9709     0.9731  0.0291     0.0269     0.4241         0.4785
     15   3.16    30.26      28.93  0.9785     0.9795  0.0215     0.0205     0.4683         0.5185
     16   3.15    32.92      29.45  0.9768     0.9778  0.0232     0.0222     0.4612         0.5061
     17   3.14    30.08      28.54  0.9755     0.9772  0.0245     0.0228     0.4863         0.5364
     18   3.12    28.67      28.14  0.9723     0.9755  0.0277     0.0245     0.4738         0.5378
     19   3.19    29.54      28.61  0.9808     0.9820  0.0192     0.0180     0.5276         0.5639
     20   3.20    38.61      36.48  0.9828     0.9822  0.0172     0.0178     0.5314         0.5417
     21   3.13    27.24      27.07  0.9743     0.9766  0.0257     0.0234     0.4779         0.5342
     22   3.12    32.07      27.39  0.9740     0.9759  0.0260     0.0241     0.5320         0.5618
     23   3.14    26.06      25.07  0.9758     0.9791  0.0242     0.0209     0.5374         0.5972
     24   3.19    26.54      24.61  0.9831     0.9847  0.0169     0.0153     0.5781         0.6332
     25   3.18    27.08      26.07  0.9820     0.9838  0.0180     0.0162     0.5614         0.6027
     26   3.14    26.20      24.66  0.9776     0.9798  0.0224     0.0202     0.5455         0.5836
     27   3.14    25.47      24.21  0.9786     0.9800  0.0214     0.0200     0.5705         0.6083
     28   3.16    26.99      24.57  0.9797     0.9810  0.0203     0.0190     0.5863         0.6256
     29   3.19    27.81      25.25  0.9824     0.9833  0.0176     0.0167     0.5988         0.6272
     30   3.16    25.64      22.81  0.9799     0.9818  0.0201     0.0182     0.6250         0.6716
     31   3.17    24.67      22.99  0.9822     0.9835  0.0178     0.0165     0.6098         0.6443
     32   3.17    24.24      22.53  0.9820     0.9835  0.0180     0.0165     0.6091         0.6505
     33   3.13    33.30      29.29  0.9792     0.9794  0.0208     0.0206     0.5468         0.5572
     34   3.15    24.30      21.87  0.9802     0.9818  0.0198     0.0182     0.5673         0.5963
     35   3.16    24.13      23.13  0.9798     0.9813  0.0202     0.0187     0.5489         0.5731
     36   3.18    21.11      20.71  0.9846     0.9861  0.0154     0.0139     0.6172         0.6583
     37   3.14    24.37      21.62  0.9804     0.9824  0.0196     0.0176     0.5753         0.6051
     38   3.13    21.31      20.77  0.9782     0.9820  0.0218     0.0180     0.6041         0.6515
     39   3.15    21.35      20.23  0.9801     0.9829  0.0199     0.0171     0.6006         0.6312
     40   3.17    20.44      19.86  0.9836     0.9858  0.0164     0.0142     0.6388         0.6770
     41   3.15    20.35      19.85  0.9805     0.9831  0.0195     0.0169     0.5813         0.6166
     42   3.18    21.40      21.15  0.9836     0.9858  0.0164     0.0142     0.6006         0.6222
     43   3.14    23.06      21.96  0.9811     0.9823  0.0189     0.0177     0.5799         0.5954
     44   3.16    21.35      20.60  0.9826     0.9835  0.0174     0.0165     0.5928         0.6137
     45   3.16    23.12      22.92  0.9814     0.9825  0.0186     0.0175     0.5728         0.5865
     46   3.15    19.17      19.28  0.9808     0.9830  0.0192     0.0170     0.6249         0.6576
     47   3.16    18.56      18.61  0.9829     0.9851  0.0171     0.0149     0.6066         0.6404
     48   3.16    20.49      20.11  0.9824     0.9843  0.0176     0.0157     0.5979         0.6189
     49   3.10    18.54      19.08  0.9764     0.9797  0.0236     0.0203     0.5741         0.6046
     50   3.16    17.72      18.14  0.9838     0.9857  0.0162     0.0143     0.5971         0.6236
     51   3.14    17.54      17.88  0.9800     0.9833  0.0200     0.0167     0.6234         0.6519
     52   3.18    19.08      18.36  0.9845     0.9866  0.0155     0.0134     0.5787         0.6076
     53   3.16    17.48      18.02  0.9832     0.9853  0.0168     0.0147     0.5832         0.6125
     54   3.14    17.98      18.08  0.9802     0.9830  0.0198     0.0170     0.6082         0.6438
     55   3.14    17.37      17.54  0.9823     0.9847  0.0177     0.0153     0.5965         0.6240
     56   3.15    16.52      17.50  0.9817     0.9851  0.0183     0.0149     0.5720         0.6040
     57   3.17    18.32      18.16  0.9846     0.9854  0.0154     0.0146     0.5439         0.5599
     58   3.13    17.85      18.23  0.9801     0.9815  0.0199     0.0185     0.5449         0.5589
     59   3.10    17.04      17.42  0.9774     0.9800  0.0226     0.0200     0.5454         0.5714
     60   3.14    16.91      17.40  0.9802     0.9833  0.0198     0.0167     0.5445         0.5651
     61   3.16    18.05      18.77  0.9832     0.9845  0.0168     0.0155     0.5378         0.5496
     62   3.13    16.54      17.08  0.9800     0.9833  0.0200     0.0167     0.5249         0.5440
     63   3.15    17.00      17.53  0.9831     0.9844  0.0169     0.0156     0.5414         0.5612
     64   3.14    16.75      16.85  0.9802     0.9829  0.0198     0.0171     0.5036         0.5260
     65   3.15    17.54      17.77  0.9829     0.9850  0.0171     0.0150     0.5409         0.5521
     66   3.16    16.25      16.54  0.9844     0.9856  0.0156     0.0144     0.5583         0.5729
     67   3.15    16.46      16.71  0.9838     0.9855  0.0162     0.0145     0.5462         0.5648
     68   3.14    19.77      18.44  0.9829     0.9840  0.0171     0.0160     0.4433         0.4512
     69   3.15    16.47      16.63  0.9826     0.9844  0.0174     0.0156     0.5123         0.5274
     70   3.10    17.70      16.99  0.9793     0.9808  0.0207     0.0192     0.4654         0.4764
     71   3.14    17.30      17.74  0.9827     0.9830  0.0173     0.0170     0.5358         0.5449
     72   3.16    20.87      19.30  0.9841     0.9851  0.0159     0.0149     0.4854         0.4925
     73   3.12    16.32      16.40  0.9811     0.9831  0.0189     0.0169     0.4984         0.5077
     74   3.15    16.48      17.04  0.9843     0.9847  0.0157     0.0153     0.4717         0.4805
     75   3.16    15.85      15.71  0.9842     0.9866  0.0158     0.0134     0.4871         0.5035
     76   3.17    15.56      15.74  0.9854     0.9867  0.0146     0.0133     0.5155         0.5322
     77   3.16    15.27      15.98  0.9844     0.9856  0.0156     0.0144     0.5098         0.5209
     78   3.16    15.40      15.64  0.9844     0.9858  0.0156     0.0142     0.4892         0.5035
     79   3.15    15.01      15.62  0.9838     0.9856  0.0162     0.0144     0.4608         0.4739
     80   3.17    14.88      15.77  0.9853     0.9863  0.0147     0.0137     0.5007         0.5098
     81   3.15    16.15      16.04  0.9848     0.9858  0.0152     0.0142     0.4746         0.4849
     82   3.12    15.72      16.41  0.9806     0.9829  0.0194     0.0171     0.4818         0.4921
     83   3.15    14.46      15.42  0.9834     0.9849  0.0166     0.0151     0.4726         0.4874
     84   3.16    16.44      16.19  0.9850     0.9854  0.0150     0.0146     0.4644         0.4699
     85   3.16    13.98      15.08  0.9840     0.9864  0.0160     0.0136     0.4914         0.5061
     86   3.15    14.63      15.23  0.9845     0.9863  0.0155     0.0137     0.4410         0.4541
     87   3.13    15.27      15.05  0.9821     0.9844  0.0179     0.0156     0.3781         0.3907
     88   3.16    14.90      15.40  0.9842     0.9859  0.0158     0.0141     0.4491         0.4590
     89   3.15    15.80      15.96  0.9848     0.9858  0.0152     0.0142     0.4244         0.4304
     90   3.14    14.38      14.95  0.9824     0.9848  0.0176     0.0152     0.4703         0.4789
     91   3.13    15.43      15.55  0.9825     0.9835  0.0175     0.0165     0.4357         0.4420
     92   3.15    13.92      14.84  0.9840     0.9858  0.0160     0.0142     0.4779         0.4921
     93   3.15    14.92      15.68  0.9846     0.9864  0.0154     0.0136     0.3946         0.4017
     94   3.16    14.28      14.96  0.9858     0.9868  0.0142     0.0132     0.4133         0.4217
     95   3.14    14.38      15.50  0.9842     0.9853  0.0158     0.0147     0.3917         0.4000
     96   3.14    14.75      15.47  0.9843     0.9852  0.0157     0.0148     0.4036         0.4105
     97   3.14    13.66      14.77  0.9823     0.9848  0.0177     0.0152     0.4534         0.4581
     98   3.14    14.35      14.85  0.9839     0.9852  0.0161     0.0148     0.4187         0.4292
     99   3.11    13.45      14.39  0.9823     0.9833  0.0177     0.0167     0.4321         0.4416
    100   3.14    14.23      15.04  0.9834     0.9856  0.0166     0.0144     0.4344         0.4445
    101   3.16    13.65      14.62  0.9852     0.9862  0.0148     0.0138     0.4229         0.4335
    102   3.13    12.91      14.35  0.9827     0.9840  0.0173     0.0160     0.4331         0.4432
    103   3.15    14.67      15.29  0.9856     0.9864  0.0144     0.0136     0.3991         0.4073
    104   3.15    14.96      15.39  0.9857     0.9867  0.0143     0.0133     0.3921         0.3957
    105   3.14    13.40      14.62  0.9840     0.9852  0.0160     0.0148     0.3951         0.4034
    106   3.16    14.83      15.58  0.9849     0.9855  0.0151     0.0145     0.3819         0.3868
    107   3.15    13.14      14.34  0.9840     0.9866  0.0160     0.0134     0.4222         0.4281
    108   3.16    14.08      15.11  0.9849     0.9867  0.0151     0.0133     0.3921         0.3992
    109   3.16    13.09      14.29  0.9834     0.9865  0.0166     0.0135     0.4219         0.4284
    110   3.16    13.09      14.41  0.9846     0.9867  0.0154     0.0133     0.4297         0.4377
    111   3.13    12.77      14.44  0.9815     0.9841  0.0185     0.0159     0.4287         0.4389
    112   3.15    12.98      14.23  0.9837     0.9854  0.0163     0.0146     0.4624         0.4694
    113   3.15    13.26      14.59  0.9841     0.9863  0.0159     0.0137     0.4342         0.4420
    114   3.16    12.64      14.42  0.9842     0.9863  0.0158     0.0137     0.4034         0.4122
    115   3.16    12.70      13.95  0.9836     0.9866  0.0164     0.0134     0.3936         0.4014
    116   3.14    12.91      14.35  0.9829     0.9853  0.0171     0.0147     0.3858         0.3934
    117   3.13    12.88      14.24  0.9828     0.9846  0.0172     0.0154     0.4024         0.4070
    118   3.15    14.38      14.83  0.9849     0.9860  0.0151     0.0140     0.3566         0.3605
    119   3.16    12.74      14.30  0.9849     0.9866  0.0151     0.0134     0.3946         0.4038
    120   3.16    13.10      14.37  0.9857     0.9866  0.0143     0.0134     0.3813         0.3865
    121   3.16    12.32      13.90  0.9862     0.9874  0.0138     0.0126     0.4200         0.4310
    122   3.16    12.00      14.06  0.9850     0.9871  0.0150     0.0129     0.4599         0.4681
    123   3.16    13.69      14.50  0.9860     0.9873  0.0140     0.0127     0.3752         0.3813
    124   3.17    12.84      13.98  0.9843     0.9858  0.0157     0.0142     0.3878         0.3961
    125   3.14    12.26      13.74  0.9836     0.9870  0.0164     0.0130     0.4093         0.4176
    126   3.16    12.70      14.60  0.9847     0.9867  0.0153     0.0133     0.3654         0.3710
    127   3.15    12.59      13.76  0.9829     0.9852  0.0171     0.0148     0.3576         0.3651
    128   3.16    13.23      14.70  0.9861     0.9866  0.0139     0.0134     0.3635         0.3692
    129   3.16    12.74      13.74  0.9841     0.9862  0.0159     0.0138     0.3697         0.3760
    130   3.16    12.11      13.88  0.9843     0.9870  0.0157     0.0130     0.3868         0.3942
    131   3.14    14.24      14.36  0.9849     0.9856  0.0151     0.0144     0.3647         0.3718
    132   3.16    13.18      14.07  0.9837     0.9868  0.0163     0.0132     0.3503         0.3548
    133   3.17    11.90      13.73  0.9859     0.9879  0.0141     0.0121     0.4068         0.4136
    134   3.17    13.43      13.98  0.9859     0.9876  0.0141     0.0124     0.3614         0.3696
    135   3.16    12.46      13.75  0.9850     0.9865  0.0150     0.0135     0.3667         0.3732
    136   3.15    13.08      14.09  0.9843     0.9860  0.0157     0.0140     0.3715         0.3774
    137   3.16    13.13      14.17  0.9842     0.9870  0.0158     0.0130     0.3404         0.3469
    138   3.16    12.92      13.98  0.9835     0.9853  0.0165     0.0147     0.3430         0.3464
    139   3.14    11.94      13.91  0.9834     0.9867  0.0166     0.0133     0.3798         0.3874
    140   3.16    12.97      14.03  0.9846     0.9868  0.0154     0.0132     0.3380         0.3442
    141   3.16    11.94      13.56  0.9838     0.9866  0.0162     0.0134     0.3644         0.3742
    142   3.15    12.15      13.87  0.9853     0.9865  0.0147     0.0135     0.3610         0.3655
    143   3.16    12.63      14.27  0.9839     0.9858  0.0161     0.0142     0.3527         0.3605
    144   3.15    11.98      13.66  0.9837     0.9868  0.0163     0.0132     0.4022         0.4095
    145   3.15    12.47      13.51  0.9845     0.9853  0.0155     0.0147     0.3713         0.3801
    146   3.15    12.11      13.37  0.9842     0.9858  0.0158     0.0142     0.3638         0.3696
    147   3.15    12.31      13.99  0.9845     0.9862  0.0155     0.0138     0.3639         0.3690
    148   3.15    12.48      13.96  0.9835     0.9854  0.0165     0.0146     0.3639         0.3714
    149   3.15    12.69      14.09  0.9849     0.9862  0.0151     0.0138     0.3618         0.3676
    150   3.15    11.72      13.39  0.9844     0.9851  0.0156     0.0149     0.3728         0.3797
    151   3.15    11.93      13.69  0.9837     0.9859  0.0163     0.0141     0.3642         0.3719
    152   3.17    11.86      13.46  0.9853     0.9864  0.0147     0.0136     0.3530         0.3598
    153   3.15    12.17      13.70  0.9853     0.9863  0.0147     0.0137     0.3350         0.3416
    154   3.16    12.32      13.66  0.9851     0.9870  0.0149     0.0130     0.3511         0.3580
    155   3.17    12.97      14.43  0.9858     0.9865  0.0142     0.0135     0.3196         0.3296
    156   3.16    12.38      13.61  0.9852     0.9858  0.0148     0.0142     0.3391         0.3472
    157   3.14    11.45      13.46  0.9836     0.9858  0.0164     0.0142     0.3842         0.3955
    158   3.16    12.14      13.45  0.9839     0.9860  0.0161     0.0140     0.3640         0.3718
    159   3.14    11.82      13.46  0.9857     0.9867  0.0143     0.0133     0.3964         0.4040
    160   3.15    12.14      13.39  0.9844     0.9858  0.0156     0.0142     0.3661         0.3728
    161   3.15    11.91      13.56  0.9838     0.9853  0.0162     0.0147     0.3486         0.3573
    162   3.16    11.63      13.58  0.9865     0.9872  0.0135     0.0128     0.3800         0.3895
    163   3.16    11.70      13.37  0.9847     0.9866  0.0153     0.0134     0.3814         0.3901
    164   3.16    11.66      13.41  0.9843     0.9872  0.0157     0.0128     0.3696         0.3787
    165   3.16    11.78      13.21  0.9839     0.9866  0.0161     0.0134     0.3890         0.3963
    166   3.15    11.82      13.50  0.9845     0.9869  0.0155     0.0131     0.3553         0.3622
    167   3.16    11.88      13.43  0.9845     0.9869  0.0155     0.0131     0.3350         0.3396
    168   3.15    11.46      13.49  0.9826     0.9861  0.0174     0.0139     0.3512         0.3598
    169   3.17    12.22      13.86  0.9861     0.9871  0.0139     0.0129     0.3568         0.3634
    170   3.15    11.81      13.49  0.9840     0.9862  0.0160     0.0138     0.3694         0.3764
    171   3.15    13.01      14.20  0.9855     0.9866  0.0145     0.0134     0.3468         0.3524
    172   3.15    11.54      13.43  0.9853     0.9863  0.0147     0.0137     0.3765         0.3827
    173   3.15    11.98      13.53  0.9846     0.9859  0.0154     0.0141     0.3590         0.3636
    174   3.16    11.96      13.88  0.9856     0.9869  0.0144     0.0131     0.3526         0.3593
    175   3.15    11.26      13.16  0.9840     0.9869  0.0160     0.0131     0.3746         0.3827
    176   3.15    12.38      13.66  0.9843     0.9869  0.0157     0.0131     0.3348         0.3415
    177   3.14    11.71      13.40  0.9846     0.9860  0.0154     0.0140     0.3449         0.3507
    178   3.15    11.55      13.17  0.9841     0.9870  0.0159     0.0130     0.3459         0.3543
    179   3.16    11.96      13.60  0.9856     0.9872  0.0144     0.0128     0.3331         0.3401
    180   3.16    11.32      13.37  0.9849     0.9870  0.0151     0.0130     0.3551         0.3640
    181   3.15    11.73      13.48  0.9846     0.9867  0.0154     0.0133     0.3364         0.3418
    182   3.15    11.44      13.21  0.9850     0.9863  0.0150     0.0137     0.3691         0.3779
    183   3.14    11.43      13.32  0.9849     0.9864  0.0151     0.0136     0.3732         0.3813
    184   3.16    11.26      13.39  0.9849     0.9874  0.0151     0.0126     0.3790         0.3861
    185   3.16    11.19      13.23  0.9839     0.9865  0.0161     0.0135     0.3937         0.4039
    186   3.15    11.59      13.30  0.9844     0.9864  0.0156     0.0136     0.3713         0.3817
    187   3.15    11.66      13.45  0.9849     0.9861  0.0151     0.0139     0.3566         0.3639
    188   3.16    12.15      13.67  0.9858     0.9866  0.0142     0.0134     0.3599         0.3664
    189   3.15    11.23      13.11  0.9826     0.9854  0.0174     0.0146     0.3889         0.3991
    190   3.14    11.75      13.35  0.9847     0.9869  0.0153     0.0131     0.3438         0.3503
    191   3.16    11.40      13.10  0.9855     0.9867  0.0145     0.0133     0.3642         0.3705
    192   3.15    11.43      13.17  0.9846     0.9863  0.0154     0.0137     0.3536         0.3618
    193   3.15    11.40      13.33  0.9838     0.9863  0.0162     0.0137     0.3462         0.3541
    194   3.16    11.36      13.06  0.9847     0.9862  0.0153     0.0138     0.3491         0.3584
    195   3.16    11.74      13.29  0.9843     0.9862  0.0157     0.0138     0.3466         0.3548
    196   3.16    11.42      13.43  0.9851     0.9872  0.0149     0.0128     0.3592         0.3682
    197   3.15    11.47      13.26  0.9853     0.9870  0.0147     0.0130     0.3703         0.3783
    198   3.15    11.72      13.29  0.9840     0.9870  0.0160     0.0130     0.3541         0.3625
    199   3.15    11.70      13.53  0.9846     0.9864  0.0154     0.0136     0.3654         0.3730
    200   3.14    11.43      13.28  0.9850     0.9855  0.0150     0.0145     0.3760         0.3854
The log/output/model have been saved to: ./logs/new_train.py-multi_zetas{'num_epochs': 200, 'use_stoch': [False, True, True], 'betas': None}-pcp-04-04-00:11 + .csv/.out/.cpt
