  epoch    IZY    IXZ_1    IZ_1Z_2     acc    avg_acc     err    avg_err    adv_acc    avg_adv_acc
-------  -----  -------  ---------  ------  ---------  ------  ---------  ---------  -------------
      1   3.01   105.78      64.30  0.9353     0.9458  0.0647     0.0542     0.0481         0.0500
      2   3.09    74.56      56.94  0.9531     0.9585  0.0469     0.0415     0.0613         0.0702
      3   3.15    68.30      50.06  0.9665     0.9702  0.0335     0.0298     0.0626         0.0681
      4   3.11    55.88      48.61  0.9608     0.9651  0.0392     0.0349     0.0786         0.0904
      5   3.16    48.60      44.67  0.9704     0.9735  0.0296     0.0265     0.0902         0.1044
      6   3.15    41.09      41.76  0.9709     0.9765  0.0291     0.0235     0.1470         0.1819
      7   3.17    39.35      38.89  0.9737     0.9756  0.0263     0.0244     0.1777         0.2060
      8   3.16    42.25      38.07  0.9726     0.9754  0.0274     0.0246     0.2191         0.2456
      9   3.18    36.30      36.01  0.9744     0.9770  0.0256     0.0230     0.2464         0.2801
     10   3.14    38.71      35.13  0.9716     0.9739  0.0284     0.0261     0.2583         0.2870
     11   3.16    35.89      35.03  0.9743     0.9766  0.0257     0.0234     0.3103         0.3422
     12   3.14    30.25      35.46  0.9711     0.9771  0.0289     0.0229     0.3546         0.4208
     13   3.17    31.76      32.38  0.9761     0.9794  0.0239     0.0206     0.3978         0.4381
     14   3.15    29.01      30.72  0.9747     0.9783  0.0253     0.0217     0.4170         0.4635
     15   3.14    29.90      30.68  0.9723     0.9775  0.0277     0.0225     0.4296         0.4908
     16   3.14    30.78      30.24  0.9731     0.9768  0.0269     0.0232     0.4289         0.4755
     17   3.19    29.11      29.52  0.9803     0.9816  0.0197     0.0184     0.4868         0.5279
     18   3.18    47.74      47.00  0.9803     0.9804  0.0197     0.0196     0.5057         0.5088
     19   3.15    35.11      31.82  0.9764     0.9768  0.0236     0.0232     0.5385         0.5548
     20   3.18    29.84      29.78  0.9819     0.9828  0.0181     0.0172     0.5707         0.5953
     21   3.15    26.95      31.41  0.9737     0.9798  0.0263     0.0202     0.5118         0.5833
     22   3.19    26.79      26.39  0.9815     0.9839  0.0185     0.0161     0.5744         0.6046
     23   3.15    26.97      26.91  0.9761     0.9787  0.0239     0.0213     0.5283         0.5661
     24   3.17    25.41      25.89  0.9803     0.9823  0.0197     0.0177     0.5645         0.6056
     25   3.14    26.36      25.05  0.9775     0.9786  0.0225     0.0214     0.5572         0.5965
     26   3.16    23.88      24.83  0.9802     0.9830  0.0198     0.0170     0.5996         0.6424
     27   3.14    24.49      25.09  0.9774     0.9787  0.0226     0.0213     0.5188         0.5516
     28   3.17    21.84      22.90  0.9805     0.9826  0.0195     0.0174     0.6107         0.6613
     29   3.09    27.47      25.62  0.9728     0.9732  0.0272     0.0268     0.5523         0.5733
     30   3.15    22.31      22.83  0.9790     0.9830  0.0210     0.0170     0.5952         0.6461
     31   3.17    25.03      24.25  0.9815     0.9838  0.0185     0.0162     0.5969         0.6173
     32   3.14    21.74      21.73  0.9775     0.9814  0.0225     0.0186     0.6284         0.6712
     33   3.15    23.46      23.33  0.9801     0.9819  0.0199     0.0181     0.6208         0.6515
     34   3.19    24.94      23.84  0.9846     0.9842  0.0154     0.0158     0.6570         0.6799
     35   3.13    20.34      20.66  0.9786     0.9812  0.0214     0.0188     0.5940         0.6387
     36   3.18    28.07      26.48  0.9843     0.9840  0.0157     0.0160     0.5922         0.6053
     37   3.16    24.77      23.70  0.9813     0.9818  0.0187     0.0182     0.6303         0.6436
     38   3.15    19.60      20.23  0.9801     0.9835  0.0199     0.0165     0.6282         0.6614
     39   3.14    18.79      19.96  0.9796     0.9826  0.0204     0.0174     0.6076         0.6438
     40   3.08    20.73      20.67  0.9735     0.9776  0.0265     0.0224     0.5385         0.5704
     41   3.17    21.84      21.00  0.9825     0.9842  0.0175     0.0158     0.6101         0.6299
     42   3.17    20.90      21.43  0.9824     0.9843  0.0176     0.0157     0.6603         0.6765
     43   3.15    20.27      19.64  0.9801     0.9831  0.0199     0.0169     0.6046         0.6271
     44   3.15    19.19      19.19  0.9805     0.9840  0.0195     0.0160     0.6065         0.6344
     45   3.16    19.06      19.22  0.9810     0.9832  0.0190     0.0168     0.5825         0.6046
     46   3.11    20.22      20.27  0.9783     0.9803  0.0217     0.0197     0.5559         0.5760
     47   3.15    18.22      18.46  0.9812     0.9836  0.0188     0.0164     0.5956         0.6201
     48   3.12    19.70      19.21  0.9798     0.9815  0.0202     0.0185     0.5397         0.5544
     49   3.13    17.17      18.23  0.9796     0.9836  0.0204     0.0164     0.6065         0.6390
     50   3.14    17.51      18.51  0.9785     0.9844  0.0215     0.0156     0.5860         0.6274
     51   3.14    18.00      18.61  0.9796     0.9820  0.0204     0.0180     0.5462         0.5653
     52   3.15    18.64      18.24  0.9824     0.9843  0.0176     0.0157     0.5876         0.6061
     53   3.12    21.14      20.38  0.9792     0.9796  0.0208     0.0204     0.5198         0.5278
     54   3.14    16.78      17.10  0.9805     0.9837  0.0195     0.0163     0.5772         0.6004
     55   3.15    17.73      18.05  0.9823     0.9836  0.0177     0.0164     0.5725         0.5880
     56   3.13    17.51      17.82  0.9817     0.9819  0.0183     0.0181     0.5740         0.5888
     57   3.15    16.23      17.23  0.9822     0.9843  0.0178     0.0157     0.5929         0.6140
     58   3.15    17.52      17.71  0.9811     0.9838  0.0189     0.0162     0.4862         0.5001
     59   3.17    17.48      18.22  0.9840     0.9853  0.0160     0.0147     0.5604         0.5698
     60   3.15    19.18      18.84  0.9819     0.9828  0.0181     0.0172     0.4970         0.5040
     61   3.16    17.49      17.48  0.9840     0.9850  0.0160     0.0150     0.5223         0.5318
     62   3.12    18.14      17.40  0.9801     0.9811  0.0199     0.0189     0.4609         0.4711
     63   3.16    17.59      17.75  0.9837     0.9847  0.0163     0.0153     0.5526         0.5625
     64   3.18    17.86      18.05  0.9856     0.9870  0.0144     0.0130     0.5471         0.5574
     65   3.15    15.57      16.60  0.9830     0.9840  0.0170     0.0160     0.5545         0.5669
     66   3.16    15.53      16.74  0.9823     0.9845  0.0177     0.0155     0.5496         0.5632
     67   3.12    15.25      16.38  0.9810     0.9825  0.0190     0.0175     0.5339         0.5482
     68   3.10    16.46      16.85  0.9786     0.9808  0.0214     0.0192     0.4735         0.4863
     69   3.15    17.64      16.90  0.9828     0.9844  0.0172     0.0156     0.4646         0.4726
     70   3.16    15.78      16.26  0.9831     0.9847  0.0169     0.0153     0.4984         0.5066
     71   3.17    19.09      18.98  0.9848     0.9860  0.0152     0.0140     0.4533         0.4579
     72   3.16    16.10      15.91  0.9841     0.9858  0.0159     0.0142     0.3997         0.4082
     73   3.16    14.79      16.06  0.9852     0.9856  0.0148     0.0144     0.4312         0.4399
     74   3.14    15.87      16.69  0.9831     0.9836  0.0169     0.0164     0.4231         0.4290
     75   3.17    16.91      17.60  0.9858     0.9861  0.0142     0.0139     0.4158         0.4237
     76   3.16    14.35      15.85  0.9831     0.9860  0.0169     0.0140     0.4655         0.4726
     77   3.16    13.75      15.20  0.9840     0.9857  0.0160     0.0143     0.4689         0.4812
     78   3.16    16.54      16.72  0.9844     0.9851  0.0156     0.0149     0.3617         0.3672
     79   3.11    14.79      15.34  0.9788     0.9820  0.0212     0.0180     0.4519         0.4624
     80   3.15    13.86      15.23  0.9827     0.9852  0.0173     0.0148     0.4584         0.4663
     81   3.16    14.98      16.03  0.9840     0.9861  0.0160     0.0139     0.3836         0.3895
     82   3.14    13.80      14.80  0.9823     0.9860  0.0177     0.0140     0.4468         0.4582
     83   3.18    15.99      17.31  0.9861     0.9872  0.0139     0.0128     0.3401         0.3454
     84   3.16    12.79      14.70  0.9837     0.9861  0.0163     0.0139     0.4257         0.4355
     85   3.15    16.13      16.23  0.9850     0.9853  0.0150     0.0147     0.3401         0.3475
     86   3.14    13.74      15.03  0.9817     0.9850  0.0183     0.0150     0.4130         0.4237
     87   3.14    13.90      15.45  0.9823     0.9847  0.0177     0.0153     0.4086         0.4145
     88   3.15    17.58      17.76  0.9842     0.9849  0.0158     0.0151     0.3914         0.3933
     89   3.14    13.27      14.79  0.9835     0.9852  0.0165     0.0148     0.4700         0.4764
     90   3.15    16.27      17.19  0.9846     0.9854  0.0154     0.0146     0.3839         0.3870
     91   3.16    14.24      15.58  0.9851     0.9863  0.0149     0.0137     0.3638         0.3710
     92   3.12    14.63      15.81  0.9816     0.9831  0.0184     0.0169     0.3754         0.3776
     93   3.13    13.52      14.83  0.9823     0.9838  0.0177     0.0162     0.3446         0.3517
     94   3.16    13.83      15.20  0.9843     0.9860  0.0157     0.0140     0.3491         0.3542
     95   3.14    12.95      14.62  0.9836     0.9853  0.0164     0.0147     0.4039         0.4093
     96   3.15    13.67      15.27  0.9831     0.9852  0.0169     0.0148     0.3828         0.3872
     97   3.15    12.77      14.64  0.9826     0.9852  0.0174     0.0148     0.3857         0.3944
     98   3.14    12.56      14.42  0.9832     0.9867  0.0168     0.0133     0.3949         0.4028
     99   3.16    14.10      15.07  0.9841     0.9856  0.0159     0.0144     0.4106         0.4168
    100   3.13    13.08      14.66  0.9821     0.9841  0.0179     0.0159     0.3921         0.3975
    101   3.16    12.81      14.37  0.9838     0.9859  0.0162     0.0141     0.4355         0.4444
    102   3.16    13.34      14.81  0.9847     0.9857  0.0153     0.0143     0.3697         0.3733
    103   3.15    12.31      14.29  0.9824     0.9861  0.0176     0.0139     0.4370         0.4437
    104   3.13    12.59      14.56  0.9829     0.9843  0.0171     0.0157     0.4142         0.4200
    105   3.14    12.82      14.44  0.9828     0.9851  0.0172     0.0149     0.4123         0.4198
    106   3.13    12.49      14.19  0.9827     0.9847  0.0173     0.0153     0.4073         0.4160
    107   3.15    12.36      14.08  0.9843     0.9861  0.0157     0.0139     0.4074         0.4159
    108   3.14    13.72      14.94  0.9852     0.9857  0.0148     0.0143     0.3599         0.3617
    109   3.14    12.24      13.89  0.9828     0.9856  0.0172     0.0144     0.4093         0.4164
    110   3.14    12.52      14.18  0.9828     0.9846  0.0172     0.0154     0.4106         0.4165
    111   3.13    12.29      14.18  0.9821     0.9850  0.0179     0.0150     0.4259         0.4341
    112   3.15    15.61      15.84  0.9843     0.9854  0.0157     0.0146     0.3431         0.3447
    113   3.15    12.55      14.03  0.9840     0.9853  0.0160     0.0147     0.3977         0.4072
    114   3.14    12.73      14.28  0.9822     0.9851  0.0178     0.0149     0.4028         0.4101
    115   3.15    12.38      14.14  0.9848     0.9863  0.0152     0.0137     0.4518         0.4599
    116   3.15    11.95      13.99  0.9842     0.9862  0.0158     0.0138     0.4441         0.4504
    117   3.14    12.74      14.37  0.9836     0.9844  0.0164     0.0156     0.3814         0.3863
    118   3.14    11.81      14.24  0.9842     0.9854  0.0158     0.0146     0.4486         0.4555
    119   3.15    12.21      13.96  0.9837     0.9857  0.0163     0.0143     0.4178         0.4236
    120   3.13    12.08      13.84  0.9840     0.9853  0.0160     0.0147     0.4258         0.4313
    121   3.15    12.41      14.28  0.9836     0.9855  0.0164     0.0145     0.3808         0.3900
    122   3.14    11.56      13.66  0.9830     0.9845  0.0170     0.0155     0.4168         0.4205
    123   3.14    11.81      13.58  0.9831     0.9856  0.0169     0.0144     0.3824         0.3887
    124   3.15    11.46      13.69  0.9844     0.9863  0.0156     0.0137     0.3977         0.4035
    125   3.14    11.44      13.55  0.9831     0.9860  0.0169     0.0140     0.3450         0.3511
    126   3.14    11.93      14.21  0.9835     0.9853  0.0165     0.0147     0.3495         0.3546
    127   3.16    12.01      14.06  0.9841     0.9855  0.0159     0.0145     0.3629         0.3665
    128   3.15    12.23      14.27  0.9843     0.9853  0.0157     0.0147     0.3705         0.3746
    129   3.15    11.71      13.65  0.9839     0.9860  0.0161     0.0140     0.3832         0.3916
    130   3.16    13.54      14.73  0.9853     0.9865  0.0147     0.0135     0.3580         0.3622
    131   3.13    12.13      13.51  0.9822     0.9847  0.0178     0.0153     0.3417         0.3483
    132   3.15    11.58      13.69  0.9836     0.9852  0.0164     0.0148     0.3721         0.3770
    133   3.13    11.56      13.70  0.9834     0.9859  0.0166     0.0141     0.3848         0.3890
    134   3.15    11.65      13.72  0.9839     0.9861  0.0161     0.0139     0.3644         0.3689
    135   3.14    11.51      13.75  0.9838     0.9851  0.0162     0.0149     0.3843         0.3943
    136   3.15    12.58      14.22  0.9849     0.9862  0.0151     0.0138     0.3462         0.3517
    137   3.15    11.58      13.54  0.9830     0.9858  0.0170     0.0142     0.3700         0.3770
    138   3.15    11.87      13.88  0.9832     0.9862  0.0168     0.0138     0.3747         0.3834
    139   3.13    11.54      13.45  0.9833     0.9852  0.0167     0.0148     0.3859         0.3921
    140   3.15    11.71      13.83  0.9834     0.9854  0.0166     0.0146     0.3552         0.3600
    141   3.14    11.31      13.60  0.9841     0.9861  0.0159     0.0139     0.3503         0.3565
    142   3.14    11.20      13.29  0.9827     0.9858  0.0173     0.0142     0.3724         0.3791
    143   3.15    11.37      13.41  0.9828     0.9855  0.0172     0.0145     0.3441         0.3518
    144   3.14    11.49      13.45  0.9838     0.9853  0.0162     0.0147     0.3355         0.3423
    145   3.13    11.55      13.67  0.9830     0.9852  0.0170     0.0148     0.3416         0.3490
    146   3.16    12.05      13.78  0.9859     0.9862  0.0141     0.0138     0.3339         0.3384
    147   3.15    11.51      13.79  0.9845     0.9856  0.0155     0.0144     0.3439         0.3495
    148   3.14    11.23      13.51  0.9842     0.9850  0.0158     0.0150     0.3746         0.3825
    149   3.14    11.21      13.59  0.9843     0.9858  0.0157     0.0142     0.3618         0.3673
    150   3.14    10.95      13.08  0.9837     0.9859  0.0163     0.0141     0.3677         0.3740
    151   3.15    12.97      14.93  0.9852     0.9862  0.0148     0.0138     0.2940         0.2966
    152   3.14    12.24      13.75  0.9840     0.9859  0.0160     0.0141     0.3168         0.3215
    153   3.16    11.90      13.91  0.9855     0.9871  0.0145     0.0129     0.3634         0.3688
    154   3.14    11.33      13.65  0.9845     0.9859  0.0155     0.0141     0.3743         0.3779
    155   3.16    11.44      13.50  0.9839     0.9863  0.0161     0.0137     0.3526         0.3610
    156   3.16    11.22      13.20  0.9850     0.9867  0.0150     0.0133     0.3590         0.3652
    157   3.15    11.40      13.74  0.9850     0.9864  0.0150     0.0136     0.3831         0.3894
    158   3.15    10.83      13.39  0.9845     0.9861  0.0155     0.0139     0.3894         0.3967
    159   3.15    11.15      13.39  0.9847     0.9871  0.0153     0.0129     0.3589         0.3663
    160   3.15    11.39      13.35  0.9836     0.9860  0.0164     0.0140     0.3323         0.3390
    161   3.13    10.95      13.03  0.9822     0.9839  0.0178     0.0161     0.3537         0.3606
    162   3.15    11.81      13.69  0.9848     0.9861  0.0152     0.0139     0.3347         0.3400
    163   3.15    11.00      13.25  0.9838     0.9852  0.0162     0.0148     0.3508         0.3597
    164   3.15    11.17      13.39  0.9833     0.9848  0.0167     0.0152     0.3392         0.3441
    165   3.15    10.74      13.22  0.9844     0.9865  0.0156     0.0135     0.3851         0.3923
    166   3.16    11.95      14.11  0.9849     0.9862  0.0151     0.0138     0.3390         0.3433
    167   3.15    11.55      13.80  0.9846     0.9869  0.0154     0.0131     0.3352         0.3399
    168   3.15    10.68      13.00  0.9845     0.9861  0.0155     0.0139     0.3542         0.3622
    169   3.15    11.01      13.30  0.9843     0.9869  0.0157     0.0131     0.3543         0.3611
    170   3.14    11.05      13.37  0.9849     0.9860  0.0151     0.0140     0.3418         0.3471
    171   3.15    11.12      13.46  0.9848     0.9854  0.0152     0.0146     0.3492         0.3543
    172   3.15    10.96      13.61  0.9840     0.9860  0.0160     0.0140     0.3370         0.3426
    173   3.15    10.85      13.16  0.9843     0.9863  0.0157     0.0137     0.3529         0.3609
    174   3.14    10.95      13.24  0.9834     0.9861  0.0166     0.0139     0.3470         0.3563
    175   3.15    11.10      13.41  0.9839     0.9852  0.0161     0.0148     0.3506         0.3544
    176   3.14    10.82      13.30  0.9841     0.9858  0.0159     0.0142     0.3503         0.3565
    177   3.15    10.96      13.39  0.9848     0.9866  0.0152     0.0134     0.3380         0.3458
    178   3.15    10.75      13.24  0.9843     0.9865  0.0157     0.0135     0.3516         0.3586
    179   3.15    11.26      13.36  0.9837     0.9866  0.0163     0.0134     0.3552         0.3572
    180   3.14    10.85      13.29  0.9844     0.9862  0.0156     0.0138     0.3544         0.3645
    181   3.15    11.58      13.33  0.9847     0.9859  0.0153     0.0141     0.3151         0.3203
    182   3.16    10.86      13.00  0.9843     0.9861  0.0157     0.0139     0.3320         0.3352
    183   3.15    11.51      13.55  0.9849     0.9858  0.0151     0.0142     0.3110         0.3186
    184   3.15    10.56      13.00  0.9834     0.9861  0.0166     0.0139     0.3545         0.3608
    185   3.13    10.87      13.36  0.9828     0.9858  0.0172     0.0142     0.3396         0.3499
    186   3.16    11.06      13.32  0.9836     0.9856  0.0164     0.0144     0.3342         0.3416
    187   3.13    10.80      13.31  0.9824     0.9849  0.0176     0.0151     0.3604         0.3694
    188   3.15    10.52      13.15  0.9835     0.9846  0.0165     0.0154     0.3767         0.3854
    189   3.13    10.85      13.37  0.9825     0.9855  0.0175     0.0145     0.3532         0.3617
    190   3.14    10.68      12.94  0.9833     0.9859  0.0167     0.0141     0.3601         0.3682
    191   3.14    10.63      13.01  0.9835     0.9856  0.0165     0.0144     0.3568         0.3672
    192   3.14    10.61      13.08  0.9839     0.9851  0.0161     0.0149     0.3543         0.3641
    193   3.13    10.71      13.38  0.9825     0.9861  0.0175     0.0139     0.3457         0.3552
    194   3.14    10.76      13.19  0.9835     0.9851  0.0165     0.0149     0.3453         0.3521
    195   3.14    11.16      13.37  0.9841     0.9860  0.0159     0.0140     0.3315         0.3412
    196   3.14    10.72      13.09  0.9836     0.9856  0.0164     0.0144     0.3524         0.3602
    197   3.14    10.53      12.88  0.9828     0.9858  0.0172     0.0142     0.3683         0.3750
    198   3.14    10.56      13.09  0.9849     0.9855  0.0151     0.0145     0.3540         0.3635
    199   3.15    10.48      13.05  0.9833     0.9861  0.0167     0.0139     0.3664         0.3775
    200   3.14    10.56      13.07  0.9834     0.9860  0.0166     0.0140     0.3650         0.3735
The log/output/model have been saved to: ./logs/new_train.py-multi_zetas{'num_epochs': 200, 'use_stoch': [False, True, True], 'betas': None}-qdx-04-04-02:48 + .csv/.out/.cpt
