  epoch    IZY    IXZ_1     acc    avg_acc     err    avg_err    adv_acc    avg_adv_acc
-------  -----  -------  ------  ---------  ------  ---------  ---------  -------------
      1   3.09    51.18  0.9524     0.9569  0.0476     0.0431     0.0258         0.0254
      2   3.15    39.41  0.9641     0.9686  0.0359     0.0314     0.0270         0.0275
      3   3.17    36.38  0.9700     0.9724  0.0300     0.0276     0.0344         0.0336
      4   3.19    30.34  0.9743     0.9752  0.0257     0.0248     0.0588         0.0616
      5   3.15    30.48  0.9653     0.9687  0.0347     0.0313     0.0703         0.0737
      6   3.20    27.23  0.9780     0.9803  0.0220     0.0197     0.0948         0.0998
      7   3.20    26.53  0.9782     0.9794  0.0218     0.0206     0.1260         0.1307
      8   3.18    26.01  0.9753     0.9775  0.0247     0.0225     0.1280         0.1336
      9   3.17    24.83  0.9741     0.9759  0.0259     0.0241     0.1631         0.1674
     10   3.21    23.62  0.9812     0.9827  0.0188     0.0173     0.1867         0.1927
     11   3.18    23.62  0.9758     0.9783  0.0242     0.0217     0.2206         0.2281
     12   3.19    29.95  0.9787     0.9790  0.0213     0.0210     0.2479         0.2532
     13   3.20    22.39  0.9804     0.9821  0.0196     0.0179     0.2802         0.2949
     14   3.16    23.49  0.9746     0.9767  0.0254     0.0233     0.2990         0.3132
     15   3.21    21.71  0.9834     0.9824  0.0166     0.0176     0.3265         0.3404
     16   3.18    22.90  0.9788     0.9795  0.0212     0.0205     0.3151         0.3259
     17   3.17    20.51  0.9763     0.9778  0.0237     0.0222     0.2972         0.3044
     18   3.19    21.91  0.9811     0.9802  0.0189     0.0198     0.3374         0.3482
     19   3.19    19.73  0.9809     0.9828  0.0191     0.0172     0.3316         0.3444
     20   3.20    23.67  0.9822     0.9826  0.0178     0.0174     0.3872         0.3911
     21   3.21    21.83  0.9840     0.9842  0.0160     0.0158     0.3553         0.3623
     22   3.19    20.06  0.9807     0.9821  0.0193     0.0179     0.3241         0.3341
     23   3.20    19.68  0.9814     0.9831  0.0186     0.0169     0.3600         0.3680
     24   3.12    20.09  0.9734     0.9748  0.0266     0.0252     0.3242         0.3352
     25   3.17    18.44  0.9796     0.9812  0.0204     0.0188     0.4126         0.4258
     26   3.19    19.10  0.9829     0.9832  0.0171     0.0168     0.3788         0.3887
     27   3.18    18.58  0.9832     0.9840  0.0168     0.0160     0.4028         0.4129
     28   3.19    18.09  0.9843     0.9845  0.0157     0.0155     0.3758         0.3830
     29   3.19    18.64  0.9832     0.9838  0.0168     0.0162     0.3302         0.3397
     30   3.20    18.62  0.9832     0.9837  0.0168     0.0163     0.3568         0.3634
     31   3.20    16.92  0.9842     0.9849  0.0158     0.0151     0.3307         0.3404
     32   3.13    19.46  0.9787     0.9791  0.0213     0.0209     0.3099         0.3149
     33   3.18    17.03  0.9808     0.9820  0.0192     0.0180     0.3962         0.4005
     34   3.20    17.51  0.9844     0.9857  0.0156     0.0143     0.3745         0.3831
     35   3.19    17.38  0.9849     0.9854  0.0151     0.0146     0.3542         0.3653
     36   3.19    21.29  0.9831     0.9835  0.0169     0.0165     0.3715         0.3811
     37   3.19    16.32  0.9838     0.9853  0.0162     0.0147     0.4163         0.4253
     38   3.18    16.42  0.9834     0.9840  0.0166     0.0160     0.4327         0.4409
     39   3.19    16.27  0.9847     0.9851  0.0153     0.0149     0.3595         0.3684
     40   3.18    17.63  0.9830     0.9830  0.0170     0.0170     0.3567         0.3624
     41   3.16    16.27  0.9810     0.9818  0.0190     0.0182     0.4148         0.4260
     42   3.19    16.30  0.9844     0.9842  0.0156     0.0158     0.3959         0.4035
     43   3.19    15.78  0.9852     0.9846  0.0148     0.0154     0.3998         0.4081
     44   3.17    15.83  0.9837     0.9841  0.0163     0.0159     0.3533         0.3615
     45   3.20    15.53  0.9859     0.9861  0.0141     0.0139     0.4049         0.4125
     46   3.10    17.02  0.9746     0.9755  0.0254     0.0245     0.3251         0.3321
     47   3.16    18.42  0.9798     0.9803  0.0202     0.0197     0.3424         0.3490
     48   3.17    15.37  0.9841     0.9845  0.0159     0.0155     0.4234         0.4314
     49   3.18    17.80  0.9840     0.9835  0.0160     0.0165     0.4059         0.4112
     50   3.17    16.11  0.9836     0.9835  0.0164     0.0165     0.3586         0.3628
     51   3.19    15.10  0.9851     0.9853  0.0149     0.0147     0.3821         0.3873
     52   3.19    14.95  0.9863     0.9866  0.0137     0.0134     0.3959         0.4052
     53   3.18    17.81  0.9836     0.9847  0.0164     0.0153     0.4050         0.4110
     54   3.15    15.63  0.9803     0.9812  0.0197     0.0188     0.3774         0.3887
     55   3.17    16.07  0.9834     0.9839  0.0166     0.0161     0.4639         0.4708
     56   3.19    14.64  0.9845     0.9858  0.0155     0.0142     0.4333         0.4391
     57   3.18    15.00  0.9836     0.9839  0.0164     0.0161     0.4115         0.4190
     58   3.20    16.24  0.9852     0.9864  0.0148     0.0136     0.4154         0.4218
     59   3.21    15.32  0.9867     0.9873  0.0133     0.0127     0.4033         0.4077
     60   3.21    14.15  0.9871     0.9879  0.0129     0.0121     0.4357         0.4452
     61   3.16    16.52  0.9818     0.9819  0.0182     0.0181     0.3176         0.3223
     62   3.17    15.82  0.9833     0.9838  0.0167     0.0162     0.3611         0.3681
     63   3.19    14.51  0.9851     0.9859  0.0149     0.0141     0.3951         0.4049
     64   3.16    15.06  0.9838     0.9848  0.0162     0.0152     0.3484         0.3536
     65   3.18    14.27  0.9840     0.9839  0.0160     0.0161     0.4497         0.4518
     66   3.18    14.66  0.9842     0.9852  0.0158     0.0148     0.3846         0.3909
     67   3.18    14.11  0.9857     0.9860  0.0143     0.0140     0.4061         0.4125
     68   3.15    16.17  0.9806     0.9830  0.0194     0.0170     0.3809         0.3847
     69   3.19    14.88  0.9857     0.9864  0.0143     0.0136     0.3792         0.3874
     70   3.18    14.31  0.9847     0.9856  0.0153     0.0144     0.3960         0.3996
     71   3.16    15.28  0.9839     0.9840  0.0161     0.0160     0.3993         0.4030
     72   3.16    14.06  0.9835     0.9844  0.0165     0.0156     0.4347         0.4433
     73   3.17    14.19  0.9838     0.9851  0.0162     0.0149     0.4503         0.4565
     74   3.18    14.21  0.9852     0.9852  0.0148     0.0148     0.4571         0.4627
     75   3.19    15.84  0.9866     0.9871  0.0134     0.0129     0.4829         0.4859
     76   3.18    14.44  0.9855     0.9864  0.0145     0.0136     0.4135         0.4172
     77   3.14    16.36  0.9806     0.9805  0.0194     0.0195     0.3586         0.3609
     78   3.16    15.05  0.9837     0.9845  0.0163     0.0155     0.3371         0.3429
     79   3.17    15.63  0.9843     0.9851  0.0157     0.0149     0.3794         0.3825
     80   3.18    14.11  0.9849     0.9862  0.0151     0.0138     0.4155         0.4191
     81   3.18    13.43  0.9856     0.9864  0.0144     0.0136     0.4415         0.4477
     82   3.15    14.20  0.9830     0.9841  0.0170     0.0159     0.3939         0.4018
     83   3.18    13.73  0.9858     0.9870  0.0142     0.0130     0.4480         0.4555
     84   3.17    13.57  0.9856     0.9863  0.0144     0.0137     0.4769         0.4838
     85   3.18    13.58  0.9864     0.9862  0.0136     0.0138     0.4493         0.4518
     86   3.18    14.36  0.9862     0.9863  0.0138     0.0137     0.4255         0.4288
     87   3.19    14.67  0.9863     0.9863  0.0137     0.0137     0.4083         0.4125
     88   3.18    13.62  0.9862     0.9865  0.0138     0.0135     0.4697         0.4743
     89   3.17    14.33  0.9857     0.9860  0.0143     0.0140     0.4657         0.4715
     90   3.16    14.12  0.9836     0.9836  0.0164     0.0164     0.4503         0.4553
     91   3.17    13.29  0.9844     0.9860  0.0156     0.0140     0.5284         0.5349
     92   3.19    13.99  0.9862     0.9864  0.0138     0.0136     0.5073         0.5117
     93   3.18    13.45  0.9855     0.9862  0.0145     0.0138     0.4781         0.4814
     94   3.18    13.76  0.9860     0.9866  0.0140     0.0134     0.4345         0.4393
     95   3.18    13.23  0.9854     0.9865  0.0146     0.0135     0.3816         0.3860
     96   3.17    13.39  0.9847     0.9853  0.0153     0.0147     0.3686         0.3724
     97   3.14    13.25  0.9830     0.9835  0.0170     0.0165     0.3868         0.3906
     98   3.17    13.25  0.9848     0.9857  0.0152     0.0143     0.4015         0.4040
     99   3.18    13.84  0.9854     0.9853  0.0146     0.0147     0.3778         0.3815
    100   3.18    13.58  0.9850     0.9854  0.0150     0.0146     0.3942         0.3999
    101   3.17    13.25  0.9845     0.9864  0.0155     0.0136     0.3623         0.3652
    102   3.17    13.94  0.9851     0.9854  0.0149     0.0146     0.4105         0.4140
    103   3.17    13.32  0.9850     0.9860  0.0150     0.0140     0.4269         0.4308
    104   3.18    13.58  0.9862     0.9862  0.0138     0.0138     0.4467         0.4501
    105   3.17    13.44  0.9858     0.9869  0.0142     0.0131     0.4654         0.4681
    106   3.19    13.23  0.9863     0.9863  0.0137     0.0137     0.4629         0.4625
    107   3.18    14.95  0.9860     0.9869  0.0140     0.0131     0.4179         0.4195
    108   3.18    13.18  0.9852     0.9862  0.0148     0.0138     0.3817         0.3858
    109   3.17    12.74  0.9849     0.9860  0.0151     0.0140     0.4238         0.4248
    110   3.18    13.25  0.9859     0.9867  0.0141     0.0133     0.4063         0.4136
    111   3.16    13.82  0.9858     0.9850  0.0142     0.0150     0.4325         0.4369
    112   3.17    13.49  0.9855     0.9857  0.0145     0.0143     0.4278         0.4269
    113   3.17    13.70  0.9859     0.9865  0.0141     0.0135     0.4482         0.4505
    114   3.17    12.81  0.9849     0.9864  0.0151     0.0136     0.4722         0.4742
    115   3.18    13.34  0.9858     0.9867  0.0142     0.0133     0.4090         0.4129
    116   3.18    12.67  0.9856     0.9869  0.0144     0.0131     0.4476         0.4521
    117   3.18    12.76  0.9856     0.9871  0.0144     0.0129     0.4266         0.4305
    118   3.17    12.93  0.9856     0.9864  0.0144     0.0136     0.4310         0.4362
    119   3.17    12.96  0.9846     0.9856  0.0154     0.0144     0.4379         0.4418
    120   3.18    13.26  0.9862     0.9866  0.0138     0.0134     0.4252         0.4328
    121   3.17    13.69  0.9859     0.9865  0.0141     0.0135     0.4276         0.4345
    122   3.18    13.10  0.9865     0.9866  0.0135     0.0134     0.4404         0.4417
    123   3.16    12.85  0.9837     0.9852  0.0163     0.0148     0.4754         0.4806
    124   3.16    13.24  0.9847     0.9863  0.0153     0.0137     0.4713         0.4756
    125   3.18    14.41  0.9848     0.9862  0.0152     0.0138     0.4948         0.4977
    126   3.17    12.94  0.9855     0.9862  0.0145     0.0138     0.4911         0.4966
    127   3.17    12.97  0.9857     0.9861  0.0143     0.0139     0.4774         0.4797
    128   3.16    12.93  0.9849     0.9861  0.0151     0.0139     0.4638         0.4652
    129   3.17    12.71  0.9846     0.9858  0.0154     0.0142     0.4352         0.4422
    130   3.18    13.38  0.9859     0.9873  0.0141     0.0127     0.4375         0.4413
    131   3.18    12.64  0.9865     0.9873  0.0135     0.0127     0.4484         0.4529
    132   3.19    12.85  0.9868     0.9870  0.0132     0.0130     0.4435         0.4490
    133   3.17    12.69  0.9861     0.9872  0.0139     0.0128     0.4559         0.4612
    134   3.17    13.16  0.9856     0.9862  0.0144     0.0138     0.4511         0.4527
    135   3.18    13.08  0.9862     0.9866  0.0138     0.0134     0.4502         0.4511
    136   3.18    12.92  0.9856     0.9866  0.0144     0.0134     0.4584         0.4605
    137   3.18    12.80  0.9861     0.9861  0.0139     0.0139     0.4919         0.4970
    138   3.17    12.64  0.9852     0.9869  0.0148     0.0131     0.5189         0.5223
    139   3.17    12.60  0.9854     0.9864  0.0146     0.0136     0.5071         0.5115
    140   3.17    12.58  0.9849     0.9864  0.0151     0.0136     0.4887         0.4925
    141   3.17    12.58  0.9855     0.9870  0.0145     0.0130     0.5044         0.5104
    142   3.17    12.75  0.9861     0.9875  0.0139     0.0125     0.4871         0.4884
    143   3.17    12.55  0.9853     0.9869  0.0147     0.0131     0.4996         0.5022
    144   3.17    12.55  0.9851     0.9871  0.0149     0.0129     0.4928         0.4973
    145   3.17    12.27  0.9859     0.9875  0.0141     0.0125     0.4987         0.5055
    146   3.18    12.73  0.9870     0.9875  0.0130     0.0125     0.4823         0.4868
    147   3.18    12.87  0.9870     0.9874  0.0130     0.0126     0.5192         0.5241
    148   3.18    13.15  0.9863     0.9877  0.0137     0.0123     0.4880         0.4947
    149   3.18    12.47  0.9866     0.9874  0.0134     0.0126     0.4612         0.4667
    150   3.17    12.82  0.9861     0.9874  0.0139     0.0126     0.4739         0.4794
    151   3.18    12.38  0.9870     0.9874  0.0130     0.0126     0.4804         0.4830
    152   3.18    13.07  0.9867     0.9876  0.0133     0.0124     0.4907         0.4945
    153   3.18    12.87  0.9862     0.9876  0.0138     0.0124     0.4818         0.4829
    154   3.17    12.67  0.9852     0.9861  0.0148     0.0139     0.4912         0.4960
    155   3.17    12.66  0.9860     0.9872  0.0140     0.0128     0.4914         0.4928
    156   3.17    12.49  0.9864     0.9862  0.0136     0.0138     0.5141         0.5158
    157   3.17    12.71  0.9862     0.9877  0.0138     0.0123     0.5142         0.5206
    158   3.17    12.26  0.9866     0.9880  0.0134     0.0120     0.5229         0.5277
    159   3.17    12.52  0.9864     0.9870  0.0136     0.0130     0.5109         0.5125
    160   3.18    12.54  0.9857     0.9873  0.0143     0.0127     0.5167         0.5260
    161   3.18    12.59  0.9870     0.9872  0.0130     0.0128     0.4803         0.4816
    162   3.18    13.06  0.9867     0.9876  0.0133     0.0124     0.4943         0.5008
    163   3.18    13.08  0.9865     0.9868  0.0135     0.0132     0.5039         0.5093
    164   3.17    12.67  0.9870     0.9871  0.0130     0.0129     0.5223         0.5280
    165   3.17    12.89  0.9862     0.9864  0.0138     0.0136     0.5016         0.5078
    166   3.18    12.46  0.9866     0.9872  0.0134     0.0128     0.5312         0.5361
    167   3.17    12.69  0.9862     0.9868  0.0138     0.0132     0.5192         0.5234
    168   3.17    12.52  0.9863     0.9863  0.0137     0.0137     0.5194         0.5307
    169   3.17    12.47  0.9861     0.9872  0.0139     0.0128     0.5213         0.5278
    170   3.17    13.27  0.9863     0.9872  0.0137     0.0128     0.5229         0.5283
    171   3.17    12.58  0.9865     0.9873  0.0135     0.0127     0.5203         0.5286
    172   3.17    12.58  0.9863     0.9871  0.0137     0.0129     0.5257         0.5323
    173   3.18    12.39  0.9858     0.9869  0.0142     0.0131     0.5392         0.5443
    174   3.18    12.31  0.9874     0.9873  0.0126     0.0127     0.5426         0.5463
    175   3.18    12.62  0.9864     0.9872  0.0136     0.0128     0.5400         0.5447
    176   3.17    12.31  0.9867     0.9873  0.0133     0.0127     0.5130         0.5208
    177   3.18    12.62  0.9865     0.9877  0.0135     0.0123     0.5182         0.5242
    178   3.17    12.55  0.9868     0.9871  0.0132     0.0129     0.4971         0.5011
    179   3.17    12.62  0.9866     0.9879  0.0134     0.0121     0.5191         0.5242
    180   3.19    12.48  0.9865     0.9879  0.0135     0.0121     0.4886         0.4922
    181   3.18    12.88  0.9869     0.9879  0.0131     0.0121     0.5088         0.5120
    182   3.18    12.65  0.9870     0.9878  0.0130     0.0122     0.5154         0.5169
    183   3.18    12.44  0.9857     0.9874  0.0143     0.0126     0.5083         0.5140
    184   3.17    12.51  0.9868     0.9876  0.0132     0.0124     0.4932         0.4993
    185   3.18    12.33  0.9859     0.9881  0.0141     0.0119     0.5067         0.5128
    186   3.17    12.46  0.9861     0.9877  0.0139     0.0123     0.5037         0.5061
    187   3.17    12.42  0.9863     0.9879  0.0137     0.0121     0.5124         0.5179
    188   3.17    12.66  0.9858     0.9883  0.0142     0.0117     0.4994         0.5030
    189   3.17    12.70  0.9866     0.9874  0.0134     0.0126     0.5069         0.5116
    190   3.17    12.41  0.9865     0.9870  0.0135     0.0130     0.5168         0.5201
    191   3.17    12.54  0.9870     0.9878  0.0130     0.0122     0.5023         0.5069
    192   3.16    13.05  0.9866     0.9871  0.0134     0.0129     0.5129         0.5164
    193   3.18    12.38  0.9868     0.9879  0.0132     0.0121     0.5218         0.5260
    194   3.17    12.31  0.9860     0.9867  0.0140     0.0133     0.5029         0.5071
    195   3.18    12.54  0.9860     0.9869  0.0140     0.0131     0.4988         0.5009
    196   3.17    12.57  0.9859     0.9873  0.0141     0.0127     0.5053         0.5093
    197   3.16    12.28  0.9853     0.9874  0.0147     0.0126     0.5175         0.5229
    198   3.17    12.57  0.9857     0.9882  0.0143     0.0118     0.4991         0.5072
    199   3.16    12.68  0.9861     0.9875  0.0139     0.0125     0.5076         0.5152
    200   3.18    12.30  0.9856     0.9880  0.0144     0.0120     0.5315         0.5375
The log/output/model have been saved to: ./logs/new_train.py-multi_zetas{'num_epochs': 200, 'use_stoch': [False, False, True], 'betas': None}-fkc-04-04-00:48 + .csv/.out/.cpt
