  epoch    IZY    IXZ_1     acc    avg_acc     err    avg_err    adv_acc    avg_adv_acc
-------  -----  -------  ------  ---------  ------  ---------  ---------  -------------
      1   3.13   681.47  0.9588     0.9590  0.0412     0.0410     0.0213         0.0213
      2   3.15   692.25  0.9642     0.9643  0.0358     0.0357     0.0185         0.0185
      3   3.19   688.04  0.9722     0.9723  0.0278     0.0277     0.0136         0.0136
      4   3.18   698.59  0.9696     0.9696  0.0304     0.0304     0.0188         0.0186
      5   3.20   714.55  0.9743     0.9745  0.0257     0.0255     0.0215         0.0214
      6   3.19   728.05  0.9726     0.9726  0.0274     0.0274     0.0218         0.0218
      7   3.20   722.43  0.9764     0.9764  0.0236     0.0236     0.0257         0.0257
      8   3.20   718.94  0.9748     0.9750  0.0252     0.0250     0.0359         0.0357
      9   3.21   745.20  0.9781     0.9782  0.0219     0.0218     0.0526         0.0522
     10   3.21   727.43  0.9786     0.9786  0.0214     0.0214     0.0531         0.0530
     11   3.21   768.21  0.9795     0.9796  0.0205     0.0204     0.0559         0.0562
     12   3.20   739.73  0.9769     0.9769  0.0231     0.0231     0.0832         0.0831
     13   3.11   774.84  0.9683     0.9683  0.0317     0.0317     0.1216         0.1218
     14   3.21   760.52  0.9802     0.9802  0.0198     0.0198     0.0491         0.0489
     15   3.22   774.76  0.9824     0.9824  0.0176     0.0176     0.0854         0.0854
     16   3.19   761.54  0.9783     0.9783  0.0217     0.0217     0.0674         0.0673
     17   3.21   757.50  0.9802     0.9802  0.0198     0.0198     0.0744         0.0744
     18   3.21   757.27  0.9827     0.9827  0.0173     0.0173     0.0812         0.0815
     19   3.20   797.96  0.9805     0.9806  0.0195     0.0194     0.1303         0.1309
     20   3.22   782.01  0.9846     0.9846  0.0154     0.0154     0.0928         0.0927
     21   3.22   758.36  0.9835     0.9835  0.0165     0.0165     0.1248         0.1247
     22   3.19   789.25  0.9800     0.9801  0.0200     0.0199     0.1599         0.1605
     23   3.21   793.45  0.9801     0.9801  0.0199     0.0199     0.1393         0.1390
     24   3.20   798.14  0.9809     0.9810  0.0191     0.0190     0.1391         0.1393
     25   3.18   807.79  0.9782     0.9782  0.0218     0.0218     0.1840         0.1838
     26   3.20   840.16  0.9838     0.9838  0.0162     0.0162     0.1910         0.1915
     27   3.22   790.02  0.9837     0.9836  0.0163     0.0164     0.1736         0.1734
     28   3.20   778.31  0.9823     0.9822  0.0177     0.0178     0.1903         0.1904
     29   3.15   802.79  0.9769     0.9768  0.0231     0.0232     0.2153         0.2154
     30   3.21   797.64  0.9839     0.9841  0.0161     0.0159     0.1698         0.1700
     31   3.22   806.23  0.9856     0.9856  0.0144     0.0144     0.1794         0.1796
     32   3.21   801.83  0.9833     0.9833  0.0167     0.0167     0.1639         0.1636
     33   3.21   829.13  0.9846     0.9845  0.0154     0.0155     0.2165         0.2170
     34   3.22   820.42  0.9850     0.9850  0.0150     0.0150     0.2537         0.2540
     35   3.18   807.31  0.9795     0.9796  0.0205     0.0204     0.1635         0.1640
     36   3.22   814.57  0.9849     0.9850  0.0151     0.0150     0.1709         0.1710
     37   3.20   800.94  0.9826     0.9826  0.0174     0.0174     0.1791         0.1789
     38   3.21   776.27  0.9836     0.9836  0.0164     0.0164     0.2016         0.2016
     39   3.21   792.78  0.9845     0.9846  0.0155     0.0154     0.2012         0.2017
     40   3.21   781.18  0.9840     0.9840  0.0160     0.0160     0.2432         0.2433
     41   3.17   815.45  0.9794     0.9793  0.0206     0.0207     0.2400         0.2403
     42   3.19   792.64  0.9813     0.9813  0.0187     0.0187     0.2261         0.2262
     43   3.20   847.71  0.9862     0.9861  0.0138     0.0139     0.2507         0.2507
     44   3.20   783.02  0.9818     0.9818  0.0182     0.0182     0.1328         0.1327
     45   3.20   842.82  0.9842     0.9842  0.0158     0.0158     0.2133         0.2133
     46   3.19   862.70  0.9838     0.9838  0.0162     0.0162     0.2855         0.2855
     47   3.21   854.84  0.9851     0.9851  0.0149     0.0149     0.1915         0.1914
     48   3.19   831.89  0.9831     0.9831  0.0169     0.0169     0.2288         0.2292
     49   3.20   878.72  0.9850     0.9850  0.0150     0.0150     0.2210         0.2206
     50   3.21   862.61  0.9864     0.9864  0.0136     0.0136     0.2341         0.2344
     51   3.18   858.58  0.9830     0.9830  0.0170     0.0170     0.2310         0.2311
     52   3.21   830.19  0.9854     0.9855  0.0146     0.0145     0.3182         0.3184
     53   3.21   852.73  0.9864     0.9864  0.0136     0.0136     0.3488         0.3483
     54   3.21   892.74  0.9866     0.9868  0.0134     0.0132     0.3614         0.3615
     55   3.21   916.09  0.9868     0.9867  0.0132     0.0133     0.3670         0.3674
     56   3.20   936.71  0.9866     0.9866  0.0134     0.0134     0.3695         0.3698
     57   3.20   956.21  0.9865     0.9865  0.0135     0.0135     0.3704         0.3709
     58   3.20   975.71  0.9864     0.9865  0.0136     0.0135     0.3696         0.3701
     59   3.19   994.92  0.9864     0.9864  0.0136     0.0136     0.3696         0.3691
     60   3.19  1014.91  0.9865     0.9865  0.0135     0.0135     0.3661         0.3659
     61   3.19  1034.99  0.9865     0.9865  0.0135     0.0135     0.3671         0.3671
     62   3.18  1055.67  0.9865     0.9865  0.0135     0.0135     0.3620         0.3620
     63   3.18  1076.98  0.9866     0.9865  0.0134     0.0135     0.3603         0.3602
     64   3.18  1099.64  0.9865     0.9865  0.0135     0.0135     0.3607         0.3608
     65   3.17  1122.47  0.9864     0.9865  0.0136     0.0135     0.3551         0.3557
     66   3.17  1147.71  0.9864     0.9865  0.0136     0.0135     0.3528         0.3529
     67   3.16  1175.74  0.9864     0.9865  0.0136     0.0135     0.3490         0.3482
     68   3.16  1206.06  0.9866     0.9866  0.0134     0.0134     0.3381         0.3380
     69   3.15  1237.01  0.9866     0.9866  0.0134     0.0134     0.3417         0.3425
     70   3.15  1268.23  0.9866     0.9865  0.0134     0.0135     0.3378         0.3386
     71   3.15  1297.70  0.9865     0.9864  0.0135     0.0136     0.3330         0.3331
     72   3.14  1326.37  0.9867     0.9868  0.0133     0.0132     0.3332         0.3329
     73   3.14  1353.03  0.9868     0.9867  0.0132     0.0133     0.3314         0.3314
     74   3.14  1379.08  0.9867     0.9869  0.0133     0.0131     0.3246         0.3252
     75   3.13  1403.82  0.9866     0.9869  0.0134     0.0131     0.3260         0.3253
     76   3.13  1426.85  0.9865     0.9866  0.0135     0.0134     0.3248         0.3253
     77   3.13  1448.49  0.9866     0.9863  0.0134     0.0137     0.3249         0.3254
     78   3.12  1468.80  0.9865     0.9866  0.0135     0.0134     0.3209         0.3208
     79   3.12  1488.36  0.9864     0.9864  0.0136     0.0136     0.3181         0.3170
     80   3.12  1505.62  0.9863     0.9864  0.0137     0.0136     0.3111         0.3101
     81   3.12  1521.41  0.9862     0.9864  0.0138     0.0136     0.3144         0.3133
     82   3.12  1535.95  0.9862     0.9865  0.0138     0.0135     0.3081         0.3085
     83   3.11  1548.34  0.9863     0.9863  0.0137     0.0137     0.3067         0.3067
     84   3.11  1557.52  0.9865     0.9863  0.0135     0.0137     0.3111         0.3114
     85   3.11  1565.99  0.9865     0.9863  0.0135     0.0137     0.3037         0.3045
     86   3.11  1570.80  0.9863     0.9863  0.0137     0.0137     0.2935         0.2933
     87   3.11  1572.90  0.9865     0.9865  0.0135     0.0135     0.2881         0.2883
     88   3.11  1570.98  0.9864     0.9864  0.0136     0.0136     0.2829         0.2827
     89   3.11  1568.17  0.9863     0.9863  0.0137     0.0137     0.2867         0.2865
     90   3.11  1564.52  0.9863     0.9863  0.0137     0.0137     0.2757         0.2754
     91   3.11  1557.85  0.9867     0.9865  0.0133     0.0135     0.2647         0.2644
     92   3.11  1550.08  0.9866     0.9864  0.0134     0.0136     0.2575         0.2571
     93   3.12  1540.59  0.9867     0.9867  0.0133     0.0133     0.2477         0.2484
     94   3.12  1529.91  0.9865     0.9867  0.0135     0.0133     0.2490         0.2484
     95   3.12  1518.61  0.9866     0.9863  0.0134     0.0137     0.2433         0.2431
     96   3.12  1508.89  0.9868     0.9868  0.0132     0.0132     0.2269         0.2264
     97   3.12  1498.11  0.9865     0.9867  0.0135     0.0133     0.2199         0.2197
     98   3.12  1488.48  0.9865     0.9865  0.0135     0.0135     0.2118         0.2121
     99   3.12  1480.52  0.9868     0.9867  0.0132     0.0133     0.2104         0.2103
    100   3.12  1471.70  0.9867     0.9867  0.0133     0.0133     0.1988         0.1986
    101   3.12  1460.26  0.9867     0.9867  0.0133     0.0133     0.1838         0.1837
    102   3.12  1453.02  0.9868     0.9866  0.0132     0.0134     0.1798         0.1811
    103   3.13  1445.26  0.9870     0.9870  0.0130     0.0130     0.1798         0.1795
    104   3.13  1438.46  0.9872     0.9872  0.0128     0.0128     0.1616         0.1617
    105   3.13  1432.52  0.9873     0.9872  0.0127     0.0128     0.1569         0.1567
    106   3.13  1424.62  0.9872     0.9873  0.0128     0.0127     0.1498         0.1499
    107   3.13  1418.56  0.9873     0.9872  0.0127     0.0128     0.1446         0.1451
    108   3.13  1412.45  0.9872     0.9873  0.0128     0.0127     0.1363         0.1362
    109   3.13  1404.44  0.9872     0.9873  0.0128     0.0127     0.1297         0.1297
    110   3.13  1400.69  0.9873     0.9872  0.0127     0.0128     0.1258         0.1257
    111   3.13  1396.19  0.9872     0.9871  0.0128     0.0129     0.1229         0.1234
    112   3.13  1389.11  0.9873     0.9872  0.0127     0.0128     0.1143         0.1151
    113   3.13  1386.03  0.9872     0.9872  0.0128     0.0128     0.1051         0.1055
    114   3.13  1380.91  0.9873     0.9872  0.0127     0.0128     0.1003         0.1002
    115   3.13  1377.41  0.9871     0.9872  0.0129     0.0128     0.0967         0.0961
    116   3.13  1371.95  0.9871     0.9870  0.0129     0.0130     0.0932         0.0932
    117   3.13  1369.31  0.9869     0.9871  0.0131     0.0129     0.0876         0.0869
    118   3.13  1365.18  0.9870     0.9872  0.0130     0.0128     0.0810         0.0812
    119   3.13  1361.84  0.9870     0.9870  0.0130     0.0130     0.0824         0.0823
    120   3.13  1358.94  0.9872     0.9872  0.0128     0.0128     0.0770         0.0768
    121   3.13  1355.80  0.9871     0.9873  0.0129     0.0127     0.0740         0.0733
    122   3.13  1353.50  0.9871     0.9872  0.0129     0.0128     0.0712         0.0715
    123   3.14  1349.33  0.9870     0.9872  0.0130     0.0128     0.0670         0.0671
    124   3.14  1347.04  0.9870     0.9873  0.0130     0.0127     0.0631         0.0632
    125   3.14  1344.71  0.9873     0.9871  0.0127     0.0129     0.0578         0.0577
    126   3.14  1342.44  0.9872     0.9874  0.0128     0.0126     0.0594         0.0596
    127   3.14  1339.88  0.9873     0.9872  0.0127     0.0128     0.0564         0.0561
    128   3.14  1337.92  0.9872     0.9873  0.0128     0.0127     0.0515         0.0513
    129   3.14  1336.65  0.9872     0.9873  0.0128     0.0127     0.0541         0.0541
    130   3.14  1333.17  0.9872     0.9872  0.0128     0.0128     0.0511         0.0512
    131   3.14  1331.32  0.9874     0.9874  0.0126     0.0126     0.0477         0.0477
    132   3.14  1328.84  0.9874     0.9873  0.0126     0.0127     0.0462         0.0462
    133   3.14  1327.35  0.9873     0.9873  0.0127     0.0127     0.0418         0.0418
    134   3.14  1325.48  0.9873     0.9873  0.0127     0.0127     0.0429         0.0427
    135   3.14  1323.48  0.9873     0.9873  0.0127     0.0127     0.0412         0.0413
    136   3.14  1321.41  0.9873     0.9873  0.0127     0.0127     0.0397         0.0398
    137   3.14  1320.10  0.9873     0.9873  0.0127     0.0127     0.0410         0.0407
    138   3.14  1319.55  0.9873     0.9874  0.0127     0.0126     0.0379         0.0381
    139   3.14  1318.41  0.9874     0.9874  0.0126     0.0126     0.0415         0.0412
    140   3.14  1317.22  0.9873     0.9872  0.0127     0.0128     0.0342         0.0344
    141   3.14  1315.57  0.9874     0.9873  0.0126     0.0127     0.0346         0.0344
    142   3.14  1314.55  0.9874     0.9874  0.0126     0.0126     0.0364         0.0364
    143   3.14  1313.25  0.9872     0.9873  0.0128     0.0127     0.0304         0.0304
    144   3.14  1311.92  0.9872     0.9874  0.0128     0.0126     0.0362         0.0360
    145   3.14  1310.86  0.9875     0.9873  0.0125     0.0127     0.0335         0.0335
    146   3.14  1309.54  0.9873     0.9874  0.0127     0.0126     0.0291         0.0289
    147   3.14  1309.24  0.9874     0.9874  0.0126     0.0126     0.0306         0.0305
    148   3.14  1308.81  0.9874     0.9874  0.0126     0.0126     0.0272         0.0272
    149   3.14  1307.72  0.9874     0.9874  0.0126     0.0126     0.0286         0.0285
    150   3.14  1306.36  0.9873     0.9874  0.0127     0.0126     0.0266         0.0266
    151   3.14  1305.62  0.9872     0.9874  0.0128     0.0126     0.0264         0.0264
    152   3.14  1304.63  0.9875     0.9874  0.0125     0.0126     0.0238         0.0237
    153   3.14  1304.42  0.9876     0.9874  0.0124     0.0126     0.0256         0.0258
    154   3.14  1303.89  0.9873     0.9874  0.0127     0.0126     0.0240         0.0240
    155   3.14  1303.31  0.9874     0.9875  0.0126     0.0125     0.0263         0.0264
    156   3.14  1302.61  0.9874     0.9874  0.0126     0.0126     0.0258         0.0258
    157   3.14  1302.22  0.9875     0.9874  0.0125     0.0126     0.0239         0.0239
    158   3.14  1301.67  0.9874     0.9875  0.0126     0.0125     0.0217         0.0217
    159   3.14  1301.58  0.9875     0.9875  0.0125     0.0125     0.0221         0.0220
    160   3.14  1300.45  0.9876     0.9876  0.0124     0.0124     0.0211         0.0213
    161   3.14  1300.18  0.9875     0.9875  0.0125     0.0125     0.0222         0.0222
    162   3.14  1299.60  0.9875     0.9874  0.0125     0.0126     0.0208         0.0209
    163   3.14  1298.94  0.9876     0.9875  0.0124     0.0125     0.0196         0.0197
    164   3.14  1298.34  0.9874     0.9874  0.0126     0.0126     0.0228         0.0227
    165   3.14  1298.07  0.9877     0.9874  0.0123     0.0126     0.0209         0.0209
    166   3.14  1297.74  0.9874     0.9875  0.0126     0.0125     0.0193         0.0192
    167   3.14  1297.41  0.9878     0.9875  0.0122     0.0125     0.0225         0.0224
    168   3.14  1297.40  0.9876     0.9876  0.0124     0.0124     0.0203         0.0203
    169   3.14  1297.12  0.9874     0.9874  0.0126     0.0126     0.0184         0.0182
    170   3.14  1296.78  0.9875     0.9876  0.0125     0.0124     0.0187         0.0184
    171   3.14  1296.60  0.9875     0.9875  0.0125     0.0125     0.0172         0.0171
    172   3.14  1296.23  0.9874     0.9875  0.0126     0.0125     0.0169         0.0167
    173   3.14  1296.01  0.9876     0.9876  0.0124     0.0124     0.0192         0.0192
    174   3.14  1296.03  0.9876     0.9876  0.0124     0.0124     0.0181         0.0181
    175   3.14  1295.80  0.9877     0.9877  0.0123     0.0123     0.0189         0.0189
    176   3.14  1295.99  0.9875     0.9876  0.0125     0.0124     0.0170         0.0170
    177   3.14  1295.63  0.9874     0.9876  0.0126     0.0124     0.0166         0.0168
    178   3.14  1295.25  0.9878     0.9876  0.0122     0.0124     0.0168         0.0169
    179   3.14  1294.92  0.9877     0.9876  0.0123     0.0124     0.0158         0.0158
    180   3.14  1294.80  0.9875     0.9876  0.0125     0.0124     0.0166         0.0165
    181   3.14  1294.56  0.9876     0.9876  0.0124     0.0124     0.0156         0.0155
    182   3.14  1294.42  0.9875     0.9876  0.0125     0.0124     0.0144         0.0144
    183   3.14  1294.37  0.9875     0.9876  0.0125     0.0124     0.0160         0.0160
    184   3.14  1294.55  0.9878     0.9876  0.0122     0.0124     0.0169         0.0168
    185   3.14  1294.50  0.9877     0.9875  0.0123     0.0125     0.0177         0.0177
    186   3.14  1294.54  0.9874     0.9876  0.0126     0.0124     0.0169         0.0168
    187   3.14  1294.67  0.9876     0.9876  0.0124     0.0124     0.0166         0.0166
    188   3.14  1294.77  0.9878     0.9876  0.0122     0.0124     0.0149         0.0148
    189   3.14  1294.80  0.9875     0.9876  0.0125     0.0124     0.0167         0.0167
    190   3.14  1294.54  0.9876     0.9876  0.0124     0.0124     0.0157         0.0158
    191   3.14  1294.43  0.9877     0.9876  0.0123     0.0124     0.0145         0.0145
    192   3.14  1294.54  0.9876     0.9876  0.0124     0.0124     0.0134         0.0134
    193   3.14  1294.56  0.9877     0.9877  0.0123     0.0123     0.0137         0.0137
    194   3.14  1294.70  0.9877     0.9877  0.0123     0.0123     0.0145         0.0145
    195   3.14  1294.71  0.9878     0.9877  0.0122     0.0123     0.0133         0.0133
    196   3.14  1294.62  0.9875     0.9877  0.0125     0.0123     0.0146         0.0146
    197   3.14  1294.74  0.9877     0.9877  0.0123     0.0123     0.0134         0.0134
    198   3.14  1294.65  0.9876     0.9877  0.0124     0.0123     0.0132         0.0132
    199   3.14  1294.80  0.9875     0.9876  0.0125     0.0124     0.0138         0.0138
    200   3.14  1294.79  0.9877     0.9876  0.0123     0.0124     0.0133         0.0134
The log/output/model have been saved to: ./logs/new_train.py-multi_zetas{'num_epochs': 200, 'use_stoch': [False, False, True], 'betas': [1e-09, 1e-09, 1e-09]}-dbs-04-03-22:29 + .csv/.out/.cpt
