  epoch    IZY    IXZ_1    IZ_1Z_2     acc    avg_acc     err    avg_err    adv_acc    avg_adv_acc
-------  -----  -------  ---------  ------  ---------  ------  ---------  ---------  -------------
      1   2.95    90.12      63.81  0.9226     0.9399  0.0774     0.0601     0.0642         0.0669
      2   3.06    76.17      52.84  0.9494     0.9561  0.0506     0.0439     0.0576         0.0649
      3   3.14    85.28      62.41  0.9661     0.9689  0.0339     0.0311     0.0374         0.0395
      4   3.14    60.19      48.42  0.9659     0.9682  0.0341     0.0318     0.0802         0.0886
      5   3.15    48.22      43.58  0.9684     0.9726  0.0316     0.0274     0.1135         0.1337
      6   3.10    42.76      42.43  0.9605     0.9687  0.0395     0.0313     0.1423         0.1758
      7   3.18    46.72      41.95  0.9728     0.9753  0.0272     0.0247     0.1637         0.1792
      8   3.17    47.81      42.82  0.9732     0.9747  0.0268     0.0253     0.1603         0.1727
      9   3.16    37.21      36.48  0.9737     0.9760  0.0263     0.0240     0.2311         0.2604
     10   3.22   144.31     100.84  0.9821     0.9823  0.0179     0.0177     0.1694         0.1687
     11   3.14    39.61      34.85  0.9733     0.9753  0.0267     0.0247     0.3098         0.3426
     12   3.18    32.51      32.04  0.9781     0.9800  0.0219     0.0200     0.3154         0.3654
     13   3.19    33.35      31.97  0.9793     0.9793  0.0207     0.0207     0.3943         0.4292
     14   3.20    44.55      39.80  0.9807     0.9815  0.0193     0.0185     0.3699         0.3811
     15   3.15    27.52      29.36  0.9744     0.9766  0.0256     0.0234     0.3753         0.4355
     16   3.20    37.91      36.43  0.9825     0.9826  0.0175     0.0174     0.4645         0.4784
     17   3.17    30.11      29.65  0.9776     0.9803  0.0224     0.0197     0.4598         0.5107
     18   3.13    32.92      41.88  0.9699     0.9793  0.0301     0.0207     0.4640         0.5474
     19   3.19    27.00      28.90  0.9806     0.9833  0.0194     0.0167     0.5166         0.5631
     20   3.17    28.97      27.62  0.9789     0.9807  0.0211     0.0193     0.4795         0.5278
     21   3.16    25.54      26.41  0.9788     0.9819  0.0212     0.0181     0.5166         0.5659
     22   3.19    26.47      26.26  0.9803     0.9825  0.0197     0.0175     0.5474         0.5824
     23   3.16    27.86      27.54  0.9783     0.9802  0.0217     0.0198     0.5331         0.5592
     24   3.16    24.86      25.74  0.9801     0.9816  0.0199     0.0184     0.5738         0.6155
     25   3.17    29.23      27.37  0.9810     0.9821  0.0190     0.0179     0.5363         0.5550
     26   3.16    25.34      24.76  0.9795     0.9819  0.0205     0.0181     0.5525         0.5938
     27   3.18    28.66      26.42  0.9836     0.9843  0.0164     0.0157     0.5888         0.6129
     28   3.19    22.98      24.38  0.9829     0.9854  0.0171     0.0146     0.6521         0.6796
     29   3.16    23.68      23.87  0.9809     0.9813  0.0191     0.0187     0.5880         0.6197
     30   3.17    24.55      24.84  0.9826     0.9831  0.0174     0.0169     0.5969         0.6173
     31   3.13    26.06      24.05  0.9770     0.9785  0.0230     0.0215     0.5230         0.5515
     32   3.15    22.26      22.80  0.9795     0.9815  0.0205     0.0185     0.5707         0.5959
     33   3.15    21.09      21.73  0.9778     0.9798  0.0222     0.0202     0.5694         0.6022
     34   3.17    22.12      22.65  0.9818     0.9825  0.0182     0.0175     0.5881         0.6137
     35   3.15    25.68      24.88  0.9794     0.9803  0.0206     0.0197     0.5317         0.5458
     36   3.16    22.23      22.24  0.9815     0.9830  0.0185     0.0170     0.5900         0.6142
     37   3.15    22.88      22.19  0.9810     0.9820  0.0190     0.0180     0.6255         0.6492
     38   3.16    20.21      20.64  0.9813     0.9846  0.0187     0.0154     0.6259         0.6653
     39   3.15    24.69      24.47  0.9797     0.9806  0.0203     0.0194     0.5118         0.5274
     40   3.16    19.46      19.78  0.9806     0.9841  0.0194     0.0159     0.5991         0.6384
     41   3.14    19.08      19.91  0.9783     0.9812  0.0217     0.0188     0.5561         0.5881
     42   3.09    19.45      19.75  0.9754     0.9778  0.0246     0.0222     0.6027         0.6307
     43   3.12    18.11      19.06  0.9765     0.9807  0.0235     0.0193     0.6136         0.6554
     44   3.13    19.83      19.26  0.9803     0.9815  0.0197     0.0185     0.5676         0.5965
     45   3.15    22.87      21.15  0.9817     0.9816  0.0183     0.0184     0.5843         0.6000
     46   3.14    19.17      19.59  0.9783     0.9818  0.0217     0.0182     0.5971         0.6310
     47   3.16    17.90      18.87  0.9829     0.9853  0.0171     0.0147     0.6009         0.6247
     48   3.16    19.74      19.71  0.9838     0.9851  0.0162     0.0149     0.6096         0.6208
     49   3.16    19.10      19.74  0.9830     0.9834  0.0170     0.0166     0.5279         0.5425
     50   3.07    20.68      19.56  0.9743     0.9759  0.0257     0.0241     0.4832         0.4967
     51   3.14    18.15      18.63  0.9816     0.9834  0.0184     0.0166     0.5918         0.6095
     52   3.16    18.16      18.48  0.9823     0.9845  0.0177     0.0155     0.5514         0.5718
     53   3.14    17.98      18.34  0.9810     0.9816  0.0190     0.0184     0.5693         0.5880
     54   3.10    17.79      18.24  0.9777     0.9800  0.0223     0.0200     0.5314         0.5504
     55   3.14    17.43      17.75  0.9807     0.9832  0.0193     0.0168     0.5337         0.5515
     56   3.17    17.63      18.34  0.9832     0.9849  0.0168     0.0151     0.5274         0.5410
     57   3.15    17.04      17.19  0.9830     0.9844  0.0170     0.0156     0.5132         0.5288
     58   3.14    17.58      17.43  0.9811     0.9834  0.0189     0.0166     0.4946         0.5092
     59   3.14    17.60      17.86  0.9823     0.9828  0.0177     0.0172     0.5126         0.5286
     60   3.13    19.60      19.73  0.9801     0.9815  0.0199     0.0185     0.4714         0.4800
     61   3.15    17.82      18.20  0.9839     0.9851  0.0161     0.0149     0.5171         0.5305
     62   3.14    18.65      19.28  0.9825     0.9832  0.0175     0.0168     0.4940         0.5011
     63   3.16    19.26      19.64  0.9836     0.9844  0.0164     0.0156     0.5190         0.5267
     64   3.16    15.76      16.61  0.9833     0.9851  0.0167     0.0149     0.5246         0.5419
     65   3.16    15.18      16.33  0.9828     0.9848  0.0172     0.0152     0.5042         0.5214
     66   3.11    16.21      16.42  0.9789     0.9822  0.0211     0.0178     0.4417         0.4580
     67   3.14    15.01      16.50  0.9807     0.9827  0.0193     0.0173     0.5153         0.5314
     68   3.15    14.65      16.08  0.9823     0.9843  0.0177     0.0157     0.4784         0.4943
     69   3.14    15.27      16.01  0.9825     0.9842  0.0175     0.0158     0.4605         0.4743
     70   3.09    14.93      16.05  0.9777     0.9803  0.0223     0.0197     0.4218         0.4320
     71   3.12    14.90      15.93  0.9815     0.9835  0.0185     0.0165     0.4719         0.4840
     72   3.13    15.79      16.14  0.9805     0.9830  0.0195     0.0170     0.4607         0.4765
     73   3.17    16.31      16.66  0.9836     0.9854  0.0164     0.0146     0.4344         0.4431
     74   3.17    15.43      16.48  0.9842     0.9846  0.0158     0.0154     0.4945         0.5026
     75   3.13    15.30      16.44  0.9813     0.9826  0.0187     0.0174     0.4865         0.4981
     76   3.14    14.98      15.79  0.9820     0.9847  0.0180     0.0153     0.5129         0.5256
     77   3.15    14.24      15.61  0.9829     0.9854  0.0171     0.0146     0.4815         0.4913
     78   3.14    14.25      15.61  0.9827     0.9844  0.0173     0.0156     0.4379         0.4504
     79   3.15    13.61      15.21  0.9841     0.9861  0.0159     0.0139     0.4933         0.5060
     80   3.16    15.02      16.44  0.9835     0.9854  0.0165     0.0146     0.4324         0.4384
     81   3.14    13.80      15.45  0.9820     0.9854  0.0180     0.0146     0.4572         0.4733
     82   3.16    14.03      15.76  0.9844     0.9861  0.0156     0.0139     0.4152         0.4208
     83   3.15    14.98      15.29  0.9830     0.9854  0.0170     0.0146     0.4199         0.4265
     84   3.15    13.80      15.36  0.9843     0.9858  0.0157     0.0142     0.4093         0.4178
     85   3.12    15.21      16.28  0.9830     0.9847  0.0170     0.0153     0.3634         0.3690
     86   3.17    15.13      15.84  0.9849     0.9859  0.0151     0.0141     0.3963         0.4030
     87   3.14    14.99      15.77  0.9830     0.9848  0.0170     0.0152     0.4070         0.4139
     88   3.15    14.88      15.85  0.9839     0.9858  0.0161     0.0142     0.4296         0.4377
     89   3.16    13.45      15.12  0.9840     0.9861  0.0160     0.0139     0.4594         0.4698
     90   3.15    13.21      14.93  0.9850     0.9860  0.0150     0.0140     0.4378         0.4465
     91   3.15    12.99      14.84  0.9827     0.9839  0.0173     0.0161     0.4932         0.5056
     92   3.16    12.75      14.91  0.9834     0.9860  0.0166     0.0140     0.4281         0.4397
     93   3.16    13.32      14.70  0.9843     0.9860  0.0157     0.0140     0.4264         0.4326
     94   3.16    13.55      15.10  0.9849     0.9858  0.0151     0.0142     0.4195         0.4263
     95   3.15    12.99      14.60  0.9835     0.9854  0.0165     0.0146     0.4091         0.4160
     96   3.15    12.82      14.72  0.9824     0.9852  0.0176     0.0148     0.4325         0.4440
     97   3.15    13.86      15.08  0.9837     0.9853  0.0163     0.0147     0.3960         0.4013
     98   3.17    13.16      15.20  0.9849     0.9864  0.0151     0.0136     0.3918         0.3959
     99   3.16    13.12      14.79  0.9854     0.9871  0.0146     0.0129     0.3564         0.3633
    100   3.14    12.59      14.25  0.9827     0.9861  0.0173     0.0139     0.3938         0.3975
    101   3.15    13.08      14.64  0.9838     0.9861  0.0162     0.0139     0.3592         0.3679
    102   3.14    13.26      14.65  0.9837     0.9854  0.0163     0.0146     0.3383         0.3433
    103   3.14    13.69      15.37  0.9839     0.9856  0.0161     0.0144     0.4009         0.4080
    104   3.13    12.91      15.09  0.9823     0.9839  0.0177     0.0161     0.4016         0.4075
    105   3.15    12.12      14.04  0.9841     0.9865  0.0159     0.0135     0.4398         0.4498
    106   3.14    12.98      14.46  0.9843     0.9852  0.0157     0.0148     0.3837         0.3906
    107   3.15    13.00      14.54  0.9853     0.9863  0.0147     0.0137     0.3784         0.3824
    108   3.15    12.21      14.08  0.9836     0.9867  0.0164     0.0133     0.3872         0.3932
    109   3.17    13.15      15.12  0.9858     0.9867  0.0142     0.0133     0.3981         0.4052
    110   3.16    12.32      14.28  0.9848     0.9863  0.0152     0.0137     0.3821         0.3884
    111   3.15    12.10      13.89  0.9845     0.9862  0.0155     0.0138     0.3825         0.3916
    112   3.15    12.14      14.29  0.9837     0.9848  0.0163     0.0152     0.3678         0.3719
    113   3.14    12.95      14.50  0.9827     0.9848  0.0173     0.0152     0.4142         0.4209
    114   3.15    12.71      14.76  0.9853     0.9864  0.0147     0.0136     0.3379         0.3443
    115   3.14    12.12      14.04  0.9835     0.9854  0.0165     0.0146     0.3734         0.3809
    116   3.15    12.11      14.28  0.9827     0.9856  0.0173     0.0144     0.3429         0.3496
    117   3.15    11.79      13.89  0.9835     0.9850  0.0165     0.0150     0.3846         0.3898
    118   3.14    11.71      13.81  0.9837     0.9857  0.0163     0.0143     0.4192         0.4243
    119   3.14    12.04      14.02  0.9834     0.9859  0.0166     0.0141     0.3776         0.3806
    120   3.14    12.63      14.52  0.9841     0.9855  0.0159     0.0145     0.3789         0.3852
    121   3.15    11.45      13.88  0.9842     0.9863  0.0158     0.0137     0.4092         0.4115
    122   3.16    11.62      14.11  0.9858     0.9864  0.0142     0.0136     0.3755         0.3813
    123   3.16    11.41      14.04  0.9847     0.9864  0.0153     0.0136     0.3716         0.3777
    124   3.14    11.66      14.14  0.9843     0.9864  0.0157     0.0136     0.3565         0.3631
    125   3.14    11.29      13.88  0.9828     0.9846  0.0172     0.0154     0.3853         0.3915
    126   3.16    11.56      14.11  0.9837     0.9857  0.0163     0.0143     0.3953         0.3999
    127   3.15    11.39      13.70  0.9842     0.9858  0.0158     0.0142     0.4274         0.4323
    128   3.15    11.20      13.74  0.9843     0.9862  0.0157     0.0138     0.4025         0.4086
    129   3.15    11.29      13.48  0.9842     0.9861  0.0158     0.0139     0.3829         0.3905
    130   3.15    11.35      13.79  0.9846     0.9864  0.0154     0.0136     0.3668         0.3738
    131   3.15    12.00      13.94  0.9852     0.9860  0.0148     0.0140     0.3680         0.3715
    132   3.14    11.67      14.39  0.9836     0.9851  0.0164     0.0149     0.4007         0.4049
    133   3.14    10.61      13.63  0.9828     0.9854  0.0172     0.0146     0.4493         0.4589
    134   3.15    11.50      14.01  0.9845     0.9857  0.0155     0.0143     0.3930         0.3990
    135   3.15    12.57      14.85  0.9842     0.9861  0.0158     0.0139     0.3895         0.3946
    136   3.15    11.13      13.91  0.9840     0.9865  0.0160     0.0135     0.4345         0.4412
    137   3.15    11.45      13.98  0.9848     0.9859  0.0152     0.0141     0.4039         0.4078
    138   3.14    11.23      13.54  0.9835     0.9856  0.0165     0.0144     0.3932         0.3991
    139   3.15    11.00      13.81  0.9843     0.9857  0.0157     0.0143     0.4099         0.4155
    140   3.15    11.13      13.94  0.9840     0.9858  0.0160     0.0142     0.3849         0.3905
    141   3.15    11.68      14.01  0.9843     0.9857  0.0157     0.0143     0.3590         0.3637
    142   3.15    11.70      14.18  0.9843     0.9852  0.0157     0.0148     0.3715         0.3774
    143   3.13    10.77      13.37  0.9830     0.9856  0.0170     0.0144     0.4032         0.4119
    144   3.13    11.44      13.88  0.9824     0.9839  0.0176     0.0161     0.3891         0.3953
    145   3.13    10.82      13.64  0.9825     0.9857  0.0175     0.0143     0.4174         0.4224
    146   3.16    11.11      13.77  0.9850     0.9867  0.0150     0.0133     0.4324         0.4385
    147   3.15    10.92      13.66  0.9842     0.9858  0.0158     0.0142     0.4413         0.4474
    148   3.17    12.20      14.62  0.9850     0.9859  0.0150     0.0141     0.3874         0.3913
    149   3.14    11.06      13.48  0.9842     0.9861  0.0158     0.0139     0.4013         0.4087
    150   3.15    10.81      13.28  0.9829     0.9854  0.0171     0.0146     0.4157         0.4221
    151   3.15    10.75      13.57  0.9836     0.9853  0.0164     0.0147     0.4289         0.4346
    152   3.15    11.26      13.87  0.9855     0.9862  0.0145     0.0138     0.4233         0.4295
    153   3.14    10.58      13.47  0.9825     0.9856  0.0175     0.0144     0.4370         0.4477
    154   3.13    11.07      13.75  0.9833     0.9846  0.0167     0.0154     0.4180         0.4250
    155   3.15    10.74      13.60  0.9839     0.9862  0.0161     0.0138     0.4253         0.4314
    156   3.14    10.80      13.68  0.9837     0.9855  0.0163     0.0145     0.4353         0.4394
    157   3.14    10.74      13.40  0.9834     0.9853  0.0166     0.0147     0.4071         0.4126
    158   3.14    10.63      13.36  0.9840     0.9852  0.0160     0.0148     0.3983         0.4067
    159   3.15    10.67      13.46  0.9843     0.9850  0.0157     0.0150     0.3767         0.3815
    160   3.15    10.73      13.45  0.9831     0.9849  0.0169     0.0151     0.3513         0.3567
    161   3.15    11.13      13.69  0.9838     0.9855  0.0162     0.0145     0.3484         0.3536
    162   3.15    11.04      13.79  0.9848     0.9862  0.0152     0.0138     0.3555         0.3601
    163   3.14    10.18      13.20  0.9831     0.9854  0.0169     0.0146     0.4001         0.4075
    164   3.14    10.91      13.76  0.9834     0.9853  0.0166     0.0147     0.3615         0.3673
    165   3.15    10.66      13.52  0.9837     0.9857  0.0163     0.0143     0.3826         0.3899
    166   3.16    11.38      14.08  0.9835     0.9855  0.0165     0.0145     0.3762         0.3771
    167   3.15    10.45      13.56  0.9842     0.9859  0.0158     0.0141     0.3904         0.3968
    168   3.15    10.51      13.21  0.9843     0.9863  0.0157     0.0137     0.3774         0.3873
    169   3.15    10.78      13.64  0.9844     0.9868  0.0156     0.0132     0.3635         0.3680
    170   3.15    10.68      13.43  0.9850     0.9857  0.0150     0.0143     0.3682         0.3747
    171   3.15    10.78      13.70  0.9847     0.9863  0.0153     0.0137     0.3782         0.3825
    172   3.15    10.40      13.26  0.9848     0.9859  0.0152     0.0141     0.3879         0.3961
    173   3.16    10.48      13.07  0.9840     0.9862  0.0160     0.0138     0.3894         0.4005
    174   3.14    10.39      13.08  0.9837     0.9870  0.0163     0.0130     0.4243         0.4356
    175   3.16    10.28      13.34  0.9847     0.9863  0.0153     0.0137     0.4228         0.4330
    176   3.15    10.34      13.38  0.9850     0.9866  0.0150     0.0134     0.4124         0.4160
    177   3.15    10.37      13.23  0.9836     0.9853  0.0164     0.0147     0.4109         0.4190
    178   3.15    10.22      12.96  0.9829     0.9856  0.0171     0.0144     0.4147         0.4234
    179   3.14    10.42      13.37  0.9839     0.9853  0.0161     0.0147     0.3891         0.3950
    180   3.15    10.44      13.33  0.9833     0.9862  0.0167     0.0138     0.3691         0.3763
    181   3.14    10.13      13.27  0.9834     0.9864  0.0166     0.0136     0.4100         0.4167
    182   3.16    10.41      13.32  0.9848     0.9862  0.0152     0.0138     0.3964         0.4028
    183   3.14    10.09      13.05  0.9831     0.9862  0.0169     0.0138     0.4095         0.4183
    184   3.15    10.42      13.35  0.9851     0.9860  0.0149     0.0140     0.4013         0.4131
    185   3.15    10.81      13.59  0.9841     0.9854  0.0159     0.0146     0.4054         0.4129
    186   3.14    10.12      12.99  0.9836     0.9862  0.0164     0.0138     0.4081         0.4198
    187   3.14    10.15      13.08  0.9836     0.9861  0.0164     0.0139     0.4321         0.4402
    188   3.14    10.56      13.39  0.9838     0.9859  0.0162     0.0141     0.3903         0.3994
    189   3.15    10.19      13.22  0.9838     0.9859  0.0162     0.0141     0.4126         0.4197
    190   3.16    10.29      13.25  0.9846     0.9866  0.0154     0.0134     0.4045         0.4137
    191   3.14    10.00      13.22  0.9836     0.9862  0.0164     0.0138     0.4030         0.4112
    192   3.15    10.48      13.40  0.9842     0.9860  0.0158     0.0140     0.4168         0.4252
    193   3.15    10.30      13.30  0.9835     0.9856  0.0165     0.0144     0.4086         0.4175
    194   3.15    10.45      13.35  0.9851     0.9866  0.0149     0.0134     0.4014         0.4093
    195   3.15    10.25      13.43  0.9858     0.9867  0.0142     0.0133     0.4044         0.4141
    196   3.15    10.08      13.08  0.9846     0.9859  0.0154     0.0141     0.4054         0.4153
    197   3.15    10.38      13.56  0.9848     0.9866  0.0152     0.0134     0.3854         0.3936
    198   3.15    10.11      12.98  0.9826     0.9852  0.0174     0.0148     0.4130         0.4246
    199   3.15     9.99      13.02  0.9836     0.9861  0.0164     0.0139     0.4186         0.4290
    200   3.15    10.10      13.12  0.9845     0.9868  0.0155     0.0132     0.4093         0.4155
The log/output/model have been saved to: ./logs/new_train.py-multi_zetas{'num_epochs': 200, 'use_stoch': [False, True, True], 'betas': None}-fss-04-04-01:03 + .csv/.out/.cpt
