  epoch    IZY    IXZ_1    IZ_1Z_2    IZ_2Z_3     acc    avg_acc     err    avg_err    adv_acc    avg_adv_acc
-------  -----  -------  ---------  ---------  ------  ---------  ------  ---------  ---------  -------------
      1   2.70   155.74     121.68      63.65  0.8674     0.8914  0.1326     0.1086     0.1047         0.1063
      2   2.99   132.72     114.29      57.46  0.9302     0.9415  0.0698     0.0585     0.0719         0.0740
      3   3.03   122.86     105.89      54.86  0.9409     0.9517  0.0591     0.0483     0.0624         0.0634
      4   2.95   105.12      81.42      54.98  0.9270     0.9531  0.0730     0.0469     0.1045         0.1151
      5   3.09    99.66      84.67      44.96  0.9576     0.9646  0.0424     0.0354     0.0721         0.0755
      6   2.90    84.69      70.36      48.55  0.9178     0.9527  0.0822     0.0473     0.1285         0.1492
      7   3.14    99.73      88.26      45.67  0.9674     0.9687  0.0326     0.0313     0.0918         0.0972
      8   3.15    94.19      91.63      47.67  0.9687     0.9715  0.0313     0.0285     0.0712         0.0763
      9   3.12    78.75      64.20      35.01  0.9649     0.9717  0.0351     0.0283     0.1333         0.1489
     10   3.11    77.66      65.60      34.29  0.9644     0.9684  0.0356     0.0316     0.1660         0.1845
     11   3.05    70.57      56.07      31.00  0.9527     0.9667  0.0473     0.0333     0.1724         0.1954
     12   3.07    67.65      54.57      30.05  0.9585     0.9697  0.0415     0.0303     0.2039         0.2282
     13   3.11    68.25      52.70      27.48  0.9656     0.9731  0.0344     0.0269     0.2026         0.2272
     14   3.10    66.06      52.18      27.65  0.9635     0.9727  0.0365     0.0273     0.2217         0.2506
     15   3.14    70.81      57.27      25.51  0.9706     0.9752  0.0294     0.0248     0.2186         0.2323
     16   3.11    67.23      52.20      24.05  0.9686     0.9716  0.0314     0.0284     0.2694         0.2936
     17   3.15    65.75      54.81      24.43  0.9733     0.9774  0.0267     0.0226     0.2244         0.2352
     18   3.10    62.47      47.80      22.63  0.9676     0.9739  0.0324     0.0261     0.2490         0.2609
     19   3.09    60.26      47.97      23.02  0.9668     0.9705  0.0332     0.0295     0.2477         0.2617
     20   3.10    60.25      43.15      21.95  0.9670     0.9730  0.0330     0.0270     0.2874         0.3080
     21   3.11    57.93      43.96      21.22  0.9699     0.9756  0.0301     0.0244     0.2851         0.2983
     22   3.11    59.57      41.89      20.03  0.9719     0.9753  0.0281     0.0247     0.3343         0.3490
     23   3.11    55.07      39.50      19.87  0.9691     0.9747  0.0309     0.0253     0.2824         0.2953
     24   3.10    52.95      38.54      19.40  0.9689     0.9755  0.0311     0.0245     0.2402         0.2545
     25   3.12    51.25      37.51      19.40  0.9728     0.9775  0.0272     0.0225     0.2930         0.3080
     26   3.07    55.48      39.57      18.91  0.9656     0.9706  0.0344     0.0294     0.2420         0.2527
     27   3.15    51.27      36.76      18.76  0.9774     0.9795  0.0226     0.0205     0.2873         0.2977
     28   3.06    52.00      33.97      18.10  0.9640     0.9729  0.0360     0.0271     0.2888         0.3027
     29   3.11    50.96      34.89      17.25  0.9728     0.9766  0.0272     0.0234     0.2735         0.2813
     30   3.14    54.82      36.63      17.63  0.9773     0.9796  0.0227     0.0204     0.2627         0.2704
     31   3.12    48.24      33.51      16.56  0.9737     0.9792  0.0263     0.0208     0.2434         0.2498
     32   3.09    47.88      32.06      17.48  0.9705     0.9762  0.0295     0.0238     0.2761         0.2873
     33   3.08    49.50      30.96      15.93  0.9710     0.9749  0.0290     0.0251     0.2555         0.2641
     34   3.10    48.64      31.45      15.96  0.9720     0.9769  0.0280     0.0231     0.2247         0.2318
     35   3.11    49.57      29.47      15.80  0.9743     0.9794  0.0257     0.0206     0.2569         0.2661
     36   3.08    50.30      34.53      15.68  0.9715     0.9741  0.0285     0.0259     0.1596         0.1638
     37   3.08    44.06      30.34      15.39  0.9702     0.9738  0.0298     0.0262     0.1772         0.1813
     38   3.11    44.69      28.59      15.55  0.9753     0.9783  0.0247     0.0217     0.1817         0.1866
     39   3.12    45.42      29.48      15.25  0.9769     0.9811  0.0231     0.0189     0.1705         0.1746
     40   3.11    46.91      31.08      14.72  0.9751     0.9796  0.0249     0.0204     0.1653         0.1685
     41   3.10    46.95      30.62      15.33  0.9739     0.9763  0.0261     0.0237     0.1396         0.1458
     42   3.11    43.55      27.30      15.47  0.9751     0.9783  0.0249     0.0217     0.1926         0.1999
     43   3.12    42.47      26.97      14.57  0.9767     0.9796  0.0233     0.0204     0.1899         0.1958
     44   3.10    44.86      26.56      14.82  0.9737     0.9785  0.0263     0.0215     0.2075         0.2181
     45   3.11    43.15      26.56      14.93  0.9753     0.9802  0.0247     0.0198     0.1882         0.1936
     46   3.11    43.43      25.82      14.71  0.9759     0.9797  0.0241     0.0203     0.1662         0.1730
     47   3.11    39.48      26.15      14.67  0.9751     0.9806  0.0249     0.0194     0.1491         0.1532
     48   3.08    42.32      26.06      14.35  0.9715     0.9773  0.0285     0.0227     0.1373         0.1408
     49   3.12    47.96      33.97      15.62  0.9764     0.9784  0.0236     0.0216     0.1004         0.1023
     50   3.08    48.91      25.82      14.61  0.9744     0.9763  0.0256     0.0237     0.1578         0.1619
     51   3.12    43.90      25.72      13.65  0.9768     0.9811  0.0232     0.0189     0.1688         0.1749
     52   3.11    39.37      25.51      13.81  0.9764     0.9798  0.0236     0.0202     0.1455         0.1485
     53   3.11    41.64      26.15      13.69  0.9749     0.9804  0.0251     0.0196     0.1134         0.1169
     54   3.08    40.03      23.94      13.53  0.9703     0.9778  0.0297     0.0222     0.1634         0.1694
     55   3.08    39.89      24.33      14.04  0.9736     0.9764  0.0264     0.0236     0.1401         0.1433
     56   3.09    40.14      24.07      13.93  0.9745     0.9793  0.0255     0.0207     0.1441         0.1477
     57   3.11    38.15      23.58      13.78  0.9771     0.9787  0.0229     0.0213     0.1240         0.1298
     58   3.14    40.61      26.08      13.79  0.9801     0.9820  0.0199     0.0180     0.1117         0.1141
     59   3.10    37.58      23.02      13.70  0.9759     0.9793  0.0241     0.0207     0.1095         0.1122
     60   3.11    38.54      24.68      13.12  0.9777     0.9803  0.0223     0.0197     0.1230         0.1254
     61   3.07    38.84      22.96      13.72  0.9714     0.9764  0.0286     0.0236     0.1233         0.1263
     62   3.08    39.26      24.16      12.88  0.9733     0.9769  0.0267     0.0231     0.1168         0.1199
     63   3.10    36.43      22.39      13.34  0.9760     0.9789  0.0240     0.0211     0.1152         0.1209
     64   3.11    36.59      23.97      13.50  0.9771     0.9800  0.0229     0.0200     0.0874         0.0891
     65   3.10    37.66      22.82      13.37  0.9773     0.9799  0.0227     0.0201     0.1040         0.1077
     66   3.11    39.57      23.73      12.79  0.9772     0.9799  0.0228     0.0201     0.1212         0.1225
     67   3.11    35.47      21.40      13.09  0.9769     0.9815  0.0231     0.0185     0.1094         0.1121
     68   3.12    35.76      23.15      13.15  0.9770     0.9807  0.0230     0.0193     0.0978         0.1001
     69   3.09    35.45      20.95      12.75  0.9754     0.9796  0.0246     0.0204     0.1250         0.1290
     70   3.13    39.65      23.17      13.09  0.9792     0.9820  0.0208     0.0180     0.0991         0.1011
     71   3.10    38.31      21.92      12.82  0.9776     0.9802  0.0224     0.0198     0.1117         0.1139
     72   3.10    39.59      20.69      13.19  0.9747     0.9784  0.0253     0.0216     0.1164         0.1188
     73   3.11    33.28      21.27      13.05  0.9766     0.9808  0.0234     0.0192     0.1063         0.1082
     74   3.12    35.01      21.76      12.69  0.9788     0.9823  0.0212     0.0177     0.1075         0.1105
     75   3.13    34.49      20.49      13.39  0.9805     0.9821  0.0195     0.0179     0.1157         0.1162
     76   3.09    34.90      21.47      12.77  0.9759     0.9793  0.0241     0.0207     0.1026         0.1074
     77   3.09    34.67      19.95      12.85  0.9755     0.9795  0.0245     0.0205     0.1061         0.1086
     78   3.13    36.58      21.26      13.44  0.9793     0.9819  0.0207     0.0181     0.1154         0.1163
     79   3.09    32.69      19.86      12.51  0.9749     0.9805  0.0251     0.0195     0.1223         0.1247
     80   3.09    33.13      19.74      12.44  0.9752     0.9795  0.0248     0.0205     0.1099         0.1105
     81   3.11    35.42      22.30      12.97  0.9794     0.9806  0.0206     0.0194     0.0943         0.0970
     82   3.11    33.52      19.24      13.50  0.9784     0.9810  0.0216     0.0190     0.1129         0.1157
     83   3.09    31.77      19.31      12.37  0.9753     0.9789  0.0247     0.0211     0.1034         0.1056
     84   3.10    31.68      19.29      12.36  0.9779     0.9811  0.0221     0.0189     0.1160         0.1190
     85   3.11    32.08      19.55      12.27  0.9768     0.9809  0.0232     0.0191     0.1105         0.1124
     86   3.10    33.39      18.73      12.15  0.9764     0.9799  0.0236     0.0201     0.1466         0.1480
     87   3.11    33.23      20.41      12.38  0.9795     0.9822  0.0205     0.0178     0.0932         0.0934
     88   3.11    34.13      20.10      12.54  0.9799     0.9836  0.0201     0.0164     0.1000         0.1010
     89   3.11    32.52      18.13      12.42  0.9777     0.9810  0.0223     0.0190     0.1291         0.1332
     90   3.11    37.95      24.54      13.78  0.9796     0.9821  0.0204     0.0179     0.0869         0.0868
     91   3.12    33.12      19.50      12.53  0.9786     0.9820  0.0214     0.0180     0.1011         0.1025
     92   3.11    31.66      18.32      12.49  0.9778     0.9810  0.0222     0.0190     0.1310         0.1323
     93   3.09    31.42      18.43      12.31  0.9762     0.9794  0.0238     0.0206     0.1245         0.1279
     94   3.11    30.00      18.48      12.06  0.9787     0.9815  0.0213     0.0185     0.1143         0.1150
     95   3.11    32.44      18.37      12.04  0.9789     0.9817  0.0211     0.0183     0.1152         0.1151
     96   3.10    30.88      18.43      12.23  0.9780     0.9822  0.0220     0.0178     0.1025         0.1051
     97   3.11    31.26      18.48      12.25  0.9788     0.9822  0.0212     0.0178     0.0953         0.0961
     98   3.09    31.11      18.18      11.82  0.9762     0.9800  0.0238     0.0200     0.1037         0.1058
     99   3.11    28.75      17.61      11.96  0.9793     0.9823  0.0207     0.0177     0.1222         0.1229
    100   3.10    31.45      17.42      12.38  0.9765     0.9818  0.0235     0.0182     0.1212         0.1243
    101   3.10    31.02      17.69      12.02  0.9789     0.9820  0.0211     0.0180     0.1174         0.1186
    102   3.08    30.39      17.56      12.08  0.9761     0.9795  0.0239     0.0205     0.1072         0.1081
    103   3.11    30.53      17.52      11.92  0.9767     0.9819  0.0233     0.0181     0.1211         0.1240
    104   3.12    31.16      16.93      12.28  0.9798     0.9816  0.0202     0.0184     0.1197         0.1201
    105   3.10    29.24      17.34      11.78  0.9762     0.9812  0.0238     0.0188     0.1242         0.1273
    106   3.09    28.67      16.80      11.93  0.9760     0.9798  0.0240     0.0202     0.1246         0.1239
    107   3.11    29.61      17.06      12.05  0.9797     0.9827  0.0203     0.0173     0.1199         0.1235
    108   3.10    28.89      16.94      11.86  0.9790     0.9819  0.0210     0.0181     0.1237         0.1263
    109   3.09    29.51      17.03      11.64  0.9755     0.9806  0.0245     0.0194     0.1186         0.1198
    110   3.11    28.99      17.20      12.11  0.9793     0.9831  0.0207     0.0169     0.1138         0.1148
    111   3.10    30.22      17.23      11.68  0.9783     0.9821  0.0217     0.0179     0.1176         0.1190
    112   3.10    28.69      17.14      11.77  0.9776     0.9817  0.0224     0.0183     0.1085         0.1123
    113   3.12    29.78      17.16      11.71  0.9798     0.9835  0.0202     0.0165     0.0991         0.0992
    114   3.08    29.10      16.40      11.57  0.9781     0.9812  0.0219     0.0188     0.1290         0.1315
    115   3.11    28.94      16.45      12.03  0.9781     0.9816  0.0219     0.0184     0.1098         0.1094
    116   3.12    29.99      16.43      11.90  0.9799     0.9826  0.0201     0.0174     0.1122         0.1154
    117   3.10    28.02      16.16      11.65  0.9778     0.9804  0.0222     0.0196     0.1216         0.1237
    118   3.10    30.29      16.41      11.86  0.9787     0.9822  0.0213     0.0178     0.1099         0.1093
    119   3.09    29.18      16.40      11.59  0.9785     0.9823  0.0215     0.0177     0.1182         0.1184
    120   3.09    27.71      16.73      11.64  0.9776     0.9814  0.0224     0.0186     0.1055         0.1067
    121   3.09    27.75      16.43      11.78  0.9781     0.9807  0.0219     0.0193     0.1106         0.1127
    122   3.10    29.24      16.14      11.83  0.9780     0.9811  0.0220     0.0189     0.1191         0.1198
    123   3.08    27.93      16.26      11.76  0.9771     0.9809  0.0229     0.0191     0.1188         0.1217
    124   3.09    29.05      16.51      11.84  0.9759     0.9804  0.0241     0.0196     0.1076         0.1080
    125   3.09    28.35      16.14      11.45  0.9787     0.9822  0.0213     0.0178     0.1173         0.1174
    126   3.09    28.57      16.14      11.55  0.9777     0.9825  0.0223     0.0175     0.1055         0.1055
    127   3.07    30.59      16.43      11.79  0.9765     0.9804  0.0235     0.0196     0.1130         0.1124
    128   3.08    26.85      15.94      11.71  0.9779     0.9813  0.0221     0.0187     0.1121         0.1124
    129   3.11    28.09      16.22      11.64  0.9796     0.9830  0.0204     0.0170     0.1134         0.1143
    130   3.09    27.15      16.16      11.76  0.9771     0.9818  0.0229     0.0182     0.1085         0.1088
    131   3.09    27.05      16.41      11.57  0.9785     0.9827  0.0215     0.0173     0.0929         0.0934
    132   3.11    26.88      15.82      11.55  0.9775     0.9815  0.0225     0.0185     0.1096         0.1116
    133   3.09    26.81      15.70      11.61  0.9778     0.9810  0.0222     0.0190     0.1099         0.1112
    134   3.09    26.64      16.11      11.52  0.9764     0.9798  0.0236     0.0202     0.1116         0.1125
    135   3.08    27.84      15.82      11.45  0.9759     0.9810  0.0241     0.0190     0.1148         0.1180
    136   3.10    27.26      15.65      11.55  0.9774     0.9817  0.0226     0.0183     0.1149         0.1167
    137   3.10    29.06      15.95      11.55  0.9784     0.9831  0.0216     0.0169     0.1066         0.1067
    138   3.09    26.83      15.42      11.52  0.9772     0.9812  0.0228     0.0188     0.1168         0.1182
    139   3.10    27.47      16.12      11.33  0.9783     0.9816  0.0217     0.0184     0.1006         0.1025
    140   3.07    26.03      15.55      11.37  0.9759     0.9785  0.0241     0.0215     0.1099         0.1137
    141   3.09    26.26      15.52      11.31  0.9769     0.9811  0.0231     0.0189     0.1154         0.1186
    142   3.11    26.55      16.27      11.50  0.9800     0.9827  0.0200     0.0173     0.1021         0.1036
    143   3.10    27.57      15.59      11.68  0.9801     0.9822  0.0199     0.0178     0.1141         0.1169
    144   3.10    26.28      15.66      11.58  0.9793     0.9827  0.0207     0.0173     0.1044         0.1048
    145   3.10    28.76      16.35      11.38  0.9789     0.9827  0.0211     0.0173     0.1022         0.1023
    146   3.10    27.39      15.41      11.32  0.9789     0.9821  0.0211     0.0179     0.1259         0.1273
    147   3.08    26.40      15.36      11.24  0.9755     0.9813  0.0245     0.0187     0.1085         0.1098
    148   3.09    27.07      15.25      11.52  0.9780     0.9823  0.0220     0.0177     0.1153         0.1183
    149   3.08    26.81      15.44      11.40  0.9753     0.9794  0.0247     0.0206     0.1082         0.1086
    150   3.11    26.92      15.34      11.46  0.9793     0.9827  0.0207     0.0173     0.1066         0.1073
    151   3.07    26.16      15.11      11.36  0.9767     0.9810  0.0233     0.0190     0.1261         0.1260
    152   3.10    25.89      15.21      11.27  0.9776     0.9816  0.0224     0.0184     0.1204         0.1222
    153   3.07    25.82      15.41      11.46  0.9757     0.9793  0.0243     0.0207     0.1083         0.1076
    154   3.09    26.11      15.44      11.33  0.9773     0.9803  0.0227     0.0197     0.1023         0.1015
    155   3.10    26.07      14.91      11.33  0.9769     0.9818  0.0231     0.0182     0.1132         0.1159
    156   3.09    26.13      14.83      11.22  0.9782     0.9822  0.0218     0.0178     0.1188         0.1183
    157   3.09    25.79      14.96      11.24  0.9771     0.9802  0.0229     0.0198     0.1240         0.1267
    158   3.09    25.63      14.99      11.12  0.9768     0.9804  0.0232     0.0196     0.1152         0.1168
    159   3.09    25.54      15.24      11.32  0.9778     0.9825  0.0222     0.0175     0.1014         0.1017
    160   3.11    26.79      14.96      11.33  0.9779     0.9830  0.0221     0.0170     0.1115         0.1132
    161   3.11    25.17      15.06      11.30  0.9802     0.9821  0.0198     0.0179     0.1073         0.1060
    162   3.09    25.63      15.29      11.28  0.9783     0.9827  0.0217     0.0173     0.0973         0.1001
    163   3.08    25.60      15.23      11.26  0.9766     0.9809  0.0234     0.0191     0.0978         0.0970
    164   3.09    26.97      15.43      11.38  0.9781     0.9828  0.0219     0.0172     0.1083         0.1095
    165   3.10    26.68      15.38      11.48  0.9791     0.9820  0.0209     0.0180     0.1058         0.1062
    166   3.09    25.88      14.81      11.29  0.9780     0.9815  0.0220     0.0185     0.1123         0.1130
    167   3.08    25.32      14.86      11.19  0.9774     0.9817  0.0226     0.0183     0.1207         0.1224
    168   3.09    25.34      14.85      11.32  0.9774     0.9811  0.0226     0.0189     0.1148         0.1156
    169   3.10    25.71      14.86      11.10  0.9792     0.9830  0.0208     0.0170     0.1166         0.1188
    170   3.09    26.52      15.00      11.22  0.9787     0.9826  0.0213     0.0174     0.1047         0.1077
    171   3.12    26.60      14.70      11.23  0.9794     0.9828  0.0206     0.0172     0.1168         0.1183
    172   3.10    25.73      14.87      11.29  0.9782     0.9819  0.0218     0.0181     0.1120         0.1140
    173   3.12    25.98      14.81      11.24  0.9807     0.9840  0.0193     0.0160     0.1170         0.1188
    174   3.09    25.40      15.05      11.37  0.9780     0.9821  0.0220     0.0179     0.1178         0.1196
    175   3.08    25.39      14.59      11.27  0.9769     0.9805  0.0231     0.0195     0.1214         0.1237
    176   3.10    24.95      14.64      11.06  0.9773     0.9815  0.0227     0.0185     0.1161         0.1149
    177   3.12    25.81      14.81      11.25  0.9790     0.9833  0.0210     0.0167     0.1159         0.1167
    178   3.10    24.93      14.86      11.35  0.9776     0.9812  0.0224     0.0188     0.1077         0.1089
    179   3.07    25.01      14.90      11.39  0.9769     0.9808  0.0231     0.0192     0.1160         0.1157
    180   3.08    25.23      14.70      11.41  0.9766     0.9815  0.0234     0.0185     0.1116         0.1122
    181   3.10    24.66      14.53      11.35  0.9781     0.9824  0.0219     0.0176     0.1194         0.1190
    182   3.09    24.70      14.61      11.20  0.9784     0.9812  0.0216     0.0188     0.1171         0.1186
    183   3.10    25.09      14.81      11.15  0.9788     0.9833  0.0212     0.0167     0.1129         0.1138
    184   3.08    25.00      14.51      11.12  0.9770     0.9825  0.0230     0.0175     0.1189         0.1201
    185   3.09    24.83      14.65      11.21  0.9784     0.9809  0.0216     0.0191     0.1184         0.1211
    186   3.09    25.44      14.49      11.19  0.9787     0.9827  0.0213     0.0173     0.1162         0.1158
    187   3.10    25.06      14.58      11.08  0.9779     0.9819  0.0221     0.0181     0.1213         0.1208
    188   3.10    25.70      14.55      11.36  0.9791     0.9837  0.0209     0.0163     0.1191         0.1198
    189   3.10    25.05      14.76      11.21  0.9784     0.9825  0.0216     0.0175     0.1120         0.1136
    190   3.08    25.52      14.85      11.29  0.9783     0.9805  0.0217     0.0195     0.1151         0.1156
    191   3.09    24.18      14.35      11.02  0.9765     0.9821  0.0235     0.0179     0.1197         0.1214
    192   3.11    24.55      14.59      11.09  0.9797     0.9820  0.0203     0.0180     0.1140         0.1124
    193   3.07    24.85      14.33      11.05  0.9757     0.9814  0.0243     0.0186     0.1247         0.1272
    194   3.07    24.51      14.63      11.26  0.9787     0.9820  0.0213     0.0180     0.1104         0.1110
    195   3.09    24.29      14.88      11.29  0.9784     0.9815  0.0216     0.0185     0.1047         0.1071
    196   3.08    24.69      14.20      11.24  0.9791     0.9824  0.0209     0.0176     0.1256         0.1263
    197   3.10    24.46      14.38      11.15  0.9796     0.9825  0.0204     0.0175     0.1215         0.1225
    198   3.10    25.26      14.80      11.38  0.9774     0.9822  0.0226     0.0178     0.1123         0.1130
    199   3.09    25.24      14.66      11.19  0.9772     0.9818  0.0228     0.0182     0.1104         0.1118
    200   3.10    24.60      14.34      11.15  0.9791     0.9834  0.0209     0.0166     0.1199         0.1227
The log/output/model have been saved to: ./logs/new_train.py-multi_zetas{'num_epochs': 200, 'use_stoch': [True, True, True], 'betas': None}-igj-04-04-06:40 + .csv/.out/.cpt
