  epoch    IZY    IXZ_1     acc    avg_acc     err    avg_err    adv_acc    avg_adv_acc
-------  -----  -------  ------  ---------  ------  ---------  ---------  -------------
      1   3.02    48.89  0.9367     0.9461  0.0633     0.0539     0.0300         0.0312
      2   3.13    37.74  0.9583     0.9654  0.0417     0.0346     0.0329         0.0349
      3   3.11    33.86  0.9569     0.9605  0.0431     0.0395     0.0396         0.0398
      4   3.18    31.40  0.9724     0.9736  0.0276     0.0264     0.0489         0.0512
      5   3.18    32.64  0.9731     0.9752  0.0269     0.0248     0.0595         0.0612
      6   3.16    28.21  0.9695     0.9719  0.0305     0.0281     0.0806         0.0843
      7   3.19    26.87  0.9764     0.9785  0.0236     0.0215     0.1196         0.1270
      8   3.20    27.01  0.9774     0.9776  0.0226     0.0224     0.1366         0.1404
      9   3.11    29.31  0.9639     0.9660  0.0361     0.0340     0.1657         0.1709
     10   3.21    24.19  0.9806     0.9824  0.0194     0.0176     0.2260         0.2329
     11   3.19    23.68  0.9784     0.9811  0.0216     0.0189     0.1987         0.2102
     12   3.17    23.54  0.9770     0.9777  0.0230     0.0223     0.2308         0.2430
     13   3.15    22.64  0.9732     0.9750  0.0268     0.0250     0.2460         0.2528
     14   3.14    24.31  0.9722     0.9743  0.0278     0.0257     0.2483         0.2650
     15   3.19    21.15  0.9805     0.9813  0.0195     0.0187     0.3578         0.3699
     16   3.19    20.17  0.9824     0.9826  0.0176     0.0174     0.3555         0.3654
     17   3.18    21.17  0.9779     0.9782  0.0221     0.0218     0.3171         0.3295
     18   3.19    20.42  0.9801     0.9817  0.0199     0.0183     0.3782         0.3900
     19   3.18    19.05  0.9811     0.9814  0.0189     0.0186     0.4010         0.4115
     20   3.16    22.30  0.9751     0.9751  0.0249     0.0249     0.2679         0.2777
     21   3.21    18.27  0.9845     0.9850  0.0155     0.0150     0.3763         0.3905
     22   3.19    19.14  0.9811     0.9828  0.0189     0.0172     0.3457         0.3563
     23   3.21    25.49  0.9834     0.9840  0.0166     0.0160     0.3744         0.3784
     24   3.19    19.21  0.9824     0.9827  0.0176     0.0173     0.3759         0.3886
     25   3.17    19.93  0.9805     0.9812  0.0195     0.0188     0.3932         0.4087
     26   3.17    19.09  0.9793     0.9802  0.0207     0.0198     0.4117         0.4214
     27   3.20    17.49  0.9833     0.9832  0.0167     0.0168     0.4738         0.4840
     28   3.18    18.17  0.9814     0.9834  0.0186     0.0166     0.3662         0.3831
     29   3.21    18.86  0.9849     0.9850  0.0151     0.0150     0.3835         0.3944
     30   3.20    18.90  0.9842     0.9844  0.0158     0.0156     0.3146         0.3246
     31   3.16    17.57  0.9792     0.9800  0.0208     0.0200     0.3910         0.4048
     32   3.17    19.00  0.9806     0.9805  0.0194     0.0195     0.3412         0.3516
     33   3.19    18.30  0.9847     0.9846  0.0153     0.0154     0.4081         0.4174
     34   3.19    19.54  0.9843     0.9854  0.0157     0.0146     0.3744         0.3799
     35   3.19    17.65  0.9833     0.9837  0.0167     0.0163     0.3918         0.4059
     36   3.12    18.43  0.9748     0.9763  0.0252     0.0237     0.3303         0.3433
     37   3.16    18.78  0.9791     0.9810  0.0209     0.0190     0.3336         0.3431
     38   3.19    22.24  0.9824     0.9824  0.0176     0.0176     0.3828         0.3899
     39   3.20    16.98  0.9850     0.9852  0.0150     0.0148     0.4374         0.4477
     40   3.18    18.13  0.9835     0.9838  0.0165     0.0162     0.4481         0.4535
     41   3.18    18.01  0.9819     0.9823  0.0181     0.0177     0.3609         0.3689
     42   3.14    16.17  0.9797     0.9800  0.0203     0.0200     0.3909         0.4018
     43   3.19    15.79  0.9845     0.9845  0.0155     0.0155     0.4079         0.4193
     44   3.18    16.48  0.9835     0.9844  0.0165     0.0156     0.3725         0.3823
     45   3.19    17.34  0.9844     0.9840  0.0156     0.0160     0.2882         0.2922
     46   3.19    15.36  0.9844     0.9846  0.0156     0.0154     0.3718         0.3834
     47   3.16    17.19  0.9820     0.9831  0.0180     0.0169     0.3140         0.3213
     48   3.19    15.61  0.9840     0.9848  0.0160     0.0152     0.3368         0.3471
     49   3.19    16.07  0.9857     0.9852  0.0143     0.0148     0.3720         0.3802
     50   3.19    15.44  0.9866     0.9867  0.0134     0.0133     0.4357         0.4439
     51   3.17    15.46  0.9825     0.9824  0.0175     0.0176     0.3170         0.3248
     52   3.17    17.32  0.9830     0.9834  0.0170     0.0166     0.3388         0.3454
     53   3.19    14.74  0.9855     0.9858  0.0145     0.0142     0.4008         0.4115
     54   3.17    15.75  0.9832     0.9837  0.0168     0.0163     0.4133         0.4188
     55   3.18    14.64  0.9838     0.9844  0.0162     0.0156     0.3983         0.4049
     56   3.18    15.03  0.9831     0.9839  0.0169     0.0161     0.3901         0.3968
     57   3.20    14.81  0.9861     0.9871  0.0139     0.0129     0.4186         0.4224
     58   3.19    14.81  0.9858     0.9862  0.0142     0.0138     0.4598         0.4672
     59   3.16    15.98  0.9823     0.9838  0.0177     0.0162     0.3462         0.3533
     60   3.18    14.55  0.9848     0.9848  0.0152     0.0152     0.4145         0.4253
     61   3.15    14.92  0.9820     0.9835  0.0180     0.0165     0.4084         0.4179
     62   3.16    15.80  0.9830     0.9842  0.0170     0.0158     0.3736         0.3808
     63   3.16    14.99  0.9830     0.9834  0.0170     0.0166     0.3646         0.3707
     64   3.18    14.21  0.9850     0.9864  0.0150     0.0136     0.3950         0.4022
     65   3.19    15.64  0.9858     0.9867  0.0142     0.0133     0.3763         0.3796
     66   3.15    14.44  0.9821     0.9840  0.0179     0.0160     0.3772         0.3861
     67   3.18    14.34  0.9845     0.9855  0.0155     0.0145     0.3289         0.3361
     68   3.19    15.63  0.9845     0.9854  0.0155     0.0146     0.3745         0.3781
     69   3.19    14.11  0.9863     0.9872  0.0137     0.0128     0.4080         0.4159
     70   3.19    14.33  0.9866     0.9871  0.0134     0.0129     0.4225         0.4276
     71   3.19    13.75  0.9855     0.9863  0.0145     0.0137     0.4513         0.4587
     72   3.19    14.02  0.9864     0.9868  0.0136     0.0132     0.4084         0.4134
     73   3.19    14.11  0.9865     0.9866  0.0135     0.0134     0.4480         0.4548
     74   3.20    15.08  0.9864     0.9868  0.0136     0.0132     0.4253         0.4302
     75   3.19    14.32  0.9865     0.9877  0.0135     0.0123     0.4301         0.4339
     76   3.10    17.88  0.9759     0.9762  0.0241     0.0238     0.2481         0.2520
     77   3.17    14.05  0.9842     0.9860  0.0158     0.0140     0.3656         0.3697
     78   3.18    14.05  0.9854     0.9857  0.0146     0.0143     0.4109         0.4150
     79   3.18    13.85  0.9861     0.9864  0.0139     0.0136     0.4653         0.4699
     80   3.18    13.46  0.9868     0.9863  0.0132     0.0137     0.5217         0.5268
     81   3.19    13.77  0.9868     0.9876  0.0132     0.0124     0.4702         0.4759
     82   3.18    14.30  0.9860     0.9866  0.0140     0.0134     0.4319         0.4356
     83   3.09    14.44  0.9758     0.9777  0.0242     0.0223     0.3515         0.3562
     84   3.18    14.32  0.9863     0.9845  0.0137     0.0155     0.3468         0.3507
     85   3.18    13.66  0.9853     0.9860  0.0147     0.0140     0.4401         0.4417
     86   3.18    14.27  0.9852     0.9867  0.0148     0.0133     0.3812         0.3829
     87   3.16    14.41  0.9846     0.9846  0.0154     0.0154     0.3911         0.3947
     88   3.17    14.14  0.9865     0.9873  0.0135     0.0127     0.4055         0.4085
     89   3.18    13.65  0.9868     0.9875  0.0132     0.0125     0.4024         0.4101
     90   3.19    14.19  0.9868     0.9871  0.0132     0.0129     0.4150         0.4173
     91   3.18    13.61  0.9859     0.9866  0.0141     0.0134     0.4159         0.4181
     92   3.15    13.98  0.9838     0.9844  0.0162     0.0156     0.4526         0.4566
     93   3.17    14.35  0.9839     0.9850  0.0161     0.0150     0.4099         0.4110
     94   3.17    13.72  0.9847     0.9850  0.0153     0.0150     0.4232         0.4256
     95   3.16    13.07  0.9854     0.9858  0.0146     0.0142     0.4723         0.4757
     96   3.17    13.77  0.9854     0.9860  0.0146     0.0140     0.4348         0.4393
     97   3.16    13.06  0.9844     0.9850  0.0156     0.0150     0.4752         0.4820
     98   3.16    13.25  0.9849     0.9855  0.0151     0.0145     0.4541         0.4598
     99   3.17    13.28  0.9856     0.9858  0.0144     0.0142     0.4570         0.4622
    100   3.18    13.01  0.9854     0.9857  0.0146     0.0143     0.4820         0.4873
    101   3.18    13.53  0.9864     0.9867  0.0136     0.0133     0.4494         0.4532
    102   3.16    13.66  0.9840     0.9859  0.0160     0.0141     0.4280         0.4333
    103   3.17    13.26  0.9860     0.9859  0.0140     0.0141     0.4190         0.4257
    104   3.18    14.78  0.9862     0.9870  0.0138     0.0130     0.4278         0.4313
    105   3.19    13.05  0.9862     0.9868  0.0138     0.0132     0.4737         0.4793
    106   3.18    13.20  0.9870     0.9871  0.0130     0.0129     0.4627         0.4689
    107   3.18    12.99  0.9857     0.9863  0.0143     0.0137     0.4604         0.4651
    108   3.18    12.91  0.9858     0.9871  0.0142     0.0129     0.4747         0.4809
    109   3.18    13.00  0.9855     0.9869  0.0145     0.0131     0.4614         0.4655
    110   3.18    13.18  0.9860     0.9869  0.0140     0.0131     0.4475         0.4561
    111   3.18    12.97  0.9859     0.9865  0.0141     0.0135     0.4738         0.4783
    112   3.17    13.23  0.9858     0.9864  0.0142     0.0136     0.4466         0.4519
    113   3.16    13.22  0.9846     0.9856  0.0154     0.0144     0.5121         0.5160
    114   3.18    13.27  0.9861     0.9866  0.0139     0.0134     0.4806         0.4842
    115   3.18    13.12  0.9857     0.9869  0.0143     0.0131     0.4727         0.4771
    116   3.17    12.89  0.9860     0.9867  0.0140     0.0133     0.4721         0.4783
    117   3.18    13.53  0.9861     0.9859  0.0139     0.0141     0.4393         0.4477
    118   3.19    13.84  0.9872     0.9869  0.0128     0.0131     0.4503         0.4539
    119   3.19    13.40  0.9868     0.9868  0.0132     0.0132     0.4418         0.4467
    120   3.18    13.03  0.9864     0.9870  0.0136     0.0130     0.4484         0.4530
    121   3.19    12.96  0.9860     0.9870  0.0140     0.0130     0.4418         0.4477
    122   3.18    13.81  0.9865     0.9868  0.0135     0.0132     0.4837         0.4889
    123   3.17    12.76  0.9851     0.9865  0.0149     0.0135     0.5088         0.5125
    124   3.17    12.54  0.9857     0.9866  0.0143     0.0134     0.4745         0.4793
    125   3.17    13.50  0.9859     0.9870  0.0141     0.0130     0.5021         0.5059
    126   3.18    12.98  0.9855     0.9863  0.0145     0.0137     0.4913         0.4953
    127   3.18    13.86  0.9863     0.9861  0.0137     0.0139     0.4896         0.4920
    128   3.18    12.98  0.9865     0.9878  0.0135     0.0122     0.4880         0.4903
    129   3.18    13.07  0.9860     0.9878  0.0140     0.0122     0.4892         0.4914
    130   3.17    12.79  0.9854     0.9872  0.0146     0.0128     0.5155         0.5178
    131   3.17    12.86  0.9861     0.9868  0.0139     0.0132     0.4824         0.4864
    132   3.16    13.21  0.9855     0.9868  0.0145     0.0132     0.4624         0.4651
    133   3.18    12.65  0.9869     0.9872  0.0131     0.0128     0.4579         0.4623
    134   3.18    13.45  0.9857     0.9869  0.0143     0.0131     0.4518         0.4529
    135   3.17    12.78  0.9857     0.9866  0.0143     0.0134     0.4535         0.4560
    136   3.16    12.65  0.9850     0.9866  0.0150     0.0134     0.4548         0.4589
    137   3.17    12.93  0.9848     0.9864  0.0152     0.0136     0.4434         0.4473
    138   3.18    12.81  0.9858     0.9872  0.0142     0.0128     0.4602         0.4631
    139   3.17    14.11  0.9865     0.9870  0.0135     0.0130     0.4665         0.4694
    140   3.17    12.68  0.9854     0.9867  0.0146     0.0133     0.4412         0.4458
    141   3.16    13.01  0.9843     0.9860  0.0157     0.0140     0.4458         0.4516
    142   3.17    12.82  0.9863     0.9878  0.0137     0.0122     0.4597         0.4629
    143   3.18    12.73  0.9861     0.9879  0.0139     0.0121     0.4824         0.4875
    144   3.19    13.87  0.9870     0.9878  0.0130     0.0122     0.4821         0.4860
    145   3.18    12.51  0.9872     0.9877  0.0128     0.0123     0.4871         0.4919
    146   3.19    13.27  0.9879     0.9884  0.0121     0.0116     0.4712         0.4762
    147   3.19    12.86  0.9867     0.9878  0.0133     0.0122     0.4819         0.4871
    148   3.19    12.71  0.9869     0.9877  0.0131     0.0123     0.5057         0.5133
    149   3.17    12.74  0.9853     0.9870  0.0147     0.0130     0.5275         0.5300
    150   3.17    13.36  0.9857     0.9870  0.0143     0.0130     0.5183         0.5235
    151   3.18    13.50  0.9860     0.9869  0.0140     0.0131     0.5025         0.5065
    152   3.18    12.58  0.9862     0.9869  0.0138     0.0131     0.4979         0.5083
    153   3.17    12.46  0.9855     0.9870  0.0145     0.0130     0.4922         0.4965
    154   3.18    13.22  0.9872     0.9874  0.0128     0.0126     0.4918         0.4979
    155   3.18    12.57  0.9859     0.9873  0.0141     0.0127     0.4864         0.4902
    156   3.18    12.56  0.9865     0.9873  0.0135     0.0127     0.4660         0.4691
    157   3.19    13.17  0.9866     0.9876  0.0134     0.0124     0.4504         0.4568
    158   3.18    12.56  0.9861     0.9877  0.0139     0.0123     0.4398         0.4459
    159   3.18    13.17  0.9863     0.9874  0.0137     0.0126     0.4497         0.4551
    160   3.17    12.46  0.9865     0.9872  0.0135     0.0128     0.4494         0.4564
    161   3.17    12.49  0.9857     0.9863  0.0143     0.0137     0.4628         0.4664
    162   3.17    12.76  0.9855     0.9869  0.0145     0.0131     0.4638         0.4699
    163   3.17    12.33  0.9859     0.9864  0.0141     0.0136     0.4989         0.5050
    164   3.18    12.57  0.9864     0.9869  0.0136     0.0131     0.5217         0.5242
    165   3.17    13.03  0.9851     0.9867  0.0149     0.0133     0.4826         0.4893
    166   3.18    12.71  0.9858     0.9873  0.0142     0.0127     0.4564         0.4607
    167   3.17    12.33  0.9859     0.9866  0.0141     0.0134     0.4865         0.4878
    168   3.17    12.50  0.9856     0.9860  0.0144     0.0140     0.4878         0.4925
    169   3.17    12.49  0.9859     0.9869  0.0141     0.0131     0.4975         0.5017
    170   3.17    12.47  0.9854     0.9870  0.0146     0.0130     0.5369         0.5452
    171   3.17    12.43  0.9860     0.9871  0.0140     0.0129     0.5329         0.5408
    172   3.16    12.49  0.9850     0.9861  0.0150     0.0139     0.5474         0.5571
    173   3.17    12.37  0.9860     0.9869  0.0140     0.0131     0.5310         0.5395
    174   3.18    12.42  0.9862     0.9876  0.0138     0.0124     0.5245         0.5288
    175   3.17    12.29  0.9849     0.9874  0.0151     0.0126     0.5244         0.5277
    176   3.17    12.42  0.9857     0.9873  0.0143     0.0127     0.5288         0.5345
    177   3.18    12.51  0.9859     0.9873  0.0141     0.0127     0.5187         0.5258
    178   3.17    12.55  0.9866     0.9875  0.0134     0.0125     0.5181         0.5247
    179   3.19    12.41  0.9873     0.9875  0.0127     0.0125     0.5111         0.5165
    180   3.18    12.49  0.9867     0.9872  0.0133     0.0128     0.5026         0.5091
    181   3.17    12.69  0.9863     0.9876  0.0137     0.0124     0.5072         0.5120
    182   3.17    12.56  0.9871     0.9882  0.0129     0.0118     0.5345         0.5386
    183   3.17    12.94  0.9870     0.9878  0.0130     0.0122     0.5125         0.5174
    184   3.17    12.33  0.9870     0.9875  0.0130     0.0125     0.5167         0.5215
    185   3.18    12.66  0.9869     0.9874  0.0131     0.0126     0.5256         0.5294
    186   3.17    12.53  0.9877     0.9875  0.0123     0.0125     0.5172         0.5202
    187   3.17    12.57  0.9866     0.9883  0.0134     0.0117     0.5264         0.5292
    188   3.18    12.37  0.9869     0.9880  0.0131     0.0120     0.5269         0.5349
    189   3.19    12.93  0.9868     0.9879  0.0132     0.0121     0.5145         0.5207
    190   3.17    12.45  0.9867     0.9879  0.0133     0.0121     0.5064         0.5149
    191   3.18    12.63  0.9863     0.9870  0.0137     0.0130     0.4970         0.5045
    192   3.18    12.42  0.9868     0.9874  0.0132     0.0126     0.5062         0.5108
    193   3.17    12.52  0.9867     0.9879  0.0133     0.0121     0.5017         0.5090
    194   3.17    12.20  0.9871     0.9884  0.0129     0.0116     0.4911         0.4959
    195   3.17    12.77  0.9860     0.9871  0.0140     0.0129     0.4458         0.4508
    196   3.18    12.31  0.9870     0.9869  0.0130     0.0131     0.4697         0.4737
    197   3.17    12.25  0.9861     0.9874  0.0139     0.0126     0.4718         0.4772
    198   3.18    12.99  0.9870     0.9878  0.0130     0.0122     0.4567         0.4612
    199   3.17    12.93  0.9860     0.9872  0.0140     0.0128     0.4671         0.4665
    200   3.17    12.41  0.9858     0.9865  0.0142     0.0135     0.4842         0.4932
The log/output/model have been saved to: ./logs/new_train.py-multi_zetas{'num_epochs': 200, 'use_stoch': [False, False, True], 'betas': None}-env-04-04-02:33 + .csv/.out/.cpt
