  epoch    IZY    IXZ_1    IZ_1Z_2    IZ_2Z_3     acc    avg_acc     err    avg_err    adv_acc    avg_adv_acc
-------  -----  -------  ---------  ---------  ------  ---------  ------  ---------  ---------  -------------
      1   2.85   174.68     138.96      66.83  0.8991     0.9156  0.1009     0.0844     0.0714         0.0723
      2   2.92   131.81     103.88      56.63  0.9188     0.9385  0.0812     0.0615     0.0784         0.0799
      3   3.08   130.95     111.76      53.06  0.9559     0.9612  0.0441     0.0388     0.0541         0.0549
      4   3.06   111.35      98.58      48.53  0.9509     0.9585  0.0491     0.0415     0.0755         0.0798
      5   2.98    91.03      75.41      45.96  0.9354     0.9587  0.0646     0.0413     0.1030         0.1121
      6   3.10    94.57      83.71      44.81  0.9575     0.9635  0.0425     0.0365     0.0836         0.0887
      7   3.14   104.90      93.23      47.77  0.9679     0.9680  0.0321     0.0320     0.0750         0.0779
      8   3.08    78.80      64.57      37.61  0.9546     0.9665  0.0454     0.0335     0.1148         0.1270
      9   3.09    89.03      69.66      36.50  0.9596     0.9648  0.0404     0.0352     0.1037         0.1100
     10   3.13    78.66      63.03      33.76  0.9681     0.9732  0.0319     0.0268     0.1286         0.1387
     11   3.15    88.32      70.02      35.47  0.9698     0.9743  0.0302     0.0257     0.1381         0.1457
     12   3.09    71.22      52.42      29.51  0.9593     0.9716  0.0407     0.0284     0.1891         0.2092
     13   3.06    73.05      51.26      30.59  0.9544     0.9686  0.0456     0.0314     0.2202         0.2423
     14   3.14    74.03      59.97      30.94  0.9690     0.9725  0.0310     0.0275     0.1744         0.1807
     15   3.13    66.32      50.67      25.90  0.9688     0.9743  0.0312     0.0257     0.2047         0.2154
     16   3.11    63.11      48.06      24.44  0.9662     0.9717  0.0338     0.0283     0.2264         0.2426
     17   3.14    64.35      46.97      22.97  0.9714     0.9778  0.0286     0.0222     0.2552         0.2719
     18   3.12    58.32      42.69      23.34  0.9682     0.9774  0.0318     0.0226     0.2588         0.2762
     19   3.12    58.69      42.13      21.92  0.9697     0.9755  0.0303     0.0245     0.2802         0.2901
     20   3.10    61.56      41.48      20.62  0.9679     0.9747  0.0321     0.0253     0.3125         0.3295
     21   3.08    56.24      40.56      20.21  0.9641     0.9716  0.0359     0.0284     0.3123         0.3256
     22   3.13    57.33      42.60      20.52  0.9725     0.9777  0.0275     0.0223     0.2969         0.3102
     23   3.11    54.97      39.14      20.16  0.9690     0.9756  0.0310     0.0244     0.2616         0.2742
     24   3.14    56.07      39.41      18.54  0.9730     0.9787  0.0270     0.0213     0.3337         0.3429
     25   3.15    57.06      40.03      20.73  0.9764     0.9794  0.0236     0.0206     0.2952         0.3032
     26   3.07    55.77      37.88      17.46  0.9658     0.9696  0.0342     0.0304     0.2954         0.3052
     27   3.05    52.60      35.69      18.34  0.9627     0.9693  0.0373     0.0307     0.2841         0.2997
     28   3.11    50.59      34.61      17.86  0.9715     0.9770  0.0285     0.0230     0.2993         0.3191
     29   3.13    48.72      35.81      17.93  0.9739     0.9778  0.0261     0.0222     0.2757         0.2856
     30   3.09    55.95      33.61      16.97  0.9715     0.9758  0.0285     0.0242     0.2814         0.2938
     31   3.09    48.50      31.76      16.65  0.9698     0.9754  0.0302     0.0246     0.2891         0.3057
     32   3.12    47.61      32.92      16.42  0.9724     0.9796  0.0276     0.0204     0.2622         0.2737
     33   3.06    45.59      31.90      16.13  0.9650     0.9715  0.0350     0.0285     0.2200         0.2282
     34   3.14    55.32      34.55      17.04  0.9785     0.9801  0.0215     0.0199     0.2322         0.2364
     35   3.13    49.00      31.77      16.61  0.9774     0.9798  0.0226     0.0202     0.2559         0.2626
     36   3.13    46.36      30.22      16.55  0.9763     0.9793  0.0237     0.0207     0.2312         0.2373
     37   3.11    50.43      32.04      15.63  0.9767     0.9798  0.0233     0.0202     0.2187         0.2260
     38   3.11    47.24      30.64      15.41  0.9747     0.9787  0.0253     0.0213     0.2033         0.2074
     39   3.11    48.92      28.96      15.40  0.9740     0.9789  0.0260     0.0211     0.2267         0.2345
     40   3.11    45.15      28.36      15.27  0.9733     0.9769  0.0267     0.0231     0.1949         0.2021
     41   3.14    52.55      30.34      15.31  0.9798     0.9819  0.0202     0.0181     0.1756         0.1810
     42   3.12    50.16      29.05      14.77  0.9744     0.9784  0.0256     0.0216     0.1894         0.1934
     43   3.13    45.02      28.58      14.87  0.9779     0.9808  0.0221     0.0192     0.1906         0.1960
     44   3.13    44.33      26.78      15.17  0.9774     0.9805  0.0226     0.0195     0.1972         0.2051
     45   3.14    44.68      26.69      15.37  0.9786     0.9821  0.0214     0.0179     0.2049         0.2083
     46   3.12    43.39      26.58      14.86  0.9770     0.9793  0.0230     0.0207     0.1672         0.1712
     47   3.08    46.19      25.85      14.44  0.9721     0.9773  0.0279     0.0227     0.1960         0.2029
     48   3.08    47.64      27.31      14.33  0.9743     0.9778  0.0257     0.0222     0.1629         0.1657
     49   3.11    44.87      26.35      13.84  0.9757     0.9805  0.0243     0.0195     0.1706         0.1754
     50   3.13    45.09      25.88      14.38  0.9788     0.9806  0.0212     0.0194     0.1690         0.1741
     51   3.12    44.21      25.09      14.16  0.9761     0.9809  0.0239     0.0191     0.1570         0.1621
     52   3.08    41.43      25.15      13.97  0.9736     0.9771  0.0264     0.0229     0.1470         0.1493
     53   3.11    39.46      24.52      13.90  0.9749     0.9796  0.0251     0.0204     0.1605         0.1660
     54   3.12    43.67      25.15      13.56  0.9785     0.9817  0.0215     0.0183     0.1560         0.1601
     55   3.10    41.97      24.30      13.66  0.9749     0.9804  0.0251     0.0196     0.1705         0.1782
     56   3.10    40.45      24.20      14.06  0.9758     0.9793  0.0242     0.0207     0.1510         0.1521
     57   3.09    42.10      24.29      14.28  0.9740     0.9779  0.0260     0.0221     0.1619         0.1682
     58   3.11    43.25      24.10      13.34  0.9773     0.9805  0.0227     0.0195     0.1508         0.1553
     59   3.11    43.02      23.98      13.34  0.9762     0.9791  0.0238     0.0209     0.1508         0.1543
     60   3.09    38.54      23.06      13.18  0.9753     0.9782  0.0247     0.0218     0.1494         0.1549
     61   3.09    39.37      22.63      13.61  0.9767     0.9793  0.0233     0.0207     0.1540         0.1595
     62   3.10    41.02      22.96      13.88  0.9773     0.9788  0.0227     0.0212     0.1444         0.1476
     63   3.11    42.49      23.35      13.64  0.9784     0.9805  0.0216     0.0195     0.1311         0.1328
     64   3.09    40.45      23.11      13.29  0.9741     0.9774  0.0259     0.0226     0.1438         0.1471
     65   3.11    42.24      22.36      13.23  0.9782     0.9814  0.0218     0.0186     0.1298         0.1328
     66   3.09    39.13      22.66      13.15  0.9761     0.9795  0.0239     0.0205     0.1272         0.1304
     67   3.09    38.93      22.25      13.56  0.9764     0.9794  0.0236     0.0206     0.1377         0.1405
     68   3.08    36.58      21.86      13.18  0.9727     0.9789  0.0273     0.0211     0.1195         0.1220
     69   3.12    37.32      22.12      13.70  0.9798     0.9815  0.0202     0.0185     0.1245         0.1274
     70   3.12    39.64      21.73      13.04  0.9790     0.9809  0.0210     0.0191     0.1315         0.1342
     71   3.11    37.28      21.58      12.83  0.9771     0.9816  0.0229     0.0184     0.1209         0.1229
     72   3.08    35.31      20.85      12.78  0.9737     0.9789  0.0263     0.0211     0.1283         0.1307
     73   3.11    39.37      21.33      12.37  0.9781     0.9823  0.0219     0.0177     0.1147         0.1167
     74   3.10    37.65      20.52      13.15  0.9774     0.9817  0.0226     0.0183     0.1427         0.1462
     75   3.12    35.85      21.00      13.03  0.9787     0.9818  0.0213     0.0182     0.1112         0.1133
     76   3.11    37.19      20.19      12.55  0.9772     0.9814  0.0228     0.0186     0.1419         0.1457
     77   3.10    40.42      21.23      12.81  0.9777     0.9811  0.0223     0.0189     0.1239         0.1245
     78   3.09    36.73      20.21      12.40  0.9761     0.9792  0.0239     0.0208     0.1355         0.1382
     79   3.12    39.30      23.46      12.93  0.9788     0.9817  0.0212     0.0183     0.1028         0.1044
     80   3.13    36.45      20.65      12.63  0.9799     0.9829  0.0201     0.0171     0.1240         0.1242
     81   3.09    34.42      20.77      12.40  0.9781     0.9808  0.0219     0.0192     0.1204         0.1221
     82   3.06    36.31      19.66      12.61  0.9743     0.9768  0.0257     0.0232     0.1464         0.1509
     83   3.12    35.61      19.67      12.40  0.9774     0.9825  0.0226     0.0175     0.1416         0.1468
     84   3.10    36.35      19.86      12.09  0.9772     0.9808  0.0228     0.0192     0.1430         0.1468
     85   3.09    39.53      20.39      12.34  0.9797     0.9818  0.0203     0.0182     0.1163         0.1170
     86   3.07    40.60      19.20      12.23  0.9746     0.9785  0.0254     0.0215     0.1619         0.1638
     87   3.08    39.99      22.21      12.38  0.9774     0.9791  0.0226     0.0209     0.1182         0.1181
     88   3.12    35.20      19.32      12.42  0.9783     0.9816  0.0217     0.0184     0.1255         0.1247
     89   3.11    35.48      19.67      12.04  0.9779     0.9804  0.0221     0.0196     0.1197         0.1212
     90   3.10    35.13      19.25      12.65  0.9789     0.9808  0.0211     0.0192     0.1294         0.1298
     91   3.10    34.89      19.27      12.51  0.9770     0.9808  0.0230     0.0192     0.1151         0.1170
     92   3.08    33.97      19.40      11.89  0.9742     0.9807  0.0258     0.0193     0.1136         0.1147
     93   3.11    34.20      19.48      12.22  0.9791     0.9829  0.0209     0.0171     0.1225         0.1237
     94   3.11    34.16      18.82      12.40  0.9793     0.9827  0.0207     0.0173     0.1221         0.1239
     95   3.10    33.15      18.98      12.17  0.9786     0.9810  0.0214     0.0190     0.1242         0.1253
     96   3.10    34.67      18.74      12.21  0.9791     0.9818  0.0209     0.0182     0.1127         0.1139
     97   3.09    34.09      18.66      11.64  0.9763     0.9813  0.0237     0.0187     0.1305         0.1324
     98   3.10    33.93      20.07      12.00  0.9799     0.9819  0.0201     0.0181     0.0996         0.1010
     99   3.11    33.39      18.59      12.13  0.9783     0.9813  0.0217     0.0187     0.1288         0.1291
    100   3.10    32.88      18.96      11.92  0.9794     0.9807  0.0206     0.0193     0.1206         0.1187
    101   3.09    31.59      19.01      12.11  0.9779     0.9813  0.0221     0.0187     0.1129         0.1144
    102   3.10    32.36      18.23      11.93  0.9785     0.9824  0.0215     0.0176     0.1268         0.1297
    103   3.10    31.55      18.92      12.19  0.9783     0.9819  0.0217     0.0181     0.1036         0.1039
    104   3.10    33.25      18.46      11.95  0.9784     0.9814  0.0216     0.0186     0.1255         0.1289
    105   3.10    31.23      17.84      11.95  0.9794     0.9817  0.0206     0.0183     0.1348         0.1363
    106   3.09    31.63      18.23      11.76  0.9764     0.9813  0.0236     0.0187     0.1197         0.1219
    107   3.07    31.31      18.53      11.74  0.9766     0.9806  0.0234     0.0194     0.1059         0.1067
    108   3.10    34.97      18.38      11.90  0.9794     0.9822  0.0206     0.0178     0.1095         0.1109
    109   3.11    37.45      19.53      11.74  0.9806     0.9824  0.0194     0.0176     0.0993         0.1003
    110   3.11    34.09      18.48      11.68  0.9786     0.9816  0.0214     0.0184     0.1171         0.1176
    111   3.10    31.80      17.88      11.71  0.9775     0.9823  0.0225     0.0177     0.1254         0.1253
    112   3.10    33.14      17.88      11.69  0.9772     0.9813  0.0228     0.0187     0.1181         0.1198
    113   3.09    31.39      17.64      11.53  0.9777     0.9820  0.0223     0.0180     0.1236         0.1243
    114   3.10    31.64      17.85      11.49  0.9783     0.9819  0.0217     0.0181     0.1217         0.1232
    115   3.11    31.83      17.43      11.61  0.9790     0.9826  0.0210     0.0174     0.1273         0.1275
    116   3.10    33.73      18.70      11.84  0.9785     0.9825  0.0215     0.0175     0.1030         0.1039
    117   3.11    32.28      17.57      12.00  0.9800     0.9833  0.0200     0.0167     0.1055         0.1034
    118   3.10    32.92      17.54      11.82  0.9789     0.9821  0.0211     0.0179     0.1180         0.1187
    119   3.10    31.61      17.60      11.42  0.9786     0.9824  0.0214     0.0176     0.1198         0.1200
    120   3.11    31.89      17.69      11.75  0.9800     0.9818  0.0200     0.0182     0.1173         0.1150
    121   3.08    33.11      17.11      11.88  0.9770     0.9805  0.0230     0.0195     0.1110         0.1114
    122   3.11    30.58      17.36      11.54  0.9770     0.9822  0.0230     0.0178     0.1182         0.1183
    123   3.09    32.97      17.99      11.81  0.9781     0.9817  0.0219     0.0183     0.1038         0.1036
    124   3.10    30.95      17.11      11.55  0.9785     0.9818  0.0215     0.0182     0.1183         0.1199
    125   3.08    29.82      17.18      11.60  0.9764     0.9811  0.0236     0.0189     0.1187         0.1199
    126   3.09    34.77      17.28      11.73  0.9785     0.9809  0.0215     0.0191     0.1158         0.1156
    127   3.09    30.10      17.51      11.52  0.9783     0.9811  0.0217     0.0189     0.1099         0.1113
    128   3.08    31.92      17.69      11.59  0.9785     0.9821  0.0215     0.0179     0.0996         0.0996
    129   3.10    30.07      16.89      11.74  0.9785     0.9813  0.0215     0.0187     0.1213         0.1223
    130   3.08    30.01      17.47      11.78  0.9780     0.9817  0.0220     0.0183     0.1162         0.1137
    131   3.09    31.27      17.09      11.61  0.9784     0.9809  0.0216     0.0191     0.1133         0.1145
    132   3.10    29.20      17.17      11.53  0.9787     0.9828  0.0213     0.0172     0.1161         0.1151
    133   3.11    30.37      17.01      11.40  0.9802     0.9817  0.0198     0.0183     0.1167         0.1168
    134   3.09    30.17      17.65      11.46  0.9785     0.9819  0.0215     0.0181     0.1140         0.1140
    135   3.11    28.91      17.07      11.40  0.9779     0.9816  0.0221     0.0184     0.1126         0.1143
    136   3.09    29.09      16.97      11.32  0.9773     0.9806  0.0227     0.0194     0.1144         0.1161
    137   3.10    28.76      17.09      11.38  0.9776     0.9814  0.0224     0.0186     0.1124         0.1128
    138   3.11    28.27      17.07      11.36  0.9802     0.9842  0.0198     0.0158     0.1153         0.1156
    139   3.11    28.72      16.76      11.43  0.9783     0.9824  0.0217     0.0176     0.1263         0.1255
    140   3.08    29.15      16.72      11.28  0.9780     0.9808  0.0220     0.0192     0.1197         0.1198
    141   3.11    29.82      17.03      11.47  0.9793     0.9814  0.0207     0.0186     0.1238         0.1248
    142   3.11    29.96      17.19      11.43  0.9795     0.9827  0.0205     0.0173     0.1166         0.1144
    143   3.12    29.96      16.67      11.55  0.9797     0.9825  0.0203     0.0175     0.1217         0.1210
    144   3.09    28.92      16.89      11.51  0.9786     0.9820  0.0214     0.0180     0.1067         0.1059
    145   3.10    28.94      16.45      11.47  0.9792     0.9829  0.0208     0.0171     0.1160         0.1161
    146   3.09    28.84      16.82      11.12  0.9787     0.9823  0.0213     0.0177     0.1144         0.1153
    147   3.09    28.58      16.58      11.62  0.9783     0.9818  0.0217     0.0182     0.1219         0.1218
    148   3.09    29.54      16.19      11.39  0.9772     0.9832  0.0228     0.0168     0.1277         0.1269
    149   3.10    28.49      16.54      11.48  0.9800     0.9827  0.0200     0.0173     0.1188         0.1188
    150   3.10    28.99      16.43      11.30  0.9792     0.9819  0.0208     0.0181     0.1124         0.1146
    151   3.10    28.13      16.53      11.51  0.9794     0.9825  0.0206     0.0175     0.1182         0.1169
    152   3.14    29.81      17.20      11.67  0.9814     0.9844  0.0186     0.0156     0.1063         0.1062
    153   3.12    30.27      16.95      11.41  0.9812     0.9836  0.0188     0.0164     0.1164         0.1169
    154   3.10    29.09      16.69      11.59  0.9791     0.9820  0.0209     0.0180     0.1110         0.1120
    155   3.10    29.55      16.64      11.42  0.9804     0.9822  0.0196     0.0178     0.1170         0.1172
    156   3.10    28.82      16.42      11.33  0.9796     0.9827  0.0204     0.0173     0.1331         0.1335
    157   3.10    28.99      16.38      11.43  0.9775     0.9816  0.0225     0.0184     0.1132         0.1143
    158   3.12    30.16      16.51      11.53  0.9802     0.9832  0.0198     0.0168     0.1250         0.1255
    159   3.10    28.96      16.42      11.49  0.9791     0.9821  0.0209     0.0179     0.1045         0.1063
    160   3.10    28.11      15.89      11.18  0.9771     0.9813  0.0229     0.0187     0.1367         0.1347
    161   3.11    28.39      16.31      11.31  0.9801     0.9829  0.0199     0.0171     0.1154         0.1165
    162   3.10    28.41      16.23      11.22  0.9799     0.9830  0.0201     0.0170     0.1167         0.1163
    163   3.09    29.30      16.21      11.28  0.9795     0.9825  0.0205     0.0175     0.1279         0.1281
    164   3.11    28.57      16.20      11.23  0.9793     0.9826  0.0207     0.0174     0.1217         0.1226
    165   3.09    29.24      16.24      11.30  0.9790     0.9823  0.0210     0.0177     0.1241         0.1227
    166   3.11    29.14      16.52      11.27  0.9799     0.9831  0.0201     0.0169     0.1073         0.1073
    167   3.09    27.71      16.00      11.07  0.9767     0.9819  0.0233     0.0181     0.1316         0.1302
    168   3.10    28.90      16.17      11.12  0.9801     0.9826  0.0199     0.0174     0.1120         0.1120
    169   3.10    28.90      16.18      11.22  0.9779     0.9826  0.0221     0.0174     0.1190         0.1183
    170   3.09    27.45      15.98      11.28  0.9794     0.9819  0.0206     0.0181     0.1154         0.1147
    171   3.09    27.83      15.82      11.25  0.9763     0.9822  0.0237     0.0178     0.1153         0.1169
    172   3.09    28.37      15.98      11.12  0.9778     0.9826  0.0222     0.0174     0.1211         0.1218
    173   3.10    28.58      16.11      11.20  0.9796     0.9835  0.0204     0.0165     0.1230         0.1236
    174   3.09    27.68      16.03      11.19  0.9782     0.9830  0.0218     0.0170     0.1221         0.1237
    175   3.09    28.05      16.11      11.42  0.9777     0.9814  0.0223     0.0186     0.1121         0.1104
    176   3.08    28.55      16.20      11.33  0.9786     0.9824  0.0214     0.0176     0.1070         0.1071
    177   3.11    29.22      15.63      11.21  0.9803     0.9841  0.0197     0.0159     0.1200         0.1207
    178   3.12    27.78      15.68      10.97  0.9810     0.9851  0.0190     0.0149     0.1348         0.1350
    179   3.12    28.17      15.92      11.26  0.9810     0.9833  0.0190     0.0167     0.1114         0.1135
    180   3.11    27.46      16.01      11.12  0.9791     0.9840  0.0209     0.0160     0.1186         0.1190
    181   3.10    27.20      15.83      11.23  0.9795     0.9829  0.0205     0.0171     0.1138         0.1120
    182   3.11    28.05      15.83      11.07  0.9798     0.9838  0.0202     0.0162     0.1141         0.1117
    183   3.10    27.72      15.66      11.08  0.9787     0.9817  0.0213     0.0183     0.1169         0.1171
    184   3.11    28.21      15.89      11.29  0.9794     0.9821  0.0206     0.0179     0.1143         0.1140
    185   3.12    27.91      16.29      11.33  0.9803     0.9840  0.0197     0.0160     0.1143         0.1137
    186   3.10    27.90      15.59      11.09  0.9796     0.9834  0.0204     0.0166     0.1197         0.1205
    187   3.11    27.48      15.83      11.23  0.9813     0.9842  0.0187     0.0158     0.1148         0.1155
    188   3.11    27.16      15.97      11.06  0.9787     0.9821  0.0213     0.0179     0.1149         0.1147
    189   3.10    27.47      15.67      11.27  0.9795     0.9819  0.0205     0.0181     0.1205         0.1201
    190   3.11    28.07      15.83      11.13  0.9803     0.9839  0.0197     0.0161     0.1183         0.1180
    191   3.10    27.72      15.85      11.05  0.9779     0.9824  0.0221     0.0176     0.1211         0.1215
    192   3.11    27.46      15.82      11.09  0.9792     0.9828  0.0208     0.0172     0.1115         0.1118
    193   3.12    27.40      15.98      11.29  0.9810     0.9827  0.0190     0.0173     0.1103         0.1110
    194   3.09    27.54      15.82      11.17  0.9787     0.9822  0.0213     0.0178     0.1227         0.1231
    195   3.09    27.64      15.69      11.15  0.9788     0.9827  0.0212     0.0173     0.1292         0.1291
    196   3.10    28.07      15.83      11.07  0.9797     0.9835  0.0203     0.0165     0.1112         0.1107
    197   3.08    27.46      15.89      11.38  0.9793     0.9823  0.0207     0.0177     0.1146         0.1135
    198   3.11    27.81      15.72      11.16  0.9807     0.9830  0.0193     0.0170     0.1216         0.1206
    199   3.10    26.77      15.65      11.11  0.9797     0.9837  0.0203     0.0163     0.1200         0.1215
    200   3.11    27.26      15.92      11.04  0.9804     0.9834  0.0196     0.0166     0.1135         0.1133
The log/output/model have been saved to: ./logs/new_train.py-multi_zetas{'num_epochs': 200, 'use_stoch': [True, True, True], 'betas': None}-kfj-04-03-22:47 + .csv/.out/.cpt
