  epoch    IZY    IXZ_1    IZ_1Z_2    IZ_2Z_3     acc    avg_acc     err    avg_err    adv_acc    avg_adv_acc
-------  -----  -------  ---------  ---------  ------  ---------  ------  ---------  ---------  -------------
      1   2.80   150.06     125.28      65.56  0.8916     0.9155  0.1084     0.0845     0.0783         0.0802
      2   2.85   123.88      95.22      59.89  0.8998     0.9303  0.1002     0.0697     0.1038         0.1087
      3   3.04   139.62     111.66      55.45  0.9440     0.9498  0.0560     0.0502     0.0487         0.0494
      4   2.95   102.17      84.52      49.87  0.9276     0.9455  0.0724     0.0545     0.0982         0.1080
      5   3.01    91.95      76.43      45.82  0.9387     0.9559  0.0613     0.0441     0.1091         0.1187
      6   3.09    91.93      73.17      41.34  0.9563     0.9660  0.0437     0.0340     0.0897         0.0942
      7   3.01    89.94      72.23      40.10  0.9414     0.9539  0.0586     0.0461     0.0869         0.0973
      8   3.14    92.53      77.88      40.27  0.9663     0.9698  0.0337     0.0302     0.0909         0.0935
      9   3.13    87.60      67.80      36.01  0.9686     0.9720  0.0314     0.0280     0.1049         0.1141
     10   3.04    77.90      62.61      32.97  0.9526     0.9612  0.0474     0.0388     0.1172         0.1311
     11   3.09    73.36      57.25      31.79  0.9600     0.9667  0.0400     0.0333     0.1466         0.1652
     12   3.10    71.31      54.51      29.83  0.9639     0.9725  0.0361     0.0275     0.1776         0.1961
     13   3.15    78.41      64.72      29.46  0.9735     0.9753  0.0265     0.0247     0.1722         0.1826
     14   3.11    69.19      51.71      27.56  0.9639     0.9731  0.0361     0.0269     0.1978         0.2223
     15   3.12    67.89      49.62      26.10  0.9681     0.9750  0.0319     0.0250     0.1981         0.2100
     16   3.13    65.33      51.26      24.96  0.9697     0.9742  0.0303     0.0258     0.2136         0.2261
     17   3.14    66.18      47.48      25.06  0.9719     0.9766  0.0281     0.0234     0.2376         0.2534
     18   3.10    67.79      49.37      23.51  0.9671     0.9707  0.0329     0.0293     0.2033         0.2131
     19   3.07    61.56      46.37      23.27  0.9614     0.9661  0.0386     0.0339     0.2438         0.2556
     20   3.14    60.39      43.84      21.10  0.9743     0.9774  0.0257     0.0226     0.2722         0.2886
     21   3.09    60.69      41.75      21.32  0.9658     0.9717  0.0342     0.0283     0.2822         0.2930
     22   3.10    56.21      39.10      20.46  0.9693     0.9743  0.0307     0.0257     0.2693         0.2815
     23   3.12    56.88      39.34      19.63  0.9704     0.9773  0.0296     0.0227     0.2525         0.2626
     24   3.11    56.18      38.90      19.49  0.9711     0.9745  0.0289     0.0255     0.2924         0.3043
     25   3.13    52.26      36.88      19.29  0.9746     0.9783  0.0254     0.0217     0.2844         0.2939
     26   3.10    59.71      37.15      18.60  0.9690     0.9736  0.0310     0.0264     0.2707         0.2806
     27   3.10    49.25      33.98      17.86  0.9683     0.9760  0.0317     0.0240     0.2700         0.2790
     28   3.12    50.85      33.93      17.66  0.9705     0.9759  0.0295     0.0241     0.2339         0.2429
     29   3.07    53.01      33.61      18.03  0.9655     0.9720  0.0345     0.0280     0.2290         0.2416
     30   3.10    49.30      33.22      17.41  0.9737     0.9768  0.0263     0.0232     0.1987         0.2070
     31   3.06    48.74      32.79      16.77  0.9682     0.9730  0.0318     0.0270     0.2256         0.2408
     32   3.09    49.53      30.52      16.80  0.9707     0.9758  0.0293     0.0242     0.2327         0.2462
     33   3.13    49.94      30.16      16.66  0.9747     0.9787  0.0253     0.0213     0.2342         0.2431
     34   3.09    47.00      30.40      16.23  0.9721     0.9763  0.0279     0.0237     0.1985         0.2041
     35   3.10    46.84      29.86      16.16  0.9734     0.9756  0.0266     0.0244     0.2250         0.2283
     36   3.09    46.29      28.38      15.69  0.9702     0.9746  0.0298     0.0254     0.2035         0.2095
     37   3.11    46.74      29.10      15.34  0.9733     0.9793  0.0267     0.0207     0.2186         0.2280
     38   3.08    43.65      28.44      15.27  0.9688     0.9744  0.0312     0.0256     0.1742         0.1781
     39   3.10    48.06      28.67      15.89  0.9741     0.9769  0.0259     0.0231     0.2170         0.2240
     40   3.06    45.57      28.60      15.25  0.9687     0.9734  0.0313     0.0266     0.1821         0.1883
     41   3.10    42.69      26.68      14.93  0.9729     0.9773  0.0271     0.0227     0.1885         0.1956
     42   3.12    45.21      27.16      14.92  0.9759     0.9794  0.0241     0.0206     0.1905         0.1993
     43   3.13    46.47      28.40      14.56  0.9774     0.9794  0.0226     0.0206     0.1708         0.1744
     44   3.10    42.23      27.55      14.62  0.9758     0.9789  0.0242     0.0211     0.1394         0.1451
     45   3.09    45.75      27.77      14.26  0.9741     0.9771  0.0259     0.0229     0.1691         0.1727
     46   3.07    48.78      27.66      14.35  0.9730     0.9766  0.0270     0.0234     0.1678         0.1723
     47   3.08    45.87      27.04      14.42  0.9724     0.9761  0.0276     0.0239     0.1487         0.1521
     48   3.10    49.50      31.42      14.95  0.9758     0.9786  0.0242     0.0214     0.1392         0.1403
     49   3.08    41.85      24.85      14.30  0.9729     0.9771  0.0271     0.0229     0.1771         0.1819
     50   3.11    40.87      26.77      14.26  0.9761     0.9793  0.0239     0.0207     0.1491         0.1519
     51   3.10    40.33      24.08      14.10  0.9752     0.9780  0.0248     0.0220     0.1771         0.1844
     52   3.07    42.09      25.35      14.08  0.9718     0.9758  0.0282     0.0242     0.1351         0.1383
     53   3.13    43.19      27.42      14.40  0.9788     0.9807  0.0212     0.0193     0.1175         0.1192
     54   3.10    41.32      23.76      13.66  0.9726     0.9772  0.0274     0.0228     0.1585         0.1620
     55   3.10    37.91      24.02      13.73  0.9770     0.9789  0.0230     0.0211     0.1309         0.1340
     56   3.11    39.87      25.19      14.00  0.9770     0.9797  0.0230     0.0203     0.1342         0.1365
     57   3.08    37.46      23.63      13.59  0.9738     0.9774  0.0262     0.0226     0.1466         0.1514
     58   3.09    40.69      23.54      13.92  0.9745     0.9766  0.0255     0.0234     0.1355         0.1393
     59   3.11    39.82      22.91      13.83  0.9773     0.9805  0.0227     0.0195     0.1383         0.1419
     60   3.10    37.29      24.07      13.99  0.9768     0.9796  0.0232     0.0204     0.1121         0.1132
     61   3.10    38.65      22.53      13.32  0.9752     0.9781  0.0248     0.0219     0.1221         0.1238
     62   3.12    38.19      24.35      13.08  0.9766     0.9804  0.0234     0.0196     0.1165         0.1170
     63   3.07    38.93      21.80      13.20  0.9719     0.9760  0.0281     0.0240     0.1297         0.1313
     64   3.11    37.71      21.95      13.19  0.9771     0.9809  0.0229     0.0191     0.1426         0.1457
     65   3.08    38.42      21.43      12.98  0.9740     0.9785  0.0260     0.0215     0.1313         0.1339
     66   3.10    35.56      21.35      13.02  0.9755     0.9798  0.0245     0.0202     0.1340         0.1375
     67   3.10    38.41      25.13      13.25  0.9776     0.9804  0.0224     0.0196     0.0929         0.0924
     68   3.12    36.32      21.48      13.38  0.9783     0.9806  0.0217     0.0194     0.1229         0.1269
     69   3.10    36.96      21.79      12.78  0.9764     0.9802  0.0236     0.0198     0.1252         0.1275
     70   3.06    34.19      20.72      12.85  0.9702     0.9765  0.0298     0.0235     0.1446         0.1483
     71   3.08    36.35      20.69      12.91  0.9765     0.9795  0.0235     0.0205     0.1366         0.1397
     72   3.09    35.11      20.61      12.86  0.9776     0.9800  0.0224     0.0200     0.1314         0.1355
     73   3.06    35.89      20.37      12.84  0.9757     0.9780  0.0243     0.0220     0.1507         0.1551
     74   3.08    35.61      20.60      12.57  0.9760     0.9803  0.0240     0.0197     0.1343         0.1368
     75   3.11    35.17      20.52      12.84  0.9772     0.9809  0.0228     0.0191     0.1208         0.1217
     76   3.12    33.95      20.56      12.91  0.9782     0.9809  0.0218     0.0191     0.1229         0.1217
     77   3.11    37.70      19.97      12.74  0.9790     0.9818  0.0210     0.0182     0.1164         0.1184
     78   3.09    33.87      19.67      12.63  0.9756     0.9801  0.0244     0.0199     0.1257         0.1277
     79   3.11    35.21      20.45      12.56  0.9780     0.9817  0.0220     0.0183     0.1129         0.1149
     80   3.10    36.29      20.51      13.03  0.9766     0.9789  0.0234     0.0211     0.1210         0.1211
     81   3.11    35.49      19.66      13.05  0.9756     0.9791  0.0244     0.0209     0.1292         0.1304
     82   3.10    34.11      19.74      12.45  0.9773     0.9816  0.0227     0.0184     0.1172         0.1195
     83   3.10    35.24      19.82      12.58  0.9783     0.9808  0.0217     0.0192     0.1116         0.1136
     84   3.10    33.36      19.42      12.68  0.9769     0.9805  0.0231     0.0195     0.1242         0.1254
     85   3.10    33.10      19.62      12.42  0.9765     0.9791  0.0235     0.0209     0.1096         0.1131
     86   3.11    34.20      19.29      12.41  0.9779     0.9816  0.0221     0.0184     0.1140         0.1166
     87   3.11    38.41      19.27      12.61  0.9777     0.9807  0.0223     0.0193     0.1294         0.1321
     88   3.08    30.58      18.78      12.30  0.9743     0.9794  0.0257     0.0206     0.1238         0.1247
     89   3.11    33.91      18.65      12.30  0.9780     0.9822  0.0220     0.0178     0.1287         0.1299
     90   3.10    32.12      18.34      12.02  0.9751     0.9810  0.0249     0.0190     0.1513         0.1551
     91   3.09    35.72      18.19      12.57  0.9777     0.9805  0.0223     0.0195     0.1452         0.1467
     92   3.11    33.17      19.22      12.21  0.9792     0.9825  0.0208     0.0175     0.1328         0.1341
     93   3.09    32.12      17.96      12.12  0.9760     0.9802  0.0240     0.0198     0.1445         0.1471
     94   3.07    31.66      18.41      12.01  0.9746     0.9798  0.0254     0.0202     0.1132         0.1152
     95   3.09    36.68      19.06      12.22  0.9784     0.9806  0.0216     0.0194     0.1172         0.1176
     96   3.08    31.89      17.95      12.51  0.9755     0.9792  0.0245     0.0208     0.1298         0.1309
     97   3.09    30.10      17.81      12.05  0.9763     0.9797  0.0237     0.0203     0.1168         0.1196
     98   3.09    32.59      18.03      12.22  0.9774     0.9806  0.0226     0.0194     0.1100         0.1104
     99   3.09    32.73      17.39      12.24  0.9758     0.9798  0.0242     0.0202     0.1220         0.1247
    100   3.10    31.63      17.56      11.95  0.9761     0.9808  0.0239     0.0192     0.1248         0.1261
    101   3.11    33.07      17.56      12.15  0.9779     0.9818  0.0221     0.0182     0.1111         0.1119
    102   3.08    34.72      17.04      12.05  0.9762     0.9802  0.0238     0.0198     0.1534         0.1543
    103   3.09    31.15      17.40      12.43  0.9780     0.9807  0.0220     0.0193     0.1234         0.1237
    104   3.08    30.96      17.39      11.91  0.9761     0.9804  0.0239     0.0196     0.1240         0.1254
    105   3.09    31.84      17.09      11.88  0.9764     0.9816  0.0236     0.0184     0.1330         0.1350
    106   3.11    30.26      17.46      12.07  0.9788     0.9818  0.0212     0.0182     0.1132         0.1143
    107   3.10    30.41      17.01      11.88  0.9774     0.9810  0.0226     0.0190     0.1320         0.1325
    108   3.10    29.86      17.31      11.97  0.9769     0.9809  0.0231     0.0191     0.1157         0.1178
    109   3.10    32.30      17.82      12.17  0.9791     0.9821  0.0209     0.0179     0.1178         0.1184
    110   3.08    29.60      16.69      11.93  0.9751     0.9790  0.0249     0.0210     0.1383         0.1411
    111   3.11    31.11      17.06      11.73  0.9788     0.9815  0.0212     0.0185     0.1265         0.1272
    112   3.09    29.94      16.63      11.94  0.9770     0.9810  0.0230     0.0190     0.1441         0.1438
    113   3.11    29.08      17.58      12.08  0.9801     0.9821  0.0199     0.0179     0.1112         0.1128
    114   3.10    30.17      16.76      11.63  0.9767     0.9802  0.0233     0.0198     0.1240         0.1246
    115   3.11    31.55      16.66      12.03  0.9794     0.9816  0.0206     0.0184     0.1221         0.1242
    116   3.10    30.23      16.72      11.62  0.9771     0.9815  0.0229     0.0185     0.1312         0.1320
    117   3.10    28.69      16.73      11.86  0.9776     0.9818  0.0224     0.0182     0.1334         0.1339
    118   3.09    29.01      16.49      11.52  0.9765     0.9806  0.0235     0.0194     0.1385         0.1417
    119   3.08    28.78      16.42      11.46  0.9754     0.9808  0.0246     0.0192     0.1386         0.1401
    120   3.07    28.50      16.41      11.92  0.9765     0.9792  0.0235     0.0208     0.1389         0.1406
    121   3.08    28.18      16.54      11.99  0.9764     0.9798  0.0236     0.0202     0.1190         0.1196
    122   3.07    28.49      16.83      11.69  0.9766     0.9797  0.0234     0.0203     0.1138         0.1171
    123   3.08    28.69      16.66      11.89  0.9777     0.9806  0.0223     0.0194     0.1331         0.1360
    124   3.09    27.79      16.13      11.51  0.9766     0.9812  0.0234     0.0188     0.1384         0.1381
    125   3.08    28.29      16.03      11.82  0.9768     0.9802  0.0232     0.0198     0.1299         0.1312
    126   3.07    29.10      15.89      11.68  0.9743     0.9787  0.0257     0.0213     0.1365         0.1408
    127   3.10    28.27      16.10      11.64  0.9785     0.9801  0.0215     0.0199     0.1336         0.1351
    128   3.08    28.52      16.41      11.89  0.9781     0.9808  0.0219     0.0192     0.1277         0.1293
    129   3.09    28.29      15.97      11.71  0.9768     0.9816  0.0232     0.0184     0.1348         0.1362
    130   3.07    28.36      15.88      11.73  0.9761     0.9794  0.0239     0.0206     0.1419         0.1421
    131   3.09    28.50      15.80      11.55  0.9770     0.9806  0.0230     0.0194     0.1369         0.1380
    132   3.10    28.05      15.76      11.89  0.9778     0.9819  0.0222     0.0181     0.1249         0.1244
    133   3.10    28.52      15.60      11.61  0.9776     0.9813  0.0224     0.0187     0.1482         0.1495
    134   3.08    27.47      15.73      11.69  0.9777     0.9808  0.0223     0.0192     0.1301         0.1338
    135   3.10    28.35      15.64      11.68  0.9780     0.9806  0.0220     0.0194     0.1344         0.1380
    136   3.09    29.56      15.80      11.84  0.9783     0.9815  0.0217     0.0185     0.1289         0.1296
    137   3.09    27.65      15.62      11.66  0.9764     0.9815  0.0236     0.0185     0.1231         0.1258
    138   3.09    28.37      15.81      11.45  0.9781     0.9817  0.0219     0.0183     0.1336         0.1327
    139   3.10    27.75      16.28      11.48  0.9788     0.9820  0.0212     0.0180     0.1260         0.1238
    140   3.07    26.74      15.60      11.61  0.9747     0.9790  0.0253     0.0210     0.1412         0.1451
    141   3.08    28.28      15.38      11.58  0.9784     0.9812  0.0216     0.0188     0.1436         0.1444
    142   3.07    27.98      15.47      11.38  0.9767     0.9803  0.0233     0.0197     0.1423         0.1437
    143   3.09    27.59      15.45      11.61  0.9775     0.9806  0.0225     0.0194     0.1428         0.1436
    144   3.08    29.45      16.26      11.73  0.9780     0.9814  0.0220     0.0186     0.1138         0.1145
    145   3.07    26.88      15.44      11.57  0.9763     0.9799  0.0237     0.0201     0.1373         0.1374
    146   3.08    27.94      15.58      11.73  0.9763     0.9796  0.0237     0.0204     0.1316         0.1339
    147   3.08    27.12      14.96      11.54  0.9757     0.9813  0.0243     0.0187     0.1487         0.1511
    148   3.07    26.44      15.29      11.54  0.9765     0.9805  0.0235     0.0195     0.1347         0.1343
    149   3.08    27.49      15.03      11.54  0.9772     0.9803  0.0228     0.0197     0.1396         0.1398
    150   3.08    26.69      15.11      11.62  0.9775     0.9809  0.0225     0.0191     0.1394         0.1418
    151   3.10    28.70      15.20      11.48  0.9787     0.9818  0.0213     0.0182     0.1377         0.1384
    152   3.11    26.47      15.05      11.45  0.9774     0.9818  0.0226     0.0182     0.1309         0.1327
    153   3.09    26.74      15.03      11.49  0.9779     0.9814  0.0221     0.0186     0.1403         0.1424
    154   3.06    26.41      15.09      11.37  0.9756     0.9800  0.0244     0.0200     0.1333         0.1363
    155   3.09    26.42      14.85      11.62  0.9778     0.9808  0.0222     0.0192     0.1435         0.1440
    156   3.07    27.10      14.70      11.56  0.9760     0.9793  0.0240     0.0207     0.1491         0.1512
    157   3.10    27.23      14.72      11.57  0.9777     0.9811  0.0223     0.0189     0.1421         0.1463
    158   3.07    27.14      14.81      11.41  0.9758     0.9806  0.0242     0.0194     0.1499         0.1515
    159   3.09    26.65      14.85      11.56  0.9784     0.9814  0.0216     0.0186     0.1387         0.1367
    160   3.10    27.69      14.90      11.78  0.9790     0.9818  0.0210     0.0182     0.1390         0.1400
    161   3.09    26.71      14.71      11.27  0.9764     0.9813  0.0236     0.0187     0.1480         0.1499
    162   3.09    27.28      14.90      11.55  0.9775     0.9807  0.0225     0.0193     0.1378         0.1407
    163   3.10    27.18      14.78      11.71  0.9794     0.9823  0.0206     0.0177     0.1429         0.1462
    164   3.09    25.37      14.78      11.50  0.9760     0.9809  0.0240     0.0191     0.1308         0.1328
    165   3.08    25.64      14.79      11.39  0.9775     0.9812  0.0225     0.0188     0.1399         0.1417
    166   3.09    25.83      14.65      11.43  0.9764     0.9808  0.0236     0.0192     0.1332         0.1332
    167   3.09    25.77      14.66      11.57  0.9782     0.9811  0.0218     0.0189     0.1248         0.1267
    168   3.08    26.54      14.44      11.38  0.9773     0.9812  0.0227     0.0188     0.1451         0.1454
    169   3.10    25.91      14.60      11.45  0.9789     0.9815  0.0211     0.0185     0.1420         0.1427
    170   3.09    26.01      14.42      11.60  0.9780     0.9813  0.0220     0.0187     0.1421         0.1444
    171   3.09    26.07      14.51      11.70  0.9767     0.9806  0.0233     0.0194     0.1350         0.1358
    172   3.08    25.93      14.38      11.42  0.9777     0.9809  0.0223     0.0191     0.1434         0.1453
    173   3.11    25.90      14.20      11.52  0.9797     0.9821  0.0203     0.0179     0.1423         0.1450
    174   3.08    26.11      14.35      11.34  0.9777     0.9819  0.0223     0.0181     0.1342         0.1344
    175   3.07    25.96      14.43      11.40  0.9752     0.9809  0.0248     0.0191     0.1371         0.1371
    176   3.10    25.61      14.30      11.28  0.9773     0.9805  0.0227     0.0195     0.1347         0.1396
    177   3.09    26.06      14.44      11.34  0.9772     0.9813  0.0228     0.0187     0.1419         0.1449
    178   3.08    25.65      14.24      11.34  0.9763     0.9815  0.0237     0.0185     0.1470         0.1494
    179   3.09    27.23      14.43      11.56  0.9775     0.9806  0.0225     0.0194     0.1320         0.1316
    180   3.10    26.85      14.32      11.57  0.9788     0.9816  0.0212     0.0184     0.1410         0.1387
    181   3.10    25.54      14.42      11.46  0.9792     0.9828  0.0208     0.0172     0.1425         0.1427
    182   3.09    25.77      13.99      11.41  0.9773     0.9800  0.0227     0.0200     0.1534         0.1565
    183   3.09    25.45      14.20      11.62  0.9793     0.9811  0.0207     0.0189     0.1413         0.1420
    184   3.09    25.53      14.09      11.53  0.9793     0.9804  0.0207     0.0196     0.1513         0.1530
    185   3.09    25.25      13.99      11.28  0.9760     0.9802  0.0240     0.0198     0.1568         0.1588
    186   3.07    25.54      14.13      11.40  0.9777     0.9801  0.0223     0.0199     0.1366         0.1390
    187   3.05    25.60      14.14      11.40  0.9763     0.9802  0.0237     0.0198     0.1380         0.1397
    188   3.08    25.01      14.20      11.38  0.9741     0.9800  0.0259     0.0200     0.1317         0.1328
    189   3.08    25.43      13.97      11.33  0.9770     0.9795  0.0230     0.0205     0.1474         0.1468
    190   3.10    25.19      14.13      11.37  0.9783     0.9817  0.0217     0.0183     0.1367         0.1369
    191   3.08    25.56      13.88      11.30  0.9762     0.9804  0.0238     0.0196     0.1531         0.1539
    192   3.06    25.16      13.89      11.36  0.9755     0.9798  0.0245     0.0202     0.1504         0.1513
    193   3.09    25.88      14.11      11.56  0.9787     0.9831  0.0213     0.0169     0.1496         0.1490
    194   3.09    26.10      14.18      11.53  0.9778     0.9819  0.0222     0.0181     0.1425         0.1429
    195   3.07    25.37      14.29      11.50  0.9772     0.9810  0.0228     0.0190     0.1465         0.1472
    196   3.10    24.80      13.90      11.31  0.9784     0.9813  0.0216     0.0187     0.1567         0.1569
    197   3.09    25.55      13.92      11.50  0.9796     0.9821  0.0204     0.0179     0.1442         0.1461
    198   3.09    25.03      13.75      11.35  0.9784     0.9809  0.0216     0.0191     0.1608         0.1605
    199   3.09    25.37      14.01      11.41  0.9779     0.9807  0.0221     0.0193     0.1414         0.1432
    200   3.09    25.81      13.74      11.33  0.9781     0.9826  0.0219     0.0174     0.1525         0.1535
The log/output/model have been saved to: ./logs/new_train.py-multi_zetas{'num_epochs': 200, 'use_stoch': [True, True, True], 'betas': None}-ygk-04-04-01:20 + .csv/.out/.cpt
