  epoch    IZY    IXZ_1    IZ_1Z_2    IZ_2Z_3     acc    avg_acc     err    avg_err    adv_acc    avg_adv_acc
-------  -----  -------  ---------  ---------  ------  ---------  ------  ---------  ---------  -------------
      1   3.13  2511.27    1352.73     673.80  0.9580     0.9580  0.0420     0.0420     0.0211         0.0211
      2   3.16  2466.02    1308.32     675.48  0.9631     0.9632  0.0369     0.0368     0.0211         0.0211
      3   3.21  2453.56    1304.67     693.99  0.9736     0.9735  0.0264     0.0265     0.0143         0.0143
      4   3.21  2449.53    1303.06     711.04  0.9751     0.9751  0.0249     0.0249     0.0142         0.0141
      5   3.23  2439.28    1300.40     715.58  0.9818     0.9818  0.0182     0.0182     0.0139         0.0138
      6   3.21  2429.53    1296.14     721.99  0.9774     0.9774  0.0226     0.0226     0.0172         0.0172
      7   3.20  2435.94    1307.96     757.79  0.9767     0.9768  0.0233     0.0232     0.0493         0.0492
      8   3.22  2413.72    1278.23     715.06  0.9783     0.9785  0.0217     0.0215     0.0378         0.0377
      9   3.23  2422.82    1287.63     730.26  0.9818     0.9818  0.0182     0.0182     0.0458         0.0461
     10   3.21  2419.50    1288.69     735.91  0.9791     0.9788  0.0209     0.0212     0.0498         0.0494
     11   3.21  2427.93    1304.57     768.84  0.9798     0.9796  0.0202     0.0204     0.0676         0.0676
     12   3.20  2421.01    1294.09     758.31  0.9790     0.9787  0.0210     0.0213     0.0423         0.0422
     13   3.20  2418.19    1306.01     779.86  0.9779     0.9780  0.0221     0.0220     0.0700         0.0697
     14   3.22  2412.06    1289.16     752.20  0.9812     0.9813  0.0188     0.0187     0.0536         0.0539
     15   3.21  2418.64    1314.70     807.29  0.9806     0.9805  0.0194     0.0195     0.0904         0.0903
     16   3.16  2416.25    1306.24     790.95  0.9724     0.9724  0.0276     0.0276     0.0942         0.0936
     17   3.20  2412.03    1306.85     789.01  0.9791     0.9791  0.0209     0.0209     0.0997         0.0994
     18   3.21  2417.27    1310.35     797.86  0.9809     0.9808  0.0191     0.0192     0.1199         0.1201
     19   3.21  2422.95    1309.84     795.80  0.9829     0.9829  0.0171     0.0171     0.1178         0.1181
     20   3.17  2412.95    1314.12     817.11  0.9761     0.9762  0.0239     0.0238     0.1484         0.1478
     21   3.21  2414.39    1302.34     795.54  0.9812     0.9812  0.0188     0.0188     0.1386         0.1382
     22   3.21  2422.28    1323.55     846.45  0.9838     0.9839  0.0162     0.0161     0.1397         0.1400
     23   3.19  2421.34    1315.02     828.16  0.9809     0.9809  0.0191     0.0191     0.1360         0.1363
     24   3.22  2423.98    1312.70     822.67  0.9824     0.9825  0.0176     0.0175     0.1765         0.1763
     25   3.17  2425.49    1316.80     821.47  0.9771     0.9771  0.0229     0.0229     0.1708         0.1700
     26   3.17  2424.63    1315.38     824.86  0.9765     0.9766  0.0235     0.0234     0.1825         0.1834
     27   3.21  2428.48    1327.97     856.77  0.9833     0.9833  0.0167     0.0167     0.1900         0.1888
     28   3.20  2426.01    1326.35     854.18  0.9823     0.9824  0.0177     0.0176     0.2072         0.2075
     29   3.19  2429.71    1331.12     857.19  0.9815     0.9815  0.0185     0.0185     0.1985         0.1979
     30   3.19  2427.22    1315.18     807.82  0.9769     0.9769  0.0231     0.0231     0.1902         0.1904
     31   3.21  2429.61    1333.60     875.19  0.9840     0.9840  0.0160     0.0160     0.2066         0.2075
     32   3.20  2430.99    1333.50     851.43  0.9828     0.9828  0.0172     0.0172     0.1670         0.1668
     33   3.21  2425.63    1324.80     837.48  0.9854     0.9856  0.0146     0.0144     0.2019         0.2017
     34   3.20  2439.76    1353.89     905.93  0.9838     0.9838  0.0162     0.0162     0.2063         0.2069
     35   3.17  2434.57    1352.22     896.08  0.9805     0.9806  0.0195     0.0194     0.2254         0.2250
     36   3.21  2431.14    1329.45     823.59  0.9833     0.9833  0.0167     0.0167     0.1659         0.1657
     37   3.21  2440.18    1345.20     867.95  0.9848     0.9850  0.0152     0.0150     0.1889         0.1893
     38   3.20  2445.23    1352.43     885.09  0.9838     0.9838  0.0162     0.0162     0.1589         0.1583
     39   3.18  2444.40    1370.94     914.26  0.9830     0.9832  0.0170     0.0168     0.2171         0.2176
     40   3.20  2444.90    1349.88     867.33  0.9828     0.9828  0.0172     0.0172     0.2290         0.2291
     41   3.22  2453.10    1378.55     934.85  0.9861     0.9860  0.0139     0.0140     0.2403         0.2406
     42   3.22  2455.00    1389.59     964.26  0.9861     0.9863  0.0139     0.0137     0.2541         0.2539
     43   3.22  2456.78    1398.12     986.04  0.9864     0.9864  0.0136     0.0136     0.2570         0.2563
     44   3.21  2458.55    1406.11    1007.39  0.9869     0.9868  0.0131     0.0132     0.2501         0.2507
     45   3.21  2460.08    1413.49    1026.82  0.9867     0.9867  0.0133     0.0133     0.2465         0.2464
     46   3.21  2461.82    1421.35    1048.20  0.9866     0.9867  0.0134     0.0133     0.2446         0.2455
     47   3.20  2463.47    1429.30    1069.95  0.9865     0.9865  0.0135     0.0135     0.2428         0.2423
     48   3.20  2465.13    1437.10    1092.35  0.9865     0.9865  0.0135     0.0135     0.2386         0.2390
     49   3.20  2466.45    1443.90    1112.53  0.9863     0.9864  0.0137     0.0136     0.2348         0.2356
     50   3.20  2468.02    1451.50    1134.21  0.9863     0.9862  0.0137     0.0138     0.2336         0.2331
     51   3.19  2469.95    1460.14    1159.13  0.9863     0.9863  0.0137     0.0137     0.2328         0.2332
     52   3.19  2471.99    1469.13    1184.95  0.9860     0.9859  0.0140     0.0141     0.2272         0.2281
     53   3.19  2473.75    1477.12    1208.48  0.9860     0.9860  0.0140     0.0140     0.2307         0.2303
     54   3.18  2475.53    1485.57    1234.40  0.9862     0.9862  0.0138     0.0138     0.2223         0.2218
     55   3.18  2478.49    1497.37    1266.88  0.9863     0.9862  0.0137     0.0138     0.2192         0.2199
     56   3.18  2480.09    1505.77    1292.46  0.9865     0.9864  0.0135     0.0136     0.2145         0.2143
     57   3.17  2482.09    1515.12    1319.97  0.9865     0.9866  0.0135     0.0134     0.2088         0.2092
     58   3.17  2483.86    1523.90    1346.65  0.9865     0.9865  0.0135     0.0135     0.2023         0.2020
     59   3.17  2486.07    1534.14    1376.91  0.9866     0.9865  0.0134     0.0135     0.2049         0.2052
     60   3.16  2489.14    1547.31    1413.67  0.9863     0.9862  0.0137     0.0138     0.1984         0.1987
     61   3.16  2490.31    1554.19    1436.04  0.9866     0.9867  0.0134     0.0133     0.2028         0.2012
     62   3.15  2492.48    1564.26    1467.05  0.9864     0.9865  0.0136     0.0135     0.1950         0.1951
     63   3.15  2493.79    1571.78    1491.26  0.9865     0.9865  0.0135     0.0135     0.1887         0.1892
     64   3.15  2495.10    1579.03    1515.03  0.9867     0.9867  0.0133     0.0133     0.1914         0.1903
     65   3.15  2496.63    1587.21    1540.83  0.9865     0.9865  0.0135     0.0135     0.1873         0.1875
     66   3.14  2497.98    1594.27    1564.03  0.9865     0.9867  0.0135     0.0133     0.1883         0.1885
     67   3.14  2498.76    1599.69    1583.05  0.9869     0.9867  0.0131     0.0133     0.1841         0.1843
     68   3.14  2499.12    1603.00    1596.76  0.9866     0.9868  0.0134     0.0132     0.1825         0.1836
     69   3.14  2499.65    1606.68    1609.62  0.9866     0.9867  0.0134     0.0133     0.1826         0.1831
     70   3.14  2499.60    1608.17    1617.69  0.9867     0.9867  0.0133     0.0133     0.1840         0.1841
     71   3.14  2499.26    1608.56    1621.98  0.9867     0.9867  0.0133     0.0133     0.1788         0.1789
     72   3.14  2498.66    1607.50    1621.62  0.9865     0.9866  0.0135     0.0134     0.1719         0.1718
     73   3.14  2497.83    1604.57    1615.43  0.9869     0.9869  0.0131     0.0131     0.1725         0.1724
     74   3.14  2497.05    1602.47    1610.23  0.9865     0.9865  0.0135     0.0135     0.1697         0.1693
     75   3.14  2495.83    1597.52    1597.46  0.9867     0.9866  0.0133     0.0134     0.1637         0.1638
     76   3.14  2494.39    1591.50    1580.07  0.9868     0.9867  0.0132     0.0133     0.1644         0.1633
     77   3.14  2492.85    1584.80    1560.25  0.9870     0.9870  0.0130     0.0130     0.1536         0.1536
     78   3.14  2490.92    1576.79    1536.71  0.9869     0.9869  0.0131     0.0131     0.1521         0.1526
     79   3.14  2489.26    1569.93    1516.59  0.9869     0.9870  0.0131     0.0130     0.1465         0.1468
     80   3.15  2487.22    1561.28    1490.07  0.9870     0.9870  0.0130     0.0130     0.1391         0.1387
     81   3.15  2485.45    1553.23    1466.86  0.9869     0.9869  0.0131     0.0131     0.1368         0.1371
     82   3.15  2483.42    1544.68    1441.56  0.9869     0.9869  0.0131     0.0131     0.1267         0.1267
     83   3.15  2481.71    1537.66    1419.79  0.9872     0.9872  0.0128     0.0128     0.1227         0.1226
     84   3.15  2480.46    1531.51    1401.02  0.9867     0.9867  0.0133     0.0133     0.1153         0.1150
     85   3.15  2478.39    1523.27    1377.40  0.9871     0.9870  0.0129     0.0130     0.1055         0.1054
     86   3.15  2476.91    1517.21    1359.76  0.9871     0.9871  0.0129     0.0129     0.0916         0.0927
     87   3.16  2475.36    1511.09    1341.95  0.9871     0.9871  0.0129     0.0129     0.0880         0.0880
     88   3.16  2473.90    1504.97    1324.53  0.9869     0.9869  0.0131     0.0131     0.0807         0.0800
     89   3.16  2472.54    1499.51    1308.90  0.9870     0.9869  0.0130     0.0131     0.0758         0.0762
     90   3.16  2471.11    1493.05    1290.74  0.9871     0.9871  0.0129     0.0129     0.0667         0.0668
     91   3.16  2470.27    1489.65    1281.00  0.9869     0.9868  0.0131     0.0132     0.0605         0.0603
     92   3.16  2468.59    1483.34    1262.91  0.9872     0.9873  0.0128     0.0127     0.0532         0.0533
     93   3.16  2467.90    1479.92    1253.68  0.9871     0.9870  0.0129     0.0130     0.0503         0.0504
     94   3.16  2466.94    1476.06    1243.18  0.9871     0.9871  0.0129     0.0129     0.0457         0.0455
     95   3.16  2465.97    1472.41    1233.11  0.9870     0.9871  0.0130     0.0129     0.0417         0.0422
     96   3.16  2465.18    1468.57    1223.23  0.9872     0.9872  0.0128     0.0128     0.0380         0.0380
     97   3.16  2464.58    1466.02    1216.41  0.9872     0.9872  0.0128     0.0128     0.0356         0.0351
     98   3.16  2463.62    1462.28    1206.57  0.9873     0.9874  0.0127     0.0126     0.0313         0.0310
     99   3.16  2462.94    1459.43    1198.83  0.9873     0.9873  0.0127     0.0127     0.0304         0.0304
    100   3.16  2462.25    1456.44    1190.90  0.9872     0.9871  0.0128     0.0129     0.0259         0.0262
    101   3.17  2461.49    1453.69    1183.97  0.9874     0.9875  0.0126     0.0125     0.0266         0.0263
    102   3.17  2460.89    1451.16    1177.65  0.9874     0.9873  0.0126     0.0127     0.0250         0.0253
    103   3.17  2460.34    1448.70    1171.57  0.9875     0.9875  0.0125     0.0125     0.0231         0.0230
    104   3.17  2459.82    1446.65    1166.41  0.9875     0.9875  0.0125     0.0125     0.0199         0.0200
    105   3.17  2459.31    1444.68    1161.78  0.9874     0.9873  0.0126     0.0127     0.0208         0.0208
    106   3.17  2458.64    1441.93    1155.16  0.9874     0.9873  0.0126     0.0127     0.0193         0.0191
    107   3.17  2458.22    1440.46    1151.78  0.9874     0.9874  0.0126     0.0126     0.0181         0.0181
    108   3.17  2457.75    1438.15    1146.60  0.9875     0.9874  0.0125     0.0126     0.0168         0.0168
    109   3.17  2457.33    1436.60    1143.05  0.9873     0.9873  0.0127     0.0127     0.0171         0.0169
    110   3.17  2456.73    1434.43    1138.08  0.9874     0.9875  0.0126     0.0125     0.0149         0.0150
    111   3.17  2456.40    1432.85    1134.86  0.9874     0.9874  0.0126     0.0126     0.0145         0.0145
    112   3.17  2456.09    1431.49    1132.32  0.9876     0.9876  0.0124     0.0124     0.0146         0.0147
    113   3.17  2455.64    1429.88    1128.82  0.9873     0.9872  0.0127     0.0128     0.0132         0.0133
    114   3.17  2455.10    1427.72    1124.42  0.9877     0.9877  0.0123     0.0123     0.0127         0.0127
    115   3.17  2454.83    1426.59    1122.36  0.9873     0.9873  0.0127     0.0127     0.0128         0.0129
    116   3.17  2454.50    1425.33    1119.92  0.9877     0.9876  0.0123     0.0124     0.0128         0.0127
    117   3.17  2454.23    1424.49    1118.56  0.9875     0.9875  0.0125     0.0125     0.0113         0.0113
    118   3.17  2453.80    1422.60    1114.85  0.9874     0.9874  0.0126     0.0126     0.0119         0.0119
    119   3.17  2453.43    1421.44    1112.65  0.9875     0.9875  0.0125     0.0125     0.0109         0.0111
    120   3.17  2453.11    1420.13    1110.53  0.9878     0.9878  0.0122     0.0122     0.0109         0.0110
    121   3.17  2452.89    1419.02    1109.15  0.9878     0.9878  0.0122     0.0122     0.0106         0.0107
    122   3.17  2452.62    1418.07    1107.65  0.9875     0.9875  0.0125     0.0125     0.0105         0.0103
    123   3.17  2452.35    1417.40    1106.68  0.9875     0.9874  0.0125     0.0126     0.0108         0.0108
    124   3.17  2452.12    1416.00    1104.90  0.9877     0.9877  0.0123     0.0123     0.0095         0.0097
    125   3.17  2451.91    1415.39    1104.31  0.9874     0.9875  0.0126     0.0125     0.0104         0.0105
    126   3.17  2451.61    1414.27    1102.65  0.9876     0.9877  0.0124     0.0123     0.0104         0.0103
    127   3.17  2451.30    1413.13    1101.10  0.9877     0.9877  0.0123     0.0123     0.0098         0.0098
    128   3.17  2451.15    1412.47    1100.78  0.9877     0.9877  0.0123     0.0123     0.0092         0.0092
    129   3.17  2450.96    1411.64    1100.00  0.9877     0.9877  0.0123     0.0123     0.0099         0.0099
    130   3.17  2450.71    1410.86    1099.17  0.9878     0.9875  0.0122     0.0125     0.0097         0.0097
    131   3.17  2450.42    1409.75    1097.82  0.9876     0.9877  0.0124     0.0123     0.0094         0.0094
    132   3.17  2450.33    1409.49    1098.43  0.9878     0.9878  0.0122     0.0122     0.0095         0.0095
    133   3.17  2450.09    1408.53    1097.34  0.9876     0.9876  0.0124     0.0124     0.0094         0.0094
    134   3.17  2449.89    1407.89    1097.12  0.9877     0.9877  0.0123     0.0123     0.0096         0.0095
    135   3.17  2449.75    1407.26    1096.85  0.9876     0.9876  0.0124     0.0124     0.0100         0.0100
    136   3.17  2449.54    1406.54    1096.41  0.9876     0.9875  0.0124     0.0125     0.0093         0.0093
    137   3.17  2449.44    1406.02    1096.57  0.9874     0.9875  0.0126     0.0125     0.0097         0.0097
    138   3.17  2449.18    1405.31    1096.21  0.9877     0.9877  0.0123     0.0123     0.0093         0.0093
    139   3.17  2449.08    1404.79    1096.54  0.9875     0.9876  0.0125     0.0124     0.0090         0.0090
    140   3.17  2449.05    1404.56    1097.31  0.9876     0.9875  0.0124     0.0125     0.0095         0.0095
    141   3.17  2448.83    1403.89    1097.10  0.9877     0.9877  0.0123     0.0123     0.0091         0.0091
    142   3.17  2448.70    1403.34    1097.31  0.9878     0.9878  0.0122     0.0122     0.0093         0.0093
    143   3.17  2448.50    1402.77    1097.12  0.9877     0.9877  0.0123     0.0123     0.0093         0.0093
    144   3.17  2448.43    1402.36    1097.77  0.9874     0.9874  0.0126     0.0126     0.0091         0.0091
    145   3.17  2448.27    1401.91    1098.18  0.9877     0.9876  0.0123     0.0124     0.0087         0.0087
    146   3.17  2448.21    1401.70    1099.15  0.9877     0.9877  0.0123     0.0123     0.0089         0.0090
    147   3.17  2448.10    1401.28    1099.71  0.9877     0.9877  0.0123     0.0123     0.0087         0.0087
    148   3.17  2447.96    1400.79    1100.12  0.9877     0.9878  0.0123     0.0122     0.0088         0.0088
    149   3.17  2447.84    1400.35    1100.49  0.9875     0.9876  0.0125     0.0124     0.0087         0.0087
    150   3.17  2447.70    1399.87    1100.84  0.9877     0.9877  0.0123     0.0123     0.0088         0.0088
    151   3.17  2447.68    1399.83    1102.21  0.9878     0.9877  0.0122     0.0123     0.0090         0.0090
    152   3.17  2447.60    1399.58    1103.26  0.9877     0.9878  0.0123     0.0122     0.0088         0.0088
    153   3.17  2447.50    1399.20    1103.98  0.9878     0.9875  0.0122     0.0125     0.0087         0.0087
    154   3.17  2447.41    1398.90    1104.77  0.9876     0.9876  0.0124     0.0124     0.0088         0.0088
    155   3.17  2447.32    1398.47    1105.37  0.9877     0.9878  0.0123     0.0122     0.0089         0.0089
    156   3.17  2447.22    1398.14    1106.07  0.9879     0.9878  0.0121     0.0122     0.0085         0.0085
    157   3.17  2447.10    1397.79    1106.75  0.9878     0.9879  0.0122     0.0121     0.0088         0.0088
    158   3.17  2447.06    1397.61    1107.88  0.9880     0.9880  0.0120     0.0120     0.0087         0.0086
    159   3.17  2447.05    1397.59    1109.55  0.9878     0.9879  0.0122     0.0121     0.0086         0.0086
    160   3.17  2446.99    1397.46    1110.83  0.9878     0.9878  0.0122     0.0122     0.0087         0.0087
    161   3.17  2446.93    1397.16    1111.66  0.9879     0.9879  0.0121     0.0121     0.0085         0.0085
    162   3.18  2446.85    1396.92    1112.68  0.9879     0.9879  0.0121     0.0121     0.0086         0.0085
    163   3.17  2446.81    1396.73    1113.86  0.9880     0.9880  0.0120     0.0120     0.0084         0.0084
    164   3.17  2446.77    1396.61    1115.22  0.9878     0.9879  0.0122     0.0121     0.0084         0.0084
    165   3.18  2446.71    1396.37    1116.23  0.9880     0.9881  0.0120     0.0119     0.0084         0.0084
    166   3.18  2446.68    1396.29    1117.72  0.9881     0.9881  0.0119     0.0119     0.0082         0.0082
    167   3.17  2446.61    1396.05    1118.64  0.9880     0.9879  0.0120     0.0121     0.0083         0.0083
    168   3.17  2446.62    1396.03    1120.25  0.9881     0.9880  0.0119     0.0120     0.0085         0.0085
    169   3.17  2446.55    1395.81    1121.38  0.9881     0.9881  0.0119     0.0119     0.0082         0.0082
    170   3.17  2446.51    1395.72    1122.70  0.9880     0.9880  0.0120     0.0120     0.0086         0.0086
    171   3.18  2446.51    1395.76    1124.34  0.9880     0.9879  0.0120     0.0121     0.0083         0.0083
    172   3.18  2446.46    1395.58    1125.44  0.9878     0.9879  0.0122     0.0121     0.0089         0.0089
    173   3.18  2446.40    1395.45    1126.67  0.9881     0.9881  0.0119     0.0119     0.0081         0.0081
    174   3.18  2446.43    1395.45    1128.14  0.9882     0.9882  0.0118     0.0118     0.0085         0.0085
    175   3.17  2446.36    1395.25    1129.36  0.9881     0.9879  0.0119     0.0121     0.0083         0.0083
    176   3.18  2446.32    1395.18    1130.66  0.9880     0.9880  0.0120     0.0120     0.0084         0.0084
    177   3.18  2446.31    1395.06    1131.96  0.9880     0.9880  0.0120     0.0120     0.0084         0.0083
    178   3.18  2446.30    1395.03    1133.57  0.9880     0.9880  0.0120     0.0120     0.0082         0.0082
    179   3.18  2446.30    1394.99    1134.85  0.9880     0.9879  0.0120     0.0121     0.0082         0.0083
    180   3.17  2446.27    1394.92    1136.22  0.9879     0.9879  0.0121     0.0121     0.0082         0.0082
    181   3.18  2446.23    1394.79    1137.40  0.9880     0.9880  0.0120     0.0120     0.0081         0.0081
    182   3.18  2446.22    1394.75    1138.75  0.9880     0.9881  0.0120     0.0119     0.0081         0.0081
    183   3.18  2446.23    1394.82    1140.41  0.9880     0.9880  0.0120     0.0120     0.0080         0.0081
    184   3.18  2446.21    1394.76    1141.69  0.9881     0.9880  0.0119     0.0120     0.0083         0.0083
    185   3.18  2446.20    1394.69    1143.03  0.9880     0.9880  0.0120     0.0120     0.0081         0.0081
    186   3.18  2446.18    1394.62    1144.33  0.9881     0.9880  0.0119     0.0120     0.0082         0.0082
    187   3.18  2446.14    1394.48    1145.38  0.9880     0.9880  0.0120     0.0120     0.0085         0.0085
    188   3.18  2446.13    1394.47    1146.83  0.9881     0.9881  0.0119     0.0119     0.0080         0.0080
    189   3.17  2446.11    1394.47    1148.13  0.9880     0.9882  0.0120     0.0118     0.0080         0.0080
    190   3.17  2446.11    1394.45    1149.62  0.9880     0.9881  0.0120     0.0119     0.0080         0.0080
    191   3.18  2446.12    1394.47    1151.09  0.9882     0.9882  0.0118     0.0118     0.0082         0.0082
    192   3.18  2446.10    1394.41    1152.27  0.9881     0.9879  0.0119     0.0121     0.0081         0.0081
    193   3.18  2446.08    1394.36    1153.51  0.9879     0.9880  0.0121     0.0120     0.0083         0.0083
    194   3.18  2446.08    1394.37    1154.92  0.9879     0.9879  0.0121     0.0121     0.0081         0.0081
    195   3.17  2446.07    1394.36    1156.27  0.9880     0.9880  0.0120     0.0120     0.0082         0.0082
    196   3.18  2446.07    1394.32    1157.56  0.9881     0.9880  0.0119     0.0120     0.0081         0.0081
    197   3.18  2446.04    1394.27    1158.73  0.9880     0.9881  0.0120     0.0119     0.0084         0.0084
    198   3.18  2446.05    1394.29    1160.19  0.9880     0.9880  0.0120     0.0120     0.0081         0.0081
    199   3.17  2446.04    1394.29    1161.43  0.9880     0.9880  0.0120     0.0120     0.0084         0.0084
    200   3.17  2446.03    1394.26    1162.63  0.9880     0.9880  0.0120     0.0120     0.0082         0.0082
The log/output/model have been saved to: ./logs/new_train.py-multi_zetas{'num_epochs': 200, 'use_stoch': [True, True, True], 'betas': [1e-09, 1e-09, 1e-09]}-nxb-04-03-22:10 + .csv/.out/.cpt
