  epoch    IZY    IXZ_1     acc    avg_acc     err    avg_err    adv_acc    avg_adv_acc
-------  -----  -------  ------  ---------  ------  ---------  ---------  -------------
      1   3.01    50.03  0.9373     0.9445  0.0627     0.0555     0.0324         0.0319
      2   3.12    39.56  0.9584     0.9636  0.0416     0.0364     0.0324         0.0326
      3   3.14    36.83  0.9633     0.9663  0.0367     0.0337     0.0365         0.0377
      4   3.19    45.72  0.9748     0.9762  0.0252     0.0238     0.0284         0.0289
      5   3.21    32.73  0.9789     0.9800  0.0211     0.0200     0.0470         0.0501
      6   3.19    29.54  0.9760     0.9775  0.0240     0.0225     0.0791         0.0817
      7   3.21    27.70  0.9777     0.9797  0.0223     0.0203     0.1291         0.1347
      8   3.20    27.77  0.9764     0.9785  0.0236     0.0215     0.1866         0.1924
      9   3.20    24.65  0.9792     0.9803  0.0208     0.0197     0.2046         0.2116
     10   3.20    26.45  0.9789     0.9783  0.0211     0.0217     0.1589         0.1629
     11   3.19    26.49  0.9794     0.9807  0.0206     0.0193     0.2525         0.2594
     12   3.18    22.36  0.9776     0.9778  0.0224     0.0222     0.2814         0.2883
     13   3.19    22.48  0.9783     0.9806  0.0217     0.0194     0.3048         0.3124
     14   3.14    22.69  0.9726     0.9731  0.0274     0.0269     0.2533         0.2620
     15   3.19    20.48  0.9821     0.9820  0.0179     0.0180     0.3647         0.3761
     16   3.18    20.57  0.9794     0.9806  0.0206     0.0194     0.3133         0.3261
     17   3.19    21.27  0.9796     0.9811  0.0204     0.0189     0.2820         0.2882
     18   3.15    22.21  0.9762     0.9762  0.0238     0.0238     0.2591         0.2718
     19   3.19    20.29  0.9818     0.9826  0.0182     0.0174     0.3581         0.3700
     20   3.18    19.62  0.9809     0.9822  0.0191     0.0178     0.3795         0.3929
     21   3.20    20.48  0.9831     0.9843  0.0169     0.0157     0.3907         0.4008
     22   3.18    18.80  0.9826     0.9829  0.0174     0.0171     0.3711         0.3800
     23   3.19    18.91  0.9811     0.9821  0.0189     0.0179     0.3832         0.3955
     24   3.16    18.59  0.9792     0.9798  0.0208     0.0202     0.3229         0.3362
     25   3.17    22.17  0.9798     0.9819  0.0202     0.0181     0.2871         0.2995
     26   3.19    19.35  0.9816     0.9820  0.0184     0.0180     0.3397         0.3503
     27   3.18    18.18  0.9808     0.9818  0.0192     0.0182     0.3600         0.3742
     28   3.19    18.27  0.9826     0.9840  0.0174     0.0160     0.3308         0.3390
     29   3.18    18.09  0.9814     0.9816  0.0186     0.0184     0.4297         0.4450
     30   3.19    18.11  0.9833     0.9835  0.0167     0.0165     0.3975         0.4095
     31   3.16    17.79  0.9792     0.9796  0.0208     0.0204     0.3606         0.3807
     32   3.19    17.88  0.9829     0.9832  0.0171     0.0168     0.3411         0.3562
     33   3.18    17.74  0.9836     0.9834  0.0164     0.0166     0.3982         0.4080
     34   3.19    17.32  0.9849     0.9853  0.0151     0.0147     0.4437         0.4536
     35   3.18    18.32  0.9821     0.9827  0.0179     0.0173     0.3589         0.3685
     36   3.18    18.09  0.9837     0.9839  0.0163     0.0161     0.4550         0.4622
     37   3.19    16.39  0.9848     0.9861  0.0152     0.0139     0.4444         0.4548
     38   3.09    19.40  0.9733     0.9738  0.0267     0.0262     0.2856         0.2946
     39   3.17    20.11  0.9814     0.9823  0.0186     0.0177     0.3790         0.3876
     40   3.18    17.50  0.9833     0.9830  0.0167     0.0170     0.4009         0.4139
     41   3.17    16.89  0.9829     0.9834  0.0171     0.0166     0.4109         0.4202
     42   3.16    16.50  0.9819     0.9819  0.0181     0.0181     0.4185         0.4309
     43   3.18    15.50  0.9829     0.9842  0.0171     0.0158     0.4451         0.4571
     44   3.17    16.36  0.9835     0.9847  0.0165     0.0153     0.4480         0.4612
     45   3.18    15.49  0.9852     0.9864  0.0148     0.0136     0.4381         0.4467
     46   3.20    19.10  0.9857     0.9869  0.0143     0.0131     0.4772         0.4794
     47   3.20    17.74  0.9869     0.9869  0.0131     0.0131     0.4931         0.4984
     48   3.21    19.12  0.9869     0.9866  0.0131     0.0134     0.4780         0.4845
     49   3.16    16.17  0.9825     0.9823  0.0175     0.0177     0.2804         0.2890
     50   3.14    17.21  0.9781     0.9795  0.0219     0.0205     0.2853         0.2943
     51   3.16    15.87  0.9823     0.9824  0.0177     0.0176     0.3569         0.3652
     52   3.17    15.60  0.9832     0.9840  0.0168     0.0160     0.3283         0.3381
     53   3.11    15.30  0.9767     0.9768  0.0233     0.0232     0.3606         0.3721
     54   3.18    15.63  0.9840     0.9847  0.0160     0.0153     0.2693         0.2758
     55   3.18    15.63  0.9852     0.9862  0.0148     0.0138     0.3571         0.3673
     56   3.18    15.27  0.9854     0.9856  0.0146     0.0144     0.3958         0.4058
     57   3.17    14.93  0.9840     0.9850  0.0160     0.0150     0.3808         0.3907
     58   3.11    15.16  0.9773     0.9774  0.0227     0.0226     0.3044         0.3124
     59   3.17    15.01  0.9838     0.9844  0.0162     0.0156     0.2908         0.2989
     60   3.18    14.98  0.9839     0.9846  0.0161     0.0154     0.3414         0.3503
     61   3.18    14.60  0.9849     0.9855  0.0151     0.0145     0.3608         0.3712
     62   3.18    14.69  0.9847     0.9851  0.0153     0.0149     0.4078         0.4130
     63   3.17    14.96  0.9832     0.9836  0.0168     0.0164     0.3729         0.3842
     64   3.19    18.16  0.9857     0.9855  0.0143     0.0145     0.4325         0.4382
     65   3.19    16.36  0.9853     0.9852  0.0147     0.0148     0.4292         0.4350
     66   3.18    14.01  0.9845     0.9851  0.0155     0.0149     0.4236         0.4325
     67   3.18    14.09  0.9842     0.9856  0.0158     0.0144     0.4143         0.4234
     68   3.18    14.97  0.9848     0.9849  0.0152     0.0151     0.3595         0.3643
     69   3.14    15.37  0.9804     0.9810  0.0196     0.0190     0.2400         0.2458
     70   3.16    14.72  0.9839     0.9846  0.0161     0.0154     0.2989         0.3037
     71   3.17    14.23  0.9840     0.9848  0.0160     0.0152     0.3205         0.3266
     72   3.18    16.24  0.9849     0.9845  0.0151     0.0155     0.3958         0.4024
     73   3.18    15.02  0.9853     0.9861  0.0147     0.0139     0.4111         0.4156
     74   3.16    16.02  0.9827     0.9826  0.0173     0.0174     0.4570         0.4591
     75   3.15    15.69  0.9812     0.9821  0.0188     0.0179     0.3597         0.3638
     76   3.17    13.93  0.9842     0.9852  0.0158     0.0148     0.4293         0.4372
     77   3.18    14.54  0.9852     0.9859  0.0148     0.0141     0.4138         0.4207
     78   3.18    13.51  0.9863     0.9862  0.0137     0.0138     0.4241         0.4326
     79   3.18    13.59  0.9852     0.9855  0.0148     0.0145     0.4464         0.4549
     80   3.18    14.40  0.9855     0.9861  0.0145     0.0139     0.4064         0.4138
     81   3.15    14.23  0.9823     0.9823  0.0177     0.0177     0.3548         0.3628
     82   3.17    14.95  0.9852     0.9858  0.0148     0.0142     0.4462         0.4509
     83   3.18    15.53  0.9848     0.9852  0.0152     0.0148     0.4873         0.4924
     84   3.18    13.69  0.9857     0.9857  0.0143     0.0143     0.4653         0.4690
     85   3.18    13.94  0.9844     0.9856  0.0156     0.0144     0.4164         0.4229
     86   3.19    15.27  0.9859     0.9862  0.0141     0.0138     0.4026         0.4062
     87   3.18    14.86  0.9850     0.9853  0.0150     0.0147     0.4127         0.4160
     88   3.19    16.31  0.9857     0.9856  0.0143     0.0144     0.4810         0.4830
     89   3.19    14.04  0.9851     0.9861  0.0149     0.0139     0.4945         0.5025
     90   3.14    14.46  0.9820     0.9835  0.0180     0.0165     0.4215         0.4268
     91   3.17    13.69  0.9845     0.9856  0.0155     0.0144     0.4776         0.4815
     92   3.17    15.60  0.9847     0.9849  0.0153     0.0151     0.5004         0.5038
     93   3.17    13.41  0.9857     0.9858  0.0143     0.0142     0.4948         0.5000
     94   3.17    14.33  0.9848     0.9857  0.0152     0.0143     0.4755         0.4794
     95   3.15    14.36  0.9835     0.9831  0.0165     0.0169     0.3978         0.4026
     96   3.17    13.59  0.9856     0.9856  0.0144     0.0144     0.4804         0.4850
     97   3.17    15.06  0.9849     0.9860  0.0151     0.0140     0.4733         0.4786
     98   3.16    13.74  0.9843     0.9859  0.0157     0.0141     0.4571         0.4626
     99   3.17    13.18  0.9849     0.9856  0.0151     0.0144     0.4918         0.4965
    100   3.15    13.19  0.9850     0.9846  0.0150     0.0154     0.4427         0.4478
    101   3.16    13.37  0.9850     0.9851  0.0150     0.0149     0.4759         0.4790
    102   3.17    14.48  0.9854     0.9862  0.0146     0.0138     0.4453         0.4513
    103   3.18    13.28  0.9850     0.9860  0.0150     0.0140     0.4662         0.4721
    104   3.17    13.17  0.9852     0.9860  0.0148     0.0140     0.4351         0.4357
    105   3.17    13.47  0.9854     0.9862  0.0146     0.0138     0.4110         0.4144
    106   3.18    13.18  0.9859     0.9866  0.0141     0.0134     0.4588         0.4610
    107   3.18    13.55  0.9854     0.9857  0.0146     0.0143     0.4432         0.4469
    108   3.18    13.03  0.9855     0.9869  0.0145     0.0131     0.4680         0.4730
    109   3.18    12.74  0.9845     0.9862  0.0155     0.0138     0.4959         0.5005
    110   3.16    13.12  0.9850     0.9861  0.0150     0.0139     0.4855         0.4923
    111   3.15    13.21  0.9839     0.9850  0.0161     0.0150     0.5004         0.5060
    112   3.15    12.96  0.9840     0.9851  0.0160     0.0149     0.4543         0.4581
    113   3.16    12.91  0.9848     0.9858  0.0152     0.0142     0.5220         0.5290
    114   3.16    13.67  0.9844     0.9869  0.0156     0.0131     0.4910         0.4969
    115   3.17    13.07  0.9850     0.9865  0.0150     0.0135     0.5186         0.5231
    116   3.17    12.99  0.9858     0.9866  0.0142     0.0134     0.5134         0.5187
    117   3.16    13.55  0.9848     0.9851  0.0152     0.0149     0.4914         0.4949
    118   3.16    13.08  0.9841     0.9851  0.0159     0.0149     0.5273         0.5318
    119   3.16    13.35  0.9844     0.9850  0.0156     0.0150     0.5023         0.5055
    120   3.18    13.00  0.9853     0.9860  0.0147     0.0140     0.4519         0.4577
    121   3.17    13.00  0.9853     0.9857  0.0147     0.0143     0.4964         0.4999
    122   3.17    13.47  0.9846     0.9854  0.0154     0.0146     0.4649         0.4700
    123   3.15    13.40  0.9836     0.9855  0.0164     0.0145     0.4300         0.4314
    124   3.16    13.25  0.9860     0.9859  0.0140     0.0141     0.4376         0.4440
    125   3.17    12.97  0.9865     0.9862  0.0135     0.0138     0.4918         0.4962
    126   3.17    12.97  0.9849     0.9857  0.0151     0.0143     0.5211         0.5238
    127   3.17    12.85  0.9853     0.9863  0.0147     0.0137     0.5085         0.5114
    128   3.17    13.11  0.9861     0.9864  0.0139     0.0136     0.4852         0.4854
    129   3.18    13.27  0.9864     0.9866  0.0136     0.0134     0.4804         0.4859
    130   3.17    12.83  0.9861     0.9867  0.0139     0.0133     0.4386         0.4396
    131   3.17    12.79  0.9857     0.9862  0.0143     0.0138     0.4458         0.4499
    132   3.16    13.04  0.9856     0.9868  0.0144     0.0132     0.4273         0.4357
    133   3.16    12.41  0.9855     0.9873  0.0145     0.0127     0.4756         0.4789
    134   3.16    12.95  0.9857     0.9867  0.0143     0.0133     0.4188         0.4230
    135   3.18    13.83  0.9854     0.9859  0.0146     0.0141     0.4365         0.4407
    136   3.17    12.86  0.9852     0.9863  0.0148     0.0137     0.4978         0.5003
    137   3.17    12.70  0.9857     0.9866  0.0143     0.0134     0.4659         0.4718
    138   3.17    13.21  0.9852     0.9859  0.0148     0.0141     0.4526         0.4567
    139   3.17    14.03  0.9852     0.9862  0.0148     0.0138     0.4454         0.4473
    140   3.17    12.64  0.9852     0.9850  0.0148     0.0150     0.4526         0.4579
    141   3.16    12.57  0.9851     0.9867  0.0149     0.0133     0.4580         0.4615
    142   3.16    12.67  0.9854     0.9871  0.0146     0.0129     0.4910         0.4927
    143   3.17    12.52  0.9852     0.9862  0.0148     0.0138     0.5019         0.5085
    144   3.17    12.91  0.9859     0.9863  0.0141     0.0137     0.5390         0.5452
    145   3.16    12.76  0.9853     0.9862  0.0147     0.0138     0.5319         0.5363
    146   3.17    13.00  0.9849     0.9867  0.0151     0.0133     0.5117         0.5155
    147   3.16    12.46  0.9844     0.9863  0.0156     0.0137     0.5011         0.5060
    148   3.17    12.87  0.9859     0.9866  0.0141     0.0134     0.5016         0.5052
    149   3.17    12.78  0.9850     0.9870  0.0150     0.0130     0.5414         0.5468
    150   3.17    12.67  0.9850     0.9858  0.0150     0.0142     0.5042         0.5072
    151   3.16    12.57  0.9852     0.9867  0.0148     0.0133     0.5054         0.5100
    152   3.16    12.47  0.9848     0.9864  0.0152     0.0136     0.5034         0.5072
    153   3.17    12.62  0.9859     0.9865  0.0141     0.0135     0.5163         0.5210
    154   3.18    13.18  0.9869     0.9872  0.0131     0.0128     0.4681         0.4751
    155   3.18    12.62  0.9862     0.9869  0.0138     0.0131     0.5040         0.5058
    156   3.18    12.45  0.9865     0.9873  0.0135     0.0127     0.5101         0.5161
    157   3.17    12.98  0.9846     0.9861  0.0154     0.0139     0.5096         0.5116
    158   3.19    12.70  0.9868     0.9872  0.0132     0.0128     0.5049         0.5079
    159   3.16    12.68  0.9851     0.9861  0.0149     0.0139     0.5301         0.5351
    160   3.18    12.57  0.9860     0.9871  0.0140     0.0129     0.5501         0.5565
    161   3.18    12.81  0.9865     0.9873  0.0135     0.0127     0.5395         0.5463
    162   3.19    14.02  0.9861     0.9873  0.0139     0.0127     0.5443         0.5468
    163   3.16    13.09  0.9862     0.9869  0.0138     0.0131     0.5368         0.5422
    164   3.18    12.79  0.9873     0.9873  0.0127     0.0127     0.5304         0.5370
    165   3.18    12.56  0.9862     0.9874  0.0138     0.0126     0.5492         0.5540
    166   3.18    12.51  0.9855     0.9870  0.0145     0.0130     0.5476         0.5500
    167   3.18    12.55  0.9851     0.9862  0.0149     0.0138     0.5274         0.5313
    168   3.17    12.58  0.9859     0.9868  0.0141     0.0132     0.5279         0.5322
    169   3.17    12.51  0.9851     0.9861  0.0149     0.0139     0.5393         0.5427
    170   3.18    12.82  0.9866     0.9869  0.0134     0.0131     0.5509         0.5551
    171   3.17    12.27  0.9864     0.9878  0.0136     0.0122     0.5565         0.5609
    172   3.16    12.88  0.9853     0.9865  0.0147     0.0135     0.5318         0.5373
    173   3.18    12.54  0.9854     0.9859  0.0146     0.0141     0.5492         0.5542
    174   3.17    12.50  0.9858     0.9873  0.0142     0.0127     0.5387         0.5453
    175   3.17    12.61  0.9845     0.9865  0.0155     0.0135     0.5520         0.5585
    176   3.17    12.41  0.9853     0.9863  0.0147     0.0137     0.5568         0.5628
    177   3.18    12.39  0.9856     0.9871  0.0144     0.0129     0.5430         0.5492
    178   3.17    12.37  0.9855     0.9866  0.0145     0.0134     0.5818         0.5862
    179   3.17    12.73  0.9856     0.9860  0.0144     0.0140     0.5482         0.5526
    180   3.17    12.63  0.9856     0.9857  0.0144     0.0143     0.5538         0.5594
    181   3.16    12.74  0.9852     0.9858  0.0148     0.0142     0.5543         0.5579
    182   3.18    12.37  0.9855     0.9869  0.0145     0.0131     0.5586         0.5626
    183   3.18    12.46  0.9858     0.9869  0.0142     0.0131     0.5603         0.5636
    184   3.17    12.58  0.9851     0.9860  0.0149     0.0140     0.5616         0.5667
    185   3.16    12.47  0.9850     0.9871  0.0150     0.0129     0.5548         0.5604
    186   3.16    12.60  0.9850     0.9858  0.0150     0.0142     0.5329         0.5355
    187   3.17    12.51  0.9857     0.9859  0.0143     0.0141     0.5355         0.5436
    188   3.17    12.61  0.9854     0.9859  0.0146     0.0141     0.5441         0.5490
    189   3.18    12.45  0.9860     0.9861  0.0140     0.0139     0.5544         0.5609
    190   3.17    12.36  0.9863     0.9861  0.0137     0.0139     0.5535         0.5575
    191   3.16    12.52  0.9855     0.9865  0.0145     0.0135     0.5109         0.5142
    192   3.15    12.43  0.9850     0.9860  0.0150     0.0140     0.5171         0.5214
    193   3.16    12.35  0.9854     0.9861  0.0146     0.0139     0.5241         0.5297
    194   3.17    12.37  0.9849     0.9864  0.0151     0.0136     0.5408         0.5465
    195   3.17    12.44  0.9855     0.9868  0.0145     0.0132     0.5242         0.5266
    196   3.16    12.40  0.9847     0.9855  0.0153     0.0145     0.5140         0.5217
    197   3.16    12.42  0.9844     0.9854  0.0156     0.0146     0.5039         0.5100
    198   3.16    12.43  0.9853     0.9850  0.0147     0.0150     0.5088         0.5138
    199   3.17    12.39  0.9855     0.9855  0.0145     0.0145     0.5217         0.5286
    200   3.17    12.57  0.9854     0.9865  0.0146     0.0135     0.5356         0.5392
The log/output/model have been saved to: ./logs/new_train.py-multi_zetas{'num_epochs': 200, 'use_stoch': [False, False, True], 'betas': None}-kmt-04-03-23:56 + .csv/.out/.cpt
