  epoch    IZY    IXZ_1    IZ_1Z_2     acc    avg_acc     err    avg_err    adv_acc    avg_adv_acc
-------  -----  -------  ---------  ------  ---------  ------  ---------  ---------  -------------
      1   3.00   100.87      61.52  0.9339     0.9454  0.0661     0.0546     0.0534         0.0531
      2   3.12    91.44      59.75  0.9608     0.9644  0.0392     0.0356     0.0390         0.0409
      3   3.14    63.23      49.75  0.9660     0.9693  0.0340     0.0307     0.0778         0.0898
      4   3.10    54.81      45.50  0.9578     0.9644  0.0422     0.0356     0.1030         0.1210
      5   3.16    52.53      43.70  0.9703     0.9745  0.0297     0.0255     0.1033         0.1190
      6   3.17    45.98      44.21  0.9730     0.9750  0.0270     0.0250     0.1410         0.1716
      7   3.14    45.97      40.58  0.9683     0.9708  0.0317     0.0292     0.1698         0.1908
      8   3.17    37.61      40.32  0.9754     0.9791  0.0246     0.0209     0.2238         0.2697
      9   3.18    37.98      37.32  0.9755     0.9763  0.0245     0.0237     0.2647         0.3031
     10   3.18    40.59      40.49  0.9771     0.9776  0.0229     0.0224     0.2977         0.3218
     11   3.14    36.14      35.19  0.9722     0.9754  0.0278     0.0246     0.3256         0.3674
     12   3.16    44.26      39.33  0.9746     0.9759  0.0254     0.0241     0.3311         0.3633
     13   3.15    30.65      31.77  0.9747     0.9783  0.0253     0.0217     0.3752         0.4344
     14   3.19    36.25      33.51  0.9799     0.9816  0.0201     0.0184     0.4354         0.4660
     15   3.19    30.94      31.04  0.9810     0.9817  0.0190     0.0183     0.4646         0.5121
     16   3.17    29.91      29.23  0.9788     0.9802  0.0212     0.0198     0.4453         0.4955
     17   3.21    36.05      34.51  0.9834     0.9846  0.0166     0.0154     0.4689         0.4934
     18   3.17    25.45      27.01  0.9775     0.9814  0.0225     0.0186     0.4726         0.5337
     19   3.16    27.18      28.12  0.9776     0.9811  0.0224     0.0189     0.4999         0.5662
     20   3.19    28.47      28.80  0.9816     0.9827  0.0184     0.0173     0.5731         0.6115
     21   3.17    25.91      26.96  0.9800     0.9818  0.0200     0.0182     0.5660         0.6318
     22   3.16    28.84      26.62  0.9786     0.9805  0.0214     0.0195     0.5490         0.5819
     23   3.19    24.55      25.86  0.9822     0.9848  0.0178     0.0152     0.5578         0.6373
     24   3.14    27.24      27.91  0.9766     0.9798  0.0234     0.0202     0.5464         0.6106
     25   3.18    24.53      24.83  0.9809     0.9826  0.0191     0.0174     0.5875         0.6307
     26   3.18    24.43      24.35  0.9799     0.9820  0.0201     0.0180     0.5917         0.6380
     27   3.20    30.81      31.78  0.9844     0.9846  0.0156     0.0154     0.6413         0.6566
     28   3.16    24.59      23.97  0.9786     0.9808  0.0214     0.0192     0.6153         0.6552
     29   3.18    23.99      23.86  0.9832     0.9846  0.0168     0.0154     0.6458         0.6822
     30   3.16    22.58      22.69  0.9786     0.9822  0.0214     0.0178     0.5879         0.6322
     31   3.16    22.19      22.61  0.9802     0.9821  0.0198     0.0179     0.6522         0.6931
     32   3.19    31.51      30.66  0.9836     0.9843  0.0164     0.0157     0.5785         0.5876
     33   3.17    27.21      26.12  0.9818     0.9827  0.0182     0.0173     0.6077         0.6241
     34   3.14    21.40      21.46  0.9780     0.9822  0.0220     0.0178     0.6170         0.6775
     35   3.16    23.39      22.32  0.9802     0.9835  0.0198     0.0165     0.6083         0.6370
     36   3.17    27.03      26.17  0.9817     0.9821  0.0183     0.0179     0.5722         0.5854
     37   3.17    33.10      32.80  0.9818     0.9822  0.0182     0.0178     0.6145         0.6213
     38   3.17    24.76      21.97  0.9829     0.9831  0.0171     0.0169     0.6141         0.6414
     39   3.14    21.35      20.65  0.9788     0.9811  0.0212     0.0189     0.5653         0.5981
     40   3.15    21.63      21.37  0.9816     0.9828  0.0184     0.0172     0.6041         0.6294
     41   3.16    19.81      20.29  0.9825     0.9839  0.0175     0.0161     0.6334         0.6589
     42   3.16    20.15      19.62  0.9832     0.9842  0.0168     0.0158     0.5831         0.6135
     43   3.16    20.36      19.96  0.9827     0.9845  0.0173     0.0155     0.6464         0.6743
     44   3.19    19.12      19.84  0.9829     0.9856  0.0171     0.0144     0.6607         0.6812
     45   3.13    19.10      18.88  0.9800     0.9811  0.0200     0.0189     0.6244         0.6472
     46   3.18    20.17      19.05  0.9839     0.9844  0.0161     0.0156     0.6319         0.6549
     47   3.17    17.51      18.44  0.9830     0.9860  0.0170     0.0140     0.6636         0.6892
     48   3.16    20.31      20.30  0.9815     0.9838  0.0185     0.0162     0.5829         0.5995
     49   3.15    18.15      18.45  0.9814     0.9840  0.0186     0.0160     0.6408         0.6641
     50   3.17    18.15      18.60  0.9829     0.9852  0.0171     0.0148     0.6106         0.6386
     51   3.17    18.56      18.58  0.9829     0.9843  0.0171     0.0157     0.5642         0.5861
     52   3.18    21.39      20.36  0.9840     0.9858  0.0160     0.0142     0.5445         0.5551
     53   3.16    17.71      17.49  0.9821     0.9855  0.0179     0.0145     0.5582         0.5792
     54   3.15    17.55      17.69  0.9818     0.9845  0.0182     0.0155     0.5927         0.6122
     55   3.14    22.49      23.08  0.9817     0.9821  0.0183     0.0179     0.5530         0.5621
     56   3.17    18.24      18.59  0.9832     0.9847  0.0168     0.0153     0.5766         0.5902
     57   3.16    17.64      17.63  0.9825     0.9848  0.0175     0.0152     0.5532         0.5716
     58   3.14    17.41      17.17  0.9832     0.9850  0.0168     0.0150     0.5701         0.5901
     59   3.16    16.72      17.01  0.9835     0.9854  0.0165     0.0146     0.5752         0.5928
     60   3.17    17.35      17.37  0.9834     0.9855  0.0166     0.0145     0.5514         0.5663
     61   3.16    16.39      16.64  0.9826     0.9851  0.0174     0.0149     0.5941         0.6116
     62   3.15    16.44      16.58  0.9831     0.9848  0.0169     0.0152     0.5928         0.6101
     63   3.16    17.14      17.45  0.9843     0.9857  0.0157     0.0143     0.5285         0.5413
     64   3.14    17.24      17.89  0.9815     0.9823  0.0185     0.0177     0.5331         0.5444
     65   3.17    16.39      17.02  0.9839     0.9843  0.0161     0.0157     0.5083         0.5244
     66   3.16    15.63      16.56  0.9837     0.9866  0.0163     0.0134     0.5699         0.5857
     67   3.18    15.53      16.23  0.9860     0.9868  0.0140     0.0132     0.5204         0.5352
     68   3.15    15.43      15.98  0.9838     0.9865  0.0162     0.0135     0.5065         0.5222
     69   3.16    15.45      16.38  0.9834     0.9852  0.0166     0.0148     0.5439         0.5594
     70   3.14    15.03      16.01  0.9803     0.9843  0.0197     0.0157     0.5583         0.5815
     71   3.16    15.59      16.49  0.9823     0.9846  0.0177     0.0154     0.5631         0.5780
     72   3.14    16.42      17.52  0.9826     0.9835  0.0174     0.0165     0.5356         0.5440
     73   3.10    15.24      16.09  0.9772     0.9803  0.0228     0.0197     0.5393         0.5547
     74   3.16    15.43      16.49  0.9826     0.9854  0.0174     0.0146     0.5844         0.5950
     75   3.15    14.66      16.38  0.9838     0.9851  0.0162     0.0149     0.5728         0.5852
     76   3.14    15.17      16.13  0.9836     0.9852  0.0164     0.0148     0.4889         0.4988
     77   3.15    14.94      15.72  0.9837     0.9855  0.0163     0.0145     0.4324         0.4472
     78   3.15    14.78      16.17  0.9848     0.9859  0.0152     0.0141     0.4849         0.4952
     79   3.15    15.29      15.60  0.9835     0.9850  0.0165     0.0150     0.4520         0.4624
     80   3.15    13.78      15.34  0.9835     0.9847  0.0165     0.0153     0.5267         0.5419
     81   3.14    15.72      16.01  0.9828     0.9837  0.0172     0.0163     0.4495         0.4567
     82   3.15    14.96      15.93  0.9823     0.9840  0.0177     0.0160     0.5096         0.5156
     83   3.12    14.48      15.45  0.9795     0.9821  0.0205     0.0179     0.4827         0.4930
     84   3.11    14.39      15.24  0.9814     0.9825  0.0186     0.0175     0.5585         0.5697
     85   3.16    14.00      15.60  0.9843     0.9869  0.0157     0.0131     0.5813         0.5910
     86   3.17    13.75      15.06  0.9853     0.9864  0.0147     0.0136     0.5706         0.5801
     87   3.09    14.66      15.79  0.9804     0.9823  0.0196     0.0177     0.4328         0.4405
     88   3.15    13.26      14.83  0.9837     0.9862  0.0163     0.0138     0.4872         0.4980
     89   3.17    13.79      15.16  0.9838     0.9858  0.0162     0.0142     0.4324         0.4417
     90   3.17    13.36      14.91  0.9830     0.9866  0.0170     0.0134     0.4665         0.4755
     91   3.18    14.31      15.38  0.9862     0.9869  0.0138     0.0131     0.4369         0.4475
     92   3.13    14.80      15.15  0.9828     0.9832  0.0172     0.0168     0.4397         0.4469
     93   3.15    13.25      14.64  0.9825     0.9848  0.0175     0.0152     0.4947         0.5068
     94   3.16    13.15      15.31  0.9847     0.9856  0.0153     0.0144     0.5145         0.5226
     95   3.16    13.55      15.65  0.9850     0.9870  0.0150     0.0130     0.4690         0.4737
     96   3.16    13.79      14.99  0.9847     0.9863  0.0153     0.0137     0.4484         0.4553
     97   3.11    14.61      15.25  0.9809     0.9811  0.0191     0.0189     0.4357         0.4425
     98   3.14    13.98      14.46  0.9827     0.9848  0.0173     0.0152     0.4499         0.4591
     99   3.15    12.96      14.39  0.9838     0.9853  0.0162     0.0147     0.4590         0.4663
    100   3.16    13.90      14.80  0.9846     0.9854  0.0154     0.0146     0.4076         0.4135
    101   3.16    13.04      14.41  0.9838     0.9857  0.0162     0.0143     0.4184         0.4282
    102   3.16    12.94      14.68  0.9839     0.9867  0.0161     0.0133     0.4225         0.4298
    103   3.15    14.24      15.42  0.9831     0.9850  0.0169     0.0150     0.3733         0.3802
    104   3.15    13.41      14.62  0.9837     0.9852  0.0163     0.0148     0.4209         0.4275
    105   3.15    12.67      14.00  0.9847     0.9865  0.0153     0.0135     0.4359         0.4433
    106   3.17    12.58      14.42  0.9847     0.9863  0.0153     0.0137     0.4266         0.4358
    107   3.17    12.48      14.39  0.9851     0.9867  0.0149     0.0133     0.4466         0.4536
    108   3.16    12.96      14.44  0.9847     0.9870  0.0153     0.0130     0.4258         0.4345
    109   3.15    12.57      14.39  0.9833     0.9857  0.0167     0.0143     0.4072         0.4134
    110   3.16    13.49      15.35  0.9862     0.9871  0.0138     0.0129     0.3967         0.3994
    111   3.17    12.30      14.10  0.9851     0.9873  0.0149     0.0127     0.4294         0.4343
    112   3.17    13.80      14.95  0.9854     0.9873  0.0146     0.0127     0.4079         0.4143
    113   3.16    12.85      14.15  0.9833     0.9853  0.0167     0.0147     0.3965         0.4029
    114   3.16    11.98      14.23  0.9846     0.9861  0.0154     0.0139     0.4538         0.4612
    115   3.14    12.26      14.02  0.9820     0.9858  0.0180     0.0142     0.4489         0.4587
    116   3.16    12.40      14.31  0.9845     0.9870  0.0155     0.0130     0.4306         0.4347
    117   3.15    12.46      13.94  0.9845     0.9863  0.0155     0.0137     0.4257         0.4319
    118   3.15    11.89      13.81  0.9837     0.9855  0.0163     0.0145     0.4286         0.4353
    119   3.16    12.65      14.23  0.9845     0.9869  0.0155     0.0131     0.4262         0.4332
    120   3.18    11.64      13.78  0.9853     0.9874  0.0147     0.0126     0.4586         0.4667
    121   3.15    13.09      14.17  0.9846     0.9866  0.0154     0.0134     0.3853         0.3879
    122   3.17    12.09      14.17  0.9847     0.9868  0.0153     0.0132     0.4189         0.4257
    123   3.17    12.34      14.01  0.9848     0.9869  0.0152     0.0131     0.4141         0.4197
    124   3.17    12.64      14.02  0.9842     0.9868  0.0158     0.0132     0.4076         0.4139
    125   3.16    12.75      15.02  0.9848     0.9853  0.0152     0.0147     0.4142         0.4175
    126   3.17    11.98      13.72  0.9835     0.9862  0.0165     0.0138     0.4497         0.4576
    127   3.15    12.29      14.44  0.9828     0.9852  0.0172     0.0148     0.4543         0.4604
    128   3.15    12.31      14.10  0.9840     0.9857  0.0160     0.0143     0.4681         0.4740
    129   3.16    11.82      13.90  0.9838     0.9857  0.0162     0.0143     0.4376         0.4442
    130   3.16    11.68      13.95  0.9843     0.9853  0.0157     0.0147     0.4196         0.4241
    131   3.15    11.93      14.05  0.9851     0.9862  0.0149     0.0138     0.4458         0.4506
    132   3.15    11.77      13.91  0.9853     0.9865  0.0147     0.0135     0.4622         0.4686
    133   3.15    11.65      13.53  0.9840     0.9855  0.0160     0.0145     0.4368         0.4470
    134   3.16    11.96      13.53  0.9833     0.9858  0.0167     0.0142     0.4072         0.4143
    135   3.16    11.76      13.56  0.9827     0.9857  0.0173     0.0143     0.4258         0.4342
    136   3.15    11.99      13.94  0.9850     0.9861  0.0150     0.0139     0.4022         0.4103
    137   3.16    11.67      13.53  0.9852     0.9862  0.0148     0.0138     0.4402         0.4477
    138   3.15    12.49      14.62  0.9845     0.9858  0.0155     0.0142     0.4044         0.4095
    139   3.15    11.94      13.87  0.9838     0.9850  0.0162     0.0150     0.4052         0.4096
    140   3.16    12.15      14.29  0.9858     0.9864  0.0142     0.0136     0.4172         0.4229
    141   3.16    12.08      14.11  0.9860     0.9863  0.0140     0.0137     0.4091         0.4178
    142   3.17    11.34      13.49  0.9851     0.9862  0.0149     0.0138     0.4295         0.4355
    143   3.16    11.67      13.69  0.9850     0.9862  0.0150     0.0138     0.4218         0.4290
    144   3.16    11.51      13.68  0.9851     0.9866  0.0149     0.0134     0.4192         0.4239
    145   3.17    11.07      13.58  0.9855     0.9867  0.0145     0.0133     0.4411         0.4483
    146   3.17    11.63      13.73  0.9851     0.9876  0.0149     0.0124     0.4047         0.4118
    147   3.15    11.38      13.40  0.9837     0.9860  0.0163     0.0140     0.4222         0.4338
    148   3.15    11.50      13.91  0.9844     0.9862  0.0156     0.0138     0.4058         0.4112
    149   3.17    11.50      13.65  0.9849     0.9872  0.0151     0.0128     0.4159         0.4216
    150   3.15    11.49      13.47  0.9849     0.9857  0.0151     0.0143     0.4195         0.4267
    151   3.16    11.24      13.84  0.9843     0.9864  0.0157     0.0136     0.4126         0.4222
    152   3.16    11.50      13.64  0.9850     0.9864  0.0150     0.0136     0.3847         0.3899
    153   3.14    11.36      13.36  0.9829     0.9850  0.0171     0.0150     0.3683         0.3745
    154   3.14    11.17      13.38  0.9843     0.9869  0.0157     0.0131     0.3998         0.4076
    155   3.17    11.56      13.91  0.9853     0.9866  0.0147     0.0134     0.3729         0.3771
    156   3.16    11.01      13.49  0.9851     0.9860  0.0149     0.0140     0.4055         0.4141
    157   3.16    11.34      13.35  0.9858     0.9869  0.0142     0.0131     0.3917         0.3967
    158   3.16    11.05      13.52  0.9843     0.9862  0.0157     0.0138     0.4100         0.4151
    159   3.17    11.28      13.53  0.9866     0.9875  0.0134     0.0125     0.4024         0.4085
    160   3.17    11.70      13.81  0.9860     0.9870  0.0140     0.0130     0.3771         0.3849
    161   3.17    11.15      13.63  0.9848     0.9867  0.0152     0.0133     0.3861         0.3929
    162   3.16    11.06      13.43  0.9860     0.9872  0.0140     0.0128     0.4185         0.4245
    163   3.16    11.24      12.98  0.9845     0.9867  0.0155     0.0133     0.4128         0.4214
    164   3.15    11.57      13.70  0.9841     0.9861  0.0159     0.0139     0.3925         0.3968
    165   3.15    11.18      13.49  0.9844     0.9863  0.0156     0.0137     0.3963         0.4056
    166   3.14    11.09      13.21  0.9832     0.9860  0.0168     0.0140     0.3918         0.3998
    167   3.15    11.35      13.83  0.9854     0.9870  0.0146     0.0130     0.3914         0.3981
    168   3.16    11.31      13.59  0.9853     0.9867  0.0147     0.0133     0.3864         0.3960
    169   3.14    11.09      13.32  0.9829     0.9858  0.0171     0.0142     0.3883         0.3974
    170   3.16    10.90      13.25  0.9856     0.9875  0.0144     0.0125     0.3973         0.4065
    171   3.16    10.97      13.34  0.9842     0.9856  0.0158     0.0144     0.3856         0.3914
    172   3.17    11.11      13.34  0.9858     0.9870  0.0142     0.0130     0.3812         0.3906
    173   3.16    11.14      13.36  0.9850     0.9866  0.0150     0.0134     0.3835         0.3863
    174   3.16    11.25      13.27  0.9844     0.9864  0.0156     0.0136     0.3668         0.3762
    175   3.16    11.22      13.62  0.9854     0.9864  0.0146     0.0136     0.3663         0.3733
    176   3.16    10.89      13.22  0.9854     0.9868  0.0146     0.0132     0.3747         0.3818
    177   3.16    10.80      13.27  0.9851     0.9871  0.0149     0.0129     0.3901         0.3977
    178   3.16    10.80      13.22  0.9852     0.9869  0.0148     0.0131     0.3818         0.3883
    179   3.15    10.55      12.98  0.9847     0.9867  0.0153     0.0133     0.4004         0.4112
    180   3.16    10.84      13.20  0.9859     0.9878  0.0141     0.0122     0.3861         0.3932
    181   3.17    10.89      13.26  0.9861     0.9876  0.0139     0.0124     0.3975         0.4057
    182   3.16    10.79      13.20  0.9841     0.9866  0.0159     0.0134     0.3870         0.3962
    183   3.15    10.70      13.12  0.9847     0.9874  0.0153     0.0126     0.3949         0.4017
    184   3.18    10.72      13.05  0.9860     0.9878  0.0140     0.0122     0.3996         0.4072
    185   3.17    11.33      13.60  0.9852     0.9870  0.0148     0.0130     0.3954         0.4005
    186   3.16    10.65      13.07  0.9850     0.9873  0.0150     0.0127     0.4150         0.4210
    187   3.17    10.86      13.38  0.9853     0.9866  0.0147     0.0134     0.4254         0.4303
    188   3.17    10.84      13.14  0.9852     0.9869  0.0148     0.0131     0.4117         0.4219
    189   3.17    10.37      13.08  0.9859     0.9876  0.0141     0.0124     0.4359         0.4446
    190   3.17    10.63      13.08  0.9848     0.9876  0.0152     0.0124     0.4192         0.4252
    191   3.17    10.76      13.19  0.9850     0.9876  0.0150     0.0124     0.4162         0.4239
    192   3.17    10.69      13.17  0.9857     0.9865  0.0143     0.0135     0.4025         0.4105
    193   3.16    10.90      13.15  0.9850     0.9868  0.0150     0.0132     0.3878         0.3948
    194   3.16    10.70      13.08  0.9851     0.9876  0.0149     0.0124     0.3971         0.4047
    195   3.15    10.62      13.00  0.9836     0.9855  0.0164     0.0145     0.3918         0.3983
    196   3.16    11.10      13.30  0.9853     0.9880  0.0147     0.0120     0.3644         0.3698
    197   3.16    10.67      13.28  0.9852     0.9873  0.0148     0.0127     0.3836         0.3909
    198   3.15    11.03      13.36  0.9848     0.9861  0.0152     0.0139     0.3687         0.3754
    199   3.17    10.63      13.21  0.9853     0.9863  0.0147     0.0137     0.3790         0.3883
    200   3.16    10.58      13.06  0.9847     0.9862  0.0153     0.0138     0.3809         0.3892
The log/output/model have been saved to: ./logs/new_train.py-multi_zetas{'num_epochs': 200, 'use_stoch': [False, True, True], 'betas': None}-tgq-04-04-07:19 + .csv/.out/.cpt
