  epoch    IZY    IXZ_1    IZ_1Z_2    IZ_2Z_3     acc    avg_acc     err    avg_err    adv_acc    avg_adv_acc
-------  -----  -------  ---------  ---------  ------  ---------  ------  ---------  ---------  -------------
      1   2.89   176.23     132.97      66.39  0.9109     0.9258  0.0891     0.0742     0.0655         0.0661
      2   3.07   163.03     148.34      72.57  0.9526     0.9545  0.0474     0.0455     0.0356         0.0361
      3   3.05   140.74     113.68      58.04  0.9483     0.9561  0.0517     0.0439     0.0565         0.0586
      4   3.05   105.74      90.73      47.31  0.9446     0.9598  0.0554     0.0402     0.0839         0.0875
      5   3.08   101.81      83.16      43.88  0.9533     0.9619  0.0467     0.0381     0.0881         0.0951
      6   3.06    86.30      72.36      40.75  0.9481     0.9651  0.0519     0.0349     0.0962         0.1045
      7   3.00    80.87      66.86      43.35  0.9416     0.9625  0.0584     0.0375     0.1269         0.1432
      8   3.12    85.06      69.39      36.25  0.9644     0.9710  0.0356     0.0290     0.0874         0.0951
      9   3.11    85.78      66.83      34.71  0.9624     0.9680  0.0376     0.0320     0.1080         0.1139
     10   3.12    82.55      67.55      33.40  0.9684     0.9724  0.0316     0.0276     0.1513         0.1614
     11   3.12    74.61      59.80      29.74  0.9625     0.9719  0.0375     0.0281     0.1418         0.1570
     12   3.10    70.56      55.39      29.33  0.9620     0.9707  0.0380     0.0293     0.1547         0.1687
     13   3.12    73.97      56.63      27.86  0.9667     0.9718  0.0333     0.0282     0.1637         0.1789
     14   3.10    67.47      53.70      26.45  0.9628     0.9697  0.0372     0.0303     0.1683         0.1810
     15   3.11    67.31      55.06      25.49  0.9669     0.9724  0.0331     0.0276     0.1917         0.2039
     16   3.13    68.75      51.65      24.83  0.9693     0.9749  0.0307     0.0251     0.2139         0.2279
     17   3.11    62.88      47.72      23.87  0.9683     0.9746  0.0317     0.0254     0.2734         0.2977
     18   3.12    63.54      47.89      22.84  0.9695     0.9743  0.0305     0.0257     0.2634         0.2782
     19   3.15    61.27      47.95      22.42  0.9744     0.9776  0.0256     0.0224     0.2756         0.2884
     20   3.14    61.11      46.35      21.38  0.9752     0.9774  0.0248     0.0226     0.3010         0.3193
     21   3.13    56.19      43.58      20.75  0.9726     0.9766  0.0274     0.0234     0.2924         0.3045
     22   3.13    57.18      41.88      20.08  0.9697     0.9764  0.0303     0.0236     0.2951         0.3117
     23   2.99    52.52      39.91      20.27  0.9500     0.9598  0.0500     0.0402     0.2609         0.2789
     24   3.12    58.45      40.61      20.16  0.9733     0.9759  0.0267     0.0241     0.2758         0.2853
     25   3.09    56.92      39.50      18.43  0.9686     0.9744  0.0314     0.0256     0.2797         0.2940
     26   3.10    52.64      38.35      18.25  0.9707     0.9769  0.0293     0.0231     0.3304         0.3491
     27   3.08    49.20      37.62      18.85  0.9660     0.9733  0.0340     0.0267     0.3004         0.3127
     28   3.12    50.47      37.45      17.40  0.9744     0.9790  0.0256     0.0210     0.3033         0.3135
     29   3.13    50.65      38.93      17.53  0.9744     0.9782  0.0256     0.0218     0.2793         0.2892
     30   3.07    51.26      35.31      17.46  0.9644     0.9720  0.0356     0.0280     0.2383         0.2461
     31   3.12    48.25      33.40      17.37  0.9737     0.9791  0.0263     0.0209     0.2427         0.2518
     32   3.12    50.77      33.77      17.24  0.9713     0.9782  0.0287     0.0218     0.2497         0.2563
     33   3.11    48.79      34.14      16.81  0.9724     0.9768  0.0276     0.0232     0.2274         0.2338
     34   3.11    44.15      32.90      16.55  0.9718     0.9751  0.0282     0.0249     0.1980         0.2023
     35   3.08    42.69      31.82      16.38  0.9711     0.9747  0.0289     0.0253     0.2004         0.2072
     36   3.10    45.01      31.39      16.28  0.9719     0.9772  0.0281     0.0228     0.2334         0.2422
     37   3.14    48.54      31.58      17.14  0.9784     0.9814  0.0216     0.0186     0.2337         0.2426
     38   3.12    49.58      29.50      16.49  0.9742     0.9774  0.0258     0.0226     0.2203         0.2268
     39   3.15    53.15      40.32      15.88  0.9803     0.9817  0.0197     0.0183     0.1655         0.1683
     40   3.13    44.87      28.08      15.31  0.9772     0.9802  0.0228     0.0198     0.2226         0.2315
     41   3.10    44.01      28.94      15.20  0.9728     0.9782  0.0272     0.0218     0.1946         0.1981
     42   3.15    44.93      30.50      17.08  0.9786     0.9805  0.0214     0.0195     0.1710         0.1730
     43   3.12    40.59      27.39      15.09  0.9740     0.9788  0.0260     0.0212     0.2131         0.2204
     44   3.10    42.58      27.92      14.54  0.9725     0.9772  0.0275     0.0228     0.1802         0.1862
     45   3.12    39.22      25.61      14.53  0.9758     0.9808  0.0242     0.0192     0.1964         0.2017
     46   3.11    36.96      26.07      14.71  0.9754     0.9798  0.0246     0.0202     0.1495         0.1561
     47   3.13    41.43      25.66      14.81  0.9754     0.9791  0.0246     0.0209     0.1712         0.1758
     48   3.12    38.35      25.82      14.19  0.9742     0.9776  0.0258     0.0224     0.1515         0.1557
     49   3.14    44.64      31.14      14.63  0.9792     0.9817  0.0208     0.0183     0.1287         0.1304
     50   3.12    41.56      26.09      14.12  0.9773     0.9815  0.0227     0.0185     0.1559         0.1572
     51   3.12    39.25      25.38      14.02  0.9772     0.9806  0.0228     0.0194     0.1635         0.1702
     52   3.10    40.70      24.51      13.81  0.9753     0.9800  0.0247     0.0200     0.1455         0.1465
     53   3.12    39.29      25.74      14.68  0.9778     0.9809  0.0222     0.0191     0.1298         0.1321
     54   3.12    38.80      24.38      13.78  0.9784     0.9817  0.0216     0.0183     0.1361         0.1398
     55   3.09    36.04      23.07      14.41  0.9759     0.9786  0.0241     0.0214     0.1547         0.1585
     56   3.11    38.10      23.97      13.74  0.9750     0.9812  0.0250     0.0188     0.1260         0.1292
     57   3.12    39.64      23.64      14.14  0.9789     0.9813  0.0211     0.0187     0.1159         0.1179
     58   3.11    39.27      25.72      13.34  0.9763     0.9804  0.0237     0.0196     0.1252         0.1285
     59   3.11    38.15      22.69      13.95  0.9757     0.9804  0.0243     0.0196     0.1426         0.1462
     60   3.09    35.72      22.49      13.47  0.9763     0.9798  0.0237     0.0202     0.1485         0.1481
     61   3.13    34.24      23.32      13.65  0.9792     0.9814  0.0208     0.0186     0.1127         0.1145
     62   3.12    39.32      23.10      13.48  0.9775     0.9808  0.0225     0.0192     0.1246         0.1254
     63   3.10    34.55      22.37      13.23  0.9765     0.9798  0.0235     0.0202     0.1216         0.1248
     64   3.13    35.70      21.69      13.46  0.9779     0.9813  0.0221     0.0187     0.1443         0.1469
     65   3.11    37.77      22.70      13.42  0.9786     0.9814  0.0214     0.0186     0.1217         0.1225
     66   3.11    37.42      21.97      13.10  0.9764     0.9816  0.0236     0.0184     0.1122         0.1137
     67   3.09    35.34      21.64      13.20  0.9766     0.9786  0.0234     0.0214     0.1067         0.1095
     68   3.12    33.54      21.51      13.06  0.9779     0.9802  0.0221     0.0198     0.1138         0.1161
     69   3.11    33.66      21.79      12.77  0.9786     0.9805  0.0214     0.0195     0.1152         0.1152
     70   3.10    32.70      20.83      13.22  0.9755     0.9789  0.0245     0.0211     0.1130         0.1171
     71   3.10    32.16      20.68      12.96  0.9753     0.9800  0.0247     0.0200     0.1275         0.1297
     72   3.12    34.36      22.17      12.91  0.9780     0.9820  0.0220     0.0180     0.1118         0.1108
     73   3.11    33.90      19.82      13.70  0.9773     0.9816  0.0227     0.0184     0.1364         0.1384
     74   3.05    34.71      20.43      12.78  0.9714     0.9769  0.0286     0.0231     0.1448         0.1461
     75   3.10    35.26      20.96      13.03  0.9767     0.9797  0.0233     0.0203     0.1110         0.1115
     76   3.09    31.54      19.51      12.70  0.9744     0.9795  0.0256     0.0205     0.1353         0.1372
     77   3.11    33.68      19.32      12.91  0.9768     0.9808  0.0232     0.0192     0.1465         0.1470
     78   3.10    33.72      19.70      12.78  0.9774     0.9823  0.0226     0.0177     0.1353         0.1383
     79   3.11    32.80      19.17      12.97  0.9789     0.9807  0.0211     0.0193     0.1222         0.1260
     80   3.11    33.60      21.73      13.14  0.9787     0.9813  0.0213     0.0187     0.1025         0.1035
     81   3.10    32.50      19.09      12.34  0.9771     0.9809  0.0229     0.0191     0.1306         0.1321
     82   3.11    36.11      21.49      12.87  0.9803     0.9822  0.0197     0.0178     0.0998         0.0994
     83   3.09    32.00      18.89      12.40  0.9751     0.9796  0.0249     0.0204     0.1347         0.1355
     84   3.13    34.20      19.37      12.45  0.9807     0.9829  0.0193     0.0171     0.1121         0.1137
     85   3.14    31.63      19.43      12.91  0.9808     0.9838  0.0192     0.0162     0.1055         0.1055
     86   3.10    32.82      18.85      12.40  0.9777     0.9823  0.0223     0.0177     0.1056         0.1066
     87   3.12    30.36      18.73      12.60  0.9797     0.9825  0.0203     0.0175     0.1080         0.1083
     88   3.08    31.53      18.98      12.44  0.9755     0.9785  0.0245     0.0215     0.0982         0.0992
     89   3.14    30.78      18.88      12.10  0.9793     0.9824  0.0207     0.0176     0.0996         0.1013
     90   3.12    30.62      18.16      12.66  0.9783     0.9821  0.0217     0.0179     0.1220         0.1239
     91   3.12    30.46      18.24      11.97  0.9783     0.9813  0.0217     0.0187     0.1243         0.1265
     92   3.09    31.41      18.63      12.29  0.9781     0.9810  0.0219     0.0190     0.1057         0.1060
     93   3.11    31.26      18.15      11.92  0.9776     0.9817  0.0224     0.0183     0.1353         0.1367
     94   3.11    30.90      17.87      12.02  0.9787     0.9826  0.0213     0.0174     0.1173         0.1170
     95   3.14    30.74      17.64      12.22  0.9807     0.9832  0.0193     0.0168     0.1369         0.1384
     96   3.13    30.40      18.12      12.15  0.9787     0.9822  0.0213     0.0178     0.1038         0.1028
     97   3.12    28.85      18.16      12.62  0.9784     0.9811  0.0216     0.0189     0.1012         0.1011
     98   3.11    29.69      17.64      12.03  0.9781     0.9818  0.0219     0.0182     0.1261         0.1264
     99   3.11    29.93      17.55      12.13  0.9799     0.9826  0.0201     0.0174     0.1238         0.1271
    100   3.09    28.91      17.56      11.71  0.9762     0.9805  0.0238     0.0195     0.1215         0.1230
    101   3.11    31.76      17.95      11.86  0.9790     0.9827  0.0210     0.0173     0.1231         0.1232
    102   3.09    29.36      17.22      11.93  0.9778     0.9810  0.0222     0.0190     0.1363         0.1394
    103   3.12    27.98      17.52      12.68  0.9793     0.9818  0.0207     0.0182     0.1046         0.1063
    104   3.11    28.77      17.86      12.26  0.9784     0.9823  0.0216     0.0177     0.1052         0.1051
    105   3.11    29.15      17.40      12.00  0.9772     0.9812  0.0228     0.0188     0.1215         0.1200
    106   3.11    28.96      17.20      11.82  0.9789     0.9826  0.0211     0.0174     0.1206         0.1221
    107   3.10    31.59      17.16      12.18  0.9784     0.9821  0.0216     0.0179     0.1143         0.1158
    108   3.12    29.31      17.58      12.22  0.9804     0.9830  0.0196     0.0170     0.1096         0.1101
    109   3.13    28.44      16.89      11.81  0.9795     0.9831  0.0205     0.0169     0.1291         0.1280
    110   3.12    29.59      17.98      11.83  0.9798     0.9835  0.0202     0.0165     0.1214         0.1219
    111   3.09    27.75      16.95      11.78  0.9757     0.9799  0.0243     0.0201     0.1237         0.1254
    112   3.12    27.53      16.86      11.93  0.9799     0.9828  0.0201     0.0172     0.1171         0.1193
    113   3.09    27.80      16.74      11.94  0.9775     0.9813  0.0225     0.0187     0.1312         0.1302
    114   3.12    28.86      16.68      12.08  0.9778     0.9829  0.0222     0.0171     0.1132         0.1124
    115   3.10    29.09      17.01      11.85  0.9787     0.9823  0.0213     0.0177     0.1144         0.1136
    116   3.10    27.25      17.04      12.16  0.9781     0.9816  0.0219     0.0184     0.1032         0.1016
    117   3.11    30.28      17.80      12.16  0.9808     0.9835  0.0192     0.0165     0.1015         0.0997
    118   3.11    28.09      16.47      11.97  0.9782     0.9830  0.0218     0.0170     0.1111         0.1117
    119   3.09    27.02      16.49      11.59  0.9778     0.9817  0.0222     0.0183     0.1223         0.1222
    120   3.08    27.35      16.49      11.63  0.9784     0.9816  0.0216     0.0184     0.1132         0.1114
    121   3.12    27.88      16.78      11.64  0.9790     0.9837  0.0210     0.0163     0.1056         0.1054
    122   3.10    27.52      16.56      11.55  0.9789     0.9824  0.0211     0.0176     0.1256         0.1265
    123   3.12    28.08      16.32      11.79  0.9813     0.9831  0.0187     0.0169     0.1231         0.1248
    124   3.12    26.49      16.09      11.54  0.9790     0.9830  0.0210     0.0170     0.1300         0.1296
    125   3.11    26.48      17.17      12.05  0.9806     0.9834  0.0194     0.0166     0.1088         0.1093
    126   3.10    27.67      16.58      11.59  0.9778     0.9817  0.0222     0.0183     0.1164         0.1165
    127   3.12    26.45      16.27      11.91  0.9800     0.9828  0.0200     0.0172     0.1251         0.1241
    128   3.11    28.08      16.25      11.55  0.9804     0.9840  0.0196     0.0160     0.1239         0.1251
    129   3.14    27.15      16.00      11.42  0.9813     0.9843  0.0187     0.0157     0.1371         0.1390
    130   3.12    27.05      16.13      12.06  0.9800     0.9832  0.0200     0.0168     0.1173         0.1183
    131   3.11    26.93      16.46      11.63  0.9795     0.9819  0.0205     0.0181     0.1230         0.1243
    132   3.10    26.21      15.89      11.55  0.9775     0.9817  0.0225     0.0183     0.1371         0.1364
    133   3.09    27.41      15.87      11.59  0.9779     0.9806  0.0221     0.0194     0.1316         0.1295
    134   3.12    25.88      15.87      11.78  0.9808     0.9826  0.0192     0.0174     0.1280         0.1297
    135   3.10    29.01      16.59      12.04  0.9798     0.9820  0.0202     0.0180     0.0993         0.0994
    136   3.13    26.12      15.94      11.38  0.9805     0.9843  0.0195     0.0157     0.1207         0.1195
    137   3.12    26.79      16.37      11.51  0.9808     0.9831  0.0192     0.0169     0.1242         0.1243
    138   3.12    27.28      15.53      11.70  0.9809     0.9832  0.0191     0.0168     0.1313         0.1321
    139   3.10    26.64      16.14      11.40  0.9773     0.9810  0.0227     0.0190     0.1133         0.1114
    140   3.09    25.75      15.86      11.50  0.9774     0.9810  0.0226     0.0190     0.1247         0.1239
    141   3.09    25.47      15.79      11.50  0.9784     0.9812  0.0216     0.0188     0.1210         0.1196
    142   3.11    25.35      15.55      11.24  0.9788     0.9826  0.0212     0.0174     0.1250         0.1245
    143   3.09    26.61      15.93      11.61  0.9795     0.9818  0.0205     0.0182     0.1158         0.1161
    144   3.10    26.43      15.78      11.51  0.9797     0.9828  0.0203     0.0172     0.1297         0.1292
    145   3.10    26.16      15.60      11.51  0.9800     0.9816  0.0200     0.0184     0.1309         0.1319
    146   3.12    27.02      15.76      11.68  0.9812     0.9839  0.0188     0.0161     0.1242         0.1251
    147   3.08    26.26      15.52      11.36  0.9787     0.9826  0.0213     0.0174     0.1283         0.1305
    148   3.11    25.50      15.47      11.44  0.9798     0.9829  0.0202     0.0171     0.1260         0.1265
    149   3.09    26.37      15.28      11.36  0.9784     0.9818  0.0216     0.0182     0.1356         0.1384
    150   3.10    26.11      15.56      11.33  0.9801     0.9836  0.0199     0.0164     0.1222         0.1215
    151   3.11    25.74      15.14      11.67  0.9788     0.9832  0.0212     0.0168     0.1292         0.1283
    152   3.10    26.53      15.70      11.63  0.9793     0.9818  0.0207     0.0182     0.1263         0.1263
    153   3.08    25.29      15.27      11.43  0.9794     0.9829  0.0206     0.0171     0.1256         0.1272
    154   3.12    25.20      15.68      11.42  0.9799     0.9824  0.0201     0.0176     0.1186         0.1170
    155   3.10    25.09      15.34      11.31  0.9789     0.9824  0.0211     0.0176     0.1383         0.1402
    156   3.09    25.13      15.37      11.23  0.9767     0.9808  0.0233     0.0192     0.1218         0.1210
    157   3.11    26.13      15.72      11.47  0.9796     0.9826  0.0204     0.0174     0.1118         0.1123
    158   3.09    25.24      15.06      11.18  0.9773     0.9818  0.0227     0.0182     0.1194         0.1190
    159   3.11    25.17      15.32      11.14  0.9796     0.9835  0.0204     0.0165     0.1219         0.1242
    160   3.12    25.19      15.12      11.31  0.9790     0.9832  0.0210     0.0168     0.1249         0.1244
    161   3.12    25.33      15.50      11.30  0.9791     0.9836  0.0209     0.0164     0.1174         0.1173
    162   3.10    26.23      14.97      11.38  0.9791     0.9815  0.0209     0.0185     0.1267         0.1263
    163   3.11    25.84      15.18      11.29  0.9794     0.9837  0.0206     0.0163     0.1308         0.1315
    164   3.11    24.96      15.19      11.45  0.9801     0.9828  0.0199     0.0172     0.1183         0.1202
    165   3.11    25.30      15.05      11.26  0.9798     0.9829  0.0202     0.0171     0.1223         0.1230
    166   3.10    24.89      15.28      11.32  0.9791     0.9828  0.0209     0.0172     0.1185         0.1195
    167   3.09    24.79      15.07      11.39  0.9784     0.9809  0.0216     0.0191     0.1245         0.1232
    168   3.10    25.48      15.21      11.21  0.9775     0.9827  0.0225     0.0173     0.1244         0.1257
    169   3.08    25.25      14.97      11.34  0.9791     0.9824  0.0209     0.0176     0.1266         0.1283
    170   3.10    25.53      14.98      11.47  0.9783     0.9825  0.0217     0.0175     0.1219         0.1216
    171   3.08    24.81      15.27      11.30  0.9781     0.9811  0.0219     0.0189     0.1091         0.1106
    172   3.07    25.08      14.79      11.28  0.9768     0.9802  0.0232     0.0198     0.1388         0.1377
    173   3.09    24.40      15.07      11.15  0.9779     0.9825  0.0221     0.0175     0.1294         0.1295
    174   3.10    24.76      15.05      11.21  0.9777     0.9816  0.0223     0.0184     0.1319         0.1311
    175   3.12    24.59      14.68      11.31  0.9796     0.9829  0.0204     0.0171     0.1299         0.1296
    176   3.09    24.83      14.99      11.08  0.9795     0.9826  0.0205     0.0174     0.1294         0.1311
    177   3.11    25.12      14.91      11.27  0.9801     0.9844  0.0199     0.0156     0.1331         0.1303
    178   3.10    24.98      14.75      11.24  0.9786     0.9815  0.0214     0.0185     0.1353         0.1374
    179   3.11    24.36      14.98      11.25  0.9803     0.9837  0.0197     0.0163     0.1205         0.1207
    180   3.09    24.30      14.73      11.29  0.9769     0.9821  0.0231     0.0179     0.1314         0.1291
    181   3.12    24.38      14.72      11.26  0.9786     0.9834  0.0214     0.0166     0.1288         0.1273
    182   3.10    24.86      14.72      11.13  0.9782     0.9823  0.0218     0.0177     0.1360         0.1373
    183   3.13    25.05      14.85      11.33  0.9797     0.9838  0.0203     0.0162     0.1170         0.1171
    184   3.10    24.19      14.76      11.03  0.9782     0.9819  0.0218     0.0181     0.1250         0.1261
    185   3.11    24.41      15.01      11.47  0.9811     0.9830  0.0189     0.0170     0.1163         0.1166
    186   3.08    23.88      14.79      11.19  0.9770     0.9809  0.0230     0.0191     0.1234         0.1232
    187   3.10    24.75      14.81      11.15  0.9800     0.9823  0.0200     0.0177     0.1222         0.1229
    188   3.12    24.37      14.75      11.16  0.9809     0.9827  0.0191     0.0173     0.1242         0.1223
    189   3.11    23.97      14.62      11.25  0.9800     0.9818  0.0200     0.0182     0.1203         0.1200
    190   3.11    24.03      14.53      11.20  0.9786     0.9829  0.0214     0.0171     0.1268         0.1274
    191   3.09    24.09      14.77      11.08  0.9782     0.9835  0.0218     0.0165     0.1094         0.1090
    192   3.09    24.23      14.51      11.16  0.9775     0.9827  0.0225     0.0173     0.1270         0.1277
    193   3.10    24.17      15.00      11.06  0.9800     0.9835  0.0200     0.0165     0.1160         0.1153
    194   3.11    24.51      15.07      11.25  0.9799     0.9830  0.0201     0.0170     0.1166         0.1139
    195   3.10    24.25      14.63      11.10  0.9788     0.9830  0.0212     0.0170     0.1167         0.1179
    196   3.11    24.35      14.77      11.34  0.9794     0.9835  0.0206     0.0165     0.1114         0.1130
    197   3.09    24.12      14.56      11.23  0.9796     0.9829  0.0204     0.0171     0.1298         0.1276
    198   3.11    24.15      14.81      11.17  0.9798     0.9838  0.0202     0.0162     0.1225         0.1218
    199   3.10    23.67      14.49      11.24  0.9803     0.9828  0.0197     0.0172     0.1264         0.1256
    200   3.09    25.35      14.43      11.25  0.9800     0.9830  0.0200     0.0170     0.1260         0.1233
The log/output/model have been saved to: ./logs/new_train.py-multi_zetas{'num_epochs': 200, 'use_stoch': [True, True, True], 'betas': None}-uzs-04-03-23:37 + .csv/.out/.cpt
