  epoch    IZY    IXZ_1    IZ_1Z_2    IZ_2Z_3     acc    avg_acc     err    avg_err    adv_acc    avg_adv_acc
-------  -----  -------  ---------  ---------  ------  ---------  ------  ---------  ---------  -------------
      1   2.97   221.71     213.33     116.85  0.9238     0.9247  0.0762     0.0753     0.0409         0.0402
      2   3.00   143.62     114.07      54.85  0.9361     0.9465  0.0639     0.0535     0.0526         0.0523
      3   3.02   117.81      93.09      49.04  0.9399     0.9538  0.0601     0.0462     0.0654         0.0698
      4   3.11   122.99     105.44      53.34  0.9577     0.9599  0.0423     0.0401     0.0498         0.0515
      5   3.04    91.88      78.19      43.79  0.9476     0.9565  0.0524     0.0435     0.0950         0.1039
      6   3.02    92.15      76.65      42.35  0.9404     0.9545  0.0596     0.0455     0.0955         0.1056
      7   3.08    86.36      69.00      38.15  0.9565     0.9647  0.0435     0.0353     0.1063         0.1153
      8   3.09    81.50      67.37      37.08  0.9588     0.9656  0.0412     0.0344     0.1036         0.1141
      9   3.09    79.58      64.25      34.29  0.9580     0.9674  0.0420     0.0326     0.1315         0.1483
     10   3.11    86.26      63.40      33.59  0.9626     0.9673  0.0374     0.0327     0.1280         0.1406
     11   3.14    74.49      58.83      31.75  0.9690     0.9744  0.0310     0.0256     0.1533         0.1658
     12   3.11    76.40      57.76      30.01  0.9637     0.9695  0.0363     0.0305     0.1636         0.1763
     13   3.09    67.82      50.89      27.96  0.9599     0.9708  0.0401     0.0292     0.1778         0.1961
     14   3.10    66.13      49.58      26.68  0.9644     0.9698  0.0356     0.0302     0.2150         0.2406
     15   3.10    66.76      48.00      25.26  0.9616     0.9712  0.0384     0.0288     0.2247         0.2442
     16   3.09    67.13      49.14      24.83  0.9626     0.9684  0.0374     0.0316     0.2179         0.2322
     17   3.12    61.94      46.04      23.93  0.9685     0.9754  0.0315     0.0246     0.2512         0.2713
     18   3.15    70.74      51.03      23.86  0.9738     0.9765  0.0262     0.0235     0.2744         0.2832
     19   3.15    65.74      48.27      22.65  0.9744     0.9769  0.0256     0.0231     0.2748         0.2836
     20   3.09    57.08      42.30      21.43  0.9659     0.9705  0.0341     0.0295     0.2607         0.2694
     21   3.14    56.53      43.18      20.66  0.9740     0.9792  0.0260     0.0208     0.3020         0.3157
     22   3.12    53.54      38.67      19.99  0.9703     0.9767  0.0297     0.0233     0.3142         0.3288
     23   3.07    52.55      38.26      19.89  0.9652     0.9726  0.0348     0.0274     0.2736         0.2834
     24   3.12    51.78      38.59      18.37  0.9715     0.9773  0.0285     0.0227     0.3034         0.3159
     25   3.04    52.02      36.48      18.27  0.9611     0.9693  0.0389     0.0307     0.2781         0.2888
     26   3.11    51.00      36.64      18.25  0.9697     0.9755  0.0303     0.0245     0.2754         0.2820
     27   3.07    49.70      35.74      18.83  0.9655     0.9744  0.0345     0.0256     0.2967         0.3100
     28   3.11    47.53      32.87      17.06  0.9714     0.9773  0.0286     0.0227     0.3313         0.3483
     29   3.08    49.53      33.74      18.03  0.9675     0.9720  0.0325     0.0280     0.2778         0.2870
     30   3.14    52.30      35.12      16.99  0.9750     0.9797  0.0250     0.0203     0.2970         0.3089
     31   3.03    45.23      31.76      16.78  0.9615     0.9678  0.0385     0.0322     0.2663         0.2803
     32   3.12    51.07      32.39      16.44  0.9739     0.9783  0.0261     0.0217     0.2868         0.2953
     33   3.16    52.91      43.93      16.92  0.9801     0.9815  0.0199     0.0185     0.2329         0.2366
     34   3.13    45.77      31.57      16.40  0.9760     0.9792  0.0240     0.0208     0.2660         0.2735
     35   3.12    46.77      29.63      15.71  0.9731     0.9774  0.0269     0.0226     0.2706         0.2800
     36   3.12    47.13      31.37      16.34  0.9729     0.9762  0.0271     0.0238     0.2675         0.2741
     37   3.09    47.19      29.26      15.58  0.9733     0.9773  0.0267     0.0227     0.2659         0.2762
     38   3.10    49.58      31.38      15.26  0.9720     0.9755  0.0280     0.0245     0.2430         0.2490
     39   3.09    43.72      29.40      15.11  0.9715     0.9763  0.0285     0.0237     0.2232         0.2309
     40   3.05    45.70      29.83      15.09  0.9695     0.9748  0.0305     0.0252     0.2273         0.2349
     41   3.11    42.74      27.63      15.07  0.9739     0.9791  0.0261     0.0209     0.2298         0.2373
     42   3.11    46.00      29.50      14.59  0.9751     0.9791  0.0249     0.0209     0.2022         0.2072
     43   3.09    46.80      28.00      14.35  0.9723     0.9777  0.0277     0.0223     0.1921         0.1979
     44   3.09    42.24      28.95      14.11  0.9737     0.9780  0.0263     0.0220     0.2157         0.2248
     45   3.11    43.62      27.18      14.43  0.9759     0.9784  0.0241     0.0216     0.2001         0.2055
     46   3.10    46.01      27.83      14.33  0.9743     0.9778  0.0257     0.0222     0.1697         0.1732
     47   3.11    43.33      29.06      15.04  0.9758     0.9786  0.0242     0.0214     0.1642         0.1669
     48   3.11    43.20      26.96      14.15  0.9754     0.9810  0.0246     0.0190     0.1702         0.1775
     49   3.12    41.72      26.79      13.57  0.9778     0.9813  0.0222     0.0187     0.1679         0.1727
     50   3.06    39.75      25.93      13.71  0.9708     0.9747  0.0292     0.0253     0.1775         0.1828
     51   3.10    41.04      26.06      14.35  0.9749     0.9791  0.0251     0.0209     0.1646         0.1673
     52   3.12    41.63      26.95      13.92  0.9777     0.9806  0.0223     0.0194     0.1580         0.1617
     53   3.08    42.83      25.32      14.16  0.9734     0.9775  0.0266     0.0225     0.1724         0.1754
     54   3.10    39.87      27.38      13.87  0.9778     0.9798  0.0222     0.0202     0.1562         0.1590
     55   3.13    40.44      25.86      14.40  0.9799     0.9808  0.0201     0.0192     0.1594         0.1629
     56   3.10    41.62      24.89      13.79  0.9760     0.9790  0.0240     0.0210     0.1752         0.1796
     57   3.06    36.88      23.87      13.36  0.9730     0.9774  0.0270     0.0226     0.1669         0.1718
     58   3.07    38.40      23.97      13.70  0.9733     0.9763  0.0267     0.0237     0.1578         0.1619
     59   3.11    48.94      26.22      13.05  0.9767     0.9805  0.0233     0.0195     0.1383         0.1413
     60   3.11    37.91      23.84      13.17  0.9766     0.9799  0.0234     0.0201     0.1572         0.1601
     61   3.10    38.47      23.59      13.58  0.9771     0.9803  0.0229     0.0197     0.1630         0.1665
     62   3.07    36.75      22.84      13.53  0.9750     0.9780  0.0250     0.0220     0.1347         0.1413
     63   3.10    36.95      22.57      13.19  0.9785     0.9808  0.0215     0.0192     0.1647         0.1702
     64   3.11    39.48      24.22      13.11  0.9779     0.9806  0.0221     0.0194     0.1265         0.1302
     65   3.11    35.88      23.89      13.20  0.9792     0.9811  0.0208     0.0189     0.1414         0.1440
     66   3.12    36.43      22.85      13.58  0.9803     0.9819  0.0197     0.0181     0.1373         0.1382
     67   3.12    38.48      25.57      13.99  0.9795     0.9812  0.0205     0.0188     0.1158         0.1168
     68   3.11    39.51      23.34      12.95  0.9759     0.9817  0.0241     0.0183     0.1424         0.1448
     69   3.06    35.98      22.09      12.82  0.9713     0.9757  0.0287     0.0243     0.1508         0.1538
     70   3.10    37.63      22.16      13.59  0.9762     0.9795  0.0238     0.0205     0.1419         0.1434
     71   3.09    35.30      21.49      12.80  0.9742     0.9775  0.0258     0.0225     0.1495         0.1540
     72   3.10    37.26      21.13      12.58  0.9757     0.9803  0.0243     0.0197     0.1489         0.1530
     73   3.13    42.76      29.71      13.39  0.9814     0.9821  0.0186     0.0179     0.1230         0.1235
     74   3.11    34.45      21.42      12.83  0.9787     0.9817  0.0213     0.0183     0.1530         0.1582
     75   3.07    34.65      20.94      13.00  0.9731     0.9775  0.0269     0.0225     0.1351         0.1387
     76   3.09    36.38      22.13      12.85  0.9765     0.9803  0.0235     0.0197     0.1224         0.1267
     77   3.11    32.56      21.23      12.77  0.9769     0.9817  0.0231     0.0183     0.1231         0.1250
     78   3.09    34.45      21.11      12.37  0.9755     0.9803  0.0245     0.0197     0.1460         0.1488
     79   3.10    34.00      20.98      12.58  0.9776     0.9818  0.0224     0.0182     0.1526         0.1552
     80   3.09    33.85      20.61      12.66  0.9763     0.9792  0.0237     0.0208     0.1419         0.1446
     81   3.11    35.35      20.58      12.29  0.9771     0.9820  0.0229     0.0180     0.1510         0.1522
     82   3.06    32.76      20.14      12.18  0.9726     0.9759  0.0274     0.0241     0.1470         0.1515
     83   3.12    35.79      22.48      12.62  0.9788     0.9811  0.0212     0.0189     0.1211         0.1209
     84   3.11    36.13      19.72      12.85  0.9771     0.9819  0.0229     0.0181     0.1352         0.1355
     85   3.10    31.92      20.42      12.20  0.9752     0.9805  0.0248     0.0195     0.1432         0.1438
     86   3.12    35.03      22.60      12.79  0.9790     0.9821  0.0210     0.0179     0.0938         0.0959
     87   3.09    36.83      19.82      12.84  0.9785     0.9808  0.0215     0.0192     0.1322         0.1334
     88   3.11    37.44      19.85      13.07  0.9771     0.9807  0.0229     0.0193     0.1381         0.1399
     89   3.10    32.66      20.33      12.40  0.9776     0.9808  0.0224     0.0192     0.1174         0.1202
     90   3.12    34.14      19.68      12.25  0.9776     0.9819  0.0224     0.0181     0.1351         0.1366
     91   3.11    32.93      20.07      12.42  0.9786     0.9825  0.0214     0.0175     0.1098         0.1096
     92   3.13    34.81      19.45      12.13  0.9793     0.9830  0.0207     0.0170     0.1378         0.1423
     93   3.08    31.47      19.47      12.12  0.9762     0.9789  0.0238     0.0211     0.1371         0.1389
     94   3.10    32.10      19.50      12.61  0.9777     0.9807  0.0223     0.0193     0.1242         0.1256
     95   3.10    33.23      19.15      12.00  0.9760     0.9814  0.0240     0.0186     0.1415         0.1450
     96   3.10    32.35      19.58      12.33  0.9788     0.9814  0.0212     0.0186     0.1168         0.1177
     97   3.10    32.57      20.25      12.36  0.9775     0.9817  0.0225     0.0183     0.1189         0.1204
     98   3.08    32.15      19.19      12.14  0.9763     0.9796  0.0237     0.0204     0.1343         0.1382
     99   3.11    33.28      19.39      12.49  0.9793     0.9818  0.0207     0.0182     0.1096         0.1111
    100   3.09    31.21      19.00      12.01  0.9761     0.9804  0.0239     0.0196     0.1381         0.1405
    101   3.10    32.33      18.77      12.05  0.9761     0.9797  0.0239     0.0203     0.1396         0.1413
    102   3.12    32.49      19.51      12.04  0.9796     0.9825  0.0204     0.0175     0.1245         0.1244
    103   3.09    31.53      19.01      11.93  0.9767     0.9815  0.0233     0.0185     0.1211         0.1241
    104   3.08    32.03      18.76      11.93  0.9770     0.9810  0.0230     0.0190     0.1199         0.1219
    105   3.10    30.43      18.45      12.08  0.9760     0.9799  0.0240     0.0201     0.1334         0.1347
    106   3.11    29.75      18.62      12.00  0.9777     0.9812  0.0223     0.0188     0.1225         0.1229
    107   3.11    29.80      18.39      11.89  0.9788     0.9824  0.0212     0.0176     0.1296         0.1308
    108   3.08    32.75      19.31      11.99  0.9759     0.9788  0.0241     0.0212     0.1144         0.1155
    109   3.10    31.60      19.37      12.20  0.9788     0.9816  0.0212     0.0184     0.1171         0.1191
    110   3.09    30.30      18.09      12.13  0.9768     0.9809  0.0232     0.0191     0.1181         0.1227
    111   3.13    30.72      18.83      12.40  0.9806     0.9837  0.0194     0.0163     0.1051         0.1041
    112   3.07    29.25      18.03      11.97  0.9767     0.9793  0.0233     0.0207     0.1272         0.1271
    113   3.08    29.19      17.95      11.91  0.9770     0.9810  0.0230     0.0190     0.1315         0.1301
    114   3.11    32.75      19.00      12.41  0.9796     0.9817  0.0204     0.0183     0.1193         0.1226
    115   3.11    30.77      18.37      12.04  0.9796     0.9828  0.0204     0.0172     0.1218         0.1221
    116   3.11    29.42      17.73      11.84  0.9787     0.9829  0.0213     0.0171     0.1379         0.1410
    117   3.08    29.36      17.41      11.72  0.9745     0.9800  0.0255     0.0200     0.1493         0.1506
    118   3.06    29.33      17.82      11.65  0.9738     0.9789  0.0262     0.0211     0.1336         0.1373
    119   3.07    29.64      17.41      11.90  0.9755     0.9795  0.0245     0.0205     0.1524         0.1546
    120   3.10    29.05      18.00      11.80  0.9794     0.9828  0.0206     0.0172     0.1345         0.1367
    121   3.09    28.84      17.42      11.74  0.9760     0.9811  0.0240     0.0189     0.1321         0.1339
    122   3.11    30.13      18.49      12.32  0.9790     0.9820  0.0210     0.0180     0.1210         0.1235
    123   3.09    30.18      18.67      11.75  0.9775     0.9816  0.0225     0.0184     0.1222         0.1237
    124   3.12    28.87      18.14      11.98  0.9793     0.9828  0.0207     0.0172     0.1186         0.1189
    125   3.10    30.37      17.10      11.74  0.9786     0.9824  0.0214     0.0176     0.1328         0.1334
    126   3.08    29.63      17.81      11.80  0.9779     0.9807  0.0221     0.0193     0.1201         0.1226
    127   3.08    28.77      17.30      11.60  0.9769     0.9812  0.0231     0.0188     0.1368         0.1389
    128   3.07    31.03      18.42      12.11  0.9770     0.9790  0.0230     0.0210     0.1233         0.1246
    129   3.10    27.71      17.45      11.77  0.9775     0.9812  0.0225     0.0188     0.1166         0.1195
    130   3.10    28.66      17.26      11.86  0.9758     0.9802  0.0242     0.0198     0.1337         0.1366
    131   3.09    28.17      16.86      11.81  0.9779     0.9819  0.0221     0.0181     0.1261         0.1281
    132   3.07    29.22      16.91      12.03  0.9773     0.9812  0.0227     0.0188     0.1351         0.1372
    133   3.11    30.37      18.01      11.75  0.9813     0.9841  0.0187     0.0159     0.1089         0.1087
    134   3.10    29.55      16.88      11.88  0.9793     0.9828  0.0207     0.0172     0.1473         0.1490
    135   3.12    28.83      17.52      11.57  0.9787     0.9829  0.0213     0.0171     0.1165         0.1177
    136   3.09    27.62      17.12      11.53  0.9775     0.9813  0.0225     0.0187     0.1255         0.1283
    137   3.10    31.98      16.59      11.59  0.9788     0.9817  0.0212     0.0183     0.1384         0.1402
    138   3.11    29.74      17.35      11.57  0.9795     0.9817  0.0205     0.0183     0.1211         0.1232
    139   3.10    28.19      17.24      11.84  0.9787     0.9814  0.0213     0.0186     0.1191         0.1192
    140   3.09    27.65      16.86      11.59  0.9782     0.9819  0.0218     0.0181     0.1230         0.1251
    141   3.10    28.12      17.18      11.67  0.9800     0.9837  0.0200     0.0163     0.1156         0.1157
    142   3.10    27.69      16.41      11.69  0.9781     0.9816  0.0219     0.0184     0.1420         0.1448
    143   3.11    28.06      16.93      11.72  0.9788     0.9824  0.0212     0.0176     0.1290         0.1303
    144   3.09    28.78      16.66      11.76  0.9767     0.9802  0.0233     0.0198     0.1145         0.1143
    145   3.07    27.98      16.69      11.59  0.9774     0.9810  0.0226     0.0190     0.1293         0.1297
    146   3.07    28.96      16.75      11.66  0.9774     0.9797  0.0226     0.0203     0.1211         0.1230
    147   3.09    27.55      16.62      11.61  0.9780     0.9814  0.0220     0.0186     0.1243         0.1249
    148   3.09    26.93      16.81      11.74  0.9791     0.9823  0.0209     0.0177     0.1115         0.1117
    149   3.09    27.43      16.74      11.49  0.9794     0.9823  0.0206     0.0177     0.1223         0.1236
    150   3.08    28.68      16.59      11.56  0.9769     0.9806  0.0231     0.0194     0.1208         0.1210
    151   3.08    27.26      16.28      11.67  0.9759     0.9792  0.0241     0.0208     0.1323         0.1342
    152   3.09    27.88      16.29      11.66  0.9791     0.9808  0.0209     0.0192     0.1346         0.1344
    153   3.07    27.47      16.52      11.77  0.9768     0.9805  0.0232     0.0195     0.1208         0.1218
    154   3.11    27.66      16.33      11.51  0.9790     0.9818  0.0210     0.0182     0.1455         0.1481
    155   3.10    27.53      16.60      11.65  0.9790     0.9816  0.0210     0.0184     0.1185         0.1198
    156   3.10    27.87      16.31      11.52  0.9791     0.9832  0.0209     0.0168     0.1294         0.1303
    157   3.10    26.71      16.17      11.56  0.9780     0.9813  0.0220     0.0187     0.1353         0.1353
    158   3.08    27.69      16.46      11.55  0.9756     0.9802  0.0244     0.0198     0.1321         0.1313
    159   3.09    27.11      16.07      11.55  0.9776     0.9805  0.0224     0.0195     0.1363         0.1371
    160   3.10    27.05      15.96      11.61  0.9791     0.9811  0.0209     0.0189     0.1399         0.1408
    161   3.12    28.36      16.69      11.56  0.9784     0.9817  0.0216     0.0183     0.1298         0.1307
    162   3.11    26.90      16.14      11.55  0.9796     0.9831  0.0204     0.0169     0.1412         0.1434
    163   3.09    26.78      15.99      11.59  0.9774     0.9808  0.0226     0.0192     0.1336         0.1343
    164   3.12    28.34      17.25      11.91  0.9800     0.9828  0.0200     0.0172     0.1153         0.1143
    165   3.12    27.78      15.99      11.67  0.9806     0.9826  0.0194     0.0174     0.1383         0.1402
    166   3.09    28.10      16.14      11.71  0.9782     0.9813  0.0218     0.0187     0.1237         0.1277
    167   3.10    28.48      15.84      11.38  0.9786     0.9831  0.0214     0.0169     0.1382         0.1401
    168   3.09    27.29      15.87      11.63  0.9775     0.9800  0.0225     0.0200     0.1369         0.1373
    169   3.09    26.68      15.78      11.38  0.9781     0.9821  0.0219     0.0179     0.1393         0.1415
    170   3.12    27.37      15.88      11.51  0.9803     0.9839  0.0197     0.0161     0.1342         0.1355
    171   3.10    26.56      15.97      11.38  0.9780     0.9823  0.0220     0.0177     0.1377         0.1403
    172   3.08    27.28      15.61      11.41  0.9771     0.9816  0.0229     0.0184     0.1446         0.1455
    173   3.09    26.15      15.90      11.58  0.9768     0.9802  0.0232     0.0198     0.1343         0.1331
    174   3.08    27.71      15.84      11.58  0.9782     0.9816  0.0218     0.0184     0.1163         0.1185
    175   3.08    26.69      15.61      11.49  0.9758     0.9798  0.0242     0.0202     0.1291         0.1316
    176   3.09    26.45      15.76      11.60  0.9793     0.9813  0.0207     0.0187     0.1228         0.1231
    177   3.09    27.02      15.86      11.61  0.9780     0.9819  0.0220     0.0181     0.1199         0.1205
    178   3.09    26.55      15.65      11.76  0.9788     0.9811  0.0212     0.0189     0.1211         0.1216
    179   3.09    27.10      15.58      11.42  0.9782     0.9818  0.0218     0.0182     0.1309         0.1334
    180   3.10    26.75      15.66      11.47  0.9783     0.9827  0.0217     0.0173     0.1407         0.1440
    181   3.09    26.80      15.79      11.25  0.9786     0.9821  0.0214     0.0179     0.1353         0.1371
    182   3.09    26.69      15.64      11.48  0.9779     0.9821  0.0221     0.0179     0.1274         0.1292
    183   3.08    27.00      15.87      11.39  0.9768     0.9803  0.0232     0.0197     0.1336         0.1340
    184   3.08    26.47      15.52      11.44  0.9781     0.9803  0.0219     0.0197     0.1350         0.1335
    185   3.09    27.33      15.68      11.42  0.9787     0.9822  0.0213     0.0178     0.1395         0.1403
    186   3.10    26.20      15.39      11.44  0.9776     0.9813  0.0224     0.0187     0.1355         0.1360
    187   3.10    27.27      15.50      11.49  0.9793     0.9818  0.0207     0.0182     0.1310         0.1322
    188   3.08    26.50      15.67      11.52  0.9769     0.9809  0.0231     0.0191     0.1294         0.1302
    189   3.08    26.43      15.73      11.44  0.9773     0.9813  0.0227     0.0187     0.1248         0.1247
    190   3.08    25.43      15.46      11.24  0.9769     0.9817  0.0231     0.0183     0.1317         0.1325
    191   3.09    26.17      15.75      11.49  0.9800     0.9819  0.0200     0.0181     0.1298         0.1290
    192   3.08    25.93      15.33      11.38  0.9764     0.9807  0.0236     0.0193     0.1325         0.1338
    193   3.09    26.27      15.30      11.34  0.9787     0.9820  0.0213     0.0180     0.1417         0.1439
    194   3.11    25.81      15.34      11.34  0.9790     0.9821  0.0210     0.0179     0.1328         0.1323
    195   3.10    26.90      15.43      11.35  0.9785     0.9826  0.0215     0.0174     0.1242         0.1252
    196   3.08    25.48      15.30      11.26  0.9770     0.9807  0.0230     0.0193     0.1362         0.1354
    197   3.09    27.71      15.69      11.54  0.9794     0.9825  0.0206     0.0175     0.1341         0.1333
    198   3.10    26.53      15.51      11.30  0.9794     0.9821  0.0206     0.0179     0.1228         0.1243
    199   3.08    26.54      15.36      11.43  0.9782     0.9812  0.0218     0.0188     0.1358         0.1339
    200   3.08    26.14      15.43      11.51  0.9766     0.9809  0.0234     0.0191     0.1297         0.1294
The log/output/model have been saved to: ./logs/new_train.py-multi_zetas{'num_epochs': 200, 'use_stoch': [True, True, True], 'betas': None}-dzn-04-04-05:44 + .csv/.out/.cpt
