  epoch    IZY    IXZ_1    IZ_1Z_2    IZ_2Z_3     acc    avg_acc     err    avg_err    adv_acc    avg_adv_acc
-------  -----  -------  ---------  ---------  ------  ---------  ------  ---------  ---------  -------------
      1   2.89   165.88     133.12      68.93  0.9100     0.9239  0.0900     0.0761     0.0642         0.0642
      2   2.98   143.13     114.31      57.32  0.9296     0.9404  0.0704     0.0596     0.0694         0.0691
      3   2.97   111.16      91.28      55.20  0.9332     0.9483  0.0668     0.0517     0.1080         0.1179
      4   3.04   103.07      86.98      47.86  0.9443     0.9567  0.0557     0.0433     0.0872         0.0938
      5   3.05    97.63      87.46      43.89  0.9487     0.9563  0.0513     0.0437     0.0840         0.0898
      6   3.05    85.38      72.64      43.34  0.9490     0.9624  0.0510     0.0376     0.1109         0.1234
      7   3.12    90.83      79.08      41.08  0.9618     0.9646  0.0382     0.0354     0.0956         0.1019
      8   3.05    78.34      64.62      38.53  0.9503     0.9669  0.0497     0.0331     0.1481         0.1685
      9   3.12    82.18      68.83      35.83  0.9651     0.9715  0.0349     0.0285     0.1321         0.1466
     10   3.09    77.89      61.92      33.63  0.9609     0.9681  0.0391     0.0319     0.1555         0.1699
     11   3.10    74.92      59.95      31.74  0.9612     0.9700  0.0388     0.0300     0.1714         0.1853
     12   3.14    80.54      66.75      32.89  0.9674     0.9712  0.0326     0.0288     0.1599         0.1684
     13   3.03    65.71      53.76      31.30  0.9517     0.9661  0.0483     0.0339     0.2377         0.2644
     14   3.10    67.45      53.45      26.84  0.9641     0.9679  0.0359     0.0321     0.2048         0.2226
     15   3.10    63.31      51.20      24.80  0.9647     0.9736  0.0353     0.0264     0.2481         0.2688
     16   3.12    62.84      51.09      24.53  0.9701     0.9749  0.0299     0.0251     0.2198         0.2363
     17   3.14    62.85      56.92      26.15  0.9708     0.9735  0.0292     0.0265     0.2155         0.2243
     18   3.13    58.42      44.44      22.14  0.9681     0.9762  0.0319     0.0238     0.2795         0.2981
     19   3.12    63.18      46.36      21.43  0.9697     0.9728  0.0303     0.0272     0.2861         0.2990
     20   3.13    62.48      51.60      21.52  0.9722     0.9753  0.0278     0.0247     0.3070         0.3156
     21   3.17    65.18      54.19      22.09  0.9767     0.9792  0.0233     0.0208     0.2775         0.2831
     22   3.12    56.94      40.62      20.12  0.9722     0.9764  0.0278     0.0236     0.3240         0.3401
     23   3.12    54.56      38.91      19.70  0.9710     0.9766  0.0290     0.0234     0.3102         0.3229
     24   3.12    57.58      43.50      18.78  0.9729     0.9753  0.0271     0.0247     0.2850         0.2960
     25   3.11    52.67      37.10      18.74  0.9704     0.9759  0.0296     0.0241     0.3097         0.3212
     26   3.10    53.04      35.98      18.35  0.9681     0.9752  0.0319     0.0248     0.3522         0.3691
     27   3.12    56.11      44.20      18.31  0.9738     0.9763  0.0262     0.0237     0.2588         0.2660
     28   3.10    50.14      34.72      17.88  0.9712     0.9747  0.0288     0.0253     0.2917         0.3023
     29   3.11    48.32      33.70      17.44  0.9724     0.9778  0.0276     0.0222     0.3285         0.3457
     30   3.11    48.04      32.63      17.30  0.9719     0.9774  0.0281     0.0226     0.3111         0.3208
     31   3.12    49.77      32.73      16.66  0.9747     0.9788  0.0253     0.0212     0.2939         0.3057
     32   3.11    49.51      36.42      16.11  0.9741     0.9767  0.0259     0.0233     0.2915         0.3018
     33   3.12    45.53      32.60      16.11  0.9754     0.9782  0.0246     0.0218     0.2758         0.2840
     34   3.09    43.77      30.41      16.46  0.9712     0.9770  0.0288     0.0230     0.2806         0.2901
     35   3.08    49.64      32.77      17.37  0.9710     0.9735  0.0290     0.0265     0.2321         0.2373
     36   3.12    44.13      29.61      15.60  0.9742     0.9794  0.0258     0.0206     0.2713         0.2809
     37   3.09    42.94      28.66      15.66  0.9705     0.9767  0.0295     0.0233     0.2606         0.2693
     38   3.11    43.79      29.88      15.17  0.9746     0.9780  0.0254     0.0220     0.2538         0.2609
     39   3.13    48.06      31.72      15.61  0.9776     0.9795  0.0224     0.0205     0.2516         0.2587
     40   3.04    48.44      27.71      15.19  0.9651     0.9708  0.0349     0.0292     0.2558         0.2666
     41   3.11    52.22      31.37      16.33  0.9770     0.9787  0.0230     0.0213     0.2296         0.2329
     42   3.15    44.82      29.05      15.31  0.9774     0.9798  0.0226     0.0202     0.2201         0.2252
     43   3.12    44.67      28.90      15.13  0.9762     0.9793  0.0238     0.0207     0.1901         0.1941
     44   3.11    49.04      26.75      14.61  0.9747     0.9787  0.0253     0.0213     0.2127         0.2179
     45   3.14    43.08      30.24      14.17  0.9794     0.9823  0.0206     0.0177     0.1907         0.1953
     46   3.13    52.81      34.73      15.41  0.9799     0.9809  0.0201     0.0191     0.1773         0.1793
     47   3.12    39.95      29.31      14.82  0.9755     0.9778  0.0245     0.0222     0.1666         0.1700
     48   3.08    41.75      25.26      14.06  0.9697     0.9768  0.0303     0.0232     0.2364         0.2456
     49   3.10    40.87      26.05      13.83  0.9742     0.9788  0.0258     0.0212     0.1997         0.2078
     50   3.10    45.06      30.90      13.69  0.9760     0.9786  0.0240     0.0214     0.1739         0.1781
     51   3.11    44.51      30.66      13.77  0.9771     0.9790  0.0229     0.0210     0.1748         0.1780
     52   3.11    39.27      24.31      14.02  0.9745     0.9800  0.0255     0.0200     0.2039         0.2101
     53   3.13    40.59      24.52      13.92  0.9766     0.9818  0.0234     0.0182     0.2010         0.2074
     54   3.07    38.98      25.14      13.60  0.9714     0.9761  0.0286     0.0239     0.1705         0.1744
     55   3.11    39.42      23.89      14.21  0.9752     0.9795  0.0248     0.0205     0.1758         0.1804
     56   3.08    40.92      23.05      13.68  0.9734     0.9771  0.0266     0.0229     0.2127         0.2181
     57   3.11    39.36      23.93      13.43  0.9759     0.9788  0.0241     0.0212     0.1823         0.1868
     58   3.08    37.43      24.28      13.43  0.9743     0.9800  0.0257     0.0200     0.1759         0.1806
     59   3.11    38.30      23.21      13.60  0.9763     0.9792  0.0237     0.0208     0.1794         0.1839
     60   3.11    41.83      25.38      13.46  0.9785     0.9805  0.0215     0.0195     0.1730         0.1740
     61   3.12    42.74      27.72      13.94  0.9795     0.9817  0.0205     0.0183     0.1759         0.1764
     62   3.11    36.25      21.84      12.89  0.9759     0.9807  0.0241     0.0193     0.1898         0.1926
     63   3.10    36.28      24.08      12.89  0.9770     0.9806  0.0230     0.0194     0.1644         0.1701
     64   3.10    38.81      23.70      13.62  0.9761     0.9785  0.0239     0.0215     0.1600         0.1625
     65   3.11    37.74      22.48      13.23  0.9771     0.9807  0.0229     0.0193     0.1698         0.1738
     66   3.08    38.29      21.68      13.70  0.9752     0.9793  0.0248     0.0207     0.1492         0.1536
     67   3.11    36.06      21.08      12.85  0.9767     0.9811  0.0233     0.0189     0.1946         0.2001
     68   3.12    36.69      22.25      13.00  0.9772     0.9802  0.0228     0.0198     0.1661         0.1694
     69   3.08    33.83      21.10      12.86  0.9744     0.9790  0.0256     0.0210     0.1794         0.1830
     70   3.08    34.76      21.43      12.64  0.9745     0.9778  0.0255     0.0222     0.1671         0.1671
     71   3.09    37.85      20.72      12.68  0.9758     0.9787  0.0242     0.0213     0.1963         0.1984
     72   3.11    32.95      21.25      13.46  0.9773     0.9802  0.0227     0.0198     0.1518         0.1560
     73   3.11    37.85      22.76      12.80  0.9796     0.9806  0.0204     0.0194     0.1584         0.1620
     74   3.10    34.01      20.82      12.65  0.9778     0.9812  0.0222     0.0188     0.1737         0.1766
     75   3.06    33.01      20.65      12.52  0.9722     0.9782  0.0278     0.0218     0.1727         0.1779
     76   3.08    31.93      20.26      12.38  0.9732     0.9791  0.0268     0.0209     0.1665         0.1708
     77   3.10    33.39      20.73      12.73  0.9770     0.9801  0.0230     0.0199     0.1592         0.1620
     78   3.09    33.41      20.65      12.38  0.9771     0.9801  0.0229     0.0199     0.1615         0.1630
     79   3.05    32.37      19.84      12.40  0.9743     0.9779  0.0257     0.0221     0.1835         0.1865
     80   3.11    32.98      19.94      12.66  0.9768     0.9795  0.0232     0.0205     0.1556         0.1595
     81   3.09    33.18      19.42      12.57  0.9772     0.9811  0.0228     0.0189     0.1856         0.1897
     82   3.08    35.30      19.60      12.39  0.9767     0.9806  0.0233     0.0194     0.1573         0.1585
     83   3.09    31.72      19.34      12.36  0.9747     0.9798  0.0253     0.0202     0.1750         0.1778
     84   3.09    32.01      20.03      12.59  0.9777     0.9799  0.0223     0.0201     0.1451         0.1443
     85   3.06    33.31      20.06      12.16  0.9737     0.9784  0.0263     0.0216     0.1608         0.1635
     86   3.09    31.68      20.17      12.61  0.9780     0.9802  0.0220     0.0198     0.1462         0.1478
     87   3.12    35.52      22.96      12.53  0.9793     0.9824  0.0207     0.0176     0.1396         0.1395
     88   3.08    31.13      19.41      11.98  0.9758     0.9800  0.0242     0.0200     0.1586         0.1610
     89   3.11    30.37      19.65      12.18  0.9778     0.9810  0.0222     0.0190     0.1494         0.1496
     90   3.06    31.23      18.91      12.06  0.9746     0.9801  0.0254     0.0199     0.1787         0.1787
     91   3.10    31.08      19.02      12.45  0.9770     0.9804  0.0230     0.0196     0.1576         0.1598
     92   3.09    29.56      18.74      11.88  0.9763     0.9814  0.0237     0.0186     0.1606         0.1622
     93   3.05    32.66      18.62      12.23  0.9739     0.9779  0.0261     0.0221     0.1868         0.1877
     94   3.12    30.69      19.73      11.98  0.9782     0.9820  0.0218     0.0180     0.1529         0.1541
     95   3.10    32.06      20.74      12.00  0.9788     0.9814  0.0212     0.0186     0.1364         0.1355
     96   3.10    28.97      18.67      11.98  0.9769     0.9805  0.0231     0.0195     0.1527         0.1515
     97   3.10    29.03      18.25      12.05  0.9774     0.9806  0.0226     0.0194     0.1676         0.1709
     98   3.08    27.97      18.32      11.91  0.9749     0.9791  0.0251     0.0209     0.1541         0.1543
     99   3.08    30.90      20.04      12.44  0.9778     0.9811  0.0222     0.0189     0.1541         0.1540
    100   3.11    30.15      18.57      11.87  0.9786     0.9817  0.0214     0.0183     0.1469         0.1494
    101   3.06    30.73      18.34      11.66  0.9768     0.9806  0.0232     0.0194     0.1535         0.1543
    102   3.10    27.68      18.52      12.17  0.9785     0.9826  0.0215     0.0174     0.1369         0.1388
    103   3.10    29.37      18.59      11.99  0.9779     0.9820  0.0221     0.0180     0.1475         0.1483
    104   3.08    28.03      18.31      11.93  0.9759     0.9797  0.0241     0.0203     0.1571         0.1602
    105   3.09    27.00      18.36      11.75  0.9764     0.9806  0.0236     0.0194     0.1502         0.1488
    106   3.08    28.30      17.80      11.92  0.9757     0.9790  0.0243     0.0210     0.1466         0.1466
    107   3.08    30.01      18.60      11.70  0.9782     0.9817  0.0218     0.0183     0.1471         0.1494
    108   3.09    29.92      18.86      12.00  0.9788     0.9808  0.0212     0.0192     0.1345         0.1345
    109   3.09    30.31      17.93      11.65  0.9771     0.9816  0.0229     0.0184     0.1594         0.1593
    110   3.11    28.70      18.37      11.87  0.9808     0.9825  0.0192     0.0175     0.1465         0.1454
    111   3.10    27.87      19.09      11.70  0.9769     0.9809  0.0231     0.0191     0.1350         0.1350
    112   3.09    27.94      17.09      11.60  0.9769     0.9810  0.0231     0.0190     0.1832         0.1846
    113   3.07    28.48      17.36      11.64  0.9756     0.9795  0.0244     0.0205     0.1633         0.1664
    114   3.10    29.09      17.59      11.79  0.9792     0.9821  0.0208     0.0179     0.1620         0.1626
    115   3.08    28.37      17.87      11.89  0.9795     0.9817  0.0205     0.0183     0.1469         0.1458
    116   3.10    28.56      17.17      11.88  0.9795     0.9822  0.0205     0.0178     0.1595         0.1602
    117   3.11    28.38      17.24      12.01  0.9804     0.9822  0.0196     0.0178     0.1618         0.1618
    118   3.09    27.09      17.10      11.66  0.9768     0.9813  0.0232     0.0187     0.1637         0.1661
    119   3.08    27.31      17.56      11.73  0.9783     0.9810  0.0217     0.0190     0.1560         0.1604
    120   3.10    27.48      17.20      12.03  0.9793     0.9821  0.0207     0.0179     0.1587         0.1602
    121   3.08    28.42      16.80      11.69  0.9753     0.9808  0.0247     0.0192     0.1799         0.1825
    122   3.09    26.76      17.16      11.48  0.9786     0.9818  0.0214     0.0182     0.1552         0.1567
    123   3.08    26.60      16.65      11.37  0.9764     0.9806  0.0236     0.0194     0.1559         0.1594
    124   3.10    26.45      16.67      11.68  0.9767     0.9812  0.0233     0.0188     0.1612         0.1622
    125   3.09    26.50      17.15      11.63  0.9784     0.9802  0.0216     0.0198     0.1468         0.1462
    126   3.09    26.89      17.46      11.47  0.9779     0.9801  0.0221     0.0199     0.1341         0.1355
    127   3.08    26.47      16.92      11.60  0.9774     0.9803  0.0226     0.0197     0.1481         0.1480
    128   3.10    27.10      16.80      11.35  0.9779     0.9821  0.0221     0.0179     0.1593         0.1607
    129   3.08    25.64      16.91      11.26  0.9773     0.9818  0.0227     0.0182     0.1580         0.1615
    130   3.09    26.28      16.80      11.48  0.9776     0.9817  0.0224     0.0183     0.1583         0.1607
    131   3.07    26.56      16.82      11.37  0.9773     0.9805  0.0227     0.0195     0.1570         0.1577
    132   3.09    27.00      16.77      11.37  0.9791     0.9818  0.0209     0.0182     0.1562         0.1568
    133   3.08    26.74      16.47      11.29  0.9779     0.9815  0.0221     0.0185     0.1726         0.1748
    134   3.09    26.08      16.66      11.55  0.9790     0.9810  0.0210     0.0190     0.1474         0.1474
    135   3.08    25.72      16.69      11.37  0.9778     0.9815  0.0222     0.0185     0.1475         0.1468
    136   3.10    28.46      18.07      11.50  0.9799     0.9829  0.0201     0.0171     0.1372         0.1393
    137   3.05    26.40      16.54      11.30  0.9745     0.9799  0.0255     0.0201     0.1574         0.1586
    138   3.10    25.65      16.50      11.39  0.9785     0.9817  0.0215     0.0183     0.1511         0.1513
    139   3.10    26.16      16.40      11.60  0.9783     0.9829  0.0217     0.0171     0.1410         0.1399
    140   3.08    25.67      16.58      11.36  0.9770     0.9816  0.0230     0.0184     0.1494         0.1509
    141   3.09    25.80      16.18      11.37  0.9781     0.9808  0.0219     0.0192     0.1588         0.1609
    142   3.09    25.78      16.72      11.69  0.9798     0.9818  0.0202     0.0182     0.1514         0.1519
    143   3.10    25.01      16.35      11.53  0.9780     0.9812  0.0220     0.0188     0.1473         0.1468
    144   3.10    25.19      16.32      11.62  0.9775     0.9808  0.0225     0.0192     0.1526         0.1545
    145   3.09    25.33      16.20      11.30  0.9774     0.9814  0.0226     0.0186     0.1506         0.1533
    146   3.09    24.73      16.47      11.26  0.9774     0.9815  0.0226     0.0185     0.1486         0.1487
    147   3.08    24.97      16.25      11.49  0.9773     0.9809  0.0227     0.0191     0.1597         0.1618
    148   3.09    26.90      16.81      11.70  0.9786     0.9813  0.0214     0.0187     0.1440         0.1444
    149   3.10    25.36      16.12      11.49  0.9803     0.9826  0.0197     0.0174     0.1557         0.1554
    150   3.08    25.03      16.25      11.44  0.9778     0.9818  0.0222     0.0182     0.1514         0.1504
    151   3.08    25.61      16.33      11.38  0.9790     0.9816  0.0210     0.0184     0.1436         0.1437
    152   3.07    25.41      16.43      11.38  0.9776     0.9815  0.0224     0.0185     0.1480         0.1490
    153   3.09    24.90      16.33      11.80  0.9780     0.9803  0.0220     0.0197     0.1484         0.1493
    154   3.08    25.12      16.40      11.25  0.9774     0.9801  0.0226     0.0199     0.1484         0.1496
    155   3.09    25.24      16.20      11.34  0.9785     0.9807  0.0215     0.0193     0.1635         0.1662
    156   3.09    25.63      15.87      11.30  0.9783     0.9834  0.0217     0.0166     0.1554         0.1611
    157   3.10    25.40      15.86      11.38  0.9802     0.9826  0.0198     0.0174     0.1768         0.1774
    158   3.09    25.11      16.19      11.35  0.9790     0.9816  0.0210     0.0184     0.1646         0.1659
    159   3.09    26.27      16.02      11.37  0.9787     0.9823  0.0213     0.0177     0.1557         0.1561
    160   3.10    29.42      17.49      11.67  0.9795     0.9823  0.0205     0.0177     0.1293         0.1288
    161   3.08    25.06      16.35      11.29  0.9793     0.9817  0.0207     0.0183     0.1554         0.1567
    162   3.10    24.38      15.89      11.46  0.9793     0.9826  0.0207     0.0174     0.1522         0.1557
    163   3.09    25.47      15.95      11.34  0.9791     0.9809  0.0209     0.0191     0.1503         0.1508
    164   3.11    27.50      16.30      11.64  0.9803     0.9834  0.0197     0.0166     0.1519         0.1504
    165   3.09    27.03      16.20      11.16  0.9794     0.9830  0.0206     0.0170     0.1458         0.1448
    166   3.10    25.01      15.77      11.09  0.9791     0.9826  0.0209     0.0174     0.1613         0.1610
    167   3.09    25.43      15.68      11.20  0.9773     0.9817  0.0227     0.0183     0.1636         0.1650
    168   3.08    25.45      16.14      11.02  0.9795     0.9824  0.0205     0.0176     0.1511         0.1533
    169   3.09    24.64      15.52      11.19  0.9787     0.9831  0.0213     0.0169     0.1722         0.1745
    170   3.10    24.37      15.74      11.17  0.9791     0.9822  0.0209     0.0178     0.1602         0.1605
    171   3.06    23.62      15.81      11.17  0.9756     0.9789  0.0244     0.0211     0.1522         0.1513
    172   3.09    24.76      15.96      11.27  0.9783     0.9816  0.0217     0.0184     0.1427         0.1434
    173   3.11    24.80      15.68      11.34  0.9803     0.9825  0.0197     0.0175     0.1485         0.1496
    174   3.09    24.49      15.79      11.10  0.9786     0.9822  0.0214     0.0178     0.1504         0.1509
    175   3.09    23.86      15.87      11.48  0.9782     0.9827  0.0218     0.0173     0.1566         0.1556
    176   3.07    25.68      16.29      11.43  0.9771     0.9801  0.0229     0.0199     0.1451         0.1441
    177   3.09    24.45      15.77      11.28  0.9791     0.9821  0.0209     0.0179     0.1458         0.1467
    178   3.08    24.37      15.79      11.29  0.9781     0.9817  0.0219     0.0183     0.1585         0.1594
    179   3.09    23.82      15.75      11.22  0.9782     0.9815  0.0218     0.0185     0.1551         0.1579
    180   3.11    24.47      15.85      11.21  0.9798     0.9834  0.0202     0.0166     0.1479         0.1464
    181   3.08    24.05      15.74      11.07  0.9769     0.9805  0.0231     0.0195     0.1565         0.1583
    182   3.10    23.52      15.94      11.26  0.9781     0.9806  0.0219     0.0194     0.1497         0.1505
    183   3.08    24.71      15.79      11.34  0.9786     0.9810  0.0214     0.0190     0.1533         0.1524
    184   3.10    23.80      15.61      11.20  0.9793     0.9824  0.0207     0.0176     0.1544         0.1541
    185   3.04    23.64      15.55      11.15  0.9753     0.9796  0.0247     0.0204     0.1531         0.1541
    186   3.11    24.08      15.64      11.21  0.9802     0.9829  0.0198     0.0171     0.1650         0.1672
    187   3.07    24.88      15.46      11.12  0.9778     0.9808  0.0222     0.0192     0.1561         0.1585
    188   3.08    24.00      15.46      11.05  0.9766     0.9814  0.0234     0.0186     0.1626         0.1671
    189   3.09    24.16      15.83      11.04  0.9787     0.9824  0.0213     0.0176     0.1482         0.1478
    190   3.10    23.95      15.55      11.27  0.9782     0.9818  0.0218     0.0182     0.1551         0.1556
    191   3.08    24.05      15.53      11.27  0.9784     0.9824  0.0216     0.0176     0.1599         0.1619
    192   3.09    24.43      15.32      11.09  0.9777     0.9822  0.0223     0.0178     0.1708         0.1715
    193   3.09    23.73      15.53      11.15  0.9773     0.9832  0.0227     0.0168     0.1555         0.1553
    194   3.10    24.08      15.86      11.29  0.9795     0.9835  0.0205     0.0165     0.1472         0.1475
    195   3.08    23.45      15.30      11.39  0.9777     0.9812  0.0223     0.0188     0.1599         0.1616
    196   3.11    23.97      15.78      11.29  0.9814     0.9825  0.0186     0.0175     0.1471         0.1474
    197   3.09    23.99      15.63      11.23  0.9791     0.9827  0.0209     0.0173     0.1542         0.1539
    198   3.11    24.23      15.27      11.03  0.9789     0.9834  0.0211     0.0166     0.1607         0.1623
    199   3.11    24.24      15.32      11.13  0.9792     0.9839  0.0208     0.0161     0.1602         0.1627
    200   3.09    24.61      15.89      11.28  0.9805     0.9829  0.0195     0.0171     0.1401         0.1420
The log/output/model have been saved to: ./logs/new_train.py-multi_zetas{'num_epochs': 200, 'use_stoch': [True, True, True], 'betas': None}-dgb-04-04-04:51 + .csv/.out/.cpt
