  epoch    IZY    IXZ_1     acc    avg_acc     err    avg_err    adv_acc    avg_adv_acc
-------  -----  -------  ------  ---------  ------  ---------  ---------  -------------
      1   3.09    56.43  0.9510     0.9560  0.0490     0.0440     0.0287         0.0294
      2   3.13    38.80  0.9614     0.9665  0.0386     0.0335     0.0344         0.0353
      3   3.16    36.47  0.9679     0.9712  0.0321     0.0288     0.0354         0.0372
      4   3.15    37.15  0.9670     0.9682  0.0330     0.0318     0.0459         0.0470
      5   3.09    31.15  0.9585     0.9605  0.0415     0.0395     0.0573         0.0584
      6   3.16    35.10  0.9682     0.9698  0.0318     0.0302     0.0699         0.0723
      7   3.14    26.55  0.9690     0.9711  0.0310     0.0289     0.1229         0.1309
      8   3.20    26.60  0.9784     0.9787  0.0216     0.0213     0.1164         0.1192
      9   3.19    24.61  0.9764     0.9775  0.0236     0.0225     0.1958         0.2059
     10   3.18    24.51  0.9783     0.9789  0.0217     0.0211     0.2043         0.2143
     11   3.19    29.98  0.9777     0.9776  0.0223     0.0224     0.1946         0.1971
     12   3.18    27.65  0.9786     0.9785  0.0214     0.0215     0.3008         0.3086
     13   3.20    22.13  0.9820     0.9828  0.0180     0.0172     0.3446         0.3515
     14   3.20    22.50  0.9810     0.9825  0.0190     0.0175     0.3500         0.3581
     15   3.20    21.75  0.9805     0.9812  0.0195     0.0188     0.3305         0.3388
     16   3.21    20.43  0.9825     0.9836  0.0175     0.0164     0.3417         0.3499
     17   3.16    23.52  0.9769     0.9766  0.0231     0.0234     0.3038         0.3130
     18   3.19    21.29  0.9804     0.9810  0.0196     0.0190     0.3122         0.3224
     19   3.18    19.82  0.9793     0.9799  0.0207     0.0201     0.3964         0.4085
     20   3.19    19.69  0.9807     0.9817  0.0193     0.0183     0.3712         0.3844
     21   3.16    21.34  0.9776     0.9786  0.0224     0.0214     0.3366         0.3555
     22   3.20    19.73  0.9839     0.9843  0.0161     0.0157     0.3728         0.3850
     23   3.21    21.56  0.9843     0.9860  0.0157     0.0140     0.4260         0.4318
     24   3.13    19.35  0.9743     0.9751  0.0257     0.0249     0.4231         0.4384
     25   3.19    18.01  0.9833     0.9845  0.0167     0.0155     0.4755         0.4868
     26   3.19    18.98  0.9806     0.9815  0.0194     0.0185     0.4145         0.4245
     27   3.17    18.48  0.9806     0.9811  0.0194     0.0189     0.4146         0.4235
     28   3.10    21.63  0.9720     0.9737  0.0280     0.0263     0.3506         0.3667
     29   3.18    17.93  0.9826     0.9827  0.0174     0.0173     0.4388         0.4476
     30   3.15    19.44  0.9773     0.9772  0.0227     0.0228     0.3193         0.3314
     31   3.18    16.78  0.9823     0.9830  0.0177     0.0170     0.4020         0.4118
     32   3.20    18.34  0.9837     0.9853  0.0163     0.0147     0.3771         0.3851
     33   3.19    17.24  0.9828     0.9840  0.0172     0.0160     0.3791         0.3940
     34   3.20    18.31  0.9842     0.9840  0.0158     0.0160     0.3575         0.3646
     35   3.17    16.62  0.9810     0.9816  0.0190     0.0184     0.4678         0.4807
     36   3.18    16.31  0.9844     0.9845  0.0156     0.0155     0.5063         0.5183
     37   3.17    17.36  0.9820     0.9833  0.0180     0.0167     0.4678         0.4768
     38   3.18    16.45  0.9837     0.9832  0.0163     0.0168     0.4611         0.4729
     39   3.07    21.63  0.9719     0.9721  0.0281     0.0279     0.4058         0.4126
     40   3.15    18.72  0.9809     0.9807  0.0191     0.0193     0.3985         0.4057
     41   3.11    16.15  0.9769     0.9780  0.0231     0.0220     0.4283         0.4379
     42   3.19    15.74  0.9851     0.9862  0.0149     0.0138     0.4227         0.4345
     43   3.15    16.67  0.9806     0.9812  0.0194     0.0188     0.3655         0.3754
     44   3.18    18.61  0.9839     0.9840  0.0161     0.0160     0.4179         0.4232
     45   3.17    15.41  0.9830     0.9831  0.0170     0.0169     0.4022         0.4118
     46   3.19    16.74  0.9846     0.9851  0.0154     0.0149     0.3722         0.3778
     47   3.18    16.06  0.9829     0.9841  0.0171     0.0159     0.4082         0.4150
     48   3.13    16.28  0.9783     0.9786  0.0217     0.0214     0.4019         0.4129
     49   3.18    14.74  0.9846     0.9853  0.0154     0.0147     0.4736         0.4858
     50   3.14    15.81  0.9808     0.9814  0.0192     0.0186     0.3972         0.4122
     51   3.15    16.10  0.9811     0.9815  0.0189     0.0185     0.3112         0.3205
     52   3.17    15.54  0.9838     0.9841  0.0162     0.0159     0.4197         0.4299
     53   3.16    15.98  0.9823     0.9831  0.0177     0.0169     0.3659         0.3773
     54   3.16    16.15  0.9804     0.9817  0.0196     0.0183     0.3585         0.3685
     55   3.20    16.28  0.9850     0.9858  0.0150     0.0142     0.3767         0.3821
     56   3.18    14.58  0.9855     0.9861  0.0145     0.0139     0.4549         0.4645
     57   3.17    15.41  0.9828     0.9834  0.0172     0.0166     0.3663         0.3720
     58   3.16    14.73  0.9821     0.9821  0.0179     0.0179     0.3681         0.3746
     59   3.15    15.20  0.9810     0.9815  0.0190     0.0185     0.3843         0.3940
     60   3.19    19.39  0.9845     0.9847  0.0155     0.0153     0.4289         0.4334
     61   3.18    14.64  0.9842     0.9858  0.0158     0.0142     0.4154         0.4224
     62   3.17    15.87  0.9839     0.9836  0.0161     0.0164     0.3849         0.3887
     63   3.18    15.00  0.9847     0.9857  0.0153     0.0143     0.4476         0.4566
     64   3.14    14.83  0.9816     0.9818  0.0184     0.0182     0.4062         0.4146
     65   3.18    14.36  0.9841     0.9841  0.0159     0.0159     0.4321         0.4375
     66   3.18    14.68  0.9847     0.9847  0.0153     0.0153     0.4225         0.4283
     67   3.15    14.85  0.9814     0.9826  0.0186     0.0174     0.3463         0.3541
     68   3.15    14.93  0.9829     0.9841  0.0171     0.0159     0.4274         0.4324
     69   3.18    15.01  0.9845     0.9846  0.0155     0.0154     0.4090         0.4110
     70   3.17    14.29  0.9844     0.9846  0.0156     0.0154     0.4428         0.4504
     71   3.18    15.29  0.9849     0.9856  0.0151     0.0144     0.4456         0.4506
     72   3.17    14.99  0.9852     0.9859  0.0148     0.0141     0.4193         0.4236
     73   3.19    16.09  0.9852     0.9856  0.0148     0.0144     0.4162         0.4204
     74   3.19    14.95  0.9868     0.9861  0.0132     0.0139     0.4009         0.4046
     75   3.10    14.34  0.9775     0.9783  0.0225     0.0217     0.3992         0.4050
     76   3.17    14.65  0.9837     0.9849  0.0163     0.0151     0.3981         0.4039
     77   3.17    14.27  0.9849     0.9859  0.0151     0.0141     0.4227         0.4313
     78   3.17    15.27  0.9845     0.9858  0.0155     0.0142     0.4601         0.4632
     79   3.17    14.31  0.9850     0.9858  0.0150     0.0142     0.4411         0.4471
     80   3.17    13.55  0.9850     0.9857  0.0150     0.0143     0.4728         0.4773
     81   3.18    13.66  0.9864     0.9860  0.0136     0.0140     0.4142         0.4213
     82   3.18    16.10  0.9851     0.9862  0.0149     0.0138     0.4322         0.4351
     83   3.18    15.41  0.9863     0.9868  0.0137     0.0132     0.4497         0.4530
     84   3.13    14.10  0.9812     0.9820  0.0188     0.0180     0.4372         0.4433
     85   3.16    13.44  0.9839     0.9849  0.0161     0.0151     0.4738         0.4813
     86   3.16    14.92  0.9851     0.9860  0.0149     0.0140     0.4796         0.4831
     87   3.17    13.83  0.9852     0.9853  0.0148     0.0147     0.4972         0.5013
     88   3.16    12.98  0.9846     0.9856  0.0154     0.0144     0.5086         0.5143
     89   3.17    13.71  0.9844     0.9854  0.0156     0.0146     0.4364         0.4388
     90   3.18    14.03  0.9855     0.9855  0.0145     0.0145     0.4168         0.4193
     91   3.08    13.95  0.9768     0.9793  0.0232     0.0207     0.3774         0.3810
     92   3.15    13.28  0.9837     0.9840  0.0163     0.0160     0.4398         0.4437
     93   3.16    13.34  0.9839     0.9844  0.0161     0.0156     0.4105         0.4125
     94   3.15    13.53  0.9839     0.9851  0.0161     0.0149     0.4412         0.4486
     95   3.16    13.26  0.9850     0.9851  0.0150     0.0149     0.4563         0.4624
     96   3.17    13.07  0.9838     0.9860  0.0162     0.0140     0.4707         0.4752
     97   3.18    13.84  0.9858     0.9864  0.0142     0.0136     0.4470         0.4485
     98   3.18    13.26  0.9844     0.9858  0.0156     0.0142     0.4124         0.4167
     99   3.17    13.11  0.9860     0.9863  0.0140     0.0137     0.4392         0.4447
    100   3.16    13.09  0.9838     0.9846  0.0162     0.0154     0.4234         0.4263
    101   3.18    13.60  0.9847     0.9854  0.0153     0.0146     0.4548         0.4605
    102   3.18    13.61  0.9852     0.9857  0.0148     0.0143     0.4154         0.4169
    103   3.16    12.93  0.9847     0.9853  0.0153     0.0147     0.4267         0.4319
    104   3.17    13.55  0.9858     0.9856  0.0142     0.0144     0.4188         0.4236
    105   3.17    13.47  0.9846     0.9858  0.0154     0.0142     0.4981         0.5007
    106   3.17    12.80  0.9848     0.9858  0.0152     0.0142     0.5271         0.5318
    107   3.18    14.51  0.9860     0.9861  0.0140     0.0139     0.4896         0.4894
    108   3.17    13.95  0.9849     0.9854  0.0151     0.0146     0.4892         0.4904
    109   3.17    13.27  0.9849     0.9852  0.0151     0.0148     0.4476         0.4510
    110   3.18    13.14  0.9864     0.9865  0.0136     0.0135     0.4551         0.4555
    111   3.16    13.03  0.9848     0.9864  0.0152     0.0136     0.4623         0.4650
    112   3.17    12.85  0.9856     0.9857  0.0144     0.0143     0.4840         0.4858
    113   3.16    13.30  0.9849     0.9841  0.0151     0.0159     0.4292         0.4328
    114   3.17    13.06  0.9859     0.9867  0.0141     0.0133     0.4937         0.4969
    115   3.18    12.78  0.9857     0.9858  0.0143     0.0142     0.5197         0.5231
    116   3.17    13.53  0.9856     0.9868  0.0144     0.0132     0.4901         0.4942
    117   3.17    13.11  0.9854     0.9864  0.0146     0.0136     0.5277         0.5331
    118   3.17    12.70  0.9846     0.9856  0.0154     0.0144     0.4993         0.5015
    119   3.17    13.14  0.9843     0.9860  0.0157     0.0140     0.5166         0.5170
    120   3.18    13.15  0.9854     0.9868  0.0146     0.0132     0.4939         0.4982
    121   3.16    14.35  0.9842     0.9841  0.0158     0.0159     0.4878         0.4915
    122   3.15    13.02  0.9845     0.9853  0.0155     0.0147     0.4657         0.4691
    123   3.17    13.19  0.9857     0.9861  0.0143     0.0139     0.5085         0.5135
    124   3.17    13.55  0.9855     0.9869  0.0145     0.0131     0.5274         0.5305
    125   3.18    15.11  0.9865     0.9855  0.0135     0.0145     0.5266         0.5304
    126   3.17    13.51  0.9856     0.9859  0.0144     0.0141     0.5079         0.5125
    127   3.17    13.02  0.9849     0.9863  0.0151     0.0137     0.5050         0.5104
    128   3.18    12.76  0.9862     0.9863  0.0138     0.0137     0.4966         0.5008
    129   3.17    12.94  0.9856     0.9860  0.0144     0.0140     0.5033         0.5065
    130   3.18    12.88  0.9865     0.9864  0.0135     0.0136     0.5284         0.5337
    131   3.18    12.49  0.9856     0.9863  0.0144     0.0137     0.5462         0.5498
    132   3.17    13.11  0.9853     0.9863  0.0147     0.0137     0.4904         0.4909
    133   3.19    14.14  0.9866     0.9865  0.0134     0.0135     0.4975         0.4982
    134   3.17    13.12  0.9864     0.9870  0.0136     0.0130     0.5109         0.5156
    135   3.17    12.99  0.9857     0.9866  0.0143     0.0134     0.5172         0.5211
    136   3.18    13.04  0.9861     0.9870  0.0139     0.0130     0.4998         0.5035
    137   3.17    12.80  0.9863     0.9864  0.0137     0.0136     0.5108         0.5159
    138   3.16    12.82  0.9854     0.9854  0.0146     0.0146     0.4780         0.4772
    139   3.17    12.72  0.9852     0.9862  0.0148     0.0138     0.5308         0.5355
    140   3.18    12.83  0.9864     0.9870  0.0136     0.0130     0.5231         0.5293
    141   3.17    12.44  0.9866     0.9864  0.0134     0.0136     0.5391         0.5459
    142   3.18    12.65  0.9862     0.9866  0.0138     0.0134     0.5475         0.5514
    143   3.17    12.59  0.9854     0.9869  0.0146     0.0131     0.5256         0.5307
    144   3.17    12.41  0.9855     0.9871  0.0145     0.0129     0.5425         0.5472
    145   3.17    12.66  0.9849     0.9865  0.0151     0.0135     0.5370         0.5413
    146   3.17    12.61  0.9852     0.9864  0.0148     0.0136     0.5192         0.5254
    147   3.17    12.59  0.9863     0.9865  0.0137     0.0135     0.5254         0.5291
    148   3.17    12.53  0.9856     0.9863  0.0144     0.0137     0.5325         0.5370
    149   3.17    13.22  0.9852     0.9858  0.0148     0.0142     0.5301         0.5339
    150   3.17    12.62  0.9858     0.9867  0.0142     0.0133     0.5322         0.5368
    151   3.17    12.40  0.9858     0.9864  0.0142     0.0136     0.5377         0.5433
    152   3.18    12.88  0.9857     0.9865  0.0143     0.0135     0.5018         0.5072
    153   3.16    12.67  0.9850     0.9856  0.0150     0.0144     0.5266         0.5301
    154   3.17    13.03  0.9851     0.9867  0.0149     0.0133     0.5235         0.5292
    155   3.17    12.85  0.9855     0.9860  0.0145     0.0140     0.5443         0.5465
    156   3.17    12.83  0.9843     0.9854  0.0157     0.0146     0.5588         0.5628
    157   3.17    12.59  0.9859     0.9866  0.0141     0.0134     0.5056         0.5075
    158   3.16    12.48  0.9842     0.9859  0.0158     0.0141     0.5582         0.5605
    159   3.18    12.39  0.9858     0.9869  0.0142     0.0131     0.5762         0.5816
    160   3.18    12.42  0.9859     0.9870  0.0141     0.0130     0.5903         0.5948
    161   3.17    12.59  0.9860     0.9862  0.0140     0.0138     0.5571         0.5603
    162   3.16    12.68  0.9850     0.9864  0.0150     0.0136     0.5393         0.5414
    163   3.16    12.58  0.9849     0.9859  0.0151     0.0141     0.5353         0.5405
    164   3.17    12.44  0.9858     0.9864  0.0142     0.0136     0.5352         0.5390
    165   3.17    12.68  0.9854     0.9863  0.0146     0.0137     0.5515         0.5554
    166   3.17    12.66  0.9857     0.9867  0.0143     0.0133     0.5507         0.5555
    167   3.16    12.61  0.9856     0.9870  0.0144     0.0130     0.5466         0.5501
    168   3.18    12.41  0.9856     0.9861  0.0144     0.0139     0.5627         0.5659
    169   3.17    12.57  0.9859     0.9873  0.0141     0.0127     0.5460         0.5493
    170   3.18    13.11  0.9857     0.9870  0.0143     0.0130     0.5574         0.5645
    171   3.16    12.49  0.9847     0.9863  0.0153     0.0137     0.5242         0.5270
    172   3.17    12.95  0.9854     0.9867  0.0146     0.0133     0.5317         0.5366
    173   3.17    12.33  0.9855     0.9863  0.0145     0.0137     0.5460         0.5506
    174   3.16    12.39  0.9850     0.9865  0.0150     0.0135     0.5490         0.5547
    175   3.18    12.63  0.9856     0.9870  0.0144     0.0130     0.5380         0.5422
    176   3.18    12.82  0.9856     0.9864  0.0144     0.0136     0.5432         0.5448
    177   3.17    12.96  0.9855     0.9866  0.0145     0.0134     0.5110         0.5128
    178   3.17    12.81  0.9849     0.9859  0.0151     0.0141     0.5407         0.5460
    179   3.17    13.93  0.9862     0.9866  0.0138     0.0134     0.5283         0.5327
    180   3.18    12.43  0.9850     0.9860  0.0150     0.0140     0.5107         0.5163
    181   3.18    12.51  0.9853     0.9855  0.0147     0.0145     0.5052         0.5082
    182   3.17    12.35  0.9850     0.9864  0.0150     0.0136     0.4981         0.5011
    183   3.16    12.36  0.9856     0.9866  0.0144     0.0134     0.4988         0.5029
    184   3.17    12.96  0.9855     0.9860  0.0145     0.0140     0.5004         0.5064
    185   3.16    12.39  0.9845     0.9861  0.0155     0.0139     0.5165         0.5202
    186   3.17    12.38  0.9852     0.9870  0.0148     0.0130     0.5374         0.5422
    187   3.17    12.29  0.9848     0.9862  0.0152     0.0138     0.5178         0.5236
    188   3.17    12.60  0.9856     0.9857  0.0144     0.0143     0.5107         0.5152
    189   3.17    12.90  0.9855     0.9859  0.0145     0.0141     0.5162         0.5218
    190   3.17    12.42  0.9849     0.9859  0.0151     0.0141     0.5136         0.5181
    191   3.16    12.58  0.9856     0.9860  0.0144     0.0140     0.5416         0.5445
    192   3.17    12.69  0.9846     0.9862  0.0154     0.0138     0.5124         0.5171
    193   3.17    13.07  0.9855     0.9869  0.0145     0.0131     0.5386         0.5407
    194   3.17    12.85  0.9852     0.9863  0.0148     0.0137     0.5354         0.5394
    195   3.16    12.61  0.9852     0.9860  0.0148     0.0140     0.5092         0.5135
    196   3.17    12.87  0.9855     0.9858  0.0145     0.0142     0.5269         0.5301
    197   3.17    12.85  0.9854     0.9859  0.0146     0.0141     0.5132         0.5172
    198   3.18    12.60  0.9848     0.9869  0.0152     0.0131     0.5195         0.5234
    199   3.17    12.54  0.9855     0.9862  0.0145     0.0138     0.5247         0.5291
    200   3.16    12.42  0.9852     0.9864  0.0148     0.0136     0.5228         0.5274
The log/output/model have been saved to: ./logs/new_train.py-multi_zetas{'num_epochs': 200, 'use_stoch': [False, False, True], 'betas': None}-ecl-04-04-06:05 + .csv/.out/.cpt
