  epoch    IZY    IXZ_1     acc    avg_acc     err    avg_err    adv_acc    avg_adv_acc
-------  -----  -------  ------  ---------  ------  ---------  ---------  -------------
      1   3.13   679.47  0.9599     0.9600  0.0401     0.0400     0.0169         0.0169
      2   3.18   680.81  0.9668     0.9669  0.0332     0.0331     0.0186         0.0186
      3   3.19   685.67  0.9705     0.9707  0.0295     0.0293     0.0133         0.0133
      4   3.21   696.36  0.9734     0.9734  0.0266     0.0266     0.0166         0.0166
      5   3.21   699.83  0.9752     0.9751  0.0248     0.0249     0.0164         0.0163
      6   3.22   704.02  0.9784     0.9784  0.0216     0.0216     0.0240         0.0239
      7   3.21   725.40  0.9767     0.9768  0.0233     0.0232     0.0570         0.0569
      8   3.18   729.11  0.9723     0.9722  0.0277     0.0278     0.0341         0.0340
      9   3.21   722.66  0.9783     0.9783  0.0217     0.0217     0.0478         0.0476
     10   3.18   733.62  0.9756     0.9757  0.0244     0.0243     0.1052         0.1051
     11   3.22   750.42  0.9812     0.9810  0.0188     0.0190     0.1099         0.1093
     12   3.19   739.45  0.9768     0.9769  0.0232     0.0231     0.0992         0.0985
     13   3.17   750.58  0.9756     0.9757  0.0244     0.0243     0.1166         0.1164
     14   3.21   769.17  0.9822     0.9822  0.0178     0.0178     0.1043         0.1040
     15   3.21   760.73  0.9821     0.9820  0.0179     0.0180     0.1295         0.1297
     16   3.22   757.19  0.9815     0.9815  0.0185     0.0185     0.1110         0.1109
     17   3.21   738.08  0.9807     0.9807  0.0193     0.0193     0.0839         0.0840
     18   3.21   748.46  0.9821     0.9821  0.0179     0.0179     0.1270         0.1275
     19   3.22   747.76  0.9847     0.9847  0.0153     0.0153     0.0945         0.0942
     20   3.20   771.39  0.9802     0.9801  0.0198     0.0199     0.2143         0.2143
     21   3.17   789.47  0.9789     0.9790  0.0211     0.0210     0.2071         0.2068
     22   3.20   758.42  0.9821     0.9822  0.0179     0.0178     0.1843         0.1844
     23   3.21   756.62  0.9826     0.9827  0.0174     0.0173     0.1732         0.1732
     24   3.22   765.35  0.9845     0.9845  0.0155     0.0155     0.2007         0.2009
     25   3.17   751.05  0.9770     0.9769  0.0230     0.0231     0.1579         0.1579
     26   3.21   763.95  0.9812     0.9812  0.0188     0.0188     0.1939         0.1940
     27   3.20   764.44  0.9822     0.9822  0.0178     0.0178     0.1797         0.1799
     28   3.21   795.40  0.9841     0.9841  0.0159     0.0159     0.2037         0.2034
     29   3.22   733.67  0.9825     0.9825  0.0175     0.0175     0.1460         0.1462
     30   3.20   737.08  0.9812     0.9813  0.0188     0.0187     0.1646         0.1645
     31   3.19   796.77  0.9816     0.9816  0.0184     0.0184     0.2840         0.2839
     32   3.18   788.88  0.9798     0.9798  0.0202     0.0202     0.2005         0.2004
     33   3.22   790.25  0.9847     0.9848  0.0153     0.0152     0.2457         0.2461
     34   3.21   757.51  0.9845     0.9845  0.0155     0.0155     0.1833         0.1834
     35   3.19   796.91  0.9832     0.9833  0.0168     0.0167     0.2043         0.2043
     36   3.21   801.18  0.9844     0.9845  0.0156     0.0155     0.2741         0.2741
     37   3.19   843.87  0.9841     0.9842  0.0159     0.0158     0.3251         0.3250
     38   3.21   833.63  0.9844     0.9844  0.0156     0.0156     0.3137         0.3133
     39   3.12   832.64  0.9747     0.9746  0.0253     0.0254     0.2680         0.2680
     40   3.20   793.86  0.9835     0.9835  0.0165     0.0165     0.2488         0.2488
     41   3.19   818.06  0.9825     0.9825  0.0175     0.0175     0.2970         0.2972
     42   3.21   848.05  0.9852     0.9852  0.0148     0.0148     0.3244         0.3249
     43   3.20   799.02  0.9833     0.9833  0.0167     0.0167     0.2741         0.2739
     44   3.21   829.56  0.9848     0.9847  0.0152     0.0153     0.3379         0.3378
     45   3.16   824.20  0.9795     0.9796  0.0205     0.0204     0.3148         0.3149
     46   3.19   849.61  0.9836     0.9836  0.0164     0.0164     0.3230         0.3232
     47   3.16   832.41  0.9782     0.9782  0.0218     0.0218     0.2908         0.2906
     48   3.19   867.89  0.9848     0.9848  0.0152     0.0152     0.2700         0.2703
     49   3.20   851.44  0.9843     0.9843  0.0157     0.0157     0.2751         0.2751
     50   3.18   843.84  0.9832     0.9832  0.0168     0.0168     0.3290         0.3293
     51   3.19   852.18  0.9825     0.9825  0.0175     0.0175     0.3717         0.3721
     52   3.21   867.53  0.9862     0.9861  0.0138     0.0139     0.4061         0.4062
     53   3.21   904.21  0.9868     0.9868  0.0132     0.0132     0.4279         0.4280
     54   3.20   928.71  0.9870     0.9870  0.0130     0.0130     0.4286         0.4287
     55   3.20   950.69  0.9871     0.9872  0.0129     0.0128     0.4247         0.4246
     56   3.19   972.71  0.9871     0.9871  0.0129     0.0129     0.4197         0.4200
     57   3.19   996.83  0.9871     0.9871  0.0129     0.0129     0.4068         0.4064
     58   3.19  1023.55  0.9872     0.9871  0.0128     0.0129     0.3954         0.3949
     59   3.18  1046.64  0.9869     0.9869  0.0131     0.0131     0.3855         0.3852
     60   3.18  1063.75  0.9871     0.9871  0.0129     0.0129     0.3785         0.3785
     61   3.17  1073.31  0.9873     0.9873  0.0127     0.0127     0.3677         0.3678
     62   3.17  1072.44  0.9873     0.9873  0.0127     0.0127     0.3671         0.3674
     63   3.17  1060.45  0.9874     0.9874  0.0126     0.0126     0.3574         0.3575
     64   3.17  1036.86  0.9873     0.9873  0.0127     0.0127     0.3612         0.3605
     65   3.16  1001.65  0.9872     0.9872  0.0128     0.0128     0.3514         0.3512
     66   3.16   955.07  0.9874     0.9873  0.0126     0.0127     0.3545         0.3543
     67   3.16   899.72  0.9874     0.9874  0.0126     0.0126     0.3453         0.3440
     68   3.16   837.97  0.9875     0.9875  0.0125     0.0125     0.3470         0.3475
     69   3.16   776.07  0.9877     0.9876  0.0123     0.0124     0.3552         0.3558
     70   3.16   714.40  0.9878     0.9879  0.0122     0.0121     0.3673         0.3667
     71   3.17   660.09  0.9879     0.9879  0.0121     0.0121     0.3944         0.3953
     72   3.17   611.40  0.9882     0.9880  0.0118     0.0120     0.4094         0.4092
     73   3.17   564.11  0.9881     0.9881  0.0119     0.0119     0.4255         0.4261
     74   3.17   524.35  0.9883     0.9883  0.0117     0.0117     0.4384         0.4402
     75   3.17   483.89  0.9881     0.9881  0.0119     0.0119     0.4383         0.4386
     76   3.18   447.60  0.9880     0.9880  0.0120     0.0120     0.4430         0.4433
     77   3.18   413.40  0.9881     0.9879  0.0119     0.0121     0.4513         0.4515
     78   3.18   377.35  0.9879     0.9881  0.0121     0.0119     0.4352         0.4345
     79   3.18   350.78  0.9881     0.9881  0.0119     0.0119     0.4423         0.4429
     80   3.18   320.45  0.9876     0.9878  0.0124     0.0122     0.4389         0.4393
     81   3.18   293.57  0.9880     0.9878  0.0120     0.0122     0.4469         0.4478
     82   3.18   269.30  0.9879     0.9878  0.0121     0.0122     0.4474         0.4476
     83   3.18   249.36  0.9879     0.9878  0.0121     0.0122     0.4527         0.4524
     84   3.18   226.42  0.9873     0.9877  0.0127     0.0123     0.4497         0.4501
     85   3.18   210.97  0.9880     0.9880  0.0120     0.0120     0.4578         0.4591
     86   3.18   194.65  0.9878     0.9874  0.0122     0.0126     0.4612         0.4624
     87   3.18   182.86  0.9877     0.9878  0.0123     0.0122     0.4696         0.4707
     88   3.18   168.95  0.9874     0.9871  0.0126     0.0129     0.4720         0.4720
     89   3.20   195.02  0.9850     0.9851  0.0150     0.0149     0.1975         0.1983
     90   3.20   189.36  0.9852     0.9854  0.0148     0.0146     0.2168         0.2181
     91   3.21   185.82  0.9868     0.9869  0.0132     0.0131     0.2470         0.2471
     92   3.20   182.74  0.9868     0.9868  0.0132     0.0132     0.2785         0.2786
     93   3.20   180.88  0.9868     0.9867  0.0132     0.0133     0.3171         0.3174
     94   3.20   180.78  0.9869     0.9869  0.0131     0.0131     0.3602         0.3599
     95   3.19   182.77  0.9870     0.9871  0.0130     0.0129     0.4002         0.4002
     96   3.18   187.47  0.9869     0.9870  0.0131     0.0130     0.4468         0.4472
     97   3.18   194.55  0.9867     0.9870  0.0133     0.0130     0.4765         0.4759
     98   3.18   203.82  0.9867     0.9868  0.0133     0.0132     0.5057         0.5049
     99   3.18   212.88  0.9870     0.9873  0.0130     0.0127     0.5308         0.5325
    100   3.17   221.37  0.9870     0.9872  0.0130     0.0128     0.5450         0.5462
    101   3.17   227.64  0.9872     0.9873  0.0128     0.0127     0.5584         0.5596
    102   3.17   230.76  0.9869     0.9871  0.0131     0.0129     0.5671         0.5680
    103   3.17   232.02  0.9871     0.9872  0.0129     0.0128     0.5676         0.5689
    104   3.17   232.02  0.9873     0.9872  0.0127     0.0128     0.5683         0.5693
    105   3.17   227.34  0.9869     0.9870  0.0131     0.0130     0.5613         0.5603
    106   3.17   224.71  0.9872     0.9870  0.0128     0.0130     0.5608         0.5636
    107   3.17   220.61  0.9870     0.9873  0.0130     0.0127     0.5509         0.5500
    108   3.17   217.05  0.9871     0.9875  0.0129     0.0125     0.5418         0.5412
    109   3.17   213.54  0.9873     0.9875  0.0127     0.0125     0.5389         0.5375
    110   3.17   209.88  0.9876     0.9873  0.0124     0.0127     0.5222         0.5246
    111   3.16   205.90  0.9874     0.9873  0.0126     0.0127     0.5050         0.5054
    112   3.17   202.62  0.9874     0.9874  0.0126     0.0126     0.4956         0.4967
    113   3.17   198.58  0.9878     0.9876  0.0122     0.0124     0.4929         0.4930
    114   3.17   194.88  0.9876     0.9878  0.0124     0.0122     0.4857         0.4861
    115   3.17   191.00  0.9875     0.9878  0.0125     0.0122     0.4784         0.4792
    116   3.17   186.47  0.9878     0.9880  0.0122     0.0120     0.4785         0.4795
    117   3.17   181.60  0.9877     0.9881  0.0123     0.0119     0.4729         0.4725
    118   3.17   176.87  0.9880     0.9881  0.0120     0.0119     0.4747         0.4751
    119   3.18   171.23  0.9881     0.9880  0.0119     0.0120     0.4731         0.4743
    120   3.17   166.15  0.9880     0.9880  0.0120     0.0120     0.4784         0.4786
    121   3.18   161.31  0.9878     0.9880  0.0122     0.0120     0.4877         0.4890
    122   3.18   156.86  0.9882     0.9882  0.0118     0.0118     0.4994         0.4997
    123   3.18   151.01  0.9879     0.9884  0.0121     0.0116     0.4884         0.4891
    124   3.18   146.82  0.9882     0.9881  0.0118     0.0119     0.4873         0.4895
    125   3.18   142.23  0.9885     0.9882  0.0115     0.0118     0.4990         0.4997
    126   3.18   138.77  0.9882     0.9879  0.0118     0.0121     0.4783         0.4788
    127   3.18   134.67  0.9883     0.9883  0.0117     0.0117     0.4854         0.4858
    128   3.18   130.04  0.9884     0.9886  0.0116     0.0114     0.4897         0.4911
    129   3.18   126.88  0.9883     0.9882  0.0117     0.0118     0.4783         0.4792
    130   3.18   125.61  0.9883     0.9882  0.0117     0.0118     0.4731         0.4728
    131   3.18   121.88  0.9881     0.9881  0.0119     0.0119     0.4713         0.4718
    132   3.18   119.58  0.9882     0.9882  0.0118     0.0118     0.4720         0.4714
    133   3.18   117.42  0.9883     0.9883  0.0117     0.0117     0.4677         0.4695
    134   3.18   114.86  0.9880     0.9879  0.0120     0.0121     0.4670         0.4679
    135   3.18   113.72  0.9882     0.9881  0.0118     0.0119     0.4603         0.4609
    136   3.18   112.35  0.9878     0.9878  0.0122     0.0122     0.4654         0.4658
    137   3.18   111.47  0.9871     0.9879  0.0129     0.0121     0.4591         0.4592
    138   3.18   109.93  0.9883     0.9880  0.0117     0.0120     0.4475         0.4472
    139   3.18   107.88  0.9879     0.9877  0.0121     0.0123     0.4576         0.4584
    140   3.14   118.67  0.9852     0.9850  0.0148     0.0150     0.3774         0.3776
    141   3.16   118.72  0.9866     0.9867  0.0134     0.0133     0.3880         0.3888
    142   3.16   118.75  0.9867     0.9865  0.0133     0.0135     0.3946         0.3952
    143   3.17   118.86  0.9866     0.9866  0.0134     0.0134     0.4009         0.4018
    144   3.17   118.93  0.9868     0.9865  0.0132     0.0135     0.4050         0.4050
    145   3.16   118.93  0.9868     0.9868  0.0132     0.0132     0.4147         0.4168
    146   3.17   118.87  0.9868     0.9868  0.0132     0.0132     0.4222         0.4226
    147   3.16   118.81  0.9868     0.9868  0.0132     0.0132     0.4226         0.4235
    148   3.16   118.67  0.9863     0.9868  0.0137     0.0132     0.4325         0.4330
    149   3.17   118.52  0.9867     0.9869  0.0133     0.0131     0.4343         0.4341
    150   3.16   118.32  0.9869     0.9868  0.0131     0.0132     0.4363         0.4371
    151   3.16   118.05  0.9866     0.9870  0.0134     0.0130     0.4334         0.4325
    152   3.16   117.67  0.9869     0.9869  0.0131     0.0131     0.4455         0.4460
    153   3.17   117.23  0.9868     0.9868  0.0132     0.0132     0.4370         0.4379
    154   3.16   116.78  0.9867     0.9869  0.0133     0.0131     0.4400         0.4400
    155   3.17   116.31  0.9869     0.9870  0.0131     0.0130     0.4452         0.4460
    156   3.17   115.75  0.9866     0.9869  0.0134     0.0131     0.4553         0.4562
    157   3.17   115.15  0.9866     0.9867  0.0134     0.0133     0.4538         0.4554
    158   3.17   114.40  0.9872     0.9867  0.0128     0.0133     0.4507         0.4519
    159   3.17   113.82  0.9873     0.9868  0.0127     0.0132     0.4607         0.4611
    160   3.17   113.10  0.9863     0.9868  0.0137     0.0132     0.4574         0.4582
    161   3.17   112.23  0.9870     0.9869  0.0130     0.0131     0.4668         0.4667
    162   3.17   111.78  0.9866     0.9866  0.0134     0.0134     0.4634         0.4637
    163   3.16   110.78  0.9866     0.9867  0.0134     0.0133     0.4692         0.4687
    164   3.17   109.65  0.9864     0.9867  0.0136     0.0133     0.4694         0.4700
    165   3.17   108.75  0.9865     0.9868  0.0135     0.0132     0.4760         0.4758
    166   3.17   107.71  0.9864     0.9867  0.0136     0.0133     0.4760         0.4760
    167   3.17   107.00  0.9871     0.9868  0.0129     0.0132     0.4783         0.4783
    168   3.17   106.18  0.9863     0.9868  0.0137     0.0132     0.4820         0.4833
    169   3.17   105.31  0.9866     0.9868  0.0134     0.0132     0.4777         0.4789
    170   3.16   106.36  0.9869     0.9872  0.0131     0.0128     0.4562         0.4571
    171   3.17   105.50  0.9869     0.9871  0.0131     0.0129     0.4850         0.4856
    172   3.17   104.67  0.9866     0.9872  0.0134     0.0128     0.4821         0.4822
    173   3.17   103.58  0.9870     0.9869  0.0130     0.0131     0.4758         0.4762
    174   3.16   102.85  0.9871     0.9868  0.0129     0.0132     0.4850         0.4844
    175   3.17   101.90  0.9868     0.9872  0.0132     0.0128     0.4769         0.4780
    176   3.17   101.19  0.9871     0.9871  0.0129     0.0129     0.4813         0.4821
    177   3.17   100.41  0.9869     0.9868  0.0131     0.0132     0.4719         0.4729
    178   3.17   100.05  0.9867     0.9867  0.0133     0.0133     0.4715         0.4726
    179   3.17    99.56  0.9872     0.9867  0.0128     0.0133     0.4806         0.4803
    180   3.16    99.57  0.9868     0.9868  0.0132     0.0132     0.4674         0.4683
    181   3.17    98.64  0.9871     0.9868  0.0129     0.0132     0.4702         0.4707
    182   3.16    99.26  0.9873     0.9870  0.0127     0.0130     0.4531         0.4550
    183   3.17    98.40  0.9873     0.9870  0.0127     0.0130     0.4681         0.4682
    184   3.16    97.87  0.9872     0.9872  0.0128     0.0128     0.4698         0.4706
    185   3.16    97.99  0.9873     0.9875  0.0127     0.0125     0.4638         0.4639
    186   3.16    97.50  0.9877     0.9878  0.0123     0.0122     0.4639         0.4639
    187   3.16    96.99  0.9874     0.9875  0.0126     0.0125     0.4633         0.4641
    188   3.17    96.67  0.9872     0.9876  0.0128     0.0124     0.4638         0.4632
    189   3.17    96.15  0.9873     0.9875  0.0127     0.0125     0.4619         0.4626
    190   3.17    95.83  0.9873     0.9873  0.0127     0.0127     0.4686         0.4698
    191   3.16    95.53  0.9875     0.9874  0.0125     0.0126     0.4538         0.4548
    192   3.17    95.22  0.9873     0.9873  0.0127     0.0127     0.4645         0.4655
    193   3.16    94.74  0.9868     0.9877  0.0132     0.0123     0.4633         0.4638
    194   3.16    95.25  0.9875     0.9873  0.0125     0.0127     0.4498         0.4505
    195   3.17    94.40  0.9879     0.9876  0.0121     0.0124     0.4599         0.4592
    196   3.17    94.23  0.9872     0.9874  0.0128     0.0126     0.4617         0.4611
    197   3.16    93.98  0.9871     0.9873  0.0129     0.0127     0.4634         0.4634
    198   3.16    93.70  0.9873     0.9875  0.0127     0.0125     0.4687         0.4692
    199   3.17    93.30  0.9875     0.9873  0.0125     0.0127     0.4648         0.4645
    200   3.16    93.06  0.9873     0.9873  0.0127     0.0127     0.4639         0.4649
    201   3.16    93.01  0.9870     0.9869  0.0130     0.0131     0.4557         0.4580
    202   3.16    93.20  0.9871     0.9871  0.0129     0.0129     0.4461         0.4462
    203   3.16    92.83  0.9877     0.9874  0.0123     0.0126     0.4559         0.4569
    204   3.17    92.67  0.9874     0.9872  0.0126     0.0128     0.4622         0.4642
    205   3.16    92.35  0.9875     0.9874  0.0125     0.0126     0.4624         0.4636
    206   3.17    92.15  0.9870     0.9873  0.0130     0.0127     0.4629         0.4628
    207   3.16    92.01  0.9871     0.9874  0.0129     0.0126     0.4572         0.4585
    208   3.16    91.70  0.9871     0.9870  0.0129     0.0130     0.4645         0.4638
    209   3.16    91.64  0.9874     0.9873  0.0126     0.0127     0.4564         0.4567
    210   3.16    91.41  0.9871     0.9872  0.0129     0.0128     0.4587         0.4588
    211   3.16    91.28  0.9873     0.9875  0.0127     0.0125     0.4611         0.4624
    212   3.16    91.07  0.9872     0.9875  0.0128     0.0125     0.4635         0.4628
    213   3.17    90.78  0.9877     0.9875  0.0123     0.0125     0.4717         0.4720
    214   3.16    90.73  0.9870     0.9875  0.0130     0.0125     0.4598         0.4589
    215   3.16    90.44  0.9873     0.9874  0.0127     0.0126     0.4686         0.4696
    216   3.16    90.47  0.9875     0.9873  0.0125     0.0127     0.4619         0.4633
    217   3.16    90.01  0.9872     0.9872  0.0128     0.0128     0.4651         0.4656
    218   3.16    89.93  0.9877     0.9872  0.0123     0.0128     0.4686         0.4695
    219   3.16    90.35  0.9874     0.9873  0.0126     0.0127     0.4559         0.4568
    220   3.16    90.06  0.9875     0.9871  0.0125     0.0129     0.4604         0.4619
    221   3.16    89.83  0.9873     0.9874  0.0127     0.0126     0.4669         0.4670
    222   3.16    89.66  0.9876     0.9874  0.0124     0.0126     0.4774         0.4774
    223   3.16    89.52  0.9875     0.9876  0.0125     0.0124     0.4720         0.4726
    224   3.16    89.51  0.9873     0.9874  0.0127     0.0126     0.4672         0.4675
    225   3.16    89.32  0.9876     0.9872  0.0124     0.0128     0.4671         0.4681
    226   3.16    89.20  0.9872     0.9874  0.0128     0.0126     0.4592         0.4606
    227   3.16    88.90  0.9872     0.9873  0.0128     0.0127     0.4644         0.4660
    228   3.16    89.24  0.9870     0.9872  0.0130     0.0128     0.4623         0.4614
    229   3.16    89.00  0.9875     0.9875  0.0125     0.0125     0.4592         0.4593
    230   3.16    88.63  0.9872     0.9873  0.0128     0.0127     0.4659         0.4663
    231   3.16    88.57  0.9871     0.9871  0.0129     0.0129     0.4652         0.4662
    232   3.16    88.39  0.9872     0.9873  0.0128     0.0127     0.4762         0.4770
    233   3.16    88.51  0.9877     0.9872  0.0123     0.0128     0.4675         0.4689
    234   3.16    88.29  0.9872     0.9873  0.0128     0.0127     0.4645         0.4649
    235   3.16    88.24  0.9875     0.9871  0.0125     0.0129     0.4624         0.4627
    236   3.16    87.95  0.9874     0.9872  0.0126     0.0128     0.4648         0.4649
    237   3.16    87.94  0.9873     0.9873  0.0127     0.0127     0.4584         0.4583
    238   3.16    87.82  0.9875     0.9874  0.0125     0.0126     0.4734         0.4743
    239   3.16    87.74  0.9874     0.9875  0.0126     0.0125     0.4683         0.4677
    240   3.16    87.55  0.9873     0.9872  0.0127     0.0128     0.4811         0.4811
    241   3.16    87.33  0.9871     0.9874  0.0129     0.0126     0.4740         0.4766
    242   3.16    87.39  0.9878     0.9872  0.0122     0.0128     0.4738         0.4744
    243   3.16    87.36  0.9871     0.9875  0.0129     0.0125     0.4742         0.4749
    244   3.16    87.15  0.9874     0.9874  0.0126     0.0126     0.4650         0.4664
    245   3.16    87.27  0.9873     0.9874  0.0127     0.0126     0.4649         0.4650
    246   3.16    87.17  0.9871     0.9874  0.0129     0.0126     0.4648         0.4657
    247   3.16    87.05  0.9870     0.9874  0.0130     0.0126     0.4780         0.4766
    248   3.16    86.87  0.9877     0.9876  0.0123     0.0124     0.4759         0.4756
    249   3.16    86.85  0.9872     0.9874  0.0128     0.0126     0.4715         0.4719
    250   3.16    86.87  0.9874     0.9875  0.0126     0.0125     0.4629         0.4637
    251   3.16    86.69  0.9871     0.9874  0.0129     0.0126     0.4775         0.4781
    252   3.16    86.74  0.9873     0.9876  0.0127     0.0124     0.4619         0.4624
    253   3.16    86.61  0.9874     0.9876  0.0126     0.0124     0.4774         0.4782
    254   3.16    86.46  0.9874     0.9874  0.0126     0.0126     0.4665         0.4668
    255   3.16    86.55  0.9874     0.9873  0.0126     0.0127     0.4740         0.4734
    256   3.16    86.44  0.9876     0.9875  0.0124     0.0125     0.4672         0.4685
    257   3.16    86.36  0.9876     0.9875  0.0124     0.0125     0.4753         0.4774
    258   3.16    86.20  0.9874     0.9876  0.0126     0.0124     0.4718         0.4720
    259   3.16    86.10  0.9876     0.9877  0.0124     0.0123     0.4715         0.4729
    260   3.16    85.92  0.9874     0.9875  0.0126     0.0125     0.4732         0.4733
    261   3.16    86.00  0.9872     0.9874  0.0128     0.0126     0.4731         0.4740
    262   3.16    86.40  0.9875     0.9875  0.0125     0.0125     0.4585         0.4600
    263   3.16    86.13  0.9874     0.9876  0.0126     0.0124     0.4647         0.4653
    264   3.16    85.90  0.9876     0.9875  0.0124     0.0125     0.4713         0.4719
    265   3.16    85.98  0.9874     0.9876  0.0126     0.0124     0.4707         0.4704
    266   3.16    86.08  0.9874     0.9874  0.0126     0.0126     0.4678         0.4696
    267   3.16    85.90  0.9874     0.9874  0.0126     0.0126     0.4702         0.4711
    268   3.16    85.73  0.9874     0.9874  0.0126     0.0126     0.4771         0.4777
    269   3.16    85.60  0.9880     0.9876  0.0120     0.0124     0.4838         0.4844
    270   3.16    85.59  0.9877     0.9876  0.0123     0.0124     0.4821         0.4818
    271   3.16    85.51  0.9880     0.9876  0.0120     0.0124     0.4708         0.4716
    272   3.16    85.50  0.9876     0.9875  0.0124     0.0125     0.4748         0.4741
    273   3.16    85.48  0.9879     0.9875  0.0121     0.0125     0.4747         0.4761
    274   3.16    85.36  0.9875     0.9874  0.0125     0.0126     0.4792         0.4797
    275   3.16    85.35  0.9877     0.9877  0.0123     0.0123     0.4675         0.4691
    276   3.16    85.26  0.9874     0.9876  0.0126     0.0124     0.4818         0.4831
    277   3.16    85.28  0.9876     0.9874  0.0124     0.0126     0.4738         0.4756
    278   3.16    85.06  0.9877     0.9877  0.0123     0.0123     0.4769         0.4770
    279   3.16    85.04  0.9876     0.9873  0.0124     0.0127     0.4757         0.4777
    280   3.16    85.04  0.9874     0.9876  0.0126     0.0124     0.4788         0.4810
    281   3.16    85.10  0.9871     0.9876  0.0129     0.0124     0.4739         0.4764
    282   3.16    84.99  0.9870     0.9876  0.0130     0.0124     0.4696         0.4698
    283   3.16    85.00  0.9875     0.9877  0.0125     0.0123     0.4679         0.4698
    284   3.16    85.03  0.9873     0.9876  0.0127     0.0124     0.4737         0.4740
    285   3.16    84.98  0.9873     0.9874  0.0127     0.0126     0.4690         0.4701
    286   3.16    85.04  0.9871     0.9875  0.0129     0.0125     0.4726         0.4728
    287   3.16    84.89  0.9877     0.9873  0.0123     0.0127     0.4744         0.4746
    288   3.16    84.92  0.9875     0.9875  0.0125     0.0125     0.4691         0.4700
    289   3.16    84.87  0.9873     0.9877  0.0127     0.0123     0.4734         0.4737
    290   3.16    84.81  0.9876     0.9878  0.0124     0.0122     0.4680         0.4700
    291   3.16    84.73  0.9874     0.9874  0.0126     0.0126     0.4699         0.4720
    292   3.15    84.69  0.9874     0.9875  0.0126     0.0125     0.4739         0.4740
    293   3.15    84.73  0.9869     0.9877  0.0131     0.0123     0.4807         0.4823
    294   3.16    84.66  0.9877     0.9876  0.0123     0.0124     0.4829         0.4829
    295   3.16    84.58  0.9874     0.9876  0.0126     0.0124     0.4740         0.4752
    296   3.16    84.68  0.9875     0.9878  0.0125     0.0122     0.4625         0.4628
    297   3.16    84.68  0.9874     0.9873  0.0126     0.0127     0.4727         0.4731
    298   3.16    84.58  0.9873     0.9876  0.0127     0.0124     0.4760         0.4763
    299   3.16    84.45  0.9876     0.9876  0.0124     0.0124     0.4737         0.4753
    300   3.16    84.43  0.9877     0.9875  0.0123     0.0125     0.4781         0.4775
The log/output/model have been saved to: ./logs/train.py-multi_zetas300_False_False_True_1.953125e-09_3.90625e-09_7.8125e-09-glc-04-23-11:00 + .csv/.out/.cpt
