  epoch    IZY    IXZ_1     acc    avg_acc     err    avg_err    adv_acc    avg_adv_acc
-------  -----  -------  ------  ---------  ------  ---------  ---------  -------------
      1   2.43    10.91  0.8459     0.9195  0.1541     0.0805     0.0901         0.0927
      2   2.71     7.22  0.9036     0.9548  0.0964     0.0452     0.0762         0.0783
      3   2.76     6.60  0.9146     0.9627  0.0854     0.0373     0.0746         0.0775
      4   2.79     7.24  0.9078     0.9677  0.0922     0.0323     0.0958         0.1018
      5   2.81     6.20  0.9113     0.9728  0.0887     0.0272     0.1265         0.1421
      6   2.80     7.02  0.9055     0.9701  0.0945     0.0299     0.1500         0.1642
      7   2.88     6.50  0.9315     0.9710  0.0685     0.0290     0.1371         0.1432
      8   3.01     8.98  0.9603     0.9795  0.0397     0.0205     0.1593         0.1643
      9   2.97     6.89  0.9469     0.9758  0.0531     0.0242     0.2521         0.2628
     10   2.97     7.47  0.9466     0.9749  0.0534     0.0251     0.2758         0.2880
     11   2.93     5.99  0.9326     0.9764  0.0674     0.0236     0.2779         0.2952
     12   3.00    10.09  0.9555     0.9757  0.0445     0.0243     0.3096         0.3174
     13   2.91     5.77  0.9300     0.9714  0.0700     0.0286     0.3081         0.3284
     14   2.95     6.07  0.9377     0.9772  0.0623     0.0228     0.3394         0.3597
     15   3.00     7.00  0.9514     0.9814  0.0486     0.0186     0.4429         0.4558
     16   2.96     5.68  0.9409     0.9818  0.0591     0.0182     0.4380         0.4627
     17   2.93     5.66  0.9350     0.9752  0.0650     0.0248     0.3988         0.4224
     18   2.94     5.64  0.9305     0.9815  0.0695     0.0185     0.4358         0.4655
     19   2.94     5.37  0.9294     0.9848  0.0706     0.0152     0.4428         0.4756
     20   2.91     6.87  0.9248     0.9790  0.0752     0.0210     0.4615         0.4989
     21   2.96     5.46  0.9348     0.9819  0.0652     0.0181     0.4208         0.4507
     22   2.98     5.72  0.9398     0.9821  0.0602     0.0179     0.4371         0.4690
     23   2.91     5.46  0.9262     0.9791  0.0738     0.0209     0.4990         0.5317
     24   3.00     5.56  0.9426     0.9832  0.0574     0.0168     0.4698         0.4995
     25   3.00     5.67  0.9450     0.9821  0.0550     0.0179     0.4712         0.4949
     26   2.92     5.58  0.9345     0.9780  0.0655     0.0220     0.4491         0.4821
     27   3.00     5.83  0.9457     0.9826  0.0543     0.0174     0.4977         0.5248
     28   2.96     5.76  0.9389     0.9784  0.0611     0.0216     0.5264         0.5522
     29   2.98     5.44  0.9366     0.9828  0.0634     0.0172     0.5295         0.5615
     30   2.93     5.65  0.9337     0.9760  0.0663     0.0240     0.5274         0.5572
     31   2.99     5.63  0.9432     0.9831  0.0568     0.0169     0.4928         0.5249
     32   2.94     6.15  0.9302     0.9843  0.0698     0.0157     0.5307         0.5646
     33   2.99     5.93  0.9447     0.9833  0.0553     0.0167     0.4969         0.5264
     34   2.99     5.59  0.9463     0.9822  0.0537     0.0178     0.5376         0.5672
     35   2.97     5.49  0.9399     0.9845  0.0601     0.0155     0.5836         0.6201
     36   3.02     6.60  0.9544     0.9814  0.0456     0.0186     0.5450         0.5670
     37   3.01     6.08  0.9504     0.9833  0.0496     0.0167     0.5778         0.6015
     38   3.03     6.66  0.9539     0.9823  0.0461     0.0177     0.4916         0.5133
     39   3.01     5.75  0.9487     0.9846  0.0513     0.0154     0.5765         0.6062
     40   2.98     5.32  0.9413     0.9859  0.0587     0.0141     0.5054         0.5332
     41   2.98     5.39  0.9374     0.9849  0.0626     0.0151     0.4872         0.5226
     42   3.03     5.99  0.9520     0.9847  0.0480     0.0153     0.4786         0.5021
     43   2.95     5.42  0.9346     0.9812  0.0654     0.0188     0.5156         0.5493
     44   2.96     5.39  0.9330     0.9848  0.0670     0.0152     0.5872         0.6279
     45   2.97     5.55  0.9415     0.9805  0.0585     0.0195     0.5467         0.5749
     46   3.02     5.91  0.9502     0.9854  0.0498     0.0146     0.5599         0.5870
     47   3.01     5.74  0.9493     0.9836  0.0507     0.0164     0.5876         0.6187
     48   2.99     5.52  0.9421     0.9832  0.0579     0.0168     0.4893         0.5142
     49   2.98     5.48  0.9408     0.9825  0.0592     0.0175     0.5605         0.5905
     50   3.01     5.74  0.9489     0.9827  0.0511     0.0173     0.5269         0.5505
     51   3.02     5.88  0.9523     0.9848  0.0477     0.0152     0.5506         0.5795
     52   3.02     5.61  0.9480     0.9853  0.0520     0.0147     0.5260         0.5552
     53   2.99     5.41  0.9398     0.9848  0.0602     0.0152     0.6186         0.6561
     54   3.00     5.67  0.9475     0.9839  0.0525     0.0161     0.5807         0.6126
     55   2.99     5.41  0.9476     0.9829  0.0524     0.0171     0.6554         0.6907
     56   2.98     5.53  0.9435     0.9834  0.0565     0.0166     0.6439         0.6783
     57   3.03     7.07  0.9565     0.9832  0.0435     0.0168     0.5232         0.5427
     58   2.96     5.60  0.9378     0.9848  0.0622     0.0152     0.5083         0.5405
     59   2.98     5.49  0.9436     0.9851  0.0564     0.0149     0.5087         0.5351
     60   2.97     5.57  0.9443     0.9838  0.0557     0.0162     0.5577         0.5830
     61   2.95     5.52  0.9357     0.9837  0.0643     0.0163     0.6282         0.6657
     62   2.98     5.45  0.9434     0.9836  0.0566     0.0164     0.6248         0.6601
     63   2.94     5.32  0.9375     0.9822  0.0625     0.0178     0.5815         0.6118
     64   3.01     5.82  0.9513     0.9854  0.0487     0.0146     0.5297         0.5545
     65   2.95     5.36  0.9350     0.9844  0.0650     0.0156     0.5103         0.5385
     66   2.98     5.39  0.9446     0.9830  0.0554     0.0170     0.5661         0.5985
     67   2.95     5.28  0.9376     0.9842  0.0624     0.0158     0.6155         0.6543
     68   2.99     5.38  0.9420     0.9854  0.0580     0.0146     0.5455         0.5786
     69   2.97     5.35  0.9409     0.9828  0.0591     0.0172     0.5564         0.5866
     70   2.98     5.76  0.9481     0.9820  0.0519     0.0180     0.5080         0.5308
     71   2.95     5.30  0.9349     0.9848  0.0651     0.0152     0.5907         0.6254
     72   3.03     6.07  0.9586     0.9845  0.0414     0.0155     0.4921         0.5103
     73   3.02     5.57  0.9485     0.9842  0.0515     0.0158     0.5231         0.5511
     74   2.99     5.37  0.9448     0.9840  0.0552     0.0160     0.4908         0.5230
     75   2.96     5.39  0.9382     0.9855  0.0618     0.0145     0.5832         0.6196
     76   2.95     5.42  0.9386     0.9844  0.0614     0.0156     0.5389         0.5725
     77   2.98     5.34  0.9417     0.9848  0.0583     0.0152     0.4979         0.5265
     78   2.98     5.39  0.9435     0.9842  0.0565     0.0158     0.5349         0.5612
     79   3.01     5.38  0.9479     0.9859  0.0521     0.0141     0.5801         0.6124
     80   3.00     5.59  0.9519     0.9844  0.0481     0.0156     0.5680         0.5926
     81   3.01     5.70  0.9500     0.9838  0.0500     0.0162     0.5626         0.5857
     82   3.04     5.88  0.9545     0.9858  0.0455     0.0142     0.5270         0.5521
     83   2.97     5.51  0.9442     0.9828  0.0558     0.0172     0.5772         0.6075
     84   3.03     5.68  0.9523     0.9842  0.0477     0.0158     0.5455         0.5711
     85   2.98     5.25  0.9414     0.9849  0.0586     0.0151     0.5855         0.6191
     86   3.01     5.73  0.9525     0.9839  0.0475     0.0161     0.5959         0.6250
     87   2.99     5.50  0.9462     0.9846  0.0538     0.0154     0.5508         0.5794
     88   3.00     5.51  0.9467     0.9845  0.0533     0.0155     0.6002         0.6282
     89   3.00     5.42  0.9493     0.9860  0.0507     0.0140     0.6066         0.6351
     90   3.01     5.49  0.9476     0.9865  0.0524     0.0135     0.5152         0.5432
     91   3.00     5.48  0.9487     0.9869  0.0513     0.0131     0.5291         0.5608
     92   3.00     5.29  0.9453     0.9853  0.0547     0.0147     0.5519         0.5854
     93   2.98     5.42  0.9419     0.9856  0.0581     0.0144     0.5779         0.6061
     94   3.00     5.45  0.9477     0.9855  0.0523     0.0145     0.5661         0.5855
     95   2.99     5.28  0.9459     0.9854  0.0541     0.0146     0.5549         0.5853
     96   2.98     5.33  0.9415     0.9857  0.0585     0.0143     0.5775         0.6087
     97   2.97     5.38  0.9413     0.9850  0.0587     0.0150     0.5105         0.5395
     98   3.00     5.52  0.9465     0.9860  0.0535     0.0140     0.5398         0.5633
     99   2.98     5.33  0.9425     0.9861  0.0575     0.0139     0.5468         0.5794
    100   3.00     5.31  0.9447     0.9866  0.0553     0.0134     0.5504         0.5807
    101   2.98     5.28  0.9392     0.9863  0.0608     0.0137     0.5054         0.5349
    102   2.98     5.44  0.9467     0.9858  0.0533     0.0142     0.5144         0.5436
    103   3.03     5.73  0.9533     0.9875  0.0467     0.0125     0.5842         0.6108
    104   2.99     5.50  0.9438     0.9862  0.0562     0.0138     0.5995         0.6279
    105   2.95     5.36  0.9410     0.9820  0.0590     0.0180     0.6110         0.6391
    106   2.99     5.32  0.9437     0.9865  0.0563     0.0135     0.6221         0.6545
    107   2.98     5.36  0.9390     0.9855  0.0610     0.0145     0.6259         0.6544
    108   3.00     5.35  0.9463     0.9858  0.0537     0.0142     0.6144         0.6429
    109   2.98     5.44  0.9472     0.9843  0.0528     0.0157     0.6010         0.6259
    110   3.02     5.70  0.9513     0.9854  0.0487     0.0146     0.5941         0.6185
    111   3.00     5.32  0.9471     0.9861  0.0529     0.0139     0.5606         0.5851
    112   3.01     5.40  0.9473     0.9857  0.0527     0.0143     0.5098         0.5390
    113   3.00     5.37  0.9447     0.9857  0.0553     0.0143     0.5754         0.6006
    114   3.00     5.45  0.9500     0.9856  0.0500     0.0144     0.5181         0.5425
    115   2.99     5.25  0.9427     0.9872  0.0573     0.0128     0.4993         0.5260
    116   3.00     5.39  0.9430     0.9861  0.0570     0.0139     0.5595         0.5883
    117   2.97     5.31  0.9417     0.9846  0.0583     0.0154     0.5369         0.5640
    118   2.95     5.20  0.9383     0.9854  0.0617     0.0146     0.5356         0.5675
    119   2.99     5.32  0.9437     0.9868  0.0563     0.0132     0.5192         0.5483
    120   3.00     5.47  0.9466     0.9861  0.0534     0.0139     0.5290         0.5567
    121   3.03     5.69  0.9516     0.9867  0.0484     0.0133     0.5468         0.5666
    122   3.03     5.73  0.9526     0.9873  0.0474     0.0127     0.5304         0.5518
    123   3.01     5.46  0.9463     0.9863  0.0537     0.0137     0.5252         0.5501
    124   3.00     5.40  0.9485     0.9869  0.0515     0.0131     0.4613         0.4870
    125   3.02     5.47  0.9512     0.9861  0.0488     0.0139     0.4237         0.4460
    126   2.99     5.44  0.9477     0.9858  0.0523     0.0142     0.4801         0.5063
    127   2.99     5.35  0.9429     0.9854  0.0571     0.0146     0.5019         0.5281
    128   3.01     5.41  0.9510     0.9864  0.0490     0.0136     0.5047         0.5327
    129   2.99     5.57  0.9501     0.9861  0.0499     0.0139     0.5568         0.5811
    130   2.99     5.45  0.9501     0.9856  0.0499     0.0144     0.5419         0.5685
    131   2.99     5.36  0.9448     0.9850  0.0552     0.0150     0.5567         0.5819
    132   2.99     5.41  0.9476     0.9859  0.0524     0.0141     0.5837         0.6074
    133   2.97     5.27  0.9427     0.9843  0.0573     0.0157     0.6005         0.6326
    134   3.00     5.38  0.9477     0.9862  0.0523     0.0138     0.6214         0.6471
    135   2.98     5.38  0.9443     0.9857  0.0557     0.0143     0.6006         0.6268
    136   3.03     5.53  0.9523     0.9852  0.0477     0.0148     0.6103         0.6348
    137   2.99     5.50  0.9487     0.9846  0.0513     0.0154     0.5864         0.6147
    138   2.99     5.41  0.9452     0.9861  0.0548     0.0139     0.6199         0.6457
    139   2.98     5.45  0.9444     0.9863  0.0556     0.0137     0.6070         0.6331
    140   3.00     5.42  0.9495     0.9857  0.0505     0.0143     0.6195         0.6483
    141   3.02     5.40  0.9476     0.9869  0.0524     0.0131     0.6068         0.6331
    142   3.00     5.40  0.9459     0.9857  0.0541     0.0143     0.6041         0.6309
    143   3.02     5.48  0.9515     0.9861  0.0485     0.0139     0.6175         0.6453
    144   2.96     5.21  0.9393     0.9827  0.0607     0.0173     0.6084         0.6376
    145   3.01     5.44  0.9490     0.9861  0.0510     0.0139     0.5895         0.6161
    146   3.00     5.31  0.9456     0.9859  0.0544     0.0141     0.6285         0.6573
    147   2.99     5.31  0.9470     0.9866  0.0530     0.0134     0.6136         0.6406
    148   2.99     5.28  0.9429     0.9868  0.0571     0.0132     0.5942         0.6225
    149   3.02     5.50  0.9520     0.9864  0.0480     0.0136     0.5923         0.6199
    150   2.97     5.30  0.9401     0.9859  0.0599     0.0141     0.5914         0.6204
    151   2.98     5.22  0.9436     0.9863  0.0564     0.0137     0.6240         0.6550
    152   2.98     5.24  0.9419     0.9856  0.0581     0.0144     0.5928         0.6207
    153   3.01     5.32  0.9476     0.9857  0.0524     0.0143     0.5706         0.5960
    154   3.01     5.38  0.9473     0.9862  0.0527     0.0138     0.5584         0.5842
    155   2.97     5.26  0.9386     0.9858  0.0614     0.0142     0.5965         0.6246
    156   2.99     5.30  0.9446     0.9865  0.0554     0.0135     0.5750         0.6037
    157   2.98     5.31  0.9434     0.9856  0.0566     0.0144     0.5803         0.6101
    158   3.02     5.41  0.9494     0.9865  0.0506     0.0135     0.5594         0.5851
    159   3.01     5.48  0.9483     0.9858  0.0517     0.0142     0.5721         0.5996
    160   3.00     5.37  0.9481     0.9849  0.0519     0.0151     0.5663         0.5919
    161   2.99     5.34  0.9420     0.9855  0.0580     0.0145     0.5702         0.5981
    162   2.99     5.30  0.9443     0.9858  0.0557     0.0142     0.5786         0.6066
    163   2.99     5.34  0.9421     0.9855  0.0579     0.0145     0.5802         0.6053
    164   2.99     5.35  0.9435     0.9851  0.0565     0.0149     0.5600         0.5848
    165   3.00     5.37  0.9441     0.9856  0.0559     0.0144     0.5813         0.6034
    166   2.97     5.25  0.9416     0.9853  0.0584     0.0147     0.5814         0.6150
    167   3.01     5.35  0.9447     0.9850  0.0553     0.0150     0.5702         0.5985
    168   3.00     5.44  0.9477     0.9861  0.0523     0.0139     0.5790         0.6095
    169   3.00     5.29  0.9460     0.9860  0.0540     0.0140     0.6120         0.6413
    170   2.99     5.36  0.9466     0.9857  0.0534     0.0143     0.5990         0.6277
    171   2.98     5.27  0.9440     0.9844  0.0560     0.0156     0.6005         0.6272
    172   2.97     5.26  0.9398     0.9849  0.0602     0.0151     0.5928         0.6257
    173   2.98     5.27  0.9436     0.9855  0.0564     0.0145     0.5929         0.6235
    174   2.98     5.27  0.9415     0.9852  0.0585     0.0148     0.5763         0.6011
    175   2.99     5.37  0.9467     0.9859  0.0533     0.0141     0.5592         0.5872
    176   2.99     5.40  0.9441     0.9847  0.0559     0.0153     0.5507         0.5727
    177   3.00     5.38  0.9501     0.9848  0.0499     0.0152     0.5668         0.5942
    178   2.98     5.43  0.9448     0.9851  0.0552     0.0149     0.5568         0.5839
    179   3.00     5.38  0.9456     0.9849  0.0544     0.0151     0.5617         0.5875
    180   3.00     5.32  0.9440     0.9853  0.0560     0.0147     0.5595         0.5857
    181   3.00     5.33  0.9470     0.9855  0.0530     0.0145     0.5472         0.5752
    182   3.00     5.27  0.9465     0.9859  0.0535     0.0141     0.5446         0.5721
    183   3.01     5.35  0.9496     0.9857  0.0504     0.0143     0.5048         0.5339
    184   2.99     5.34  0.9466     0.9866  0.0534     0.0134     0.5446         0.5681
    185   3.00     5.45  0.9462     0.9861  0.0538     0.0139     0.5519         0.5741
    186   3.01     5.41  0.9480     0.9865  0.0520     0.0135     0.5170         0.5431
    187   3.00     5.42  0.9459     0.9854  0.0541     0.0146     0.5096         0.5359
    188   3.01     5.39  0.9481     0.9859  0.0519     0.0141     0.5146         0.5416
    189   3.00     5.36  0.9474     0.9850  0.0526     0.0150     0.5122         0.5354
    190   3.00     5.47  0.9439     0.9860  0.0561     0.0140     0.5214         0.5454
    191   3.00     5.34  0.9440     0.9858  0.0560     0.0142     0.5372         0.5638
    192   3.01     5.30  0.9447     0.9859  0.0553     0.0141     0.5472         0.5727
    193   2.99     5.34  0.9485     0.9853  0.0515     0.0147     0.5378         0.5666
    194   3.01     5.44  0.9477     0.9858  0.0523     0.0142     0.5522         0.5795
    195   3.01     5.36  0.9474     0.9864  0.0526     0.0136     0.5578         0.5830
    196   3.00     5.33  0.9467     0.9857  0.0533     0.0143     0.5606         0.5851
    197   3.00     5.39  0.9446     0.9859  0.0554     0.0141     0.5651         0.5916
    198   3.00     5.33  0.9453     0.9862  0.0547     0.0138     0.5696         0.5986
    199   3.00     5.29  0.9439     0.9853  0.0561     0.0147     0.5958         0.6244
    200   2.99     5.31  0.9442     0.9856  0.0558     0.0144     0.5987         0.6269
    201   3.02     5.40  0.9491     0.9858  0.0509     0.0142     0.5764         0.5976
    202   2.99     5.35  0.9435     0.9857  0.0565     0.0143     0.5786         0.6092
    203   3.00     5.35  0.9438     0.9853  0.0562     0.0147     0.5877         0.6140
    204   3.01     5.36  0.9477     0.9859  0.0523     0.0141     0.5737         0.6044
    205   3.00     5.35  0.9447     0.9858  0.0553     0.0142     0.6018         0.6303
    206   3.00     5.38  0.9454     0.9859  0.0546     0.0141     0.5891         0.6208
    207   3.00     5.37  0.9460     0.9854  0.0540     0.0146     0.5717         0.5980
    208   3.00     5.34  0.9449     0.9867  0.0551     0.0133     0.5753         0.6029
    209   3.00     5.41  0.9453     0.9857  0.0547     0.0143     0.5649         0.5877
    210   3.01     5.34  0.9470     0.9858  0.0530     0.0142     0.5689         0.6011
    211   3.01     5.36  0.9480     0.9863  0.0520     0.0137     0.5796         0.6097
    212   3.00     5.37  0.9481     0.9863  0.0519     0.0137     0.5632         0.5922
    213   3.02     5.41  0.9495     0.9862  0.0505     0.0138     0.5547         0.5772
    214   3.00     5.36  0.9465     0.9868  0.0535     0.0132     0.5398         0.5666
    215   3.00     5.30  0.9462     0.9865  0.0538     0.0135     0.5639         0.5919
    216   3.00     5.34  0.9474     0.9859  0.0526     0.0141     0.6006         0.6286
    217   3.00     5.27  0.9481     0.9857  0.0519     0.0143     0.5855         0.6161
    218   3.02     5.36  0.9474     0.9855  0.0526     0.0145     0.5885         0.6172
    219   3.02     5.35  0.9496     0.9862  0.0504     0.0138     0.6058         0.6318
    220   2.99     5.27  0.9421     0.9860  0.0579     0.0140     0.6010         0.6302
    221   3.00     5.34  0.9440     0.9858  0.0560     0.0142     0.6084         0.6386
    222   3.01     5.42  0.9480     0.9854  0.0520     0.0146     0.5915         0.6217
    223   3.03     5.45  0.9496     0.9859  0.0504     0.0141     0.5934         0.6227
    224   3.02     5.33  0.9486     0.9863  0.0514     0.0137     0.6039         0.6335
    225   3.00     5.35  0.9481     0.9862  0.0519     0.0138     0.5735         0.6045
    226   2.99     5.30  0.9448     0.9861  0.0552     0.0139     0.5708         0.6012
    227   3.01     5.31  0.9493     0.9864  0.0507     0.0136     0.5732         0.6034
    228   3.02     5.36  0.9506     0.9858  0.0494     0.0142     0.5965         0.6226
    229   3.02     5.33  0.9497     0.9861  0.0503     0.0139     0.5928         0.6210
    230   3.00     5.32  0.9444     0.9864  0.0556     0.0136     0.6052         0.6331
    231   3.01     5.36  0.9483     0.9867  0.0517     0.0133     0.5920         0.6148
    232   3.01     5.32  0.9496     0.9866  0.0504     0.0134     0.5889         0.6171
    233   3.00     5.35  0.9473     0.9854  0.0527     0.0146     0.5895         0.6196
    234   3.00     5.42  0.9462     0.9864  0.0538     0.0136     0.5901         0.6137
    235   2.99     5.28  0.9454     0.9865  0.0546     0.0135     0.5882         0.6180
    236   3.00     5.37  0.9461     0.9861  0.0539     0.0139     0.5565         0.5843
    237   3.01     5.38  0.9467     0.9861  0.0533     0.0139     0.5392         0.5685
    238   2.99     5.29  0.9449     0.9860  0.0551     0.0140     0.5433         0.5710
    239   3.02     5.47  0.9507     0.9862  0.0493     0.0138     0.5529         0.5774
    240   3.00     5.36  0.9481     0.9863  0.0519     0.0137     0.5680         0.5931
    241   3.00     5.33  0.9485     0.9864  0.0515     0.0136     0.5714         0.5958
    242   2.99     5.29  0.9446     0.9863  0.0554     0.0137     0.5655         0.5903
    243   3.00     5.37  0.9465     0.9864  0.0535     0.0136     0.5701         0.5914
    244   3.02     5.37  0.9481     0.9860  0.0519     0.0140     0.5873         0.6138
    245   2.99     5.40  0.9450     0.9865  0.0550     0.0135     0.5932         0.6197
    246   2.99     5.33  0.9432     0.9860  0.0568     0.0140     0.5766         0.6035
    247   2.99     5.28  0.9429     0.9858  0.0571     0.0142     0.5939         0.6175
    248   3.01     5.36  0.9457     0.9861  0.0543     0.0139     0.5880         0.6144
    249   3.01     5.33  0.9475     0.9860  0.0525     0.0140     0.5953         0.6207
    250   2.99     5.26  0.9431     0.9858  0.0569     0.0142     0.5794         0.6070
    251   3.01     5.42  0.9489     0.9861  0.0511     0.0139     0.5793         0.6077
    252   3.01     5.34  0.9489     0.9857  0.0511     0.0143     0.5657         0.5935
    253   3.00     5.35  0.9459     0.9860  0.0541     0.0140     0.5711         0.5973
    254   2.99     5.31  0.9433     0.9862  0.0567     0.0138     0.5708         0.6009
    255   3.00     5.30  0.9467     0.9858  0.0533     0.0142     0.5709         0.5974
    256   2.99     5.36  0.9434     0.9864  0.0566     0.0136     0.5786         0.6034
    257   3.01     5.36  0.9479     0.9864  0.0521     0.0136     0.5836         0.6081
    258   3.01     5.36  0.9469     0.9860  0.0531     0.0140     0.5761         0.6048
    259   2.99     5.30  0.9448     0.9860  0.0552     0.0140     0.5848         0.6100
    260   3.01     5.35  0.9475     0.9864  0.0525     0.0136     0.5674         0.5887
    261   3.01     5.34  0.9455     0.9863  0.0545     0.0137     0.5860         0.6122
    262   3.00     5.37  0.9515     0.9862  0.0485     0.0138     0.5804         0.6073
    263   3.00     5.39  0.9473     0.9865  0.0527     0.0135     0.5829         0.6109
    264   3.00     5.31  0.9446     0.9860  0.0554     0.0140     0.5901         0.6158
    265   3.00     5.35  0.9465     0.9862  0.0535     0.0138     0.5891         0.6185
    266   3.00     5.32  0.9465     0.9866  0.0535     0.0134     0.5819         0.6104
    267   2.99     5.33  0.9456     0.9861  0.0544     0.0139     0.5938         0.6222
    268   2.99     5.34  0.9497     0.9866  0.0503     0.0134     0.5880         0.6153
    269   3.01     5.39  0.9484     0.9863  0.0516     0.0137     0.6041         0.6321
    270   3.00     5.39  0.9513     0.9867  0.0487     0.0133     0.6093         0.6313
    271   3.02     5.39  0.9494     0.9862  0.0506     0.0138     0.6220         0.6515
    272   3.01     5.31  0.9445     0.9867  0.0555     0.0133     0.6205         0.6502
    273   2.99     5.37  0.9458     0.9860  0.0542     0.0140     0.6121         0.6402
    274   2.99     5.28  0.9476     0.9856  0.0524     0.0144     0.6128         0.6409
    275   3.02     5.33  0.9515     0.9859  0.0485     0.0141     0.6212         0.6537
    276   3.01     5.35  0.9481     0.9856  0.0519     0.0144     0.6127         0.6387
    277   3.00     5.35  0.9478     0.9860  0.0522     0.0140     0.6162         0.6438
    278   2.99     5.32  0.9441     0.9856  0.0559     0.0144     0.6115         0.6415
    279   3.01     5.39  0.9486     0.9865  0.0514     0.0135     0.6214         0.6444
    280   3.00     5.28  0.9459     0.9859  0.0541     0.0141     0.6160         0.6486
    281   3.00     5.34  0.9440     0.9870  0.0560     0.0130     0.6224         0.6513
    282   3.02     5.40  0.9523     0.9867  0.0477     0.0133     0.6144         0.6393
    283   3.01     5.33  0.9474     0.9869  0.0526     0.0131     0.6113         0.6402
    284   3.01     5.31  0.9488     0.9865  0.0512     0.0135     0.6161         0.6446
    285   3.01     5.37  0.9469     0.9861  0.0531     0.0139     0.6204         0.6492
    286   2.99     5.35  0.9432     0.9866  0.0568     0.0134     0.6251         0.6521
    287   2.99     5.32  0.9431     0.9859  0.0569     0.0141     0.6194         0.6454
    288   2.99     5.27  0.9459     0.9862  0.0541     0.0138     0.6148         0.6471
    289   3.02     5.36  0.9487     0.9861  0.0513     0.0139     0.6221         0.6463
    290   2.99     5.33  0.9445     0.9858  0.0555     0.0142     0.6191         0.6489
    291   3.00     5.32  0.9449     0.9859  0.0551     0.0141     0.6276         0.6591
    292   3.00     5.31  0.9469     0.9853  0.0531     0.0147     0.6279         0.6579
    293   3.00     5.33  0.9468     0.9861  0.0532     0.0139     0.6309         0.6619
    294   3.01     5.34  0.9467     0.9860  0.0533     0.0140     0.6358         0.6636
    295   3.01     5.35  0.9490     0.9866  0.0510     0.0134     0.6280         0.6570
    296   3.01     5.35  0.9499     0.9862  0.0501     0.0138     0.6348         0.6631
    297   3.01     5.32  0.9471     0.9856  0.0529     0.0144     0.6267         0.6552
    298   3.00     5.35  0.9470     0.9864  0.0530     0.0136     0.6268         0.6545
    299   3.00     5.31  0.9438     0.9862  0.0562     0.0138     0.6114         0.6389
    300   3.00     5.34  0.9479     0.9861  0.0521     0.0139     0.6060         0.6337
The log/output/model have been saved to: ./logs/train.py-multi_zetas300_False_False_True_0.1_0.1_0.1-twf-04-23-19:49 + .csv/.out/.cpt
