  epoch    IZY    IXZ_1    IZ_1Z_2     acc    avg_acc     err    avg_err    adv_acc    avg_adv_acc
-------  -----  -------  ---------  ------  ---------  ------  ---------  ---------  -------------
      1   3.11  1294.98     658.03  0.9556     0.9555  0.0444     0.0445     0.0195         0.0195
      2   3.14  1280.13     676.54  0.9591     0.9591  0.0409     0.0409     0.0251         0.0251
      3   3.15  1272.34     671.52  0.9637     0.9632  0.0363     0.0368     0.0154         0.0153
      4   3.21  1260.23     678.54  0.9766     0.9764  0.0234     0.0236     0.0170         0.0170
      5   3.21  1247.30     679.99  0.9755     0.9755  0.0245     0.0245     0.0170         0.0170
      6   3.22  1251.12     696.72  0.9766     0.9766  0.0234     0.0234     0.0307         0.0308
      7   3.21  1260.82     720.41  0.9775     0.9775  0.0225     0.0225     0.0390         0.0389
      8   3.22  1247.28     703.08  0.9783     0.9783  0.0217     0.0217     0.0250         0.0252
      9   3.20  1256.17     729.61  0.9773     0.9772  0.0227     0.0228     0.0550         0.0548
     10   3.19  1252.07     729.04  0.9769     0.9769  0.0231     0.0231     0.0714         0.0712
     11   3.19  1257.06     736.16  0.9764     0.9764  0.0236     0.0236     0.0577         0.0576
     12   3.18  1240.51     713.63  0.9720     0.9720  0.0280     0.0280     0.0408         0.0407
     13   3.20  1255.22     754.95  0.9803     0.9803  0.0197     0.0197     0.0939         0.0940
     14   3.18  1250.08     748.42  0.9768     0.9770  0.0232     0.0230     0.0589         0.0589
     15   3.20  1249.46     753.12  0.9809     0.9808  0.0191     0.0192     0.0808         0.0810
     16   3.21  1238.81     745.33  0.9813     0.9813  0.0187     0.0187     0.0672         0.0673
     17   3.21  1245.24     754.58  0.9812     0.9811  0.0188     0.0189     0.0966         0.0966
     18   3.21  1235.04     734.89  0.9799     0.9799  0.0201     0.0201     0.0914         0.0916
     19   3.22  1244.52     748.77  0.9827     0.9828  0.0173     0.0172     0.0746         0.0742
     20   3.22  1239.92     750.82  0.9830     0.9831  0.0170     0.0169     0.1197         0.1196
     21   3.19  1242.46     742.87  0.9794     0.9793  0.0206     0.0207     0.1439         0.1438
     22   3.19  1244.89     759.73  0.9790     0.9790  0.0210     0.0210     0.1455         0.1450
     23   3.22  1239.31     746.85  0.9848     0.9847  0.0152     0.0153     0.0772         0.0772
     24   3.21  1241.90     746.70  0.9820     0.9820  0.0180     0.0180     0.0611         0.0611
     25   3.21  1253.88     778.47  0.9843     0.9843  0.0157     0.0157     0.1011         0.1014
     26   3.21  1242.27     736.65  0.9814     0.9814  0.0186     0.0186     0.0799         0.0796
     27   3.21  1256.22     782.88  0.9825     0.9826  0.0175     0.0174     0.1246         0.1245
     28   3.21  1250.42     766.67  0.9838     0.9838  0.0162     0.0162     0.1465         0.1462
     29   3.17  1253.77     771.01  0.9773     0.9773  0.0227     0.0227     0.1889         0.1886
     30   3.14  1248.57     746.30  0.9716     0.9718  0.0284     0.0282     0.1645         0.1646
     31   3.21  1261.89     780.42  0.9845     0.9845  0.0155     0.0155     0.1537         0.1540
     32   3.19  1274.16     827.60  0.9834     0.9832  0.0166     0.0168     0.1944         0.1946
     33   3.21  1258.55     774.38  0.9839     0.9841  0.0161     0.0159     0.1710         0.1712
     34   3.20  1243.59     737.55  0.9799     0.9798  0.0201     0.0202     0.1095         0.1095
     35   3.20  1258.42     779.95  0.9836     0.9836  0.0164     0.0164     0.1392         0.1392
     36   3.18  1269.54     794.91  0.9820     0.9821  0.0180     0.0179     0.2474         0.2473
     37   3.21  1270.77     813.26  0.9853     0.9853  0.0147     0.0147     0.1901         0.1900
     38   3.21  1266.52     803.62  0.9835     0.9835  0.0165     0.0165     0.1884         0.1883
     39   3.21  1267.08     779.43  0.9840     0.9840  0.0160     0.0160     0.1809         0.1810
     40   3.18  1265.61     787.93  0.9801     0.9801  0.0199     0.0199     0.1982         0.1982
     41   3.18  1270.74     803.69  0.9812     0.9812  0.0188     0.0188     0.1955         0.1951
     42   3.22  1272.91     802.41  0.9848     0.9848  0.0152     0.0152     0.2009         0.2008
     43   3.20  1276.84     804.63  0.9826     0.9826  0.0174     0.0174     0.2690         0.2693
     44   3.22  1288.92     846.64  0.9872     0.9872  0.0128     0.0128     0.2908         0.2908
     45   3.22  1294.10     867.67  0.9876     0.9876  0.0124     0.0124     0.2881         0.2886
     46   3.22  1299.15     885.02  0.9877     0.9877  0.0123     0.0123     0.2964         0.2968
     47   3.21  1302.80     899.32  0.9878     0.9878  0.0122     0.0122     0.2943         0.2943
     48   3.21  1305.58     912.25  0.9878     0.9878  0.0122     0.0122     0.2872         0.2872
     49   3.21  1307.50     923.12  0.9879     0.9879  0.0121     0.0121     0.2883         0.2877
     50   3.21  1308.40     931.85  0.9879     0.9879  0.0121     0.0121     0.2785         0.2785
     51   3.20  1308.01     937.72  0.9879     0.9879  0.0121     0.0121     0.2767         0.2762
     52   3.20  1305.99     939.68  0.9878     0.9879  0.0122     0.0121     0.2707         0.2711
     53   3.20  1301.92     936.56  0.9879     0.9880  0.0121     0.0120     0.2659         0.2660
     54   3.20  1295.34     926.95  0.9878     0.9879  0.0122     0.0121     0.2632         0.2626
     55   3.19  1285.74     909.36  0.9878     0.9879  0.0122     0.0121     0.2579         0.2579
     56   3.19  1272.43     881.53  0.9878     0.9879  0.0122     0.0121     0.2583         0.2581
     57   3.19  1255.34     843.72  0.9878     0.9878  0.0122     0.0122     0.2567         0.2559
     58   3.19  1233.25     794.87  0.9880     0.9879  0.0120     0.0121     0.2554         0.2557
     59   3.19  1206.83     740.72  0.9878     0.9880  0.0122     0.0120     0.2663         0.2664
     60   3.19  1175.15     685.28  0.9881     0.9880  0.0119     0.0120     0.2843         0.2833
     61   3.19  1139.39     634.20  0.9880     0.9880  0.0120     0.0120     0.3052         0.3047
     62   3.19  1098.97     585.90  0.9879     0.9879  0.0121     0.0121     0.3260         0.3267
     63   3.19  1056.43     544.00  0.9879     0.9881  0.0121     0.0119     0.3484         0.3481
     64   3.19  1010.77     504.77  0.9880     0.9881  0.0120     0.0119     0.3645         0.3642
     65   3.19   964.05     468.94  0.9881     0.9880  0.0119     0.0120     0.3728         0.3727
     66   3.20   915.17     435.08  0.9882     0.9884  0.0118     0.0116     0.3869         0.3860
     67   3.19   865.49     401.73  0.9884     0.9883  0.0116     0.0117     0.3901         0.3887
     68   3.20   811.49     373.32  0.9881     0.9883  0.0119     0.0117     0.3852         0.3862
     69   3.20   753.12     345.90  0.9881     0.9882  0.0119     0.0118     0.3886         0.3888
     70   3.20   684.66     319.69  0.9879     0.9880  0.0121     0.0120     0.3962         0.3970
     71   3.20   602.09     295.00  0.9880     0.9877  0.0120     0.0123     0.4030         0.4037
     72   3.20   498.05     272.11  0.9882     0.9881  0.0118     0.0119     0.3995         0.3982
     73   3.22   585.31     271.50  0.9867     0.9866  0.0133     0.0134     0.1951         0.1957
     74   3.22   566.42     263.97  0.9865     0.9866  0.0135     0.0134     0.2301         0.2296
     75   3.22   572.15     268.49  0.9865     0.9867  0.0135     0.0133     0.2262         0.2258
     76   3.20   562.30     277.84  0.9854     0.9853  0.0146     0.0147     0.2718         0.2721
     77   3.21   555.47     275.29  0.9861     0.9861  0.0139     0.0139     0.2830         0.2826
     78   3.20   604.76     274.57  0.9841     0.9841  0.0159     0.0159     0.2007         0.2013
     79   3.22   584.99     276.11  0.9860     0.9861  0.0140     0.0139     0.2408         0.2416
     80   3.20   568.49     284.29  0.9857     0.9858  0.0143     0.0142     0.2929         0.2930
     81   3.19   564.14     289.10  0.9850     0.9849  0.0150     0.0151     0.2809         0.2814
     82   3.19   559.32     291.46  0.9853     0.9852  0.0147     0.0148     0.3188         0.3196
     83   3.19   555.16     294.42  0.9859     0.9856  0.0141     0.0144     0.3275         0.3275
     84   3.19   551.12     298.36  0.9857     0.9855  0.0143     0.0145     0.3483         0.3501
     85   3.19   547.01     303.58  0.9857     0.9856  0.0143     0.0144     0.3573         0.3574
     86   3.19   542.10     309.07  0.9855     0.9856  0.0145     0.0144     0.3754         0.3771
     87   3.18   536.73     315.79  0.9859     0.9859  0.0141     0.0141     0.3787         0.3784
     88   3.18   530.86     323.25  0.9858     0.9858  0.0142     0.0142     0.3939         0.3964
     89   3.18   524.81     330.93  0.9861     0.9860  0.0139     0.0140     0.4051         0.4083
     90   3.18   518.54     337.14  0.9861     0.9860  0.0139     0.0140     0.4127         0.4128
     91   3.18   512.77     341.70  0.9865     0.9863  0.0135     0.0137     0.4148         0.4180
     92   3.18   506.58     345.59  0.9865     0.9862  0.0135     0.0138     0.4229         0.4242
     93   3.18   500.70     345.23  0.9861     0.9861  0.0139     0.0139     0.4210         0.4230
     94   3.18   494.45     341.87  0.9862     0.9860  0.0138     0.0140     0.4220         0.4235
     95   3.18   486.90     337.58  0.9865     0.9863  0.0135     0.0137     0.4188         0.4222
     96   3.18   478.48     331.84  0.9861     0.9861  0.0139     0.0139     0.4158         0.4172
     97   3.18   468.29     327.47  0.9865     0.9865  0.0135     0.0135     0.4085         0.4094
     98   3.18   456.20     319.33  0.9868     0.9868  0.0132     0.0132     0.4018         0.4015
     99   3.18   441.24     312.57  0.9867     0.9866  0.0133     0.0134     0.4001         0.4021
    100   3.18   424.53     305.16  0.9872     0.9872  0.0128     0.0128     0.4000         0.3994
    101   3.18   406.10     297.92  0.9873     0.9872  0.0127     0.0128     0.3989         0.4023
    102   3.18   383.60     288.87  0.9874     0.9871  0.0126     0.0129     0.4038         0.4075
    103   3.18   361.87     278.83  0.9872     0.9873  0.0128     0.0127     0.4170         0.4208
    104   3.19   337.97     268.56  0.9872     0.9871  0.0128     0.0129     0.4165         0.4222
    105   3.19   317.86     258.73  0.9874     0.9876  0.0126     0.0124     0.4246         0.4273
    106   3.19   304.86     251.51  0.9875     0.9875  0.0125     0.0125     0.4327         0.4372
    107   3.19   368.15     242.05  0.9844     0.9843  0.0156     0.0157     0.2825         0.2848
    108   3.20   366.01     241.17  0.9863     0.9863  0.0137     0.0137     0.3054         0.3067
    109   3.20   365.98     241.61  0.9867     0.9867  0.0133     0.0133     0.3164         0.3170
    110   3.20   363.79     242.37  0.9868     0.9868  0.0132     0.0132     0.3262         0.3297
    111   3.20   361.69     243.03  0.9871     0.9870  0.0129     0.0130     0.3301         0.3308
    112   3.20   359.16     243.92  0.9872     0.9871  0.0128     0.0129     0.3377         0.3403
    113   3.20   356.56     245.08  0.9870     0.9870  0.0130     0.0130     0.3463         0.3494
    114   3.20   353.66     246.48  0.9874     0.9876  0.0126     0.0124     0.3545         0.3579
    115   3.19   350.66     248.45  0.9873     0.9871  0.0127     0.0129     0.3680         0.3710
    116   3.19   347.46     250.68  0.9876     0.9875  0.0124     0.0125     0.3810         0.3835
    117   3.19   344.20     253.72  0.9870     0.9868  0.0130     0.0132     0.3873         0.3891
    118   3.19   341.47     256.33  0.9874     0.9872  0.0126     0.0128     0.3972         0.4004
    119   3.19   338.13     259.57  0.9869     0.9872  0.0131     0.0128     0.4172         0.4220
    120   3.18   334.96     263.09  0.9871     0.9869  0.0129     0.0131     0.4240         0.4292
    121   3.18   331.39     266.77  0.9871     0.9872  0.0129     0.0128     0.4319         0.4354
    122   3.18   330.40     268.11  0.9872     0.9871  0.0128     0.0129     0.4356         0.4413
    123   3.18   327.14     270.50  0.9871     0.9873  0.0129     0.0127     0.4387         0.4421
    124   3.18   327.13     267.20  0.9871     0.9872  0.0129     0.0128     0.4354         0.4413
    125   3.18   323.75     270.35  0.9875     0.9875  0.0125     0.0125     0.4495         0.4535
    126   3.18   320.70     269.25  0.9868     0.9870  0.0132     0.0130     0.4422         0.4470
    127   3.18   317.41     267.54  0.9871     0.9868  0.0129     0.0132     0.4433         0.4523
    128   3.18   313.39     264.14  0.9871     0.9870  0.0129     0.0130     0.4505         0.4568
    129   3.18   308.60     260.50  0.9874     0.9873  0.0126     0.0127     0.4425         0.4480
    130   3.18   302.48     255.93  0.9878     0.9877  0.0122     0.0123     0.4457         0.4523
    131   3.18   296.96     250.15  0.9874     0.9875  0.0126     0.0125     0.4498         0.4544
    132   3.18   288.22     246.10  0.9873     0.9875  0.0127     0.0125     0.4515         0.4597
    133   3.16   289.55     273.67  0.9855     0.9854  0.0145     0.0146     0.4600         0.4683
    134   3.17   319.36     245.81  0.9851     0.9852  0.0149     0.0148     0.3922         0.3948
    135   3.17   319.09     246.07  0.9856     0.9857  0.0144     0.0143     0.3966         0.3995
    136   3.17   318.21     246.22  0.9860     0.9863  0.0140     0.0137     0.3986         0.4024
    137   3.17   317.28     246.88  0.9863     0.9867  0.0137     0.0133     0.4076         0.4110
    138   3.17   316.60     247.58  0.9866     0.9864  0.0134     0.0136     0.4032         0.4079
    139   3.18   315.54     248.73  0.9870     0.9870  0.0130     0.0130     0.4148         0.4198
    140   3.17   314.44     250.60  0.9869     0.9865  0.0131     0.0135     0.4246         0.4288
    141   3.17   313.28     250.52  0.9864     0.9867  0.0136     0.0133     0.4247         0.4287
    142   3.17   312.03     252.15  0.9866     0.9865  0.0134     0.0135     0.4280         0.4339
    143   3.17   310.75     252.47  0.9859     0.9860  0.0141     0.0140     0.4315         0.4382
    144   3.17   310.52     253.47  0.9865     0.9864  0.0135     0.0136     0.4327         0.4385
    145   3.17   309.37     253.45  0.9863     0.9863  0.0137     0.0137     0.4325         0.4365
    146   3.17   309.30     252.95  0.9868     0.9869  0.0132     0.0131     0.4370         0.4428
    147   3.17   307.32     254.02  0.9862     0.9863  0.0138     0.0137     0.4453         0.4510
    148   3.18   305.25     253.89  0.9870     0.9869  0.0130     0.0131     0.4441         0.4516
    149   3.17   303.09     253.20  0.9863     0.9862  0.0137     0.0138     0.4474         0.4519
    150   3.18   300.95     251.62  0.9866     0.9867  0.0134     0.0133     0.4451         0.4510
    151   3.17   298.50     250.81  0.9872     0.9871  0.0128     0.0129     0.4454         0.4528
    152   3.18   295.29     248.52  0.9869     0.9870  0.0131     0.0130     0.4480         0.4539
    153   3.18   291.80     245.98  0.9868     0.9871  0.0132     0.0129     0.4423         0.4494
    154   3.18   288.13     243.23  0.9874     0.9873  0.0126     0.0127     0.4465         0.4544
    155   3.18   283.45     240.82  0.9874     0.9871  0.0126     0.0129     0.4485         0.4557
    156   3.18   278.88     236.24  0.9875     0.9875  0.0125     0.0125     0.4535         0.4643
    157   3.18   276.51     233.65  0.9877     0.9877  0.0123     0.0123     0.4686         0.4756
    158   3.18   270.17     228.48  0.9874     0.9875  0.0126     0.0125     0.4681         0.4778
    159   3.18   260.24     223.98  0.9871     0.9872  0.0129     0.0128     0.4716         0.4852
    160   3.18   254.92     218.77  0.9871     0.9868  0.0129     0.0132     0.4862         0.4961
    161   3.17   266.96     214.45  0.9855     0.9853  0.0145     0.0147     0.4150         0.4259
    162   3.18   260.24     221.74  0.9876     0.9874  0.0124     0.0126     0.4923         0.5043
    163   3.18   258.92     219.15  0.9875     0.9874  0.0125     0.0126     0.4888         0.5024
    164   3.19   257.84     218.48  0.9874     0.9872  0.0126     0.0128     0.4894         0.5002
    165   3.18   257.55     217.10  0.9874     0.9873  0.0126     0.0127     0.4949         0.5099
    166   3.19   256.36     215.24  0.9877     0.9879  0.0123     0.0121     0.4905         0.5020
    167   3.19   255.63     214.60  0.9873     0.9872  0.0127     0.0128     0.4910         0.5051
    168   3.19   252.82     213.55  0.9881     0.9879  0.0119     0.0121     0.4918         0.5061
    169   3.19   250.23     212.13  0.9876     0.9877  0.0124     0.0123     0.4871         0.5024
    170   3.19   251.75     208.75  0.9873     0.9875  0.0127     0.0125     0.4748         0.4877
    171   3.19   248.53     208.23  0.9874     0.9877  0.0126     0.0123     0.4851         0.5001
    172   3.18   245.41     207.80  0.9875     0.9875  0.0125     0.0125     0.4841         0.5000
    173   3.18   242.63     205.65  0.9875     0.9880  0.0125     0.0120     0.4848         0.4991
    174   3.18   243.22     203.82  0.9872     0.9870  0.0128     0.0130     0.4947         0.5087
    175   3.19   238.57     202.53  0.9873     0.9874  0.0127     0.0126     0.4926         0.5094
    176   3.18   237.40     201.02  0.9875     0.9873  0.0125     0.0127     0.4925         0.5109
    177   3.19   236.07     199.80  0.9877     0.9875  0.0123     0.0125     0.4884         0.5068
    178   3.19   233.23     198.36  0.9874     0.9872  0.0126     0.0128     0.5007         0.5187
    179   3.19   231.10     196.25  0.9876     0.9875  0.0124     0.0125     0.4979         0.5160
    180   3.19   227.20     194.86  0.9876     0.9877  0.0124     0.0123     0.5044         0.5234
    181   3.19   227.75     191.83  0.9871     0.9874  0.0129     0.0126     0.4999         0.5184
    182   3.19   226.75     189.62  0.9876     0.9875  0.0124     0.0125     0.4861         0.5098
    183   3.19   221.29     189.25  0.9872     0.9871  0.0128     0.0129     0.4952         0.5181
    184   3.19   215.77     185.95  0.9872     0.9870  0.0128     0.0130     0.4993         0.5253
    185   3.19   216.50     184.47  0.9877     0.9877  0.0123     0.0123     0.5013         0.5247
    186   3.19   212.93     182.97  0.9883     0.9883  0.0117     0.0117     0.4980         0.5263
    187   3.19   213.79     182.45  0.9877     0.9876  0.0123     0.0124     0.5014         0.5275
    188   3.19   215.76     180.46  0.9878     0.9871  0.0122     0.0129     0.4989         0.5248
    189   3.19   207.76     179.67  0.9877     0.9875  0.0123     0.0125     0.5055         0.5322
    190   3.19   204.45     177.31  0.9875     0.9869  0.0125     0.0131     0.5163         0.5444
    191   3.19   199.70     176.05  0.9875     0.9874  0.0125     0.0126     0.5117         0.5421
    192   3.18   198.10     183.97  0.9866     0.9865  0.0134     0.0135     0.5218         0.5600
    193   3.19   213.57     177.20  0.9877     0.9879  0.0123     0.0121     0.4804         0.5002
    194   3.18   215.02     175.49  0.9872     0.9872  0.0128     0.0128     0.5075         0.5300
    195   3.18   213.31     175.26  0.9866     0.9867  0.0134     0.0133     0.5030         0.5260
    196   3.19   213.10     174.72  0.9873     0.9872  0.0127     0.0128     0.5165         0.5421
    197   3.18   211.29     174.56  0.9868     0.9868  0.0132     0.0132     0.5046         0.5287
    198   3.18   210.66     174.37  0.9868     0.9868  0.0132     0.0132     0.5058         0.5324
    199   3.18   207.88     174.44  0.9868     0.9872  0.0132     0.0128     0.5149         0.5402
    200   3.18   206.35     174.45  0.9869     0.9868  0.0131     0.0132     0.5145         0.5417
    201   3.18   206.08     173.80  0.9869     0.9871  0.0131     0.0129     0.5203         0.5482
    202   3.18   205.20     173.18  0.9872     0.9869  0.0128     0.0131     0.5102         0.5400
    203   3.18   202.90     173.08  0.9873     0.9870  0.0127     0.0130     0.5217         0.5467
    204   3.19   201.04     172.37  0.9876     0.9875  0.0124     0.0125     0.5120         0.5439
    205   3.18   200.24     171.75  0.9866     0.9871  0.0134     0.0129     0.5157         0.5424
    206   3.18   199.40     170.74  0.9870     0.9873  0.0130     0.0127     0.5154         0.5451
    207   3.18   198.07     170.51  0.9869     0.9870  0.0131     0.0130     0.5194         0.5459
    208   3.18   199.74     169.13  0.9873     0.9872  0.0127     0.0128     0.5115         0.5409
    209   3.19   197.15     169.35  0.9868     0.9870  0.0132     0.0130     0.5212         0.5507
    210   3.19   199.81     167.80  0.9872     0.9871  0.0128     0.0129     0.5059         0.5333
    211   3.18   197.00     168.29  0.9873     0.9874  0.0127     0.0126     0.5127         0.5430
    212   3.18   193.35     167.58  0.9871     0.9869  0.0129     0.0131     0.5195         0.5522
    213   3.18   192.34     166.49  0.9872     0.9871  0.0128     0.0129     0.5130         0.5442
    214   3.19   193.76     165.26  0.9871     0.9868  0.0129     0.0132     0.5163         0.5434
    215   3.19   193.92     164.97  0.9867     0.9867  0.0133     0.0133     0.5139         0.5456
    216   3.18   190.05     165.40  0.9868     0.9870  0.0132     0.0130     0.5177         0.5506
    217   3.18   188.22     164.26  0.9869     0.9869  0.0131     0.0131     0.5239         0.5573
    218   3.18   191.64     162.90  0.9872     0.9872  0.0128     0.0128     0.5150         0.5474
    219   3.18   185.76     162.82  0.9872     0.9872  0.0128     0.0128     0.5261         0.5606
    220   3.18   184.51     161.12  0.9874     0.9874  0.0126     0.0126     0.5260         0.5626
    221   3.19   180.83     160.12  0.9874     0.9874  0.0126     0.0126     0.5216         0.5610
    222   3.19   186.29     157.60  0.9875     0.9878  0.0125     0.0122     0.5013         0.5376
    223   3.19   183.96     158.63  0.9874     0.9875  0.0126     0.0125     0.5176         0.5531
    224   3.19   187.08     157.53  0.9870     0.9868  0.0130     0.0132     0.5129         0.5433
    225   3.18   179.07     157.92  0.9870     0.9870  0.0130     0.0130     0.5139         0.5576
    226   3.19   189.11     155.38  0.9879     0.9877  0.0121     0.0123     0.4999         0.5299
    227   3.19   180.27     157.02  0.9881     0.9879  0.0119     0.0121     0.5220         0.5568
    228   3.19   183.08     155.08  0.9879     0.9883  0.0121     0.0117     0.5053         0.5361
    229   3.18   180.94     156.07  0.9874     0.9871  0.0126     0.0129     0.5050         0.5443
    230   3.19   180.74     155.12  0.9870     0.9871  0.0130     0.0129     0.5214         0.5567
    231   3.18   175.95     155.11  0.9870     0.9872  0.0130     0.0128     0.5144         0.5569
    232   3.19   172.38     154.05  0.9873     0.9874  0.0127     0.0126     0.5215         0.5647
    233   3.18   171.06     153.80  0.9868     0.9864  0.0132     0.0136     0.5178         0.5564
    234   3.19   170.94     152.52  0.9874     0.9874  0.0126     0.0126     0.5128         0.5513
    235   3.18   171.83     151.71  0.9877     0.9876  0.0123     0.0124     0.5161         0.5617
    236   3.18   169.76     150.85  0.9884     0.9881  0.0116     0.0119     0.5203         0.5614
    237   3.18   167.28     150.72  0.9869     0.9868  0.0131     0.0132     0.5247         0.5696
    238   3.18   166.00     150.38  0.9870     0.9871  0.0130     0.0129     0.5244         0.5642
    239   3.18   166.67     148.98  0.9873     0.9875  0.0127     0.0125     0.5221         0.5640
    240   3.18   166.60     148.12  0.9872     0.9870  0.0128     0.0130     0.5195         0.5625
    241   3.18   163.89     147.77  0.9870     0.9869  0.0130     0.0131     0.5156         0.5595
    242   3.19   162.86     147.55  0.9879     0.9876  0.0121     0.0124     0.5197         0.5641
    243   3.19   165.62     145.68  0.9874     0.9875  0.0126     0.0125     0.5255         0.5695
    244   3.18   162.80     145.92  0.9873     0.9872  0.0127     0.0128     0.5278         0.5749
    245   3.18   164.68     145.08  0.9871     0.9873  0.0129     0.0127     0.5191         0.5598
    246   3.19   166.14     144.06  0.9877     0.9879  0.0123     0.0121     0.5138         0.5535
    247   3.18   161.65     144.45  0.9874     0.9874  0.0126     0.0126     0.5272         0.5687
    248   3.18   160.97     143.84  0.9871     0.9868  0.0129     0.0132     0.5167         0.5618
    249   3.18   161.15     143.79  0.9864     0.9867  0.0136     0.0133     0.5285         0.5741
    250   3.19   159.30     142.95  0.9874     0.9878  0.0126     0.0122     0.5248         0.5734
    251   3.19   166.18     141.59  0.9874     0.9875  0.0126     0.0125     0.4976         0.5357
    252   3.18   159.53     142.20  0.9876     0.9877  0.0124     0.0123     0.5157         0.5589
    253   3.18   158.60     142.05  0.9871     0.9872  0.0129     0.0128     0.5265         0.5704
    254   3.19   158.79     141.20  0.9873     0.9873  0.0127     0.0127     0.5226         0.5639
    255   3.19   159.24     141.56  0.9882     0.9877  0.0118     0.0123     0.5223         0.5673
    256   3.18   159.14     141.58  0.9869     0.9870  0.0131     0.0130     0.5201         0.5682
    257   3.18   156.59     141.62  0.9870     0.9872  0.0130     0.0128     0.5179         0.5673
    258   3.18   156.36     140.83  0.9875     0.9874  0.0125     0.0126     0.5205         0.5643
    259   3.18   154.99     140.74  0.9874     0.9876  0.0126     0.0124     0.5236         0.5695
    260   3.19   155.62     140.05  0.9876     0.9875  0.0124     0.0125     0.5259         0.5678
    261   3.19   160.09     139.09  0.9876     0.9878  0.0124     0.0122     0.5102         0.5494
    262   3.18   154.61     139.87  0.9871     0.9872  0.0129     0.0128     0.5231         0.5678
    263   3.19   157.08     139.23  0.9878     0.9880  0.0122     0.0120     0.5204         0.5616
    264   3.18   157.63     139.05  0.9874     0.9874  0.0126     0.0126     0.5143         0.5602
    265   3.19   154.43     139.85  0.9875     0.9871  0.0125     0.0129     0.5222         0.5715
    266   3.19   153.79     139.71  0.9877     0.9876  0.0123     0.0124     0.5201         0.5673
    267   3.18   153.36     139.34  0.9869     0.9873  0.0131     0.0127     0.5217         0.5715
    268   3.19   154.82     138.88  0.9878     0.9879  0.0122     0.0121     0.5142         0.5612
    269   3.19   154.73     138.69  0.9876     0.9880  0.0124     0.0120     0.5203         0.5687
    270   3.19   152.27     139.31  0.9876     0.9876  0.0124     0.0124     0.5255         0.5735
    271   3.18   153.04     138.31  0.9877     0.9876  0.0123     0.0124     0.5220         0.5679
    272   3.18   158.68     137.47  0.9875     0.9878  0.0125     0.0122     0.5064         0.5475
    273   3.19   152.15     138.77  0.9875     0.9877  0.0125     0.0123     0.5197         0.5666
    274   3.18   150.97     138.59  0.9879     0.9873  0.0121     0.0127     0.5201         0.5708
    275   3.18   156.22     136.76  0.9876     0.9874  0.0124     0.0126     0.5159         0.5549
    276   3.18   151.36     138.12  0.9877     0.9878  0.0123     0.0122     0.5226         0.5744
    277   3.18   149.97     137.56  0.9873     0.9878  0.0127     0.0122     0.5260         0.5781
    278   3.18   148.88     137.19  0.9876     0.9881  0.0124     0.0119     0.5235         0.5795
    279   3.18   149.33     137.08  0.9872     0.9875  0.0128     0.0125     0.5239         0.5710
    280   3.19   147.91     136.92  0.9875     0.9875  0.0125     0.0125     0.5208         0.5718
    281   3.19   155.28     135.69  0.9873     0.9876  0.0127     0.0124     0.5068         0.5419
    282   3.18   150.11     136.38  0.9873     0.9875  0.0127     0.0125     0.5181         0.5647
    283   3.18   152.92     135.87  0.9876     0.9875  0.0124     0.0125     0.5034         0.5462
    284   3.18   151.68     136.13  0.9870     0.9869  0.0130     0.0131     0.5175         0.5636
    285   3.19   149.21     136.50  0.9876     0.9878  0.0124     0.0122     0.5201         0.5719
    286   3.18   151.07     136.03  0.9871     0.9868  0.0129     0.0132     0.5198         0.5670
    287   3.18   149.06     135.86  0.9877     0.9873  0.0123     0.0127     0.5229         0.5675
    288   3.19   150.32     135.68  0.9879     0.9882  0.0121     0.0118     0.5265         0.5748
    289   3.18   150.83     135.85  0.9874     0.9873  0.0126     0.0127     0.5229         0.5708
    290   3.18   150.01     135.64  0.9874     0.9871  0.0126     0.0129     0.5253         0.5686
    291   3.18   150.18     135.51  0.9878     0.9879  0.0122     0.0121     0.5185         0.5650
    292   3.18   147.89     136.10  0.9873     0.9871  0.0127     0.0129     0.5275         0.5776
    293   3.19   146.53     135.52  0.9875     0.9874  0.0125     0.0126     0.5269         0.5791
    294   3.18   147.06     135.27  0.9872     0.9873  0.0128     0.0127     0.5240         0.5724
    295   3.18   147.99     134.91  0.9877     0.9875  0.0123     0.0125     0.5176         0.5647
    296   3.18   153.38     134.04  0.9875     0.9877  0.0125     0.0123     0.5109         0.5523
    297   3.18   149.80     134.60  0.9872     0.9869  0.0128     0.0131     0.5199         0.5691
    298   3.18   149.91     134.15  0.9874     0.9872  0.0126     0.0128     0.5140         0.5616
    299   3.18   151.27     134.30  0.9875     0.9878  0.0125     0.0122     0.5203         0.5604
    300   3.19   148.85     134.52  0.9876     0.9876  0.0124     0.0124     0.5181         0.5679
The log/output/model have been saved to: ./logs/train.py-multi_zetas300_False_True_True_1.953125e-09_3.90625e-09_7.8125e-09-axk-04-23-11:17 + .csv/.out/.cpt
