  epoch    IZY    IXZ_1     acc    avg_acc     err    avg_err    adv_acc    avg_adv_acc
-------  -----  -------  ------  ---------  ------  ---------  ---------  -------------
      1   3.12   701.34  0.9557     0.9557  0.0443     0.0443     0.0222         0.0222
      2   3.13   695.86  0.9589     0.9588  0.0411     0.0412     0.0202         0.0202
      3   3.18   702.69  0.9684     0.9682  0.0316     0.0318     0.0166         0.0165
      4   3.21   719.42  0.9751     0.9751  0.0249     0.0249     0.0147         0.0149
      5   3.21   729.14  0.9779     0.9779  0.0221     0.0221     0.0137         0.0137
      6   3.20   730.78  0.9754     0.9754  0.0246     0.0246     0.0258         0.0257
      7   3.17   735.59  0.9694     0.9694  0.0306     0.0306     0.0314         0.0314
      8   3.22   756.14  0.9789     0.9787  0.0211     0.0213     0.0618         0.0616
      9   3.20   733.71  0.9775     0.9776  0.0225     0.0224     0.0348         0.0348
     10   3.21   748.60  0.9785     0.9783  0.0215     0.0217     0.0708         0.0708
     11   3.20   742.36  0.9781     0.9782  0.0219     0.0218     0.0722         0.0720
     12   3.19   759.08  0.9770     0.9770  0.0230     0.0230     0.1142         0.1142
     13   3.21   771.99  0.9807     0.9807  0.0193     0.0193     0.1482         0.1485
     14   3.22   758.03  0.9820     0.9820  0.0180     0.0180     0.1566         0.1567
     15   3.21   795.31  0.9816     0.9816  0.0184     0.0184     0.1954         0.1955
     16   3.20   756.64  0.9784     0.9784  0.0216     0.0216     0.1571         0.1570
     17   3.19   754.36  0.9782     0.9782  0.0218     0.0218     0.1654         0.1655
     18   3.20   732.81  0.9810     0.9810  0.0190     0.0190     0.1299         0.1300
     19   3.19   768.53  0.9794     0.9793  0.0206     0.0207     0.2036         0.2037
     20   3.20   762.29  0.9788     0.9789  0.0212     0.0211     0.1736         0.1738
     21   3.21   747.18  0.9806     0.9806  0.0194     0.0194     0.1378         0.1379
     22   3.20   776.86  0.9821     0.9821  0.0179     0.0179     0.1895         0.1895
     23   3.22   789.69  0.9842     0.9842  0.0158     0.0158     0.2308         0.2306
     24   3.19   787.35  0.9798     0.9798  0.0202     0.0202     0.2334         0.2332
     25   3.18   807.52  0.9796     0.9796  0.0204     0.0204     0.2341         0.2345
     26   3.21   794.99  0.9845     0.9845  0.0155     0.0155     0.2588         0.2590
     27   3.22   751.89  0.9836     0.9836  0.0164     0.0164     0.2091         0.2091
     28   3.22   801.83  0.9851     0.9852  0.0149     0.0148     0.2727         0.2730
     29   3.22   775.59  0.9837     0.9838  0.0163     0.0162     0.2448         0.2450
     30   3.22   789.70  0.9853     0.9853  0.0147     0.0147     0.2744         0.2745
     31   3.22   810.89  0.9863     0.9863  0.0137     0.0137     0.3217         0.3215
     32   3.18   780.29  0.9797     0.9796  0.0203     0.0204     0.2844         0.2841
     33   3.19   755.72  0.9802     0.9803  0.0198     0.0197     0.2837         0.2837
     34   3.18   779.95  0.9792     0.9794  0.0208     0.0206     0.2946         0.2946
     35   3.22   788.67  0.9855     0.9856  0.0145     0.0144     0.3420         0.3421
     36   3.20   779.78  0.9829     0.9830  0.0171     0.0170     0.3420         0.3420
     37   3.18   789.95  0.9803     0.9802  0.0197     0.0198     0.3252         0.3251
     38   3.19   762.51  0.9821     0.9821  0.0179     0.0179     0.2657         0.2658
     39   3.22   786.70  0.9871     0.9871  0.0129     0.0129     0.3484         0.3483
     40   3.21   781.15  0.9851     0.9851  0.0149     0.0149     0.3566         0.3566
     41   3.19   817.55  0.9822     0.9822  0.0178     0.0178     0.3594         0.3590
     42   3.20   807.60  0.9848     0.9848  0.0152     0.0152     0.4464         0.4464
     43   3.21   784.20  0.9846     0.9847  0.0154     0.0153     0.3373         0.3374
     44   3.21   797.48  0.9857     0.9857  0.0143     0.0143     0.4011         0.4010
     45   3.21   832.50  0.9865     0.9865  0.0135     0.0135     0.4574         0.4577
     46   3.20   848.11  0.9868     0.9867  0.0132     0.0133     0.4648         0.4651
     47   3.20   861.11  0.9871     0.9871  0.0129     0.0129     0.4794         0.4792
     48   3.19   879.93  0.9869     0.9869  0.0131     0.0131     0.4771         0.4773
     49   3.19   893.73  0.9872     0.9871  0.0128     0.0129     0.4815         0.4808
     50   3.18   898.32  0.9871     0.9872  0.0129     0.0128     0.4855         0.4860
     51   3.18   891.23  0.9870     0.9870  0.0130     0.0130     0.4769         0.4767
     52   3.18   870.21  0.9870     0.9870  0.0130     0.0130     0.4790         0.4787
     53   3.17   835.73  0.9870     0.9871  0.0130     0.0129     0.4740         0.4733
     54   3.17   786.15  0.9871     0.9872  0.0129     0.0128     0.4726         0.4731
     55   3.17   727.43  0.9872     0.9872  0.0128     0.0128     0.4747         0.4747
     56   3.17   664.63  0.9870     0.9870  0.0130     0.0130     0.4750         0.4747
     57   3.17   604.25  0.9872     0.9872  0.0128     0.0128     0.4785         0.4785
     58   3.17   550.55  0.9870     0.9870  0.0130     0.0130     0.4875         0.4880
     59   3.18   503.80  0.9874     0.9874  0.0126     0.0126     0.5060         0.5056
     60   3.18   464.61  0.9874     0.9875  0.0126     0.0125     0.5138         0.5146
     61   3.18   428.76  0.9874     0.9874  0.0126     0.0126     0.5232         0.5226
     62   3.18   396.45  0.9874     0.9873  0.0126     0.0127     0.5262         0.5259
     63   3.18   365.51  0.9878     0.9876  0.0122     0.0124     0.5322         0.5329
     64   3.19   334.81  0.9875     0.9874  0.0125     0.0126     0.5255         0.5265
     65   3.19   306.55  0.9878     0.9879  0.0122     0.0121     0.5288         0.5284
     66   3.19   280.37  0.9875     0.9875  0.0125     0.0125     0.5237         0.5243
     67   3.19   255.81  0.9872     0.9873  0.0128     0.0127     0.5212         0.5225
     68   3.19   233.10  0.9876     0.9875  0.0124     0.0125     0.5271         0.5284
     69   3.19   210.43  0.9871     0.9874  0.0129     0.0126     0.5158         0.5173
     70   3.19   191.27  0.9877     0.9876  0.0123     0.0124     0.5283         0.5289
     71   3.19   171.68  0.9873     0.9874  0.0127     0.0126     0.5274         0.5287
     72   3.19   154.28  0.9872     0.9874  0.0128     0.0126     0.5264         0.5279
     73   3.18   143.59  0.9872     0.9876  0.0128     0.0124     0.5363         0.5374
     74   3.17   198.25  0.9812     0.9812  0.0188     0.0188     0.1120         0.1122
     75   3.21   176.17  0.9863     0.9864  0.0137     0.0136     0.2060         0.2064
     76   3.20   165.99  0.9859     0.9857  0.0141     0.0143     0.2961         0.2954
     77   3.20   162.89  0.9860     0.9861  0.0140     0.0139     0.3463         0.3469
     78   3.20   160.88  0.9863     0.9864  0.0137     0.0136     0.3960         0.3965
     79   3.19   162.47  0.9862     0.9863  0.0138     0.0137     0.4704         0.4717
     80   3.19   168.40  0.9862     0.9865  0.0138     0.0135     0.5231         0.5245
     81   3.18   175.39  0.9870     0.9867  0.0130     0.0133     0.5605         0.5604
     82   3.18   182.12  0.9870     0.9870  0.0130     0.0130     0.5833         0.5839
     83   3.18   187.17  0.9867     0.9869  0.0133     0.0131     0.6031         0.6045
     84   3.18   188.00  0.9870     0.9867  0.0130     0.0133     0.6018         0.6029
     85   3.18   188.09  0.9869     0.9868  0.0131     0.0132     0.6032         0.6041
     86   3.18   186.83  0.9873     0.9870  0.0127     0.0130     0.6035         0.6031
     87   3.18   184.50  0.9871     0.9869  0.0129     0.0131     0.6004         0.6006
     88   3.18   179.81  0.9871     0.9871  0.0129     0.0129     0.5890         0.5891
     89   3.18   178.32  0.9869     0.9871  0.0131     0.0129     0.5921         0.5917
     90   3.18   175.08  0.9870     0.9873  0.0130     0.0127     0.5786         0.5785
     91   3.18   171.57  0.9872     0.9871  0.0128     0.0129     0.5727         0.5736
     92   3.18   168.35  0.9872     0.9872  0.0128     0.0128     0.5583         0.5588
     93   3.18   165.10  0.9876     0.9875  0.0124     0.0125     0.5576         0.5577
     94   3.18   161.65  0.9874     0.9874  0.0126     0.0126     0.5481         0.5475
     95   3.18   158.16  0.9876     0.9876  0.0124     0.0124     0.5473         0.5475
     96   3.18   154.21  0.9877     0.9879  0.0123     0.0121     0.5494         0.5493
     97   3.18   149.01  0.9878     0.9877  0.0122     0.0123     0.5435         0.5446
     98   3.18   143.62  0.9875     0.9877  0.0125     0.0123     0.5519         0.5525
     99   3.18   138.37  0.9877     0.9877  0.0123     0.0123     0.5525         0.5553
    100   3.19   132.94  0.9877     0.9877  0.0123     0.0123     0.5510         0.5521
    101   3.18   127.92  0.9880     0.9878  0.0120     0.0122     0.5475         0.5479
    102   3.18   122.92  0.9877     0.9881  0.0123     0.0119     0.5481         0.5485
    103   3.18   117.78  0.9878     0.9878  0.0122     0.0122     0.5414         0.5403
    104   3.18   113.09  0.9876     0.9878  0.0124     0.0122     0.5429         0.5412
    105   3.18   108.90  0.9877     0.9881  0.0123     0.0119     0.5225         0.5242
    106   3.18   104.39  0.9875     0.9879  0.0125     0.0121     0.5282         0.5278
    107   3.18   100.43  0.9873     0.9874  0.0127     0.0126     0.5193         0.5216
    108   3.19   159.79  0.9842     0.9843  0.0158     0.0157     0.1089         0.1089
    109   3.19   152.79  0.9847     0.9847  0.0153     0.0153     0.1434         0.1436
    110   3.20   142.45  0.9865     0.9866  0.0135     0.0134     0.2059         0.2065
    111   3.20   137.17  0.9866     0.9862  0.0134     0.0138     0.2436         0.2440
    112   3.19   133.40  0.9865     0.9865  0.0135     0.0135     0.2820         0.2818
    113   3.19   130.59  0.9865     0.9868  0.0135     0.0132     0.3256         0.3264
    114   3.19   128.60  0.9865     0.9866  0.0135     0.0134     0.3766         0.3760
    115   3.19   127.73  0.9866     0.9865  0.0134     0.0135     0.4248         0.4256
    116   3.18   127.93  0.9864     0.9866  0.0136     0.0134     0.4695         0.4722
    117   3.18   128.60  0.9864     0.9866  0.0136     0.0134     0.5064         0.5076
    118   3.18   128.63  0.9868     0.9865  0.0132     0.0135     0.5225         0.5237
    119   3.18   128.26  0.9870     0.9865  0.0130     0.0135     0.5388         0.5397
    120   3.18   126.75  0.9865     0.9868  0.0135     0.0132     0.5468         0.5487
    121   3.17   125.01  0.9863     0.9867  0.0137     0.0133     0.5459         0.5480
    122   3.18   122.22  0.9868     0.9871  0.0132     0.0129     0.5173         0.5180
    123   3.18   122.04  0.9870     0.9867  0.0130     0.0133     0.5327         0.5333
    124   3.18   121.27  0.9865     0.9870  0.0135     0.0130     0.5387         0.5402
    125   3.17   120.01  0.9870     0.9871  0.0130     0.0129     0.5455         0.5458
    126   3.17   118.43  0.9871     0.9873  0.0129     0.0127     0.5435         0.5447
    127   3.17   117.06  0.9871     0.9871  0.0129     0.0129     0.5380         0.5392
    128   3.17   115.55  0.9873     0.9876  0.0127     0.0124     0.5440         0.5445
    129   3.17   113.70  0.9872     0.9873  0.0128     0.0127     0.5418         0.5432
    130   3.17   111.81  0.9875     0.9872  0.0125     0.0128     0.5552         0.5549
    131   3.17   109.57  0.9874     0.9873  0.0126     0.0127     0.5495         0.5497
    132   3.17   107.92  0.9871     0.9872  0.0129     0.0128     0.5490         0.5499
    133   3.17   105.79  0.9877     0.9874  0.0123     0.0126     0.5574         0.5580
    134   3.17   103.36  0.9870     0.9873  0.0130     0.0127     0.5587         0.5598
    135   3.17   101.14  0.9872     0.9872  0.0128     0.0128     0.5478         0.5492
    136   3.17    98.89  0.9869     0.9874  0.0131     0.0126     0.5525         0.5529
    137   3.17    96.95  0.9875     0.9876  0.0125     0.0124     0.5338         0.5362
    138   3.17    95.47  0.9874     0.9877  0.0126     0.0123     0.5528         0.5536
    139   3.17    93.30  0.9871     0.9877  0.0129     0.0123     0.5489         0.5504
    140   3.17    92.06  0.9874     0.9875  0.0126     0.0125     0.5458         0.5466
    141   3.17    89.93  0.9876     0.9876  0.0124     0.0124     0.5501         0.5512
    142   3.17    88.16  0.9876     0.9873  0.0124     0.0127     0.5498         0.5522
    143   3.17    86.56  0.9875     0.9874  0.0125     0.0126     0.5549         0.5558
    144   3.16    85.20  0.9874     0.9874  0.0126     0.0126     0.5659         0.5665
    145   3.16    83.86  0.9875     0.9872  0.0125     0.0128     0.5673         0.5666
    146   3.18   118.95  0.9869     0.9871  0.0131     0.0129     0.2703         0.2705
    147   3.18   113.86  0.9867     0.9870  0.0133     0.0130     0.3222         0.3225
    148   3.18   110.17  0.9872     0.9872  0.0128     0.0128     0.3635         0.3645
    149   3.17   106.96  0.9870     0.9870  0.0130     0.0130     0.4045         0.4053
    150   3.17   103.37  0.9868     0.9870  0.0132     0.0130     0.4428         0.4418
    151   3.17   100.68  0.9868     0.9868  0.0132     0.0132     0.4759         0.4765
    152   3.17    98.49  0.9868     0.9868  0.0132     0.0132     0.5043         0.5061
    153   3.16    96.62  0.9870     0.9866  0.0130     0.0134     0.5226         0.5243
    154   3.16    95.24  0.9866     0.9871  0.0134     0.0129     0.5442         0.5444
    155   3.16    94.14  0.9874     0.9871  0.0126     0.0129     0.5527         0.5533
    156   3.16    93.19  0.9871     0.9871  0.0129     0.0129     0.5650         0.5645
    157   3.16    92.34  0.9869     0.9870  0.0131     0.0130     0.5761         0.5770
    158   3.16    91.45  0.9867     0.9868  0.0133     0.0132     0.5694         0.5702
    159   3.16    90.77  0.9875     0.9872  0.0125     0.0128     0.5775         0.5790
    160   3.16    90.14  0.9874     0.9872  0.0126     0.0128     0.5766         0.5788
    161   3.16    89.42  0.9873     0.9872  0.0127     0.0128     0.5779         0.5788
    162   3.16    88.79  0.9875     0.9873  0.0125     0.0127     0.5841         0.5844
    163   3.16    87.92  0.9872     0.9872  0.0128     0.0128     0.5943         0.5962
    164   3.16    87.02  0.9878     0.9869  0.0122     0.0131     0.5862         0.5865
    165   3.16    86.27  0.9872     0.9873  0.0128     0.0127     0.5840         0.5865
    166   3.16    85.56  0.9871     0.9874  0.0129     0.0126     0.5959         0.5962
    167   3.16    84.73  0.9873     0.9875  0.0127     0.0125     0.5997         0.6011
    168   3.16    84.11  0.9875     0.9876  0.0125     0.0124     0.5924         0.5929
    169   3.16    83.24  0.9875     0.9874  0.0125     0.0126     0.5960         0.5958
    170   3.16    82.46  0.9871     0.9876  0.0129     0.0124     0.5932         0.5941
    171   3.16    81.61  0.9876     0.9874  0.0124     0.0126     0.5944         0.5940
    172   3.15    80.86  0.9874     0.9875  0.0126     0.0125     0.5954         0.5948
    173   3.15    81.17  0.9873     0.9872  0.0127     0.0128     0.5949         0.5963
    174   3.15    79.87  0.9874     0.9875  0.0126     0.0125     0.5936         0.5959
    175   3.15    79.08  0.9872     0.9873  0.0128     0.0127     0.5956         0.5971
    176   3.15    78.50  0.9874     0.9876  0.0126     0.0124     0.6086         0.6079
    177   3.16    77.62  0.9873     0.9871  0.0127     0.0129     0.6023         0.6030
    178   3.15    77.01  0.9875     0.9875  0.0125     0.0125     0.6099         0.6093
    179   3.16    76.08  0.9872     0.9876  0.0128     0.0124     0.6043         0.6049
    180   3.16    75.65  0.9874     0.9880  0.0126     0.0120     0.6023         0.6035
    181   3.15    74.82  0.9876     0.9874  0.0124     0.0126     0.6125         0.6131
    182   3.16    74.53  0.9870     0.9876  0.0130     0.0124     0.5974         0.5976
    183   3.16    73.53  0.9875     0.9874  0.0125     0.0126     0.6099         0.6116
    184   3.15    73.03  0.9876     0.9875  0.0124     0.0125     0.6269         0.6290
    185   3.16    72.54  0.9876     0.9873  0.0124     0.0127     0.6263         0.6283
    186   3.15    71.96  0.9872     0.9875  0.0128     0.0125     0.6270         0.6288
    187   3.15    71.42  0.9874     0.9877  0.0126     0.0123     0.6211         0.6212
    188   3.15    71.09  0.9873     0.9874  0.0127     0.0126     0.6228         0.6231
    189   3.15    70.43  0.9872     0.9873  0.0128     0.0127     0.6375         0.6369
    190   3.15    69.83  0.9869     0.9877  0.0131     0.0123     0.6476         0.6470
    191   3.16    69.75  0.9872     0.9875  0.0128     0.0125     0.6365         0.6355
    192   3.15    69.14  0.9880     0.9876  0.0120     0.0124     0.6510         0.6521
    193   3.15    68.56  0.9875     0.9873  0.0125     0.0127     0.6490         0.6500
    194   3.15    68.21  0.9877     0.9873  0.0123     0.0127     0.6433         0.6447
    195   3.15    68.85  0.9872     0.9872  0.0128     0.0128     0.6358         0.6367
    196   3.15    68.13  0.9877     0.9871  0.0123     0.0129     0.6477         0.6478
    197   3.15    67.73  0.9872     0.9873  0.0128     0.0127     0.6603         0.6598
    198   3.14    67.05  0.9870     0.9875  0.0130     0.0125     0.6553         0.6579
    199   3.15    66.99  0.9872     0.9874  0.0128     0.0126     0.6434         0.6444
    200   3.15    66.74  0.9871     0.9876  0.0129     0.0124     0.6587         0.6587
The log/output/model have been saved to: ./logs/train.py-multi_zetas{'num_epochs': 200, 'use_stoch': [False, False, True], 'betas': [1e-08, 1e-08, 1e-08]}-pwe-04-03-15:13 + .csv/.out/.cpt
