  epoch    IZY    IXZ_1     acc    avg_acc     err    avg_err    adv_acc    avg_adv_acc
-------  -----  -------  ------  ---------  ------  ---------  ---------  -------------
      1   2.89    15.82  0.9192     0.9439  0.0808     0.0561     0.0538         0.0541
      2   3.00    13.34  0.9423     0.9619  0.0577     0.0381     0.0455         0.0487
      3   3.10    16.77  0.9654     0.9692  0.0346     0.0308     0.0569         0.0590
      4   3.12    13.54  0.9676     0.9720  0.0324     0.0280     0.1150         0.1191
      5   3.13    15.55  0.9725     0.9775  0.0275     0.0225     0.1635         0.1648
      6   3.08    13.18  0.9640     0.9756  0.0360     0.0244     0.2558         0.2703
      7   3.11    11.55  0.9700     0.9792  0.0300     0.0208     0.3204         0.3372
      8   3.12    10.65  0.9707     0.9775  0.0293     0.0225     0.3148         0.3234
      9   3.15    12.17  0.9759     0.9806  0.0241     0.0194     0.3739         0.3810
     10   3.15    13.97  0.9765     0.9797  0.0235     0.0203     0.4497         0.4551
     11   3.08    11.06  0.9639     0.9730  0.0361     0.0270     0.4198         0.4312
     12   3.11     9.96  0.9700     0.9794  0.0300     0.0206     0.4793         0.4960
     13   3.15    10.92  0.9763     0.9800  0.0237     0.0200     0.5014         0.5081
     14   3.15    10.32  0.9748     0.9795  0.0252     0.0205     0.5103         0.5207
     15   3.04    11.98  0.9615     0.9745  0.0385     0.0255     0.5218         0.5437
     16   3.14    10.54  0.9760     0.9840  0.0240     0.0160     0.5285         0.5509
     17   3.13     9.61  0.9742     0.9836  0.0258     0.0164     0.5642         0.5838
     18   3.13     9.67  0.9739     0.9804  0.0261     0.0196     0.5303         0.5444
     19   3.07     9.98  0.9671     0.9748  0.0329     0.0252     0.5254         0.5403
     20   3.15     9.68  0.9763     0.9819  0.0237     0.0181     0.5820         0.5934
     21   3.14     9.54  0.9771     0.9834  0.0229     0.0166     0.5633         0.5759
     22   3.16    11.05  0.9786     0.9829  0.0214     0.0171     0.5870         0.5942
     23   3.15     9.37  0.9785     0.9838  0.0215     0.0162     0.6353         0.6554
     24   3.13     9.56  0.9754     0.9815  0.0246     0.0185     0.5715         0.5842
     25   3.12     9.53  0.9760     0.9815  0.0240     0.0185     0.5780         0.5903
     26   3.10     9.64  0.9717     0.9794  0.0283     0.0206     0.6243         0.6429
     27   3.12     9.19  0.9711     0.9811  0.0289     0.0189     0.6362         0.6546
     28   3.10     9.13  0.9735     0.9818  0.0265     0.0182     0.6434         0.6623
     29   3.13     9.21  0.9746     0.9817  0.0254     0.0183     0.5824         0.6008
     30   3.09     9.73  0.9736     0.9791  0.0264     0.0209     0.5679         0.5818
     31   3.13     8.92  0.9782     0.9833  0.0218     0.0167     0.7089         0.7262
     32   3.14     9.44  0.9795     0.9836  0.0205     0.0164     0.6615         0.6750
     33   3.14     9.37  0.9794     0.9841  0.0206     0.0159     0.5729         0.5852
     34   3.12    10.05  0.9765     0.9819  0.0235     0.0181     0.6022         0.6123
     35   3.13    11.03  0.9786     0.9812  0.0214     0.0188     0.6537         0.6584
     36   3.15     9.01  0.9794     0.9840  0.0206     0.0160     0.5957         0.6088
     37   3.13     9.05  0.9757     0.9831  0.0243     0.0169     0.6378         0.6497
     38   3.14     9.76  0.9783     0.9837  0.0217     0.0163     0.5777         0.5883
     39   3.15    10.40  0.9814     0.9851  0.0186     0.0149     0.6440         0.6527
     40   3.13     8.50  0.9762     0.9844  0.0238     0.0156     0.6702         0.6857
     41   3.09     9.69  0.9749     0.9798  0.0251     0.0202     0.5808         0.5917
     42   3.14     9.58  0.9785     0.9837  0.0215     0.0163     0.6164         0.6308
     43   3.12     8.85  0.9757     0.9822  0.0243     0.0178     0.6437         0.6561
     44   3.08     8.64  0.9723     0.9810  0.0277     0.0190     0.6126         0.6293
     45   3.15     9.92  0.9806     0.9845  0.0194     0.0155     0.6357         0.6428
     46   3.16     9.09  0.9812     0.9863  0.0188     0.0137     0.6871         0.6980
     47   3.12     8.60  0.9771     0.9845  0.0229     0.0155     0.6742         0.6876
     48   3.13     8.90  0.9776     0.9839  0.0224     0.0161     0.6652         0.6777
     49   3.10     8.97  0.9769     0.9826  0.0231     0.0174     0.7225         0.7353
     50   3.14     8.97  0.9786     0.9852  0.0214     0.0148     0.6420         0.6486
     51   3.12     9.04  0.9783     0.9832  0.0217     0.0168     0.6756         0.6849
     52   3.12     9.08  0.9779     0.9826  0.0221     0.0174     0.6405         0.6502
     53   3.15     9.68  0.9810     0.9859  0.0190     0.0141     0.6252         0.6337
     54   3.13     8.52  0.9777     0.9857  0.0223     0.0143     0.6792         0.6944
     55   3.10     9.32  0.9745     0.9809  0.0255     0.0191     0.6278         0.6373
     56   3.13     9.06  0.9787     0.9848  0.0213     0.0152     0.6853         0.6985
     57   3.11     8.64  0.9740     0.9846  0.0260     0.0154     0.6101         0.6240
     58   3.12     8.91  0.9784     0.9849  0.0216     0.0151     0.6595         0.6671
     59   3.15     9.94  0.9812     0.9850  0.0188     0.0150     0.6267         0.6333
     60   3.12     8.19  0.9757     0.9846  0.0243     0.0154     0.6198         0.6352
     61   3.11     9.11  0.9771     0.9830  0.0229     0.0170     0.5537         0.5645
     62   3.13     9.42  0.9782     0.9835  0.0218     0.0165     0.5150         0.5202
     63   3.14     9.62  0.9798     0.9845  0.0202     0.0155     0.6096         0.6158
     64   3.09     8.17  0.9759     0.9836  0.0241     0.0164     0.6252         0.6374
     65   3.13     8.57  0.9765     0.9846  0.0235     0.0154     0.6222         0.6336
     66   3.09     8.58  0.9768     0.9829  0.0232     0.0171     0.6328         0.6443
     67   3.08     8.35  0.9727     0.9823  0.0273     0.0177     0.6498         0.6631
     68   3.13     8.53  0.9784     0.9850  0.0216     0.0150     0.5889         0.5964
     69   3.07     8.42  0.9713     0.9817  0.0287     0.0183     0.6051         0.6191
     70   3.10     8.22  0.9736     0.9846  0.0264     0.0154     0.6931         0.7067
     71   3.10     8.51  0.9763     0.9838  0.0237     0.0162     0.6974         0.7073
     72   3.10     8.46  0.9742     0.9830  0.0258     0.0170     0.6078         0.6189
     73   3.10     8.28  0.9775     0.9841  0.0225     0.0159     0.6651         0.6766
     74   3.10     8.36  0.9771     0.9855  0.0229     0.0145     0.5998         0.6093
     75   3.12     8.63  0.9759     0.9845  0.0241     0.0155     0.5809         0.5898
     76   3.12     8.42  0.9788     0.9857  0.0212     0.0143     0.6167         0.6277
     77   3.11     8.39  0.9772     0.9836  0.0228     0.0164     0.6188         0.6256
     78   3.10     8.06  0.9764     0.9852  0.0236     0.0148     0.5912         0.6009
     79   3.12     8.70  0.9786     0.9844  0.0214     0.0156     0.5449         0.5523
     80   3.11     8.49  0.9774     0.9842  0.0226     0.0158     0.6053         0.6129
     81   3.09     8.47  0.9767     0.9818  0.0233     0.0182     0.6341         0.6429
     82   3.12     8.60  0.9781     0.9849  0.0219     0.0151     0.6044         0.6097
     83   3.12     8.48  0.9788     0.9848  0.0212     0.0152     0.5816         0.5900
     84   3.10     8.22  0.9762     0.9841  0.0238     0.0159     0.5802         0.5902
     85   3.10     8.10  0.9765     0.9837  0.0235     0.0163     0.6031         0.6144
     86   3.13     8.90  0.9797     0.9856  0.0203     0.0144     0.5956         0.6021
     87   3.12     8.12  0.9776     0.9863  0.0224     0.0137     0.6066         0.6200
     88   3.10     8.43  0.9763     0.9835  0.0237     0.0165     0.5874         0.5939
     89   3.12     8.25  0.9792     0.9842  0.0208     0.0158     0.6478         0.6566
     90   3.12     8.15  0.9769     0.9858  0.0231     0.0142     0.6576         0.6658
     91   3.14     9.74  0.9826     0.9858  0.0174     0.0142     0.6703         0.6736
     92   3.10     8.19  0.9748     0.9837  0.0252     0.0163     0.6045         0.6118
     93   3.13     8.40  0.9785     0.9857  0.0215     0.0143     0.6045         0.6125
     94   3.10     8.14  0.9741     0.9844  0.0259     0.0156     0.5631         0.5693
     95   3.10     8.35  0.9752     0.9846  0.0248     0.0154     0.5465         0.5565
     96   3.12     8.74  0.9809     0.9851  0.0191     0.0149     0.5871         0.5932
     97   3.11     8.13  0.9787     0.9845  0.0213     0.0155     0.5947         0.6014
     98   3.11     8.43  0.9776     0.9858  0.0224     0.0142     0.5885         0.5954
     99   3.13     8.31  0.9798     0.9860  0.0202     0.0140     0.6033         0.6102
    100   3.12     8.47  0.9780     0.9856  0.0220     0.0144     0.5374         0.5424
    101   3.10     8.46  0.9767     0.9838  0.0233     0.0162     0.4999         0.5079
    102   3.12     8.21  0.9777     0.9859  0.0223     0.0141     0.5639         0.5732
    103   3.14     8.60  0.9787     0.9862  0.0213     0.0138     0.5564         0.5648
    104   3.10     8.57  0.9769     0.9846  0.0231     0.0154     0.5705         0.5765
    105   3.13     9.12  0.9822     0.9860  0.0178     0.0140     0.6242         0.6282
    106   3.10     8.66  0.9792     0.9853  0.0208     0.0147     0.5720         0.5761
    107   3.12     8.03  0.9767     0.9855  0.0233     0.0145     0.5861         0.5956
    108   3.12     8.18  0.9772     0.9855  0.0228     0.0145     0.5597         0.5681
    109   3.12     8.37  0.9782     0.9853  0.0218     0.0147     0.5642         0.5713
    110   3.09     8.41  0.9762     0.9833  0.0238     0.0167     0.5231         0.5294
    111   3.12     8.19  0.9776     0.9857  0.0224     0.0143     0.5944         0.6021
    112   3.12     8.27  0.9785     0.9852  0.0215     0.0148     0.6083         0.6131
    113   3.11     8.35  0.9775     0.9848  0.0225     0.0152     0.5780         0.5835
    114   3.12     8.43  0.9790     0.9853  0.0210     0.0147     0.5892         0.5931
    115   3.13     7.96  0.9784     0.9864  0.0216     0.0136     0.6163         0.6235
    116   3.10     8.01  0.9763     0.9853  0.0237     0.0147     0.5981         0.6065
    117   3.12     8.07  0.9767     0.9859  0.0233     0.0141     0.5908         0.6006
    118   3.11     8.17  0.9783     0.9852  0.0217     0.0148     0.5854         0.5938
    119   3.13     8.16  0.9801     0.9851  0.0199     0.0149     0.6066         0.6145
    120   3.12     8.14  0.9783     0.9855  0.0217     0.0145     0.6448         0.6534
    121   3.12     8.23  0.9794     0.9855  0.0206     0.0145     0.6243         0.6285
    122   3.11     8.44  0.9776     0.9854  0.0224     0.0146     0.6371         0.6439
    123   3.12     8.31  0.9777     0.9857  0.0223     0.0143     0.5793         0.5884
    124   3.13     8.23  0.9807     0.9856  0.0193     0.0144     0.6044         0.6112
    125   3.11     8.13  0.9778     0.9850  0.0222     0.0150     0.6130         0.6202
    126   3.12     8.11  0.9788     0.9858  0.0212     0.0142     0.6144         0.6232
    127   3.10     8.36  0.9754     0.9833  0.0246     0.0167     0.5986         0.6042
    128   3.12     8.11  0.9795     0.9856  0.0205     0.0144     0.6404         0.6511
    129   3.11     8.04  0.9772     0.9854  0.0228     0.0146     0.6240         0.6365
    130   3.13     8.17  0.9775     0.9861  0.0225     0.0139     0.6045         0.6105
    131   3.13     8.78  0.9803     0.9855  0.0197     0.0145     0.5961         0.6017
    132   3.13     8.40  0.9788     0.9857  0.0212     0.0143     0.6196         0.6252
    133   3.11     8.41  0.9756     0.9852  0.0244     0.0148     0.5985         0.6049
    134   3.11     8.22  0.9784     0.9860  0.0216     0.0140     0.6018         0.6089
    135   3.13     8.02  0.9799     0.9863  0.0201     0.0137     0.5982         0.6051
    136   3.13     7.97  0.9775     0.9860  0.0225     0.0140     0.5894         0.5959
    137   3.12     8.13  0.9793     0.9869  0.0207     0.0131     0.5921         0.5979
    138   3.13     8.54  0.9790     0.9852  0.0210     0.0148     0.5902         0.5960
    139   3.11     8.69  0.9795     0.9852  0.0205     0.0148     0.5673         0.5734
    140   3.11     8.01  0.9785     0.9855  0.0215     0.0145     0.6002         0.6099
    141   3.13     8.30  0.9791     0.9857  0.0209     0.0143     0.6004         0.6094
    142   3.12     8.21  0.9797     0.9863  0.0203     0.0137     0.5588         0.5649
    143   3.13     8.11  0.9795     0.9867  0.0205     0.0133     0.6082         0.6111
    144   3.11     8.01  0.9767     0.9856  0.0233     0.0144     0.5991         0.6056
    145   3.13     8.20  0.9795     0.9861  0.0205     0.0139     0.5999         0.6072
    146   3.12     7.93  0.9775     0.9863  0.0225     0.0137     0.6193         0.6280
    147   3.12     7.74  0.9781     0.9872  0.0219     0.0128     0.5990         0.6109
    148   3.13     8.19  0.9788     0.9866  0.0212     0.0134     0.5495         0.5542
    149   3.12     8.12  0.9784     0.9858  0.0216     0.0142     0.5400         0.5457
    150   3.13     8.05  0.9805     0.9863  0.0195     0.0137     0.5738         0.5806
    151   3.10     8.15  0.9778     0.9854  0.0222     0.0146     0.5786         0.5849
    152   3.11     8.28  0.9779     0.9843  0.0221     0.0157     0.5659         0.5711
    153   3.12     8.00  0.9785     0.9852  0.0215     0.0148     0.5601         0.5688
    154   3.12     8.08  0.9769     0.9854  0.0231     0.0146     0.5270         0.5344
    155   3.13     8.02  0.9770     0.9860  0.0230     0.0140     0.5308         0.5388
    156   3.12     8.05  0.9774     0.9864  0.0226     0.0136     0.5554         0.5653
    157   3.12     8.08  0.9789     0.9848  0.0211     0.0152     0.5569         0.5642
    158   3.13     8.13  0.9795     0.9850  0.0205     0.0150     0.5618         0.5697
    159   3.11     7.95  0.9765     0.9861  0.0235     0.0139     0.5762         0.5851
    160   3.11     8.06  0.9785     0.9868  0.0215     0.0132     0.5673         0.5767
    161   3.11     8.13  0.9783     0.9864  0.0217     0.0136     0.5615         0.5672
    162   3.13     8.00  0.9801     0.9864  0.0199     0.0136     0.5645         0.5728
    163   3.13     8.25  0.9806     0.9860  0.0194     0.0140     0.5489         0.5579
    164   3.13     8.13  0.9780     0.9870  0.0220     0.0130     0.5403         0.5468
    165   3.13     8.07  0.9793     0.9858  0.0207     0.0142     0.5464         0.5541
    166   3.12     8.02  0.9770     0.9853  0.0230     0.0147     0.5240         0.5316
    167   3.13     8.12  0.9803     0.9864  0.0197     0.0136     0.5253         0.5336
    168   3.10     8.22  0.9771     0.9854  0.0229     0.0146     0.5564         0.5612
    169   3.13     8.36  0.9807     0.9857  0.0193     0.0143     0.5431         0.5486
    170   3.12     8.18  0.9790     0.9849  0.0210     0.0151     0.5819         0.5880
    171   3.11     8.11  0.9784     0.9852  0.0216     0.0148     0.5790         0.5873
    172   3.11     7.83  0.9760     0.9860  0.0240     0.0140     0.6026         0.6114
    173   3.12     8.09  0.9777     0.9860  0.0223     0.0140     0.5689         0.5765
    174   3.11     8.18  0.9779     0.9854  0.0221     0.0146     0.5811         0.5879
    175   3.13     8.30  0.9787     0.9856  0.0213     0.0144     0.5880         0.5952
    176   3.10     8.05  0.9761     0.9849  0.0239     0.0151     0.6147         0.6240
    177   3.12     8.00  0.9765     0.9855  0.0235     0.0145     0.6051         0.6147
    178   3.12     8.20  0.9791     0.9860  0.0209     0.0140     0.5718         0.5783
    179   3.13     8.24  0.9794     0.9853  0.0206     0.0147     0.5696         0.5750
    180   3.12     8.06  0.9782     0.9858  0.0218     0.0142     0.5889         0.5976
    181   3.12     7.82  0.9767     0.9859  0.0233     0.0141     0.5913         0.6013
    182   3.12     8.13  0.9778     0.9858  0.0222     0.0142     0.5643         0.5702
    183   3.10     8.13  0.9778     0.9849  0.0222     0.0151     0.5498         0.5560
    184   3.11     7.95  0.9784     0.9863  0.0216     0.0137     0.5705         0.5777
    185   3.12     8.09  0.9798     0.9858  0.0202     0.0142     0.5507         0.5574
    186   3.12     8.34  0.9783     0.9864  0.0217     0.0136     0.5584         0.5638
    187   3.11     7.95  0.9775     0.9857  0.0225     0.0143     0.5828         0.5917
    188   3.12     7.95  0.9775     0.9856  0.0225     0.0144     0.5693         0.5805
    189   3.13     8.18  0.9804     0.9866  0.0196     0.0134     0.5909         0.5980
    190   3.11     8.10  0.9773     0.9864  0.0227     0.0136     0.5945         0.6018
    191   3.13     7.92  0.9790     0.9866  0.0210     0.0134     0.5655         0.5759
    192   3.13     8.31  0.9791     0.9859  0.0209     0.0141     0.5911         0.5996
    193   3.12     8.46  0.9799     0.9858  0.0201     0.0142     0.5936         0.6019
    194   3.12     7.95  0.9783     0.9861  0.0217     0.0139     0.5798         0.5885
    195   3.12     7.93  0.9772     0.9866  0.0228     0.0134     0.5747         0.5841
    196   3.13     8.03  0.9783     0.9859  0.0217     0.0141     0.5651         0.5731
    197   3.13     8.11  0.9803     0.9863  0.0197     0.0137     0.5663         0.5749
    198   3.13     8.35  0.9797     0.9870  0.0203     0.0130     0.5726         0.5788
    199   3.13     8.02  0.9791     0.9864  0.0209     0.0136     0.5865         0.5935
    200   3.13     8.05  0.9766     0.9856  0.0234     0.0144     0.5680         0.5776
    201   3.12     8.01  0.9781     0.9857  0.0219     0.0143     0.5629         0.5697
    202   3.13     8.11  0.9793     0.9856  0.0207     0.0144     0.5519         0.5582
    203   3.13     7.92  0.9776     0.9856  0.0224     0.0144     0.5677         0.5793
    204   3.11     8.00  0.9782     0.9858  0.0218     0.0142     0.5565         0.5708
    205   3.13     8.54  0.9803     0.9862  0.0197     0.0138     0.5490         0.5611
    206   3.11     7.95  0.9785     0.9862  0.0215     0.0138     0.5623         0.5744
    207   3.13     7.99  0.9797     0.9859  0.0203     0.0141     0.5413         0.5513
    208   3.12     8.00  0.9787     0.9861  0.0213     0.0139     0.5542         0.5639
    209   3.13     8.22  0.9788     0.9866  0.0212     0.0134     0.5487         0.5605
    210   3.12     8.09  0.9793     0.9870  0.0207     0.0130     0.5607         0.5688
    211   3.13     8.13  0.9800     0.9864  0.0200     0.0136     0.5455         0.5557
    212   3.13     8.11  0.9783     0.9866  0.0217     0.0134     0.5684         0.5776
    213   3.12     8.01  0.9783     0.9865  0.0217     0.0135     0.5727         0.5794
    214   3.13     8.07  0.9795     0.9862  0.0205     0.0138     0.5722         0.5800
    215   3.14     7.99  0.9794     0.9860  0.0206     0.0140     0.5818         0.5922
    216   3.12     8.22  0.9776     0.9859  0.0224     0.0141     0.5734         0.5788
    217   3.12     8.02  0.9799     0.9861  0.0201     0.0139     0.5742         0.5841
    218   3.12     8.08  0.9794     0.9864  0.0206     0.0136     0.5637         0.5739
    219   3.12     7.98  0.9796     0.9859  0.0204     0.0141     0.5586         0.5660
    220   3.12     8.03  0.9786     0.9858  0.0214     0.0142     0.5483         0.5554
    221   3.13     8.07  0.9806     0.9857  0.0194     0.0143     0.5457         0.5538
    222   3.12     7.94  0.9780     0.9864  0.0220     0.0136     0.5512         0.5632
    223   3.13     8.04  0.9781     0.9863  0.0219     0.0137     0.5490         0.5550
    224   3.13     8.14  0.9788     0.9866  0.0212     0.0134     0.5356         0.5425
    225   3.11     8.00  0.9785     0.9862  0.0215     0.0138     0.5351         0.5456
    226   3.11     8.02  0.9768     0.9860  0.0232     0.0140     0.5309         0.5371
    227   3.11     7.89  0.9766     0.9859  0.0234     0.0141     0.5226         0.5299
    228   3.10     8.08  0.9769     0.9863  0.0231     0.0137     0.4972         0.5014
    229   3.11     8.06  0.9779     0.9859  0.0221     0.0141     0.5043         0.5116
    230   3.13     8.05  0.9794     0.9858  0.0206     0.0142     0.5258         0.5339
    231   3.14     8.23  0.9809     0.9860  0.0191     0.0140     0.5296         0.5375
    232   3.11     8.04  0.9770     0.9858  0.0230     0.0142     0.5385         0.5458
    233   3.11     8.02  0.9792     0.9855  0.0208     0.0145     0.5408         0.5478
    234   3.12     7.99  0.9812     0.9862  0.0188     0.0138     0.5529         0.5625
    235   3.13     8.17  0.9794     0.9863  0.0206     0.0137     0.5448         0.5564
    236   3.13     8.03  0.9802     0.9862  0.0198     0.0138     0.5359         0.5448
    237   3.13     8.14  0.9789     0.9863  0.0211     0.0137     0.5447         0.5529
    238   3.13     8.04  0.9790     0.9864  0.0210     0.0136     0.5481         0.5589
    239   3.13     7.99  0.9786     0.9860  0.0214     0.0140     0.5550         0.5697
    240   3.11     8.05  0.9790     0.9860  0.0210     0.0140     0.5599         0.5684
    241   3.12     7.98  0.9800     0.9862  0.0200     0.0138     0.5629         0.5742
    242   3.11     7.96  0.9787     0.9860  0.0213     0.0140     0.5692         0.5800
    243   3.12     8.19  0.9790     0.9864  0.0210     0.0136     0.5590         0.5698
    244   3.11     8.00  0.9802     0.9862  0.0198     0.0138     0.5618         0.5707
    245   3.12     8.01  0.9787     0.9866  0.0213     0.0134     0.5446         0.5524
    246   3.13     8.02  0.9802     0.9863  0.0198     0.0137     0.5576         0.5669
    247   3.11     8.05  0.9782     0.9863  0.0218     0.0137     0.5541         0.5645
    248   3.12     8.21  0.9792     0.9864  0.0208     0.0136     0.5538         0.5635
    249   3.13     8.02  0.9808     0.9864  0.0192     0.0136     0.5569         0.5650
    250   3.12     8.08  0.9791     0.9864  0.0209     0.0136     0.5602         0.5681
    251   3.13     8.09  0.9802     0.9864  0.0198     0.0136     0.5539         0.5643
    252   3.13     8.11  0.9807     0.9868  0.0193     0.0132     0.5606         0.5707
    253   3.13     8.05  0.9800     0.9865  0.0200     0.0135     0.5679         0.5776
    254   3.12     7.90  0.9779     0.9865  0.0221     0.0135     0.5626         0.5776
    255   3.13     8.06  0.9790     0.9868  0.0210     0.0132     0.5776         0.5888
    256   3.12     8.03  0.9790     0.9857  0.0210     0.0143     0.5715         0.5849
    257   3.12     8.19  0.9794     0.9868  0.0206     0.0132     0.5550         0.5664
    258   3.13     7.92  0.9786     0.9868  0.0214     0.0132     0.5764         0.5914
    259   3.12     7.89  0.9772     0.9863  0.0228     0.0137     0.5745         0.5851
    260   3.12     7.96  0.9786     0.9870  0.0214     0.0130     0.5724         0.5834
    261   3.13     8.17  0.9784     0.9870  0.0216     0.0130     0.5787         0.5908
    262   3.12     7.96  0.9780     0.9866  0.0220     0.0134     0.5859         0.5985
    263   3.13     8.11  0.9795     0.9864  0.0205     0.0136     0.6017         0.6141
    264   3.12     7.96  0.9790     0.9866  0.0210     0.0134     0.5840         0.5983
    265   3.11     7.90  0.9762     0.9867  0.0238     0.0133     0.5964         0.6102
    266   3.13     8.07  0.9799     0.9869  0.0201     0.0131     0.5854         0.6024
    267   3.12     8.05  0.9783     0.9867  0.0217     0.0133     0.5936         0.6057
    268   3.12     7.96  0.9799     0.9869  0.0201     0.0131     0.5940         0.6061
    269   3.12     8.00  0.9791     0.9863  0.0209     0.0137     0.5839         0.5966
    270   3.13     8.12  0.9800     0.9867  0.0200     0.0133     0.5894         0.6049
    271   3.12     8.05  0.9787     0.9869  0.0213     0.0131     0.5856         0.6043
    272   3.12     8.16  0.9809     0.9868  0.0191     0.0132     0.5749         0.5882
    273   3.13     8.18  0.9797     0.9867  0.0203     0.0133     0.5772         0.5925
    274   3.13     8.01  0.9792     0.9870  0.0208     0.0130     0.5900         0.6027
    275   3.12     7.96  0.9788     0.9868  0.0212     0.0132     0.5890         0.6029
    276   3.12     8.08  0.9787     0.9860  0.0213     0.0140     0.5801         0.5918
    277   3.13     8.14  0.9799     0.9875  0.0201     0.0125     0.5799         0.5928
    278   3.12     8.02  0.9785     0.9868  0.0215     0.0132     0.5783         0.5919
    279   3.12     8.07  0.9799     0.9867  0.0201     0.0133     0.5798         0.5969
    280   3.13     8.08  0.9813     0.9869  0.0187     0.0131     0.5961         0.6109
    281   3.11     7.99  0.9787     0.9866  0.0213     0.0134     0.5880         0.6067
    282   3.13     8.09  0.9797     0.9864  0.0203     0.0136     0.5995         0.6166
    283   3.12     8.05  0.9789     0.9864  0.0211     0.0136     0.5964         0.6136
    284   3.12     7.95  0.9786     0.9862  0.0214     0.0138     0.5979         0.6136
    285   3.11     7.97  0.9787     0.9872  0.0213     0.0128     0.5898         0.6064
    286   3.13     8.02  0.9808     0.9871  0.0192     0.0129     0.5922         0.6084
    287   3.14     8.02  0.9812     0.9868  0.0188     0.0132     0.5970         0.6114
    288   3.11     7.98  0.9786     0.9872  0.0214     0.0128     0.5872         0.6019
    289   3.13     8.08  0.9812     0.9866  0.0188     0.0134     0.5885         0.6029
    290   3.12     7.99  0.9791     0.9873  0.0209     0.0127     0.5883         0.6003
    291   3.12     8.04  0.9781     0.9871  0.0219     0.0129     0.5778         0.5935
    292   3.12     8.02  0.9792     0.9871  0.0208     0.0129     0.5819         0.5979
    293   3.13     8.02  0.9796     0.9872  0.0204     0.0128     0.5734         0.5866
    294   3.11     8.12  0.9806     0.9870  0.0194     0.0130     0.5671         0.5814
    295   3.13     8.11  0.9791     0.9871  0.0209     0.0129     0.5635         0.5797
    296   3.13     8.04  0.9797     0.9867  0.0203     0.0133     0.5646         0.5779
    297   3.12     8.06  0.9798     0.9869  0.0202     0.0131     0.5625         0.5764
    298   3.12     7.98  0.9791     0.9872  0.0209     0.0128     0.5623         0.5792
    299   3.12     8.05  0.9804     0.9866  0.0196     0.0134     0.5508         0.5649
    300   3.13     7.99  0.9776     0.9874  0.0224     0.0126     0.5498         0.5664
The log/output/model have been saved to: ./logs/train.py-multi_zetas300_False_False_True_0.01953125_0.0390625_0.078125-lia-04-23-18:34 + .csv/.out/.cpt
