  epoch    IZY    IXZ_1    IZ_1Z_2     acc    avg_acc     err    avg_err    adv_acc    avg_adv_acc
-------  -----  -------  ---------  ------  ---------  ------  ---------  ---------  -------------
      1   2.74    40.18      61.70  0.8802     0.9151  0.1198     0.0849     0.0842         0.0882
      2   3.02    33.03      54.14  0.9469     0.9557  0.0531     0.0443     0.0449         0.0463
      3   3.07    27.03      45.82  0.9535     0.9617  0.0465     0.0383     0.0605         0.0623
      4   3.02    19.58      37.50  0.9469     0.9632  0.0531     0.0368     0.1040         0.1169
      5   3.05    20.99      36.33  0.9527     0.9678  0.0473     0.0322     0.1015         0.1135
      6   3.06    18.48      32.80  0.9551     0.9708  0.0449     0.0292     0.1201         0.1307
      7   3.10    18.31      31.14  0.9629     0.9740  0.0371     0.0260     0.1356         0.1508
      8   3.08    16.62      29.41  0.9601     0.9720  0.0399     0.0280     0.1702         0.1886
      9   3.11    17.85      28.28  0.9676     0.9762  0.0324     0.0238     0.1946         0.2129
     10   3.13    18.12      29.29  0.9688     0.9762  0.0312     0.0238     0.2506         0.2652
     11   3.06    17.36      29.17  0.9561     0.9738  0.0439     0.0262     0.2893         0.3209
     12   3.09    17.12      27.00  0.9630     0.9726  0.0370     0.0274     0.2556         0.2747
     13   3.16    19.01      29.83  0.9767     0.9798  0.0233     0.0202     0.3293         0.3416
     14   3.13    21.88      32.76  0.9709     0.9748  0.0291     0.0252     0.3175         0.3324
     15   3.12    15.57      23.83  0.9702     0.9784  0.0298     0.0216     0.3932         0.4206
     16   3.04    15.07      24.43  0.9547     0.9755  0.0453     0.0245     0.4488         0.5072
     17   3.16    15.31      23.11  0.9744     0.9803  0.0256     0.0197     0.4199         0.4461
     18   3.11    14.89      22.13  0.9683     0.9776  0.0317     0.0224     0.4044         0.4315
     19   3.07    15.06      21.58  0.9642     0.9747  0.0358     0.0253     0.4495         0.4851
     20   3.07    13.66      20.78  0.9620     0.9784  0.0380     0.0216     0.4729         0.5370
     21   3.10    13.53      20.31  0.9691     0.9789  0.0309     0.0211     0.5264         0.5707
     22   3.17    17.66      26.27  0.9788     0.9819  0.0212     0.0181     0.5151         0.5333
     23   3.00    14.78      21.41  0.9602     0.9667  0.0398     0.0333     0.4870         0.5113
     24   3.15    15.55      21.64  0.9785     0.9834  0.0215     0.0166     0.4953         0.5185
     25   3.11    14.09      19.21  0.9729     0.9809  0.0271     0.0191     0.5055         0.5355
     26   3.15    16.91      24.72  0.9789     0.9816  0.0211     0.0184     0.5466         0.5602
     27   3.14    14.81      20.31  0.9778     0.9822  0.0222     0.0178     0.5088         0.5329
     28   3.12    12.58      17.97  0.9723     0.9811  0.0277     0.0189     0.5317         0.5708
     29   3.13    13.87      18.84  0.9751     0.9811  0.0249     0.0189     0.5306         0.5637
     30   3.10    12.54      17.24  0.9683     0.9817  0.0317     0.0183     0.5232         0.5647
     31   3.14    13.93      19.42  0.9778     0.9820  0.0222     0.0180     0.5708         0.5921
     32   3.12    14.18      19.38  0.9747     0.9792  0.0253     0.0208     0.5055         0.5246
     33   3.06    12.56      17.68  0.9671     0.9749  0.0329     0.0251     0.4826         0.5099
     34   3.11    12.83      16.79  0.9724     0.9799  0.0276     0.0201     0.4879         0.5191
     35   3.16    13.94      19.15  0.9804     0.9848  0.0196     0.0152     0.5110         0.5322
     36   3.14    13.38      18.47  0.9791     0.9830  0.0209     0.0170     0.5158         0.5343
     37   3.13    12.52      16.82  0.9779     0.9825  0.0221     0.0175     0.4784         0.5089
     38   3.14    11.60      15.80  0.9775     0.9840  0.0225     0.0160     0.5170         0.5472
     39   3.11    11.62      15.88  0.9738     0.9828  0.0262     0.0172     0.4757         0.5041
     40   3.13    11.87      15.58  0.9747     0.9835  0.0253     0.0165     0.4731         0.5049
     41   3.09    11.76      15.30  0.9713     0.9798  0.0287     0.0202     0.4332         0.4613
     42   3.13    12.55      16.71  0.9795     0.9826  0.0205     0.0174     0.4101         0.4239
     43   3.12    10.76      14.85  0.9757     0.9845  0.0243     0.0155     0.4850         0.5120
     44   3.08    11.00      14.77  0.9721     0.9811  0.0279     0.0189     0.4270         0.4558
     45   3.08    10.53      14.39  0.9687     0.9803  0.0313     0.0197     0.4556         0.4892
     46   3.08    11.14      14.57  0.9730     0.9814  0.0270     0.0186     0.4019         0.4290
     47   3.12    12.10      17.11  0.9778     0.9818  0.0222     0.0182     0.4079         0.4204
     48   3.15    12.37      16.83  0.9793     0.9844  0.0207     0.0156     0.4163         0.4291
     49   3.11    10.68      14.20  0.9731     0.9819  0.0269     0.0181     0.4491         0.4762
     50   3.11    11.31      15.85  0.9791     0.9824  0.0209     0.0176     0.4073         0.4242
     51   3.08    10.22      14.03  0.9721     0.9795  0.0279     0.0205     0.4241         0.4489
     52   3.10    10.31      13.75  0.9736     0.9828  0.0264     0.0172     0.4160         0.4418
     53   3.12     9.79      13.92  0.9774     0.9836  0.0226     0.0164     0.4430         0.4628
     54   3.11    10.29      13.91  0.9763     0.9828  0.0237     0.0172     0.4558         0.4803
     55   3.12     9.71      13.70  0.9759     0.9837  0.0241     0.0163     0.4551         0.4771
     56   3.14    10.33      14.27  0.9795     0.9837  0.0205     0.0163     0.3836         0.3976
     57   3.11    10.80      14.69  0.9788     0.9824  0.0212     0.0176     0.3659         0.3800
     58   3.12     9.67      13.50  0.9781     0.9832  0.0219     0.0168     0.3888         0.4058
     59   3.10     9.66      13.23  0.9768     0.9830  0.0232     0.0170     0.4306         0.4505
     60   3.13     9.93      13.90  0.9789     0.9835  0.0211     0.0165     0.4466         0.4608
     61   3.14     9.81      14.05  0.9789     0.9854  0.0211     0.0146     0.4130         0.4273
     62   3.14     9.46      13.76  0.9808     0.9857  0.0192     0.0143     0.3973         0.4159
     63   3.12     8.89      12.85  0.9766     0.9852  0.0234     0.0148     0.4437         0.4669
     64   3.13     9.21      12.97  0.9782     0.9843  0.0218     0.0157     0.4042         0.4225
     65   3.11     9.17      12.65  0.9758     0.9846  0.0242     0.0154     0.3749         0.3991
     66   3.10     8.83      12.43  0.9742     0.9844  0.0258     0.0156     0.4157         0.4410
     67   3.11     8.63      12.56  0.9759     0.9844  0.0241     0.0156     0.4247         0.4484
     68   3.10     8.97      12.58  0.9771     0.9835  0.0229     0.0165     0.4122         0.4310
     69   3.12     8.69      12.79  0.9773     0.9835  0.0227     0.0165     0.3845         0.4031
     70   3.12     8.24      12.44  0.9776     0.9840  0.0224     0.0160     0.4094         0.4274
     71   3.14     9.56      14.16  0.9817     0.9840  0.0183     0.0160     0.3897         0.3992
     72   3.12     8.68      12.43  0.9771     0.9854  0.0229     0.0146     0.3861         0.4060
     73   3.11     8.21      12.40  0.9753     0.9841  0.0247     0.0159     0.3392         0.3545
     74   3.11     8.96      12.21  0.9788     0.9851  0.0212     0.0149     0.4072         0.4243
     75   3.11     8.09      11.83  0.9764     0.9839  0.0236     0.0161     0.3981         0.4164
     76   3.12     8.69      12.56  0.9766     0.9818  0.0234     0.0182     0.3143         0.3266
     77   3.15     8.38      12.49  0.9806     0.9854  0.0194     0.0146     0.3928         0.4074
     78   3.11     8.57      12.21  0.9765     0.9828  0.0235     0.0172     0.3696         0.3820
     79   3.13     8.12      12.02  0.9772     0.9847  0.0228     0.0153     0.3742         0.3893
     80   3.14     8.49      12.61  0.9823     0.9858  0.0177     0.0142     0.3485         0.3601
     81   3.10     8.54      12.11  0.9780     0.9830  0.0220     0.0170     0.3827         0.3996
     82   3.12     7.98      12.12  0.9793     0.9865  0.0207     0.0135     0.4210         0.4353
     83   3.13     8.06      12.00  0.9790     0.9860  0.0210     0.0140     0.4333         0.4498
     84   3.14     7.81      12.13  0.9809     0.9864  0.0191     0.0136     0.4335         0.4534
     85   3.13     8.17      11.98  0.9782     0.9854  0.0218     0.0146     0.3809         0.3899
     86   3.12     7.68      12.17  0.9789     0.9845  0.0211     0.0155     0.4513         0.4659
     87   3.12     8.31      12.32  0.9793     0.9843  0.0207     0.0157     0.3883         0.4009
     88   3.13     7.68      11.74  0.9784     0.9840  0.0216     0.0160     0.4452         0.4622
     89   3.13     8.10      12.33  0.9814     0.9853  0.0186     0.0147     0.3974         0.4086
     90   3.14     8.55      12.33  0.9827     0.9856  0.0173     0.0144     0.3311         0.3423
     91   3.14     8.01      11.67  0.9794     0.9867  0.0206     0.0133     0.3916         0.4065
     92   3.14     7.91      11.99  0.9804     0.9861  0.0196     0.0139     0.3819         0.3928
     93   3.13     8.03      12.14  0.9809     0.9852  0.0191     0.0148     0.3742         0.3867
     94   3.13     8.20      11.92  0.9793     0.9843  0.0207     0.0157     0.3899         0.4031
     95   3.12     7.96      12.28  0.9804     0.9841  0.0196     0.0159     0.4548         0.4641
     96   3.13     7.76      11.98  0.9810     0.9846  0.0190     0.0154     0.4250         0.4379
     97   3.13     7.63      11.44  0.9798     0.9859  0.0202     0.0141     0.4815         0.5016
     98   3.14     7.53      11.74  0.9801     0.9862  0.0199     0.0138     0.4409         0.4545
     99   3.15     7.90      11.85  0.9812     0.9859  0.0188     0.0141     0.4045         0.4174
    100   3.12     7.82      11.86  0.9798     0.9849  0.0202     0.0151     0.3867         0.3956
    101   3.14     7.79      11.67  0.9815     0.9863  0.0185     0.0137     0.3764         0.3894
    102   3.12     7.84      11.81  0.9812     0.9857  0.0188     0.0143     0.3953         0.4086
    103   3.14     7.84      12.08  0.9815     0.9860  0.0185     0.0140     0.3751         0.3839
    104   3.12     7.48      11.47  0.9792     0.9860  0.0208     0.0140     0.4465         0.4632
    105   3.15     7.61      11.59  0.9811     0.9855  0.0189     0.0145     0.3826         0.3943
    106   3.13     7.45      11.48  0.9810     0.9863  0.0190     0.0137     0.3980         0.4156
    107   3.12     7.57      11.62  0.9803     0.9858  0.0197     0.0142     0.4106         0.4278
    108   3.13     7.47      11.40  0.9778     0.9844  0.0222     0.0156     0.4356         0.4514
    109   3.15     7.53      11.64  0.9827     0.9855  0.0173     0.0145     0.4198         0.4356
    110   3.14     7.25      11.35  0.9806     0.9866  0.0194     0.0134     0.4632         0.4800
    111   3.14     7.52      11.44  0.9807     0.9858  0.0193     0.0142     0.4319         0.4465
    112   3.13     7.32      11.17  0.9782     0.9856  0.0218     0.0144     0.4594         0.4817
    113   3.12     7.60      11.62  0.9798     0.9853  0.0202     0.0147     0.4599         0.4740
    114   3.11     7.58      11.28  0.9806     0.9851  0.0194     0.0149     0.4380         0.4524
    115   3.12     7.33      11.41  0.9803     0.9861  0.0197     0.0139     0.4445         0.4610
    116   3.13     7.30      11.39  0.9802     0.9856  0.0198     0.0144     0.3951         0.4110
    117   3.12     7.42      11.27  0.9803     0.9850  0.0197     0.0150     0.4053         0.4214
    118   3.12     7.19      11.36  0.9800     0.9854  0.0200     0.0146     0.4302         0.4502
    119   3.13     7.30      11.47  0.9806     0.9850  0.0194     0.0150     0.3609         0.3739
    120   3.12     7.33      11.01  0.9794     0.9849  0.0206     0.0151     0.4030         0.4183
    121   3.12     7.46      11.75  0.9798     0.9846  0.0202     0.0154     0.3937         0.4064
    122   3.11     7.33      11.22  0.9782     0.9843  0.0218     0.0157     0.3806         0.3976
    123   3.12     7.38      11.30  0.9798     0.9847  0.0202     0.0153     0.4033         0.4189
    124   3.11     7.00      10.77  0.9772     0.9855  0.0228     0.0145     0.4080         0.4273
    125   3.13     7.41      11.34  0.9807     0.9861  0.0193     0.0139     0.3992         0.4167
    126   3.13     7.44      11.47  0.9821     0.9855  0.0179     0.0145     0.3619         0.3756
    127   3.12     7.49      11.19  0.9798     0.9849  0.0202     0.0151     0.3615         0.3775
    128   3.12     6.97      10.88  0.9790     0.9842  0.0210     0.0158     0.3764         0.3964
    129   3.13     7.29      11.08  0.9803     0.9856  0.0197     0.0144     0.3810         0.4007
    130   3.14     7.09      11.21  0.9820     0.9856  0.0180     0.0144     0.3730         0.3884
    131   3.10     7.32      11.24  0.9797     0.9835  0.0203     0.0165     0.3898         0.4106
    132   3.14     7.39      11.62  0.9813     0.9855  0.0187     0.0145     0.3613         0.3770
    133   3.13     6.80      11.15  0.9800     0.9862  0.0200     0.0138     0.3973         0.4146
    134   3.12     7.24      11.06  0.9799     0.9863  0.0201     0.0137     0.3795         0.3926
    135   3.12     7.19      11.05  0.9800     0.9851  0.0200     0.0149     0.3669         0.3798
    136   3.13     7.39      11.21  0.9801     0.9854  0.0199     0.0146     0.3405         0.3547
    137   3.13     7.18      10.97  0.9810     0.9856  0.0190     0.0144     0.3658         0.3766
    138   3.12     7.14      11.19  0.9797     0.9857  0.0203     0.0143     0.3736         0.3920
    139   3.13     7.15      11.04  0.9804     0.9860  0.0196     0.0140     0.3578         0.3733
    140   3.14     7.44      11.16  0.9812     0.9862  0.0188     0.0138     0.3688         0.3829
    141   3.12     7.07      11.00  0.9816     0.9866  0.0184     0.0134     0.3579         0.3736
    142   3.13     7.00      11.09  0.9801     0.9848  0.0199     0.0152     0.3703         0.3810
    143   3.13     7.13      11.14  0.9809     0.9869  0.0191     0.0131     0.3346         0.3488
    144   3.13     6.98      11.03  0.9815     0.9860  0.0185     0.0140     0.3433         0.3561
    145   3.14     7.63      11.48  0.9819     0.9858  0.0181     0.0142     0.3325         0.3450
    146   3.11     6.97      10.77  0.9800     0.9851  0.0200     0.0149     0.3889         0.4014
    147   3.13     7.16      11.16  0.9814     0.9856  0.0186     0.0144     0.3723         0.3881
    148   3.15     7.09      11.09  0.9815     0.9863  0.0185     0.0137     0.3419         0.3544
    149   3.12     7.10      10.97  0.9803     0.9845  0.0197     0.0155     0.4212         0.4390
    150   3.14     7.40      11.55  0.9822     0.9861  0.0178     0.0139     0.3589         0.3746
    151   3.13     7.21      11.32  0.9826     0.9857  0.0174     0.0143     0.3586         0.3771
    152   3.13     6.99      11.15  0.9805     0.9862  0.0195     0.0138     0.3485         0.3613
    153   3.12     6.91      11.01  0.9804     0.9858  0.0196     0.0142     0.3442         0.3590
    154   3.12     6.92      11.12  0.9808     0.9858  0.0192     0.0142     0.3554         0.3692
    155   3.13     6.90      10.99  0.9788     0.9854  0.0212     0.0146     0.3467         0.3623
    156   3.13     6.98      10.84  0.9798     0.9863  0.0202     0.0137     0.3519         0.3678
    157   3.14     7.14      10.87  0.9819     0.9870  0.0181     0.0130     0.3388         0.3539
    158   3.12     7.09      11.08  0.9803     0.9857  0.0197     0.0143     0.3170         0.3343
    159   3.12     6.88      10.84  0.9793     0.9852  0.0207     0.0148     0.3594         0.3776
    160   3.12     7.07      11.02  0.9809     0.9849  0.0191     0.0151     0.3613         0.3800
    161   3.12     6.82      10.91  0.9803     0.9860  0.0197     0.0140     0.3775         0.3932
    162   3.11     6.96      10.73  0.9805     0.9853  0.0195     0.0147     0.3499         0.3665
    163   3.14     6.74      10.85  0.9802     0.9860  0.0198     0.0140     0.3816         0.3967
    164   3.13     6.71      10.61  0.9796     0.9856  0.0204     0.0144     0.3868         0.4060
    165   3.14     6.88      10.66  0.9814     0.9865  0.0186     0.0135     0.3591         0.3762
    166   3.13     7.47      11.26  0.9816     0.9855  0.0184     0.0145     0.3229         0.3374
    167   3.12     6.92      10.78  0.9800     0.9855  0.0200     0.0145     0.3586         0.3678
    168   3.13     6.75      10.98  0.9811     0.9857  0.0189     0.0143     0.3513         0.3677
    169   3.12     6.97      11.01  0.9817     0.9856  0.0183     0.0144     0.3561         0.3688
    170   3.13     6.92      10.99  0.9795     0.9855  0.0205     0.0145     0.3550         0.3676
    171   3.11     6.94      10.89  0.9803     0.9857  0.0197     0.0143     0.3649         0.3779
    172   3.12     6.63      10.61  0.9804     0.9850  0.0196     0.0150     0.3935         0.4053
    173   3.14     7.05      10.87  0.9829     0.9860  0.0171     0.0140     0.3567         0.3703
    174   3.12     6.79      10.78  0.9799     0.9860  0.0201     0.0140     0.3648         0.3778
    175   3.14     6.84      10.90  0.9825     0.9865  0.0175     0.0135     0.3648         0.3789
    176   3.12     6.85      10.78  0.9788     0.9857  0.0212     0.0143     0.3441         0.3616
    177   3.12     6.81      10.59  0.9801     0.9842  0.0199     0.0158     0.3586         0.3722
    178   3.13     6.91      10.71  0.9818     0.9852  0.0182     0.0148     0.3828         0.4015
    179   3.13     6.88      10.91  0.9819     0.9865  0.0181     0.0135     0.3704         0.3811
    180   3.12     6.67      10.80  0.9804     0.9859  0.0196     0.0141     0.3817         0.3989
    181   3.14     6.92      10.80  0.9817     0.9856  0.0183     0.0144     0.3712         0.3873
    182   3.12     6.85      10.61  0.9789     0.9858  0.0211     0.0142     0.3607         0.3760
    183   3.12     6.71      10.53  0.9791     0.9857  0.0209     0.0143     0.3628         0.3798
    184   3.12     6.72      10.69  0.9801     0.9857  0.0199     0.0143     0.3306         0.3417
    185   3.13     6.61      10.50  0.9800     0.9859  0.0200     0.0141     0.3582         0.3702
    186   3.13     6.82      10.65  0.9811     0.9854  0.0189     0.0146     0.3444         0.3593
    187   3.12     6.81      10.65  0.9804     0.9858  0.0196     0.0142     0.3829         0.3954
    188   3.12     6.79      10.69  0.9804     0.9857  0.0196     0.0143     0.3739         0.3823
    189   3.12     6.79      10.78  0.9795     0.9852  0.0205     0.0148     0.3674         0.3825
    190   3.12     6.86      10.83  0.9807     0.9859  0.0193     0.0141     0.3507         0.3647
    191   3.13     6.67      10.80  0.9805     0.9854  0.0195     0.0146     0.3522         0.3637
    192   3.14     6.79      10.91  0.9826     0.9864  0.0174     0.0136     0.3716         0.3855
    193   3.13     6.57      10.60  0.9807     0.9853  0.0193     0.0147     0.3872         0.4081
    194   3.11     6.89      10.81  0.9797     0.9854  0.0203     0.0146     0.3782         0.3917
    195   3.14     6.81      10.80  0.9813     0.9871  0.0187     0.0129     0.3747         0.3838
    196   3.12     6.72      10.57  0.9785     0.9849  0.0215     0.0151     0.3584         0.3746
    197   3.13     6.61      10.59  0.9794     0.9864  0.0206     0.0136     0.3688         0.3842
    198   3.12     6.77      10.72  0.9802     0.9851  0.0198     0.0149     0.3498         0.3654
    199   3.14     6.63      10.53  0.9792     0.9860  0.0208     0.0140     0.3661         0.3758
    200   3.14     6.61      10.70  0.9802     0.9857  0.0198     0.0143     0.3769         0.3903
The log/output/model have been saved to: ./logs/train.py-multi_zetas{'num_epochs': 200, 'use_stoch': [False, True, True], 'betas': [0.01, 0.01, 0.01]}-qkr-04-03-22:12 + .csv/.out/.cpt
