  epoch    IZY    IXZ_1    IZ_1Z_2    IZ_2Z_3     acc    avg_acc     err    avg_err    adv_acc    avg_adv_acc
-------  -----  -------  ---------  ---------  ------  ---------  ------  ---------  ---------  -------------
      1   3.09  1967.26    1020.53     532.54  0.9481     0.9475  0.0519     0.0525     0.0274         0.0272
      2   3.17  1820.19     898.34     465.20  0.9647     0.9647  0.0353     0.0353     0.0176         0.0176
      3   3.16  1742.80     815.69     419.26  0.9652     0.9648  0.0348     0.0352     0.0208         0.0207
      4   3.18  1708.30     780.33     394.43  0.9707     0.9707  0.0293     0.0293     0.0154         0.0153
      5   3.21  1695.68     736.59     360.25  0.9759     0.9761  0.0241     0.0239     0.0196         0.0194
      6   3.22  1641.79     707.67     348.96  0.9792     0.9790  0.0208     0.0210     0.0226         0.0224
      7   3.21  1621.67     668.89     329.68  0.9764     0.9771  0.0236     0.0229     0.0304         0.0303
      8   3.22  1606.72     648.16     322.23  0.9795     0.9794  0.0205     0.0206     0.0550         0.0551
      9   3.18  1580.78     643.99     316.79  0.9714     0.9715  0.0286     0.0285     0.0577         0.0579
     10   3.20  1539.35     622.68     310.42  0.9754     0.9753  0.0246     0.0247     0.0758         0.0771
     11   3.19  1484.53     570.12     290.20  0.9767     0.9763  0.0233     0.0237     0.0762         0.0768
     12   3.20  1484.95     557.75     284.92  0.9794     0.9802  0.0206     0.0198     0.0959         0.0987
     13   3.14  1450.50     541.80     278.89  0.9690     0.9691  0.0310     0.0309     0.0921         0.0948
     14   3.21  1435.01     521.53     267.28  0.9802     0.9805  0.0198     0.0195     0.1032         0.1035
     15   3.18  1395.73     495.78     265.97  0.9769     0.9770  0.0231     0.0230     0.1259         0.1300
     16   3.20  1374.64     481.70     260.49  0.9797     0.9797  0.0203     0.0203     0.1229         0.1255
     17   3.21  1376.09     498.74     261.39  0.9798     0.9803  0.0202     0.0197     0.1185         0.1201
     18   3.22  1343.04     451.39     242.68  0.9830     0.9835  0.0170     0.0165     0.1489         0.1536
     19   3.21  1310.59     451.60     249.21  0.9795     0.9795  0.0205     0.0205     0.1275         0.1338
     20   3.20  1296.60     456.71     245.91  0.9806     0.9802  0.0194     0.0198     0.1457         0.1513
     21   3.21  1280.72     449.74     239.20  0.9803     0.9811  0.0197     0.0189     0.1793         0.1861
     22   3.21  1234.85     414.58     235.45  0.9812     0.9812  0.0188     0.0188     0.2030         0.2144
     23   3.21  1240.04     412.17     224.93  0.9822     0.9824  0.0178     0.0176     0.1601         0.1688
     24   3.21  1157.71     385.59     224.09  0.9821     0.9823  0.0179     0.0177     0.2018         0.2207
     25   3.19  1124.09     371.86     218.11  0.9785     0.9785  0.0215     0.0215     0.1829         0.1985
     26   3.21  1124.96     372.27     210.19  0.9826     0.9827  0.0174     0.0173     0.1912         0.2071
     27   3.21  1142.22     376.89     213.69  0.9830     0.9828  0.0170     0.0172     0.1717         0.1875
     28   3.21  1131.74     375.03     211.06  0.9820     0.9822  0.0180     0.0178     0.1640         0.1744
     29   3.20  1046.55     359.00     207.46  0.9819     0.9820  0.0181     0.0180     0.1921         0.2103
     30   3.21  1029.63     328.04     204.53  0.9826     0.9825  0.0174     0.0175     0.2266         0.2506
     31   3.19   965.31     333.60     224.40  0.9803     0.9803  0.0197     0.0197     0.2490         0.2843
     32   3.21  1022.34     351.05     193.87  0.9824     0.9818  0.0176     0.0182     0.1693         0.1885
     33   3.22  1046.54     360.48     196.08  0.9826     0.9829  0.0174     0.0171     0.1323         0.1471
     34   3.22   930.68     305.41     191.92  0.9840     0.9839  0.0160     0.0161     0.1973         0.2285
     35   3.21   945.10     307.05     193.16  0.9821     0.9818  0.0179     0.0182     0.2059         0.2308
     36   3.20   941.65     302.47     197.23  0.9827     0.9827  0.0173     0.0173     0.2796         0.3149
     37   3.19   956.59     339.63     189.58  0.9812     0.9810  0.0188     0.0190     0.1506         0.1651
     38   3.21   904.33     296.63     188.58  0.9842     0.9843  0.0158     0.0157     0.2361         0.2696
     39   3.22   873.24     299.26     187.74  0.9846     0.9846  0.0154     0.0154     0.2547         0.2885
     40   3.19   876.23     304.99     181.84  0.9792     0.9796  0.0208     0.0204     0.1928         0.2185
     41   3.21   927.25     309.70     174.41  0.9818     0.9820  0.0182     0.0180     0.1893         0.2119
     42   3.23   820.72     273.04     173.99  0.9853     0.9850  0.0147     0.0150     0.2278         0.2683
     43   3.22   724.79     256.63     173.52  0.9851     0.9853  0.0149     0.0147     0.2164         0.2596
     44   3.21   845.52     326.54     185.30  0.9825     0.9828  0.0175     0.0172     0.1752         0.1935
     45   3.22   742.03     266.18     177.90  0.9851     0.9851  0.0149     0.0149     0.2680         0.3111
     46   3.21   800.32     290.64     171.02  0.9849     0.9846  0.0151     0.0154     0.2226         0.2492
     47   3.19   788.70     274.96     170.60  0.9804     0.9809  0.0196     0.0191     0.2377         0.2736
     48   3.23   738.13     262.69     162.02  0.9851     0.9851  0.0149     0.0149     0.2083         0.2473
     49   3.21   752.02     315.58     176.79  0.9802     0.9803  0.0198     0.0197     0.1116         0.1262
     50   3.21   713.69     271.15     166.72  0.9850     0.9852  0.0150     0.0148     0.2567         0.2955
     51   3.20   721.35     267.41     164.07  0.9843     0.9844  0.0157     0.0156     0.2285         0.2698
     52   3.19   744.84     267.91     167.29  0.9810     0.9815  0.0190     0.0185     0.2050         0.2403
     53   3.21   726.99     250.88     157.40  0.9843     0.9842  0.0157     0.0158     0.2329         0.2725
     54   3.22   655.45     239.74     158.99  0.9861     0.9861  0.0139     0.0139     0.2359         0.2822
     55   3.21   643.53     240.28     151.58  0.9847     0.9846  0.0153     0.0154     0.1907         0.2258
     56   3.22   748.89     266.65     152.05  0.9857     0.9854  0.0143     0.0146     0.1411         0.1651
     57   3.22   651.89     242.07     151.93  0.9848     0.9856  0.0152     0.0144     0.1963         0.2300
     58   3.21   587.36     237.50     154.53  0.9841     0.9843  0.0159     0.0157     0.1847         0.2217
     59   3.22   665.64     253.75     146.68  0.9848     0.9851  0.0152     0.0149     0.1632         0.1869
     60   3.21   555.86     229.69     145.02  0.9848     0.9845  0.0152     0.0155     0.1667         0.2006
     61   3.22   685.45     246.49     144.71  0.9843     0.9841  0.0157     0.0159     0.1512         0.1795
     62   3.22   649.55     247.63     147.68  0.9859     0.9861  0.0141     0.0139     0.1626         0.1957
     63   3.22   535.47     214.95     145.39  0.9864     0.9867  0.0136     0.0133     0.1974         0.2443
     64   3.22   557.65     239.74     140.61  0.9855     0.9856  0.0145     0.0144     0.1638         0.1938
     65   3.18   690.46     262.87     150.13  0.9795     0.9795  0.0205     0.0205     0.1690         0.2030
     66   3.21   686.86     266.19     145.31  0.9842     0.9838  0.0158     0.0162     0.1421         0.1633
     67   3.22   592.66     242.38     140.34  0.9857     0.9858  0.0143     0.0142     0.1779         0.2045
     68   3.22   473.91     217.02     140.85  0.9861     0.9858  0.0139     0.0142     0.1917         0.2245
     69   3.23   442.07     225.76     136.83  0.9862     0.9858  0.0138     0.0142     0.1634         0.1921
     70   3.19   604.82     256.37     139.07  0.9822     0.9821  0.0178     0.0179     0.1370         0.1598
     71   3.22   625.95     240.23     135.12  0.9857     0.9859  0.0143     0.0141     0.1698         0.1989
     72   3.22   577.56     226.46     133.08  0.9852     0.9853  0.0148     0.0147     0.1671         0.2024
     73   3.17   522.88     221.48     141.74  0.9800     0.9805  0.0200     0.0195     0.1564         0.1907
     74   3.22   526.57     211.92     130.33  0.9851     0.9855  0.0149     0.0145     0.1630         0.1999
     75   3.22   453.90     202.59     128.46  0.9854     0.9855  0.0146     0.0145     0.1654         0.1988
     76   3.21   698.89     263.93     130.24  0.9847     0.9847  0.0153     0.0153     0.1053         0.1206
     77   3.22   544.71     213.05     128.74  0.9855     0.9857  0.0145     0.0143     0.1902         0.2233
     78   3.21   602.00     246.75     126.54  0.9839     0.9842  0.0161     0.0158     0.1009         0.1170
     79   3.22   495.91     212.35     123.15  0.9854     0.9852  0.0146     0.0148     0.1529         0.1806
     80   3.22   508.73     213.10     121.49  0.9856     0.9857  0.0144     0.0143     0.1315         0.1535
     81   3.23   574.27     225.17     122.04  0.9854     0.9856  0.0146     0.0144     0.1341         0.1526
     82   3.22   433.94     198.46     124.37  0.9852     0.9855  0.0148     0.0145     0.1740         0.2077
     83   3.22   393.55     193.88     123.89  0.9853     0.9853  0.0147     0.0147     0.1686         0.1965
     84   3.21   493.54     208.74     119.57  0.9842     0.9844  0.0158     0.0156     0.1413         0.1641
     85   3.22   554.94     211.73     119.87  0.9852     0.9851  0.0148     0.0149     0.1320         0.1583
     86   3.22   466.36     199.11     122.56  0.9855     0.9854  0.0145     0.0146     0.1703         0.2031
     87   3.22   414.00     192.76     118.54  0.9868     0.9866  0.0132     0.0134     0.1676         0.2024
     88   3.21   457.72     208.27     118.57  0.9848     0.9845  0.0152     0.0155     0.1466         0.1665
     89   3.22   460.27     203.90     116.23  0.9853     0.9852  0.0147     0.0148     0.1366         0.1632
     90   3.22   464.39     197.37     115.96  0.9872     0.9871  0.0128     0.0129     0.1665         0.2009
     91   3.23   485.75     205.35     113.71  0.9866     0.9867  0.0134     0.0133     0.1435         0.1680
     92   3.22   397.59     185.98     116.44  0.9863     0.9863  0.0137     0.0137     0.1702         0.2061
     93   3.22   384.05     189.82     112.56  0.9863     0.9864  0.0137     0.0136     0.1441         0.1687
     94   3.21   461.21     225.64     119.62  0.9843     0.9839  0.0157     0.0161     0.1281         0.1460
     95   3.22   424.92     192.23     111.63  0.9853     0.9852  0.0147     0.0148     0.1586         0.1896
     96   3.21   472.66     205.51     112.25  0.9853     0.9848  0.0147     0.0152     0.1384         0.1628
     97   3.21   421.94     191.87     109.66  0.9852     0.9856  0.0148     0.0144     0.1411         0.1606
     98   3.22   433.65     190.27     112.23  0.9870     0.9869  0.0130     0.0131     0.1585         0.1857
     99   3.22   407.36     189.96     111.89  0.9859     0.9857  0.0141     0.0143     0.1573         0.1815
    100   3.22   390.12     186.98     111.04  0.9857     0.9856  0.0143     0.0144     0.1401         0.1650
    101   3.22   352.51     181.53     112.92  0.9867     0.9866  0.0133     0.0134     0.1518         0.1809
    102   3.22   381.91     178.26     110.77  0.9864     0.9862  0.0136     0.0138     0.1540         0.1806
    103   3.20   361.57     173.60     112.20  0.9844     0.9848  0.0156     0.0152     0.1650         0.1954
    104   3.20   378.94     181.78     116.66  0.9846     0.9849  0.0154     0.0151     0.1369         0.1603
    105   3.21   375.10     172.88     111.29  0.9857     0.9860  0.0143     0.0140     0.1637         0.1996
    106   3.21   421.06     177.06     107.15  0.9859     0.9860  0.0141     0.0140     0.1495         0.1802
    107   3.22   369.93     176.51     107.64  0.9849     0.9852  0.0151     0.0148     0.1410         0.1659
    108   3.21   420.57     189.93     106.33  0.9845     0.9842  0.0155     0.0158     0.1228         0.1424
    109   3.21   338.23     167.51     108.68  0.9857     0.9855  0.0143     0.0145     0.1625         0.1924
    110   3.21   404.03     176.64     104.49  0.9869     0.9870  0.0131     0.0130     0.1326         0.1557
    111   3.23   407.81     178.50     103.86  0.9867     0.9866  0.0133     0.0134     0.1321         0.1576
    112   3.22   343.96     166.16     105.69  0.9862     0.9861  0.0138     0.0139     0.1606         0.1893
    113   3.22   404.56     176.67     104.89  0.9861     0.9858  0.0139     0.0142     0.1291         0.1534
    114   3.21   365.19     170.94     101.19  0.9856     0.9851  0.0144     0.0149     0.1372         0.1609
    115   3.22   370.34     177.24     103.83  0.9876     0.9877  0.0124     0.0123     0.1373         0.1611
    116   3.22   339.55     170.77     103.52  0.9866     0.9867  0.0134     0.0133     0.1407         0.1651
    117   3.22   302.37     162.16     104.54  0.9870     0.9870  0.0130     0.0130     0.1573         0.1840
    118   3.22   343.83     175.16     100.65  0.9860     0.9864  0.0140     0.0136     0.1336         0.1520
    119   3.21   348.38     173.70     102.36  0.9858     0.9858  0.0142     0.0142     0.1435         0.1658
    120   3.22   396.18     173.92     100.19  0.9861     0.9859  0.0139     0.0141     0.1492         0.1734
    121   3.22   334.33     165.11     102.56  0.9871     0.9876  0.0129     0.0124     0.1584         0.1851
    122   3.23   327.80     166.14     100.74  0.9877     0.9872  0.0123     0.0128     0.1462         0.1681
    123   3.22   365.65     181.72     102.73  0.9863     0.9863  0.0137     0.0137     0.1188         0.1365
    124   3.22   361.27     166.22      99.85  0.9863     0.9862  0.0137     0.0138     0.1537         0.1809
    125   3.22   332.92     161.74     100.45  0.9864     0.9864  0.0136     0.0136     0.1520         0.1808
    126   3.22   337.25     169.38      99.86  0.9860     0.9861  0.0140     0.0139     0.1506         0.1755
    127   3.21   346.36     169.96     100.45  0.9853     0.9853  0.0147     0.0147     0.1377         0.1616
    128   3.21   308.01     159.03     100.54  0.9856     0.9860  0.0144     0.0140     0.1525         0.1787
    129   3.22   312.63     164.80      97.30  0.9866     0.9864  0.0134     0.0136     0.1353         0.1538
    130   3.22   300.62     153.37      97.68  0.9874     0.9871  0.0126     0.0129     0.1560         0.1808
    131   3.21   332.90     164.69      94.18  0.9867     0.9867  0.0133     0.0133     0.1335         0.1536
    132   3.21   326.89     154.63      95.23  0.9861     0.9864  0.0139     0.0136     0.1534         0.1766
    133   3.22   307.49     158.66      97.31  0.9861     0.9862  0.0139     0.0138     0.1351         0.1582
    134   3.22   315.67     155.40      96.07  0.9873     0.9868  0.0127     0.0132     0.1435         0.1696
    135   3.22   311.80     156.81      94.09  0.9873     0.9869  0.0127     0.0131     0.1474         0.1689
    136   3.21   333.28     162.28      93.57  0.9862     0.9861  0.0138     0.0139     0.1315         0.1525
    137   3.21   301.43     153.09      95.38  0.9864     0.9864  0.0136     0.0136     0.1485         0.1747
    138   3.22   302.26     155.52      93.97  0.9868     0.9870  0.0132     0.0130     0.1434         0.1629
    139   3.22   291.67     156.62      91.99  0.9871     0.9870  0.0129     0.0130     0.1370         0.1556
    140   3.21   271.72     149.62      93.19  0.9859     0.9859  0.0141     0.0141     0.1468         0.1688
    141   3.21   323.76     166.17      89.75  0.9860     0.9863  0.0140     0.0137     0.1305         0.1507
    142   3.21   330.80     162.44      91.51  0.9861     0.9861  0.0139     0.0139     0.1428         0.1630
    143   3.21   308.03     154.45      91.71  0.9858     0.9857  0.0142     0.0143     0.1492         0.1730
    144   3.21   325.55     151.37      90.18  0.9868     0.9864  0.0132     0.0136     0.1572         0.1806
    145   3.20   321.49     152.36      90.15  0.9854     0.9855  0.0146     0.0145     0.1474         0.1632
    146   3.21   340.76     164.89      93.06  0.9859     0.9864  0.0141     0.0136     0.1211         0.1410
    147   3.21   310.73     153.78      92.42  0.9864     0.9863  0.0136     0.0137     0.1304         0.1528
    148   3.22   306.02     151.30      90.65  0.9868     0.9866  0.0132     0.0134     0.1465         0.1657
    149   3.22   274.90     146.43      92.99  0.9866     0.9864  0.0134     0.0136     0.1472         0.1685
    150   3.21   304.72     155.30      91.44  0.9870     0.9870  0.0130     0.0130     0.1345         0.1554
    151   3.21   295.40     153.91      90.80  0.9853     0.9854  0.0147     0.0146     0.1355         0.1562
    152   3.21   267.05     147.75      92.32  0.9868     0.9866  0.0132     0.0134     0.1540         0.1777
    153   3.22   291.79     155.19      89.29  0.9869     0.9875  0.0131     0.0125     0.1367         0.1576
    154   3.21   281.00     145.73      92.34  0.9858     0.9860  0.0142     0.0140     0.1437         0.1669
    155   3.21   297.87     146.16      89.82  0.9857     0.9860  0.0143     0.0140     0.1400         0.1637
    156   3.22   293.73     155.16      89.06  0.9861     0.9863  0.0139     0.0137     0.1292         0.1478
    157   3.21   280.34     147.13      89.25  0.9860     0.9864  0.0140     0.0136     0.1484         0.1658
    158   3.21   303.39     154.21      87.10  0.9862     0.9859  0.0138     0.0141     0.1320         0.1487
    159   3.21   256.65     144.66      90.36  0.9855     0.9858  0.0145     0.0142     0.1456         0.1670
    160   3.22   271.20     149.08      89.94  0.9869     0.9872  0.0131     0.0128     0.1351         0.1564
    161   3.21   318.70     165.21      90.13  0.9852     0.9853  0.0148     0.0147     0.1255         0.1387
    162   3.22   280.70     156.11      88.59  0.9870     0.9871  0.0130     0.0129     0.1335         0.1507
    163   3.21   249.46     143.50      90.41  0.9861     0.9865  0.0139     0.0135     0.1451         0.1672
    164   3.21   294.38     155.64      86.62  0.9866     0.9864  0.0134     0.0136     0.1349         0.1541
    165   3.22   274.02     146.81      88.26  0.9865     0.9868  0.0135     0.0132     0.1360         0.1577
    166   3.21   255.45     143.36      89.24  0.9854     0.9852  0.0146     0.0148     0.1514         0.1725
    167   3.22   252.70     144.24      88.69  0.9872     0.9874  0.0128     0.0126     0.1364         0.1542
    168   3.21   277.91     146.09      87.52  0.9867     0.9865  0.0133     0.0135     0.1344         0.1561
    169   3.22   266.64     141.58      87.88  0.9862     0.9861  0.0138     0.0139     0.1425         0.1638
    170   3.22   273.50     141.87      86.65  0.9873     0.9872  0.0127     0.0128     0.1387         0.1600
    171   3.21   247.94     138.15      87.45  0.9849     0.9850  0.0151     0.0150     0.1390         0.1644
    172   3.22   263.49     144.67      85.60  0.9878     0.9876  0.0122     0.0124     0.1335         0.1490
    173   3.22   269.42     143.72      84.68  0.9861     0.9862  0.0139     0.0138     0.1289         0.1514
    174   3.22   259.43     145.30      86.63  0.9866     0.9865  0.0134     0.0135     0.1340         0.1544
    175   3.22   266.52     146.27      86.35  0.9869     0.9868  0.0131     0.0132     0.1276         0.1440
    176   3.22   275.29     155.16      86.93  0.9860     0.9861  0.0140     0.0139     0.1165         0.1351
    177   3.22   265.83     140.75      85.50  0.9877     0.9878  0.0123     0.0122     0.1405         0.1536
    178   3.22   254.86     140.80      86.34  0.9859     0.9856  0.0141     0.0144     0.1270         0.1495
    179   3.21   294.21     147.86      83.63  0.9862     0.9862  0.0138     0.0138     0.1257         0.1417
    180   3.21   245.19     138.62      86.55  0.9868     0.9874  0.0132     0.0126     0.1379         0.1596
    181   3.22   259.32     141.71      85.14  0.9867     0.9869  0.0133     0.0131     0.1373         0.1581
    182   3.22   280.22     152.54      85.42  0.9870     0.9870  0.0130     0.0130     0.1228         0.1354
    183   3.22   250.75     136.98      86.62  0.9868     0.9872  0.0132     0.0128     0.1470         0.1701
    184   3.21   253.22     139.82      84.98  0.9861     0.9864  0.0139     0.0136     0.1408         0.1607
    185   3.21   238.97     136.44      87.01  0.9860     0.9863  0.0140     0.0137     0.1507         0.1713
    186   3.22   246.58     140.61      85.99  0.9870     0.9869  0.0130     0.0131     0.1378         0.1565
    187   3.22   246.63     137.00      84.98  0.9869     0.9873  0.0131     0.0127     0.1441         0.1666
    188   3.22   278.63     149.22      85.28  0.9870     0.9871  0.0130     0.0129     0.1259         0.1382
    189   3.21   262.12     143.05      85.57  0.9864     0.9867  0.0136     0.0133     0.1290         0.1504
    190   3.20   245.35     136.35      86.34  0.9860     0.9862  0.0140     0.0138     0.1434         0.1639
    191   3.21   252.44     137.86      84.89  0.9854     0.9854  0.0146     0.0146     0.1388         0.1555
    192   3.21   257.51     141.12      83.85  0.9866     0.9865  0.0134     0.0135     0.1380         0.1525
    193   3.21   243.65     136.22      84.79  0.9863     0.9864  0.0137     0.0136     0.1442         0.1639
    194   3.22   261.13     144.91      83.08  0.9870     0.9869  0.0130     0.0131     0.1265         0.1411
    195   3.21   295.79     152.85      82.88  0.9864     0.9861  0.0136     0.0139     0.1276         0.1415
    196   3.22   242.33     138.22      85.57  0.9875     0.9876  0.0125     0.0124     0.1450         0.1661
    197   3.21   238.47     136.94      84.33  0.9865     0.9865  0.0135     0.0135     0.1384         0.1559
    198   3.22   275.64     150.75      81.98  0.9862     0.9863  0.0138     0.0137     0.1197         0.1298
    199   3.21   241.63     137.64      83.95  0.9870     0.9870  0.0130     0.0130     0.1404         0.1583
    200   3.21   256.25     139.76      83.16  0.9864     0.9865  0.0136     0.0135     0.1390         0.1546
    201   3.21   275.16     143.65      81.87  0.9865     0.9860  0.0135     0.0140     0.1382         0.1513
    202   3.22   285.98     147.40      80.81  0.9861     0.9861  0.0139     0.0139     0.1294         0.1438
    203   3.22   267.88     146.45      81.80  0.9873     0.9874  0.0127     0.0126     0.1234         0.1362
    204   3.21   248.10     137.18      83.16  0.9859     0.9857  0.0141     0.0143     0.1391         0.1558
    205   3.22   251.35     138.02      82.94  0.9868     0.9867  0.0132     0.0133     0.1354         0.1542
    206   3.22   248.15     139.57      83.39  0.9869     0.9866  0.0131     0.0134     0.1363         0.1531
    207   3.22   265.81     146.08      82.44  0.9872     0.9875  0.0128     0.0125     0.1226         0.1357
    208   3.21   254.44     141.38      83.05  0.9865     0.9869  0.0135     0.0131     0.1289         0.1438
    209   3.21   252.23     139.69      82.11  0.9864     0.9865  0.0136     0.0135     0.1327         0.1518
    210   3.22   231.75     132.65      85.49  0.9861     0.9865  0.0139     0.0135     0.1402         0.1578
    211   3.22   224.86     132.93      84.44  0.9859     0.9860  0.0141     0.0140     0.1399         0.1607
    212   3.22   233.54     136.94      83.45  0.9867     0.9869  0.0133     0.0131     0.1393         0.1498
    213   3.21   267.21     146.92      81.71  0.9854     0.9853  0.0146     0.0147     0.1278         0.1429
    214   3.21   235.64     135.20      83.11  0.9855     0.9854  0.0145     0.0146     0.1341         0.1489
    215   3.21   248.58     136.30      83.26  0.9861     0.9861  0.0139     0.0139     0.1322         0.1482
    216   3.21   259.47     138.44      81.92  0.9861     0.9862  0.0139     0.0138     0.1283         0.1445
    217   3.21   272.36     142.08      81.90  0.9862     0.9865  0.0138     0.0135     0.1327         0.1443
    218   3.21   239.75     132.51      83.41  0.9857     0.9859  0.0143     0.0141     0.1424         0.1621
    219   3.21   234.48     132.24      84.35  0.9854     0.9858  0.0146     0.0142     0.1372         0.1588
    220   3.21   235.14     133.45      83.58  0.9863     0.9864  0.0137     0.0136     0.1333         0.1528
    221   3.22   236.83     132.60      82.83  0.9876     0.9875  0.0124     0.0125     0.1291         0.1447
    222   3.22   254.21     139.35      81.17  0.9865     0.9866  0.0135     0.0134     0.1272         0.1414
    223   3.22   250.53     137.58      81.18  0.9873     0.9871  0.0127     0.0129     0.1249         0.1392
    224   3.21   239.91     136.53      82.97  0.9857     0.9853  0.0143     0.0147     0.1266         0.1440
    225   3.21   249.18     139.03      81.73  0.9854     0.9858  0.0146     0.0142     0.1196         0.1361
    226   3.22   232.86     134.30      83.26  0.9869     0.9866  0.0131     0.0134     0.1316         0.1475
    227   3.22   242.81     136.45      82.84  0.9864     0.9863  0.0136     0.0137     0.1282         0.1459
    228   3.22   238.42     136.65      82.13  0.9870     0.9872  0.0130     0.0128     0.1275         0.1422
    229   3.21   239.80     135.21      82.28  0.9864     0.9865  0.0136     0.0135     0.1333         0.1459
    230   3.21   237.38     134.39      81.82  0.9860     0.9861  0.0140     0.0139     0.1353         0.1525
    231   3.22   232.94     134.21      81.77  0.9874     0.9872  0.0126     0.0128     0.1300         0.1470
    232   3.21   226.67     132.47      83.43  0.9865     0.9865  0.0135     0.0135     0.1342         0.1540
    233   3.21   237.96     135.52      81.41  0.9852     0.9855  0.0148     0.0145     0.1293         0.1412
    234   3.21   242.74     136.49      81.47  0.9873     0.9871  0.0127     0.0129     0.1321         0.1494
    235   3.22   235.07     134.34      81.95  0.9859     0.9853  0.0141     0.0147     0.1353         0.1559
    236   3.22   228.66     132.72      82.13  0.9868     0.9869  0.0132     0.0131     0.1366         0.1496
    237   3.22   229.98     132.85      82.20  0.9872     0.9871  0.0128     0.0129     0.1345         0.1498
    238   3.21   230.64     131.48      82.59  0.9861     0.9861  0.0139     0.0139     0.1327         0.1479
    239   3.22   243.84     134.21      80.70  0.9867     0.9866  0.0133     0.0134     0.1283         0.1434
    240   3.21   227.53     133.13      82.36  0.9866     0.9867  0.0134     0.0133     0.1305         0.1515
    241   3.21   229.91     135.14      82.35  0.9861     0.9861  0.0139     0.0139     0.1295         0.1461
    242   3.20   230.94     132.73      81.08  0.9857     0.9856  0.0143     0.0144     0.1321         0.1487
    243   3.20   225.71     131.00      81.98  0.9866     0.9865  0.0134     0.0135     0.1328         0.1504
    244   3.21   233.28     133.14      81.31  0.9848     0.9850  0.0152     0.0150     0.1303         0.1463
    245   3.21   235.47     134.37      80.80  0.9861     0.9860  0.0139     0.0140     0.1363         0.1505
    246   3.21   234.70     132.47      80.80  0.9865     0.9868  0.0135     0.0132     0.1319         0.1425
    247   3.21   222.82     130.07      82.25  0.9864     0.9866  0.0136     0.0134     0.1355         0.1481
    248   3.21   230.43     132.07      81.34  0.9860     0.9860  0.0140     0.0140     0.1384         0.1551
    249   3.21   232.06     133.03      80.38  0.9867     0.9864  0.0133     0.0136     0.1260         0.1430
    250   3.21   233.74     131.64      80.60  0.9862     0.9863  0.0138     0.0137     0.1384         0.1588
    251   3.21   225.36     131.21      81.44  0.9855     0.9857  0.0145     0.0143     0.1304         0.1444
    252   3.20   227.10     131.43      81.23  0.9852     0.9852  0.0148     0.0148     0.1279         0.1449
    253   3.22   220.47     129.94      81.74  0.9866     0.9865  0.0134     0.0135     0.1335         0.1479
    254   3.21   237.64     133.36      79.94  0.9862     0.9864  0.0138     0.0136     0.1359         0.1507
    255   3.21   231.29     131.80      81.32  0.9860     0.9862  0.0140     0.0138     0.1276         0.1416
    256   3.21   216.48     128.31      81.80  0.9861     0.9862  0.0139     0.0138     0.1353         0.1486
    257   3.21   222.12     129.71      81.58  0.9860     0.9859  0.0140     0.0141     0.1327         0.1475
    258   3.21   239.82     134.61      79.75  0.9866     0.9864  0.0134     0.0136     0.1276         0.1432
    259   3.21   225.23     130.20      80.93  0.9869     0.9867  0.0131     0.0133     0.1338         0.1487
    260   3.21   235.94     134.19      79.64  0.9864     0.9866  0.0136     0.0134     0.1305         0.1427
    261   3.21   226.47     132.05      80.41  0.9869     0.9870  0.0131     0.0130     0.1296         0.1399
    262   3.21   225.75     130.60      79.93  0.9861     0.9860  0.0139     0.0140     0.1345         0.1482
    263   3.21   226.32     130.93      80.56  0.9870     0.9869  0.0130     0.0131     0.1342         0.1486
    264   3.21   226.45     131.02      80.10  0.9864     0.9868  0.0136     0.0132     0.1294         0.1406
    265   3.22   227.59     130.48      80.00  0.9867     0.9865  0.0133     0.0135     0.1329         0.1500
    266   3.22   231.68     133.06      79.91  0.9867     0.9868  0.0133     0.0132     0.1347         0.1484
    267   3.21   222.62     129.41      80.66  0.9866     0.9866  0.0134     0.0134     0.1364         0.1484
    268   3.22   229.86     131.00      80.27  0.9870     0.9867  0.0130     0.0133     0.1328         0.1495
    269   3.22   241.39     132.70      79.13  0.9869     0.9871  0.0131     0.0129     0.1341         0.1465
    270   3.20   227.81     129.16      79.99  0.9856     0.9861  0.0144     0.0139     0.1384         0.1516
    271   3.22   234.71     132.02      79.89  0.9872     0.9872  0.0128     0.0128     0.1343         0.1480
    272   3.22   229.44     128.96      80.30  0.9866     0.9865  0.0134     0.0135     0.1321         0.1505
    273   3.21   237.54     132.18      79.04  0.9870     0.9872  0.0130     0.0128     0.1333         0.1420
    274   3.21   225.32     129.44      80.56  0.9862     0.9862  0.0138     0.0138     0.1383         0.1539
    275   3.21   225.05     130.10      80.02  0.9875     0.9873  0.0125     0.0127     0.1338         0.1479
    276   3.21   227.90     130.23      79.81  0.9869     0.9870  0.0131     0.0130     0.1330         0.1487
    277   3.22   227.46     130.86      79.77  0.9864     0.9865  0.0136     0.0135     0.1329         0.1470
    278   3.22   222.49     128.88      80.16  0.9873     0.9868  0.0127     0.0132     0.1329         0.1497
    279   3.21   227.30     130.90      79.49  0.9857     0.9856  0.0143     0.0144     0.1295         0.1465
    280   3.21   220.32     127.50      80.55  0.9865     0.9868  0.0135     0.0132     0.1354         0.1544
    281   3.21   220.69     129.05      80.63  0.9859     0.9861  0.0141     0.0139     0.1354         0.1503
    282   3.22   227.68     131.58      79.32  0.9872     0.9873  0.0128     0.0127     0.1285         0.1450
    283   3.21   224.59     129.61      80.05  0.9870     0.9868  0.0130     0.0132     0.1315         0.1446
    284   3.21   226.43     130.84      79.11  0.9867     0.9865  0.0133     0.0135     0.1341         0.1489
    285   3.21   223.63     130.43      79.72  0.9869     0.9868  0.0131     0.0132     0.1287         0.1447
    286   3.22   222.59     130.76      79.88  0.9873     0.9878  0.0127     0.0122     0.1281         0.1419
    287   3.22   224.33     130.21      80.11  0.9864     0.9864  0.0136     0.0136     0.1322         0.1465
    288   3.22   225.96     130.89      79.39  0.9868     0.9865  0.0132     0.0135     0.1284         0.1424
    289   3.22   226.30     131.66      79.45  0.9870     0.9867  0.0130     0.0133     0.1383         0.1515
    290   3.22   221.61     129.10      80.03  0.9865     0.9869  0.0135     0.0131     0.1300         0.1435
    291   3.21   231.68     130.50      78.77  0.9874     0.9875  0.0126     0.0125     0.1329         0.1472
    292   3.21   228.06     130.87      79.24  0.9859     0.9860  0.0141     0.0140     0.1344         0.1522
    293   3.21   223.98     129.72      79.91  0.9868     0.9866  0.0132     0.0134     0.1330         0.1456
    294   3.22   236.37     134.09      78.44  0.9866     0.9868  0.0134     0.0132     0.1273         0.1430
    295   3.21   225.83     130.29      79.67  0.9871     0.9869  0.0129     0.0131     0.1324         0.1489
    296   3.22   226.24     130.25      79.36  0.9870     0.9873  0.0130     0.0127     0.1292         0.1439
    297   3.21   219.15     127.24      80.11  0.9865     0.9864  0.0135     0.0136     0.1277         0.1410
    298   3.20   224.26     129.50      79.75  0.9859     0.9858  0.0141     0.0142     0.1358         0.1522
    299   3.21   224.32     128.88      79.48  0.9865     0.9865  0.0135     0.0135     0.1292         0.1453
    300   3.21   223.98     129.19      79.38  0.9870     0.9872  0.0130     0.0128     0.1285         0.1424
The log/output/model have been saved to: ./logs/train.py-multi_zetas300_True_True_True_1.953125e-06_3.90625e-06_7.8125e-06-qxg-04-23-13:44 + .csv/.out/.cpt
