  epoch    IZY    IXZ_1    IZ_1Z_2    IZ_2Z_3     acc    avg_acc     err    avg_err    adv_acc    avg_adv_acc
-------  -----  -------  ---------  ---------  ------  ---------  ------  ---------  ---------  -------------
      1   3.10  2494.55    1345.28     667.25  0.9530     0.9530  0.0470     0.0470     0.0224         0.0223
      2   3.18  2444.72    1303.48     667.79  0.9683     0.9682  0.0317     0.0318     0.0179         0.0178
      3   3.21  2431.08    1312.85     698.86  0.9745     0.9743  0.0255     0.0257     0.0165         0.0165
      4   3.21  2399.95    1277.24     688.15  0.9750     0.9751  0.0250     0.0249     0.0140         0.0140
      5   3.22  2400.18    1291.08     715.07  0.9774     0.9774  0.0226     0.0226     0.0188         0.0187
      6   3.20  2410.05    1283.23     726.59  0.9744     0.9745  0.0256     0.0255     0.0454         0.0455
      7   3.22  2402.59    1280.24     723.30  0.9783     0.9783  0.0217     0.0217     0.0363         0.0364
      8   3.22  2404.17    1278.80     739.49  0.9799     0.9797  0.0201     0.0203     0.0454         0.0453
      9   3.20  2401.90    1272.10     729.71  0.9747     0.9748  0.0253     0.0252     0.0569         0.0568
     10   3.22  2401.60    1275.79     746.75  0.9816     0.9818  0.0184     0.0182     0.0716         0.0716
     11   3.20  2403.55    1286.24     773.27  0.9791     0.9788  0.0209     0.0212     0.1032         0.1039
     12   3.21  2400.96    1264.14     744.37  0.9785     0.9785  0.0215     0.0215     0.0936         0.0937
     13   3.21  2404.70    1268.68     769.36  0.9785     0.9786  0.0215     0.0214     0.0834         0.0832
     14   3.23  2407.64    1259.79     762.92  0.9838     0.9837  0.0162     0.0163     0.1113         0.1113
     15   3.21  2408.02    1262.20     764.01  0.9802     0.9802  0.0198     0.0198     0.0941         0.0940
     16   3.21  2409.64    1274.07     784.33  0.9816     0.9816  0.0184     0.0184     0.1360         0.1358
     17   3.21  2411.47    1277.36     796.60  0.9810     0.9810  0.0190     0.0190     0.1545         0.1542
     18   3.21  2411.94    1271.81     777.92  0.9800     0.9799  0.0200     0.0201     0.1427         0.1424
     19   3.18  2412.07    1280.93     810.49  0.9783     0.9783  0.0217     0.0217     0.1930         0.1929
     20   3.15  2405.93    1260.83     775.98  0.9741     0.9742  0.0259     0.0258     0.1133         0.1133
     21   3.20  2408.33    1272.82     791.87  0.9814     0.9815  0.0186     0.0185     0.1606         0.1609
     22   3.20  2403.55    1270.88     792.92  0.9815     0.9814  0.0185     0.0186     0.1396         0.1397
     23   3.22  2410.54    1285.04     839.50  0.9852     0.9853  0.0148     0.0147     0.1474         0.1470
     24   3.21  2405.77    1265.57     804.20  0.9827     0.9827  0.0173     0.0173     0.1582         0.1580
     25   3.22  2405.44    1265.74     794.93  0.9839     0.9838  0.0161     0.0162     0.1558         0.1564
     26   3.21  2403.20    1257.08     795.23  0.9820     0.9819  0.0180     0.0181     0.1357         0.1357
     27   3.19  2404.31    1259.27     788.23  0.9797     0.9797  0.0203     0.0203     0.1959         0.1959
     28   3.21  2402.98    1263.43     804.32  0.9828     0.9829  0.0172     0.0171     0.1908         0.1909
     29   3.21  2399.82    1257.16     791.70  0.9810     0.9810  0.0190     0.0190     0.1949         0.1955
     30   3.20  2403.47    1273.18     832.80  0.9833     0.9833  0.0167     0.0167     0.2635         0.2623
     31   3.18  2406.46    1261.34     805.99  0.9804     0.9805  0.0196     0.0195     0.2124         0.2119
     32   3.20  2405.50    1269.85     836.06  0.9832     0.9831  0.0168     0.0169     0.2276         0.2275
     33   3.20  2406.51    1262.19     823.62  0.9826     0.9827  0.0174     0.0173     0.1743         0.1740
     34   3.17  2408.17    1276.60     854.31  0.9784     0.9783  0.0216     0.0217     0.2073         0.2077
     35   3.20  2402.23    1263.73     827.03  0.9825     0.9825  0.0175     0.0175     0.2052         0.2054
     36   3.13  2403.95    1273.36     866.30  0.9748     0.9748  0.0252     0.0252     0.1741         0.1746
     37   3.20  2397.19    1259.93     817.40  0.9827     0.9828  0.0173     0.0172     0.1999         0.1993
     38   3.20  2401.30    1259.20     829.65  0.9836     0.9836  0.0164     0.0164     0.1962         0.1969
     39   3.19  2403.04    1258.05     811.74  0.9817     0.9817  0.0183     0.0183     0.2366         0.2373
     40   3.21  2403.46    1260.93     824.28  0.9853     0.9852  0.0147     0.0148     0.2549         0.2550
     41   3.20  2407.98    1278.46     889.55  0.9857     0.9856  0.0143     0.0144     0.2343         0.2339
     42   3.21  2404.55    1262.74     841.74  0.9853     0.9853  0.0147     0.0147     0.2972         0.2974
     43   3.19  2406.80    1263.08     841.03  0.9829     0.9830  0.0171     0.0170     0.2549         0.2553
     44   3.15  2403.33    1262.03     824.65  0.9791     0.9790  0.0209     0.0210     0.2779         0.2781
     45   3.19  2407.83    1262.14     860.44  0.9823     0.9823  0.0177     0.0177     0.2482         0.2486
     46   3.15  2403.59    1259.78     842.85  0.9792     0.9791  0.0208     0.0209     0.2354         0.2365
     47   3.17  2401.03    1263.23     847.17  0.9815     0.9815  0.0185     0.0185     0.2431         0.2424
     48   3.21  2401.17    1255.95     833.26  0.9846     0.9846  0.0154     0.0154     0.2613         0.2610
     49   3.22  2405.27    1268.58     862.42  0.9863     0.9863  0.0137     0.0137     0.2664         0.2672
     50   3.15  2405.00    1278.28     886.57  0.9793     0.9793  0.0207     0.0207     0.2939         0.2933
     51   3.22  2404.82    1255.36     840.78  0.9862     0.9862  0.0138     0.0138     0.2287         0.2288
     52   3.19  2402.35    1248.49     829.83  0.9827     0.9827  0.0173     0.0173     0.2558         0.2564
     53   3.19  2406.70    1259.53     841.47  0.9827     0.9828  0.0173     0.0172     0.3093         0.3091
     54   3.21  2404.22    1256.13     848.52  0.9852     0.9852  0.0148     0.0148     0.3082         0.3086
     55   3.21  2405.60    1262.66     877.35  0.9868     0.9869  0.0132     0.0131     0.3005         0.3004
     56   3.21  2403.53    1263.76     891.98  0.9863     0.9863  0.0137     0.0137     0.2952         0.2960
     57   3.21  2400.21    1261.84     902.25  0.9864     0.9864  0.0136     0.0136     0.2923         0.2916
     58   3.21  2395.23    1257.58     910.41  0.9867     0.9868  0.0133     0.0132     0.2908         0.2906
     59   3.20  2388.32    1250.25     915.44  0.9868     0.9868  0.0132     0.0132     0.2810         0.2810
     60   3.20  2378.60    1238.25     915.83  0.9867     0.9867  0.0133     0.0133     0.2761         0.2764
     61   3.20  2365.64    1221.28     911.16  0.9869     0.9870  0.0131     0.0130     0.2802         0.2806
     62   3.20  2348.11    1197.07     898.95  0.9870     0.9871  0.0130     0.0129     0.2677         0.2682
     63   3.20  2325.42    1164.59     878.51  0.9870     0.9872  0.0130     0.0128     0.2669         0.2674
     64   3.20  2295.67    1121.05     846.94  0.9873     0.9873  0.0127     0.0127     0.2630         0.2630
     65   3.20  2258.30    1065.89     806.18  0.9873     0.9872  0.0127     0.0128     0.2619         0.2627
     66   3.20  2210.55     995.72     756.68  0.9872     0.9871  0.0128     0.0129     0.2641         0.2638
     67   3.19  2152.12     913.14     705.52  0.9872     0.9871  0.0128     0.0129     0.2665         0.2669
     68   3.19  2079.22     817.36     654.66  0.9872     0.9872  0.0128     0.0128     0.2759         0.2762
     69   3.19  1991.31     717.49     610.04  0.9876     0.9875  0.0124     0.0125     0.3027         0.3036
     70   3.20  1882.30     618.38     567.06  0.9879     0.9876  0.0121     0.0124     0.3135         0.3139
     71   3.19  1747.11     531.15     530.74  0.9878     0.9877  0.0122     0.0123     0.3280         0.3284
     72   3.21  1715.90     557.99     418.08  0.9857     0.9858  0.0143     0.0142     0.2185         0.2182
     73   3.22  1717.84     554.43     424.64  0.9863     0.9863  0.0137     0.0137     0.2365         0.2375
     74   3.22  1716.00     548.04     432.09  0.9876     0.9875  0.0124     0.0125     0.2658         0.2688
     75   3.22  1711.51     544.38     440.12  0.9875     0.9876  0.0125     0.0124     0.2696         0.2694
     76   3.21  1706.93     541.49     448.07  0.9875     0.9876  0.0125     0.0124     0.2812         0.2822
     77   3.21  1701.98     538.76     456.15  0.9874     0.9875  0.0126     0.0125     0.2881         0.2892
     78   3.21  1696.16     536.33     465.37  0.9869     0.9871  0.0131     0.0129     0.2955         0.2978
     79   3.21  1690.00     533.93     474.14  0.9873     0.9872  0.0127     0.0128     0.3091         0.3099
     80   3.21  1681.58     531.27     483.33  0.9871     0.9872  0.0129     0.0128     0.3120         0.3120
     81   3.21  1671.63     529.03     494.68  0.9875     0.9873  0.0125     0.0127     0.3177         0.3197
     82   3.20  1659.21     526.15     505.20  0.9875     0.9874  0.0125     0.0126     0.3348         0.3346
     83   3.20  1643.97     522.01     514.59  0.9875     0.9875  0.0125     0.0125     0.3328         0.3358
     84   3.20  1624.02     517.94     524.43  0.9872     0.9872  0.0128     0.0128     0.3418         0.3435
     85   3.20  1599.49     513.82     532.14  0.9876     0.9876  0.0124     0.0124     0.3382         0.3413
     86   3.20  1573.73     508.48     529.63  0.9870     0.9872  0.0130     0.0128     0.3422         0.3437
     87   3.20  1533.58     501.68     533.42  0.9876     0.9877  0.0124     0.0123     0.3435         0.3431
     88   3.19  1471.61     491.21     533.24  0.9872     0.9870  0.0128     0.0130     0.3434         0.3467
     89   3.19  1385.08     479.95     530.47  0.9873     0.9873  0.0127     0.0127     0.3411         0.3418
     90   3.19  1520.07     533.75     428.43  0.9841     0.9841  0.0159     0.0159     0.2960         0.2958
     91   3.20  1518.65     529.58     431.73  0.9855     0.9857  0.0145     0.0143     0.2737         0.2730
     92   3.20  1513.20     525.42     438.35  0.9865     0.9863  0.0135     0.0137     0.2843         0.2833
     93   3.20  1508.19     523.24     444.98  0.9858     0.9856  0.0142     0.0144     0.2986         0.3002
     94   3.19  1502.09     520.69     451.54  0.9861     0.9861  0.0139     0.0139     0.3001         0.3004
     95   3.19  1494.62     517.75     457.88  0.9862     0.9862  0.0138     0.0138     0.3150         0.3142
     96   3.19  1487.24     515.21     466.41  0.9862     0.9863  0.0138     0.0137     0.3140         0.3145
     97   3.19  1479.24     512.75     473.94  0.9862     0.9860  0.0138     0.0140     0.3248         0.3246
     98   3.19  1467.32     509.88     481.69  0.9861     0.9860  0.0139     0.0140     0.3323         0.3319
     99   3.19  1453.89     506.73     490.96  0.9867     0.9866  0.0133     0.0134     0.3384         0.3384
    100   3.18  1437.02     503.44     500.27  0.9865     0.9865  0.0135     0.0135     0.3476         0.3475
    101   3.18  1412.03     498.92     509.39  0.9871     0.9870  0.0129     0.0130     0.3488         0.3518
    102   3.18  1384.11     495.86     518.40  0.9863     0.9863  0.0137     0.0137     0.3610         0.3622
    103   3.18  1348.63     490.01     524.01  0.9868     0.9869  0.0132     0.0131     0.3641         0.3668
    104   3.18  1298.78     484.04     530.26  0.9864     0.9864  0.0136     0.0136     0.3620         0.3607
    105   3.18  1221.84     477.02     533.58  0.9866     0.9866  0.0134     0.0134     0.3602         0.3617
    106   3.17  1122.28     468.42     534.86  0.9863     0.9861  0.0137     0.0139     0.3670         0.3674
    107   3.18  1243.50     487.09     428.26  0.9846     0.9845  0.0154     0.0155     0.2885         0.2884
    108   3.21  1266.65     491.50     432.27  0.9860     0.9862  0.0140     0.0138     0.3112         0.3102
    109   3.20  1262.30     488.74     434.26  0.9865     0.9865  0.0135     0.0135     0.3032         0.3051
    110   3.21  1258.90     487.64     437.47  0.9870     0.9867  0.0130     0.0133     0.2999         0.3008
    111   3.20  1255.25     486.81     442.20  0.9867     0.9864  0.0133     0.0136     0.3090         0.3080
    112   3.20  1250.88     485.62     445.79  0.9867     0.9865  0.0133     0.0135     0.3142         0.3137
    113   3.20  1246.67     484.52     449.99  0.9866     0.9866  0.0134     0.0134     0.3136         0.3139
    114   3.20  1240.58     483.64     454.89  0.9864     0.9865  0.0136     0.0135     0.3170         0.3187
    115   3.20  1233.72     482.62     460.41  0.9867     0.9867  0.0133     0.0133     0.3262         0.3238
    116   3.20  1224.99     480.83     465.99  0.9866     0.9865  0.0134     0.0135     0.3352         0.3328
    117   3.20  1213.92     479.29     470.47  0.9865     0.9865  0.0135     0.0135     0.3320         0.3319
    118   3.20  1198.63     477.02     476.54  0.9861     0.9862  0.0139     0.0138     0.3417         0.3431
    119   3.19  1182.74     474.95     481.23  0.9861     0.9859  0.0139     0.0141     0.3485         0.3490
    120   3.19  1157.91     471.65     486.71  0.9860     0.9862  0.0140     0.0138     0.3545         0.3566
    121   3.19  1124.30     466.92     489.12  0.9862     0.9863  0.0138     0.0137     0.3564         0.3589
    122   3.19  1077.72     462.00     492.43  0.9864     0.9861  0.0136     0.0139     0.3581         0.3607
    123   3.19  1021.89     455.67     491.18  0.9860     0.9860  0.0140     0.0140     0.3518         0.3534
    124   3.18  1091.50     477.24     429.71  0.9851     0.9850  0.0149     0.0150     0.2651         0.2653
    125   3.18  1094.31     472.76     440.14  0.9844     0.9843  0.0156     0.0157     0.3129         0.3124
    126   3.19  1094.93     473.82     439.60  0.9852     0.9854  0.0148     0.0146     0.3066         0.3079
    127   3.19  1092.85     474.15     442.23  0.9850     0.9850  0.0150     0.0150     0.3107         0.3106
    128   3.19  1089.52     472.41     444.68  0.9855     0.9859  0.0145     0.0141     0.3193         0.3210
    129   3.19  1086.13     471.59     448.47  0.9855     0.9853  0.0145     0.0147     0.3199         0.3214
    130   3.19  1084.84     471.43     452.22  0.9860     0.9855  0.0140     0.0145     0.3219         0.3212
    131   3.19  1079.79     470.05     455.92  0.9860     0.9861  0.0140     0.0139     0.3238         0.3254
    132   3.18  1073.21     468.68     459.07  0.9851     0.9853  0.0149     0.0147     0.3273         0.3276
    133   3.19  1065.40     467.21     462.53  0.9862     0.9859  0.0138     0.0141     0.3288         0.3297
    134   3.19  1055.46     465.40     465.85  0.9863     0.9863  0.0137     0.0137     0.3334         0.3340
    135   3.18  1110.24     471.51     460.13  0.9854     0.9857  0.0146     0.0143     0.3151         0.3156
    136   3.18  1109.46     484.19     462.41  0.9853     0.9850  0.0147     0.0150     0.3298         0.3312
    137   3.18  1123.55     489.86     470.72  0.9853     0.9853  0.0147     0.0147     0.3372         0.3408
    138   3.18  1125.11     483.77     462.10  0.9853     0.9856  0.0147     0.0144     0.3283         0.3298
    139   3.19  1124.89     481.80     462.88  0.9854     0.9853  0.0146     0.0147     0.3279         0.3284
    140   3.19  1122.62     481.14     464.86  0.9856     0.9856  0.0144     0.0144     0.3311         0.3322
    141   3.18  1119.59     479.95     466.59  0.9859     0.9862  0.0141     0.0138     0.3259         0.3275
    142   3.19  1115.73     478.70     467.65  0.9864     0.9866  0.0136     0.0134     0.3330         0.3329
    143   3.19  1110.75     477.04     469.08  0.9860     0.9857  0.0140     0.0143     0.3325         0.3342
    144   3.18  1104.33     475.13     470.28  0.9863     0.9863  0.0137     0.0137     0.3339         0.3361
    145   3.18  1096.12     472.91     472.59  0.9860     0.9859  0.0140     0.0141     0.3300         0.3309
    146   3.18  1085.87     470.72     472.69  0.9857     0.9858  0.0143     0.0142     0.3318         0.3366
    147   3.18  1072.05     466.87     471.84  0.9862     0.9860  0.0138     0.0140     0.3335         0.3375
    148   3.18  1055.29     462.73     471.90  0.9862     0.9862  0.0138     0.0138     0.3368         0.3370
    149   3.16  1088.56     464.37     459.75  0.9833     0.9835  0.0167     0.0165     0.3283         0.3291
    150   3.18  1126.34     472.86     449.77  0.9853     0.9851  0.0147     0.0149     0.3099         0.3094
    151   3.18  1120.85     471.57     456.05  0.9855     0.9853  0.0145     0.0147     0.3139         0.3156
    152   3.18  1115.27     469.58     457.39  0.9856     0.9856  0.0144     0.0144     0.3130         0.3137
    153   3.18  1108.96     467.55     458.31  0.9855     0.9854  0.0145     0.0146     0.3267         0.3281
    154   3.18  1100.82     464.88     458.51  0.9852     0.9851  0.0148     0.0149     0.3267         0.3278
    155   3.18  1090.65     461.82     457.89  0.9857     0.9857  0.0143     0.0143     0.3232         0.3245
    156   3.18  1076.89     457.50     456.25  0.9861     0.9860  0.0139     0.0140     0.3288         0.3309
    157   3.18  1061.40     453.56     454.06  0.9858     0.9858  0.0142     0.0142     0.3343         0.3365
    158   3.18  1040.09     448.17     450.43  0.9861     0.9861  0.0139     0.0139     0.3394         0.3427
    159   3.18  1012.23     441.81     447.24  0.9861     0.9858  0.0139     0.0142     0.3345         0.3357
    160   3.18   971.87     435.28     445.90  0.9874     0.9874  0.0126     0.0126     0.3474         0.3485
    161   3.18   939.33     430.01     444.94  0.9866     0.9865  0.0134     0.0135     0.3556         0.3544
    162   3.18   889.65     419.69     435.77  0.9866     0.9866  0.0134     0.0134     0.3502         0.3528
    163   3.18   852.28     414.36     433.48  0.9863     0.9862  0.0137     0.0138     0.3553         0.3573
    164   3.18   814.99     408.59     426.91  0.9860     0.9861  0.0140     0.0139     0.3454         0.3500
    165   3.16   828.20     412.50     451.84  0.9862     0.9862  0.0138     0.0138     0.3770         0.3832
    166   3.16   886.03     410.03     429.50  0.9852     0.9854  0.0148     0.0146     0.3659         0.3674
    167   3.16   903.42     413.54     422.21  0.9854     0.9854  0.0146     0.0146     0.3592         0.3603
    168   3.17   902.28     412.75     420.51  0.9852     0.9852  0.0148     0.0148     0.3657         0.3697
    169   3.17   900.64     412.06     419.03  0.9852     0.9852  0.0148     0.0148     0.3694         0.3719
    170   3.17   898.50     411.26     418.43  0.9857     0.9853  0.0143     0.0147     0.3594         0.3617
    171   3.17   896.45     410.04     417.60  0.9857     0.9852  0.0143     0.0148     0.3559         0.3571
    172   3.17   892.48     409.40     419.00  0.9845     0.9849  0.0155     0.0151     0.3636         0.3640
    173   3.17   887.82     407.79     417.87  0.9853     0.9855  0.0147     0.0145     0.3659         0.3665
    174   3.17   881.04     406.39     416.90  0.9849     0.9852  0.0151     0.0148     0.3638         0.3635
    175   3.17   872.89     404.98     415.89  0.9860     0.9860  0.0140     0.0140     0.3603         0.3622
    176   3.17   862.29     402.93     415.18  0.9858     0.9859  0.0142     0.0141     0.3625         0.3655
    177   3.18   850.25     400.58     414.14  0.9859     0.9859  0.0141     0.0141     0.3604         0.3631
    178   3.18   831.60     396.27     410.53  0.9859     0.9858  0.0141     0.0142     0.3614         0.3634
    179   3.18   811.87     391.84     407.06  0.9861     0.9862  0.0139     0.0138     0.3611         0.3631
    180   3.18   793.12     390.52     407.48  0.9865     0.9863  0.0135     0.0137     0.3717         0.3743
    181   3.18   780.53     388.32     411.91  0.9858     0.9859  0.0142     0.0141     0.3810         0.3872
    182   3.18   818.46     389.66     399.18  0.9866     0.9863  0.0134     0.0137     0.3711         0.3763
    183   3.18   815.13     387.53     397.01  0.9866     0.9867  0.0134     0.0133     0.3719         0.3730
    184   3.18   804.44     385.07     394.62  0.9868     0.9867  0.0132     0.0133     0.3690         0.3693
    185   3.18   795.61     382.62     390.35  0.9868     0.9869  0.0132     0.0131     0.3542         0.3556
    186   3.18   778.86     379.69     390.48  0.9872     0.9872  0.0128     0.0128     0.3668         0.3675
    187   3.18   759.90     375.75     391.09  0.9865     0.9862  0.0135     0.0138     0.3710         0.3741
    188   3.19   735.36     372.06     388.19  0.9868     0.9869  0.0132     0.0131     0.3753         0.3771
    189   3.18   715.78     369.71     388.55  0.9870     0.9870  0.0130     0.0130     0.3695         0.3723
    190   3.18   739.03     371.16     381.57  0.9866     0.9865  0.0134     0.0135     0.3563         0.3594
    191   3.18   734.87     369.82     381.41  0.9864     0.9864  0.0136     0.0136     0.3711         0.3701
    192   3.18   724.30     369.09     383.00  0.9866     0.9866  0.0134     0.0134     0.3601         0.3614
    193   3.18   708.46     366.57     382.04  0.9866     0.9866  0.0134     0.0134     0.3651         0.3676
    194   3.18   688.15     363.52     381.65  0.9864     0.9862  0.0136     0.0138     0.3690         0.3718
    195   3.19   673.00     361.01     377.85  0.9873     0.9871  0.0127     0.0129     0.3713         0.3755
    196   3.18   669.77     360.41     377.70  0.9859     0.9861  0.0141     0.0139     0.3675         0.3704
    197   3.18   683.17     361.59     374.61  0.9866     0.9868  0.0134     0.0132     0.3550         0.3569
    198   3.17   678.59     360.36     378.32  0.9860     0.9863  0.0140     0.0137     0.3758         0.3767
    199   3.17   669.61     359.20     377.16  0.9865     0.9866  0.0135     0.0134     0.3767         0.3784
    200   3.18   678.71     360.28     370.98  0.9863     0.9862  0.0137     0.0138     0.3685         0.3727
    201   3.18   669.94     359.39     370.80  0.9863     0.9862  0.0137     0.0138     0.3705         0.3721
    202   3.18   666.37     358.67     369.16  0.9864     0.9864  0.0136     0.0136     0.3685         0.3705
    203   3.18   672.22     355.67     365.46  0.9867     0.9867  0.0133     0.0133     0.3585         0.3622
    204   3.18   669.09     359.18     368.17  0.9865     0.9867  0.0135     0.0133     0.3761         0.3803
    205   3.18   659.90     356.11     368.71  0.9866     0.9867  0.0134     0.0133     0.3718         0.3746
    206   3.18   647.33     353.46     366.43  0.9864     0.9868  0.0136     0.0132     0.3669         0.3704
    207   3.17   631.43     350.49     365.13  0.9862     0.9863  0.0138     0.0137     0.3711         0.3734
    208   3.19   623.92     349.64     364.87  0.9871     0.9872  0.0129     0.0128     0.3675         0.3725
    209   3.18   611.20     346.98     364.09  0.9863     0.9864  0.0137     0.0136     0.3695         0.3754
    210   3.18   630.24     350.05     353.73  0.9864     0.9865  0.0136     0.0135     0.3538         0.3548
    211   3.18   634.12     348.66     354.01  0.9858     0.9860  0.0142     0.0140     0.3687         0.3712
    212   3.18   656.88     349.95     350.37  0.9865     0.9866  0.0135     0.0134     0.3550         0.3544
    213   3.18   654.57     347.77     351.95  0.9861     0.9864  0.0139     0.0136     0.3667         0.3694
    214   3.18   646.95     346.60     352.03  0.9870     0.9872  0.0130     0.0128     0.3646         0.3688
    215   3.19   637.55     344.72     350.81  0.9874     0.9874  0.0126     0.0126     0.3643         0.3668
    216   3.18   631.97     343.06     351.66  0.9871     0.9872  0.0129     0.0128     0.3722         0.3739
    217   3.18   619.76     339.73     350.17  0.9869     0.9870  0.0131     0.0130     0.3670         0.3722
    218   3.18   605.74     338.11     350.61  0.9868     0.9868  0.0132     0.0132     0.3739         0.3768
    219   3.19   626.02     339.47     345.11  0.9872     0.9869  0.0128     0.0131     0.3584         0.3622
    220   3.18   618.77     338.49     345.63  0.9874     0.9875  0.0126     0.0125     0.3590         0.3646
    221   3.20   616.66     338.55     344.78  0.9877     0.9877  0.0123     0.0123     0.3642         0.3682
    222   3.19   607.66     337.84     345.30  0.9879     0.9876  0.0121     0.0124     0.3587         0.3656
    223   3.19   600.87     336.54     343.52  0.9870     0.9869  0.0130     0.0131     0.3688         0.3715
    224   3.19   589.49     334.51     343.09  0.9867     0.9868  0.0133     0.0132     0.3654         0.3717
    225   3.18   583.41     333.35     344.48  0.9867     0.9869  0.0133     0.0131     0.3729         0.3779
    226   3.18   584.06     333.64     342.02  0.9874     0.9873  0.0126     0.0127     0.3691         0.3704
    227   3.18   571.51     331.65     343.06  0.9866     0.9869  0.0134     0.0131     0.3754         0.3798
    228   3.18   560.29     329.91     343.80  0.9868     0.9867  0.0132     0.0133     0.3723         0.3766
    229   3.17   564.76     331.20     341.68  0.9868     0.9868  0.0132     0.0132     0.3746         0.3802
    230   3.19   582.21     335.51     337.29  0.9869     0.9867  0.0131     0.0133     0.3835         0.3848
    231   3.19   572.97     332.05     337.47  0.9871     0.9870  0.0129     0.0130     0.3751         0.3779
    232   3.18   570.29     330.86     336.93  0.9873     0.9875  0.0127     0.0125     0.3759         0.3798
    233   3.18   572.10     331.22     335.04  0.9861     0.9862  0.0139     0.0138     0.3813         0.3862
    234   3.18   571.74     329.52     334.32  0.9865     0.9863  0.0135     0.0137     0.3725         0.3761
    235   3.18   558.69     327.95     337.11  0.9860     0.9856  0.0140     0.0144     0.3791         0.3839
    236   3.18   569.21     327.97     334.69  0.9867     0.9864  0.0133     0.0136     0.3935         0.3982
    237   3.18   561.05     327.16     334.94  0.9865     0.9868  0.0135     0.0132     0.3798         0.3853
    238   3.18   552.35     325.98     334.01  0.9860     0.9862  0.0140     0.0138     0.3835         0.3859
    239   3.18   557.66     325.95     332.85  0.9864     0.9866  0.0136     0.0134     0.3971         0.4017
    240   3.17   555.56     325.16     331.87  0.9864     0.9864  0.0136     0.0136     0.3908         0.3928
    241   3.17   561.32     324.97     328.89  0.9869     0.9867  0.0131     0.0133     0.3879         0.3943
    242   3.19   573.25     327.17     324.24  0.9864     0.9866  0.0136     0.0134     0.3786         0.3824
    243   3.18   569.00     325.37     326.64  0.9867     0.9868  0.0133     0.0132     0.3853         0.3901
    244   3.19   561.54     324.71     328.38  0.9869     0.9867  0.0131     0.0133     0.3917         0.3924
    245   3.18   564.55     325.00     328.03  0.9861     0.9861  0.0139     0.0139     0.3835         0.3900
    246   3.19   560.14     323.03     327.97  0.9874     0.9873  0.0126     0.0127     0.3833         0.3872
    247   3.19   551.12     322.20     329.27  0.9862     0.9861  0.0138     0.0139     0.3841         0.3872
    248   3.19   544.13     321.55     329.18  0.9868     0.9869  0.0132     0.0131     0.3890         0.3945
    249   3.18   560.19     323.04     324.80  0.9866     0.9866  0.0134     0.0134     0.3859         0.3931
    250   3.18   560.34     322.43     323.48  0.9867     0.9868  0.0133     0.0132     0.3844         0.3878
    251   3.18   556.38     321.35     324.56  0.9863     0.9861  0.0137     0.0139     0.3779         0.3820
    252   3.19   554.36     321.38     323.74  0.9867     0.9869  0.0133     0.0131     0.3846         0.3895
    253   3.18   547.08     318.90     323.93  0.9868     0.9871  0.0132     0.0129     0.3847         0.3892
    254   3.18   536.35     317.75     325.44  0.9873     0.9875  0.0127     0.0125     0.3822         0.3880
    255   3.18   526.37     315.98     323.89  0.9871     0.9873  0.0129     0.0127     0.3931         0.3973
    256   3.18   527.30     316.58     325.22  0.9862     0.9865  0.0138     0.0135     0.3981         0.4035
    257   3.18   521.42     315.35     325.12  0.9867     0.9866  0.0133     0.0134     0.3919         0.3983
    258   3.18   534.53     316.76     320.26  0.9859     0.9856  0.0141     0.0144     0.3902         0.3961
    259   3.18   535.59     315.74     322.54  0.9865     0.9865  0.0135     0.0135     0.4065         0.4124
    260   3.18   528.88     313.48     322.13  0.9873     0.9873  0.0127     0.0127     0.4056         0.4116
    261   3.18   535.67     315.10     320.72  0.9870     0.9868  0.0130     0.0132     0.4082         0.4101
    262   3.19   538.43     314.96     319.55  0.9868     0.9865  0.0132     0.0135     0.3902         0.3969
    263   3.18   532.55     313.95     319.47  0.9860     0.9859  0.0140     0.0141     0.4027         0.4097
    264   3.19   527.12     312.72     319.14  0.9869     0.9869  0.0131     0.0131     0.4073         0.4119
    265   3.19   520.20     311.10     320.20  0.9864     0.9862  0.0136     0.0138     0.3962         0.4019
    266   3.19   520.67     310.23     318.21  0.9869     0.9873  0.0131     0.0127     0.4033         0.4073
    267   3.18   510.42     309.65     318.80  0.9867     0.9865  0.0133     0.0135     0.4030         0.4104
    268   3.18   509.33     308.64     320.02  0.9871     0.9871  0.0129     0.0129     0.4025         0.4093
    269   3.18   515.79     308.84     318.40  0.9867     0.9868  0.0133     0.0132     0.4070         0.4146
    270   3.18   510.50     308.54     317.57  0.9865     0.9865  0.0135     0.0135     0.3997         0.4077
    271   3.18   520.42     308.45     313.20  0.9863     0.9863  0.0137     0.0137     0.4076         0.4097
    272   3.19   512.75     308.04     314.30  0.9864     0.9865  0.0136     0.0135     0.4013         0.4089
    273   3.18   505.53     306.78     314.04  0.9859     0.9858  0.0141     0.0142     0.3972         0.4037
    274   3.18   493.98     304.09     315.39  0.9861     0.9864  0.0139     0.0136     0.4032         0.4095
    275   3.18   504.55     307.82     312.77  0.9854     0.9855  0.0146     0.0145     0.4037         0.4090
    276   3.18   500.15     306.17     312.06  0.9869     0.9870  0.0131     0.0130     0.4016         0.4094
    277   3.18   501.22     304.37     312.27  0.9852     0.9852  0.0148     0.0148     0.4061         0.4142
    278   3.18   500.81     305.19     313.06  0.9858     0.9861  0.0142     0.0139     0.4047         0.4135
    279   3.18   499.50     304.89     311.43  0.9870     0.9869  0.0130     0.0131     0.4008         0.4090
    280   3.19   497.94     304.37     310.94  0.9873     0.9871  0.0127     0.0129     0.3933         0.4007
    281   3.19   498.14     304.85     309.22  0.9855     0.9860  0.0145     0.0140     0.3977         0.4056
    282   3.19   492.81     302.27     309.86  0.9866     0.9867  0.0134     0.0133     0.4010         0.4069
    283   3.19   496.77     303.15     308.98  0.9868     0.9867  0.0132     0.0133     0.3985         0.4032
    284   3.18   495.88     303.32     310.39  0.9865     0.9867  0.0135     0.0133     0.4025         0.4124
    285   3.19   490.91     302.00     309.50  0.9858     0.9857  0.0142     0.0143     0.4067         0.4162
    286   3.19   493.67     302.95     307.80  0.9866     0.9864  0.0134     0.0136     0.4045         0.4151
    287   3.19   489.00     301.40     307.61  0.9869     0.9873  0.0131     0.0127     0.3994         0.4091
    288   3.19   490.19     302.35     307.76  0.9862     0.9860  0.0138     0.0140     0.4096         0.4181
    289   3.19   485.34     300.96     307.85  0.9875     0.9873  0.0125     0.0127     0.4026         0.4108
    290   3.19   489.57     300.91     304.35  0.9862     0.9860  0.0138     0.0140     0.4013         0.4099
    291   3.19   490.98     301.28     304.81  0.9865     0.9867  0.0135     0.0133     0.4015         0.4066
    292   3.18   487.35     300.71     305.06  0.9859     0.9855  0.0141     0.0145     0.4067         0.4145
    293   3.19   489.82     300.32     303.44  0.9866     0.9863  0.0134     0.0137     0.3921         0.4020
    294   3.19   486.59     300.20     303.24  0.9863     0.9866  0.0137     0.0134     0.4030         0.4130
    295   3.19   489.37     300.17     302.53  0.9863     0.9865  0.0137     0.0135     0.3997         0.4035
    296   3.19   491.86     300.26     301.70  0.9872     0.9871  0.0128     0.0129     0.3917         0.4012
    297   3.19   492.24     300.72     300.80  0.9862     0.9865  0.0138     0.0135     0.3892         0.3981
    298   3.20   490.16     300.22     301.32  0.9874     0.9873  0.0126     0.0127     0.3938         0.4014
    299   3.19   486.36     299.04     301.24  0.9874     0.9875  0.0126     0.0125     0.3951         0.4016
    300   3.19   494.35     299.55     300.06  0.9864     0.9865  0.0136     0.0135     0.3876         0.3938
The log/output/model have been saved to: ./logs/train.py-multi_zetas300_True_True_True_1e-08_1e-08_1e-08-okx-04-23-11:38 + .csv/.out/.cpt
