  epoch    IZY    IXZ_1    IZ_1Z_2    IZ_2Z_3     acc    avg_acc     err    avg_err    adv_acc    avg_adv_acc
-------  -----  -------  ---------  ---------  ------  ---------  ------  ---------  ---------  -------------
      1   3.11  1384.68     832.80     505.84  0.9542     0.9542  0.0458     0.0458     0.0204         0.0202
      2   3.16  1237.97     701.76     429.29  0.9656     0.9658  0.0344     0.0342     0.0174         0.0173
      3   3.17  1139.00     640.12     389.51  0.9680     0.9677  0.0320     0.0323     0.0186         0.0188
      4   3.16  1078.97     569.84     363.80  0.9655     0.9661  0.0345     0.0339     0.0229         0.0225
      5   3.19  1011.67     533.47     345.09  0.9733     0.9731  0.0267     0.0269     0.0318         0.0323
      6   3.21   972.79     501.08     335.25  0.9759     0.9751  0.0241     0.0249     0.0281         0.0284
      7   3.21   978.77     473.35     310.52  0.9766     0.9776  0.0234     0.0224     0.0314         0.0319
      8   3.19   975.51     466.53     308.31  0.9745     0.9741  0.0255     0.0259     0.0568         0.0589
      9   3.19   947.58     439.42     292.49  0.9745     0.9751  0.0255     0.0249     0.0555         0.0592
     10   3.22   859.32     406.40     286.11  0.9815     0.9814  0.0185     0.0186     0.0919         0.0965
     11   3.19   897.21     449.06     286.27  0.9733     0.9737  0.0267     0.0263     0.0473         0.0475
     12   3.21   903.67     424.18     275.13  0.9801     0.9801  0.0199     0.0199     0.0747         0.0786
     13   3.22   827.31     389.32     270.06  0.9795     0.9796  0.0205     0.0204     0.0794         0.0837
     14   3.21   760.48     360.50     267.66  0.9801     0.9801  0.0199     0.0199     0.0929         0.0972
     15   3.21   752.74     345.09     257.74  0.9795     0.9799  0.0205     0.0201     0.1048         0.1146
     16   3.14   663.95     338.82     271.04  0.9705     0.9704  0.0295     0.0296     0.1580         0.1726
     17   3.18   727.91     391.70     252.51  0.9755     0.9754  0.0245     0.0246     0.1141         0.1186
     18   3.22   711.62     343.68     240.39  0.9818     0.9823  0.0182     0.0177     0.1221         0.1317
     19   3.22   585.60     300.05     235.24  0.9823     0.9819  0.0177     0.0181     0.1477         0.1637
     20   3.21   567.73     298.03     234.67  0.9810     0.9803  0.0190     0.0197     0.1533         0.1780
     21   3.21   526.86     312.09     240.87  0.9823     0.9828  0.0177     0.0172     0.1980         0.2214
     22   3.22   578.03     311.68     232.45  0.9845     0.9845  0.0155     0.0155     0.1736         0.1922
     23   3.19   653.26     335.04     228.94  0.9777     0.9773  0.0223     0.0227     0.1784         0.1983
     24   3.20   583.68     304.71     225.89  0.9786     0.9784  0.0214     0.0216     0.1750         0.1975
     25   3.18   610.94     339.85     222.08  0.9752     0.9755  0.0248     0.0245     0.1191         0.1314
     26   3.19   498.98     281.93     222.57  0.9810     0.9809  0.0190     0.0191     0.1635         0.1924
     27   3.21   466.01     274.50     218.79  0.9850     0.9850  0.0150     0.0150     0.2017         0.2389
     28   3.21   482.54     290.06     220.41  0.9830     0.9834  0.0170     0.0166     0.2042         0.2313
     29   3.15   537.02     294.60     215.50  0.9759     0.9760  0.0241     0.0240     0.1691         0.1893
     30   3.21   507.73     297.47     205.84  0.9827     0.9829  0.0173     0.0171     0.1733         0.1983
     31   3.22   447.11     270.53     200.12  0.9844     0.9846  0.0156     0.0154     0.1595         0.1814
     32   3.21   457.72     276.87     203.72  0.9823     0.9828  0.0177     0.0172     0.1369         0.1558
     33   3.22   395.69     271.05     195.01  0.9838     0.9840  0.0162     0.0160     0.1534         0.1732
     34   3.20   465.26     258.25     197.16  0.9821     0.9822  0.0179     0.0178     0.1775         0.2081
     35   3.20   431.72     264.95     195.14  0.9813     0.9812  0.0187     0.0188     0.1685         0.1926
     36   3.20   399.07     249.11     193.49  0.9831     0.9830  0.0169     0.0170     0.1559         0.1858
     37   3.20   406.17     261.90     192.24  0.9805     0.9806  0.0195     0.0194     0.1562         0.1830
     38   3.22   432.28     265.06     183.89  0.9851     0.9854  0.0149     0.0146     0.1803         0.2009
     39   3.20   372.29     246.19     194.35  0.9830     0.9830  0.0170     0.0170     0.1803         0.2181
     40   3.22   382.75     248.76     178.99  0.9847     0.9845  0.0153     0.0155     0.1740         0.2018
     41   3.21   437.65     259.41     179.08  0.9839     0.9839  0.0161     0.0161     0.1768         0.2018
     42   3.21   404.27     259.29     185.13  0.9822     0.9825  0.0178     0.0175     0.1431         0.1655
     43   3.22   350.74     235.10     174.99  0.9854     0.9853  0.0146     0.0147     0.1469         0.1731
     44   3.22   371.11     243.10     176.65  0.9860     0.9863  0.0140     0.0137     0.1663         0.1982
     45   3.21   355.66     233.25     173.07  0.9846     0.9844  0.0154     0.0156     0.1953         0.2264
     46   3.22   362.42     230.51     170.30  0.9848     0.9851  0.0152     0.0149     0.1592         0.1904
     47   3.22   376.28     236.07     168.76  0.9843     0.9844  0.0157     0.0156     0.1508         0.1705
     48   3.20   437.04     255.56     171.75  0.9820     0.9819  0.0180     0.0181     0.1465         0.1715
     49   3.20   316.13     227.95     171.26  0.9836     0.9838  0.0164     0.0162     0.1952         0.2245
     50   3.23   344.08     227.96     163.84  0.9861     0.9858  0.0139     0.0142     0.1568         0.1858
     51   3.21   345.36     220.60     167.05  0.9844     0.9842  0.0156     0.0158     0.1674         0.1979
     52   3.21   361.48     226.29     157.94  0.9850     0.9852  0.0150     0.0148     0.1448         0.1639
     53   3.20   388.82     225.34     161.76  0.9837     0.9835  0.0163     0.0165     0.1856         0.2125
     54   3.22   352.47     235.32     155.24  0.9862     0.9861  0.0138     0.0139     0.1593         0.1822
     55   3.22   318.89     216.69     157.55  0.9856     0.9856  0.0144     0.0144     0.1640         0.1913
     56   3.22   340.79     214.87     155.12  0.9859     0.9859  0.0141     0.0141     0.1801         0.2047
     57   3.22   362.89     220.32     153.87  0.9852     0.9848  0.0148     0.0152     0.1490         0.1679
     58   3.21   328.28     212.50     153.34  0.9853     0.9857  0.0147     0.0143     0.1814         0.2059
     59   3.23   311.15     201.17     149.88  0.9865     0.9866  0.0135     0.0134     0.1698         0.1970
     60   3.22   289.21     198.59     150.29  0.9870     0.9870  0.0130     0.0130     0.1845         0.2184
     61   3.16   276.74     209.32     157.10  0.9789     0.9786  0.0211     0.0214     0.1740         0.1990
     62   3.20   313.41     214.66     148.07  0.9838     0.9841  0.0162     0.0159     0.1635         0.1833
     63   3.21   303.12     199.45     143.08  0.9850     0.9851  0.0150     0.0149     0.1576         0.1853
     64   3.21   334.53     213.24     143.22  0.9844     0.9845  0.0156     0.0155     0.1293         0.1470
     65   3.20   319.69     203.28     142.02  0.9839     0.9838  0.0161     0.0162     0.1671         0.1905
     66   3.20   333.09     217.88     137.63  0.9855     0.9858  0.0145     0.0142     0.1433         0.1603
     67   3.21   240.79     186.35     142.33  0.9856     0.9857  0.0144     0.0143     0.1857         0.2191
     68   3.22   274.90     183.15     137.71  0.9860     0.9861  0.0140     0.0139     0.1692         0.1975
     69   3.20   275.49     193.93     136.93  0.9849     0.9847  0.0151     0.0153     0.1435         0.1647
     70   3.22   282.82     189.19     133.01  0.9871     0.9871  0.0129     0.0129     0.1404         0.1623
     71   3.22   237.18     175.40     132.48  0.9859     0.9862  0.0141     0.0138     0.1689         0.1932
     72   3.21   258.15     181.24     128.59  0.9857     0.9858  0.0143     0.0142     0.1605         0.1839
     73   3.19   401.30     224.07     135.49  0.9817     0.9820  0.0183     0.0180     0.1243         0.1350
     74   3.21   254.05     184.24     132.18  0.9831     0.9830  0.0169     0.0170     0.1706         0.1927
     75   3.21   239.24     172.99     129.55  0.9861     0.9864  0.0139     0.0136     0.1650         0.1903
     76   3.21   310.00     184.41     127.86  0.9848     0.9852  0.0152     0.0148     0.1607         0.1805
     77   3.20   291.85     184.75     127.98  0.9836     0.9836  0.0164     0.0164     0.1336         0.1506
     78   3.21   259.42     175.18     127.11  0.9849     0.9854  0.0151     0.0146     0.1711         0.1972
     79   3.22   230.98     179.07     129.06  0.9870     0.9870  0.0130     0.0130     0.1625         0.1850
     80   3.22   249.69     174.22     127.68  0.9867     0.9865  0.0133     0.0135     0.1589         0.1846
     81   3.21   305.47     202.44     129.14  0.9857     0.9856  0.0143     0.0144     0.1168         0.1254
     82   3.22   303.80     207.59     122.64  0.9862     0.9860  0.0138     0.0140     0.1085         0.1178
     83   3.22   260.01     190.42     125.96  0.9862     0.9864  0.0138     0.0136     0.1420         0.1586
     84   3.21   283.05     178.45     124.60  0.9848     0.9849  0.0152     0.0151     0.1525         0.1697
     85   3.22   278.50     177.88     121.68  0.9859     0.9859  0.0141     0.0141     0.1175         0.1352
     86   3.21   245.99     175.18     122.77  0.9855     0.9858  0.0145     0.0142     0.1447         0.1659
     87   3.21   276.46     173.84     120.64  0.9858     0.9856  0.0142     0.0144     0.1586         0.1834
     88   3.21   231.62     184.18     124.84  0.9849     0.9849  0.0151     0.0151     0.1314         0.1465
     89   3.22   239.79     168.66     117.74  0.9864     0.9866  0.0136     0.0134     0.1461         0.1670
     90   3.21   251.27     179.05     122.23  0.9863     0.9861  0.0137     0.0139     0.1457         0.1637
     91   3.22   229.47     164.38     119.10  0.9865     0.9866  0.0135     0.0134     0.1549         0.1763
     92   3.21   226.87     162.71     120.79  0.9853     0.9855  0.0147     0.0145     0.1622         0.1861
     93   3.22   215.85     172.03     119.34  0.9867     0.9867  0.0133     0.0133     0.1522         0.1729
     94   3.22   252.18     168.72     115.68  0.9878     0.9879  0.0122     0.0121     0.1488         0.1693
     95   3.22   218.50     167.60     120.66  0.9864     0.9866  0.0136     0.0134     0.1399         0.1599
     96   3.20   225.69     166.82     120.37  0.9843     0.9839  0.0157     0.0161     0.1660         0.1842
     97   3.21   206.17     159.52     119.17  0.9863     0.9860  0.0137     0.0140     0.1691         0.1913
     98   3.21   215.93     157.37     120.70  0.9867     0.9868  0.0133     0.0132     0.1609         0.1820
     99   3.22   203.86     156.92     116.86  0.9865     0.9863  0.0135     0.0137     0.1581         0.1760
    100   3.21   238.59     182.16     117.42  0.9863     0.9865  0.0137     0.0135     0.1216         0.1388
    101   3.22   212.22     163.08     114.51  0.9861     0.9864  0.0139     0.0136     0.1592         0.1814
    102   3.21   198.80     156.30     115.91  0.9870     0.9873  0.0130     0.0127     0.1590         0.1814
    103   3.21   220.97     157.25     115.33  0.9850     0.9849  0.0150     0.0151     0.1520         0.1723
    104   3.21   272.10     178.65     114.52  0.9840     0.9845  0.0160     0.0155     0.1192         0.1309
    105   3.21   241.16     159.67     114.77  0.9858     0.9856  0.0142     0.0144     0.1646         0.1879
    106   3.21   213.36     172.19     118.22  0.9857     0.9860  0.0143     0.0140     0.1334         0.1504
    107   3.20   213.41     154.80     113.66  0.9850     0.9849  0.0150     0.0151     0.1723         0.1944
    108   3.20   208.32     156.67     111.21  0.9850     0.9851  0.0150     0.0149     0.1501         0.1727
    109   3.21   202.68     156.17     111.75  0.9874     0.9874  0.0126     0.0126     0.1493         0.1760
    110   3.21   193.94     149.38     111.82  0.9857     0.9858  0.0143     0.0142     0.1661         0.1901
    111   3.22   187.96     149.67     111.10  0.9871     0.9866  0.0129     0.0134     0.1589         0.1807
    112   3.22   194.49     145.95     111.09  0.9872     0.9868  0.0128     0.0132     0.1665         0.1895
    113   3.21   190.65     143.95     110.29  0.9859     0.9859  0.0141     0.0141     0.1654         0.1867
    114   3.21   192.52     146.40     111.27  0.9875     0.9874  0.0125     0.0126     0.1664         0.1861
    115   3.20   224.31     148.00     107.17  0.9853     0.9854  0.0147     0.0146     0.1617         0.1859
    116   3.21   192.26     142.50     108.19  0.9863     0.9862  0.0137     0.0138     0.1667         0.1924
    117   3.20   188.59     139.41     107.70  0.9860     0.9860  0.0140     0.0140     0.1796         0.1999
    118   3.21   194.71     146.12     105.74  0.9857     0.9858  0.0143     0.0142     0.1505         0.1723
    119   3.21   184.11     141.52     106.97  0.9854     0.9852  0.0146     0.0148     0.1671         0.1953
    120   3.20   192.76     140.50     105.94  0.9849     0.9847  0.0151     0.0153     0.1628         0.1883
    121   3.22   182.00     146.40     109.78  0.9868     0.9867  0.0132     0.0133     0.1472         0.1680
    122   3.20   183.79     139.34     108.71  0.9863     0.9864  0.0137     0.0136     0.1564         0.1784
    123   3.21   196.07     142.75     107.18  0.9862     0.9865  0.0138     0.0135     0.1559         0.1809
    124   3.21   191.73     140.17     106.90  0.9871     0.9871  0.0129     0.0129     0.1634         0.1892
    125   3.21   170.81     141.16     108.54  0.9858     0.9858  0.0142     0.0142     0.1519         0.1797
    126   3.21   170.71     139.42     106.10  0.9869     0.9870  0.0131     0.0130     0.1570         0.1818
    127   3.21   165.89     138.93     107.89  0.9860     0.9857  0.0140     0.0143     0.1524         0.1697
    128   3.21   207.49     142.60     103.42  0.9863     0.9861  0.0137     0.0139     0.1506         0.1692
    129   3.21   179.18     136.65     104.62  0.9860     0.9864  0.0140     0.0136     0.1727         0.1961
    130   3.21   190.18     136.69     103.73  0.9862     0.9863  0.0138     0.0137     0.1712         0.1901
    131   3.22   200.79     145.10     103.38  0.9857     0.9859  0.0143     0.0141     0.1384         0.1566
    132   3.21   181.48     138.85     104.49  0.9855     0.9856  0.0145     0.0144     0.1591         0.1814
    133   3.21   161.07     136.42     104.60  0.9860     0.9860  0.0140     0.0140     0.1691         0.1913
    134   3.21   167.69     139.24     104.66  0.9853     0.9850  0.0147     0.0150     0.1586         0.1796
    135   3.21   173.10     135.62     103.89  0.9860     0.9858  0.0140     0.0142     0.1649         0.1892
    136   3.22   166.04     135.35     103.49  0.9863     0.9861  0.0137     0.0139     0.1607         0.1806
    137   3.22   165.90     135.07     102.99  0.9865     0.9864  0.0135     0.0136     0.1640         0.1910
    138   3.21   175.84     139.51     102.92  0.9858     0.9856  0.0142     0.0144     0.1453         0.1623
    139   3.21   167.36     134.39     102.87  0.9866     0.9867  0.0134     0.0133     0.1502         0.1718
    140   3.20   204.63     142.06      99.70  0.9858     0.9859  0.0142     0.0141     0.1362         0.1537
    141   3.20   176.48     134.13     101.11  0.9859     0.9860  0.0141     0.0140     0.1515         0.1703
    142   3.21   162.68     132.94     102.97  0.9860     0.9860  0.0140     0.0140     0.1516         0.1728
    143   3.20   166.46     132.79     102.06  0.9859     0.9859  0.0141     0.0141     0.1536         0.1739
    144   3.21   158.90     135.50     102.10  0.9870     0.9868  0.0130     0.0132     0.1470         0.1684
    145   3.22   174.87     135.63      99.46  0.9869     0.9869  0.0131     0.0131     0.1461         0.1694
    146   3.22   163.42     132.71     101.90  0.9867     0.9868  0.0133     0.0132     0.1539         0.1749
    147   3.20   169.51     131.22     102.08  0.9865     0.9871  0.0135     0.0129     0.1542         0.1801
    148   3.21   168.60     135.21     100.05  0.9870     0.9869  0.0130     0.0131     0.1372         0.1553
    149   3.20   162.52     131.24     101.75  0.9865     0.9862  0.0135     0.0138     0.1448         0.1643
    150   3.21   164.75     129.87      99.35  0.9868     0.9870  0.0132     0.0130     0.1525         0.1733
    151   3.20   166.04     131.43      99.73  0.9861     0.9860  0.0139     0.0140     0.1549         0.1743
    152   3.22   182.52     132.61      97.66  0.9873     0.9872  0.0127     0.0128     0.1444         0.1613
    153   3.21   158.34     127.68     101.48  0.9857     0.9856  0.0143     0.0144     0.1498         0.1679
    154   3.21   155.02     127.62     100.77  0.9861     0.9864  0.0139     0.0136     0.1429         0.1637
    155   3.21   171.44     128.93      98.52  0.9859     0.9859  0.0141     0.0141     0.1397         0.1585
    156   3.22   179.90     135.14      96.83  0.9871     0.9871  0.0129     0.0129     0.1302         0.1443
    157   3.22   179.13     139.14      97.70  0.9865     0.9864  0.0135     0.0136     0.1295         0.1482
    158   3.22   159.47     129.13      98.70  0.9868     0.9872  0.0132     0.0128     0.1493         0.1673
    159   3.21   152.03     125.49     100.42  0.9870     0.9872  0.0130     0.0128     0.1402         0.1601
    160   3.21   157.82     127.39      97.10  0.9859     0.9861  0.0141     0.0139     0.1450         0.1627
    161   3.21   149.34     127.40      98.80  0.9857     0.9857  0.0143     0.0143     0.1399         0.1628
    162   3.21   171.42     132.17      95.88  0.9866     0.9864  0.0134     0.0136     0.1456         0.1645
    163   3.21   149.24     126.07      99.61  0.9855     0.9855  0.0145     0.0145     0.1540         0.1788
    164   3.20   153.66     126.98      97.50  0.9858     0.9856  0.0142     0.0144     0.1534         0.1744
    165   3.21   166.69     133.30      95.55  0.9859     0.9860  0.0141     0.0140     0.1454         0.1623
    166   3.21   146.65     126.21      98.11  0.9867     0.9868  0.0133     0.0132     0.1426         0.1659
    167   3.21   159.78     127.28      96.11  0.9866     0.9866  0.0134     0.0134     0.1457         0.1663
    168   3.21   154.19     127.52      98.22  0.9861     0.9862  0.0139     0.0138     0.1448         0.1628
    169   3.21   151.60     125.98      95.97  0.9872     0.9870  0.0128     0.0130     0.1429         0.1636
    170   3.21   150.46     121.67      96.12  0.9865     0.9865  0.0135     0.0135     0.1491         0.1718
    171   3.22   146.89     124.64      97.56  0.9861     0.9862  0.0139     0.0138     0.1412         0.1631
    172   3.21   177.61     128.16      93.76  0.9867     0.9868  0.0133     0.0132     0.1344         0.1527
    173   3.21   163.72     128.80      94.67  0.9869     0.9869  0.0131     0.0131     0.1391         0.1553
    174   3.21   156.11     125.92      96.69  0.9860     0.9858  0.0140     0.0142     0.1427         0.1675
    175   3.22   150.51     128.55      95.05  0.9866     0.9865  0.0134     0.0135     0.1366         0.1535
    176   3.20   154.74     131.65      95.40  0.9860     0.9863  0.0140     0.0137     0.1325         0.1545
    177   3.20   144.80     128.10      96.37  0.9857     0.9856  0.0143     0.0144     0.1429         0.1711
    178   3.21   147.26     127.81      94.79  0.9861     0.9860  0.0139     0.0140     0.1406         0.1579
    179   3.21   142.62     123.84      97.40  0.9873     0.9876  0.0127     0.0124     0.1400         0.1601
    180   3.21   149.12     131.34      95.21  0.9872     0.9872  0.0128     0.0128     0.1276         0.1445
    181   3.22   146.35     125.76      95.09  0.9872     0.9869  0.0128     0.0131     0.1388         0.1553
    182   3.22   155.35     125.35      93.65  0.9874     0.9872  0.0126     0.0128     0.1368         0.1559
    183   3.22   154.08     125.48      93.45  0.9878     0.9880  0.0122     0.0120     0.1314         0.1506
    184   3.22   157.64     124.57      93.83  0.9863     0.9863  0.0137     0.0137     0.1436         0.1620
    185   3.21   141.81     125.22      95.70  0.9857     0.9859  0.0143     0.0141     0.1404         0.1577
    186   3.22   151.18     128.09      93.68  0.9878     0.9877  0.0122     0.0123     0.1218         0.1369
    187   3.21   146.78     124.20      95.15  0.9864     0.9868  0.0136     0.0132     0.1363         0.1545
    188   3.21   150.14     125.26      94.04  0.9869     0.9867  0.0131     0.0133     0.1342         0.1533
    189   3.21   153.39     125.86      93.02  0.9863     0.9864  0.0137     0.0136     0.1350         0.1528
    190   3.22   146.65     122.99      93.24  0.9881     0.9876  0.0119     0.0124     0.1323         0.1513
    191   3.22   139.74     122.97      94.67  0.9882     0.9884  0.0118     0.0116     0.1497         0.1683
    192   3.21   137.50     123.12      94.62  0.9848     0.9849  0.0152     0.0151     0.1480         0.1689
    193   3.21   144.63     123.65      94.14  0.9874     0.9877  0.0126     0.0123     0.1376         0.1543
    194   3.21   139.66     125.04      94.38  0.9866     0.9867  0.0134     0.0133     0.1374         0.1559
    195   3.22   160.72     135.63      92.43  0.9874     0.9877  0.0126     0.0123     0.1180         0.1321
    196   3.21   143.52     125.48      94.35  0.9864     0.9863  0.0136     0.0137     0.1379         0.1535
    197   3.21   136.51     125.79      95.77  0.9868     0.9869  0.0132     0.0131     0.1287         0.1500
    198   3.22   145.66     125.33      94.88  0.9871     0.9870  0.0129     0.0130     0.1318         0.1490
    199   3.22   148.13     124.37      93.41  0.9872     0.9872  0.0128     0.0128     0.1342         0.1524
    200   3.22   145.98     124.36      93.67  0.9868     0.9867  0.0132     0.0133     0.1323         0.1508
The log/output/model have been saved to: ./logs/train.py-multi_zetas{'num_epochs': 200, 'use_stoch': [True, True, True], 'betas': [1e-05, 1e-05, 1e-05]}-ddl-04-03-17:44 + .csv/.out/.cpt
