  epoch    IZY    IXZ_1    IZ_1Z_2     acc    avg_acc     err    avg_err    adv_acc    avg_adv_acc
-------  -----  -------  ---------  ------  ---------  ------  ---------  ---------  -------------
      1   3.13  1310.88     670.38  0.9591     0.9596  0.0409     0.0404     0.0222         0.0223
      2   3.16  1280.71     670.76  0.9643     0.9646  0.0357     0.0354     0.0210         0.0210
      3   3.19  1251.94     678.50  0.9701     0.9705  0.0299     0.0295     0.0187         0.0186
      4   3.18  1228.71     686.56  0.9686     0.9688  0.0314     0.0312     0.0201         0.0201
      5   3.22  1220.39     682.41  0.9786     0.9785  0.0214     0.0215     0.0166         0.0166
      6   3.20  1211.19     694.65  0.9737     0.9735  0.0263     0.0265     0.0314         0.0312
      7   3.19  1199.18     685.13  0.9727     0.9727  0.0273     0.0273     0.0435         0.0434
      8   3.17  1199.78     709.65  0.9708     0.9707  0.0292     0.0293     0.0534         0.0534
      9   3.21  1188.85     711.30  0.9804     0.9804  0.0196     0.0196     0.0617         0.0621
     10   3.22  1168.44     674.99  0.9811     0.9811  0.0189     0.0189     0.0575         0.0572
     11   3.18  1170.80     699.31  0.9751     0.9753  0.0249     0.0247     0.0677         0.0683
     12   3.20  1165.50     696.36  0.9778     0.9779  0.0222     0.0221     0.0700         0.0700
     13   3.20  1158.24     697.27  0.9810     0.9810  0.0190     0.0190     0.1027         0.1031
     14   3.22  1150.81     689.36  0.9828     0.9828  0.0172     0.0172     0.0778         0.0779
     15   3.09  1143.23     683.70  0.9621     0.9620  0.0379     0.0380     0.0696         0.0695
     16   3.21  1135.25     693.85  0.9809     0.9810  0.0191     0.0190     0.1171         0.1163
     17   3.12  1128.90     682.39  0.9670     0.9671  0.0330     0.0329     0.0999         0.1002
     18   3.21  1119.59     693.91  0.9827     0.9828  0.0173     0.0172     0.1007         0.1010
     19   3.20  1111.26     686.03  0.9802     0.9803  0.0198     0.0197     0.1232         0.1232
     20   3.21  1101.14     683.90  0.9832     0.9830  0.0168     0.0170     0.1226         0.1234
     21   3.20  1095.08     662.01  0.9824     0.9824  0.0176     0.0176     0.1235         0.1239
     22   3.22  1088.87     666.44  0.9846     0.9846  0.0154     0.0154     0.1375         0.1363
     23   3.19  1071.98     631.98  0.9804     0.9803  0.0196     0.0197     0.1137         0.1139
     24   3.22  1063.12     636.56  0.9828     0.9829  0.0172     0.0171     0.1544         0.1535
     25   3.21  1052.25     668.37  0.9837     0.9837  0.0163     0.0163     0.1682         0.1680
     26   3.19  1046.38     618.82  0.9811     0.9812  0.0189     0.0188     0.1132         0.1131
     27   3.19  1037.82     656.00  0.9821     0.9822  0.0179     0.0178     0.1419         0.1419
     28   3.22  1030.57     625.13  0.9838     0.9838  0.0162     0.0162     0.1055         0.1054
     29   3.20  1020.86     636.48  0.9835     0.9835  0.0165     0.0165     0.1620         0.1620
     30   3.18  1015.63     604.44  0.9797     0.9798  0.0203     0.0202     0.1817         0.1822
     31   3.21  1011.38     607.24  0.9834     0.9834  0.0166     0.0166     0.1406         0.1408
     32   3.20  1002.36     610.18  0.9836     0.9834  0.0164     0.0166     0.1525         0.1521
     33   3.22   996.32     604.57  0.9848     0.9850  0.0152     0.0150     0.1520         0.1514
     34   3.22   984.88     610.34  0.9847     0.9847  0.0153     0.0153     0.1981         0.1979
     35   3.22   974.82     602.22  0.9854     0.9853  0.0146     0.0147     0.2087         0.2095
     36   3.20   967.89     596.66  0.9830     0.9831  0.0170     0.0169     0.1598         0.1602
     37   3.20   961.14     597.38  0.9837     0.9837  0.0163     0.0163     0.1834         0.1838
     38   3.20   958.67     573.84  0.9821     0.9821  0.0179     0.0179     0.1881         0.1883
     39   3.21   945.75     579.96  0.9848     0.9848  0.0152     0.0152     0.2124         0.2126
     40   3.20   937.43     579.80  0.9825     0.9825  0.0175     0.0175     0.2560         0.2563
     41   3.19   937.37     575.50  0.9813     0.9813  0.0187     0.0187     0.2172         0.2166
     42   3.21   927.56     566.29  0.9835     0.9835  0.0165     0.0165     0.1905         0.1906
     43   3.21   925.04     558.61  0.9840     0.9839  0.0160     0.0161     0.2344         0.2347
     44   3.20   907.48     577.94  0.9846     0.9847  0.0154     0.0153     0.2264         0.2269
     45   3.19   892.04     590.83  0.9850     0.9848  0.0150     0.0152     0.2486         0.2481
     46   3.20   872.80     588.23  0.9860     0.9860  0.0140     0.0140     0.2623         0.2626
     47   3.20   848.60     579.85  0.9862     0.9862  0.0138     0.0138     0.2622         0.2618
     48   3.19   816.12     564.14  0.9864     0.9864  0.0136     0.0136     0.2612         0.2608
     49   3.19   773.31     542.62  0.9865     0.9865  0.0135     0.0135     0.2668         0.2668
     50   3.19   714.33     514.84  0.9865     0.9866  0.0135     0.0134     0.2801         0.2804
     51   3.19   630.87     474.07  0.9863     0.9863  0.0137     0.0137     0.3211         0.3219
     52   3.19   520.39     441.16  0.9862     0.9861  0.0138     0.0139     0.3636         0.3644
     53   3.19   412.94     415.34  0.9862     0.9862  0.0138     0.0138     0.3854         0.3907
     54   3.19   329.39     382.28  0.9864     0.9863  0.0136     0.0137     0.3988         0.4082
     55   3.20   276.24     349.87  0.9861     0.9861  0.0139     0.0139     0.4194         0.4345
     56   3.21   375.24     331.92  0.9847     0.9847  0.0153     0.0153     0.2653         0.2712
     57   3.21   373.60     331.92  0.9858     0.9858  0.0142     0.0142     0.2887         0.2945
     58   3.21   380.04     336.87  0.9850     0.9851  0.0150     0.0149     0.2926         0.2992
     59   3.19   391.34     339.17  0.9827     0.9824  0.0173     0.0176     0.3027         0.3072
     60   3.21   388.49     334.67  0.9847     0.9847  0.0153     0.0153     0.2813         0.2860
     61   3.20   377.50     355.72  0.9844     0.9843  0.0156     0.0157     0.3363         0.3441
     62   3.21   381.12     344.61  0.9857     0.9858  0.0143     0.0142     0.3403         0.3448
     63   3.20   374.49     347.11  0.9851     0.9854  0.0149     0.0146     0.3400         0.3481
     64   3.20   363.91     355.33  0.9859     0.9858  0.0141     0.0142     0.3695         0.3760
     65   3.20   356.12     362.91  0.9863     0.9863  0.0137     0.0137     0.3845         0.3930
     66   3.20   347.68     367.10  0.9862     0.9863  0.0138     0.0137     0.3938         0.4041
     67   3.19   338.30     364.82  0.9863     0.9862  0.0137     0.0138     0.4056         0.4144
     68   3.19   328.25     362.68  0.9865     0.9865  0.0135     0.0135     0.4109         0.4210
     69   3.19   317.51     355.53  0.9862     0.9861  0.0138     0.0139     0.4148         0.4240
     70   3.19   305.23     347.13  0.9864     0.9866  0.0136     0.0134     0.4108         0.4213
     71   3.19   291.88     333.35  0.9867     0.9867  0.0133     0.0133     0.4138         0.4236
     72   3.21   345.46     309.29  0.9839     0.9840  0.0161     0.0160     0.2762         0.2782
     73   3.21   332.09     316.79  0.9864     0.9862  0.0136     0.0138     0.3526         0.3572
     74   3.21   320.97     325.81  0.9866     0.9866  0.0134     0.0134     0.3894         0.3992
     75   3.21   315.60     332.19  0.9869     0.9871  0.0131     0.0129     0.4153         0.4233
     76   3.21   310.65     335.03  0.9872     0.9871  0.0128     0.0129     0.4233         0.4343
     77   3.20   306.80     337.14  0.9869     0.9870  0.0131     0.0130     0.4290         0.4394
     78   3.20   301.38     337.62  0.9868     0.9869  0.0132     0.0131     0.4427         0.4549
     79   3.20   295.14     336.08  0.9868     0.9868  0.0132     0.0132     0.4462         0.4583
     80   3.20   288.44     331.45  0.9870     0.9870  0.0130     0.0130     0.4471         0.4613
     81   3.20   280.47     324.89  0.9869     0.9869  0.0131     0.0131     0.4464         0.4581
     82   3.20   271.86     315.40  0.9868     0.9868  0.0132     0.0132     0.4385         0.4519
     83   3.20   262.05     306.49  0.9870     0.9869  0.0130     0.0131     0.4414         0.4599
     84   3.19   249.68     294.47  0.9870     0.9872  0.0130     0.0128     0.4380         0.4567
     85   3.20   237.60     280.58  0.9873     0.9872  0.0127     0.0128     0.4289         0.4507
     86   3.20   223.71     268.75  0.9872     0.9873  0.0128     0.0127     0.4304         0.4564
     87   3.02   293.65     270.46  0.9629     0.9629  0.0371     0.0371     0.2336         0.2450
     88   3.21   267.04     251.20  0.9855     0.9854  0.0145     0.0146     0.2893         0.3021
     89   3.21   255.05     252.40  0.9861     0.9861  0.0139     0.0139     0.3299         0.3475
     90   3.21   245.47     256.30  0.9866     0.9866  0.0134     0.0134     0.3583         0.3789
     91   3.21   253.64     254.25  0.9860     0.9862  0.0140     0.0138     0.3511         0.3674
     92   3.20   246.22     258.68  0.9862     0.9861  0.0138     0.0139     0.3841         0.4025
     93   3.20   240.86     262.23  0.9866     0.9864  0.0134     0.0136     0.4149         0.4341
     94   3.20   237.02     265.28  0.9865     0.9865  0.0135     0.0135     0.4179         0.4423
     95   3.19   232.69     265.62  0.9865     0.9863  0.0135     0.0137     0.4302         0.4585
     96   3.19   228.07     263.30  0.9866     0.9865  0.0134     0.0135     0.4270         0.4532
     97   3.20   230.44     255.99  0.9866     0.9867  0.0134     0.0133     0.4155         0.4385
     98   3.20   218.75     258.38  0.9863     0.9863  0.0137     0.0137     0.4351         0.4646
     99   3.20   212.75     253.98  0.9865     0.9864  0.0135     0.0136     0.4352         0.4688
    100   3.21   259.55     250.52  0.9855     0.9853  0.0145     0.0147     0.3280         0.3380
    101   3.20   258.77     251.56  0.9849     0.9850  0.0151     0.0150     0.3427         0.3561
    102   3.20   247.91     250.31  0.9852     0.9856  0.0148     0.0144     0.3651         0.3842
    103   3.20   243.72     254.41  0.9856     0.9856  0.0144     0.0144     0.3967         0.4170
    104   3.20   239.92     256.59  0.9857     0.9859  0.0143     0.0141     0.4115         0.4338
    105   3.20   236.82     258.93  0.9854     0.9852  0.0146     0.0148     0.4223         0.4466
    106   3.20   233.48     260.24  0.9857     0.9857  0.0143     0.0143     0.4349         0.4620
    107   3.19   236.89     257.90  0.9849     0.9851  0.0151     0.0149     0.4258         0.4487
    108   3.19   275.09     246.32  0.9845     0.9845  0.0155     0.0155     0.3304         0.3451
    109   3.20   257.28     249.40  0.9863     0.9863  0.0137     0.0137     0.3756         0.3911
    110   3.20   250.97     252.35  0.9867     0.9869  0.0133     0.0131     0.3942         0.4124
    111   3.20   246.03     255.33  0.9865     0.9863  0.0135     0.0137     0.4110         0.4352
    112   3.20   241.74     257.04  0.9863     0.9864  0.0137     0.0136     0.4298         0.4539
    113   3.19   240.37     257.12  0.9865     0.9865  0.0135     0.0135     0.4303         0.4555
    114   3.19   239.12     256.24  0.9866     0.9863  0.0134     0.0137     0.4258         0.4490
    115   3.19   232.70     258.00  0.9868     0.9865  0.0132     0.0135     0.4323         0.4615
    116   3.19   249.47     248.04  0.9860     0.9858  0.0140     0.0142     0.3759         0.3997
    117   3.19   236.09     254.22  0.9867     0.9864  0.0133     0.0136     0.4181         0.4487
    118   3.19   231.16     256.15  0.9867     0.9865  0.0133     0.0135     0.4238         0.4541
    119   3.19   225.32     251.02  0.9865     0.9864  0.0135     0.0136     0.4264         0.4575
    120   3.19   216.20     247.15  0.9866     0.9866  0.0134     0.0134     0.4250         0.4628
    121   3.19   207.69     239.66  0.9866     0.9868  0.0134     0.0132     0.4243         0.4627
    122   3.19   201.87     234.06  0.9871     0.9873  0.0129     0.0127     0.4237         0.4616
    123   3.17   207.61     252.69  0.9857     0.9859  0.0143     0.0141     0.4125         0.4554
    124   3.18   213.34     249.11  0.9863     0.9862  0.0137     0.0138     0.4368         0.4746
    125   3.19   219.92     241.25  0.9863     0.9863  0.0137     0.0137     0.4128         0.4436
    126   3.19   217.00     241.18  0.9865     0.9863  0.0135     0.0137     0.4232         0.4519
    127   3.19   213.39     240.26  0.9864     0.9863  0.0136     0.0137     0.4342         0.4636
    128   3.19   209.81     239.92  0.9865     0.9866  0.0135     0.0134     0.4400         0.4752
    129   3.19   207.50     236.84  0.9867     0.9865  0.0133     0.0135     0.4442         0.4792
    130   3.19   202.60     234.48  0.9863     0.9866  0.0137     0.0134     0.4335         0.4752
    131   3.19   200.83     231.41  0.9868     0.9867  0.0132     0.0133     0.4307         0.4678
    132   3.19   194.55     229.13  0.9865     0.9866  0.0135     0.0134     0.4417         0.4823
    133   3.19   188.21     224.82  0.9871     0.9868  0.0129     0.0132     0.4371         0.4872
    134   3.19   182.37     219.64  0.9869     0.9868  0.0131     0.0132     0.4311         0.4815
    135   3.19   176.03     213.72  0.9864     0.9864  0.0136     0.0136     0.4324         0.4916
    136   3.18   175.71     210.36  0.9853     0.9852  0.0147     0.0148     0.4226         0.4836
    137   3.18   176.91     209.61  0.9852     0.9851  0.0148     0.0149     0.4253         0.4863
    138   3.19   173.47     206.40  0.9861     0.9863  0.0139     0.0137     0.4288         0.4903
    139   3.19   169.67     204.42  0.9859     0.9859  0.0141     0.0141     0.4214         0.4953
    140   3.19   170.35     200.34  0.9853     0.9856  0.0147     0.0144     0.4220         0.4876
    141   3.19   171.13     196.09  0.9864     0.9862  0.0136     0.0138     0.4124         0.4742
    142   3.19   166.91     196.04  0.9862     0.9865  0.0138     0.0135     0.4273         0.5009
    143   3.19   159.92     193.63  0.9869     0.9867  0.0131     0.0133     0.4125         0.4851
    144   3.19   165.27     191.31  0.9862     0.9860  0.0138     0.0140     0.4126         0.4782
    145   3.19   157.58     189.52  0.9869     0.9870  0.0131     0.0130     0.4232         0.4966
    146   3.19   150.37     186.39  0.9867     0.9866  0.0133     0.0134     0.4281         0.5105
    147   3.19   147.04     180.38  0.9867     0.9866  0.0133     0.0134     0.4094         0.4920
    148   3.19   141.10     176.87  0.9866     0.9866  0.0134     0.0134     0.3993         0.4849
    149   3.20   157.54     179.07  0.9867     0.9869  0.0133     0.0131     0.3706         0.4457
    150   3.20   151.31     178.16  0.9873     0.9872  0.0127     0.0128     0.3743         0.4616
    151   3.20   163.58     178.34  0.9872     0.9873  0.0128     0.0127     0.3699         0.4345
    152   3.20   159.04     177.96  0.9879     0.9873  0.0121     0.0127     0.3757         0.4581
    153   3.19   153.64     176.26  0.9870     0.9874  0.0130     0.0126     0.3788         0.4603
    154   3.20   151.86     174.74  0.9873     0.9875  0.0127     0.0125     0.3722         0.4510
    155   3.20   152.41     173.16  0.9870     0.9870  0.0130     0.0130     0.3749         0.4523
    156   3.20   143.70     173.35  0.9869     0.9872  0.0131     0.0128     0.3925         0.4830
    157   3.19   144.46     171.39  0.9870     0.9870  0.0130     0.0130     0.3885         0.4756
    158   3.19   140.43     171.09  0.9868     0.9869  0.0132     0.0131     0.3872         0.4870
    159   3.19   136.17     168.60  0.9867     0.9869  0.0133     0.0131     0.3754         0.4778
    160   3.20   133.97     165.65  0.9870     0.9869  0.0130     0.0131     0.3805         0.4729
    161   3.19   136.41     164.57  0.9867     0.9872  0.0133     0.0128     0.3716         0.4676
    162   3.19   132.68     164.88  0.9868     0.9868  0.0132     0.0132     0.3954         0.4852
    163   3.20   129.66     161.87  0.9873     0.9872  0.0127     0.0128     0.3791         0.4729
    164   3.19   143.48     163.04  0.9866     0.9868  0.0134     0.0132     0.3445         0.4316
    165   3.19   136.50     162.28  0.9866     0.9865  0.0134     0.0135     0.3735         0.4683
    166   3.19   131.15     160.23  0.9878     0.9873  0.0122     0.0127     0.3731         0.4671
    167   3.19   125.00     159.50  0.9880     0.9878  0.0120     0.0122     0.3719         0.4737
    168   3.20   130.94     160.30  0.9876     0.9873  0.0124     0.0127     0.3770         0.4679
    169   3.19   125.51     159.28  0.9865     0.9863  0.0135     0.0137     0.3878         0.4857
    170   3.19   121.55     156.97  0.9868     0.9869  0.0132     0.0131     0.3707         0.4731
    171   3.20   116.86     154.65  0.9874     0.9875  0.0126     0.0125     0.3712         0.4774
    172   3.20   118.75     153.06  0.9871     0.9873  0.0129     0.0127     0.3641         0.4652
    173   3.19   118.90     151.38  0.9868     0.9866  0.0132     0.0134     0.3507         0.4533
    174   3.20   115.11     151.28  0.9872     0.9871  0.0128     0.0129     0.3632         0.4706
    175   3.19   122.50     150.73  0.9867     0.9870  0.0133     0.0130     0.3527         0.4478
    176   3.19   114.79     149.79  0.9874     0.9873  0.0126     0.0127     0.3576         0.4685
    177   3.19   112.85     149.42  0.9871     0.9874  0.0129     0.0126     0.3687         0.4777
    178   3.20   111.61     147.03  0.9876     0.9881  0.0124     0.0119     0.3597         0.4688
    179   3.19   108.85     145.07  0.9871     0.9872  0.0129     0.0128     0.3589         0.4698
    180   3.19   111.42     144.91  0.9872     0.9870  0.0128     0.0130     0.3605         0.4624
    181   3.19   106.81     142.60  0.9876     0.9876  0.0124     0.0124     0.3578         0.4709
    182   3.20   106.60     142.65  0.9877     0.9877  0.0123     0.0123     0.3747         0.4875
    183   3.19   107.75     141.61  0.9867     0.9864  0.0133     0.0136     0.3572         0.4702
    184   3.19   107.73     141.02  0.9870     0.9872  0.0130     0.0128     0.3636         0.4734
    185   3.19   107.84     142.99  0.9871     0.9867  0.0129     0.0133     0.3622         0.4755
    186   3.19   114.74     141.14  0.9868     0.9866  0.0132     0.0134     0.3455         0.4409
    187   3.19   106.90     141.22  0.9871     0.9868  0.0129     0.0132     0.3630         0.4736
    188   3.19   104.61     139.98  0.9869     0.9865  0.0131     0.0135     0.3535         0.4662
    189   3.19   111.27     139.13  0.9869     0.9869  0.0131     0.0131     0.3342         0.4452
    190   3.19   104.90     138.17  0.9873     0.9874  0.0127     0.0126     0.3515         0.4621
    191   3.19   101.70     138.21  0.9869     0.9871  0.0131     0.0129     0.3542         0.4697
    192   3.20   101.76     137.77  0.9869     0.9871  0.0131     0.0129     0.3519         0.4644
    193   3.19   100.62     136.79  0.9872     0.9872  0.0128     0.0128     0.3503         0.4679
    194   3.19    98.92     136.05  0.9876     0.9878  0.0124     0.0122     0.3548         0.4770
    195   3.19   114.62     136.25  0.9875     0.9876  0.0125     0.0124     0.3147         0.4131
    196   3.18   106.10     137.31  0.9867     0.9866  0.0133     0.0134     0.3402         0.4505
    197   3.19   108.88     136.55  0.9875     0.9873  0.0125     0.0127     0.3291         0.4348
    198   3.19   102.97     136.38  0.9872     0.9873  0.0128     0.0127     0.3463         0.4593
    199   3.19   100.39     135.53  0.9878     0.9880  0.0122     0.0120     0.3553         0.4785
    200   3.20   100.04     134.67  0.9876     0.9877  0.0124     0.0123     0.3496         0.4656
    201   3.19    96.95     134.16  0.9869     0.9869  0.0131     0.0131     0.3494         0.4677
    202   3.19    96.85     134.04  0.9870     0.9873  0.0130     0.0127     0.3455         0.4728
    203   3.19   105.35     133.50  0.9879     0.9876  0.0121     0.0124     0.3294         0.4364
    204   3.19    98.02     133.01  0.9873     0.9873  0.0127     0.0127     0.3456         0.4722
    205   3.19    98.59     132.47  0.9873     0.9870  0.0127     0.0130     0.3470         0.4600
    206   3.19    96.39     133.03  0.9872     0.9877  0.0128     0.0123     0.3502         0.4699
    207   3.19   104.37     132.14  0.9871     0.9873  0.0129     0.0127     0.3217         0.4293
    208   3.19    94.81     131.53  0.9866     0.9869  0.0134     0.0131     0.3544         0.4741
    209   3.19   102.51     131.94  0.9868     0.9869  0.0132     0.0131     0.3229         0.4311
    210   3.19    95.00     131.82  0.9879     0.9877  0.0121     0.0123     0.3431         0.4688
    211   3.20    94.70     130.85  0.9877     0.9877  0.0123     0.0123     0.3448         0.4682
    212   3.19   104.78     130.95  0.9876     0.9875  0.0124     0.0125     0.3193         0.4278
    213   3.19    97.38     131.11  0.9875     0.9874  0.0125     0.0126     0.3374         0.4585
    214   3.18    98.90     131.55  0.9874     0.9871  0.0126     0.0129     0.3296         0.4499
    215   3.19    98.35     130.42  0.9872     0.9872  0.0128     0.0128     0.3277         0.4519
    216   3.19   100.58     129.74  0.9871     0.9871  0.0129     0.0129     0.3272         0.4470
    217   3.19    98.31     129.98  0.9874     0.9875  0.0126     0.0125     0.3391         0.4613
    218   3.19    95.36     129.47  0.9870     0.9873  0.0130     0.0127     0.3419         0.4658
    219   3.19    95.83     129.99  0.9873     0.9875  0.0127     0.0125     0.3331         0.4566
    220   3.19    95.18     129.47  0.9872     0.9871  0.0128     0.0129     0.3376         0.4647
    221   3.19    92.92     129.51  0.9871     0.9874  0.0129     0.0126     0.3370         0.4654
    222   3.19    91.94     128.45  0.9870     0.9873  0.0130     0.0127     0.3400         0.4670
    223   3.19    92.35     128.95  0.9878     0.9877  0.0122     0.0123     0.3262         0.4572
    224   3.19    92.03     127.95  0.9875     0.9875  0.0125     0.0125     0.3405         0.4638
    225   3.18    92.11     127.46  0.9864     0.9866  0.0136     0.0134     0.3300         0.4587
    226   3.19    95.11     127.68  0.9865     0.9866  0.0135     0.0134     0.3412         0.4655
    227   3.18    93.35     127.62  0.9876     0.9877  0.0124     0.0123     0.3444         0.4727
    228   3.19    92.39     126.95  0.9874     0.9876  0.0126     0.0124     0.3466         0.4766
    229   3.18    94.91     127.31  0.9877     0.9877  0.0123     0.0123     0.3282         0.4567
    230   3.19    93.48     127.44  0.9870     0.9870  0.0130     0.0130     0.3279         0.4528
    231   3.19    91.23     126.93  0.9872     0.9871  0.0128     0.0129     0.3421         0.4663
    232   3.19    90.51     126.57  0.9877     0.9877  0.0123     0.0123     0.3297         0.4677
    233   3.19    91.06     126.04  0.9880     0.9876  0.0120     0.0124     0.3327         0.4676
    234   3.19    88.99     125.97  0.9878     0.9880  0.0122     0.0120     0.3468         0.4750
    235   3.19    87.78     125.65  0.9872     0.9871  0.0128     0.0129     0.3398         0.4708
    236   3.19    91.24     124.65  0.9879     0.9876  0.0121     0.0124     0.3284         0.4555
    237   3.18    87.77     124.98  0.9877     0.9876  0.0123     0.0124     0.3405         0.4740
    238   3.19    88.15     124.22  0.9874     0.9875  0.0126     0.0125     0.3444         0.4719
    239   3.18    90.55     123.89  0.9873     0.9872  0.0127     0.0128     0.3383         0.4650
    240   3.19    90.91     123.17  0.9877     0.9880  0.0123     0.0120     0.3347         0.4621
    241   3.19    94.64     122.68  0.9878     0.9879  0.0122     0.0121     0.3252         0.4410
    242   3.18    86.82     123.63  0.9877     0.9873  0.0123     0.0127     0.3437         0.4713
    243   3.18    88.55     122.45  0.9876     0.9873  0.0124     0.0127     0.3319         0.4568
    244   3.18    86.72     123.50  0.9879     0.9879  0.0121     0.0121     0.3374         0.4683
    245   3.19    86.67     122.60  0.9872     0.9873  0.0128     0.0127     0.3429         0.4774
    246   3.19    84.33     122.16  0.9879     0.9877  0.0121     0.0123     0.3364         0.4748
    247   3.19    83.70     121.55  0.9876     0.9872  0.0124     0.0128     0.3344         0.4684
    248   3.19    85.14     120.60  0.9869     0.9868  0.0131     0.0132     0.3347         0.4639
    249   3.18    87.38     120.64  0.9871     0.9871  0.0129     0.0129     0.3333         0.4645
    250   3.19    86.96     120.56  0.9877     0.9877  0.0123     0.0123     0.3198         0.4466
    251   3.19    84.42     120.69  0.9878     0.9879  0.0122     0.0121     0.3336         0.4679
    252   3.18    83.77     120.84  0.9869     0.9864  0.0131     0.0136     0.3391         0.4737
    253   3.19    83.20     120.64  0.9874     0.9874  0.0126     0.0126     0.3464         0.4786
    254   3.18    84.69     120.11  0.9878     0.9878  0.0122     0.0122     0.3413         0.4703
    255   3.18    82.54     120.37  0.9877     0.9878  0.0123     0.0122     0.3426         0.4733
    256   3.19    84.48     119.48  0.9880     0.9877  0.0120     0.0123     0.3431         0.4739
    257   3.19    81.67     119.66  0.9874     0.9872  0.0126     0.0128     0.3473         0.4792
    258   3.18    82.22     119.66  0.9871     0.9866  0.0129     0.0134     0.3366         0.4720
    259   3.18    85.04     118.98  0.9868     0.9869  0.0132     0.0131     0.3428         0.4683
    260   3.18    82.91     118.50  0.9869     0.9873  0.0131     0.0127     0.3445         0.4674
    261   3.19    82.74     118.60  0.9875     0.9874  0.0125     0.0126     0.3338         0.4672
    262   3.19    82.67     118.11  0.9880     0.9878  0.0120     0.0122     0.3404         0.4692
    263   3.18    81.83     117.84  0.9877     0.9880  0.0123     0.0120     0.3470         0.4879
    264   3.18    80.02     118.38  0.9871     0.9871  0.0129     0.0129     0.3504         0.4875
    265   3.18    81.52     117.27  0.9870     0.9868  0.0130     0.0132     0.3436         0.4827
    266   3.18    81.68     116.93  0.9880     0.9879  0.0120     0.0121     0.3425         0.4672
    267   3.19    79.14     117.44  0.9873     0.9875  0.0127     0.0125     0.3392         0.4785
    268   3.19    84.75     116.56  0.9876     0.9878  0.0124     0.0122     0.3338         0.4576
    269   3.19    80.84     116.98  0.9875     0.9871  0.0125     0.0129     0.3472         0.4797
    270   3.19    80.87     116.95  0.9874     0.9876  0.0126     0.0124     0.3464         0.4826
    271   3.19    83.18     116.88  0.9876     0.9877  0.0124     0.0123     0.3309         0.4637
    272   3.18    80.25     117.16  0.9872     0.9873  0.0128     0.0127     0.3469         0.4823
    273   3.18    82.73     116.24  0.9883     0.9880  0.0117     0.0120     0.3318         0.4602
    274   3.18    80.55     116.33  0.9874     0.9874  0.0126     0.0126     0.3437         0.4904
    275   3.18    78.31     116.45  0.9879     0.9877  0.0121     0.0123     0.3527         0.4941
    276   3.18    79.12     116.10  0.9876     0.9875  0.0124     0.0125     0.3410         0.4864
    277   3.19    80.87     115.71  0.9873     0.9873  0.0127     0.0127     0.3421         0.4824
    278   3.19    79.78     116.28  0.9878     0.9877  0.0122     0.0123     0.3534         0.4935
    279   3.19    78.90     116.02  0.9874     0.9873  0.0126     0.0127     0.3400         0.4769
    280   3.18    78.49     116.12  0.9868     0.9867  0.0132     0.0133     0.3432         0.4852
    281   3.19    78.67     115.95  0.9875     0.9872  0.0125     0.0128     0.3552         0.4888
    282   3.19    79.19     115.49  0.9871     0.9871  0.0129     0.0129     0.3469         0.4886
    283   3.19    82.17     114.70  0.9876     0.9877  0.0124     0.0123     0.3443         0.4713
    284   3.19    78.44     115.32  0.9874     0.9876  0.0126     0.0124     0.3462         0.4887
    285   3.18    79.79     114.57  0.9873     0.9876  0.0127     0.0124     0.3294         0.4761
    286   3.19    78.43     115.54  0.9872     0.9873  0.0128     0.0127     0.3542         0.4956
    287   3.19    78.65     114.94  0.9873     0.9873  0.0127     0.0127     0.3521         0.4912
    288   3.19    78.93     114.90  0.9875     0.9876  0.0125     0.0124     0.3521         0.4868
    289   3.19    78.59     114.18  0.9874     0.9877  0.0126     0.0123     0.3498         0.4905
    290   3.19    78.41     114.25  0.9881     0.9878  0.0119     0.0122     0.3480         0.4885
    291   3.19    79.31     113.91  0.9873     0.9873  0.0127     0.0127     0.3429         0.4806
    292   3.18    79.95     113.42  0.9875     0.9875  0.0125     0.0125     0.3437         0.4882
    293   3.18    81.04     113.88  0.9873     0.9874  0.0127     0.0126     0.3464         0.4758
    294   3.18    77.14     114.68  0.9868     0.9869  0.0132     0.0131     0.3530         0.4977
    295   3.18    78.66     113.78  0.9877     0.9874  0.0123     0.0126     0.3442         0.4800
    296   3.18    77.15     113.79  0.9873     0.9875  0.0127     0.0125     0.3481         0.4923
    297   3.18    76.80     113.16  0.9879     0.9876  0.0121     0.0124     0.3510         0.4927
    298   3.18    77.63     113.54  0.9871     0.9870  0.0129     0.0130     0.3546         0.4895
    299   3.18    79.41     112.90  0.9873     0.9875  0.0127     0.0125     0.3499         0.4801
    300   3.19    76.94     113.29  0.9874     0.9876  0.0126     0.0124     0.3512         0.4917
The log/output/model have been saved to: ./logs/train.py-multi_zetas300_False_True_True_1e-07_1e-07_1e-07-oxm-04-23-13:23 + .csv/.out/.cpt
