  epoch    IZY    IXZ_1     acc    avg_acc     err    avg_err    adv_acc    avg_adv_acc
-------  -----  -------  ------  ---------  ------  ---------  ---------  -------------
      1   3.12   501.56  0.9564     0.9569  0.0436     0.0431     0.0220         0.0221
      2   3.11   425.32  0.9541     0.9546  0.0459     0.0454     0.0203         0.0203
      3   3.17   375.51  0.9676     0.9670  0.0324     0.0330     0.0184         0.0185
      4   3.22   354.22  0.9771     0.9770  0.0229     0.0230     0.0138         0.0138
      5   3.19   311.02  0.9745     0.9743  0.0255     0.0257     0.0186         0.0185
      6   3.20   297.84  0.9756     0.9756  0.0244     0.0244     0.0188         0.0189
      7   3.20   282.56  0.9779     0.9777  0.0221     0.0223     0.0496         0.0505
      8   3.22   266.50  0.9817     0.9817  0.0183     0.0183     0.0293         0.0298
      9   3.18   250.28  0.9748     0.9742  0.0252     0.0258     0.0669         0.0673
     10   3.21   241.83  0.9806     0.9805  0.0194     0.0195     0.0911         0.0924
     11   3.21   238.15  0.9809     0.9809  0.0191     0.0191     0.0805         0.0808
     12   3.22   222.76  0.9830     0.9834  0.0170     0.0166     0.0660         0.0659
     13   3.21   212.77  0.9801     0.9804  0.0199     0.0196     0.1290         0.1294
     14   3.19   212.96  0.9781     0.9773  0.0219     0.0227     0.0933         0.0942
     15   3.21   201.09  0.9823     0.9825  0.0177     0.0175     0.1135         0.1154
     16   3.19   199.42  0.9772     0.9777  0.0228     0.0223     0.1020         0.1031
     17   3.20   193.12  0.9797     0.9799  0.0203     0.0201     0.1749         0.1780
     18   3.20   188.31  0.9815     0.9815  0.0185     0.0185     0.1658         0.1663
     19   3.22   186.88  0.9808     0.9812  0.0192     0.0188     0.0869         0.0877
     20   3.21   172.54  0.9817     0.9817  0.0183     0.0183     0.0955         0.0962
     21   3.21   172.95  0.9816     0.9815  0.0184     0.0185     0.1010         0.1020
     22   3.22   165.38  0.9836     0.9838  0.0164     0.0162     0.1181         0.1194
     23   3.18   170.65  0.9793     0.9792  0.0207     0.0208     0.1712         0.1734
     24   3.22   158.19  0.9848     0.9847  0.0152     0.0153     0.1477         0.1489
     25   3.20   160.34  0.9819     0.9821  0.0181     0.0179     0.1178         0.1185
     26   3.21   161.38  0.9826     0.9824  0.0174     0.0176     0.1015         0.1020
     27   3.20   162.70  0.9820     0.9820  0.0180     0.0180     0.2007         0.2019
     28   3.20   149.69  0.9804     0.9803  0.0196     0.0197     0.0865         0.0873
     29   3.18   150.52  0.9789     0.9792  0.0211     0.0208     0.1283         0.1293
     30   3.21   145.52  0.9828     0.9828  0.0172     0.0172     0.1391         0.1401
     31   3.22   141.09  0.9841     0.9842  0.0159     0.0158     0.1783         0.1807
     32   3.20   138.00  0.9820     0.9824  0.0180     0.0176     0.1518         0.1525
     33   3.20   138.05  0.9820     0.9821  0.0180     0.0179     0.1442         0.1460
     34   3.21   140.25  0.9831     0.9833  0.0169     0.0167     0.1390         0.1415
     35   3.22   132.04  0.9842     0.9842  0.0158     0.0158     0.1186         0.1200
     36   3.22   123.61  0.9862     0.9862  0.0138     0.0138     0.1405         0.1422
     37   3.22   114.06  0.9857     0.9855  0.0143     0.0145     0.1269         0.1291
     38   3.23   101.69  0.9863     0.9867  0.0137     0.0133     0.1018         0.1033
     39   3.22    91.32  0.9865     0.9864  0.0135     0.0136     0.0845         0.0866
     40   3.22    82.56  0.9861     0.9862  0.0139     0.0138     0.0741         0.0761
     41   3.22    72.74  0.9860     0.9863  0.0140     0.0137     0.0761         0.0771
     42   3.15   146.06  0.9726     0.9725  0.0274     0.0275     0.0435         0.0447
     43   3.21   114.62  0.9831     0.9833  0.0169     0.0167     0.0771         0.0784
     44   3.22   103.46  0.9860     0.9858  0.0140     0.0142     0.0847         0.0856
     45   3.22    98.75  0.9851     0.9851  0.0149     0.0149     0.1005         0.1025
     46   3.22    90.11  0.9861     0.9859  0.0139     0.0141     0.0882         0.0908
     47   3.20    98.36  0.9844     0.9847  0.0156     0.0153     0.1157         0.1182
     48   3.20   106.41  0.9830     0.9828  0.0170     0.0172     0.0737         0.0753
     49   3.20   107.55  0.9833     0.9834  0.0167     0.0166     0.0564         0.0567
     50   3.21    96.97  0.9847     0.9850  0.0153     0.0150     0.0971         0.0995
     51   3.22    94.59  0.9843     0.9843  0.0157     0.0157     0.0635         0.0648
     52   3.21    91.83  0.9856     0.9855  0.0144     0.0145     0.0941         0.0957
     53   3.21    85.97  0.9860     0.9859  0.0140     0.0141     0.0884         0.0899
     54   3.21    78.70  0.9859     0.9856  0.0141     0.0144     0.0782         0.0798
     55   3.21    72.74  0.9857     0.9861  0.0143     0.0139     0.0766         0.0780
     56   3.21    67.41  0.9861     0.9859  0.0139     0.0141     0.0893         0.0909
     57   3.21    63.93  0.9863     0.9862  0.0137     0.0138     0.0954         0.0971
     58   3.21    59.48  0.9863     0.9861  0.0137     0.0139     0.1032         0.1033
     59   3.21    55.89  0.9861     0.9863  0.0139     0.0137     0.1295         0.1311
     60   3.20   102.55  0.9828     0.9831  0.0172     0.0169     0.0563         0.0569
     61   3.21    88.08  0.9850     0.9847  0.0150     0.0153     0.0661         0.0681
     62   3.21    81.60  0.9857     0.9859  0.0143     0.0141     0.0779         0.0790
     63   3.19    91.21  0.9801     0.9802  0.0199     0.0198     0.0706         0.0719
     64   3.20    83.63  0.9854     0.9856  0.0146     0.0144     0.0895         0.0910
     65   3.21    77.20  0.9862     0.9857  0.0138     0.0143     0.0909         0.0923
     66   3.21    70.86  0.9863     0.9861  0.0137     0.0139     0.0953         0.0964
     67   3.21    65.17  0.9862     0.9861  0.0138     0.0139     0.1004         0.1020
     68   3.20    60.76  0.9856     0.9864  0.0144     0.0136     0.1099         0.1106
     69   3.21    57.18  0.9866     0.9865  0.0134     0.0135     0.1296         0.1309
     70   3.20    54.15  0.9864     0.9867  0.0136     0.0133     0.1545         0.1559
     71   3.20    52.57  0.9860     0.9862  0.0140     0.0138     0.1671         0.1683
     72   3.20    50.09  0.9865     0.9865  0.0135     0.0135     0.1877         0.1878
     73   3.20    48.42  0.9866     0.9871  0.0134     0.0129     0.2105         0.2116
     74   3.20    46.62  0.9870     0.9866  0.0130     0.0134     0.2328         0.2335
     75   3.20    44.74  0.9861     0.9864  0.0139     0.0136     0.2426         0.2419
     76   3.19    43.84  0.9866     0.9864  0.0134     0.0136     0.2429         0.2427
     77   3.19    41.71  0.9866     0.9868  0.0134     0.0132     0.2956         0.2961
     78   3.19    40.40  0.9862     0.9861  0.0138     0.0139     0.2974         0.2978
     79   3.20    82.80  0.9842     0.9843  0.0158     0.0157     0.1057         0.1093
     80   3.20    77.21  0.9843     0.9847  0.0157     0.0153     0.0815         0.0837
     81   3.20    67.14  0.9851     0.9854  0.0149     0.0146     0.1092         0.1117
     82   3.20    73.98  0.9840     0.9839  0.0160     0.0161     0.0751         0.0775
     83   3.19    74.49  0.9848     0.9845  0.0152     0.0155     0.1220         0.1279
     84   3.20    62.14  0.9865     0.9868  0.0135     0.0132     0.1097         0.1128
     85   3.20    58.32  0.9868     0.9868  0.0132     0.0132     0.1043         0.1074
     86   3.20    59.56  0.9867     0.9866  0.0133     0.0134     0.0956         0.0963
     87   3.19    51.58  0.9871     0.9868  0.0129     0.0132     0.1147         0.1171
     88   3.19    47.15  0.9872     0.9870  0.0128     0.0130     0.1596         0.1618
     89   3.19    45.04  0.9871     0.9871  0.0129     0.0129     0.1765         0.1779
     90   3.19    44.30  0.9875     0.9873  0.0125     0.0127     0.1893         0.1900
     91   3.19    42.67  0.9871     0.9876  0.0129     0.0124     0.2194         0.2202
     92   3.19    41.26  0.9872     0.9872  0.0128     0.0128     0.2490         0.2505
     93   3.19    40.77  0.9874     0.9875  0.0126     0.0125     0.2557         0.2562
     94   3.19    39.83  0.9877     0.9874  0.0123     0.0126     0.2717         0.2743
     95   3.18    38.72  0.9873     0.9873  0.0127     0.0127     0.2825         0.2823
     96   3.19    68.41  0.9837     0.9841  0.0163     0.0159     0.1093         0.1133
     97   3.20    59.44  0.9864     0.9865  0.0136     0.0135     0.1223         0.1251
     98   3.20    55.01  0.9856     0.9858  0.0144     0.0142     0.1308         0.1338
     99   3.20    51.20  0.9859     0.9860  0.0141     0.0140     0.1375         0.1402
    100   3.19    47.05  0.9864     0.9867  0.0136     0.0133     0.1630         0.1651
    101   3.19    44.22  0.9859     0.9864  0.0141     0.0136     0.1802         0.1818
    102   3.19    42.40  0.9863     0.9867  0.0137     0.0133     0.2030         0.2041
    103   3.19    41.23  0.9870     0.9872  0.0130     0.0128     0.2218         0.2238
    104   3.20    41.00  0.9871     0.9872  0.0129     0.0128     0.2344         0.2346
    105   3.19    39.79  0.9876     0.9872  0.0124     0.0128     0.2569         0.2582
    106   3.19    39.02  0.9876     0.9876  0.0124     0.0124     0.2635         0.2639
    107   3.19    38.70  0.9875     0.9873  0.0125     0.0127     0.2757         0.2769
    108   3.19    37.88  0.9872     0.9871  0.0128     0.0129     0.2991         0.3005
    109   3.18    37.06  0.9875     0.9875  0.0125     0.0125     0.3132         0.3141
    110   3.18    36.70  0.9868     0.9876  0.0132     0.0124     0.3162         0.3164
    111   3.19    36.19  0.9877     0.9874  0.0123     0.0126     0.3227         0.3233
    112   3.18    36.53  0.9870     0.9873  0.0130     0.0127     0.3360         0.3370
    113   3.18    34.90  0.9874     0.9875  0.0126     0.0125     0.3384         0.3386
    114   3.20    64.71  0.9855     0.9858  0.0145     0.0142     0.0969         0.0995
    115   3.20    52.38  0.9854     0.9859  0.0146     0.0141     0.1125         0.1159
    116   3.19    47.55  0.9858     0.9856  0.0142     0.0144     0.1274         0.1325
    117   3.19    44.69  0.9861     0.9860  0.0139     0.0140     0.1529         0.1562
    118   3.19    42.57  0.9862     0.9862  0.0138     0.0138     0.1810         0.1843
    119   3.19    40.92  0.9864     0.9863  0.0136     0.0137     0.2002         0.2039
    120   3.19    39.98  0.9865     0.9867  0.0135     0.0133     0.2173         0.2200
    121   3.19    38.68  0.9864     0.9864  0.0136     0.0136     0.2390         0.2409
    122   3.19    37.62  0.9865     0.9863  0.0135     0.0137     0.2576         0.2600
    123   3.19    36.79  0.9867     0.9867  0.0133     0.0133     0.2724         0.2734
    124   3.18    36.33  0.9874     0.9868  0.0126     0.0132     0.2897         0.2897
    125   3.19    35.62  0.9871     0.9867  0.0129     0.0133     0.3002         0.3011
    126   3.18    36.06  0.9866     0.9865  0.0134     0.0135     0.3081         0.3080
    127   3.18    35.40  0.9865     0.9865  0.0135     0.0135     0.3081         0.3100
    128   3.18    34.82  0.9868     0.9868  0.0132     0.0132     0.2941         0.2947
    129   3.19    34.99  0.9867     0.9869  0.0133     0.0131     0.3180         0.3184
    130   3.18    33.51  0.9864     0.9866  0.0136     0.0134     0.3392         0.3400
    131   3.18    33.64  0.9873     0.9868  0.0127     0.0132     0.3322         0.3330
    132   3.18    33.20  0.9871     0.9871  0.0129     0.0129     0.3470         0.3477
    133   3.19    32.88  0.9871     0.9869  0.0129     0.0131     0.3515         0.3529
    134   3.18    32.61  0.9871     0.9869  0.0129     0.0131     0.3702         0.3716
    135   3.18    32.29  0.9876     0.9877  0.0124     0.0123     0.4017         0.4034
    136   3.18    32.97  0.9869     0.9866  0.0131     0.0134     0.3719         0.3730
    137   3.17    39.55  0.9855     0.9852  0.0145     0.0148     0.2129         0.2166
    138   3.17    36.72  0.9861     0.9860  0.0139     0.0140     0.2514         0.2543
    139   3.16    35.32  0.9862     0.9859  0.0138     0.0141     0.2818         0.2844
    140   3.17    34.85  0.9858     0.9862  0.0142     0.0138     0.2865         0.2897
    141   3.17    33.74  0.9864     0.9866  0.0136     0.0134     0.3074         0.3114
    142   3.17    33.24  0.9865     0.9869  0.0135     0.0131     0.3273         0.3307
    143   3.18    33.07  0.9865     0.9869  0.0135     0.0131     0.3221         0.3259
    144   3.17    32.88  0.9867     0.9871  0.0133     0.0129     0.3438         0.3462
    145   3.17    32.62  0.9868     0.9871  0.0132     0.0129     0.3541         0.3560
    146   3.17    33.37  0.9870     0.9871  0.0130     0.0129     0.3505         0.3523
    147   3.17    32.01  0.9873     0.9870  0.0127     0.0130     0.3846         0.3857
    148   3.17    32.07  0.9876     0.9873  0.0124     0.0127     0.3835         0.3860
    149   3.17    31.61  0.9867     0.9865  0.0133     0.0135     0.3996         0.4022
    150   3.18    31.27  0.9871     0.9876  0.0129     0.0124     0.4025         0.4056
    151   3.17    34.60  0.9869     0.9865  0.0131     0.0135     0.3786         0.3795
    152   3.17    32.31  0.9873     0.9871  0.0127     0.0129     0.3788         0.3785
    153   3.17    31.90  0.9874     0.9870  0.0126     0.0130     0.3956         0.3975
    154   3.17    31.44  0.9874     0.9874  0.0126     0.0126     0.3923         0.3946
    155   3.18    34.98  0.9873     0.9870  0.0127     0.0130     0.3697         0.3700
    156   3.16    32.73  0.9862     0.9868  0.0138     0.0132     0.3628         0.3642
    157   3.17    31.60  0.9867     0.9866  0.0133     0.0134     0.3655         0.3700
    158   3.16    30.84  0.9866     0.9866  0.0134     0.0134     0.3991         0.4007
    159   3.16    30.74  0.9873     0.9870  0.0127     0.0130     0.3945         0.3958
    160   3.16    31.66  0.9866     0.9867  0.0134     0.0133     0.3797         0.3829
    161   3.17    32.41  0.9868     0.9861  0.0132     0.0139     0.3390         0.3425
    162   3.17    31.85  0.9865     0.9869  0.0135     0.0131     0.3620         0.3644
    163   3.17    31.14  0.9868     0.9867  0.0132     0.0133     0.3720         0.3760
    164   3.17    32.00  0.9872     0.9867  0.0128     0.0133     0.3712         0.3760
    165   3.16    31.29  0.9866     0.9868  0.0134     0.0132     0.3773         0.3813
    166   3.17    31.00  0.9868     0.9871  0.0132     0.0129     0.3784         0.3833
    167   3.17    30.91  0.9866     0.9871  0.0134     0.0129     0.3788         0.3820
    168   3.17    34.29  0.9876     0.9874  0.0124     0.0126     0.3980         0.4005
    169   3.17    30.35  0.9872     0.9875  0.0128     0.0125     0.3909         0.3953
    170   3.18    30.23  0.9872     0.9873  0.0128     0.0127     0.4064         0.4103
    171   3.17    31.09  0.9867     0.9870  0.0133     0.0130     0.4064         0.4094
    172   3.17    30.17  0.9873     0.9873  0.0127     0.0127     0.4067         0.4105
    173   3.17    30.15  0.9868     0.9873  0.0132     0.0127     0.3979         0.3999
    174   3.17    30.60  0.9872     0.9875  0.0128     0.0125     0.3968         0.4003
    175   3.16    29.88  0.9872     0.9873  0.0128     0.0127     0.4122         0.4141
    176   3.17    30.32  0.9876     0.9871  0.0124     0.0129     0.3985         0.4013
    177   3.17    29.85  0.9869     0.9873  0.0131     0.0127     0.4288         0.4313
    178   3.17    29.81  0.9874     0.9874  0.0126     0.0126     0.4344         0.4357
    179   3.17    29.55  0.9873     0.9874  0.0127     0.0126     0.4353         0.4379
    180   3.17    29.43  0.9873     0.9871  0.0127     0.0129     0.4351         0.4377
    181   3.17    30.85  0.9875     0.9872  0.0125     0.0128     0.3942         0.3977
    182   3.17    30.01  0.9881     0.9878  0.0119     0.0122     0.4153         0.4174
    183   3.16    29.25  0.9868     0.9867  0.0132     0.0133     0.4418         0.4448
    184   3.17    29.60  0.9871     0.9875  0.0129     0.0125     0.4109         0.4134
    185   3.17    29.88  0.9873     0.9872  0.0127     0.0128     0.4221         0.4241
    186   3.17    29.21  0.9878     0.9877  0.0122     0.0123     0.4330         0.4374
    187   3.17    29.57  0.9869     0.9871  0.0131     0.0129     0.4275         0.4299
    188   3.17    29.32  0.9866     0.9871  0.0134     0.0129     0.4358         0.4401
    189   3.17    29.43  0.9869     0.9873  0.0131     0.0127     0.4396         0.4418
    190   3.17    28.95  0.9870     0.9871  0.0130     0.0129     0.4491         0.4524
    191   3.17    28.95  0.9869     0.9872  0.0131     0.0128     0.4339         0.4376
    192   3.17    31.76  0.9868     0.9875  0.0132     0.0125     0.4054         0.4089
    193   3.16    29.47  0.9875     0.9873  0.0125     0.0127     0.4116         0.4163
    194   3.17    28.98  0.9871     0.9871  0.0129     0.0129     0.4235         0.4259
    195   3.17    29.54  0.9870     0.9875  0.0130     0.0125     0.4203         0.4230
    196   3.17    28.86  0.9873     0.9875  0.0127     0.0125     0.4304         0.4334
    197   3.17    31.65  0.9872     0.9874  0.0128     0.0126     0.3784         0.3803
    198   3.17    29.08  0.9872     0.9874  0.0128     0.0126     0.4203         0.4230
    199   3.17    29.41  0.9879     0.9878  0.0121     0.0122     0.4004         0.4030
    200   3.17    29.08  0.9867     0.9877  0.0133     0.0123     0.4218         0.4257
    201   3.16    28.81  0.9874     0.9880  0.0126     0.0120     0.4267         0.4301
    202   3.17    29.10  0.9874     0.9874  0.0126     0.0126     0.4231         0.4280
    203   3.17    28.92  0.9873     0.9876  0.0127     0.0124     0.4241         0.4287
    204   3.17    29.52  0.9868     0.9876  0.0132     0.0124     0.4197         0.4248
    205   3.17    28.85  0.9867     0.9874  0.0133     0.0126     0.4236         0.4263
    206   3.16    28.79  0.9868     0.9874  0.0132     0.0126     0.4272         0.4321
    207   3.16    28.57  0.9870     0.9873  0.0130     0.0127     0.4495         0.4528
    208   3.16    29.12  0.9875     0.9875  0.0125     0.0125     0.4338         0.4373
    209   3.16    28.22  0.9878     0.9874  0.0122     0.0126     0.4553         0.4585
    210   3.16    28.37  0.9878     0.9877  0.0122     0.0123     0.4484         0.4515
    211   3.16    28.67  0.9875     0.9879  0.0125     0.0121     0.4463         0.4500
    212   3.17    28.72  0.9875     0.9881  0.0125     0.0119     0.4438         0.4483
    213   3.17    28.55  0.9875     0.9874  0.0125     0.0126     0.4581         0.4623
    214   3.16    28.09  0.9877     0.9872  0.0123     0.0128     0.4533         0.4568
    215   3.17    28.17  0.9872     0.9874  0.0128     0.0126     0.4545         0.4582
    216   3.17    28.93  0.9864     0.9870  0.0136     0.0130     0.4483         0.4528
    217   3.17    28.18  0.9871     0.9870  0.0129     0.0130     0.4450         0.4486
    218   3.16    28.38  0.9872     0.9874  0.0128     0.0126     0.4438         0.4480
    219   3.16    28.58  0.9870     0.9876  0.0130     0.0124     0.4504         0.4541
    220   3.16    28.02  0.9876     0.9877  0.0124     0.0123     0.4636         0.4665
    221   3.16    27.93  0.9870     0.9871  0.0130     0.0129     0.4603         0.4660
    222   3.17    28.19  0.9878     0.9869  0.0122     0.0131     0.4635         0.4669
    223   3.16    28.06  0.9876     0.9873  0.0124     0.0127     0.4486         0.4527
    224   3.16    28.24  0.9876     0.9874  0.0124     0.0126     0.4667         0.4690
    225   3.16    28.10  0.9871     0.9869  0.0129     0.0131     0.4520         0.4566
    226   3.16    27.78  0.9867     0.9870  0.0133     0.0130     0.4738         0.4780
    227   3.16    28.23  0.9870     0.9867  0.0130     0.0133     0.4555         0.4592
    228   3.16    28.14  0.9872     0.9869  0.0128     0.0131     0.4531         0.4554
    229   3.17    27.60  0.9871     0.9874  0.0129     0.0126     0.4698         0.4737
    230   3.16    28.10  0.9868     0.9869  0.0132     0.0131     0.4462         0.4503
    231   3.15    27.82  0.9869     0.9873  0.0131     0.0127     0.4623         0.4653
    232   3.16    27.85  0.9866     0.9872  0.0134     0.0128     0.4653         0.4684
    233   3.16    27.81  0.9869     0.9873  0.0131     0.0127     0.4642         0.4682
    234   3.16    27.66  0.9874     0.9876  0.0126     0.0124     0.4728         0.4772
    235   3.16    27.94  0.9877     0.9876  0.0123     0.0124     0.4621         0.4662
    236   3.16    27.85  0.9873     0.9870  0.0127     0.0130     0.4562         0.4602
    237   3.16    28.34  0.9872     0.9870  0.0128     0.0130     0.4435         0.4457
    238   3.16    28.18  0.9877     0.9876  0.0123     0.0124     0.4492         0.4508
    239   3.15    27.70  0.9873     0.9875  0.0127     0.0125     0.4726         0.4759
    240   3.16    27.79  0.9873     0.9879  0.0127     0.0121     0.4645         0.4670
    241   3.16    27.74  0.9871     0.9877  0.0129     0.0123     0.4739         0.4775
    242   3.16    27.52  0.9876     0.9876  0.0124     0.0124     0.4689         0.4710
    243   3.16    27.67  0.9872     0.9876  0.0128     0.0124     0.4578         0.4598
    244   3.16    27.37  0.9873     0.9878  0.0127     0.0122     0.4725         0.4762
    245   3.17    27.73  0.9875     0.9871  0.0125     0.0129     0.4609         0.4661
    246   3.16    27.62  0.9873     0.9877  0.0127     0.0123     0.4574         0.4595
    247   3.16    27.44  0.9879     0.9877  0.0121     0.0123     0.4769         0.4790
    248   3.16    27.89  0.9876     0.9878  0.0124     0.0122     0.4526         0.4563
    249   3.16    27.47  0.9873     0.9876  0.0127     0.0124     0.4659         0.4690
    250   3.16    27.90  0.9870     0.9879  0.0130     0.0121     0.4758         0.4800
    251   3.16    27.46  0.9871     0.9878  0.0129     0.0122     0.4742         0.4772
    252   3.15    27.23  0.9873     0.9876  0.0127     0.0124     0.4830         0.4865
    253   3.16    28.08  0.9876     0.9875  0.0124     0.0125     0.4564         0.4581
    254   3.16    27.49  0.9871     0.9873  0.0129     0.0127     0.4756         0.4817
    255   3.16    27.41  0.9872     0.9872  0.0128     0.0128     0.4690         0.4710
    256   3.16    27.29  0.9882     0.9875  0.0118     0.0125     0.4706         0.4751
    257   3.16    27.52  0.9874     0.9876  0.0126     0.0124     0.4595         0.4612
    258   3.16    27.47  0.9873     0.9874  0.0127     0.0126     0.4591         0.4618
    259   3.16    27.64  0.9873     0.9875  0.0127     0.0125     0.4514         0.4549
    260   3.16    27.40  0.9879     0.9871  0.0121     0.0129     0.4596         0.4642
    261   3.16    27.38  0.9871     0.9871  0.0129     0.0129     0.4717         0.4758
    262   3.16    27.41  0.9874     0.9872  0.0126     0.0128     0.4658         0.4703
    263   3.15    27.15  0.9868     0.9873  0.0132     0.0127     0.4747         0.4784
    264   3.16    27.46  0.9871     0.9871  0.0129     0.0129     0.4601         0.4647
    265   3.16    27.56  0.9867     0.9872  0.0133     0.0128     0.4557         0.4605
    266   3.16    27.29  0.9869     0.9873  0.0131     0.0127     0.4736         0.4787
    267   3.16    27.48  0.9873     0.9870  0.0127     0.0130     0.4601         0.4643
    268   3.16    27.39  0.9871     0.9871  0.0129     0.0129     0.4614         0.4648
    269   3.15    27.59  0.9872     0.9871  0.0128     0.0129     0.4497         0.4555
    270   3.15    27.31  0.9866     0.9870  0.0134     0.0130     0.4659         0.4710
    271   3.16    27.30  0.9870     0.9872  0.0130     0.0128     0.4655         0.4694
    272   3.15    27.61  0.9867     0.9874  0.0133     0.0126     0.4656         0.4678
    273   3.16    27.67  0.9873     0.9868  0.0127     0.0132     0.4594         0.4629
    274   3.16    27.46  0.9869     0.9866  0.0131     0.0134     0.4522         0.4558
    275   3.16    27.27  0.9872     0.9870  0.0128     0.0130     0.4685         0.4706
    276   3.16    27.76  0.9877     0.9871  0.0123     0.0129     0.4421         0.4463
    277   3.16    27.18  0.9875     0.9872  0.0125     0.0128     0.4610         0.4643
    278   3.16    27.15  0.9869     0.9871  0.0131     0.0129     0.4664         0.4708
    279   3.16    27.16  0.9874     0.9873  0.0126     0.0127     0.4646         0.4685
    280   3.16    27.02  0.9877     0.9872  0.0123     0.0128     0.4739         0.4781
    281   3.16    27.27  0.9868     0.9873  0.0132     0.0127     0.4621         0.4658
    282   3.16    27.20  0.9876     0.9874  0.0124     0.0126     0.4679         0.4720
    283   3.16    27.28  0.9878     0.9873  0.0122     0.0127     0.4651         0.4703
    284   3.16    27.15  0.9878     0.9876  0.0122     0.0124     0.4667         0.4710
    285   3.16    26.95  0.9875     0.9874  0.0125     0.0126     0.4786         0.4818
    286   3.16    27.10  0.9881     0.9874  0.0119     0.0126     0.4714         0.4733
    287   3.16    27.21  0.9877     0.9876  0.0123     0.0124     0.4625         0.4666
    288   3.16    27.30  0.9869     0.9873  0.0131     0.0127     0.4525         0.4573
    289   3.16    27.09  0.9867     0.9875  0.0133     0.0125     0.4710         0.4736
    290   3.16    27.48  0.9871     0.9873  0.0129     0.0127     0.4460         0.4494
    291   3.16    27.13  0.9877     0.9872  0.0123     0.0128     0.4738         0.4767
    292   3.16    27.42  0.9874     0.9876  0.0126     0.0124     0.4552         0.4570
    293   3.16    27.29  0.9871     0.9877  0.0129     0.0123     0.4621         0.4661
    294   3.17    27.12  0.9873     0.9874  0.0127     0.0126     0.4632         0.4665
    295   3.15    27.25  0.9872     0.9878  0.0128     0.0122     0.4554         0.4616
    296   3.16    27.60  0.9876     0.9879  0.0124     0.0121     0.4495         0.4531
    297   3.16    26.97  0.9871     0.9872  0.0129     0.0128     0.4760         0.4801
    298   3.16    27.11  0.9871     0.9873  0.0129     0.0127     0.4590         0.4634
    299   3.16    27.09  0.9874     0.9869  0.0126     0.0131     0.4706         0.4728
    300   3.15    26.94  0.9875     0.9871  0.0125     0.0129     0.4715         0.4759
The log/output/model have been saved to: ./logs/train.py-multi_zetas300_False_False_True_1e-05_1e-05_1e-05-oaj-04-23-15:28 + .csv/.out/.cpt
