  epoch    IZY    IXZ_1    IZ_1Z_2     acc    avg_acc     err    avg_err    adv_acc    avg_adv_acc
-------  -----  -------  ---------  ------  ---------  ------  ---------  ---------  -------------
      1   3.14  1310.65     652.61  0.9593     0.9593  0.0407     0.0407     0.0208         0.0208
      2   3.18  1244.17     635.50  0.9699     0.9700  0.0301     0.0300     0.0167         0.0167
      3   3.17  1233.58     645.32  0.9683     0.9684  0.0317     0.0316     0.0167         0.0166
      4   3.22  1215.35     643.50  0.9783     0.9783  0.0217     0.0217     0.0128         0.0128
      5   3.19  1189.14     627.95  0.9727     0.9728  0.0273     0.0272     0.0341         0.0341
      6   3.22  1168.97     614.42  0.9786     0.9786  0.0214     0.0214     0.0155         0.0155
      7   3.20  1163.58     624.77  0.9743     0.9745  0.0257     0.0255     0.0337         0.0333
      8   3.21  1142.24     616.21  0.9781     0.9781  0.0219     0.0219     0.0422         0.0424
      9   3.21  1129.02     602.13  0.9772     0.9773  0.0228     0.0227     0.0535         0.0531
     10   3.22  1122.65     585.56  0.9802     0.9799  0.0198     0.0201     0.0402         0.0400
     11   3.20  1109.65     580.06  0.9771     0.9770  0.0229     0.0230     0.0819         0.0820
     12   3.18  1102.18     592.31  0.9770     0.9769  0.0230     0.0231     0.0985         0.0985
     13   3.20  1089.06     556.95  0.9777     0.9778  0.0223     0.0222     0.0776         0.0778
     14   3.21  1074.34     567.09  0.9828     0.9832  0.0172     0.0168     0.0996         0.0996
     15   3.20  1061.86     554.91  0.9783     0.9781  0.0217     0.0219     0.1131         0.1129
     16   3.23  1047.44     535.74  0.9821     0.9822  0.0179     0.0178     0.0614         0.0605
     17   3.21  1039.99     533.11  0.9814     0.9815  0.0186     0.0185     0.1112         0.1121
     18   3.23  1029.25     526.09  0.9840     0.9843  0.0160     0.0157     0.0904         0.0902
     19   3.20  1021.06     526.90  0.9781     0.9782  0.0219     0.0218     0.1175         0.1175
     20   3.21  1006.87     513.67  0.9814     0.9814  0.0186     0.0186     0.1742         0.1752
     21   3.22   992.31     515.58  0.9842     0.9841  0.0158     0.0159     0.1807         0.1806
     22   3.22   985.24     491.71  0.9827     0.9827  0.0173     0.0173     0.1611         0.1609
     23   3.21   975.64     485.53  0.9820     0.9821  0.0180     0.0179     0.1630         0.1635
     24   3.17   961.78     481.55  0.9771     0.9772  0.0229     0.0228     0.1687         0.1688
     25   3.18   957.26     467.98  0.9774     0.9776  0.0226     0.0224     0.1606         0.1606
     26   3.21   933.22     473.92  0.9836     0.9836  0.0164     0.0164     0.2349         0.2357
     27   3.21   938.78     449.99  0.9816     0.9816  0.0184     0.0184     0.1652         0.1653
     28   3.18   921.39     451.74  0.9791     0.9790  0.0209     0.0210     0.2038         0.2040
     29   3.20   910.92     453.17  0.9813     0.9814  0.0187     0.0186     0.2360         0.2355
     30   3.20   894.75     455.81  0.9832     0.9832  0.0168     0.0168     0.3111         0.3117
     31   3.20   895.16     445.70  0.9806     0.9807  0.0194     0.0193     0.2754         0.2760
     32   3.20   881.58     443.92  0.9821     0.9820  0.0179     0.0180     0.2859         0.2867
     33   3.22   874.24     438.75  0.9854     0.9855  0.0146     0.0145     0.2716         0.2724
     34   3.21   843.33     445.89  0.9862     0.9860  0.0138     0.0140     0.3575         0.3584
     35   3.21   816.81     444.66  0.9863     0.9863  0.0137     0.0137     0.3803         0.3804
     36   3.21   784.01     432.78  0.9866     0.9866  0.0134     0.0134     0.3821         0.3818
     37   3.21   742.75     415.46  0.9869     0.9866  0.0131     0.0134     0.3952         0.3953
     38   3.21   688.40     392.38  0.9867     0.9867  0.0133     0.0133     0.4038         0.4035
     39   3.21   611.62     366.93  0.9871     0.9872  0.0129     0.0128     0.4111         0.4129
     40   3.21   476.45     339.33  0.9866     0.9864  0.0134     0.0136     0.4255         0.4289
     41   3.21   348.63     310.49  0.9869     0.9870  0.0131     0.0130     0.4361         0.4522
     42   3.21   276.08     283.59  0.9864     0.9865  0.0136     0.0135     0.4305         0.4630
     43   3.19   414.59     289.12  0.9780     0.9779  0.0220     0.0221     0.1172         0.1193
     44   3.20   358.88     271.50  0.9819     0.9822  0.0181     0.0178     0.2523         0.2641
     45   3.19   364.09     277.00  0.9811     0.9812  0.0189     0.0188     0.2880         0.3002
     46   3.22   370.84     274.77  0.9855     0.9855  0.0145     0.0145     0.2764         0.2876
     47   3.21   366.18     275.85  0.9844     0.9848  0.0156     0.0152     0.2997         0.3102
     48   3.18   390.35     286.54  0.9815     0.9813  0.0185     0.0187     0.2717         0.2798
     49   3.19   392.61     291.29  0.9825     0.9827  0.0175     0.0173     0.2791         0.2852
     50   3.20   377.56     281.40  0.9836     0.9834  0.0164     0.0166     0.3176         0.3231
     51   3.19   356.49     297.94  0.9848     0.9846  0.0152     0.0154     0.4194         0.4345
     52   3.19   410.23     292.58  0.9800     0.9801  0.0200     0.0199     0.2293         0.2320
     53   3.21   375.81     290.60  0.9848     0.9849  0.0152     0.0151     0.3461         0.3528
     54   3.22   349.89     297.81  0.9862     0.9863  0.0138     0.0137     0.4173         0.4295
     55   3.22   337.92     300.45  0.9865     0.9866  0.0135     0.0134     0.4445         0.4567
     56   3.22   328.19     298.42  0.9869     0.9869  0.0131     0.0131     0.4601         0.4734
     57   3.21   319.51     293.04  0.9865     0.9865  0.0135     0.0135     0.4631         0.4765
     58   3.21   370.72     272.71  0.9844     0.9843  0.0156     0.0157     0.2774         0.2837
     59   3.21   361.62     276.33  0.9846     0.9846  0.0154     0.0154     0.3154         0.3227
     60   3.21   337.50     285.11  0.9859     0.9858  0.0141     0.0142     0.4082         0.4177
     61   3.19   380.34     284.22  0.9809     0.9809  0.0191     0.0191     0.3224         0.3319
     62   3.20   380.46     279.05  0.9818     0.9820  0.0182     0.0180     0.3170         0.3218
     63   3.20   362.53     280.62  0.9825     0.9822  0.0175     0.0178     0.3894         0.3978
     64   3.20   355.78     286.55  0.9835     0.9838  0.0165     0.0162     0.3992         0.4086
     65   3.18   375.77     277.56  0.9798     0.9800  0.0202     0.0200     0.3558         0.3647
     66   3.21   357.80     281.78  0.9847     0.9848  0.0153     0.0152     0.4261         0.4373
     67   3.21   341.67     290.94  0.9850     0.9850  0.0150     0.0150     0.4867         0.5013
     68   3.21   333.22     287.72  0.9857     0.9859  0.0143     0.0141     0.4841         0.4980
     69   3.21   325.24     282.30  0.9853     0.9853  0.0147     0.0147     0.4896         0.5035
     70   3.21   315.88     275.08  0.9858     0.9856  0.0142     0.0144     0.4946         0.5102
     71   3.21   305.37     265.93  0.9859     0.9856  0.0141     0.0144     0.4932         0.5097
     72   3.20   370.15     259.79  0.9831     0.9833  0.0169     0.0167     0.2824         0.2893
     73   3.21   352.20     274.67  0.9854     0.9855  0.0146     0.0145     0.3757         0.3875
     74   3.21   347.63     266.22  0.9845     0.9844  0.0155     0.0156     0.3623         0.3717
     75   3.21   327.40     271.94  0.9849     0.9850  0.0151     0.0150     0.4290         0.4392
     76   3.21   318.50     274.66  0.9864     0.9861  0.0136     0.0139     0.4617         0.4788
     77   3.21   311.73     275.07  0.9862     0.9864  0.0138     0.0136     0.4733         0.4916
     78   3.21   305.49     271.14  0.9865     0.9864  0.0135     0.0136     0.4850         0.5011
     79   3.21   298.93     267.62  0.9870     0.9870  0.0130     0.0130     0.4866         0.5055
     80   3.21   291.32     260.89  0.9869     0.9870  0.0131     0.0130     0.4831         0.5051
     81   3.21   282.45     253.80  0.9868     0.9871  0.0132     0.0129     0.4834         0.5043
     82   3.21   271.58     243.86  0.9875     0.9875  0.0125     0.0125     0.4701         0.4933
     83   3.22   257.88     233.85  0.9873     0.9876  0.0127     0.0124     0.4676         0.4962
     84   3.22   256.58     225.31  0.9874     0.9875  0.0126     0.0125     0.4436         0.4741
     85   3.22   238.46     215.19  0.9876     0.9877  0.0124     0.0123     0.4413         0.4758
     86   3.22   221.79     204.32  0.9872     0.9872  0.0128     0.0128     0.4190         0.4622
     87   3.22   206.29     190.88  0.9875     0.9875  0.0125     0.0125     0.3905         0.4399
     88   3.22   191.47     178.22  0.9873     0.9876  0.0127     0.0124     0.3746         0.4252
     89   3.20   274.63     187.28  0.9824     0.9825  0.0176     0.0175     0.2689         0.2991
     90   3.20   263.99     188.23  0.9848     0.9852  0.0152     0.0148     0.3177         0.3490
     91   3.21   244.56     189.15  0.9862     0.9863  0.0138     0.0137     0.3861         0.4261
     92   3.22   248.06     186.06  0.9870     0.9869  0.0130     0.0131     0.3807         0.4212
     93   3.21   230.54     188.38  0.9869     0.9869  0.0131     0.0131     0.4317         0.4780
     94   3.21   221.48     186.48  0.9866     0.9870  0.0134     0.0130     0.4263         0.4771
     95   3.21   212.83     184.71  0.9868     0.9868  0.0132     0.0132     0.4242         0.4806
     96   3.21   205.68     181.42  0.9866     0.9865  0.0134     0.0135     0.4202         0.4755
     97   3.22   208.77     178.73  0.9869     0.9869  0.0131     0.0131     0.4026         0.4465
     98   3.21   202.35     174.86  0.9871     0.9872  0.0129     0.0128     0.3985         0.4436
     99   3.21   262.02     183.44  0.9852     0.9853  0.0148     0.0147     0.2826         0.3029
    100   3.21   239.16     184.13  0.9865     0.9865  0.0135     0.0135     0.3645         0.3975
    101   3.21   232.58     183.18  0.9870     0.9869  0.0130     0.0131     0.3855         0.4233
    102   3.21   239.57     181.19  0.9875     0.9875  0.0125     0.0125     0.3769         0.4068
    103   3.21   228.37     181.69  0.9871     0.9873  0.0129     0.0127     0.4131         0.4506
    104   3.21   220.46     181.63  0.9871     0.9872  0.0129     0.0128     0.4262         0.4675
    105   3.21   212.45     179.91  0.9872     0.9871  0.0128     0.0129     0.4365         0.4820
    106   3.21   204.92     178.19  0.9872     0.9871  0.0128     0.0129     0.4317         0.4819
    107   3.21   198.29     174.48  0.9876     0.9877  0.0124     0.0123     0.4180         0.4683
    108   3.21   190.95     170.35  0.9874     0.9872  0.0126     0.0128     0.4043         0.4576
    109   3.21   181.70     165.86  0.9875     0.9876  0.0125     0.0124     0.3916         0.4505
    110   3.21   175.34     160.05  0.9873     0.9876  0.0127     0.0124     0.3720         0.4301
    111   3.22   170.98     152.87  0.9877     0.9875  0.0123     0.0125     0.3368         0.3862
    112   3.21   167.66     149.30  0.9873     0.9870  0.0127     0.0130     0.3333         0.3857
    113   3.21   221.99     157.86  0.9861     0.9863  0.0139     0.0137     0.2474         0.2780
    114   3.20   204.68     158.09  0.9860     0.9862  0.0140     0.0138     0.2971         0.3452
    115   3.20   196.80     154.89  0.9869     0.9869  0.0131     0.0131     0.3197         0.3677
    116   3.20   208.99     154.71  0.9857     0.9861  0.0143     0.0139     0.3102         0.3504
    117   3.20   198.54     154.69  0.9871     0.9870  0.0129     0.0130     0.3472         0.3960
    118   3.21   205.05     153.70  0.9867     0.9870  0.0133     0.0130     0.3195         0.3622
    119   3.20   192.78     155.06  0.9867     0.9866  0.0133     0.0134     0.3599         0.4129
    120   3.20   185.37     154.01  0.9869     0.9870  0.0131     0.0130     0.3766         0.4353
    121   3.20   205.24     154.62  0.9863     0.9865  0.0137     0.0135     0.2923         0.3335
    122   3.20   182.01     153.33  0.9871     0.9872  0.0129     0.0128     0.3577         0.4162
    123   3.20   175.39     150.60  0.9875     0.9876  0.0125     0.0124     0.3564         0.4153
    124   3.20   167.52     148.62  0.9870     0.9871  0.0130     0.0129     0.3621         0.4182
    125   3.21   176.25     149.82  0.9869     0.9868  0.0131     0.0132     0.3602         0.4182
    126   3.20   165.72     146.16  0.9866     0.9863  0.0134     0.0137     0.3584         0.4231
    127   3.21   158.32     142.03  0.9872     0.9870  0.0128     0.0130     0.3456         0.4040
    128   3.20   155.08     138.66  0.9870     0.9870  0.0130     0.0130     0.3459         0.4080
    129   3.20   166.53     139.16  0.9860     0.9863  0.0140     0.0137     0.2532         0.2894
    130   3.21   167.96     140.40  0.9861     0.9866  0.0139     0.0134     0.2795         0.3281
    131   3.20   164.31     139.64  0.9870     0.9868  0.0130     0.0132     0.3230         0.3844
    132   3.21   165.02     136.86  0.9877     0.9875  0.0123     0.0125     0.3128         0.3618
    133   3.21   157.47     136.71  0.9882     0.9880  0.0118     0.0120     0.3242         0.3828
    134   3.21   168.22     135.35  0.9869     0.9866  0.0131     0.0134     0.2871         0.3352
    135   3.20   197.44     137.63  0.9858     0.9864  0.0142     0.0136     0.2619         0.2998
    136   3.21   180.87     138.98  0.9871     0.9869  0.0129     0.0131     0.3123         0.3657
    137   3.21   188.94     137.94  0.9874     0.9878  0.0126     0.0122     0.2943         0.3377
    138   3.21   176.00     137.49  0.9873     0.9873  0.0127     0.0127     0.3345         0.3886
    139   3.21   164.22     137.04  0.9874     0.9876  0.0126     0.0124     0.3490         0.4127
    140   3.21   160.38     136.98  0.9878     0.9880  0.0122     0.0120     0.3368         0.3967
    141   3.21   155.04     134.05  0.9877     0.9878  0.0123     0.0122     0.3284         0.3906
    142   3.20   146.90     132.87  0.9874     0.9874  0.0126     0.0126     0.3303         0.3999
    143   3.21   150.25     129.46  0.9874     0.9876  0.0126     0.0124     0.3052         0.3612
    144   3.21   139.32     127.78  0.9871     0.9872  0.0129     0.0128     0.3161         0.3782
    145   3.21   135.34     124.74  0.9876     0.9877  0.0124     0.0123     0.3075         0.3765
    146   3.21   139.87     123.15  0.9878     0.9875  0.0122     0.0125     0.2947         0.3567
    147   3.21   132.50     119.55  0.9878     0.9877  0.0122     0.0123     0.2949         0.3531
    148   3.21   133.49     118.41  0.9882     0.9881  0.0118     0.0119     0.3016         0.3622
    149   3.21   126.04     116.48  0.9880     0.9881  0.0120     0.0119     0.3039         0.3670
    150   3.20   122.71     114.47  0.9874     0.9875  0.0126     0.0125     0.3010         0.3627
    151   3.19   123.35     113.77  0.9863     0.9863  0.0137     0.0137     0.3109         0.3771
    152   3.20   163.88     116.89  0.9864     0.9867  0.0136     0.0133     0.2230         0.2604
    153   3.19   137.38     114.98  0.9856     0.9855  0.0144     0.0145     0.2712         0.3363
    154   3.20   133.61     112.98  0.9869     0.9870  0.0131     0.0130     0.2733         0.3336
    155   3.20   127.67     112.23  0.9868     0.9866  0.0132     0.0134     0.2846         0.3437
    156   3.20   125.99     111.02  0.9863     0.9865  0.0137     0.0135     0.2927         0.3540
    157   3.20   124.81     110.48  0.9869     0.9866  0.0131     0.0134     0.2962         0.3632
    158   3.20   122.29     109.74  0.9869     0.9869  0.0131     0.0131     0.2841         0.3500
    159   3.20   133.99     109.86  0.9863     0.9862  0.0137     0.0138     0.2766         0.3410
    160   3.19   126.10     108.43  0.9860     0.9859  0.0140     0.0141     0.2980         0.3658
    161   3.20   119.95     108.70  0.9866     0.9862  0.0134     0.0138     0.3049         0.3799
    162   3.20   115.98     107.61  0.9863     0.9863  0.0137     0.0137     0.2897         0.3658
    163   3.21   150.16     109.49  0.9866     0.9865  0.0134     0.0135     0.2028         0.2420
    164   3.20   118.44     108.06  0.9868     0.9866  0.0132     0.0134     0.2964         0.3767
    165   3.20   115.18     106.92  0.9862     0.9863  0.0138     0.0137     0.3076         0.3843
    166   3.20   119.62     105.77  0.9865     0.9868  0.0135     0.0132     0.2931         0.3657
    167   3.20   121.22     107.84  0.9867     0.9869  0.0133     0.0131     0.2957         0.3686
    168   3.20   118.35     107.12  0.9872     0.9870  0.0128     0.0130     0.2972         0.3762
    169   3.20   117.07     105.91  0.9869     0.9871  0.0131     0.0129     0.2873         0.3714
    170   3.20   126.62     108.08  0.9867     0.9870  0.0133     0.0130     0.2713         0.3449
    171   3.20   118.43     106.29  0.9873     0.9873  0.0127     0.0127     0.2981         0.3695
    172   3.20   115.07     105.54  0.9869     0.9867  0.0131     0.0133     0.3055         0.3861
    173   3.20   115.25     104.94  0.9876     0.9873  0.0124     0.0127     0.3000         0.3762
    174   3.20   113.47     104.29  0.9871     0.9869  0.0129     0.0131     0.3093         0.3883
    175   3.20   115.58     104.50  0.9872     0.9874  0.0128     0.0126     0.3074         0.3721
    176   3.20   132.09     103.98  0.9871     0.9871  0.0129     0.0129     0.2747         0.3322
    177   3.20   111.66     102.97  0.9870     0.9870  0.0130     0.0130     0.3167         0.3961
    178   3.20   127.45     104.92  0.9863     0.9860  0.0137     0.0140     0.2865         0.3497
    179   3.20   116.52     103.40  0.9855     0.9862  0.0145     0.0138     0.3050         0.3785
    180   3.19   109.23     103.03  0.9857     0.9861  0.0143     0.0139     0.3186         0.4036
    181   3.20   107.54     101.96  0.9864     0.9867  0.0136     0.0133     0.3265         0.4162
    182   3.19   105.51     101.22  0.9866     0.9865  0.0134     0.0135     0.3262         0.4098
    183   3.20   108.44     101.60  0.9868     0.9870  0.0132     0.0130     0.3212         0.3951
    184   3.20   115.04     100.86  0.9865     0.9869  0.0135     0.0131     0.3015         0.3680
    185   3.19   106.40     100.13  0.9869     0.9867  0.0131     0.0133     0.3153         0.3981
    186   3.20   109.92      99.64  0.9864     0.9865  0.0136     0.0135     0.3146         0.3858
    187   3.21   140.73     103.08  0.9875     0.9875  0.0125     0.0125     0.2300         0.2623
    188   3.20   110.38     101.00  0.9871     0.9871  0.0129     0.0129     0.3282         0.4123
    189   3.20   104.85     100.32  0.9875     0.9875  0.0125     0.0125     0.3377         0.4196
    190   3.20   104.59      99.57  0.9861     0.9865  0.0139     0.0135     0.3241         0.4163
    191   3.20   102.15      99.25  0.9874     0.9874  0.0126     0.0126     0.3289         0.4112
    192   3.20   102.68      99.13  0.9868     0.9873  0.0132     0.0127     0.3184         0.4072
    193   3.20   100.63      98.45  0.9862     0.9865  0.0138     0.0135     0.3344         0.4160
    194   3.20    98.81      97.73  0.9878     0.9872  0.0122     0.0128     0.3257         0.4113
    195   3.20   101.86      96.65  0.9867     0.9869  0.0133     0.0131     0.3286         0.4000
    196   3.19   102.70      96.00  0.9872     0.9874  0.0128     0.0126     0.3258         0.4008
    197   3.20   101.29      95.50  0.9871     0.9872  0.0129     0.0128     0.3254         0.4024
    198   3.20    95.65      95.77  0.9871     0.9873  0.0129     0.0127     0.3346         0.4214
    199   3.19   100.52      95.36  0.9873     0.9869  0.0127     0.0131     0.3291         0.4124
    200   3.20    97.37      94.92  0.9869     0.9870  0.0131     0.0130     0.3313         0.4098
    201   3.20    94.58      94.22  0.9876     0.9877  0.0124     0.0123     0.3394         0.4246
    202   3.20    96.34      93.78  0.9874     0.9874  0.0126     0.0126     0.3412         0.4242
    203   3.19    94.93      93.43  0.9868     0.9869  0.0132     0.0131     0.3515         0.4411
    204   3.20    92.89      93.42  0.9868     0.9870  0.0132     0.0130     0.3455         0.4254
    205   3.20    91.37      92.52  0.9872     0.9876  0.0128     0.0124     0.3472         0.4266
    206   3.20    90.83      92.32  0.9875     0.9871  0.0125     0.0129     0.3506         0.4330
    207   3.19    90.46      91.88  0.9871     0.9867  0.0129     0.0133     0.3531         0.4359
    208   3.20    88.39      91.43  0.9873     0.9870  0.0127     0.0130     0.3609         0.4417
    209   3.20    91.54      91.28  0.9873     0.9868  0.0127     0.0132     0.3616         0.4445
    210   3.20    93.12      91.47  0.9878     0.9876  0.0122     0.0124     0.3554         0.4282
    211   3.20    90.76      90.10  0.9872     0.9872  0.0128     0.0128     0.3608         0.4394
    212   3.20    86.89      90.19  0.9878     0.9880  0.0122     0.0120     0.3639         0.4472
    213   3.20    90.47      90.44  0.9873     0.9876  0.0127     0.0124     0.3559         0.4385
    214   3.21    89.65      89.39  0.9879     0.9882  0.0121     0.0118     0.3697         0.4501
    215   3.20    87.80      90.42  0.9882     0.9878  0.0118     0.0122     0.3481         0.4308
    216   3.20    86.23      89.58  0.9873     0.9869  0.0127     0.0131     0.3691         0.4522
    217   3.20    90.31      88.69  0.9877     0.9879  0.0123     0.0121     0.3587         0.4279
    218   3.20    86.64      89.30  0.9881     0.9881  0.0119     0.0119     0.3632         0.4464
    219   3.20    84.32      88.86  0.9867     0.9872  0.0133     0.0128     0.3600         0.4479
    220   3.20    89.58      88.66  0.9868     0.9872  0.0132     0.0128     0.3543         0.4358
    221   3.20    88.28      87.75  0.9869     0.9875  0.0131     0.0125     0.3693         0.4479
    222   3.20    90.31      87.90  0.9869     0.9870  0.0131     0.0130     0.3560         0.4367
    223   3.20    85.28      87.52  0.9876     0.9878  0.0124     0.0122     0.3720         0.4629
    224   3.20    83.36      87.61  0.9878     0.9878  0.0122     0.0122     0.3780         0.4636
    225   3.20    83.50      87.40  0.9881     0.9880  0.0119     0.0120     0.3748         0.4673
    226   3.20    85.79      87.08  0.9876     0.9874  0.0124     0.0126     0.3673         0.4472
    227   3.20    82.47      86.83  0.9878     0.9871  0.0122     0.0129     0.3809         0.4605
    228   3.19    82.09      86.43  0.9868     0.9873  0.0132     0.0127     0.3722         0.4621
    229   3.20    88.08      86.64  0.9873     0.9874  0.0127     0.0126     0.3606         0.4374
    230   3.19    83.93      86.37  0.9870     0.9869  0.0130     0.0131     0.3639         0.4460
    231   3.19    83.91      85.93  0.9871     0.9874  0.0129     0.0126     0.3751         0.4573
    232   3.19    83.27      86.47  0.9869     0.9869  0.0131     0.0131     0.3693         0.4588
    233   3.20    81.30      86.28  0.9878     0.9876  0.0122     0.0124     0.3795         0.4620
    234   3.19    80.95      85.75  0.9874     0.9871  0.0126     0.0129     0.3688         0.4598
    235   3.19    82.74      85.26  0.9867     0.9871  0.0133     0.0129     0.3780         0.4614
    236   3.20    80.12      85.65  0.9874     0.9874  0.0126     0.0126     0.3716         0.4616
    237   3.20    80.17      85.18  0.9876     0.9876  0.0124     0.0124     0.3767         0.4660
    238   3.20    79.75      85.34  0.9873     0.9879  0.0127     0.0121     0.3745         0.4655
    239   3.19    78.42      85.19  0.9870     0.9870  0.0130     0.0130     0.3880         0.4775
    240   3.19    80.46      84.91  0.9867     0.9867  0.0133     0.0133     0.3776         0.4663
    241   3.20    83.84      84.62  0.9872     0.9872  0.0128     0.0128     0.3796         0.4626
    242   3.19    79.93      84.77  0.9876     0.9879  0.0124     0.0121     0.3822         0.4706
    243   3.19    77.27      84.96  0.9865     0.9865  0.0135     0.0135     0.3859         0.4766
    244   3.19    79.14      84.94  0.9873     0.9872  0.0127     0.0128     0.3923         0.4780
    245   3.20    84.57      83.97  0.9874     0.9877  0.0126     0.0123     0.3572         0.4377
    246   3.19    79.15      84.25  0.9875     0.9873  0.0125     0.0127     0.3895         0.4758
    247   3.19    77.36      84.01  0.9869     0.9871  0.0131     0.0129     0.3908         0.4918
    248   3.20    78.39      84.81  0.9878     0.9879  0.0122     0.0121     0.3929         0.4846
    249   3.20    79.39      83.59  0.9877     0.9878  0.0123     0.0122     0.3871         0.4757
    250   3.20    77.00      83.79  0.9874     0.9877  0.0126     0.0123     0.3920         0.4819
    251   3.20    76.18      83.70  0.9871     0.9872  0.0129     0.0128     0.3924         0.4872
    252   3.19    80.09      83.29  0.9873     0.9872  0.0127     0.0128     0.3870         0.4790
    253   3.19    79.97      83.16  0.9874     0.9875  0.0126     0.0125     0.3907         0.4731
    254   3.20    77.73      83.81  0.9877     0.9881  0.0123     0.0119     0.3924         0.4843
    255   3.19    77.40      83.42  0.9870     0.9872  0.0130     0.0128     0.3942         0.4856
    256   3.20    75.61      83.71  0.9878     0.9875  0.0122     0.0125     0.3971         0.4885
    257   3.19    78.20      82.67  0.9873     0.9877  0.0127     0.0123     0.3902         0.4809
    258   3.19    76.35      83.23  0.9874     0.9876  0.0126     0.0124     0.3919         0.4939
    259   3.19    76.35      82.62  0.9871     0.9874  0.0129     0.0126     0.3934         0.4854
    260   3.19    77.32      82.80  0.9881     0.9881  0.0119     0.0119     0.3961         0.4856
    261   3.19    77.41      82.78  0.9876     0.9878  0.0124     0.0122     0.3970         0.4909
    262   3.19    77.46      83.22  0.9872     0.9871  0.0128     0.0129     0.3877         0.4848
    263   3.19    80.35      82.38  0.9874     0.9874  0.0126     0.0126     0.3816         0.4699
    264   3.20    76.68      82.74  0.9871     0.9873  0.0129     0.0127     0.3872         0.4814
    265   3.19    74.00      83.09  0.9879     0.9877  0.0121     0.0123     0.4002         0.4984
    266   3.19    75.12      82.26  0.9878     0.9871  0.0122     0.0129     0.3909         0.4900
    267   3.20    73.59      82.35  0.9882     0.9886  0.0118     0.0114     0.3987         0.5001
    268   3.20    74.86      82.10  0.9874     0.9876  0.0126     0.0124     0.3850         0.4801
    269   3.19    76.44      81.65  0.9867     0.9872  0.0133     0.0128     0.3954         0.4837
    270   3.20    80.18      82.10  0.9872     0.9872  0.0128     0.0128     0.3791         0.4623
    271   3.20    76.30      81.78  0.9877     0.9872  0.0123     0.0128     0.3830         0.4779
    272   3.19    74.56      81.99  0.9873     0.9875  0.0127     0.0125     0.3961         0.4936
    273   3.19    73.46      82.04  0.9876     0.9875  0.0124     0.0125     0.3957         0.4990
    274   3.20    79.63      80.98  0.9874     0.9876  0.0126     0.0124     0.3827         0.4613
    275   3.19    74.87      82.02  0.9871     0.9874  0.0129     0.0126     0.3900         0.4889
    276   3.19    75.64      81.48  0.9875     0.9877  0.0125     0.0123     0.3972         0.4894
    277   3.19    76.07      81.52  0.9876     0.9879  0.0124     0.0121     0.4017         0.5011
    278   3.20    77.31      81.31  0.9878     0.9877  0.0122     0.0123     0.3833         0.4760
    279   3.19    73.97      81.82  0.9868     0.9872  0.0132     0.0128     0.4020         0.5068
    280   3.19    73.25      81.45  0.9880     0.9884  0.0120     0.0116     0.4053         0.5037
    281   3.20    75.44      81.14  0.9877     0.9882  0.0123     0.0118     0.4006         0.4930
    282   3.20    78.74      81.18  0.9877     0.9880  0.0123     0.0120     0.3863         0.4730
    283   3.19    78.74      80.89  0.9873     0.9873  0.0127     0.0127     0.3943         0.4786
    284   3.19    74.60      81.16  0.9873     0.9871  0.0127     0.0129     0.3913         0.4937
    285   3.19    74.06      81.45  0.9870     0.9874  0.0130     0.0126     0.3973         0.4954
    286   3.19    74.51      81.57  0.9865     0.9866  0.0135     0.0134     0.3906         0.4851
    287   3.20    74.75      80.87  0.9873     0.9873  0.0127     0.0127     0.3909         0.4969
    288   3.19    76.19      80.89  0.9877     0.9875  0.0123     0.0125     0.3973         0.4879
    289   3.19    73.61      81.46  0.9871     0.9873  0.0129     0.0127     0.4011         0.5022
    290   3.19    72.92      81.25  0.9874     0.9874  0.0126     0.0126     0.3976         0.4994
    291   3.19    72.89      81.02  0.9876     0.9877  0.0124     0.0123     0.3874         0.4923
    292   3.20    74.59      80.50  0.9869     0.9872  0.0131     0.0128     0.3964         0.4948
    293   3.19    74.04      80.29  0.9876     0.9877  0.0124     0.0123     0.4007         0.4949
    294   3.19    73.05      80.50  0.9871     0.9866  0.0129     0.0134     0.4016         0.4992
    295   3.19    73.72      80.63  0.9874     0.9875  0.0126     0.0125     0.3896         0.4942
    296   3.19    76.30      80.27  0.9874     0.9874  0.0126     0.0126     0.3925         0.4872
    297   3.19    73.69      80.64  0.9878     0.9879  0.0122     0.0121     0.4003         0.5029
    298   3.19    74.49      80.34  0.9877     0.9874  0.0123     0.0126     0.3968         0.4960
    299   3.19    72.44      80.64  0.9877     0.9878  0.0123     0.0122     0.4030         0.5042
    300   3.19    72.13      80.61  0.9874     0.9878  0.0126     0.0122     0.4028         0.5033
The log/output/model have been saved to: ./logs/train.py-multi_zetas300_False_True_True_1.953125e-07_3.90625e-07_7.8125e-07-yud-04-23-13:20 + .csv/.out/.cpt
