  epoch    IZY    IXZ_1    IZ_1Z_2     acc    avg_acc     err    avg_err    adv_acc    avg_adv_acc
-------  -----  -------  ---------  ------  ---------  ------  ---------  ---------  -------------
      1   3.10   342.54     250.58  0.9510     0.9516  0.0490     0.0484     0.0274         0.0277
      2   3.17   270.47     201.07  0.9661     0.9667  0.0339     0.0333     0.0201         0.0205
      3   3.18   235.03     176.97  0.9676     0.9690  0.0324     0.0310     0.0309         0.0327
      4   3.20   188.93     152.59  0.9758     0.9754  0.0242     0.0246     0.0337         0.0367
      5   3.16   202.92     154.11  0.9665     0.9675  0.0335     0.0325     0.0392         0.0450
      6   3.16   191.96     153.74  0.9663     0.9666  0.0337     0.0334     0.0422         0.0473
      7   3.19   179.54     141.60  0.9755     0.9758  0.0245     0.0242     0.0554         0.0646
      8   3.20   166.19     142.76  0.9765     0.9766  0.0235     0.0234     0.0423         0.0503
      9   3.21   142.87     126.61  0.9767     0.9772  0.0233     0.0228     0.0633         0.0768
     10   3.14   157.55     132.71  0.9682     0.9691  0.0318     0.0309     0.0515         0.0589
     11   3.16   128.33     129.71  0.9696     0.9709  0.0304     0.0291     0.0691         0.0890
     12   3.21   119.15     122.00  0.9795     0.9793  0.0205     0.0207     0.0923         0.1264
     13   3.21   132.35     115.38  0.9794     0.9791  0.0206     0.0209     0.0698         0.0890
     14   3.20   132.09     114.70  0.9797     0.9795  0.0203     0.0205     0.0542         0.0657
     15   3.16   116.88     113.38  0.9734     0.9746  0.0266     0.0254     0.0965         0.1258
     16   3.21   103.00     103.22  0.9813     0.9814  0.0187     0.0186     0.0960         0.1306
     17   3.21   160.63     116.62  0.9809     0.9812  0.0191     0.0188     0.0548         0.0641
     18   3.18   159.23     120.97  0.9732     0.9738  0.0268     0.0262     0.0632         0.0778
     19   3.20   115.38      98.85  0.9798     0.9806  0.0202     0.0194     0.0888         0.1101
     20   3.21   111.41      99.94  0.9818     0.9821  0.0182     0.0179     0.0984         0.1271
     21   3.16    97.61      96.60  0.9764     0.9766  0.0236     0.0234     0.1251         0.1658
     22   3.20    95.35      97.87  0.9804     0.9809  0.0196     0.0191     0.1144         0.1451
     23   3.20   114.40      98.89  0.9813     0.9811  0.0187     0.0189     0.1055         0.1252
     24   3.19   124.91     103.02  0.9773     0.9771  0.0227     0.0229     0.0913         0.1114
     25   3.21    73.72      81.67  0.9829     0.9830  0.0171     0.0170     0.1522         0.1924
     26   3.21    83.96      86.74  0.9827     0.9835  0.0173     0.0165     0.1390         0.1777
     27   3.19    84.71      85.30  0.9811     0.9812  0.0189     0.0188     0.1555         0.2002
     28   3.17   102.07      87.41  0.9790     0.9786  0.0210     0.0214     0.1221         0.1427
     29   3.21    80.11      84.68  0.9821     0.9824  0.0179     0.0176     0.1652         0.2161
     30   3.19   104.04      86.95  0.9814     0.9811  0.0186     0.0189     0.1399         0.1642
     31   3.21    76.24      77.53  0.9829     0.9832  0.0171     0.0168     0.1689         0.2092
     32   3.21    73.04      75.34  0.9832     0.9836  0.0168     0.0164     0.1954         0.2373
     33   3.19    80.16      76.89  0.9815     0.9822  0.0185     0.0178     0.1735         0.2138
     34   3.16    81.46      80.35  0.9786     0.9787  0.0214     0.0213     0.1961         0.2396
     35   3.14    92.71      88.57  0.9758     0.9763  0.0242     0.0237     0.1801         0.2164
     36   3.17    78.20      79.16  0.9791     0.9792  0.0209     0.0208     0.2202         0.2618
     37   3.20    70.25      73.44  0.9822     0.9819  0.0178     0.0181     0.2070         0.2489
     38   3.21    71.98      75.07  0.9844     0.9847  0.0156     0.0153     0.2526         0.2920
     39   3.16    68.63      73.78  0.9777     0.9776  0.0223     0.0224     0.2301         0.2702
     40   3.21    63.52      70.84  0.9853     0.9852  0.0147     0.0148     0.2727         0.3269
     41   3.22    62.75      70.49  0.9852     0.9857  0.0148     0.0143     0.2442         0.2943
     42   3.19    66.36      71.40  0.9830     0.9833  0.0170     0.0167     0.2428         0.2909
     43   3.19    77.40      73.55  0.9826     0.9828  0.0174     0.0172     0.2218         0.2543
     44   3.20    61.26      69.73  0.9848     0.9843  0.0152     0.0157     0.2812         0.3393
     45   3.20    60.68      70.73  0.9839     0.9838  0.0161     0.0162     0.2611         0.3195
     46   3.20    61.23      68.44  0.9828     0.9831  0.0172     0.0169     0.2686         0.3162
     47   3.20    68.27      71.44  0.9826     0.9821  0.0174     0.0179     0.2513         0.2920
     48   3.20    56.58      66.63  0.9854     0.9854  0.0146     0.0146     0.2883         0.3459
     49   3.18    78.74      73.02  0.9814     0.9813  0.0186     0.0187     0.2524         0.2851
     50   3.18    69.16      69.33  0.9821     0.9819  0.0179     0.0181     0.2823         0.3279
     51   3.20    56.21      64.12  0.9842     0.9848  0.0158     0.0152     0.3023         0.3608
     52   3.20    53.72      63.62  0.9844     0.9845  0.0156     0.0155     0.3224         0.3729
     53   3.20    51.72      63.35  0.9844     0.9848  0.0156     0.0152     0.3389         0.4095
     54   3.20    52.69      64.81  0.9842     0.9836  0.0158     0.0164     0.3308         0.3837
     55   3.18    61.39      67.27  0.9809     0.9809  0.0191     0.0191     0.2934         0.3328
     56   3.18    67.68      69.18  0.9827     0.9824  0.0173     0.0176     0.2546         0.2987
     57   3.20    50.20      62.57  0.9843     0.9842  0.0157     0.0158     0.3229         0.3862
     58   3.19    55.93      65.34  0.9835     0.9839  0.0165     0.0161     0.3235         0.3689
     59   3.19    59.66      71.10  0.9821     0.9824  0.0179     0.0176     0.3424         0.3964
     60   3.19    55.57      64.81  0.9822     0.9825  0.0178     0.0175     0.3572         0.4098
     61   3.20    46.42      60.95  0.9849     0.9845  0.0151     0.0155     0.4074         0.4715
     62   3.19    51.97      61.21  0.9837     0.9839  0.0163     0.0161     0.3575         0.4097
     63   3.20    44.40      60.53  0.9845     0.9846  0.0155     0.0154     0.3816         0.4513
     64   3.20    39.55      58.56  0.9854     0.9853  0.0146     0.0147     0.4162         0.4894
     65   3.18    76.90      68.23  0.9809     0.9811  0.0191     0.0189     0.2321         0.2626
     66   3.19    47.15      62.54  0.9843     0.9837  0.0157     0.0163     0.3898         0.4583
     67   3.19    43.89      59.00  0.9848     0.9848  0.0152     0.0152     0.3965         0.4679
     68   3.18    48.49      61.28  0.9825     0.9826  0.0175     0.0174     0.3619         0.4296
     69   3.18    50.22      64.63  0.9830     0.9830  0.0170     0.0170     0.3703         0.4451
     70   3.20    43.84      59.52  0.9836     0.9838  0.0164     0.0162     0.3886         0.4545
     71   3.21    41.05      56.68  0.9849     0.9847  0.0151     0.0153     0.4126         0.4816
     72   3.19    39.21      58.09  0.9845     0.9846  0.0155     0.0154     0.4015         0.4889
     73   3.18    61.13      64.23  0.9807     0.9809  0.0193     0.0191     0.2858         0.3485
     74   3.19    46.00      60.36  0.9844     0.9841  0.0156     0.0159     0.3796         0.4613
     75   3.19    49.88      58.51  0.9839     0.9837  0.0161     0.0163     0.3733         0.4309
     76   3.19    38.95      56.55  0.9846     0.9849  0.0154     0.0151     0.4206         0.5003
     77   3.20    39.24      57.18  0.9845     0.9846  0.0155     0.0154     0.4094         0.4838
     78   3.20    35.07      55.01  0.9849     0.9855  0.0151     0.0145     0.4238         0.5093
     79   3.20    34.59      55.04  0.9853     0.9855  0.0147     0.0145     0.4312         0.5191
     80   3.18    44.21      56.87  0.9834     0.9834  0.0166     0.0166     0.3869         0.4576
     81   3.18    62.98      60.26  0.9830     0.9835  0.0170     0.0165     0.3289         0.3646
     82   3.20    42.91      56.92  0.9848     0.9847  0.0152     0.0153     0.3769         0.4540
     83   3.19    38.46      54.79  0.9848     0.9851  0.0152     0.0149     0.4133         0.4998
     84   3.20    37.19      53.83  0.9852     0.9851  0.0148     0.0149     0.4397         0.5156
     85   3.20    38.58      53.24  0.9842     0.9845  0.0158     0.0155     0.4442         0.5093
     86   3.19    37.16      53.71  0.9849     0.9849  0.0151     0.0151     0.4457         0.5329
     87   3.19    34.60      53.68  0.9850     0.9850  0.0150     0.0150     0.4512         0.5373
     88   3.18    51.51      58.45  0.9842     0.9845  0.0158     0.0155     0.3845         0.4542
     89   3.20    40.20      53.36  0.9846     0.9845  0.0154     0.0155     0.4468         0.5340
     90   3.20    35.08      52.57  0.9854     0.9847  0.0146     0.0153     0.4636         0.5572
     91   3.20    34.31      51.77  0.9847     0.9847  0.0153     0.0153     0.4591         0.5583
     92   3.19    32.19      51.31  0.9844     0.9845  0.0156     0.0155     0.4716         0.5618
     93   3.18    50.48      55.75  0.9825     0.9829  0.0175     0.0171     0.3963         0.4631
     94   3.19    39.81      53.42  0.9846     0.9847  0.0154     0.0153     0.4441         0.5226
     95   3.19    34.51      51.22  0.9854     0.9856  0.0146     0.0144     0.4592         0.5564
     96   3.20    33.10      50.82  0.9848     0.9851  0.0152     0.0149     0.4698         0.5704
     97   3.17    38.24      53.01  0.9835     0.9836  0.0165     0.0164     0.4429         0.5258
     98   3.18    40.56      52.65  0.9853     0.9852  0.0147     0.0148     0.4390         0.5207
     99   3.18    40.35      51.50  0.9848     0.9847  0.0152     0.0153     0.4541         0.5549
    100   3.18    36.32      52.04  0.9840     0.9844  0.0160     0.0156     0.4444         0.5433
    101   3.20    35.86      50.70  0.9855     0.9858  0.0145     0.0142     0.4822         0.5669
    102   3.20    44.57      55.45  0.9859     0.9859  0.0141     0.0141     0.5118         0.5686
    103   3.19    32.85      50.56  0.9842     0.9840  0.0158     0.0160     0.4512         0.5381
    104   3.19    32.63      49.80  0.9847     0.9849  0.0153     0.0151     0.4701         0.5567
    105   3.19    31.91      50.75  0.9845     0.9846  0.0155     0.0154     0.4632         0.5592
    106   3.18    30.40      49.16  0.9850     0.9857  0.0150     0.0143     0.4690         0.5759
    107   3.20    29.78      49.05  0.9856     0.9858  0.0144     0.0142     0.4866         0.5875
    108   3.19    30.95      50.13  0.9846     0.9843  0.0154     0.0157     0.4957         0.5890
    109   3.18    34.54      50.13  0.9854     0.9853  0.0146     0.0147     0.4517         0.5528
    110   3.18    31.80      48.65  0.9836     0.9833  0.0164     0.0167     0.4768         0.5852
    111   3.17    32.05      48.29  0.9832     0.9835  0.0168     0.0165     0.4740         0.5817
    112   3.17    36.33      51.79  0.9831     0.9830  0.0169     0.0170     0.4294         0.5197
    113   3.19    32.26      49.38  0.9853     0.9850  0.0147     0.0150     0.4651         0.5739
    114   3.19    32.03      49.07  0.9846     0.9852  0.0154     0.0148     0.4948         0.5876
    115   3.18    33.84      49.54  0.9843     0.9851  0.0157     0.0149     0.4810         0.5772
    116   3.19    37.92      53.62  0.9842     0.9844  0.0158     0.0156     0.4613         0.5546
    117   3.20    29.72      47.97  0.9860     0.9853  0.0140     0.0147     0.4736         0.5772
    118   3.18    31.66      49.31  0.9849     0.9852  0.0151     0.0148     0.4650         0.5664
    119   3.20    31.22      48.46  0.9860     0.9859  0.0140     0.0141     0.4610         0.5673
    120   3.19    30.45      47.64  0.9854     0.9855  0.0146     0.0145     0.4579         0.5722
    121   3.19    33.00      48.38  0.9845     0.9846  0.0155     0.0154     0.4689         0.5642
    122   3.19    36.92      51.16  0.9858     0.9856  0.0142     0.0144     0.4621         0.5444
    123   3.19    30.91      46.94  0.9852     0.9850  0.0148     0.0150     0.4846         0.5834
    124   3.18    33.32      49.38  0.9848     0.9854  0.0152     0.0146     0.4777         0.5847
    125   3.19    29.10      46.32  0.9853     0.9852  0.0147     0.0148     0.4879         0.6102
    126   3.19    29.35      46.56  0.9851     0.9853  0.0149     0.0147     0.4831         0.6006
    127   3.18    30.08      46.48  0.9851     0.9855  0.0149     0.0145     0.4917         0.5999
    128   3.18    42.14      52.34  0.9851     0.9849  0.0149     0.0151     0.5205         0.5801
    129   3.19    30.11      46.10  0.9847     0.9853  0.0153     0.0147     0.4998         0.5991
    130   3.17    31.39      46.82  0.9843     0.9842  0.0157     0.0158     0.4941         0.5901
    131   3.19    28.88      46.22  0.9853     0.9853  0.0147     0.0147     0.4849         0.5841
    132   3.18    29.06      45.69  0.9843     0.9841  0.0157     0.0159     0.4847         0.5956
    133   3.19    44.29      53.32  0.9839     0.9835  0.0161     0.0165     0.5004         0.5536
    134   3.16    32.77      47.31  0.9821     0.9828  0.0179     0.0172     0.4535         0.5551
    135   3.17    28.46      45.83  0.9842     0.9841  0.0158     0.0159     0.4904         0.6060
    136   3.17    33.90      48.88  0.9846     0.9843  0.0154     0.0157     0.4981         0.5800
    137   3.18    28.51      46.74  0.9842     0.9848  0.0158     0.0152     0.5100         0.6305
    138   3.17    29.14      45.18  0.9836     0.9840  0.0164     0.0160     0.5103         0.6136
    139   3.17    27.64      44.72  0.9835     0.9836  0.0165     0.0164     0.5080         0.6190
    140   3.18    28.54      44.66  0.9849     0.9849  0.0151     0.0151     0.5221         0.6242
    141   3.18    27.34      44.46  0.9832     0.9833  0.0168     0.0167     0.5067         0.6208
    142   3.17    30.35      45.64  0.9840     0.9843  0.0160     0.0157     0.4995         0.5931
    143   3.17    29.02      44.51  0.9835     0.9840  0.0165     0.0160     0.4825         0.5932
    144   3.18    27.95      44.03  0.9843     0.9848  0.0157     0.0152     0.5037         0.6145
    145   3.17    30.63      45.78  0.9847     0.9850  0.0153     0.0150     0.5226         0.6149
    146   3.18    28.17      44.44  0.9846     0.9844  0.0154     0.0156     0.4976         0.6117
    147   3.18    28.82      44.13  0.9846     0.9847  0.0154     0.0153     0.5059         0.6174
    148   3.18    28.15      44.13  0.9847     0.9845  0.0153     0.0155     0.5016         0.6121
    149   3.19    29.17      44.84  0.9847     0.9843  0.0153     0.0157     0.5020         0.6038
    150   3.18    28.06      44.63  0.9853     0.9853  0.0147     0.0147     0.4949         0.5994
    151   3.18    27.52      44.22  0.9848     0.9845  0.0152     0.0155     0.4865         0.6044
    152   3.19    27.28      43.56  0.9854     0.9856  0.0146     0.0144     0.5031         0.6092
    153   3.19    35.72      47.44  0.9848     0.9850  0.0152     0.0150     0.5057         0.5799
    154   3.18    34.49      46.53  0.9847     0.9850  0.0153     0.0150     0.5314         0.6060
    155   3.19    28.67      43.38  0.9861     0.9855  0.0139     0.0145     0.5272         0.6326
    156   3.18    26.18      42.72  0.9843     0.9846  0.0157     0.0154     0.5260         0.6432
    157   3.18    27.25      43.17  0.9851     0.9852  0.0149     0.0148     0.5122         0.6303
    158   3.19    31.98      45.55  0.9859     0.9852  0.0141     0.0148     0.5073         0.6025
    159   3.18    31.09      44.40  0.9847     0.9844  0.0153     0.0156     0.5036         0.5996
    160   3.19    25.82      42.66  0.9854     0.9857  0.0146     0.0143     0.5099         0.6379
    161   3.19    28.39      43.57  0.9858     0.9855  0.0142     0.0145     0.5061         0.6091
    162   3.18    26.39      42.66  0.9852     0.9855  0.0148     0.0145     0.5117         0.6411
    163   3.19    28.50      43.34  0.9855     0.9851  0.0145     0.0149     0.5132         0.6117
    164   3.19    26.69      42.29  0.9849     0.9851  0.0151     0.0149     0.5173         0.6344
    165   3.19    27.04      42.51  0.9857     0.9854  0.0143     0.0146     0.5276         0.6371
    166   3.18    28.28      42.52  0.9854     0.9853  0.0146     0.0147     0.5191         0.6339
    167   3.18    28.18      43.22  0.9846     0.9850  0.0154     0.0150     0.5030         0.6243
    168   3.18    27.36      42.96  0.9856     0.9857  0.0144     0.0143     0.5012         0.6235
    169   3.19    26.93      42.68  0.9855     0.9858  0.0145     0.0142     0.5225         0.6460
    170   3.18    26.39      42.37  0.9851     0.9848  0.0149     0.0152     0.5198         0.6413
    171   3.17    27.22      44.11  0.9852     0.9852  0.0148     0.0148     0.5061         0.6349
    172   3.18    30.22      43.62  0.9857     0.9859  0.0143     0.0141     0.5354         0.6330
    173   3.17    26.38      41.80  0.9845     0.9847  0.0155     0.0153     0.5130         0.6515
    174   3.18    26.49      41.69  0.9858     0.9854  0.0142     0.0146     0.5263         0.6473
    175   3.18    25.59      41.63  0.9861     0.9863  0.0139     0.0137     0.5299         0.6478
    176   3.17    26.81      42.14  0.9850     0.9853  0.0150     0.0147     0.5319         0.6534
    177   3.18    25.46      41.44  0.9850     0.9850  0.0150     0.0150     0.5292         0.6522
    178   3.18    29.10      43.74  0.9856     0.9856  0.0144     0.0144     0.5330         0.6321
    179   3.18    25.95      41.84  0.9851     0.9855  0.0149     0.0145     0.5262         0.6494
    180   3.18    25.50      41.43  0.9859     0.9861  0.0141     0.0139     0.5142         0.6346
    181   3.19    24.80      41.05  0.9856     0.9854  0.0144     0.0146     0.5285         0.6490
    182   3.18    26.03      41.57  0.9853     0.9863  0.0147     0.0137     0.5105         0.6335
    183   3.20    34.88      47.13  0.9860     0.9861  0.0140     0.0139     0.5381         0.6151
    184   3.19    27.14      42.00  0.9860     0.9862  0.0140     0.0138     0.5357         0.6368
    185   3.18    25.23      40.88  0.9853     0.9850  0.0147     0.0150     0.5231         0.6415
    186   3.18    25.68      41.45  0.9847     0.9846  0.0153     0.0154     0.5124         0.6360
    187   3.18    28.18      42.59  0.9846     0.9848  0.0154     0.0152     0.5214         0.6261
    188   3.18    25.89      41.27  0.9856     0.9861  0.0144     0.0139     0.5044         0.6386
    189   3.18    26.23      41.36  0.9849     0.9851  0.0151     0.0149     0.5000         0.6294
    190   3.18    26.52      41.51  0.9848     0.9849  0.0152     0.0151     0.5126         0.6295
    191   3.18    25.78      41.10  0.9850     0.9853  0.0150     0.0147     0.5093         0.6405
    192   3.17    25.93      41.23  0.9852     0.9856  0.0148     0.0144     0.5106         0.6403
    193   3.18    25.45      41.07  0.9862     0.9861  0.0138     0.0139     0.5106         0.6393
    194   3.17    26.96      41.54  0.9857     0.9857  0.0143     0.0143     0.5213         0.6333
    195   3.18    30.98      44.93  0.9841     0.9849  0.0159     0.0151     0.5370         0.6270
    196   3.18    25.34      40.84  0.9850     0.9849  0.0150     0.0151     0.5190         0.6413
    197   3.18    24.97      40.57  0.9848     0.9855  0.0152     0.0145     0.5167         0.6474
    198   3.19    25.71      41.04  0.9850     0.9861  0.0150     0.0139     0.5198         0.6415
    199   3.17    26.18      40.63  0.9852     0.9849  0.0148     0.0151     0.5219         0.6420
    200   3.18    26.22      40.84  0.9861     0.9864  0.0139     0.0136     0.5206         0.6408
The log/output/model have been saved to: ./logs/train.py-multi_zetas{'num_epochs': 200, 'use_stoch': [False, True, True], 'betas': [0.0001, 0.0001, 0.0001]}-xut-04-03-19:14 + .csv/.out/.cpt
