  epoch    IZY    IXZ_1    IZ_1Z_2    IZ_2Z_3     acc    avg_acc     err    avg_err    adv_acc    avg_adv_acc
-------  -----  -------  ---------  ---------  ------  ---------  ------  ---------  ---------  -------------
      1   3.11   507.38     388.96     269.76  0.9527     0.9539  0.0473     0.0461     0.0272         0.0273
      2   3.14   419.28     310.65     212.23  0.9595     0.9609  0.0405     0.0391     0.0289         0.0289
      3   3.16   390.66     294.20     200.92  0.9662     0.9670  0.0338     0.0330     0.0299         0.0310
      4   3.20   341.38     256.49     187.60  0.9735     0.9738  0.0265     0.0262     0.0339         0.0369
      5   3.21   324.94     226.65     167.31  0.9741     0.9747  0.0259     0.0253     0.0347         0.0402
      6   3.14   297.73     234.46     172.67  0.9610     0.9611  0.0390     0.0389     0.0414         0.0479
      7   3.21   304.16     215.63     155.67  0.9756     0.9761  0.0244     0.0239     0.0382         0.0419
      8   3.21   318.67     225.30     157.64  0.9759     0.9763  0.0241     0.0237     0.0301         0.0348
      9   3.21   254.16     197.42     148.08  0.9773     0.9779  0.0227     0.0221     0.0506         0.0617
     10   3.19   245.82     195.63     147.76  0.9757     0.9768  0.0243     0.0232     0.0517         0.0684
     11   3.20   271.52     205.24     146.11  0.9780     0.9777  0.0220     0.0223     0.0391         0.0452
     12   3.17   269.71     214.76     151.23  0.9710     0.9710  0.0290     0.0290     0.0451         0.0549
     13   3.22   235.42     186.55     139.45  0.9796     0.9802  0.0204     0.0198     0.0509         0.0641
     14   3.21   221.45     172.77     130.43  0.9807     0.9814  0.0193     0.0186     0.0529         0.0682
     15   3.21   216.81     169.03     121.94  0.9804     0.9803  0.0196     0.0197     0.0618         0.0762
     16   3.17   257.66     181.32     136.16  0.9732     0.9730  0.0268     0.0270     0.0567         0.0675
     17   3.21   231.98     182.08     124.12  0.9813     0.9814  0.0187     0.0186     0.0454         0.0533
     18   3.22   223.00     170.67     124.43  0.9813     0.9813  0.0187     0.0187     0.0608         0.0748
     19   3.20   213.89     162.46     120.22  0.9796     0.9792  0.0204     0.0208     0.0657         0.0806
     20   3.22   230.04     175.54     115.23  0.9807     0.9805  0.0193     0.0195     0.0600         0.0716
     21   3.22   220.50     162.33     115.55  0.9811     0.9806  0.0189     0.0194     0.0549         0.0702
     22   3.21   208.90     164.40     111.87  0.9812     0.9813  0.0188     0.0187     0.0582         0.0709
     23   3.22   165.50     136.70     105.65  0.9836     0.9840  0.0164     0.0160     0.0775         0.0974
     24   3.19   175.73     155.98     117.80  0.9781     0.9778  0.0219     0.0222     0.0717         0.0924
     25   3.21   174.10     140.99     104.22  0.9818     0.9822  0.0182     0.0178     0.0691         0.0858
     26   3.20   185.61     150.11     107.08  0.9792     0.9796  0.0208     0.0204     0.0871         0.1069
     27   3.18   218.29     160.55     104.34  0.9804     0.9799  0.0196     0.0201     0.0742         0.0896
     28   3.17   175.13     141.93     102.60  0.9765     0.9769  0.0235     0.0231     0.0818         0.0951
     29   3.21   184.00     144.55     104.00  0.9816     0.9818  0.0184     0.0182     0.0867         0.1034
     30   3.20   169.60     135.70     100.22  0.9802     0.9803  0.0198     0.0197     0.0693         0.0858
     31   3.21   180.99     140.81      99.42  0.9824     0.9832  0.0176     0.0168     0.0831         0.0949
     32   3.19   158.15     132.80      98.51  0.9782     0.9789  0.0218     0.0211     0.0966         0.1204
     33   3.16   147.86     127.02      97.41  0.9763     0.9762  0.0237     0.0238     0.0978         0.1164
     34   3.21   155.29     128.01      91.76  0.9825     0.9823  0.0175     0.0177     0.1027         0.1263
     35   3.21   166.32     123.87      88.56  0.9815     0.9808  0.0185     0.0192     0.1100         0.1338
     36   3.20   158.73     122.54      87.44  0.9807     0.9806  0.0193     0.0194     0.1102         0.1278
     37   3.19   158.91     125.36      87.24  0.9807     0.9801  0.0193     0.0199     0.1043         0.1221
     38   3.18   171.58     139.46      90.77  0.9775     0.9777  0.0225     0.0223     0.1250         0.1386
     39   3.18   135.67     115.99      92.95  0.9797     0.9797  0.0203     0.0203     0.1218         0.1439
     40   3.20   183.32     129.38      84.95  0.9810     0.9812  0.0190     0.0188     0.1083         0.1203
     41   3.21   144.78     114.64      83.79  0.9828     0.9833  0.0172     0.0167     0.1208         0.1392
     42   3.20   136.22     116.06      85.08  0.9820     0.9816  0.0180     0.0184     0.1289         0.1518
     43   3.20   146.78     113.94      84.36  0.9819     0.9820  0.0181     0.0180     0.1366         0.1625
     44   3.18   131.52     109.54      83.13  0.9789     0.9795  0.0211     0.0205     0.1411         0.1611
     45   3.19   163.80     130.46      84.11  0.9812     0.9817  0.0188     0.0183     0.1010         0.1130
     46   3.21   140.76     120.68      81.15  0.9836     0.9835  0.0164     0.0165     0.1211         0.1386
     47   3.21   129.29     109.93      82.71  0.9825     0.9828  0.0175     0.0172     0.1428         0.1650
     48   3.20   131.69     107.82      81.68  0.9832     0.9830  0.0168     0.0170     0.1340         0.1557
     49   3.19   170.72     123.19      83.66  0.9783     0.9785  0.0217     0.0215     0.1289         0.1452
     50   3.21   126.61     107.27      80.50  0.9832     0.9828  0.0168     0.0172     0.1510         0.1664
     51   3.21   126.84     107.93      79.30  0.9839     0.9840  0.0161     0.0160     0.1469         0.1687
     52   3.18   123.95     106.80      80.83  0.9802     0.9808  0.0198     0.0192     0.1360         0.1591
     53   3.18   161.84     109.84      77.28  0.9801     0.9800  0.0199     0.0200     0.1266         0.1420
     54   3.20   122.95     113.13      79.85  0.9833     0.9835  0.0167     0.0165     0.1354         0.1543
     55   3.20   114.10     100.71      78.30  0.9826     0.9824  0.0174     0.0176     0.1505         0.1727
     56   3.20   122.54     100.04      73.20  0.9823     0.9828  0.0177     0.0172     0.1420         0.1652
     57   3.21   115.88     101.37      74.31  0.9839     0.9840  0.0161     0.0160     0.1624         0.1860
     58   3.20   116.21      98.53      76.55  0.9830     0.9835  0.0170     0.0165     0.1686         0.1929
     59   3.20   113.31      98.39      74.86  0.9839     0.9836  0.0161     0.0164     0.1677         0.1916
     60   3.20   118.06      99.05      73.47  0.9827     0.9825  0.0173     0.0175     0.1598         0.1859
     61   3.18   120.17     105.40      73.64  0.9816     0.9820  0.0184     0.0180     0.1434         0.1659
     62   3.21   122.16     107.29      74.15  0.9844     0.9843  0.0156     0.0157     0.1579         0.1728
     63   3.20   104.18      97.19      73.57  0.9825     0.9820  0.0175     0.0180     0.1630         0.1899
     64   3.20   118.76      97.33      71.63  0.9825     0.9821  0.0175     0.0179     0.1690         0.1931
     65   3.20   104.72      93.53      73.92  0.9836     0.9833  0.0164     0.0167     0.1541         0.1793
     66   3.18   116.16     104.19      72.28  0.9807     0.9810  0.0193     0.0190     0.1683         0.1913
     67   3.20    98.17      89.38      70.98  0.9842     0.9846  0.0158     0.0154     0.1676         0.1866
     68   3.19   125.59      94.35      69.95  0.9831     0.9833  0.0169     0.0167     0.1559         0.1794
     69   3.19   118.40      92.83      68.86  0.9848     0.9847  0.0152     0.0153     0.1658         0.1895
     70   3.21   100.64      93.36      69.33  0.9841     0.9845  0.0159     0.0155     0.1593         0.1844
     71   3.19   116.60     100.76      67.48  0.9827     0.9826  0.0173     0.0174     0.1743         0.1992
     72   3.20    97.83      88.37      72.27  0.9841     0.9848  0.0159     0.0152     0.1580         0.1870
     73   3.19   110.82      89.24      71.67  0.9823     0.9825  0.0177     0.0175     0.1734         0.1992
     74   3.19   101.54      98.21      70.14  0.9817     0.9820  0.0183     0.0180     0.1637         0.1858
     75   3.20    96.20      90.49      68.76  0.9842     0.9842  0.0158     0.0158     0.1578         0.1796
     76   3.19   105.86      90.21      67.73  0.9825     0.9828  0.0175     0.0172     0.1672         0.1918
     77   3.20    95.09      86.92      67.62  0.9836     0.9835  0.0164     0.0165     0.1623         0.1888
     78   3.19   107.03      91.70      67.41  0.9827     0.9825  0.0173     0.0175     0.1512         0.1757
     79   3.18   101.07      92.33      65.06  0.9836     0.9834  0.0164     0.0166     0.1439         0.1659
     80   3.19    92.39      87.80      66.60  0.9826     0.9834  0.0174     0.0166     0.1544         0.1810
     81   3.20    96.87      88.16      70.02  0.9840     0.9842  0.0160     0.0158     0.1527         0.1760
     82   3.20    91.87      86.48      65.70  0.9844     0.9846  0.0156     0.0154     0.1548         0.1817
     83   3.19    84.51      85.90      66.85  0.9828     0.9829  0.0172     0.0171     0.1604         0.1865
     84   3.19   102.22      91.20      66.59  0.9852     0.9855  0.0148     0.0145     0.1608         0.1900
     85   3.20    91.63      87.75      65.33  0.9850     0.9845  0.0150     0.0155     0.1587         0.1839
     86   3.20    94.40      85.50      66.77  0.9831     0.9838  0.0169     0.0162     0.1658         0.1963
     87   3.18    99.18      94.39      66.41  0.9822     0.9822  0.0178     0.0178     0.1503         0.1772
     88   3.20    85.07      82.85      64.67  0.9837     0.9842  0.0163     0.0158     0.1604         0.1895
     89   3.19    94.49      89.34      65.91  0.9832     0.9833  0.0168     0.0167     0.1612         0.1774
     90   3.19    93.48      81.96      65.48  0.9835     0.9841  0.0165     0.0159     0.1679         0.1954
     91   3.19    85.73      84.79      65.67  0.9843     0.9842  0.0157     0.0158     0.1557         0.1833
     92   3.19    91.48      89.93      61.43  0.9841     0.9847  0.0159     0.0153     0.1504         0.1724
     93   3.19    86.03      80.42      65.25  0.9817     0.9820  0.0183     0.0180     0.1569         0.1870
     94   3.19   100.51      91.60      65.33  0.9832     0.9835  0.0168     0.0165     0.1490         0.1716
     95   3.19    92.17      89.75      64.46  0.9847     0.9845  0.0153     0.0155     0.1509         0.1706
     96   3.21    84.74      81.23      65.46  0.9850     0.9853  0.0150     0.0147     0.1532         0.1825
     97   3.19    93.69      87.72      62.49  0.9846     0.9845  0.0154     0.0155     0.1331         0.1572
     98   3.21    80.74      81.61      62.62  0.9847     0.9842  0.0153     0.0158     0.1515         0.1826
     99   3.19    90.58      82.23      63.48  0.9827     0.9832  0.0173     0.0168     0.1578         0.1836
    100   3.19    89.86      82.81      63.30  0.9828     0.9835  0.0172     0.0165     0.1503         0.1757
    101   3.20    78.58      80.67      63.77  0.9849     0.9850  0.0151     0.0150     0.1571         0.1839
    102   3.19    79.69      79.72      63.97  0.9834     0.9835  0.0166     0.0165     0.1642         0.1974
    103   3.20    80.75      79.97      61.61  0.9837     0.9839  0.0163     0.0161     0.1561         0.1869
    104   3.20    82.58      83.29      61.26  0.9848     0.9851  0.0152     0.0149     0.1495         0.1763
    105   3.18    85.88      86.23      61.06  0.9820     0.9825  0.0180     0.0175     0.1599         0.1842
    106   3.19    78.95      79.70      60.97  0.9843     0.9843  0.0157     0.0157     0.1596         0.1849
    107   3.18    78.50      77.23      62.42  0.9830     0.9832  0.0170     0.0168     0.1615         0.1928
    108   3.19    79.75      76.89      62.99  0.9846     0.9841  0.0154     0.0159     0.1557         0.1895
    109   3.18    78.35      78.78      62.96  0.9843     0.9834  0.0157     0.0166     0.1626         0.1872
    110   3.19    82.49      76.84      61.69  0.9846     0.9844  0.0154     0.0156     0.1704         0.1940
    111   3.17    95.12      89.52      60.12  0.9819     0.9813  0.0181     0.0187     0.1386         0.1566
    112   3.19    82.74      81.75      59.84  0.9849     0.9843  0.0151     0.0157     0.1477         0.1780
    113   3.19    75.58      75.70      62.08  0.9848     0.9848  0.0152     0.0152     0.1643         0.1996
    114   3.19    80.66      80.13      59.02  0.9833     0.9833  0.0167     0.0167     0.1621         0.1887
    115   3.20    79.22      80.32      61.99  0.9853     0.9859  0.0147     0.0141     0.1448         0.1669
    116   3.19    73.06      75.09      61.07  0.9838     0.9846  0.0162     0.0154     0.1531         0.1835
    117   3.18    72.85      76.09      61.50  0.9830     0.9833  0.0170     0.0167     0.1581         0.1892
    118   3.19    76.06      77.30      59.42  0.9840     0.9840  0.0160     0.0160     0.1487         0.1736
    119   3.21    71.58      73.85      61.38  0.9844     0.9847  0.0156     0.0153     0.1429         0.1751
    120   3.20    80.43      79.35      59.78  0.9858     0.9860  0.0142     0.0140     0.1529         0.1737
    121   3.19    74.47      79.56      61.15  0.9849     0.9849  0.0151     0.0151     0.1458         0.1744
    122   3.19    73.73      73.71      60.13  0.9842     0.9845  0.0158     0.0155     0.1558         0.1921
    123   3.20    74.47      78.35      58.93  0.9847     0.9848  0.0153     0.0152     0.1439         0.1723
    124   3.20    84.87      82.88      58.44  0.9842     0.9843  0.0158     0.0157     0.1430         0.1698
    125   3.20    71.42      73.25      59.92  0.9838     0.9847  0.0162     0.0153     0.1530         0.1841
    126   3.19    73.27      74.62      57.88  0.9842     0.9843  0.0158     0.0157     0.1526         0.1819
    127   3.20    78.97      79.17      58.33  0.9861     0.9863  0.0139     0.0137     0.1561         0.1828
    128   3.20    67.15      73.45      57.97  0.9848     0.9854  0.0152     0.0146     0.1523         0.1811
    129   3.20    67.71      73.13      59.38  0.9842     0.9842  0.0158     0.0158     0.1559         0.1836
    130   3.19    79.31      78.53      57.88  0.9851     0.9859  0.0149     0.0141     0.1491         0.1798
    131   3.20    72.36      74.56      59.44  0.9845     0.9842  0.0155     0.0158     0.1523         0.1878
    132   3.20    67.20      71.28      59.59  0.9857     0.9856  0.0143     0.0144     0.1538         0.1818
    133   3.18    73.95      76.39      59.26  0.9839     0.9837  0.0161     0.0163     0.1497         0.1822
    134   3.20    66.39      71.96      58.89  0.9853     0.9854  0.0147     0.0146     0.1537         0.1847
    135   3.21    69.35      74.42      58.67  0.9851     0.9857  0.0149     0.0143     0.1495         0.1773
    136   3.20    70.17      70.84      60.43  0.9841     0.9839  0.0159     0.0161     0.1612         0.1908
    137   3.19    63.58      71.54      60.57  0.9840     0.9844  0.0160     0.0156     0.1517         0.1800
    138   3.19    65.59      71.73      58.70  0.9837     0.9834  0.0163     0.0166     0.1543         0.1840
    139   3.19    69.40      72.06      58.36  0.9845     0.9844  0.0155     0.0156     0.1529         0.1780
    140   3.18    72.09      75.49      58.49  0.9836     0.9837  0.0164     0.0163     0.1412         0.1702
    141   3.20    66.59      71.05      59.32  0.9857     0.9862  0.0143     0.0138     0.1503         0.1814
    142   3.20    64.14      70.91      59.25  0.9848     0.9856  0.0152     0.0144     0.1460         0.1780
    143   3.17    66.63      71.80      57.81  0.9832     0.9830  0.0168     0.0170     0.1441         0.1732
    144   3.19    67.80      71.67      57.72  0.9850     0.9853  0.0150     0.0147     0.1508         0.1806
    145   3.19    65.77      69.57      58.73  0.9838     0.9840  0.0162     0.0160     0.1473         0.1765
    146   3.20    69.05      75.29      55.49  0.9849     0.9849  0.0151     0.0151     0.1402         0.1677
    147   3.20    64.51      69.98      58.22  0.9849     0.9854  0.0151     0.0146     0.1470         0.1757
    148   3.19    61.95      70.41      57.55  0.9842     0.9838  0.0158     0.0162     0.1498         0.1761
    149   3.21    65.56      74.73      57.84  0.9857     0.9864  0.0143     0.0136     0.1487         0.1744
    150   3.19    62.91      70.42      56.99  0.9833     0.9835  0.0167     0.0165     0.1494         0.1789
    151   3.19    64.76      72.68      56.33  0.9835     0.9842  0.0165     0.0158     0.1460         0.1712
    152   3.21    62.97      69.00      57.94  0.9869     0.9864  0.0131     0.0136     0.1442         0.1739
    153   3.20    67.33      70.87      56.75  0.9849     0.9852  0.0151     0.0148     0.1416         0.1758
    154   3.20    62.77      69.95      56.75  0.9855     0.9856  0.0145     0.0144     0.1406         0.1736
    155   3.20    62.23      70.93      56.67  0.9850     0.9851  0.0150     0.0149     0.1481         0.1734
    156   3.19    68.37      71.50      55.33  0.9842     0.9839  0.0158     0.0161     0.1480         0.1760
    157   3.18    60.06      68.37      56.29  0.9837     0.9839  0.0163     0.0161     0.1495         0.1828
    158   3.19    61.23      68.04      56.46  0.9845     0.9851  0.0155     0.0149     0.1382         0.1702
    159   3.19    65.67      70.20      55.22  0.9838     0.9837  0.0162     0.0163     0.1440         0.1731
    160   3.19    66.54      75.32      55.45  0.9846     0.9847  0.0154     0.0153     0.1453         0.1706
    161   3.19    63.53      71.75      54.93  0.9851     0.9848  0.0149     0.0152     0.1381         0.1656
    162   3.18    62.03      67.80      55.27  0.9831     0.9834  0.0169     0.0166     0.1467         0.1761
    163   3.19    60.10      67.70      55.56  0.9834     0.9836  0.0166     0.0164     0.1510         0.1808
    164   3.20    61.82      67.18      56.68  0.9839     0.9841  0.0161     0.0159     0.1524         0.1811
    165   3.19    61.69      67.39      56.62  0.9845     0.9847  0.0155     0.0153     0.1488         0.1847
    166   3.19    60.63      68.75      54.43  0.9843     0.9845  0.0157     0.0155     0.1455         0.1689
    167   3.18    61.35      69.89      56.56  0.9838     0.9842  0.0162     0.0158     0.1438         0.1650
    168   3.20    64.83      74.73      55.27  0.9853     0.9852  0.0147     0.0148     0.1401         0.1634
    169   3.18    60.40      66.10      56.96  0.9842     0.9839  0.0158     0.0161     0.1427         0.1756
    170   3.19    58.78      65.86      56.83  0.9841     0.9844  0.0159     0.0156     0.1478         0.1787
    171   3.19    58.82      67.49      55.62  0.9844     0.9850  0.0156     0.0150     0.1492         0.1751
    172   3.18    63.18      66.76      55.80  0.9840     0.9850  0.0160     0.0150     0.1415         0.1753
    173   3.20    63.64      71.23      54.33  0.9854     0.9855  0.0146     0.0145     0.1467         0.1718
    174   3.19    60.25      66.42      55.96  0.9855     0.9848  0.0145     0.0152     0.1409         0.1692
    175   3.19    58.80      66.80      56.09  0.9843     0.9847  0.0157     0.0153     0.1386         0.1700
    176   3.18    68.23      75.12      53.99  0.9840     0.9842  0.0160     0.0158     0.1346         0.1592
    177   3.19    60.81      67.06      55.15  0.9847     0.9846  0.0153     0.0154     0.1401         0.1744
    178   3.18    60.73      68.73      54.64  0.9837     0.9836  0.0163     0.0164     0.1394         0.1704
    179   3.19    61.75      67.59      54.75  0.9853     0.9856  0.0147     0.0144     0.1434         0.1718
    180   3.19    60.18      67.99      55.06  0.9853     0.9853  0.0147     0.0147     0.1460         0.1723
    181   3.19    57.08      67.77      55.08  0.9843     0.9839  0.0157     0.0161     0.1382         0.1717
    182   3.19    57.25      65.36      55.68  0.9847     0.9849  0.0153     0.0151     0.1355         0.1670
    183   3.19    57.75      67.05      55.45  0.9844     0.9847  0.0156     0.0153     0.1375         0.1624
    184   3.20    58.34      67.88      54.22  0.9846     0.9846  0.0154     0.0154     0.1384         0.1651
    185   3.19    57.11      66.54      55.05  0.9858     0.9857  0.0142     0.0143     0.1426         0.1734
    186   3.19    56.66      64.54      55.18  0.9837     0.9840  0.0163     0.0160     0.1403         0.1760
    187   3.19    56.26      64.92      55.70  0.9833     0.9838  0.0167     0.0162     0.1401         0.1720
    188   3.19    60.38      67.37      54.40  0.9849     0.9846  0.0151     0.0154     0.1418         0.1697
    189   3.20    57.83      66.43      54.67  0.9856     0.9857  0.0144     0.0143     0.1310         0.1560
    190   3.17    55.38      65.27      54.63  0.9838     0.9839  0.0162     0.0161     0.1366         0.1624
    191   3.20    54.42      64.02      55.06  0.9843     0.9846  0.0157     0.0154     0.1368         0.1648
    192   3.18    55.91      65.86      54.33  0.9835     0.9840  0.0165     0.0160     0.1328         0.1615
    193   3.19    61.56      69.09      53.83  0.9851     0.9850  0.0149     0.0150     0.1345         0.1587
    194   3.20    57.80      66.05      54.99  0.9842     0.9846  0.0158     0.0154     0.1359         0.1657
    195   3.20    58.52      67.48      53.52  0.9848     0.9849  0.0152     0.0151     0.1392         0.1595
    196   3.19    55.46      65.24      54.49  0.9838     0.9838  0.0162     0.0162     0.1373         0.1651
    197   3.18    57.29      68.02      54.27  0.9838     0.9840  0.0162     0.0160     0.1342         0.1583
    198   3.19    57.04      66.63      53.34  0.9853     0.9851  0.0147     0.0149     0.1307         0.1593
    199   3.18    58.19      66.46      53.82  0.9848     0.9846  0.0152     0.0154     0.1352         0.1634
    200   3.18    54.95      65.36      54.95  0.9836     0.9828  0.0164     0.0172     0.1355         0.1609
    201   3.19    58.12      68.46      54.11  0.9855     0.9857  0.0145     0.0143     0.1292         0.1566
    202   3.19    57.64      66.74      54.33  0.9846     0.9847  0.0154     0.0153     0.1293         0.1569
    203   3.17    55.14      64.30      55.22  0.9838     0.9837  0.0162     0.0163     0.1345         0.1598
    204   3.19    56.34      65.28      54.26  0.9845     0.9843  0.0155     0.0157     0.1291         0.1573
    205   3.19    55.72      64.88      54.83  0.9845     0.9854  0.0155     0.0146     0.1387         0.1675
    206   3.19    55.12      65.48      54.12  0.9851     0.9854  0.0149     0.0146     0.1299         0.1573
    207   3.18    56.71      67.37      53.92  0.9849     0.9851  0.0151     0.0149     0.1286         0.1516
    208   3.18    57.75      64.43      54.05  0.9849     0.9855  0.0151     0.0145     0.1392         0.1665
    209   3.17    55.05      64.66      54.48  0.9842     0.9843  0.0158     0.0157     0.1372         0.1662
    210   3.19    54.19      64.24      54.56  0.9839     0.9842  0.0161     0.0158     0.1316         0.1622
    211   3.19    56.02      67.79      52.85  0.9844     0.9840  0.0156     0.0160     0.1292         0.1549
    212   3.18    55.30      64.95      53.96  0.9840     0.9844  0.0160     0.0156     0.1331         0.1597
    213   3.19    53.45      64.48      54.47  0.9841     0.9839  0.0159     0.0161     0.1341         0.1589
    214   3.19    59.22      67.64      53.50  0.9848     0.9848  0.0152     0.0152     0.1315         0.1570
    215   3.18    60.88      68.94      52.40  0.9837     0.9838  0.0163     0.0162     0.1399         0.1601
    216   3.19    56.19      65.71      54.40  0.9843     0.9846  0.0157     0.0154     0.1349         0.1562
    217   3.19    55.40      63.70      54.57  0.9836     0.9844  0.0164     0.0156     0.1414         0.1702
    218   3.20    56.38      65.06      53.95  0.9846     0.9853  0.0154     0.0147     0.1342         0.1603
    219   3.18    53.05      63.53      54.16  0.9838     0.9837  0.0162     0.0163     0.1396         0.1636
    220   3.18    56.78      64.39      53.31  0.9846     0.9853  0.0154     0.0147     0.1355         0.1635
    221   3.19    55.50      64.19      53.42  0.9849     0.9847  0.0151     0.0153     0.1321         0.1620
    222   3.20    53.31      63.54      54.42  0.9847     0.9854  0.0153     0.0146     0.1371         0.1611
    223   3.19    55.62      65.05      53.66  0.9837     0.9839  0.0163     0.0161     0.1352         0.1557
    224   3.20    54.71      65.05      53.73  0.9852     0.9851  0.0148     0.0149     0.1277         0.1524
    225   3.19    54.83      67.93      52.95  0.9850     0.9849  0.0150     0.0151     0.1292         0.1575
    226   3.19    56.71      67.14      52.30  0.9847     0.9849  0.0153     0.0151     0.1295         0.1493
    227   3.19    53.99      65.11      53.56  0.9855     0.9853  0.0145     0.0147     0.1324         0.1615
    228   3.19    55.60      65.35      53.20  0.9851     0.9859  0.0149     0.0141     0.1281         0.1494
    229   3.18    54.26      64.44      53.70  0.9837     0.9836  0.0163     0.0164     0.1332         0.1622
    230   3.20    53.31      63.96      53.69  0.9863     0.9863  0.0137     0.0137     0.1303         0.1587
    231   3.19    53.82      63.92      53.93  0.9847     0.9849  0.0153     0.0151     0.1320         0.1625
    232   3.19    53.06      62.91      53.42  0.9848     0.9845  0.0152     0.0155     0.1293         0.1551
    233   3.19    54.44      65.27      52.71  0.9847     0.9846  0.0153     0.0154     0.1255         0.1550
    234   3.18    54.50      63.73      53.47  0.9836     0.9841  0.0164     0.0159     0.1436         0.1639
    235   3.18    53.24      64.16      52.57  0.9851     0.9855  0.0149     0.0145     0.1324         0.1536
    236   3.18    52.79      63.33      54.01  0.9838     0.9844  0.0162     0.0156     0.1318         0.1593
    237   3.20    53.89      63.05      53.20  0.9857     0.9853  0.0143     0.0147     0.1269         0.1567
    238   3.18    55.32      65.48      52.74  0.9840     0.9843  0.0160     0.0157     0.1333         0.1594
    239   3.20    55.18      63.68      53.25  0.9860     0.9857  0.0140     0.0143     0.1405         0.1655
    240   3.19    53.61      62.74      53.28  0.9850     0.9849  0.0150     0.0151     0.1274         0.1565
    241   3.19    52.42      62.71      53.75  0.9852     0.9856  0.0148     0.0144     0.1326         0.1567
    242   3.20    54.64      65.58      52.90  0.9850     0.9850  0.0150     0.0150     0.1263         0.1533
    243   3.20    53.91      62.34      53.51  0.9863     0.9866  0.0137     0.0134     0.1368         0.1638
    244   3.18    52.19      61.60      53.80  0.9836     0.9844  0.0164     0.0156     0.1282         0.1523
    245   3.19    53.29      62.56      53.73  0.9839     0.9844  0.0161     0.0156     0.1349         0.1598
    246   3.19    54.83      64.58      52.34  0.9849     0.9846  0.0151     0.0154     0.1261         0.1502
    247   3.19    52.63      63.15      52.80  0.9853     0.9855  0.0147     0.0145     0.1262         0.1528
    248   3.20    54.71      64.50      52.87  0.9848     0.9853  0.0152     0.0147     0.1288         0.1544
    249   3.18    52.30      63.20      53.50  0.9840     0.9839  0.0160     0.0161     0.1319         0.1558
    250   3.18    53.77      63.99      53.32  0.9846     0.9846  0.0154     0.0154     0.1286         0.1604
    251   3.19    55.12      64.40      52.55  0.9850     0.9851  0.0150     0.0149     0.1290         0.1524
    252   3.19    53.73      63.78      53.04  0.9841     0.9840  0.0159     0.0160     0.1258         0.1521
    253   3.19    53.46      62.85      52.77  0.9840     0.9847  0.0160     0.0153     0.1303         0.1607
    254   3.19    52.18      62.48      53.59  0.9843     0.9845  0.0157     0.0155     0.1335         0.1632
    255   3.18    52.40      62.48      53.44  0.9838     0.9847  0.0162     0.0153     0.1328         0.1563
    256   3.20    53.58      63.62      53.01  0.9852     0.9863  0.0148     0.0137     0.1280         0.1516
    257   3.19    52.28      61.30      53.37  0.9847     0.9851  0.0153     0.0149     0.1330         0.1574
    258   3.19    53.90      63.26      53.19  0.9849     0.9853  0.0151     0.0147     0.1297         0.1555
    259   3.19    52.21      61.67      53.09  0.9845     0.9840  0.0155     0.0160     0.1322         0.1560
    260   3.19    54.18      64.13      52.50  0.9837     0.9840  0.0163     0.0160     0.1307         0.1589
    261   3.19    52.37      62.23      53.50  0.9843     0.9850  0.0157     0.0150     0.1309         0.1526
    262   3.19    52.46      63.30      52.75  0.9848     0.9855  0.0152     0.0145     0.1256         0.1568
    263   3.19    51.99      63.11      53.54  0.9853     0.9855  0.0147     0.0145     0.1270         0.1474
    264   3.19    52.10      62.96      52.97  0.9849     0.9853  0.0151     0.0147     0.1292         0.1537
    265   3.18    52.39      64.14      52.61  0.9840     0.9844  0.0160     0.0156     0.1282         0.1540
    266   3.20    52.80      61.85      53.56  0.9861     0.9870  0.0139     0.0130     0.1257         0.1635
    267   3.19    52.33      61.80      53.61  0.9841     0.9837  0.0159     0.0163     0.1329         0.1607
    268   3.19    53.16      63.35      52.78  0.9843     0.9849  0.0157     0.0151     0.1247         0.1565
    269   3.19    52.70      63.39      52.89  0.9844     0.9844  0.0156     0.0156     0.1270         0.1560
    270   3.20    53.02      63.33      52.73  0.9857     0.9862  0.0143     0.0138     0.1246         0.1519
    271   3.18    52.98      64.09      52.55  0.9827     0.9833  0.0173     0.0167     0.1229         0.1541
    272   3.19    52.71      62.48      52.54  0.9842     0.9841  0.0158     0.0159     0.1291         0.1574
    273   3.19    52.45      62.49      52.91  0.9845     0.9842  0.0155     0.0158     0.1291         0.1499
    274   3.20    51.39      62.54      53.43  0.9852     0.9853  0.0148     0.0147     0.1331         0.1588
    275   3.19    52.19      62.51      53.01  0.9845     0.9852  0.0155     0.0148     0.1208         0.1465
    276   3.19    52.65      62.17      52.58  0.9856     0.9849  0.0144     0.0151     0.1259         0.1526
    277   3.18    52.19      61.89      53.06  0.9847     0.9847  0.0153     0.0153     0.1251         0.1463
    278   3.18    52.66      62.13      52.44  0.9841     0.9844  0.0159     0.0156     0.1261         0.1482
    279   3.19    51.82      60.93      53.41  0.9841     0.9844  0.0159     0.0156     0.1284         0.1539
    280   3.19    53.30      63.05      52.42  0.9847     0.9852  0.0153     0.0148     0.1250         0.1528
    281   3.19    52.17      62.62      52.94  0.9851     0.9853  0.0149     0.0147     0.1309         0.1572
    282   3.19    52.59      63.61      52.05  0.9848     0.9848  0.0152     0.0152     0.1240         0.1472
    283   3.18    52.41      62.58      52.53  0.9839     0.9847  0.0161     0.0153     0.1285         0.1559
    284   3.19    52.83      63.54      51.98  0.9849     0.9849  0.0151     0.0151     0.1276         0.1543
    285   3.18    51.15      62.16      53.02  0.9843     0.9845  0.0157     0.0155     0.1275         0.1553
    286   3.19    52.49      62.73      52.67  0.9841     0.9849  0.0159     0.0151     0.1208         0.1404
    287   3.18    52.00      62.59      52.99  0.9835     0.9839  0.0165     0.0161     0.1242         0.1486
    288   3.20    52.42      62.46      52.60  0.9857     0.9858  0.0143     0.0142     0.1280         0.1465
    289   3.19    51.78      62.10      53.05  0.9860     0.9866  0.0140     0.0134     0.1278         0.1542
    290   3.20    51.68      62.19      52.95  0.9840     0.9845  0.0160     0.0155     0.1266         0.1521
    291   3.19    53.05      63.47      52.36  0.9847     0.9843  0.0153     0.0157     0.1231         0.1473
    292   3.18    52.07      62.29      52.47  0.9841     0.9839  0.0159     0.0161     0.1218         0.1549
    293   3.20    51.52      60.99      52.93  0.9842     0.9843  0.0158     0.0157     0.1215         0.1526
    294   3.20    51.98      62.10      52.73  0.9847     0.9853  0.0153     0.0147     0.1209         0.1496
    295   3.19    51.91      61.81      52.62  0.9849     0.9850  0.0151     0.0150     0.1282         0.1523
    296   3.19    51.59      62.11      52.82  0.9848     0.9850  0.0152     0.0150     0.1213         0.1440
    297   3.18    51.05      61.96      52.96  0.9847     0.9846  0.0153     0.0154     0.1282         0.1478
    298   3.19    51.57      61.92      53.06  0.9848     0.9842  0.0152     0.0158     0.1220         0.1433
    299   3.19    52.05      63.13      52.52  0.9832     0.9841  0.0168     0.0159     0.1267         0.1471
    300   3.18    50.87      61.73      52.57  0.9845     0.9848  0.0155     0.0152     0.1180         0.1477
The log/output/model have been saved to: ./logs/train.py-multi_zetas300_True_True_True_0.0001_0.0001_0.0001-yaw-04-23-16:05 + .csv/.out/.cpt
