  epoch    IZY    IXZ_1    IZ_1Z_2    IZ_2Z_3     acc    avg_acc     err    avg_err    adv_acc    avg_adv_acc
-------  -----  -------  ---------  ---------  ------  ---------  ------  ---------  ---------  -------------
      1  -0.07   111.78      84.11      31.87  0.2396     0.3377  0.7604     0.6623     0.1646         0.1848
      2   0.81    60.76      77.74      29.72  0.4091     0.5522  0.5909     0.4478     0.1820         0.2011
      3   0.43    50.93      73.88      62.84  0.3871     0.5333  0.6129     0.4667     0.2226         0.2498
      4   1.35    39.72      60.77      26.10  0.5324     0.6564  0.4676     0.3436     0.1835         0.1868
      5   1.62    42.10      58.18      22.24  0.5978     0.7028  0.4022     0.2972     0.1660         0.1665
      6   1.80    37.25      54.62      20.36  0.6419     0.7426  0.3581     0.2574     0.1443         0.1443
      7   2.16    42.52      68.88      25.14  0.7443     0.8157  0.2557     0.1843     0.0920         0.0921
      8   1.96    30.19      46.77      17.52  0.6918     0.7860  0.3082     0.2140     0.1508         0.1477
      9   1.92    27.41      42.20      15.39  0.6803     0.7854  0.3197     0.2146     0.1633         0.1635
     10   2.00    27.13      41.11      13.82  0.6969     0.8060  0.3031     0.1940     0.1627         0.1589
     11   2.01    26.92      39.46      14.71  0.7025     0.8157  0.2975     0.1843     0.1667         0.1652
     12   2.11    24.68      37.01      13.04  0.7334     0.8285  0.2666     0.1715     0.1581         0.1543
     13   2.22    25.37      36.09      12.03  0.7525     0.8510  0.2475     0.1490     0.1427         0.1408
     14   2.34    24.07      35.13      11.68  0.7918     0.8785  0.2082     0.1215     0.1312         0.1265
     15   2.35    24.09      34.04      11.31  0.7900     0.8774  0.2100     0.1226     0.1210         0.1151
     16   2.31    23.22      31.80      11.26  0.7808     0.8768  0.2192     0.1232     0.1385         0.1332
     17   2.35    22.07      30.12      10.79  0.7886     0.8832  0.2114     0.1168     0.1426         0.1388
     18   2.50    23.36      30.14      10.60  0.8282     0.9046  0.1718     0.0954     0.1063         0.1021
     19   2.41    21.52      27.72       9.69  0.8066     0.8994  0.1934     0.1006     0.1418         0.1372
     20   2.31    22.07      29.56      10.75  0.7840     0.8935  0.2160     0.1065     0.1480         0.1453
     21   2.58    21.83      26.85       9.71  0.8485     0.9264  0.1515     0.0736     0.0968         0.0939
     22   2.53    19.96      25.32       9.25  0.8369     0.9138  0.1631     0.0862     0.1189         0.1144
     23   2.76    22.47      30.12      11.30  0.8990     0.9436  0.1010     0.0564     0.0744         0.0725
     24   2.67    20.03      24.13       9.44  0.8733     0.9391  0.1267     0.0609     0.1005         0.0974
     25   2.72    20.49      26.05       9.17  0.8875     0.9429  0.1125     0.0571     0.0956         0.0928
     26   2.62    18.77      22.94       8.95  0.8592     0.9360  0.1408     0.0640     0.1161         0.1143
     27   2.64    18.26      22.12       8.89  0.8661     0.9341  0.1339     0.0659     0.1105         0.1098
     28   2.67    18.29      21.36       8.29  0.8746     0.9482  0.1254     0.0518     0.1110         0.1104
     29   2.75    19.98      23.07       8.51  0.8954     0.9522  0.1046     0.0478     0.0944         0.0930
     30   2.65    16.93      21.01       8.33  0.8700     0.9439  0.1300     0.0561     0.1249         0.1241
     31   2.78    17.84      19.95       8.46  0.8913     0.9522  0.1087     0.0478     0.0824         0.0809
     32   2.81    17.65      20.94       8.57  0.9066     0.9549  0.0934     0.0451     0.0900         0.0873
     33   2.81    16.76      20.56       8.49  0.9063     0.9560  0.0937     0.0440     0.0879         0.0863
     34   2.65    15.01      19.23       7.88  0.8665     0.9417  0.1335     0.0583     0.1315         0.1294
     35   2.77    16.14      17.89       8.01  0.8971     0.9538  0.1029     0.0462     0.1030         0.1027
     36   2.79    15.42      17.80       7.73  0.9014     0.9568  0.0986     0.0432     0.0993         0.0991
     37   2.82    15.22      17.11       8.00  0.9031     0.9595  0.0969     0.0405     0.0927         0.0866
     38   2.77    15.40      17.11       7.85  0.8996     0.9499  0.1004     0.0501     0.1018         0.0959
     39   2.82    15.31      16.80       7.78  0.9070     0.9599  0.0930     0.0401     0.1011         0.1005
     40   2.80    14.63      16.66       7.54  0.9035     0.9569  0.0965     0.0431     0.1124         0.1115
     41   2.85    15.14      15.87       7.82  0.9164     0.9639  0.0836     0.0361     0.1119         0.1141
     42   2.85    14.15      15.74       7.79  0.9144     0.9625  0.0856     0.0375     0.0975         0.0952
     43   2.87    14.00      15.20       7.86  0.9148     0.9627  0.0852     0.0373     0.1011         0.1018
     44   2.80    13.94      15.75       7.35  0.9073     0.9588  0.0927     0.0412     0.1228         0.1219
     45   2.82    13.33      14.96       7.36  0.9049     0.9631  0.0951     0.0369     0.1131         0.1121
     46   2.90    14.36      15.45       7.52  0.9251     0.9704  0.0749     0.0296     0.1063         0.1086
     47   2.89    13.05      15.02       7.45  0.9259     0.9681  0.0741     0.0319     0.1007         0.1011
     48   2.89    13.55      14.62       7.47  0.9214     0.9674  0.0786     0.0326     0.1118         0.1097
     49   2.84    13.33      13.97       7.27  0.9149     0.9630  0.0851     0.0370     0.1239         0.1274
     50   2.82    12.77      14.67       7.30  0.9045     0.9629  0.0955     0.0371     0.1283         0.1339
     51   2.90    12.38      13.60       7.25  0.9268     0.9687  0.0732     0.0313     0.1221         0.1219
     52   2.87    11.92      13.41       7.29  0.9158     0.9667  0.0842     0.0333     0.1261         0.1301
     53   2.92    12.54      13.93       7.40  0.9318     0.9672  0.0682     0.0328     0.1109         0.1131
     54   2.88    11.75      13.14       7.10  0.9182     0.9671  0.0818     0.0329     0.1146         0.1127
     55   2.90    11.46      12.77       7.14  0.9248     0.9675  0.0752     0.0325     0.1182         0.1235
     56   2.91    12.05      12.48       7.11  0.9258     0.9692  0.0742     0.0308     0.1176         0.1213
     57   2.84    11.12      12.41       7.03  0.9104     0.9663  0.0896     0.0337     0.1172         0.1175
     58   2.84    10.84      12.03       6.81  0.9112     0.9657  0.0888     0.0343     0.1256         0.1297
     59   2.92    11.32      11.98       7.11  0.9303     0.9710  0.0697     0.0290     0.1119         0.1135
     60   2.92    11.89      11.98       6.99  0.9302     0.9716  0.0698     0.0284     0.1313         0.1328
     61   2.91    11.28      11.55       7.08  0.9305     0.9702  0.0695     0.0298     0.1352         0.1375
     62   2.90    10.92      11.37       7.07  0.9310     0.9717  0.0690     0.0283     0.1181         0.1222
     63   2.93    11.43      11.60       7.06  0.9326     0.9724  0.0674     0.0276     0.1291         0.1316
     64   2.92    10.83      11.51       6.92  0.9308     0.9723  0.0692     0.0277     0.1238         0.1267
     65   2.90    10.58      10.94       6.78  0.9260     0.9701  0.0740     0.0299     0.1331         0.1386
     66   2.94    11.04      11.46       6.87  0.9337     0.9739  0.0663     0.0261     0.1339         0.1387
     67   2.93    10.87      10.84       6.78  0.9299     0.9733  0.0701     0.0267     0.1366         0.1393
     68   2.91    10.03      10.44       6.74  0.9254     0.9713  0.0746     0.0287     0.1362         0.1394
     69   2.89     9.94      10.30       6.60  0.9251     0.9712  0.0749     0.0288     0.1576         0.1620
     70   2.88    10.60      10.43       6.80  0.9265     0.9670  0.0735     0.0330     0.1562         0.1619
     71   2.90     9.74       9.99       6.60  0.9269     0.9713  0.0731     0.0287     0.1424         0.1482
     72   2.93    10.20      10.29       6.77  0.9343     0.9715  0.0657     0.0285     0.1313         0.1348
     73   2.90     9.84       9.39       6.64  0.9267     0.9730  0.0733     0.0270     0.1449         0.1496
     74   2.94    10.57       9.90       6.74  0.9357     0.9745  0.0643     0.0255     0.1308         0.1331
     75   2.92     9.66       8.63       6.68  0.9344     0.9736  0.0656     0.0264     0.1412         0.1405
     76   2.93    10.03       8.76       6.62  0.9352     0.9729  0.0648     0.0271     0.1366         0.1388
     77   2.91     9.54       8.32       6.43  0.9298     0.9727  0.0702     0.0273     0.1439         0.1488
     78   2.88     9.08       8.08       6.29  0.9245     0.9695  0.0755     0.0305     0.1525         0.1553
     79   2.87     9.88       8.14       6.25  0.9232     0.9677  0.0768     0.0323     0.1498         0.1554
     80   2.91     9.56       7.98       6.45  0.9325     0.9735  0.0675     0.0265     0.1499         0.1534
     81   2.91     9.34       8.35       6.40  0.9254     0.9718  0.0746     0.0282     0.1551         0.1588
     82   2.92     9.49       8.00       6.42  0.9276     0.9736  0.0724     0.0264     0.1434         0.1461
     83   2.92     9.19       8.06       6.35  0.9321     0.9741  0.0679     0.0259     0.1652         0.1680
     84   2.91     9.32       7.72       6.32  0.9346     0.9733  0.0654     0.0267     0.1741         0.1764
     85   2.91     9.05       7.87       6.25  0.9320     0.9729  0.0680     0.0271     0.1757         0.1841
     86   2.93     9.41       8.08       6.34  0.9342     0.9733  0.0658     0.0267     0.1914         0.2026
     87   2.90     8.93       7.70       6.45  0.9305     0.9686  0.0695     0.0314     0.1580         0.1638
     88   2.95     8.56       7.84       6.30  0.9367     0.9747  0.0633     0.0253     0.1627         0.1698
     89   2.90     8.92       8.27       6.31  0.9277     0.9697  0.0723     0.0303     0.1886         0.1915
     90   2.94     8.58       7.74       6.37  0.9360     0.9731  0.0640     0.0269     0.1778         0.1805
     91   2.92     8.49       7.67       6.28  0.9369     0.9744  0.0631     0.0256     0.1869         0.1903
     92   2.93     8.63       7.35       6.10  0.9333     0.9750  0.0667     0.0250     0.2123         0.2206
     93   2.91     8.41       7.47       6.16  0.9318     0.9748  0.0682     0.0252     0.2041         0.2143
     94   2.90     8.19       7.51       6.23  0.9318     0.9717  0.0682     0.0283     0.1926         0.1985
     95   2.95     8.21       7.39       6.25  0.9360     0.9746  0.0640     0.0254     0.2085         0.2192
     96   2.93     8.56       7.43       6.12  0.9364     0.9741  0.0636     0.0259     0.2184         0.2251
     97   2.95     8.43       7.35       6.21  0.9338     0.9751  0.0662     0.0249     0.2197         0.2316
     98   2.92     8.05       7.30       6.15  0.9327     0.9727  0.0673     0.0273     0.2107         0.2225
     99   2.94     8.24       7.27       6.16  0.9357     0.9732  0.0643     0.0268     0.2073         0.2147
    100   2.95     8.01       7.30       6.16  0.9387     0.9740  0.0613     0.0260     0.2201         0.2304
    101   2.91     8.08       7.18       6.14  0.9312     0.9721  0.0688     0.0279     0.2229         0.2370
    102   2.94     8.12       7.09       6.22  0.9313     0.9744  0.0687     0.0256     0.2213         0.2350
    103   2.95     8.15       7.42       6.35  0.9411     0.9742  0.0589     0.0258     0.2195         0.2329
    104   2.88     7.84       7.05       6.04  0.9304     0.9724  0.0696     0.0276     0.2378         0.2517
    105   2.91     8.11       7.11       6.08  0.9336     0.9746  0.0664     0.0254     0.2395         0.2510
    106   2.96     8.46       7.43       6.21  0.9405     0.9759  0.0595     0.0241     0.2356         0.2451
    107   2.96     8.18       7.09       6.19  0.9383     0.9768  0.0617     0.0232     0.2339         0.2437
    108   2.93     7.95       7.01       6.12  0.9356     0.9755  0.0644     0.0245     0.2111         0.2214
    109   2.94     7.85       7.09       6.22  0.9369     0.9751  0.0631     0.0249     0.2292         0.2368
    110   2.94     8.08       6.91       6.18  0.9361     0.9754  0.0639     0.0246     0.2410         0.2514
    111   2.96     7.83       6.96       6.13  0.9406     0.9783  0.0594     0.0217     0.2432         0.2557
    112   2.90     7.73       6.90       6.04  0.9314     0.9737  0.0686     0.0263     0.2396         0.2539
    113   2.93     7.82       6.77       6.11  0.9387     0.9754  0.0613     0.0246     0.2439         0.2592
    114   2.95     7.76       6.93       6.02  0.9370     0.9763  0.0630     0.0237     0.2619         0.2772
    115   2.96     7.78       6.88       6.18  0.9410     0.9766  0.0590     0.0234     0.2603         0.2714
    116   2.90     7.60       6.61       5.98  0.9319     0.9751  0.0681     0.0249     0.2477         0.2583
    117   2.93     7.58       6.69       6.11  0.9342     0.9759  0.0658     0.0241     0.2467         0.2592
    118   2.96     8.11       7.03       6.25  0.9452     0.9768  0.0548     0.0232     0.2464         0.2611
    119   2.92     7.60       6.71       5.96  0.9341     0.9761  0.0659     0.0239     0.2670         0.2830
    120   2.94     7.42       6.81       6.09  0.9384     0.9753  0.0616     0.0247     0.2649         0.2765
    121   2.94     7.58       6.71       6.11  0.9388     0.9754  0.0612     0.0246     0.2556         0.2703
    122   2.94     7.54       6.74       6.09  0.9401     0.9736  0.0599     0.0264     0.2569         0.2723
    123   2.90     7.59       6.88       5.97  0.9330     0.9750  0.0670     0.0250     0.2732         0.2864
    124   2.95     7.69       6.60       6.10  0.9419     0.9765  0.0581     0.0235     0.2888         0.3059
    125   2.93     7.30       6.67       6.02  0.9336     0.9747  0.0664     0.0253     0.2593         0.2733
    126   2.92     7.45       6.70       6.07  0.9362     0.9752  0.0638     0.0248     0.2820         0.2997
    127   2.94     7.51       6.66       6.04  0.9402     0.9746  0.0598     0.0254     0.2820         0.2956
    128   2.93     7.40       6.65       6.07  0.9394     0.9741  0.0606     0.0259     0.2761         0.2866
    129   2.94     7.28       6.68       6.11  0.9379     0.9747  0.0621     0.0253     0.2656         0.2795
    130   2.93     7.22       6.52       6.04  0.9383     0.9766  0.0617     0.0234     0.2793         0.2917
    131   2.93     7.44       6.51       6.00  0.9373     0.9755  0.0627     0.0245     0.2828         0.3028
    132   2.92     7.18       6.70       6.10  0.9379     0.9749  0.0621     0.0251     0.2736         0.2855
    133   2.90     7.25       6.63       5.93  0.9316     0.9746  0.0684     0.0254     0.2979         0.3216
    134   2.93     7.05       6.49       5.98  0.9370     0.9749  0.0630     0.0251     0.2867         0.3058
    135   2.92     7.17       6.51       5.98  0.9351     0.9747  0.0649     0.0253     0.2876         0.3043
    136   2.92     7.06       6.47       5.94  0.9331     0.9747  0.0669     0.0253     0.2645         0.2804
    137   2.95     6.99       6.47       6.12  0.9385     0.9747  0.0615     0.0253     0.2543         0.2676
    138   2.93     7.53       6.45       6.06  0.9376     0.9762  0.0624     0.0238     0.2914         0.3103
    139   2.94     6.90       6.46       5.91  0.9381     0.9762  0.0619     0.0238     0.2921         0.3047
    140   2.92     6.97       6.42       5.96  0.9366     0.9762  0.0634     0.0238     0.2781         0.2954
    141   2.92     6.95       6.36       6.05  0.9355     0.9761  0.0645     0.0239     0.2922         0.3014
    142   2.93     7.14       6.44       6.04  0.9371     0.9742  0.0629     0.0258     0.2940         0.3090
    143   2.95     6.98       6.35       6.03  0.9396     0.9749  0.0604     0.0251     0.2918         0.3058
    144   2.93     6.83       6.41       5.98  0.9363     0.9749  0.0637     0.0251     0.2812         0.3005
    145   2.95     6.97       6.30       5.97  0.9401     0.9756  0.0599     0.0244     0.2777         0.2931
    146   2.94     6.84       6.26       5.92  0.9353     0.9764  0.0647     0.0236     0.2935         0.3093
    147   2.93     7.05       6.39       5.93  0.9375     0.9743  0.0625     0.0257     0.2904         0.3075
    148   2.93     7.00       6.31       6.04  0.9359     0.9760  0.0641     0.0240     0.2905         0.3093
    149   2.94     7.16       6.34       5.99  0.9351     0.9766  0.0649     0.0234     0.3176         0.3364
    150   2.95     6.90       6.28       5.99  0.9416     0.9775  0.0584     0.0225     0.3060         0.3217
    151   2.93     7.01       6.27       5.93  0.9380     0.9767  0.0620     0.0233     0.3092         0.3282
    152   2.94     7.02       6.30       6.05  0.9396     0.9769  0.0604     0.0231     0.2869         0.3033
    153   2.95     7.13       6.31       5.96  0.9393     0.9776  0.0607     0.0224     0.3041         0.3241
    154   2.92     6.63       6.23       5.99  0.9356     0.9727  0.0644     0.0273     0.2901         0.3038
    155   2.93     6.93       6.24       6.00  0.9395     0.9768  0.0605     0.0232     0.3121         0.3292
    156   2.94     6.80       6.24       6.03  0.9409     0.9784  0.0591     0.0216     0.2890         0.3062
    157   2.93     6.78       6.24       5.92  0.9383     0.9751  0.0617     0.0249     0.2931         0.3004
    158   2.97     7.01       6.27       5.98  0.9421     0.9764  0.0579     0.0236     0.2949         0.3110
    159   2.94     6.86       6.33       5.99  0.9394     0.9753  0.0606     0.0247     0.3001         0.3119
    160   2.93     6.90       6.20       5.97  0.9362     0.9762  0.0638     0.0238     0.3047         0.3196
    161   2.93     6.77       6.18       6.00  0.9370     0.9755  0.0630     0.0245     0.2941         0.3092
    162   2.97     6.81       6.24       6.03  0.9396     0.9753  0.0604     0.0247     0.2898         0.3072
    163   2.93     6.80       6.25       5.95  0.9363     0.9751  0.0637     0.0249     0.3049         0.3232
    164   2.94     6.80       6.17       6.06  0.9371     0.9761  0.0629     0.0239     0.3098         0.3264
    165   2.93     6.72       6.19       6.04  0.9380     0.9748  0.0620     0.0252     0.3035         0.3198
    166   2.94     6.83       6.14       5.95  0.9369     0.9777  0.0631     0.0223     0.3054         0.3212
    167   2.94     6.72       6.19       5.92  0.9399     0.9763  0.0601     0.0237     0.3135         0.3301
    168   2.94     6.84       6.17       5.95  0.9412     0.9768  0.0588     0.0232     0.3076         0.3213
    169   2.94     6.69       6.15       6.07  0.9421     0.9747  0.0579     0.0253     0.3106         0.3247
    170   2.95     6.77       6.17       5.95  0.9385     0.9754  0.0615     0.0246     0.2973         0.3172
    171   2.95     6.67       6.20       6.03  0.9419     0.9773  0.0581     0.0227     0.3003         0.3149
    172   2.94     6.72       6.17       5.99  0.9367     0.9759  0.0633     0.0241     0.3097         0.3259
    173   2.94     6.70       6.19       5.99  0.9407     0.9753  0.0593     0.0247     0.3022         0.3178
    174   2.93     6.73       6.13       6.03  0.9406     0.9751  0.0594     0.0249     0.3078         0.3231
    175   2.93     6.78       6.17       5.97  0.9390     0.9763  0.0610     0.0237     0.3108         0.3267
    176   2.93     6.68       6.18       6.04  0.9412     0.9754  0.0588     0.0246     0.3117         0.3314
    177   2.91     6.72       6.08       5.93  0.9345     0.9767  0.0655     0.0233     0.3139         0.3285
    178   2.92     6.67       6.07       5.96  0.9362     0.9759  0.0638     0.0241     0.3182         0.3358
    179   2.93     6.70       6.07       6.05  0.9411     0.9750  0.0589     0.0250     0.3188         0.3360
    180   2.89     6.67       6.01       5.89  0.9357     0.9749  0.0643     0.0251     0.3170         0.3322
    181   2.95     6.68       6.14       5.98  0.9420     0.9770  0.0580     0.0230     0.3132         0.3273
    182   2.94     6.68       6.07       5.95  0.9398     0.9760  0.0602     0.0240     0.3146         0.3314
    183   2.94     6.56       6.05       5.96  0.9404     0.9770  0.0596     0.0230     0.3132         0.3311
    184   2.94     6.64       6.01       6.06  0.9416     0.9755  0.0584     0.0245     0.3074         0.3187
    185   2.94     6.60       6.19       5.96  0.9390     0.9755  0.0610     0.0245     0.3114         0.3293
    186   2.96     6.77       6.05       5.97  0.9443     0.9781  0.0557     0.0219     0.3167         0.3331
    187   2.95     6.57       6.01       5.98  0.9383     0.9777  0.0617     0.0223     0.3118         0.3292
    188   2.94     6.64       6.05       5.99  0.9408     0.9772  0.0592     0.0228     0.3156         0.3287
    189   2.97     6.62       6.12       5.98  0.9452     0.9779  0.0548     0.0221     0.3260         0.3433
    190   2.94     6.62       6.07       5.96  0.9385     0.9773  0.0615     0.0227     0.3188         0.3369
    191   2.95     6.55       6.04       5.91  0.9402     0.9766  0.0598     0.0234     0.3264         0.3390
    192   2.92     6.74       6.06       5.95  0.9383     0.9761  0.0617     0.0239     0.3290         0.3491
    193   2.96     6.56       6.10       6.06  0.9441     0.9765  0.0559     0.0235     0.3266         0.3398
    194   2.94     6.47       6.05       5.97  0.9383     0.9766  0.0617     0.0234     0.3199         0.3379
    195   2.95     6.71       6.01       5.98  0.9426     0.9763  0.0574     0.0237     0.3186         0.3356
    196   2.94     6.53       5.96       5.97  0.9382     0.9760  0.0618     0.0240     0.3134         0.3286
    197   2.93     6.40       5.96       5.93  0.9375     0.9770  0.0625     0.0230     0.3177         0.3334
    198   2.95     6.55       6.02       5.97  0.9434     0.9760  0.0566     0.0240     0.3284         0.3465
    199   2.95     6.57       6.04       5.97  0.9399     0.9782  0.0601     0.0218     0.3197         0.3382
    200   2.95     6.47       6.03       5.98  0.9399     0.9775  0.0601     0.0225     0.3149         0.3289
    201   2.96     6.42       6.01       5.92  0.9423     0.9772  0.0577     0.0228     0.3179         0.3415
    202   2.96     6.59       6.11       6.01  0.9419     0.9787  0.0581     0.0213     0.3289         0.3505
    203   2.94     6.56       5.93       5.93  0.9417     0.9771  0.0583     0.0229     0.3214         0.3345
    204   2.95     6.63       6.04       5.95  0.9399     0.9749  0.0601     0.0251     0.3204         0.3438
    205   2.95     6.55       5.97       5.91  0.9409     0.9762  0.0591     0.0238     0.3253         0.3431
    206   2.97     6.50       6.02       5.96  0.9423     0.9767  0.0577     0.0233     0.3208         0.3403
    207   2.95     6.52       5.94       5.97  0.9412     0.9757  0.0588     0.0243     0.3177         0.3362
    208   2.95     6.46       5.99       5.95  0.9438     0.9768  0.0562     0.0232     0.3169         0.3325
    209   2.94     6.52       6.03       5.99  0.9394     0.9759  0.0606     0.0241     0.3272         0.3450
    210   2.93     6.58       5.98       5.96  0.9412     0.9764  0.0588     0.0236     0.3305         0.3499
    211   2.93     6.57       5.98       5.97  0.9407     0.9747  0.0593     0.0253     0.3324         0.3494
    212   2.94     6.47       6.01       5.93  0.9417     0.9768  0.0583     0.0232     0.3263         0.3458
    213   2.93     6.47       5.97       5.95  0.9409     0.9769  0.0591     0.0231     0.3321         0.3483
    214   2.95     6.41       5.96       5.96  0.9451     0.9765  0.0549     0.0235     0.3295         0.3444
    215   2.93     6.39       5.92       5.96  0.9423     0.9766  0.0577     0.0234     0.3163         0.3372
    216   2.93     6.45       5.92       5.95  0.9388     0.9774  0.0612     0.0226     0.3252         0.3374
    217   2.92     6.42       5.95       5.98  0.9394     0.9763  0.0606     0.0237     0.3213         0.3374
    218   2.93     6.43       5.90       5.98  0.9391     0.9755  0.0609     0.0245     0.3265         0.3428
    219   2.94     6.43       5.99       5.95  0.9367     0.9756  0.0633     0.0244     0.3212         0.3348
    220   2.95     6.46       5.92       5.92  0.9414     0.9778  0.0586     0.0222     0.3312         0.3505
    221   2.93     6.36       5.97       5.94  0.9395     0.9741  0.0605     0.0259     0.3249         0.3419
    222   2.93     6.44       5.95       5.94  0.9387     0.9763  0.0613     0.0237     0.3225         0.3398
    223   2.97     6.53       6.01       5.96  0.9456     0.9792  0.0544     0.0208     0.3357         0.3529
    224   2.93     6.36       5.91       5.93  0.9396     0.9770  0.0604     0.0230     0.3263         0.3459
    225   2.94     6.48       5.91       5.92  0.9397     0.9768  0.0603     0.0232     0.3356         0.3538
    226   2.93     6.49       5.95       5.96  0.9409     0.9749  0.0591     0.0251     0.3383         0.3556
    227   2.95     6.48       5.97       5.94  0.9436     0.9790  0.0564     0.0210     0.3378         0.3565
    228   2.92     6.40       5.93       5.93  0.9373     0.9755  0.0627     0.0245     0.3265         0.3429
    229   2.94     6.43       5.89       5.91  0.9348     0.9773  0.0652     0.0227     0.3207         0.3399
    230   2.95     6.44       5.90       5.90  0.9406     0.9770  0.0594     0.0230     0.3266         0.3469
    231   2.94     6.29       5.89       5.90  0.9398     0.9765  0.0602     0.0235     0.3290         0.3480
    232   2.94     6.34       5.92       5.94  0.9380     0.9756  0.0620     0.0244     0.3291         0.3451
    233   2.93     6.35       5.94       5.89  0.9413     0.9786  0.0587     0.0214     0.3367         0.3590
    234   2.95     6.43       5.93       5.92  0.9438     0.9760  0.0562     0.0240     0.3349         0.3525
    235   2.94     6.39       5.95       5.99  0.9424     0.9781  0.0576     0.0219     0.3318         0.3535
    236   2.92     6.47       5.94       6.02  0.9370     0.9757  0.0630     0.0243     0.3282         0.3442
    237   2.93     6.44       5.89       5.94  0.9390     0.9754  0.0610     0.0246     0.3355         0.3531
    238   2.94     6.43       5.91       5.94  0.9402     0.9765  0.0598     0.0235     0.3381         0.3586
    239   2.95     6.29       5.92       5.97  0.9435     0.9752  0.0565     0.0248     0.3238         0.3404
    240   2.96     6.42       5.89       5.94  0.9435     0.9774  0.0565     0.0226     0.3408         0.3615
    241   2.96     6.34       5.92       5.97  0.9431     0.9786  0.0569     0.0214     0.3330         0.3515
    242   2.97     6.40       5.91       5.95  0.9395     0.9764  0.0605     0.0236     0.3288         0.3526
    243   2.93     6.36       5.87       5.88  0.9388     0.9758  0.0612     0.0242     0.3391         0.3591
    244   2.92     6.40       5.86       5.94  0.9389     0.9769  0.0611     0.0231     0.3275         0.3438
    245   2.97     6.41       5.85       5.95  0.9447     0.9783  0.0553     0.0217     0.3325         0.3550
    246   2.93     6.40       5.89       5.90  0.9389     0.9780  0.0611     0.0220     0.3473         0.3687
    247   2.96     6.42       5.88       5.88  0.9428     0.9775  0.0572     0.0225     0.3477         0.3667
    248   2.95     6.41       5.87       5.88  0.9418     0.9777  0.0582     0.0223     0.3397         0.3584
    249   2.93     6.32       5.89       5.97  0.9418     0.9765  0.0582     0.0235     0.3421         0.3607
    250   2.94     6.37       5.88       5.92  0.9398     0.9771  0.0602     0.0229     0.3300         0.3482
    251   2.92     6.41       5.83       5.92  0.9359     0.9751  0.0641     0.0249     0.3342         0.3510
    252   2.95     6.38       5.88       5.95  0.9408     0.9770  0.0592     0.0230     0.3360         0.3495
    253   2.95     6.38       5.89       5.94  0.9434     0.9774  0.0566     0.0226     0.3278         0.3496
    254   2.94     6.36       5.88       5.89  0.9425     0.9768  0.0575     0.0232     0.3374         0.3509
    255   2.95     6.37       5.86       5.92  0.9413     0.9771  0.0587     0.0229     0.3349         0.3563
    256   2.94     6.38       5.88       5.90  0.9419     0.9770  0.0581     0.0230     0.3410         0.3586
    257   2.94     6.39       5.88       5.89  0.9415     0.9752  0.0585     0.0248     0.3382         0.3556
    258   2.93     6.38       5.87       5.91  0.9430     0.9756  0.0570     0.0244     0.3426         0.3598
    259   2.94     6.25       5.90       5.96  0.9418     0.9758  0.0582     0.0242     0.3305         0.3503
    260   2.95     6.34       5.84       5.91  0.9428     0.9768  0.0572     0.0232     0.3325         0.3491
    261   2.93     6.36       5.86       5.88  0.9405     0.9739  0.0595     0.0261     0.3398         0.3645
    262   2.92     6.34       5.87       5.94  0.9398     0.9751  0.0602     0.0249     0.3332         0.3536
    263   2.93     6.30       5.87       5.91  0.9398     0.9760  0.0602     0.0240     0.3478         0.3669
    264   2.90     6.35       5.87       5.96  0.9394     0.9733  0.0606     0.0267     0.3353         0.3548
    265   2.93     6.26       5.87       5.95  0.9390     0.9749  0.0610     0.0251     0.3313         0.3494
    266   2.93     6.35       5.83       5.90  0.9374     0.9757  0.0626     0.0243     0.3414         0.3567
    267   2.96     6.38       5.84       5.89  0.9394     0.9779  0.0606     0.0221     0.3438         0.3592
    268   2.91     6.37       5.84       5.91  0.9346     0.9767  0.0654     0.0233     0.3294         0.3469
    269   2.94     6.38       5.85       5.88  0.9441     0.9780  0.0559     0.0220     0.3411         0.3543
    270   2.93     6.31       5.84       5.86  0.9411     0.9780  0.0589     0.0220     0.3423         0.3613
    271   2.95     6.34       5.85       5.94  0.9400     0.9769  0.0600     0.0231     0.3394         0.3596
    272   2.93     6.40       5.83       5.93  0.9423     0.9759  0.0577     0.0241     0.3311         0.3531
    273   2.96     6.32       5.87       5.92  0.9411     0.9763  0.0589     0.0237     0.3344         0.3551
    274   2.94     6.27       5.81       5.95  0.9403     0.9748  0.0597     0.0252     0.3312         0.3495
    275   2.93     6.27       5.80       5.94  0.9372     0.9754  0.0628     0.0246     0.3353         0.3536
    276   2.92     6.38       5.82       5.93  0.9384     0.9773  0.0616     0.0227     0.3424         0.3590
    277   2.94     6.40       5.86       5.92  0.9394     0.9765  0.0606     0.0235     0.3467         0.3642
    278   2.96     6.34       5.85       5.95  0.9430     0.9766  0.0570     0.0234     0.3402         0.3564
    279   2.92     6.31       5.84       5.95  0.9382     0.9769  0.0618     0.0231     0.3404         0.3547
    280   2.93     6.29       5.83       5.92  0.9393     0.9762  0.0607     0.0238     0.3343         0.3489
    281   2.95     6.29       5.88       5.92  0.9444     0.9769  0.0556     0.0231     0.3386         0.3616
    282   2.95     6.30       5.79       5.93  0.9417     0.9768  0.0583     0.0232     0.3368         0.3560
    283   2.95     6.34       5.81       5.88  0.9440     0.9773  0.0560     0.0227     0.3442         0.3633
    284   2.93     6.28       5.84       5.91  0.9377     0.9757  0.0623     0.0243     0.3360         0.3546
    285   2.97     6.29       5.80       5.91  0.9425     0.9780  0.0575     0.0220     0.3411         0.3606
    286   2.94     6.36       5.83       5.93  0.9398     0.9770  0.0602     0.0230     0.3371         0.3547
    287   2.93     6.29       5.82       5.92  0.9395     0.9766  0.0605     0.0234     0.3326         0.3523
    288   2.94     6.28       5.80       5.88  0.9407     0.9777  0.0593     0.0223     0.3375         0.3577
    289   2.95     6.24       5.84       5.93  0.9418     0.9768  0.0582     0.0232     0.3301         0.3478
    290   2.93     6.36       5.86       5.96  0.9396     0.9773  0.0604     0.0227     0.3425         0.3624
    291   2.90     6.32       5.85       5.94  0.9360     0.9755  0.0640     0.0245     0.3408         0.3581
    292   2.93     6.30       5.81       5.91  0.9404     0.9771  0.0596     0.0229     0.3412         0.3583
    293   2.93     6.33       5.80       5.91  0.9405     0.9765  0.0595     0.0235     0.3419         0.3643
    294   2.93     6.30       5.84       5.91  0.9367     0.9775  0.0633     0.0225     0.3409         0.3594
    295   2.94     6.29       5.81       5.90  0.9384     0.9769  0.0616     0.0231     0.3460         0.3676
    296   2.94     6.28       5.86       5.92  0.9409     0.9773  0.0591     0.0227     0.3400         0.3596
    297   2.94     6.30       5.84       5.91  0.9431     0.9766  0.0569     0.0234     0.3355         0.3562
    298   2.93     6.28       5.82       5.92  0.9412     0.9785  0.0588     0.0215     0.3388         0.3574
    299   2.95     6.28       5.82       5.92  0.9455     0.9778  0.0545     0.0222     0.3388         0.3596
    300   2.95     6.28       5.82       5.93  0.9411     0.9758  0.0589     0.0242     0.3398         0.3591
The log/output/model have been saved to: ./logs/train.py-multi_zetas300_True_True_True_0.01953125_0.0390625_0.078125-oou-04-23-18:08 + .csv/.out/.cpt
