  epoch    IZY    IXZ_1    IZ_1Z_2     acc    avg_acc     err    avg_err    adv_acc    avg_adv_acc
-------  -----  -------  ---------  ------  ---------  ------  ---------  ---------  -------------
      1   2.38    53.86      37.33  0.8053     0.8859  0.1947     0.1141     0.1313         0.1311
      2   2.73    37.83      31.15  0.8920     0.9411  0.1080     0.0589     0.0908         0.0948
      3   2.94    32.34      34.97  0.9377     0.9511  0.0623     0.0489     0.0592         0.0603
      4   2.98    27.48      35.13  0.9482     0.9591  0.0518     0.0409     0.0462         0.0462
      5   2.91    18.51      23.15  0.9315     0.9622  0.0685     0.0378     0.0785         0.0822
      6   2.99    20.01      25.09  0.9468     0.9652  0.0532     0.0348     0.0641         0.0645
      7   2.86    16.61      22.58  0.9153     0.9634  0.0847     0.0366     0.1123         0.1221
      8   2.97    16.97      20.52  0.9449     0.9653  0.0551     0.0347     0.0952         0.1015
      9   2.93    15.99      19.29  0.9338     0.9690  0.0662     0.0310     0.1317         0.1487
     10   3.00    17.73      20.37  0.9495     0.9664  0.0505     0.0336     0.1224         0.1350
     11   3.03    16.65      20.33  0.9545     0.9751  0.0455     0.0249     0.1407         0.1534
     12   3.07    18.86      23.31  0.9643     0.9765  0.0357     0.0235     0.1459         0.1557
     13   3.06    16.44      17.71  0.9569     0.9768  0.0431     0.0232     0.1881         0.2026
     14   3.07    17.04      19.16  0.9637     0.9761  0.0363     0.0239     0.2220         0.2364
     15   2.89    13.29      15.77  0.9215     0.9719  0.0785     0.0281     0.2542         0.2950
     16   2.98    14.07      14.92  0.9432     0.9756  0.0568     0.0244     0.2980         0.3251
     17   3.02    13.52      14.36  0.9488     0.9796  0.0512     0.0204     0.2818         0.3102
     18   2.91    13.20      15.03  0.9258     0.9728  0.0742     0.0272     0.3453         0.3882
     19   3.03    13.41      14.26  0.9542     0.9795  0.0458     0.0205     0.3400         0.3685
     20   3.05    14.48      15.30  0.9591     0.9796  0.0409     0.0204     0.3033         0.3235
     21   3.06    14.67      15.11  0.9604     0.9773  0.0396     0.0227     0.3901         0.4088
     22   3.01    13.22      13.30  0.9499     0.9806  0.0501     0.0194     0.3868         0.4162
     23   3.03    13.38      13.43  0.9591     0.9797  0.0409     0.0203     0.4231         0.4469
     24   3.06    13.63      13.91  0.9603     0.9804  0.0397     0.0196     0.4584         0.4827
     25   3.02    12.84      13.17  0.9538     0.9780  0.0462     0.0220     0.4399         0.4695
     26   3.00    12.54      12.51  0.9512     0.9757  0.0488     0.0243     0.4432         0.4736
     27   2.97    12.23      11.85  0.9437     0.9738  0.0563     0.0262     0.4492         0.4831
     28   3.06    16.72      18.72  0.9681     0.9744  0.0319     0.0256     0.4343         0.4450
     29   2.99    12.41      12.05  0.9439     0.9791  0.0561     0.0209     0.4862         0.5241
     30   2.96    11.67      11.23  0.9408     0.9772  0.0592     0.0228     0.4871         0.5254
     31   3.00    11.73      11.11  0.9483     0.9785  0.0517     0.0215     0.4964         0.5341
     32   2.95    11.63      11.12  0.9397     0.9764  0.0603     0.0236     0.5362         0.5791
     33   2.99    11.42      11.13  0.9472     0.9794  0.0528     0.0206     0.4783         0.5150
     34   3.05    12.10      12.07  0.9610     0.9804  0.0390     0.0196     0.5485         0.5767
     35   3.02    11.20      10.48  0.9498     0.9800  0.0502     0.0200     0.5132         0.5480
     36   3.05    11.82      11.32  0.9617     0.9810  0.0383     0.0190     0.5228         0.5486
     37   3.07    11.92      11.22  0.9650     0.9815  0.0350     0.0185     0.4852         0.5080
     38   3.02    11.59      10.59  0.9556     0.9795  0.0444     0.0205     0.5250         0.5485
     39   2.93    10.90      10.40  0.9383     0.9763  0.0617     0.0237     0.4783         0.5130
     40   3.02    10.97      10.26  0.9563     0.9820  0.0437     0.0180     0.5625         0.5889
     41   2.99    10.67       9.82  0.9497     0.9774  0.0503     0.0226     0.5666         0.6034
     42   3.00    10.86       9.80  0.9525     0.9794  0.0475     0.0206     0.5751         0.6068
     43   3.03    10.82      10.24  0.9581     0.9783  0.0419     0.0217     0.5037         0.5238
     44   3.05    11.43      10.53  0.9650     0.9815  0.0350     0.0185     0.5432         0.5646
     45   3.03    10.69       9.73  0.9590     0.9822  0.0410     0.0178     0.5137         0.5432
     46   3.01    10.57       9.53  0.9531     0.9801  0.0469     0.0199     0.5483         0.5795
     47   3.05    11.09      10.08  0.9626     0.9808  0.0374     0.0192     0.5140         0.5318
     48   3.01    10.35       9.55  0.9602     0.9785  0.0398     0.0215     0.4817         0.5041
     49   3.01     9.62       9.24  0.9535     0.9817  0.0465     0.0183     0.5527         0.5855
     50   3.04     9.97       9.43  0.9586     0.9832  0.0414     0.0168     0.5059         0.5307
     51   3.04    10.51       9.69  0.9658     0.9827  0.0342     0.0173     0.5103         0.5287
     52   3.04     9.78       9.01  0.9611     0.9818  0.0389     0.0182     0.5056         0.5293
     53   3.02     9.27       9.26  0.9577     0.9810  0.0423     0.0190     0.4848         0.5079
     54   3.06    10.23       9.37  0.9662     0.9830  0.0338     0.0170     0.5042         0.5216
     55   3.02     9.56       8.88  0.9585     0.9819  0.0415     0.0181     0.5126         0.5370
     56   2.99     9.46       8.81  0.9551     0.9799  0.0449     0.0201     0.4640         0.4864
     57   3.05    10.36       9.79  0.9664     0.9797  0.0336     0.0203     0.4206         0.4376
     58   3.02     9.72       9.05  0.9598     0.9809  0.0402     0.0191     0.4395         0.4551
     59   3.05     9.85       8.93  0.9637     0.9826  0.0363     0.0174     0.4605         0.4790
     60   3.01    10.09       8.88  0.9594     0.9796  0.0406     0.0204     0.4345         0.4505
     61   2.97     9.88       8.72  0.9550     0.9770  0.0450     0.0230     0.3910         0.4112
     62   3.03     9.32       8.71  0.9627     0.9834  0.0373     0.0166     0.4227         0.4403
     63   3.03     9.36       8.51  0.9596     0.9815  0.0404     0.0185     0.4069         0.4249
     64   3.03     9.17       8.74  0.9615     0.9801  0.0385     0.0199     0.4007         0.4198
     65   3.03     8.91       8.49  0.9630     0.9816  0.0370     0.0184     0.3962         0.4121
     66   3.05     9.43       8.78  0.9625     0.9815  0.0375     0.0185     0.3675         0.3806
     67   3.04     9.33       8.49  0.9643     0.9820  0.0357     0.0180     0.4172         0.4368
     68   3.04     9.12       8.41  0.9607     0.9838  0.0393     0.0162     0.4159         0.4367
     69   2.97     8.79       8.30  0.9546     0.9788  0.0454     0.0212     0.3940         0.4147
     70   3.04     8.60       8.42  0.9614     0.9826  0.0386     0.0174     0.3811         0.4021
     71   3.00     8.88       8.38  0.9569     0.9808  0.0431     0.0192     0.3962         0.4148
     72   3.01     9.19       8.41  0.9602     0.9823  0.0398     0.0177     0.4058         0.4252
     73   3.04     9.11       8.41  0.9621     0.9827  0.0379     0.0173     0.3916         0.4053
     74   3.03     9.42       8.60  0.9641     0.9803  0.0359     0.0197     0.3878         0.4046
     75   3.03     8.88       8.28  0.9635     0.9819  0.0365     0.0181     0.3957         0.4143
     76   3.01     8.14       8.17  0.9595     0.9818  0.0405     0.0182     0.3724         0.3943
     77   3.04     8.56       8.25  0.9610     0.9832  0.0390     0.0168     0.3877         0.4077
     78   3.04     8.90       8.20  0.9614     0.9824  0.0386     0.0176     0.3727         0.3880
     79   3.03     8.72       8.35  0.9668     0.9831  0.0332     0.0169     0.3953         0.4142
     80   3.02     8.52       8.07  0.9578     0.9825  0.0422     0.0175     0.3922         0.4111
     81   3.06     8.28       8.17  0.9638     0.9841  0.0362     0.0159     0.3569         0.3769
     82   3.02     8.12       8.06  0.9608     0.9821  0.0392     0.0179     0.3996         0.4210
     83   3.04     8.54       8.07  0.9641     0.9835  0.0359     0.0165     0.3575         0.3806
     84   3.03     8.44       8.13  0.9610     0.9815  0.0390     0.0185     0.4127         0.4382
     85   2.99     8.34       8.11  0.9588     0.9795  0.0412     0.0205     0.3800         0.4002
     86   3.04     8.32       8.04  0.9647     0.9823  0.0353     0.0177     0.3763         0.4002
     87   3.04     8.12       8.07  0.9640     0.9832  0.0360     0.0168     0.3683         0.3862
     88   3.04     8.00       8.22  0.9644     0.9834  0.0356     0.0166     0.3607         0.3836
     89   3.05     8.26       8.23  0.9667     0.9826  0.0333     0.0174     0.3418         0.3602
     90   3.03     8.37       7.97  0.9628     0.9827  0.0372     0.0173     0.3695         0.3912
     91   3.05     8.22       7.88  0.9621     0.9830  0.0379     0.0170     0.3816         0.4051
     92   3.05     8.39       8.12  0.9669     0.9843  0.0331     0.0157     0.3618         0.3830
     93   3.05     8.00       7.90  0.9657     0.9837  0.0343     0.0163     0.3664         0.3934
     94   3.02     8.31       7.87  0.9650     0.9836  0.0350     0.0164     0.3576         0.3745
     95   3.01     7.77       7.63  0.9591     0.9826  0.0409     0.0174     0.4232         0.4505
     96   3.03     8.12       7.82  0.9642     0.9839  0.0358     0.0161     0.3781         0.4026
     97   3.06     8.41       8.01  0.9668     0.9837  0.0332     0.0163     0.3331         0.3510
     98   3.04     8.11       7.96  0.9679     0.9830  0.0321     0.0170     0.3505         0.3777
     99   3.07     8.20       8.06  0.9706     0.9844  0.0294     0.0156     0.3471         0.3702
    100   3.04     8.12       7.84  0.9658     0.9830  0.0342     0.0170     0.3506         0.3737
    101   3.05     7.76       7.97  0.9654     0.9830  0.0346     0.0170     0.3795         0.4028
    102   3.03     7.79       7.82  0.9656     0.9836  0.0344     0.0164     0.3762         0.4051
    103   3.01     8.26       7.85  0.9649     0.9826  0.0351     0.0174     0.3675         0.3950
    104   3.04     8.18       8.02  0.9685     0.9831  0.0315     0.0169     0.3691         0.3969
    105   3.04     7.68       7.65  0.9636     0.9833  0.0364     0.0167     0.3745         0.4067
    106   3.04     7.78       7.78  0.9628     0.9835  0.0372     0.0165     0.3749         0.4040
    107   3.05     7.64       7.80  0.9661     0.9830  0.0339     0.0170     0.3750         0.4057
    108   3.03     7.50       7.63  0.9615     0.9836  0.0385     0.0164     0.3931         0.4251
    109   3.06     8.00       8.25  0.9714     0.9836  0.0286     0.0164     0.3414         0.3743
    110   3.06     7.98       8.24  0.9686     0.9836  0.0314     0.0164     0.3263         0.3496
    111   3.02     7.83       7.57  0.9636     0.9830  0.0364     0.0170     0.3371         0.3629
    112   3.05     7.52       7.73  0.9648     0.9842  0.0352     0.0158     0.3488         0.3744
    113   3.04     7.58       7.88  0.9636     0.9831  0.0364     0.0169     0.3492         0.3845
    114   3.05     7.82       7.80  0.9666     0.9839  0.0334     0.0161     0.3338         0.3624
    115   3.03     7.36       7.52  0.9612     0.9838  0.0388     0.0162     0.3733         0.4086
    116   3.06     7.81       7.62  0.9663     0.9840  0.0337     0.0160     0.3539         0.3821
    117   3.04     7.47       7.61  0.9629     0.9835  0.0371     0.0165     0.3488         0.3729
    118   3.04     7.47       7.45  0.9620     0.9829  0.0380     0.0171     0.3440         0.3660
    119   3.04     7.85       7.85  0.9664     0.9832  0.0336     0.0168     0.3405         0.3625
    120   3.09     8.85       8.43  0.9730     0.9844  0.0270     0.0156     0.3002         0.3295
    121   3.06     8.06       8.34  0.9699     0.9836  0.0301     0.0164     0.3041         0.3241
    122   3.06     7.70       7.66  0.9672     0.9839  0.0328     0.0161     0.3225         0.3468
    123   3.05     7.65       7.67  0.9652     0.9833  0.0348     0.0167     0.3406         0.3696
    124   3.06     7.50       7.76  0.9681     0.9842  0.0319     0.0158     0.3278         0.3559
    125   3.04     7.27       7.48  0.9630     0.9847  0.0370     0.0153     0.3292         0.3598
    126   3.05     7.65       7.56  0.9678     0.9850  0.0322     0.0150     0.3217         0.3490
    127   3.06     7.41       7.55  0.9669     0.9856  0.0331     0.0144     0.3202         0.3466
    128   3.04     7.35       7.50  0.9627     0.9835  0.0373     0.0165     0.3296         0.3575
    129   3.06     7.54       7.73  0.9693     0.9843  0.0307     0.0157     0.3064         0.3302
    130   3.05     7.36       7.56  0.9680     0.9843  0.0320     0.0157     0.3379         0.3671
    131   3.06     7.58       7.66  0.9673     0.9843  0.0327     0.0157     0.2909         0.3088
    132   3.06     7.71       7.91  0.9692     0.9838  0.0308     0.0162     0.2678         0.2910
    133   3.03     7.29       7.51  0.9652     0.9822  0.0348     0.0178     0.2931         0.3190
    134   3.05     7.25       7.49  0.9663     0.9844  0.0337     0.0156     0.2917         0.3130
    135   3.06     7.53       7.53  0.9663     0.9848  0.0337     0.0152     0.3096         0.3334
    136   3.05     7.66       7.68  0.9682     0.9846  0.0318     0.0154     0.2775         0.2922
    137   3.05     7.35       7.54  0.9668     0.9848  0.0332     0.0152     0.2959         0.3185
    138   3.04     7.33       7.50  0.9659     0.9841  0.0341     0.0159     0.3000         0.3163
    139   3.05     7.18       7.52  0.9677     0.9846  0.0323     0.0154     0.2964         0.3137
    140   3.06     7.21       7.57  0.9652     0.9843  0.0348     0.0157     0.2918         0.3078
    141   3.05     7.30       7.59  0.9668     0.9837  0.0332     0.0163     0.2860         0.3029
    142   3.06     7.27       7.53  0.9674     0.9838  0.0326     0.0162     0.2824         0.2992
    143   3.03     7.27       7.62  0.9670     0.9823  0.0330     0.0177     0.2937         0.3043
    144   3.05     7.18       7.43  0.9650     0.9831  0.0350     0.0169     0.3347         0.3561
    145   3.06     7.52       7.65  0.9681     0.9847  0.0319     0.0153     0.3045         0.3253
    146   3.06     7.30       7.50  0.9669     0.9840  0.0331     0.0160     0.2811         0.2998
    147   3.06     7.45       7.52  0.9667     0.9848  0.0333     0.0152     0.2782         0.2917
    148   3.06     7.24       7.57  0.9684     0.9834  0.0316     0.0166     0.2851         0.2989
    149   3.06     7.26       7.49  0.9677     0.9851  0.0323     0.0149     0.2824         0.2909
    150   3.05     7.10       7.59  0.9682     0.9840  0.0318     0.0160     0.2629         0.2709
    151   3.03     7.11       7.57  0.9644     0.9829  0.0356     0.0171     0.2833         0.2984
    152   3.06     7.21       7.53  0.9670     0.9851  0.0330     0.0149     0.2834         0.3066
    153   3.07     7.11       7.59  0.9686     0.9853  0.0314     0.0147     0.2807         0.2912
    154   3.05     6.98       7.44  0.9665     0.9847  0.0335     0.0153     0.2781         0.2926
    155   3.03     7.01       7.43  0.9654     0.9830  0.0346     0.0170     0.2899         0.3094
    156   3.04     7.12       7.42  0.9672     0.9836  0.0328     0.0164     0.2763         0.2957
    157   3.03     7.33       7.50  0.9652     0.9837  0.0348     0.0163     0.2792         0.2925
    158   3.06     7.20       7.47  0.9683     0.9842  0.0317     0.0158     0.2967         0.3123
    159   3.04     7.23       7.59  0.9665     0.9844  0.0335     0.0156     0.2746         0.2853
    160   3.04     6.98       7.41  0.9652     0.9838  0.0348     0.0162     0.2868         0.3032
    161   3.04     7.00       7.55  0.9681     0.9844  0.0319     0.0156     0.2758         0.2839
    162   3.06     7.24       7.60  0.9708     0.9862  0.0292     0.0138     0.2719         0.2842
    163   3.06     7.01       7.54  0.9699     0.9845  0.0301     0.0155     0.2757         0.2912
    164   3.05     7.03       7.67  0.9702     0.9843  0.0298     0.0157     0.2771         0.2893
    165   3.03     6.93       7.43  0.9634     0.9834  0.0366     0.0166     0.2674         0.2794
    166   3.05     7.02       7.41  0.9658     0.9842  0.0342     0.0158     0.2972         0.3135
    167   3.06     7.02       7.46  0.9682     0.9831  0.0318     0.0169     0.2744         0.2922
    168   3.05     6.86       7.35  0.9652     0.9848  0.0348     0.0152     0.3059         0.3249
    169   3.05     7.05       7.51  0.9657     0.9837  0.0343     0.0163     0.2938         0.3042
    170   3.04     6.99       7.50  0.9673     0.9835  0.0327     0.0165     0.2672         0.2850
    171   3.05     7.09       7.55  0.9676     0.9833  0.0324     0.0167     0.2689         0.2883
    172   3.05     7.00       7.49  0.9692     0.9840  0.0308     0.0160     0.2951         0.3099
    173   3.06     7.22       7.59  0.9699     0.9843  0.0301     0.0157     0.2749         0.2873
    174   3.06     6.91       7.45  0.9667     0.9835  0.0333     0.0165     0.2780         0.2859
    175   3.04     6.99       7.42  0.9644     0.9827  0.0356     0.0173     0.2690         0.2852
    176   3.05     6.88       7.50  0.9673     0.9848  0.0327     0.0152     0.2637         0.2731
    177   3.05     7.27       7.48  0.9699     0.9850  0.0301     0.0150     0.2506         0.2640
    178   3.07     7.01       7.37  0.9694     0.9848  0.0306     0.0152     0.2611         0.2733
    179   3.04     6.92       7.37  0.9654     0.9843  0.0346     0.0157     0.2513         0.2591
    180   3.05     6.92       7.45  0.9666     0.9843  0.0334     0.0157     0.2671         0.2814
    181   3.05     6.89       7.44  0.9677     0.9851  0.0323     0.0149     0.2791         0.2938
    182   3.05     7.00       7.51  0.9687     0.9849  0.0313     0.0151     0.2846         0.3029
    183   3.05     6.89       7.35  0.9671     0.9862  0.0329     0.0138     0.2820         0.2908
    184   3.07     6.86       7.48  0.9688     0.9862  0.0312     0.0138     0.2828         0.2959
    185   3.07     7.04       7.41  0.9672     0.9858  0.0328     0.0142     0.2960         0.3112
    186   3.05     6.99       7.50  0.9685     0.9853  0.0315     0.0147     0.2917         0.3066
    187   3.04     6.87       7.32  0.9674     0.9844  0.0326     0.0156     0.2940         0.3077
    188   3.05     6.92       7.35  0.9665     0.9831  0.0335     0.0169     0.2859         0.3004
    189   3.06     6.84       7.37  0.9693     0.9845  0.0307     0.0155     0.2838         0.3016
    190   3.05     6.85       7.41  0.9679     0.9843  0.0321     0.0157     0.2682         0.2825
    191   3.05     6.88       7.51  0.9667     0.9847  0.0333     0.0153     0.2773         0.2930
    192   3.04     6.89       7.35  0.9635     0.9856  0.0365     0.0144     0.2734         0.2851
    193   3.07     6.92       7.48  0.9668     0.9852  0.0332     0.0148     0.2752         0.2856
    194   3.04     6.77       7.26  0.9673     0.9845  0.0327     0.0155     0.2882         0.3019
    195   3.06     6.94       7.52  0.9692     0.9848  0.0308     0.0152     0.2742         0.2831
    196   3.05     6.85       7.40  0.9679     0.9849  0.0321     0.0151     0.2858         0.3003
    197   3.05     6.83       7.43  0.9675     0.9841  0.0325     0.0159     0.2787         0.2916
    198   3.05     6.78       7.29  0.9688     0.9846  0.0312     0.0154     0.2851         0.2968
    199   3.08     6.94       7.34  0.9685     0.9863  0.0315     0.0137     0.2599         0.2737
    200   3.04     6.74       7.35  0.9663     0.9856  0.0337     0.0144     0.2732         0.2825
    201   3.08     6.93       7.43  0.9700     0.9859  0.0300     0.0141     0.2686         0.2793
    202   3.06     6.97       7.36  0.9700     0.9845  0.0300     0.0155     0.2545         0.2664
    203   3.06     6.80       7.37  0.9675     0.9848  0.0325     0.0152     0.2726         0.2806
    204   3.05     6.85       7.44  0.9686     0.9841  0.0314     0.0159     0.2731         0.2807
    205   3.04     6.78       7.41  0.9665     0.9843  0.0335     0.0157     0.2842         0.2890
    206   3.06     6.78       7.37  0.9687     0.9855  0.0313     0.0145     0.2694         0.2839
    207   3.04     6.74       7.31  0.9659     0.9845  0.0341     0.0155     0.2726         0.2851
    208   3.06     6.78       7.33  0.9687     0.9846  0.0313     0.0154     0.2643         0.2778
    209   3.04     6.69       7.42  0.9670     0.9841  0.0330     0.0159     0.2666         0.2739
    210   3.07     6.77       7.39  0.9693     0.9849  0.0307     0.0151     0.2623         0.2749
    211   3.06     6.74       7.37  0.9688     0.9854  0.0312     0.0146     0.2689         0.2765
    212   3.05     6.76       7.35  0.9661     0.9844  0.0339     0.0156     0.2510         0.2654
    213   3.05     6.80       7.41  0.9664     0.9848  0.0336     0.0152     0.2589         0.2644
    214   3.06     6.86       7.41  0.9691     0.9845  0.0309     0.0155     0.2498         0.2564
    215   3.05     6.63       7.41  0.9691     0.9854  0.0309     0.0146     0.2631         0.2799
    216   3.06     6.86       7.42  0.9697     0.9848  0.0303     0.0152     0.2568         0.2727
    217   3.05     6.73       7.40  0.9666     0.9842  0.0334     0.0158     0.2745         0.2820
    218   3.07     6.80       7.48  0.9701     0.9855  0.0299     0.0145     0.2548         0.2666
    219   3.06     6.77       7.32  0.9677     0.9850  0.0323     0.0150     0.2746         0.2848
    220   3.04     6.77       7.38  0.9665     0.9851  0.0335     0.0149     0.2608         0.2706
    221   3.06     6.86       7.38  0.9694     0.9850  0.0306     0.0150     0.2674         0.2756
    222   3.05     6.91       7.39  0.9665     0.9852  0.0335     0.0148     0.2665         0.2792
    223   3.06     6.86       7.49  0.9685     0.9850  0.0315     0.0150     0.2628         0.2713
    224   3.04     6.76       7.38  0.9677     0.9850  0.0323     0.0150     0.2642         0.2776
    225   3.05     6.67       7.30  0.9686     0.9852  0.0314     0.0148     0.2766         0.2904
    226   3.05     6.84       7.36  0.9669     0.9852  0.0331     0.0148     0.2808         0.2946
    227   3.08     6.75       7.36  0.9681     0.9854  0.0319     0.0146     0.2674         0.2765
    228   3.07     6.63       7.26  0.9684     0.9853  0.0316     0.0147     0.2690         0.2714
    229   3.06     6.69       7.38  0.9692     0.9846  0.0308     0.0154     0.2599         0.2676
    230   3.06     6.75       7.34  0.9675     0.9852  0.0325     0.0148     0.2595         0.2710
    231   3.06     6.75       7.31  0.9672     0.9849  0.0328     0.0151     0.2781         0.2847
    232   3.04     6.71       7.36  0.9663     0.9844  0.0337     0.0156     0.2696         0.2745
    233   3.05     6.69       7.36  0.9666     0.9843  0.0334     0.0157     0.2608         0.2684
    234   3.04     6.71       7.27  0.9654     0.9841  0.0346     0.0159     0.2572         0.2711
    235   3.05     6.78       7.39  0.9681     0.9848  0.0319     0.0152     0.2627         0.2698
    236   3.05     6.62       7.29  0.9687     0.9841  0.0313     0.0159     0.2632         0.2761
    237   3.05     6.67       7.32  0.9638     0.9851  0.0362     0.0149     0.2644         0.2751
    238   3.05     6.74       7.39  0.9665     0.9850  0.0335     0.0150     0.2590         0.2680
    239   3.04     6.68       7.36  0.9656     0.9847  0.0344     0.0153     0.2661         0.2723
    240   3.05     6.70       7.28  0.9678     0.9842  0.0322     0.0158     0.2652         0.2781
    241   3.07     6.77       7.37  0.9703     0.9855  0.0297     0.0145     0.2545         0.2658
    242   3.06     6.85       7.37  0.9707     0.9851  0.0293     0.0149     0.2625         0.2690
    243   3.06     6.72       7.35  0.9660     0.9844  0.0340     0.0156     0.2596         0.2648
    244   3.05     6.69       7.35  0.9670     0.9855  0.0330     0.0145     0.2470         0.2591
    245   3.04     6.66       7.35  0.9650     0.9849  0.0350     0.0151     0.2591         0.2652
    246   3.06     6.67       7.46  0.9691     0.9848  0.0309     0.0152     0.2441         0.2542
    247   3.06     6.72       7.37  0.9667     0.9855  0.0333     0.0145     0.2584         0.2664
    248   3.06     6.59       7.35  0.9664     0.9850  0.0336     0.0150     0.2610         0.2707
    249   3.06     6.71       7.35  0.9667     0.9860  0.0333     0.0140     0.2608         0.2699
    250   3.05     6.70       7.37  0.9697     0.9861  0.0303     0.0139     0.2557         0.2584
    251   3.04     6.66       7.34  0.9671     0.9847  0.0329     0.0153     0.2699         0.2846
    252   3.07     6.70       7.29  0.9697     0.9858  0.0303     0.0142     0.2653         0.2751
    253   3.05     6.69       7.42  0.9694     0.9847  0.0306     0.0153     0.2688         0.2766
    254   3.04     6.77       7.40  0.9664     0.9848  0.0336     0.0152     0.2654         0.2706
    255   3.06     6.78       7.38  0.9681     0.9845  0.0319     0.0155     0.2602         0.2694
    256   3.05     6.70       7.41  0.9676     0.9847  0.0324     0.0153     0.2647         0.2747
    257   3.06     6.64       7.36  0.9682     0.9840  0.0318     0.0160     0.2659         0.2746
    258   3.06     6.72       7.37  0.9675     0.9857  0.0325     0.0143     0.2555         0.2627
    259   3.05     6.65       7.37  0.9692     0.9847  0.0308     0.0153     0.2616         0.2662
    260   3.06     6.63       7.33  0.9708     0.9844  0.0292     0.0156     0.2596         0.2706
    261   3.05     6.72       7.32  0.9677     0.9849  0.0323     0.0151     0.2617         0.2670
    262   3.06     6.63       7.39  0.9680     0.9847  0.0320     0.0153     0.2648         0.2763
    263   3.04     6.75       7.43  0.9656     0.9838  0.0344     0.0162     0.2573         0.2665
    264   3.04     6.66       7.35  0.9657     0.9843  0.0343     0.0157     0.2613         0.2714
    265   3.07     6.65       7.38  0.9683     0.9847  0.0317     0.0153     0.2607         0.2630
    266   3.07     6.64       7.35  0.9693     0.9853  0.0307     0.0147     0.2612         0.2703
    267   3.06     6.64       7.35  0.9670     0.9849  0.0330     0.0151     0.2598         0.2705
    268   3.04     6.55       7.35  0.9658     0.9852  0.0342     0.0148     0.2603         0.2659
    269   3.06     6.74       7.35  0.9689     0.9847  0.0311     0.0153     0.2566         0.2670
    270   3.05     6.68       7.36  0.9686     0.9845  0.0314     0.0155     0.2581         0.2675
    271   3.06     6.61       7.36  0.9701     0.9844  0.0299     0.0156     0.2617         0.2665
    272   3.06     6.65       7.32  0.9696     0.9851  0.0304     0.0149     0.2678         0.2704
    273   3.05     6.68       7.34  0.9664     0.9852  0.0336     0.0148     0.2504         0.2612
    274   3.06     6.70       7.39  0.9682     0.9850  0.0318     0.0150     0.2603         0.2703
    275   3.07     6.67       7.41  0.9707     0.9857  0.0293     0.0143     0.2579         0.2676
    276   3.05     6.65       7.35  0.9661     0.9852  0.0339     0.0148     0.2561         0.2626
    277   3.05     6.79       7.34  0.9679     0.9843  0.0321     0.0157     0.2590         0.2661
    278   3.04     6.65       7.26  0.9649     0.9848  0.0351     0.0152     0.2623         0.2703
    279   3.05     6.74       7.36  0.9670     0.9846  0.0330     0.0154     0.2539         0.2593
    280   3.05     6.65       7.32  0.9674     0.9840  0.0326     0.0160     0.2603         0.2699
    281   3.05     6.66       7.34  0.9683     0.9851  0.0317     0.0149     0.2607         0.2704
    282   3.06     6.61       7.35  0.9683     0.9842  0.0317     0.0158     0.2440         0.2567
    283   3.06     6.69       7.28  0.9685     0.9849  0.0315     0.0151     0.2497         0.2581
    284   3.04     6.59       7.34  0.9662     0.9840  0.0338     0.0160     0.2516         0.2624
    285   3.06     6.67       7.41  0.9681     0.9847  0.0319     0.0153     0.2499         0.2524
    286   3.05     6.63       7.33  0.9669     0.9843  0.0331     0.0157     0.2557         0.2621
    287   3.05     6.62       7.31  0.9659     0.9843  0.0341     0.0157     0.2594         0.2659
    288   3.05     6.65       7.32  0.9680     0.9849  0.0320     0.0151     0.2540         0.2622
    289   3.05     6.71       7.40  0.9696     0.9843  0.0304     0.0157     0.2519         0.2599
    290   3.06     6.62       7.34  0.9690     0.9842  0.0310     0.0158     0.2550         0.2669
    291   3.07     6.67       7.37  0.9692     0.9857  0.0308     0.0143     0.2480         0.2598
    292   3.05     6.66       7.36  0.9673     0.9848  0.0327     0.0152     0.2484         0.2587
    293   3.05     6.61       7.36  0.9673     0.9849  0.0327     0.0151     0.2516         0.2601
    294   3.04     6.61       7.28  0.9645     0.9844  0.0355     0.0156     0.2614         0.2680
    295   3.03     6.62       7.31  0.9672     0.9843  0.0328     0.0157     0.2566         0.2667
    296   3.04     6.69       7.33  0.9689     0.9847  0.0311     0.0153     0.2524         0.2560
    297   3.06     6.63       7.32  0.9678     0.9850  0.0322     0.0150     0.2589         0.2656
    298   3.06     6.69       7.34  0.9672     0.9855  0.0328     0.0145     0.2548         0.2622
    299   3.04     6.60       7.30  0.9658     0.9846  0.0342     0.0154     0.2564         0.2620
    300   3.06     6.75       7.37  0.9689     0.9843  0.0311     0.0157     0.2561         0.2669
The log/output/model have been saved to: ./logs/train.py-multi_zetas300_False_True_True_0.01953125_0.0390625_0.078125-alf-04-23-18:54 + .csv/.out/.cpt
