  epoch    IZY    IXZ_1    IZ_1Z_2     acc    avg_acc     err    avg_err    adv_acc    avg_adv_acc
-------  -----  -------  ---------  ------  ---------  ------  ---------  ---------  -------------
      1   3.15  1358.47     694.61  0.9628     0.9626  0.0372     0.0374     0.0186         0.0186
      2   3.18  1323.26     697.44  0.9664     0.9660  0.0336     0.0340     0.0174         0.0174
      3   3.18  1290.81     703.08  0.9659     0.9660  0.0341     0.0340     0.0203         0.0203
      4   3.20  1287.13     711.80  0.9740     0.9741  0.0260     0.0259     0.0159         0.0159
      5   3.21  1283.58     725.88  0.9769     0.9766  0.0231     0.0234     0.0190         0.0189
      6   3.21  1273.84     737.67  0.9765     0.9766  0.0235     0.0234     0.0245         0.0247
      7   3.21  1267.63     728.80  0.9776     0.9775  0.0224     0.0225     0.0357         0.0354
      8   3.23  1271.25     740.36  0.9810     0.9810  0.0190     0.0190     0.0398         0.0397
      9   3.23  1277.86     769.13  0.9817     0.9815  0.0183     0.0185     0.0412         0.0410
     10   3.22  1251.42     737.22  0.9784     0.9784  0.0216     0.0216     0.0439         0.0440
     11   3.20  1247.20     736.94  0.9787     0.9788  0.0213     0.0212     0.0395         0.0396
     12   3.21  1244.95     748.54  0.9790     0.9789  0.0210     0.0211     0.1123         0.1130
     13   3.19  1243.79     749.63  0.9756     0.9755  0.0244     0.0245     0.1375         0.1375
     14   3.17  1233.63     736.38  0.9735     0.9735  0.0265     0.0265     0.0862         0.0857
     15   3.21  1234.62     740.95  0.9805     0.9804  0.0195     0.0196     0.0813         0.0811
     16   3.22  1231.61     739.50  0.9814     0.9814  0.0186     0.0186     0.1891         0.1892
     17   3.23  1227.89     731.86  0.9826     0.9824  0.0174     0.0176     0.0976         0.0979
     18   3.22  1218.66     709.61  0.9816     0.9816  0.0184     0.0184     0.1136         0.1136
     19   3.21  1222.23     720.25  0.9816     0.9815  0.0184     0.0185     0.1164         0.1162
     20   3.21  1233.75     754.65  0.9814     0.9815  0.0186     0.0185     0.1708         0.1710
     21   3.23  1215.99     722.06  0.9849     0.9849  0.0151     0.0151     0.1314         0.1316
     22   3.20  1217.69     719.47  0.9804     0.9804  0.0196     0.0196     0.1234         0.1237
     23   3.20  1227.38     753.43  0.9811     0.9812  0.0189     0.0188     0.1635         0.1637
     24   3.21  1214.44     710.68  0.9829     0.9827  0.0171     0.0173     0.1429         0.1427
     25   3.17  1222.06     736.89  0.9767     0.9767  0.0233     0.0233     0.1809         0.1805
     26   3.19  1216.71     729.80  0.9803     0.9802  0.0197     0.0198     0.1193         0.1199
     27   3.22  1223.07     740.01  0.9844     0.9844  0.0156     0.0156     0.1696         0.1692
     28   3.19  1204.16     696.43  0.9789     0.9789  0.0211     0.0211     0.1507         0.1506
     29   3.20  1215.80     730.39  0.9809     0.9810  0.0191     0.0190     0.2300         0.2306
     30   3.20  1206.30     711.61  0.9814     0.9813  0.0186     0.0187     0.1951         0.1953
     31   3.21  1205.88     711.51  0.9831     0.9831  0.0169     0.0169     0.2671         0.2669
     32   3.22  1200.01     691.28  0.9843     0.9841  0.0157     0.0159     0.1765         0.1761
     33   3.22  1202.55     710.30  0.9847     0.9847  0.0153     0.0153     0.2398         0.2401
     34   3.23  1192.95     690.35  0.9850     0.9851  0.0150     0.0149     0.1551         0.1547
     35   3.22  1202.24     733.26  0.9864     0.9864  0.0136     0.0136     0.1784         0.1784
     36   3.23  1205.21     753.42  0.9865     0.9865  0.0135     0.0135     0.2070         0.2070
     37   3.22  1202.46     757.88  0.9868     0.9868  0.0132     0.0132     0.2169         0.2175
     38   3.22  1195.96     754.56  0.9868     0.9867  0.0132     0.0133     0.2224         0.2226
     39   3.22  1185.65     743.85  0.9867     0.9870  0.0133     0.0130     0.2202         0.2203
     40   3.22  1170.34     723.96  0.9870     0.9870  0.0130     0.0130     0.2218         0.2219
     41   3.21  1148.81     693.69  0.9869     0.9870  0.0131     0.0130     0.2252         0.2250
     42   3.21  1118.59     651.86  0.9871     0.9872  0.0129     0.0128     0.2338         0.2336
     43   3.21  1078.50     602.73  0.9871     0.9871  0.0129     0.0129     0.2496         0.2494
     44   3.21  1024.94     551.87  0.9872     0.9871  0.0128     0.0129     0.2808         0.2805
     45   3.21   957.33     507.20  0.9870     0.9869  0.0130     0.0131     0.3119         0.3129
     46   3.21   871.80     465.91  0.9871     0.9871  0.0129     0.0129     0.3381         0.3387
     47   3.21   769.97     432.31  0.9876     0.9875  0.0124     0.0125     0.3621         0.3634
     48   3.21   651.56     400.38  0.9873     0.9873  0.0127     0.0127     0.3721         0.3723
     49   3.20   652.62     341.31  0.9800     0.9800  0.0200     0.0200     0.2070         0.2062
     50   3.21   647.03     341.09  0.9834     0.9832  0.0166     0.0168     0.2476         0.2470
     51   3.20   614.20     356.01  0.9838     0.9837  0.0162     0.0163     0.3334         0.3327
     52   3.22   600.20     362.14  0.9859     0.9859  0.0141     0.0141     0.3717         0.3723
     53   3.21   591.31     371.21  0.9857     0.9858  0.0143     0.0142     0.3923         0.3938
     54   3.21   584.05     379.64  0.9861     0.9861  0.0139     0.0139     0.3990         0.3997
     55   3.21   576.23     389.05  0.9862     0.9861  0.0138     0.0139     0.4097         0.4112
     56   3.21   568.03     398.29  0.9861     0.9861  0.0139     0.0139     0.4218         0.4225
     57   3.21   560.08     406.86  0.9860     0.9860  0.0140     0.0140     0.4319         0.4314
     58   3.20   552.43     410.70  0.9861     0.9861  0.0139     0.0139     0.4274         0.4283
     59   3.20   544.51     412.05  0.9859     0.9861  0.0141     0.0139     0.4368         0.4366
     60   3.20   534.71     411.39  0.9863     0.9865  0.0137     0.0135     0.4343         0.4357
     61   3.20   524.15     405.86  0.9865     0.9866  0.0135     0.0134     0.4301         0.4312
     62   3.20   509.89     398.20  0.9867     0.9867  0.0133     0.0133     0.4174         0.4175
     63   3.20   490.10     389.91  0.9865     0.9866  0.0135     0.0134     0.4131         0.4133
     64   3.20   464.44     378.32  0.9866     0.9865  0.0134     0.0135     0.4053         0.4067
     65   3.20   427.08     367.33  0.9869     0.9866  0.0131     0.0134     0.4031         0.4056
     66   3.20   378.71     355.07  0.9868     0.9866  0.0132     0.0134     0.4060         0.4089
     67   3.21   329.60     333.03  0.9869     0.9868  0.0131     0.0132     0.3934         0.3989
     68   3.22   428.01     304.64  0.9846     0.9846  0.0154     0.0154     0.2529         0.2561
     69   3.21   429.42     302.15  0.9833     0.9837  0.0167     0.0163     0.2534         0.2542
     70   3.22   404.41     303.33  0.9861     0.9860  0.0139     0.0140     0.3683         0.3695
     71   3.22   389.89     309.93  0.9860     0.9859  0.0140     0.0141     0.4040         0.4067
     72   3.21   380.58     317.00  0.9863     0.9863  0.0137     0.0137     0.4167         0.4194
     73   3.21   373.19     324.03  0.9861     0.9863  0.0139     0.0137     0.4331         0.4371
     74   3.21   366.85     333.10  0.9865     0.9865  0.0135     0.0135     0.4441         0.4495
     75   3.20   361.41     340.42  0.9863     0.9867  0.0137     0.0133     0.4669         0.4706
     76   3.20   356.40     346.86  0.9864     0.9861  0.0136     0.0139     0.4688         0.4730
     77   3.20   352.64     352.95  0.9864     0.9866  0.0136     0.0134     0.4757         0.4814
     78   3.20   350.16     350.10  0.9860     0.9861  0.0140     0.0139     0.4702         0.4774
     79   3.20   345.39     347.98  0.9861     0.9862  0.0139     0.0138     0.4751         0.4827
     80   3.20   340.74     344.90  0.9865     0.9864  0.0135     0.0136     0.4627         0.4691
     81   3.20   335.42     337.63  0.9860     0.9863  0.0140     0.0137     0.4656         0.4707
     82   3.20   329.74     330.06  0.9869     0.9868  0.0131     0.0132     0.4623         0.4658
     83   3.20   322.87     323.24  0.9868     0.9871  0.0132     0.0129     0.4505         0.4572
     84   3.20   312.81     311.27  0.9869     0.9868  0.0131     0.0132     0.4553         0.4624
     85   3.22   423.76     286.14  0.9866     0.9864  0.0134     0.0136     0.3091         0.3111
     86   3.22   420.96     286.34  0.9854     0.9854  0.0146     0.0146     0.3244         0.3262
     87   3.21   413.24     289.94  0.9855     0.9855  0.0145     0.0145     0.3258         0.3270
     88   3.22   398.96     291.17  0.9870     0.9870  0.0130     0.0130     0.3611         0.3629
     89   3.22   390.62     294.29  0.9872     0.9872  0.0128     0.0128     0.3822         0.3850
     90   3.21   383.45     297.78  0.9869     0.9869  0.0131     0.0131     0.4013         0.4046
     91   3.21   377.35     301.90  0.9872     0.9872  0.0128     0.0128     0.4177         0.4203
     92   3.21   371.32     308.18  0.9869     0.9869  0.0131     0.0131     0.4284         0.4313
     93   3.20   365.89     312.00  0.9869     0.9869  0.0131     0.0131     0.4461         0.4494
     94   3.20   359.05     318.15  0.9867     0.9867  0.0133     0.0133     0.4638         0.4684
     95   3.20   352.53     321.88  0.9868     0.9870  0.0132     0.0130     0.4612         0.4635
     96   3.20   346.72     321.28  0.9870     0.9872  0.0130     0.0128     0.4620         0.4660
     97   3.20   339.93     319.86  0.9869     0.9868  0.0131     0.0132     0.4691         0.4730
     98   3.20   334.62     314.91  0.9869     0.9868  0.0131     0.0132     0.4610         0.4640
     99   3.20   327.17     309.28  0.9872     0.9875  0.0128     0.0125     0.4561         0.4609
    100   3.20   316.69     302.27  0.9873     0.9872  0.0127     0.0128     0.4512         0.4576
    101   3.20   306.59     292.35  0.9875     0.9876  0.0125     0.0124     0.4542         0.4592
    102   3.20   292.38     283.66  0.9874     0.9870  0.0126     0.0130     0.4599         0.4659
    103   3.20   278.52     271.50  0.9874     0.9873  0.0126     0.0127     0.4616         0.4703
    104   3.20   264.47     259.46  0.9873     0.9875  0.0127     0.0125     0.4631         0.4771
    105   3.19   251.35     250.01  0.9863     0.9864  0.0137     0.0136     0.4552         0.4688
    106   3.21   333.95     243.15  0.9856     0.9857  0.0144     0.0143     0.3159         0.3183
    107   3.22   320.48     245.07  0.9864     0.9865  0.0136     0.0135     0.3798         0.3863
    108   3.21   311.01     246.59  0.9865     0.9865  0.0135     0.0135     0.4071         0.4135
    109   3.21   305.44     249.08  0.9867     0.9868  0.0133     0.0132     0.4132         0.4192
    110   3.21   299.92     250.19  0.9866     0.9865  0.0134     0.0135     0.4305         0.4379
    111   3.21   294.65     252.43  0.9869     0.9867  0.0131     0.0133     0.4358         0.4450
    112   3.20   289.54     255.38  0.9869     0.9870  0.0131     0.0130     0.4512         0.4604
    113   3.20   285.40     256.76  0.9872     0.9872  0.0128     0.0128     0.4537         0.4636
    114   3.21   281.25     257.67  0.9871     0.9869  0.0129     0.0131     0.4643         0.4764
    115   3.21   276.99     257.97  0.9876     0.9875  0.0124     0.0125     0.4688         0.4807
    116   3.20   276.96     255.33  0.9870     0.9871  0.0130     0.0129     0.4662         0.4798
    117   3.20   271.13     254.00  0.9877     0.9874  0.0123     0.0126     0.4689         0.4815
    118   3.20   266.39     250.91  0.9871     0.9871  0.0129     0.0129     0.4661         0.4789
    119   3.21   267.06     247.18  0.9875     0.9876  0.0125     0.0124     0.4710         0.4836
    120   3.21   260.44     242.87  0.9874     0.9873  0.0126     0.0127     0.4833         0.4960
    121   3.21   252.31     238.00  0.9876     0.9878  0.0124     0.0122     0.4764         0.4913
    122   3.21   245.58     230.81  0.9878     0.9877  0.0122     0.0123     0.4794         0.4936
    123   3.16   273.53     221.04  0.9810     0.9812  0.0190     0.0188     0.3714         0.3798
    124   3.20   299.51     228.78  0.9863     0.9863  0.0137     0.0137     0.3837         0.3888
    125   3.21   296.22     224.96  0.9861     0.9863  0.0139     0.0137     0.4090         0.4157
    126   3.21   293.67     225.51  0.9867     0.9868  0.0133     0.0132     0.4151         0.4216
    127   3.21   290.74     226.32  0.9869     0.9870  0.0131     0.0130     0.4295         0.4339
    128   3.21   287.58     227.05  0.9868     0.9871  0.0132     0.0129     0.4412         0.4508
    129   3.21   284.26     227.94  0.9874     0.9874  0.0126     0.0126     0.4501         0.4594
    130   3.20   280.75     229.84  0.9871     0.9871  0.0129     0.0129     0.4568         0.4667
    131   3.20   277.15     231.53  0.9873     0.9870  0.0127     0.0130     0.4793         0.4897
    132   3.21   273.59     233.11  0.9870     0.9871  0.0130     0.0129     0.4808         0.4937
    133   3.20   269.95     234.07  0.9871     0.9873  0.0129     0.0127     0.4920         0.5051
    134   3.20   266.21     235.30  0.9876     0.9876  0.0124     0.0124     0.5010         0.5154
    135   3.20   262.51     234.78  0.9878     0.9877  0.0122     0.0123     0.4966         0.5115
    136   3.20   258.81     232.66  0.9869     0.9870  0.0131     0.0130     0.5042         0.5206
    137   3.21   254.41     230.81  0.9873     0.9877  0.0127     0.0123     0.4954         0.5103
    138   3.21   251.59     227.24  0.9874     0.9876  0.0126     0.0124     0.5004         0.5134
    139   3.20   245.57     223.73  0.9874     0.9877  0.0126     0.0123     0.4965         0.5138
    140   3.17   270.80     224.79  0.9850     0.9846  0.0150     0.0154     0.4167         0.4289
    141   3.20   276.38     222.28  0.9873     0.9873  0.0127     0.0127     0.4349         0.4431
    142   3.21   273.68     222.62  0.9872     0.9873  0.0128     0.0127     0.4456         0.4563
    143   3.20   271.92     222.89  0.9875     0.9875  0.0125     0.0125     0.4529         0.4630
    144   3.21   270.09     223.90  0.9876     0.9877  0.0124     0.0123     0.4689         0.4820
    145   3.21   267.98     224.72  0.9874     0.9877  0.0126     0.0123     0.4661         0.4778
    146   3.21   265.75     225.46  0.9877     0.9877  0.0123     0.0123     0.4769         0.4943
    147   3.20   263.72     226.62  0.9877     0.9877  0.0123     0.0123     0.4783         0.4908
    148   3.21   261.33     227.07  0.9876     0.9879  0.0124     0.0121     0.4835         0.4981
    149   3.21   259.39     227.12  0.9877     0.9875  0.0123     0.0125     0.4931         0.5070
    150   3.21   256.88     226.46  0.9875     0.9878  0.0125     0.0122     0.4915         0.5088
    151   3.21   253.59     224.87  0.9873     0.9877  0.0127     0.0123     0.4981         0.5134
    152   3.21   251.63     223.00  0.9880     0.9878  0.0120     0.0122     0.4930         0.5083
    153   3.21   247.35     221.83  0.9880     0.9878  0.0120     0.0122     0.4921         0.5050
    154   3.21   243.10     218.29  0.9881     0.9881  0.0119     0.0119     0.4822         0.4988
    155   3.21   236.62     215.20  0.9880     0.9878  0.0120     0.0122     0.4916         0.5116
    156   3.21   231.72     211.07  0.9877     0.9876  0.0123     0.0124     0.4898         0.5125
    157   3.21   224.36     206.72  0.9879     0.9880  0.0121     0.0120     0.4913         0.5155
    158   3.21   216.78     200.74  0.9881     0.9877  0.0119     0.0123     0.4883         0.5160
    159   3.20   210.21     195.01  0.9879     0.9877  0.0121     0.0123     0.4938         0.5232
    160   3.21   206.71     188.30  0.9883     0.9883  0.0117     0.0117     0.4857         0.5204
    161   3.20   212.39     182.15  0.9877     0.9875  0.0123     0.0125     0.4468         0.4726
    162   3.20   215.64     188.73  0.9869     0.9872  0.0131     0.0128     0.4900         0.5178
    163   3.20   211.45     188.14  0.9879     0.9878  0.0121     0.0122     0.4957         0.5278
    164   3.20   210.07     185.15  0.9881     0.9881  0.0119     0.0119     0.4892         0.5216
    165   3.20   208.39     181.02  0.9873     0.9873  0.0127     0.0127     0.4839         0.5172
    166   3.20   203.30     180.82  0.9876     0.9874  0.0124     0.0126     0.4920         0.5236
    167   3.21   197.25     177.81  0.9878     0.9874  0.0122     0.0126     0.4864         0.5262
    168   3.21   194.69     175.30  0.9878     0.9875  0.0122     0.0125     0.4843         0.5325
    169   3.21   194.10     172.45  0.9879     0.9878  0.0121     0.0122     0.4717         0.5105
    170   3.21   189.53     170.55  0.9876     0.9878  0.0124     0.0122     0.4904         0.5354
    171   3.21   184.56     168.14  0.9877     0.9877  0.0123     0.0123     0.4877         0.5351
    172   3.21   188.81     165.63  0.9883     0.9887  0.0117     0.0113     0.4620         0.5005
    173   3.21   195.15     166.37  0.9876     0.9877  0.0124     0.0123     0.4687         0.5094
    174   3.21   191.12     165.06  0.9879     0.9877  0.0121     0.0123     0.4755         0.5234
    175   3.21   187.90     164.27  0.9877     0.9879  0.0123     0.0121     0.4718         0.5243
    176   3.21   182.65     163.44  0.9880     0.9882  0.0120     0.0118     0.4769         0.5323
    177   3.21   179.71     161.47  0.9882     0.9880  0.0118     0.0120     0.4827         0.5383
    178   3.21   178.71     159.56  0.9879     0.9879  0.0121     0.0121     0.4720         0.5305
    179   3.21   173.86     158.54  0.9881     0.9880  0.0119     0.0120     0.4735         0.5355
    180   3.21   172.64     157.40  0.9874     0.9876  0.0126     0.0124     0.4702         0.5310
    181   3.21   176.04     154.21  0.9875     0.9875  0.0125     0.0125     0.4713         0.5250
    182   3.21   172.40     154.11  0.9880     0.9884  0.0120     0.0116     0.4702         0.5236
    183   3.21   170.18     153.89  0.9876     0.9876  0.0124     0.0124     0.4775         0.5404
    184   3.21   170.84     153.27  0.9881     0.9880  0.0119     0.0120     0.4831         0.5439
    185   3.21   165.93     151.38  0.9877     0.9880  0.0123     0.0120     0.4798         0.5431
    186   3.21   162.56     150.20  0.9879     0.9882  0.0121     0.0118     0.4783         0.5433
    187   3.21   163.94     147.52  0.9879     0.9878  0.0121     0.0122     0.4815         0.5424
    188   3.21   161.91     146.80  0.9885     0.9885  0.0115     0.0115     0.4817         0.5407
    189   3.21   156.23     145.96  0.9883     0.9883  0.0117     0.0117     0.4763         0.5461
    190   3.20   157.68     144.11  0.9883     0.9881  0.0117     0.0119     0.4723         0.5338
    191   3.21   156.84     141.94  0.9879     0.9880  0.0121     0.0120     0.4725         0.5332
    192   3.20   154.70     141.11  0.9883     0.9883  0.0117     0.0117     0.4776         0.5463
    193   3.21   154.82     139.45  0.9880     0.9879  0.0120     0.0121     0.4700         0.5326
    194   3.21   148.41     138.43  0.9886     0.9883  0.0114     0.0117     0.4723         0.5445
    195   3.21   146.56     136.84  0.9880     0.9880  0.0120     0.0120     0.4757         0.5464
    196   3.21   148.75     134.85  0.9880     0.9883  0.0120     0.0117     0.4702         0.5347
    197   3.21   150.93     133.22  0.9884     0.9881  0.0116     0.0119     0.4549         0.5177
    198   3.21   139.72     132.93  0.9888     0.9886  0.0112     0.0114     0.4741         0.5470
    199   3.21   139.14     132.66  0.9886     0.9882  0.0114     0.0118     0.4808         0.5552
    200   3.21   138.27     130.06  0.9884     0.9887  0.0116     0.0113     0.4628         0.5336
    201   3.20   136.22     128.88  0.9886     0.9888  0.0114     0.0112     0.4739         0.5521
    202   3.21   136.18     127.76  0.9884     0.9880  0.0116     0.0120     0.4684         0.5427
    203   3.20   136.68     128.47  0.9880     0.9884  0.0120     0.0116     0.4842         0.5539
    204   3.21   136.76     127.05  0.9891     0.9888  0.0109     0.0112     0.4727         0.5456
    205   3.20   135.61     127.21  0.9880     0.9880  0.0120     0.0120     0.4753         0.5515
    206   3.20   140.93     125.74  0.9885     0.9884  0.0115     0.0116     0.4593         0.5257
    207   3.21   131.67     126.01  0.9883     0.9882  0.0117     0.0118     0.4704         0.5494
    208   3.21   138.35     124.61  0.9885     0.9890  0.0115     0.0110     0.4583         0.5225
    209   3.20   132.12     125.73  0.9886     0.9889  0.0114     0.0111     0.4785         0.5574
    210   3.20   136.75     125.05  0.9885     0.9885  0.0115     0.0115     0.4582         0.5337
    211   3.21   131.10     124.99  0.9880     0.9880  0.0120     0.0120     0.4695         0.5462
    212   3.21   129.25     123.63  0.9888     0.9881  0.0112     0.0119     0.4709         0.5469
    213   3.21   129.65     122.80  0.9887     0.9886  0.0113     0.0114     0.4665         0.5446
    214   3.21   125.30     122.71  0.9889     0.9891  0.0111     0.0109     0.4748         0.5554
    215   3.21   125.22     121.83  0.9892     0.9891  0.0108     0.0109     0.4671         0.5539
    216   3.21   124.36     121.44  0.9883     0.9888  0.0117     0.0112     0.4676         0.5504
    217   3.21   125.91     120.77  0.9893     0.9890  0.0107     0.0110     0.4837         0.5597
    218   3.20   129.87     120.30  0.9881     0.9884  0.0119     0.0116     0.4610         0.5407
    219   3.20   123.29     119.57  0.9883     0.9885  0.0117     0.0115     0.4677         0.5522
    220   3.20   120.34     119.91  0.9888     0.9889  0.0112     0.0111     0.4708         0.5642
    221   3.21   121.74     118.59  0.9888     0.9891  0.0112     0.0109     0.4744         0.5578
    222   3.21   120.23     117.76  0.9882     0.9879  0.0118     0.0121     0.4713         0.5616
    223   3.20   122.01     117.23  0.9890     0.9888  0.0110     0.0112     0.4715         0.5481
    224   3.20   118.51     116.58  0.9882     0.9882  0.0118     0.0118     0.4746         0.5592
    225   3.21   120.88     115.35  0.9884     0.9883  0.0116     0.0117     0.4694         0.5504
    226   3.21   119.16     115.10  0.9888     0.9889  0.0112     0.0111     0.4745         0.5493
    227   3.20   115.00     115.14  0.9889     0.9890  0.0111     0.0110     0.4787         0.5624
    228   3.21   122.03     114.26  0.9893     0.9893  0.0107     0.0107     0.4702         0.5477
    229   3.21   114.96     114.50  0.9890     0.9888  0.0110     0.0112     0.4876         0.5721
    230   3.20   114.12     113.99  0.9886     0.9885  0.0114     0.0115     0.4836         0.5713
    231   3.20   115.83     113.87  0.9890     0.9889  0.0110     0.0111     0.4854         0.5661
    232   3.21   112.62     113.32  0.9887     0.9884  0.0113     0.0116     0.4864         0.5748
    233   3.20   114.14     112.85  0.9887     0.9890  0.0113     0.0110     0.4916         0.5762
    234   3.21   111.41     112.24  0.9888     0.9890  0.0112     0.0110     0.4815         0.5611
    235   3.21   116.25     111.81  0.9886     0.9886  0.0114     0.0114     0.4741         0.5576
    236   3.20   113.12     111.58  0.9884     0.9886  0.0116     0.0114     0.4858         0.5687
    237   3.21   110.90     111.68  0.9887     0.9887  0.0113     0.0113     0.4827         0.5637
    238   3.20   109.55     110.93  0.9891     0.9891  0.0109     0.0109     0.4850         0.5700
    239   3.20   108.01     111.50  0.9887     0.9885  0.0113     0.0115     0.4922         0.5849
    240   3.21   113.39     109.94  0.9890     0.9887  0.0110     0.0113     0.4781         0.5590
    241   3.21   108.82     110.29  0.9887     0.9890  0.0113     0.0110     0.4891         0.5774
    242   3.21   111.46     109.57  0.9879     0.9883  0.0121     0.0117     0.4959         0.5737
    243   3.21   112.80     109.27  0.9887     0.9887  0.0113     0.0113     0.4791         0.5558
    244   3.21   109.98     108.85  0.9891     0.9894  0.0109     0.0106     0.4912         0.5740
    245   3.20   105.27     109.10  0.9884     0.9884  0.0116     0.0116     0.4955         0.5883
    246   3.21   115.35     108.13  0.9895     0.9896  0.0105     0.0104     0.4659         0.5403
    247   3.21   105.88     109.05  0.9889     0.9889  0.0111     0.0111     0.4875         0.5779
    248   3.21   104.66     108.83  0.9889     0.9881  0.0111     0.0119     0.4895         0.5798
    249   3.20   104.55     108.50  0.9885     0.9886  0.0115     0.0114     0.4811         0.5737
    250   3.20   107.54     107.64  0.9887     0.9891  0.0113     0.0109     0.4896         0.5733
    251   3.20   104.47     107.63  0.9884     0.9885  0.0116     0.0115     0.4814         0.5771
    252   3.21   107.41     107.27  0.9894     0.9895  0.0106     0.0105     0.4820         0.5611
    253   3.20   105.59     107.27  0.9881     0.9886  0.0119     0.0114     0.4926         0.5855
    254   3.20   103.12     107.43  0.9887     0.9884  0.0113     0.0116     0.5001         0.5893
    255   3.21   104.25     107.09  0.9891     0.9891  0.0109     0.0109     0.4945         0.5848
    256   3.21   108.79     106.35  0.9886     0.9886  0.0114     0.0114     0.4818         0.5563
    257   3.20   103.81     106.80  0.9887     0.9886  0.0113     0.0114     0.5025         0.5932
    258   3.21   102.71     106.81  0.9892     0.9892  0.0108     0.0108     0.5011         0.5896
    259   3.20   107.03     105.97  0.9883     0.9886  0.0117     0.0114     0.4970         0.5885
    260   3.20   103.86     105.94  0.9893     0.9893  0.0107     0.0107     0.4982         0.5970
    261   3.20   111.90     105.63  0.9889     0.9891  0.0111     0.0109     0.4780         0.5541
    262   3.20   102.13     106.18  0.9885     0.9885  0.0115     0.0115     0.4986         0.5910
    263   3.20   100.67     105.83  0.9882     0.9883  0.0118     0.0117     0.4876         0.5877
    264   3.20   100.48     106.00  0.9880     0.9885  0.0120     0.0115     0.5004         0.5950
    265   3.20   100.11     105.66  0.9884     0.9884  0.0116     0.0116     0.4948         0.5920
    266   3.20   100.45     105.52  0.9885     0.9883  0.0115     0.0117     0.4909         0.5878
    267   3.20   103.71     104.62  0.9890     0.9884  0.0110     0.0116     0.4894         0.5749
    268   3.21   103.27     104.38  0.9894     0.9889  0.0106     0.0111     0.4952         0.5889
    269   3.20   100.63     105.16  0.9888     0.9887  0.0112     0.0113     0.5016         0.5944
    270   3.20   101.32     104.52  0.9888     0.9888  0.0112     0.0112     0.5013         0.5944
    271   3.20   100.04     104.39  0.9892     0.9893  0.0108     0.0107     0.4988         0.5977
    272   3.20    98.71     104.30  0.9888     0.9889  0.0112     0.0111     0.5002         0.5948
    273   3.20   101.13     103.77  0.9893     0.9897  0.0107     0.0103     0.5020         0.5958
    274   3.20   100.93     104.16  0.9888     0.9889  0.0112     0.0111     0.5012         0.5942
    275   3.20    99.61     103.41  0.9882     0.9884  0.0118     0.0116     0.5022         0.5992
    276   3.20    98.45     103.43  0.9887     0.9891  0.0113     0.0109     0.5026         0.6042
    277   3.20    98.75     103.73  0.9884     0.9884  0.0116     0.0116     0.5039         0.5985
    278   3.20    98.18     103.34  0.9887     0.9892  0.0113     0.0108     0.5044         0.5979
    279   3.20    98.11     103.17  0.9883     0.9888  0.0117     0.0112     0.5000         0.5973
    280   3.20    98.24     102.84  0.9884     0.9886  0.0116     0.0114     0.5026         0.6006
    281   3.20    98.70     102.37  0.9886     0.9887  0.0114     0.0113     0.5032         0.5932
    282   3.20    97.26     102.53  0.9890     0.9890  0.0110     0.0110     0.5089         0.6006
    283   3.20    97.71     102.31  0.9892     0.9892  0.0108     0.0108     0.5174         0.6112
    284   3.20    97.51     102.14  0.9883     0.9886  0.0117     0.0114     0.5050         0.6029
    285   3.20    96.96     102.28  0.9886     0.9889  0.0114     0.0111     0.5083         0.6066
    286   3.20    95.99     102.08  0.9878     0.9880  0.0122     0.0120     0.5075         0.6040
    287   3.20    98.56     101.30  0.9886     0.9889  0.0114     0.0111     0.5046         0.5956
    288   3.20    95.98     101.55  0.9886     0.9886  0.0114     0.0114     0.5153         0.6098
    289   3.20    95.38     101.62  0.9888     0.9884  0.0112     0.0116     0.5097         0.6086
    290   3.21    97.72     100.69  0.9890     0.9892  0.0110     0.0108     0.5083         0.6004
    291   3.20    95.21     101.41  0.9884     0.9877  0.0116     0.0123     0.5073         0.6038
    292   3.20    96.05     101.09  0.9892     0.9890  0.0108     0.0110     0.5081         0.6048
    293   3.20    99.82     100.43  0.9881     0.9882  0.0119     0.0118     0.5053         0.5980
    294   3.20    94.70     101.21  0.9888     0.9886  0.0112     0.0114     0.5146         0.6128
    295   3.20    94.28     101.03  0.9877     0.9880  0.0123     0.0120     0.5116         0.6104
    296   3.20    97.03     100.59  0.9878     0.9888  0.0122     0.0112     0.5094         0.6060
    297   3.20    96.97     100.52  0.9887     0.9890  0.0113     0.0110     0.5132         0.6081
    298   3.20    94.76     101.04  0.9882     0.9883  0.0118     0.0117     0.5147         0.6162
    299   3.20    94.79     100.48  0.9891     0.9892  0.0109     0.0108     0.5217         0.6141
    300   3.20    96.26     100.77  0.9887     0.9888  0.0113     0.0112     0.5153         0.6096
The log/output/model have been saved to: ./logs/train.py-multi_zetas300_False_True_True_1.953125e-08_3.90625e-08_7.8125e-08-fbf-04-23-12:18 + .csv/.out/.cpt
