  epoch    IZY    IXZ_1     acc    avg_acc     err    avg_err    adv_acc    avg_adv_acc
-------  -----  -------  ------  ---------  ------  ---------  ---------  -------------
      1   3.11   669.30  0.9542     0.9541  0.0458     0.0459     0.0211         0.0211
      2   3.18   668.32  0.9705     0.9704  0.0295     0.0296     0.0149         0.0149
      3   3.18   665.78  0.9681     0.9680  0.0319     0.0320     0.0182         0.0181
      4   3.21   650.83  0.9758     0.9759  0.0242     0.0241     0.0136         0.0136
      5   3.22   670.39  0.9789     0.9789  0.0211     0.0211     0.0140         0.0140
      6   3.18   665.60  0.9713     0.9712  0.0287     0.0288     0.0354         0.0354
      7   3.22   645.74  0.9775     0.9774  0.0225     0.0226     0.0301         0.0299
      8   3.21   651.71  0.9792     0.9789  0.0208     0.0211     0.0346         0.0345
      9   3.23   639.93  0.9818     0.9820  0.0182     0.0180     0.0502         0.0498
     10   3.17   637.29  0.9733     0.9732  0.0267     0.0268     0.0910         0.0908
     11   3.22   634.61  0.9819     0.9819  0.0181     0.0181     0.0821         0.0815
     12   3.22   615.89  0.9805     0.9805  0.0195     0.0195     0.0688         0.0692
     13   3.21   625.98  0.9802     0.9802  0.0198     0.0198     0.0929         0.0929
     14   3.19   612.76  0.9784     0.9782  0.0216     0.0218     0.1231         0.1232
     15   3.22   605.31  0.9834     0.9833  0.0166     0.0167     0.1401         0.1404
     16   3.22   606.94  0.9827     0.9826  0.0173     0.0174     0.1269         0.1271
     17   3.23   601.12  0.9849     0.9851  0.0151     0.0149     0.1522         0.1521
     18   3.13   593.43  0.9733     0.9734  0.0267     0.0266     0.1516         0.1520
     19   3.22   577.00  0.9849     0.9848  0.0151     0.0152     0.1928         0.1926
     20   3.18   571.64  0.9773     0.9774  0.0227     0.0226     0.1669         0.1669
     21   3.20   561.37  0.9790     0.9793  0.0210     0.0207     0.1390         0.1392
     22   3.22   556.79  0.9837     0.9839  0.0163     0.0161     0.1960         0.1956
     23   3.21   556.29  0.9814     0.9817  0.0186     0.0183     0.2178         0.2183
     24   3.23   538.60  0.9853     0.9851  0.0147     0.0149     0.2071         0.2068
     25   3.19   538.07  0.9810     0.9811  0.0190     0.0189     0.2197         0.2197
     26   3.21   531.06  0.9840     0.9840  0.0160     0.0160     0.1787         0.1803
     27   3.21   519.52  0.9814     0.9815  0.0186     0.0185     0.1948         0.1950
     28   3.19   523.88  0.9822     0.9825  0.0178     0.0175     0.2890         0.2893
     29   3.21   525.01  0.9841     0.9841  0.0159     0.0159     0.3174         0.3180
     30   3.16   501.05  0.9760     0.9759  0.0240     0.0241     0.1787         0.1786
     31   3.21   493.97  0.9814     0.9815  0.0186     0.0185     0.2099         0.2099
     32   3.22   488.37  0.9843     0.9844  0.0157     0.0156     0.2112         0.2118
     33   3.21   492.43  0.9845     0.9845  0.0155     0.0155     0.2868         0.2869
     34   3.23   485.79  0.9873     0.9872  0.0127     0.0128     0.3009         0.3009
     35   3.18   484.97  0.9819     0.9820  0.0181     0.0180     0.2422         0.2416
     36   3.22   473.90  0.9853     0.9853  0.0147     0.0147     0.2721         0.2724
     37   3.22   481.36  0.9861     0.9861  0.0139     0.0139     0.3031         0.3036
     38   3.21   488.25  0.9877     0.9878  0.0123     0.0122     0.3519         0.3514
     39   3.21   479.74  0.9878     0.9879  0.0122     0.0121     0.3554         0.3560
     40   3.21   464.81  0.9878     0.9880  0.0122     0.0120     0.3660         0.3665
     41   3.21   441.36  0.9877     0.9879  0.0123     0.0121     0.3684         0.3687
     42   3.21   402.70  0.9883     0.9881  0.0117     0.0119     0.4008         0.4006
     43   3.21   365.45  0.9880     0.9879  0.0120     0.0121     0.4443         0.4458
     44   3.21   330.10  0.9882     0.9882  0.0118     0.0118     0.4525         0.4515
     45   3.21   302.84  0.9882     0.9883  0.0118     0.0117     0.4654         0.4652
     46   3.22   277.21  0.9886     0.9884  0.0114     0.0116     0.4544         0.4536
     47   3.22   252.88  0.9886     0.9886  0.0114     0.0114     0.4532         0.4553
     48   3.22   229.51  0.9886     0.9884  0.0114     0.0116     0.4577         0.4577
     49   3.22   209.19  0.9880     0.9884  0.0120     0.0116     0.4388         0.4378
     50   3.22   190.53  0.9882     0.9884  0.0118     0.0116     0.4236         0.4250
     51   3.22   172.37  0.9879     0.9881  0.0121     0.0119     0.4205         0.4233
     52   3.22   155.85  0.9877     0.9880  0.0123     0.0120     0.3985         0.3985
     53   3.22   142.70  0.9878     0.9878  0.0122     0.0122     0.3882         0.3909
     54   3.22   127.71  0.9880     0.9879  0.0120     0.0121     0.3451         0.3474
     55   3.21   115.26  0.9881     0.9880  0.0119     0.0120     0.3100         0.3118
     56   3.22   153.55  0.9854     0.9851  0.0146     0.0149     0.1092         0.1089
     57   3.18   153.45  0.9827     0.9825  0.0173     0.0175     0.2664         0.2672
     58   3.17   157.00  0.9826     0.9825  0.0174     0.0175     0.2465         0.2479
     59   3.20   157.74  0.9846     0.9847  0.0154     0.0153     0.2357         0.2368
     60   3.20   164.97  0.9858     0.9858  0.0142     0.0142     0.3258         0.3278
     61   3.20   172.10  0.9860     0.9862  0.0140     0.0138     0.3814         0.3842
     62   3.20   177.16  0.9861     0.9860  0.0139     0.0140     0.4244         0.4255
     63   3.20   173.39  0.9860     0.9862  0.0140     0.0138     0.4299         0.4317
     64   3.20   173.40  0.9863     0.9864  0.0137     0.0136     0.4451         0.4486
     65   3.20   170.85  0.9863     0.9863  0.0137     0.0137     0.4502         0.4531
     66   3.20   167.64  0.9864     0.9865  0.0136     0.0135     0.4558         0.4564
     67   3.20   163.82  0.9867     0.9867  0.0133     0.0133     0.4539         0.4540
     68   3.20   159.15  0.9865     0.9867  0.0135     0.0133     0.4412         0.4448
     69   3.20   154.42  0.9868     0.9869  0.0132     0.0131     0.4397         0.4420
     70   3.20   149.32  0.9869     0.9868  0.0131     0.0132     0.4406         0.4419
     71   3.20   143.10  0.9871     0.9869  0.0129     0.0131     0.4268         0.4273
     72   3.20   137.34  0.9870     0.9870  0.0130     0.0130     0.4167         0.4196
     73   3.20   129.86  0.9873     0.9872  0.0127     0.0128     0.4053         0.4065
     74   3.20   123.05  0.9873     0.9872  0.0127     0.0128     0.3830         0.3842
     75   3.20   115.40  0.9871     0.9875  0.0129     0.0125     0.3485         0.3519
     76   3.20   108.82  0.9872     0.9870  0.0128     0.0130     0.3225         0.3251
     77   3.20   102.04  0.9873     0.9871  0.0127     0.0129     0.2847         0.2877
     78   3.20    97.12  0.9871     0.9873  0.0129     0.0127     0.2709         0.2717
     79   3.21   144.92  0.9861     0.9860  0.0139     0.0140     0.1063         0.1065
     80   3.22   132.56  0.9867     0.9865  0.0133     0.0135     0.1597         0.1601
     81   3.21   126.93  0.9873     0.9873  0.0127     0.0127     0.1804         0.1804
     82   3.21   124.29  0.9875     0.9875  0.0125     0.0125     0.2613         0.2621
     83   3.21   124.22  0.9876     0.9877  0.0124     0.0123     0.3181         0.3203
     84   3.20   125.44  0.9876     0.9876  0.0124     0.0124     0.3735         0.3752
     85   3.20   125.80  0.9877     0.9876  0.0123     0.0124     0.3959         0.3976
     86   3.20   125.49  0.9875     0.9876  0.0125     0.0124     0.4095         0.4115
     87   3.20   124.39  0.9877     0.9876  0.0123     0.0124     0.4157         0.4173
     88   3.20   122.54  0.9878     0.9879  0.0122     0.0121     0.4253         0.4272
     89   3.20   120.14  0.9879     0.9878  0.0121     0.0122     0.4103         0.4117
     90   3.20   117.30  0.9881     0.9879  0.0119     0.0121     0.4070         0.4094
     91   3.20   113.99  0.9880     0.9879  0.0120     0.0121     0.3829         0.3843
     92   3.20   110.50  0.9879     0.9881  0.0121     0.0119     0.3766         0.3794
     93   3.20   107.08  0.9880     0.9882  0.0120     0.0118     0.3546         0.3560
     94   3.20   103.84  0.9880     0.9882  0.0120     0.0118     0.3487         0.3484
     95   3.20    99.74  0.9882     0.9882  0.0118     0.0118     0.3159         0.3177
     96   3.20    96.32  0.9878     0.9883  0.0122     0.0117     0.3013         0.3037
     97   3.20    94.90  0.9880     0.9880  0.0120     0.0120     0.2917         0.2939
     98   3.20    89.94  0.9878     0.9881  0.0122     0.0119     0.2676         0.2687
     99   3.20    87.09  0.9881     0.9882  0.0119     0.0118     0.2669         0.2666
    100   3.20    83.31  0.9880     0.9881  0.0120     0.0119     0.2405         0.2422
    101   3.19    80.20  0.9879     0.9880  0.0121     0.0120     0.2391         0.2413
    102   3.20    76.43  0.9885     0.9881  0.0115     0.0119     0.2257         0.2266
    103   3.19   135.29  0.9853     0.9854  0.0147     0.0146     0.0696         0.0697
    104   3.20   117.29  0.9861     0.9862  0.0139     0.0138     0.1507         0.1514
    105   3.19   110.42  0.9861     0.9862  0.0139     0.0138     0.2272         0.2277
    106   3.19   106.13  0.9863     0.9863  0.0137     0.0137     0.2893         0.2903
    107   3.19   103.39  0.9858     0.9866  0.0142     0.0134     0.3297         0.3324
    108   3.19   101.67  0.9864     0.9864  0.0136     0.0136     0.3557         0.3587
    109   3.18   100.15  0.9867     0.9865  0.0133     0.0135     0.3705         0.3724
    110   3.18    98.54  0.9868     0.9863  0.0132     0.0137     0.3730         0.3753
    111   3.18    96.70  0.9861     0.9863  0.0139     0.0137     0.3689         0.3684
    112   3.18    94.83  0.9865     0.9865  0.0135     0.0135     0.3626         0.3636
    113   3.18    92.90  0.9866     0.9864  0.0134     0.0136     0.3570         0.3585
    114   3.18    90.50  0.9864     0.9863  0.0136     0.0137     0.3405         0.3426
    115   3.18    88.08  0.9863     0.9864  0.0137     0.0136     0.3206         0.3216
    116   3.18    85.95  0.9867     0.9865  0.0133     0.0135     0.3168         0.3189
    117   3.18    83.51  0.9863     0.9866  0.0137     0.0134     0.2941         0.2954
    118   3.18    81.20  0.9867     0.9867  0.0133     0.0133     0.2743         0.2752
    119   3.19   121.72  0.9847     0.9846  0.0153     0.0154     0.0842         0.0843
    120   3.20   107.28  0.9867     0.9868  0.0133     0.0132     0.1249         0.1257
    121   3.20   101.59  0.9872     0.9870  0.0128     0.0130     0.1754         0.1766
    122   3.20    98.09  0.9873     0.9873  0.0127     0.0127     0.2299         0.2309
    123   3.19    96.19  0.9874     0.9871  0.0126     0.0129     0.2666         0.2677
    124   3.19    95.36  0.9873     0.9870  0.0127     0.0130     0.3065         0.3082
    125   3.19    94.95  0.9872     0.9872  0.0128     0.0128     0.3339         0.3350
    126   3.19    94.54  0.9874     0.9871  0.0126     0.0129     0.3514         0.3527
    127   3.19    93.73  0.9875     0.9873  0.0125     0.0127     0.3526         0.3541
    128   3.19    92.77  0.9874     0.9872  0.0126     0.0128     0.3525         0.3539
    129   3.19    91.38  0.9873     0.9872  0.0127     0.0128     0.3428         0.3439
    130   3.18    89.83  0.9875     0.9873  0.0125     0.0127     0.3310         0.3322
    131   3.19    88.05  0.9874     0.9874  0.0126     0.0126     0.3274         0.3279
    132   3.19    86.14  0.9875     0.9874  0.0125     0.0126     0.3192         0.3202
    133   3.18    84.04  0.9876     0.9876  0.0124     0.0124     0.3058         0.3079
    134   3.19    81.98  0.9874     0.9875  0.0126     0.0125     0.2915         0.2930
    135   3.19    79.97  0.9876     0.9875  0.0124     0.0125     0.2827         0.2840
    136   3.18    78.64  0.9878     0.9877  0.0122     0.0123     0.2787         0.2798
    137   3.19    76.60  0.9874     0.9875  0.0126     0.0125     0.2657         0.2678
    138   3.18    75.11  0.9876     0.9875  0.0124     0.0125     0.2713         0.2714
    139   3.18    73.44  0.9872     0.9872  0.0128     0.0128     0.2674         0.2690
    140   3.18    71.54  0.9873     0.9875  0.0127     0.0125     0.2665         0.2682
    141   3.18    69.70  0.9877     0.9873  0.0123     0.0127     0.2646         0.2661
    142   3.18    68.49  0.9874     0.9873  0.0126     0.0127     0.2653         0.2663
    143   3.18    66.76  0.9878     0.9875  0.0122     0.0125     0.2871         0.2886
    144   3.18    64.65  0.9876     0.9883  0.0124     0.0117     0.2841         0.2851
    145   3.18    63.69  0.9882     0.9883  0.0118     0.0117     0.3169         0.3170
    146   3.17    67.43  0.9875     0.9870  0.0125     0.0130     0.2734         0.2742
    147   3.17    68.20  0.9872     0.9880  0.0128     0.0120     0.2888         0.2906
    148   3.18    67.08  0.9882     0.9882  0.0118     0.0118     0.3065         0.3084
    149   3.18    65.87  0.9881     0.9877  0.0119     0.0123     0.3223         0.3224
    150   3.18    65.00  0.9877     0.9880  0.0123     0.0120     0.3248         0.3253
    151   3.18    64.26  0.9881     0.9881  0.0119     0.0119     0.3220         0.3218
    152   3.18    63.78  0.9882     0.9883  0.0118     0.0117     0.3345         0.3360
    153   3.18    63.29  0.9880     0.9878  0.0120     0.0122     0.3415         0.3434
    154   3.18    62.59  0.9881     0.9885  0.0119     0.0115     0.3374         0.3385
    155   3.18    62.11  0.9880     0.9882  0.0120     0.0118     0.3483         0.3498
    156   3.18    61.55  0.9878     0.9880  0.0122     0.0120     0.3527         0.3545
    157   3.18    61.07  0.9883     0.9881  0.0117     0.0119     0.3567         0.3571
    158   3.17    60.40  0.9881     0.9878  0.0119     0.0122     0.3664         0.3665
    159   3.18    59.86  0.9874     0.9881  0.0126     0.0119     0.3659         0.3668
    160   3.18    59.12  0.9874     0.9885  0.0126     0.0115     0.3801         0.3811
    161   3.17    58.68  0.9879     0.9884  0.0121     0.0116     0.3849         0.3841
    162   3.17    58.07  0.9882     0.9883  0.0118     0.0117     0.3855         0.3861
    163   3.17    57.50  0.9876     0.9880  0.0124     0.0120     0.3986         0.3999
    164   3.17    57.14  0.9881     0.9882  0.0119     0.0118     0.3953         0.3967
    165   3.17    56.37  0.9881     0.9876  0.0119     0.0124     0.4101         0.4108
    166   3.17    56.04  0.9880     0.9880  0.0120     0.0120     0.4198         0.4210
    167   3.17    55.20  0.9882     0.9879  0.0118     0.0121     0.4106         0.4110
    168   3.17    54.91  0.9874     0.9883  0.0126     0.0117     0.4140         0.4140
    169   3.17    55.27  0.9879     0.9883  0.0121     0.0117     0.4313         0.4314
    170   3.15    59.43  0.9854     0.9856  0.0146     0.0144     0.3263         0.3264
    171   3.18    60.57  0.9886     0.9885  0.0114     0.0115     0.3312         0.3324
    172   3.18    59.28  0.9884     0.9886  0.0116     0.0114     0.3603         0.3620
    173   3.18    58.49  0.9882     0.9885  0.0118     0.0115     0.3675         0.3681
    174   3.17    57.67  0.9881     0.9884  0.0119     0.0116     0.3895         0.3901
    175   3.17    57.02  0.9883     0.9886  0.0117     0.0114     0.3940         0.3955
    176   3.17    56.38  0.9879     0.9881  0.0121     0.0119     0.4133         0.4155
    177   3.17    56.12  0.9878     0.9880  0.0122     0.0120     0.4140         0.4145
    178   3.17    55.72  0.9877     0.9879  0.0123     0.0121     0.4326         0.4349
    179   3.17    55.43  0.9880     0.9883  0.0120     0.0117     0.4327         0.4350
    180   3.17    54.99  0.9883     0.9883  0.0117     0.0117     0.4437         0.4461
    181   3.17    54.86  0.9882     0.9881  0.0118     0.0119     0.4511         0.4540
    182   3.17    54.60  0.9885     0.9881  0.0115     0.0119     0.4469         0.4491
    183   3.17    54.22  0.9881     0.9884  0.0119     0.0116     0.4596         0.4621
    184   3.17    53.91  0.9886     0.9885  0.0114     0.0115     0.4530         0.4542
    185   3.17    54.01  0.9881     0.9882  0.0119     0.0118     0.4724         0.4741
    186   3.17    53.47  0.9879     0.9885  0.0121     0.0115     0.4639         0.4658
    187   3.17    53.36  0.9882     0.9881  0.0118     0.0119     0.4676         0.4700
    188   3.17    53.22  0.9879     0.9879  0.0121     0.0121     0.4631         0.4651
    189   3.17    52.99  0.9877     0.9882  0.0123     0.0118     0.4758         0.4770
    190   3.17    52.52  0.9881     0.9882  0.0119     0.0118     0.4818         0.4840
    191   3.17    51.96  0.9880     0.9884  0.0120     0.0116     0.4829         0.4848
    192   3.16    51.85  0.9884     0.9886  0.0116     0.0114     0.4861         0.4888
    193   3.17    51.59  0.9879     0.9882  0.0121     0.0118     0.4821         0.4857
    194   3.17    51.31  0.9882     0.9884  0.0118     0.0116     0.4989         0.5010
    195   3.17    51.25  0.9880     0.9881  0.0120     0.0119     0.4693         0.4705
    196   3.16    51.25  0.9880     0.9882  0.0120     0.0118     0.5078         0.5096
    197   3.16    50.54  0.9886     0.9881  0.0114     0.0119     0.4969         0.4973
    198   3.17    50.44  0.9885     0.9882  0.0115     0.0118     0.5144         0.5165
    199   3.17    50.13  0.9886     0.9879  0.0114     0.0121     0.5050         0.5067
    200   3.16    50.42  0.9878     0.9880  0.0122     0.0120     0.5055         0.5073
    201   3.16    49.16  0.9880     0.9879  0.0120     0.0121     0.5156         0.5179
    202   3.16    49.14  0.9880     0.9880  0.0120     0.0120     0.5250         0.5276
    203   3.16    48.97  0.9876     0.9878  0.0124     0.0122     0.5202         0.5223
    204   3.16    49.53  0.9879     0.9879  0.0121     0.0121     0.5280         0.5300
    205   3.16    48.58  0.9883     0.9880  0.0117     0.0120     0.5207         0.5234
    206   3.16    48.25  0.9880     0.9879  0.0120     0.0121     0.5354         0.5347
    207   3.15    47.93  0.9878     0.9880  0.0122     0.0120     0.5312         0.5335
    208   3.15    48.00  0.9878     0.9876  0.0122     0.0124     0.5339         0.5358
    209   3.16    47.76  0.9878     0.9877  0.0122     0.0123     0.5235         0.5237
    210   3.15    47.72  0.9876     0.9879  0.0124     0.0121     0.5396         0.5404
    211   3.16    47.29  0.9877     0.9877  0.0123     0.0123     0.5407         0.5409
    212   3.16    48.74  0.9882     0.9880  0.0118     0.0120     0.5342         0.5341
    213   3.16    47.32  0.9881     0.9880  0.0119     0.0120     0.5596         0.5605
    214   3.16    47.14  0.9883     0.9882  0.0117     0.0118     0.5534         0.5550
    215   3.16    46.66  0.9884     0.9884  0.0116     0.0116     0.5543         0.5565
    216   3.16    46.29  0.9883     0.9882  0.0117     0.0118     0.5537         0.5573
    217   3.16    46.31  0.9877     0.9885  0.0123     0.0115     0.5624         0.5634
    218   3.16    46.30  0.9878     0.9880  0.0122     0.0120     0.5675         0.5681
    219   3.16    45.93  0.9885     0.9879  0.0115     0.0121     0.5705         0.5743
    220   3.16    46.57  0.9884     0.9882  0.0116     0.0118     0.5704         0.5721
    221   3.16    46.15  0.9883     0.9883  0.0117     0.0117     0.5531         0.5536
    222   3.16    45.92  0.9878     0.9880  0.0122     0.0120     0.5786         0.5780
    223   3.16    45.80  0.9883     0.9880  0.0117     0.0120     0.5701         0.5726
    224   3.16    45.47  0.9881     0.9882  0.0119     0.0118     0.5741         0.5752
    225   3.16    45.37  0.9875     0.9881  0.0125     0.0119     0.5796         0.5822
    226   3.16    47.59  0.9884     0.9881  0.0116     0.0119     0.5239         0.5254
    227   3.15    44.94  0.9885     0.9882  0.0115     0.0118     0.5791         0.5812
    228   3.15    45.57  0.9878     0.9880  0.0122     0.0120     0.5731         0.5729
    229   3.15    45.07  0.9880     0.9879  0.0120     0.0121     0.5737         0.5760
    230   3.15    45.07  0.9884     0.9880  0.0116     0.0120     0.5681         0.5704
    231   3.15    45.36  0.9878     0.9884  0.0122     0.0116     0.5633         0.5661
    232   3.16    44.85  0.9880     0.9879  0.0120     0.0121     0.5743         0.5733
    233   3.15    44.44  0.9882     0.9881  0.0118     0.0119     0.5811         0.5815
    234   3.15    44.46  0.9875     0.9880  0.0125     0.0120     0.5871         0.5888
    235   3.15    44.40  0.9880     0.9881  0.0120     0.0119     0.6000         0.6013
    236   3.15    44.61  0.9875     0.9882  0.0125     0.0118     0.5848         0.5851
    237   3.16    44.59  0.9879     0.9880  0.0121     0.0120     0.5789         0.5813
    238   3.15    44.54  0.9877     0.9882  0.0123     0.0118     0.5944         0.5972
    239   3.15    44.15  0.9876     0.9886  0.0124     0.0114     0.5893         0.5917
    240   3.16    44.51  0.9880     0.9877  0.0120     0.0123     0.5868         0.5879
    241   3.15    44.23  0.9877     0.9881  0.0123     0.0119     0.5863         0.5868
    242   3.15    44.03  0.9875     0.9883  0.0125     0.0117     0.5880         0.5884
    243   3.15    44.20  0.9883     0.9881  0.0117     0.0119     0.5990         0.5995
    244   3.15    43.85  0.9878     0.9882  0.0122     0.0118     0.5950         0.5961
    245   3.15    46.12  0.9881     0.9881  0.0119     0.0119     0.5583         0.5593
    246   3.15    43.81  0.9883     0.9881  0.0117     0.0119     0.5915         0.5934
    247   3.15    43.86  0.9875     0.9884  0.0125     0.0116     0.6067         0.6092
    248   3.15    43.64  0.9877     0.9880  0.0123     0.0120     0.6044         0.6058
    249   3.15    43.65  0.9878     0.9882  0.0122     0.0118     0.6052         0.6084
    250   3.16    43.57  0.9882     0.9878  0.0118     0.0122     0.5994         0.6016
    251   3.16    43.55  0.9882     0.9880  0.0118     0.0120     0.5977         0.5993
    252   3.15    43.63  0.9882     0.9885  0.0118     0.0115     0.6043         0.6056
    253   3.15    43.72  0.9878     0.9881  0.0122     0.0119     0.5922         0.5935
    254   3.16    43.58  0.9877     0.9883  0.0123     0.0117     0.6037         0.6041
    255   3.15    43.87  0.9884     0.9881  0.0116     0.0119     0.5815         0.5832
    256   3.15    43.40  0.9878     0.9882  0.0122     0.0118     0.6147         0.6152
    257   3.15    43.31  0.9882     0.9883  0.0118     0.0117     0.6170         0.6179
    258   3.15    43.27  0.9882     0.9882  0.0118     0.0118     0.6145         0.6160
    259   3.15    43.26  0.9884     0.9881  0.0116     0.0119     0.6101         0.6114
    260   3.15    43.32  0.9883     0.9884  0.0117     0.0116     0.6107         0.6122
    261   3.15    43.47  0.9881     0.9884  0.0119     0.0116     0.6121         0.6132
    262   3.15    43.34  0.9879     0.9887  0.0121     0.0113     0.6072         0.6088
    263   3.15    42.99  0.9880     0.9882  0.0120     0.0118     0.6148         0.6167
    264   3.14    42.96  0.9877     0.9881  0.0123     0.0119     0.6126         0.6148
    265   3.14    42.97  0.9879     0.9881  0.0121     0.0119     0.6132         0.6148
    266   3.15    42.76  0.9881     0.9882  0.0119     0.0118     0.6287         0.6289
    267   3.15    42.78  0.9880     0.9881  0.0120     0.0119     0.6201         0.6234
    268   3.15    42.51  0.9880     0.9883  0.0120     0.0117     0.6136         0.6148
    269   3.15    42.65  0.9883     0.9881  0.0117     0.0119     0.6206         0.6215
    270   3.15    42.52  0.9884     0.9881  0.0116     0.0119     0.6160         0.6170
    271   3.15    42.43  0.9881     0.9882  0.0119     0.0118     0.6176         0.6205
    272   3.15    42.43  0.9881     0.9881  0.0119     0.0119     0.6240         0.6241
    273   3.15    42.53  0.9879     0.9882  0.0121     0.0118     0.6073         0.6115
    274   3.15    42.41  0.9883     0.9884  0.0117     0.0116     0.6187         0.6210
    275   3.15    42.76  0.9877     0.9884  0.0123     0.0116     0.6159         0.6179
    276   3.15    42.31  0.9884     0.9885  0.0116     0.0115     0.6276         0.6305
    277   3.14    42.21  0.9875     0.9886  0.0125     0.0114     0.6274         0.6295
    278   3.14    42.38  0.9874     0.9883  0.0126     0.0117     0.6274         0.6295
    279   3.15    42.39  0.9877     0.9880  0.0123     0.0120     0.6300         0.6317
    280   3.15    42.25  0.9883     0.9883  0.0117     0.0117     0.6304         0.6332
    281   3.15    42.15  0.9879     0.9882  0.0121     0.0118     0.6224         0.6247
    282   3.15    42.12  0.9883     0.9884  0.0117     0.0116     0.6210         0.6239
    283   3.15    41.99  0.9882     0.9880  0.0118     0.0120     0.6212         0.6225
    284   3.15    42.23  0.9881     0.9881  0.0119     0.0119     0.6159         0.6181
    285   3.15    42.16  0.9874     0.9880  0.0126     0.0120     0.6236         0.6272
    286   3.14    41.94  0.9883     0.9885  0.0117     0.0115     0.6322         0.6347
    287   3.14    41.81  0.9879     0.9885  0.0121     0.0115     0.6246         0.6272
    288   3.14    41.87  0.9883     0.9881  0.0117     0.0119     0.6306         0.6331
    289   3.15    42.03  0.9882     0.9881  0.0118     0.0119     0.6286         0.6313
    290   3.14    41.82  0.9883     0.9880  0.0117     0.0120     0.6313         0.6325
    291   3.14    41.76  0.9880     0.9880  0.0120     0.0120     0.6322         0.6322
    292   3.14    41.75  0.9882     0.9883  0.0118     0.0117     0.6307         0.6334
    293   3.15    41.92  0.9877     0.9884  0.0123     0.0116     0.6190         0.6193
    294   3.14    41.80  0.9881     0.9884  0.0119     0.0116     0.6350         0.6356
    295   3.15    41.72  0.9883     0.9879  0.0117     0.0121     0.6297         0.6302
    296   3.15    41.95  0.9879     0.9879  0.0121     0.0121     0.6222         0.6235
    297   3.15    41.56  0.9881     0.9878  0.0119     0.0122     0.6338         0.6360
    298   3.15    41.77  0.9882     0.9883  0.0118     0.0117     0.6248         0.6265
    299   3.15    41.77  0.9886     0.9883  0.0114     0.0117     0.6342         0.6369
    300   3.15    42.54  0.9881     0.9884  0.0119     0.0116     0.6076         0.6078
The log/output/model have been saved to: ./logs/train.py-multi_zetas300_False_False_True_1.953125e-07_3.90625e-07_7.8125e-07-zfl-04-23-13:01 + .csv/.out/.cpt
