  epoch    IZY    IXZ_1    IZ_1Z_2    IZ_2Z_3     acc    avg_acc     err    avg_err    adv_acc    avg_adv_acc
-------  -----  -------  ---------  ---------  ------  ---------  ------  ---------  ---------  -------------
      1   3.11  1108.01     557.18     299.57  0.9546     0.9544  0.0454     0.0456     0.0239         0.0240
      2   3.14   977.69     451.12     224.24  0.9574     0.9590  0.0426     0.0410     0.0264         0.0267
      3   3.18   896.69     417.05     206.09  0.9684     0.9694  0.0316     0.0306     0.0211         0.0218
      4   3.17   861.30     357.04     181.73  0.9696     0.9703  0.0304     0.0297     0.0249         0.0245
      5   3.20   789.10     317.64     172.76  0.9741     0.9739  0.0259     0.0261     0.0268         0.0282
      6   3.20   742.58     316.05     161.59  0.9750     0.9752  0.0250     0.0248     0.0284         0.0285
      7   3.21   733.68     282.53     149.56  0.9767     0.9775  0.0233     0.0225     0.0367         0.0430
      8   3.22   655.06     262.53     142.16  0.9792     0.9799  0.0208     0.0201     0.0404         0.0454
      9   3.22   699.86     289.22     148.62  0.9785     0.9783  0.0215     0.0217     0.0308         0.0372
     10   3.21   669.80     260.48     140.12  0.9779     0.9776  0.0221     0.0224     0.0505         0.0585
     11   3.13   594.98     237.45     133.74  0.9663     0.9674  0.0337     0.0326     0.0495         0.0575
     12   3.20   614.42     258.17     136.33  0.9773     0.9788  0.0227     0.0212     0.0400         0.0470
     13   3.22   625.61     260.48     136.10  0.9805     0.9808  0.0195     0.0192     0.0302         0.0345
     14   3.20   608.28     247.00     126.96  0.9769     0.9772  0.0231     0.0228     0.0426         0.0538
     15   3.19   589.01     273.21     136.62  0.9761     0.9762  0.0239     0.0238     0.0367         0.0429
     16   3.21   570.45     248.81     119.37  0.9800     0.9804  0.0200     0.0196     0.0477         0.0553
     17   3.19   523.17     222.04     117.86  0.9761     0.9764  0.0239     0.0236     0.0533         0.0647
     18   3.19   514.40     225.86     120.29  0.9771     0.9772  0.0229     0.0228     0.0708         0.0806
     19   3.20   478.34     197.94     113.38  0.9788     0.9791  0.0212     0.0209     0.0706         0.0913
     20   3.21   502.06     221.25     116.79  0.9788     0.9786  0.0212     0.0214     0.0387         0.0453
     21   3.19   496.58     200.83     107.10  0.9774     0.9777  0.0226     0.0223     0.0690         0.0839
     22   3.22   449.74     210.16     109.47  0.9810     0.9817  0.0190     0.0183     0.0562         0.0655
     23   3.20   402.75     199.85     110.91  0.9807     0.9808  0.0193     0.0192     0.0692         0.0823
     24   3.21   418.41     182.94     103.49  0.9830     0.9836  0.0170     0.0164     0.0786         0.1001
     25   3.22   401.85     188.00     103.72  0.9824     0.9824  0.0176     0.0176     0.0805         0.0970
     26   3.21   404.68     172.72      97.92  0.9815     0.9814  0.0185     0.0186     0.0838         0.0998
     27   3.22   381.44     175.98      96.44  0.9835     0.9833  0.0165     0.0167     0.0848         0.1045
     28   3.21   429.38     184.73      96.58  0.9830     0.9830  0.0170     0.0170     0.0693         0.0847
     29   3.20   343.83     167.64      98.25  0.9790     0.9803  0.0210     0.0197     0.0813         0.1016
     30   3.22   335.46     161.11      95.40  0.9823     0.9831  0.0177     0.0169     0.0871         0.1061
     31   3.20   398.82     167.71      90.94  0.9800     0.9815  0.0200     0.0185     0.0841         0.0987
     32   3.22   383.31     176.37      92.11  0.9838     0.9843  0.0162     0.0157     0.0726         0.0826
     33   3.20   332.49     165.05      89.59  0.9829     0.9829  0.0171     0.0171     0.1045         0.1187
     34   3.20   390.32     177.18      90.40  0.9814     0.9819  0.0186     0.0181     0.1039         0.1157
     35   3.21   338.48     167.91      87.94  0.9816     0.9819  0.0184     0.0181     0.1008         0.1155
     36   3.20   387.47     160.90      83.57  0.9819     0.9817  0.0181     0.0183     0.0973         0.1047
     37   3.20   317.77     149.59      92.24  0.9808     0.9807  0.0192     0.0193     0.1383         0.1557
     38   3.21   359.48     157.12      85.00  0.9831     0.9831  0.0169     0.0169     0.1051         0.1175
     39   3.21   321.90     160.14      83.41  0.9824     0.9824  0.0176     0.0176     0.1158         0.1299
     40   3.22   288.95     139.17      81.59  0.9845     0.9845  0.0155     0.0155     0.1431         0.1579
     41   3.17   347.31     163.21      84.43  0.9789     0.9797  0.0211     0.0203     0.1004         0.1090
     42   3.19   304.72     168.85      86.51  0.9810     0.9804  0.0190     0.0196     0.1066         0.1117
     43   3.20   330.51     155.06      78.28  0.9816     0.9816  0.0184     0.0184     0.1252         0.1395
     44   3.22   282.25     144.30      80.01  0.9839     0.9845  0.0161     0.0155     0.1362         0.1472
     45   3.21   314.64     185.99      94.33  0.9817     0.9820  0.0183     0.0180     0.0887         0.0944
     46   3.22   308.29     149.12      79.61  0.9839     0.9840  0.0161     0.0160     0.1275         0.1414
     47   3.20   311.20     150.43      80.51  0.9814     0.9817  0.0186     0.0183     0.1245         0.1331
     48   3.20   384.02     188.51      95.04  0.9820     0.9814  0.0180     0.0186     0.0804         0.0835
     49   3.22   263.34     132.55      75.01  0.9848     0.9848  0.0152     0.0152     0.1569         0.1737
     50   3.21   309.39     150.37      80.39  0.9830     0.9835  0.0170     0.0165     0.1428         0.1548
     51   3.22   272.49     131.00      74.72  0.9847     0.9843  0.0153     0.0157     0.1819         0.2015
     52   3.20   263.27     134.59      76.43  0.9824     0.9821  0.0176     0.0179     0.1733         0.1859
     53   3.21   261.50     137.98      73.54  0.9857     0.9859  0.0143     0.0141     0.1580         0.1736
     54   3.19   240.10     132.62      76.66  0.9816     0.9820  0.0184     0.0180     0.1679         0.1817
     55   3.15   279.50     132.60      77.23  0.9787     0.9789  0.0213     0.0211     0.1691         0.1854
     56   3.21   233.94     129.05      72.79  0.9828     0.9822  0.0172     0.0178     0.1807         0.1949
     57   3.22   281.21     133.09      70.69  0.9847     0.9846  0.0153     0.0154     0.1567         0.1663
     58   3.21   247.59     125.92      71.51  0.9849     0.9847  0.0151     0.0153     0.1866         0.2025
     59   3.20   264.52     127.59      69.39  0.9838     0.9843  0.0162     0.0157     0.1848         0.1998
     60   3.19   263.85     135.21      71.63  0.9829     0.9831  0.0171     0.0169     0.1726         0.1838
     61   3.21   258.24     129.35      71.01  0.9830     0.9829  0.0170     0.0171     0.1688         0.1823
     62   3.16   276.87     139.06      70.20  0.9785     0.9782  0.0215     0.0218     0.1630         0.1722
     63   3.20   225.55     123.36      67.48  0.9834     0.9838  0.0166     0.0162     0.2044         0.2176
     64   3.20   244.62     124.64      70.73  0.9812     0.9817  0.0188     0.0183     0.1713         0.1838
     65   3.19   249.12     136.83      70.33  0.9829     0.9830  0.0171     0.0170     0.1398         0.1476
     66   3.21   225.30     123.16      67.05  0.9853     0.9857  0.0147     0.0143     0.2022         0.2170
     67   3.20   198.83     114.60      66.88  0.9840     0.9840  0.0160     0.0160     0.2162         0.2341
     68   3.21   254.94     126.86      63.84  0.9856     0.9858  0.0144     0.0142     0.1782         0.1892
     69   3.20   251.40     123.53      62.84  0.9832     0.9829  0.0168     0.0171     0.1935         0.2053
     70   3.20   215.63     115.34      66.74  0.9827     0.9835  0.0173     0.0165     0.2061         0.2239
     71   3.21   221.31     132.24      72.71  0.9850     0.9845  0.0150     0.0155     0.1770         0.1878
     72   3.21   219.46     119.16      67.28  0.9853     0.9852  0.0147     0.0148     0.1832         0.1996
     73   3.20   210.00     115.22      66.47  0.9848     0.9849  0.0152     0.0151     0.2066         0.2244
     74   3.19   222.44     117.53      68.08  0.9836     0.9836  0.0164     0.0164     0.1896         0.2017
     75   3.20   241.11     119.10      64.81  0.9830     0.9834  0.0170     0.0166     0.1953         0.2090
     76   3.20   250.24     115.44      64.19  0.9850     0.9846  0.0150     0.0154     0.2098         0.2219
     77   3.22   192.57     112.15      64.13  0.9862     0.9863  0.0138     0.0137     0.2054         0.2229
     78   3.20   249.38     116.97      63.18  0.9834     0.9836  0.0166     0.0164     0.2063         0.2237
     79   3.20   214.03     111.30      63.51  0.9849     0.9852  0.0151     0.0148     0.2031         0.2231
     80   3.20   213.35     116.67      61.98  0.9843     0.9845  0.0157     0.0155     0.2160         0.2323
     81   3.21   269.70     148.85      66.29  0.9852     0.9852  0.0148     0.0148     0.1504         0.1569
     82   3.19   254.81     143.40      66.56  0.9826     0.9829  0.0174     0.0171     0.1574         0.1652
     83   3.21   244.85     148.89      64.53  0.9855     0.9864  0.0145     0.0136     0.1340         0.1386
     84   3.20   200.13     110.07      62.42  0.9856     0.9857  0.0144     0.0143     0.1999         0.2170
     85   3.19   199.26     112.80      61.94  0.9843     0.9839  0.0157     0.0161     0.2077         0.2242
     86   3.19   245.94     109.16      58.82  0.9842     0.9842  0.0158     0.0158     0.2120         0.2287
     87   3.22   211.11     110.58      60.41  0.9862     0.9864  0.0138     0.0136     0.2020         0.2141
     88   3.20   202.20     110.74      59.61  0.9844     0.9846  0.0156     0.0154     0.2227         0.2391
     89   3.21   204.53     109.30      61.02  0.9855     0.9856  0.0145     0.0144     0.1992         0.2125
     90   3.21   194.05     108.32      60.97  0.9854     0.9855  0.0146     0.0145     0.2053         0.2175
     91   3.20   181.62     104.30      59.38  0.9844     0.9847  0.0156     0.0153     0.2084         0.2262
     92   3.19   203.18     111.65      57.44  0.9837     0.9836  0.0163     0.0164     0.2011         0.2126
     93   3.20   207.96     114.59      62.18  0.9850     0.9851  0.0150     0.0149     0.1927         0.2084
     94   3.19   217.13     107.09      58.00  0.9827     0.9834  0.0173     0.0166     0.2009         0.2203
     95   3.21   179.51     103.82      59.10  0.9861     0.9861  0.0139     0.0139     0.2103         0.2302
     96   3.21   179.15     107.37      58.42  0.9858     0.9860  0.0142     0.0140     0.1956         0.2159
     97   3.21   191.39     110.53      58.35  0.9850     0.9853  0.0150     0.0147     0.1958         0.2077
     98   3.21   181.10     100.68      58.32  0.9854     0.9853  0.0146     0.0147     0.2177         0.2325
     99   3.21   185.37     103.50      58.54  0.9852     0.9845  0.0148     0.0155     0.1945         0.2129
    100   3.21   219.07     119.52      55.01  0.9867     0.9874  0.0133     0.0126     0.1729         0.1820
    101   3.21   173.66     109.86      58.04  0.9860     0.9860  0.0140     0.0140     0.1880         0.2060
    102   3.19   203.18     125.01      58.67  0.9831     0.9831  0.0169     0.0169     0.1642         0.1724
    103   3.20   169.18     102.70      58.51  0.9843     0.9843  0.0157     0.0157     0.2034         0.2219
    104   3.19   179.81     102.23      58.06  0.9836     0.9842  0.0164     0.0158     0.2138         0.2360
    105   3.21   162.53      98.95      57.20  0.9865     0.9864  0.0135     0.0136     0.2164         0.2354
    106   3.20   171.89      99.40      56.94  0.9838     0.9836  0.0162     0.0164     0.2099         0.2284
    107   3.21   170.09      96.79      58.10  0.9861     0.9866  0.0139     0.0134     0.2147         0.2367
    108   3.20   184.29     104.58      55.80  0.9855     0.9852  0.0145     0.0148     0.2060         0.2216
    109   3.18   194.31     111.41      56.16  0.9846     0.9837  0.0154     0.0163     0.1913         0.2014
    110   3.20   155.43      98.50      56.97  0.9841     0.9838  0.0159     0.0162     0.2063         0.2292
    111   3.21   157.27      98.95      56.66  0.9847     0.9850  0.0153     0.0150     0.2068         0.2258
    112   3.20   161.47     101.18      59.51  0.9848     0.9846  0.0152     0.0154     0.2054         0.2216
    113   3.20   179.32     101.62      55.26  0.9849     0.9852  0.0151     0.0148     0.2077         0.2270
    114   3.20   174.33      98.00      55.41  0.9853     0.9855  0.0147     0.0145     0.2068         0.2270
    115   3.20   159.64      95.05      57.04  0.9843     0.9843  0.0157     0.0157     0.2235         0.2469
    116   3.21   164.84      94.77      55.56  0.9856     0.9860  0.0144     0.0140     0.2266         0.2483
    117   3.19   178.73     101.29      56.46  0.9842     0.9848  0.0158     0.0152     0.2051         0.2226
    118   3.19   155.59      94.47      55.43  0.9842     0.9843  0.0158     0.0157     0.2079         0.2329
    119   3.19   176.87     100.17      54.56  0.9837     0.9837  0.0163     0.0163     0.1898         0.2081
    120   3.19   163.11      98.58      55.80  0.9827     0.9826  0.0173     0.0174     0.1958         0.2116
    121   3.20   160.41      97.03      55.31  0.9852     0.9847  0.0148     0.0153     0.1991         0.2192
    122   3.20   151.75      96.47      54.66  0.9844     0.9849  0.0156     0.0151     0.1962         0.2136
    123   3.20   153.43      93.21      54.82  0.9856     0.9856  0.0144     0.0144     0.2188         0.2395
    124   3.21   164.72     100.14      55.17  0.9854     0.9849  0.0146     0.0151     0.1883         0.2032
    125   3.20   151.24      94.70      54.75  0.9857     0.9853  0.0143     0.0147     0.1992         0.2190
    126   3.20   167.45      91.05      54.85  0.9860     0.9863  0.0140     0.0137     0.2020         0.2259
    127   3.20   153.62      94.84      54.26  0.9844     0.9845  0.0156     0.0155     0.2057         0.2257
    128   3.20   183.71      99.46      52.26  0.9855     0.9854  0.0145     0.0146     0.1941         0.2126
    129   3.19   151.27      92.10      54.23  0.9857     0.9859  0.0143     0.0141     0.2016         0.2250
    130   3.20   147.72      91.90      54.75  0.9855     0.9855  0.0145     0.0145     0.1984         0.2260
    131   3.19   165.41      99.03      53.16  0.9850     0.9851  0.0150     0.0149     0.2001         0.2207
    132   3.19   189.80     105.73      51.73  0.9851     0.9851  0.0149     0.0149     0.1895         0.2040
    133   3.19   155.28      92.52      54.11  0.9859     0.9861  0.0141     0.0139     0.1953         0.2175
    134   3.20   153.66      93.78      53.18  0.9850     0.9852  0.0150     0.0148     0.1944         0.2141
    135   3.20   146.65      91.37      53.76  0.9860     0.9857  0.0140     0.0143     0.1966         0.2191
    136   3.19   159.58      98.16      52.73  0.9854     0.9852  0.0146     0.0148     0.1876         0.2062
    137   3.21   188.67     106.04      52.61  0.9873     0.9871  0.0127     0.0129     0.1758         0.1931
    138   3.20   149.71      94.30      53.04  0.9851     0.9853  0.0149     0.0147     0.1947         0.2125
    139   3.21   152.65      97.65      53.16  0.9860     0.9859  0.0140     0.0141     0.1769         0.1968
    140   3.22   154.56      94.17      52.06  0.9869     0.9871  0.0131     0.0129     0.1992         0.2183
    141   3.20   144.45      91.77      53.09  0.9870     0.9869  0.0130     0.0131     0.1959         0.2210
    142   3.20   139.86      91.58      54.34  0.9852     0.9854  0.0148     0.0146     0.2029         0.2211
    143   3.20   134.67      88.47      53.04  0.9846     0.9850  0.0154     0.0150     0.1983         0.2204
    144   3.20   136.90      88.61      53.55  0.9857     0.9857  0.0143     0.0143     0.1987         0.2248
    145   3.20   140.80      90.76      51.79  0.9848     0.9849  0.0152     0.0151     0.1978         0.2204
    146   3.20   153.05      90.14      52.59  0.9851     0.9852  0.0149     0.0148     0.1976         0.2206
    147   3.19   142.42      92.24      51.59  0.9851     0.9851  0.0149     0.0149     0.1905         0.2079
    148   3.20   141.95      91.01      51.87  0.9855     0.9858  0.0145     0.0142     0.2015         0.2213
    149   3.21   139.42      89.39      53.08  0.9871     0.9867  0.0129     0.0133     0.1979         0.2187
    150   3.19   136.56      88.25      52.27  0.9850     0.9854  0.0150     0.0146     0.2046         0.2322
    151   3.20   140.28      88.21      51.61  0.9857     0.9856  0.0143     0.0144     0.2031         0.2216
    152   3.20   136.33      90.30      52.18  0.9856     0.9857  0.0144     0.0143     0.1981         0.2223
    153   3.20   128.25      87.58      51.82  0.9858     0.9862  0.0142     0.0138     0.1996         0.2246
    154   3.21   136.71      93.04      51.10  0.9859     0.9863  0.0141     0.0137     0.1896         0.2079
    155   3.21   133.67      88.33      51.29  0.9859     0.9867  0.0141     0.0133     0.1853         0.2081
    156   3.20   146.67      92.14      51.01  0.9853     0.9856  0.0147     0.0144     0.1816         0.2020
    157   3.20   137.51      88.97      51.38  0.9852     0.9851  0.0148     0.0149     0.1916         0.2174
    158   3.20   136.88      88.59      52.05  0.9845     0.9843  0.0155     0.0157     0.1894         0.2143
    159   3.19   129.83      88.22      51.64  0.9842     0.9841  0.0158     0.0159     0.1868         0.2072
    160   3.20   133.81      88.42      51.78  0.9851     0.9853  0.0149     0.0147     0.1850         0.2083
    161   3.20   134.64      87.83      51.68  0.9871     0.9870  0.0129     0.0130     0.1848         0.2087
    162   3.19   141.48      90.36      50.04  0.9851     0.9849  0.0149     0.0151     0.1941         0.2138
    163   3.20   129.82      86.97      52.13  0.9846     0.9848  0.0154     0.0152     0.1960         0.2207
    164   3.20   127.76      86.55      51.11  0.9869     0.9867  0.0131     0.0133     0.1873         0.2103
    165   3.20   126.32      85.04      51.91  0.9865     0.9865  0.0135     0.0135     0.1973         0.2192
    166   3.21   140.13      90.05      51.17  0.9862     0.9864  0.0138     0.0136     0.1784         0.2034
    167   3.21   124.12      84.72      51.87  0.9868     0.9868  0.0132     0.0132     0.1818         0.2045
    168   3.20   122.14      86.70      52.80  0.9862     0.9860  0.0138     0.0140     0.1887         0.2091
    169   3.19   130.51      87.57      51.10  0.9851     0.9858  0.0149     0.0142     0.1933         0.2136
    170   3.20   133.69      86.95      51.19  0.9853     0.9855  0.0147     0.0145     0.1880         0.2103
    171   3.19   154.32      94.36      49.29  0.9852     0.9858  0.0148     0.0142     0.1833         0.2038
    172   3.20   133.15      87.26      50.64  0.9866     0.9870  0.0134     0.0130     0.1889         0.2117
    173   3.21   134.81      89.84      50.88  0.9860     0.9862  0.0140     0.0138     0.1742         0.1940
    174   3.19   127.44      84.62      51.35  0.9847     0.9849  0.0153     0.0151     0.1865         0.2093
    175   3.20   124.53      89.23      51.45  0.9867     0.9869  0.0133     0.0131     0.1755         0.1944
    176   3.19   126.09      86.37      50.06  0.9853     0.9856  0.0147     0.0144     0.1749         0.2015
    177   3.20   127.10      86.38      50.46  0.9860     0.9856  0.0140     0.0144     0.1783         0.1999
    178   3.21   132.39      88.03      49.22  0.9864     0.9867  0.0136     0.0133     0.1788         0.2054
    179   3.20   136.55      91.22      49.89  0.9855     0.9861  0.0145     0.0139     0.1794         0.1986
    180   3.20   123.55      85.58      51.06  0.9855     0.9860  0.0145     0.0140     0.1791         0.1975
    181   3.19   125.72      84.97      49.85  0.9846     0.9853  0.0154     0.0147     0.1773         0.2032
    182   3.20   123.44      85.90      50.66  0.9854     0.9860  0.0146     0.0140     0.1817         0.2047
    183   3.20   124.57      84.70      50.73  0.9857     0.9859  0.0143     0.0141     0.1807         0.2043
    184   3.20   125.45      85.48      50.02  0.9851     0.9851  0.0149     0.0149     0.1849         0.2061
    185   3.20   137.74      94.27      49.77  0.9863     0.9873  0.0137     0.0127     0.1722         0.1880
    186   3.21   139.55      91.38      49.00  0.9867     0.9864  0.0133     0.0136     0.1780         0.1960
    187   3.21   126.13      85.99      50.71  0.9859     0.9867  0.0141     0.0133     0.1801         0.1976
    188   3.20   129.94      86.38      50.72  0.9864     0.9868  0.0136     0.0132     0.1876         0.2100
    189   3.20   124.27      85.11      50.48  0.9862     0.9860  0.0138     0.0140     0.1813         0.2036
    190   3.19   126.46      83.95      49.73  0.9855     0.9857  0.0145     0.0143     0.1813         0.2021
    191   3.20   128.09      86.76      49.54  0.9860     0.9860  0.0140     0.0140     0.1814         0.2021
    192   3.19   121.84      85.64      49.45  0.9861     0.9867  0.0139     0.0133     0.1789         0.2002
    193   3.19   120.82      83.82      50.20  0.9854     0.9860  0.0146     0.0140     0.1849         0.2116
    194   3.21   127.73      84.53      49.61  0.9855     0.9858  0.0145     0.0142     0.1840         0.2021
    195   3.20   125.08      87.28      49.47  0.9867     0.9867  0.0133     0.0133     0.1728         0.1999
    196   3.19   121.21      84.88      50.08  0.9858     0.9858  0.0142     0.0142     0.1791         0.1983
    197   3.20   124.90      85.76      49.62  0.9858     0.9859  0.0142     0.0141     0.1749         0.1953
    198   3.21   123.52      84.39      49.89  0.9863     0.9866  0.0137     0.0134     0.1731         0.1949
    199   3.20   118.06      83.94      50.32  0.9855     0.9858  0.0145     0.0142     0.1816         0.2007
    200   3.20   129.89      89.74      48.80  0.9858     0.9857  0.0142     0.0143     0.1680         0.1858
    201   3.20   119.37      84.68      50.34  0.9851     0.9863  0.0149     0.0137     0.1768         0.2048
    202   3.19   118.94      82.93      49.48  0.9857     0.9862  0.0143     0.0138     0.1806         0.2006
    203   3.20   121.41      84.08      49.34  0.9865     0.9861  0.0135     0.0139     0.1723         0.1898
    204   3.20   131.17      87.38      48.46  0.9856     0.9862  0.0144     0.0138     0.1728         0.1926
    205   3.20   123.95      84.72      49.15  0.9852     0.9850  0.0148     0.0150     0.1806         0.2044
    206   3.20   125.40      84.21      48.75  0.9855     0.9856  0.0145     0.0144     0.1738         0.2005
    207   3.20   132.64      89.86      48.21  0.9862     0.9864  0.0138     0.0136     0.1736         0.1945
    208   3.19   115.67      82.80      50.37  0.9843     0.9850  0.0157     0.0150     0.1747         0.1965
    209   3.21   119.13      84.95      50.09  0.9857     0.9860  0.0143     0.0140     0.1753         0.1967
    210   3.20   117.25      82.77      49.93  0.9849     0.9854  0.0151     0.0146     0.1731         0.1948
    211   3.19   116.00      84.29      49.77  0.9851     0.9854  0.0149     0.0146     0.1682         0.1875
    212   3.20   121.60      86.64      48.77  0.9858     0.9862  0.0142     0.0138     0.1707         0.1861
    213   3.20   116.28      83.09      50.25  0.9861     0.9858  0.0139     0.0142     0.1716         0.1888
    214   3.20   117.20      82.72      49.62  0.9865     0.9867  0.0135     0.0133     0.1756         0.1943
    215   3.20   120.35      84.94      49.27  0.9862     0.9870  0.0138     0.0130     0.1760         0.1990
    216   3.20   118.77      84.08      49.94  0.9853     0.9856  0.0147     0.0144     0.1784         0.1965
    217   3.20   118.68      83.80      49.19  0.9852     0.9851  0.0148     0.0149     0.1718         0.1942
    218   3.20   126.82      86.80      48.83  0.9858     0.9857  0.0142     0.0143     0.1732         0.1914
    219   3.19   120.97      83.84      48.96  0.9842     0.9846  0.0158     0.0154     0.1772         0.1969
    220   3.20   117.84      82.47      49.46  0.9858     0.9856  0.0142     0.0144     0.1724         0.1933
    221   3.20   120.49      82.01      49.11  0.9846     0.9848  0.0154     0.0152     0.1758         0.2010
    222   3.20   116.81      82.93      49.51  0.9848     0.9846  0.0152     0.0154     0.1750         0.1975
    223   3.20   115.51      82.61      49.15  0.9853     0.9856  0.0147     0.0144     0.1729         0.1921
    224   3.21   118.85      84.07      48.98  0.9862     0.9863  0.0138     0.0137     0.1695         0.1894
    225   3.20   116.27      83.48      49.03  0.9860     0.9859  0.0140     0.0141     0.1747         0.1990
    226   3.20   121.10      84.83      48.69  0.9857     0.9857  0.0143     0.0143     0.1769         0.1910
    227   3.19   127.11      88.41      48.40  0.9856     0.9854  0.0144     0.0146     0.1630         0.1851
    228   3.20   121.01      85.02      48.90  0.9853     0.9856  0.0147     0.0144     0.1722         0.1940
    229   3.20   112.31      80.99      49.48  0.9861     0.9856  0.0139     0.0144     0.1697         0.1928
    230   3.19   122.45      86.01      47.90  0.9856     0.9858  0.0144     0.0142     0.1712         0.1930
    231   3.19   116.93      81.43      49.28  0.9850     0.9856  0.0150     0.0144     0.1696         0.1953
    232   3.19   129.14      89.35      47.77  0.9853     0.9858  0.0147     0.0142     0.1546         0.1715
    233   3.20   117.44      82.78      48.87  0.9855     0.9858  0.0145     0.0142     0.1650         0.1837
    234   3.20   120.56      83.58      48.96  0.9864     0.9862  0.0136     0.0138     0.1655         0.1838
    235   3.20   119.75      83.24      48.62  0.9857     0.9859  0.0143     0.0141     0.1725         0.1916
    236   3.20   118.99      84.84      48.43  0.9859     0.9861  0.0141     0.0139     0.1594         0.1783
    237   3.21   114.21      81.55      49.06  0.9872     0.9871  0.0128     0.0129     0.1714         0.1929
    238   3.20   118.38      83.49      48.88  0.9872     0.9865  0.0128     0.0135     0.1641         0.1854
    239   3.20   123.75      83.28      47.87  0.9863     0.9864  0.0137     0.0136     0.1719         0.1903
    240   3.20   119.22      82.80      48.65  0.9861     0.9861  0.0139     0.0139     0.1704         0.1953
    241   3.19   114.75      81.43      48.98  0.9844     0.9846  0.0156     0.0154     0.1705         0.1937
    242   3.20   113.77      81.95      48.97  0.9849     0.9859  0.0151     0.0141     0.1747         0.1988
    243   3.20   116.24      82.96      48.75  0.9852     0.9853  0.0148     0.0147     0.1741         0.1922
    244   3.21   114.78      83.57      49.15  0.9869     0.9869  0.0131     0.0131     0.1742         0.1954
    245   3.20   114.64      82.26      48.76  0.9846     0.9850  0.0154     0.0150     0.1718         0.1918
    246   3.21   116.68      82.32      48.53  0.9866     0.9869  0.0134     0.0131     0.1721         0.1951
    247   3.20   114.16      81.62      48.85  0.9854     0.9855  0.0146     0.0145     0.1704         0.1933
    248   3.21   112.75      82.16      49.74  0.9861     0.9862  0.0139     0.0138     0.1641         0.1871
    249   3.20   115.19      80.96      48.79  0.9859     0.9861  0.0141     0.0139     0.1715         0.1985
    250   3.20   111.65      81.28      49.11  0.9862     0.9860  0.0138     0.0140     0.1704         0.1922
    251   3.21   112.45      81.16      48.64  0.9868     0.9869  0.0132     0.0131     0.1650         0.1849
    252   3.21   112.16      82.63      49.12  0.9866     0.9865  0.0134     0.0135     0.1650         0.1890
    253   3.20   115.69      84.08      48.51  0.9860     0.9864  0.0140     0.0136     0.1679         0.1869
    254   3.20   110.93      81.26      49.13  0.9857     0.9863  0.0143     0.0137     0.1704         0.1931
    255   3.19   111.72      82.25      48.51  0.9837     0.9843  0.0163     0.0157     0.1661         0.1915
    256   3.20   110.58      80.78      48.68  0.9855     0.9854  0.0145     0.0146     0.1649         0.1866
    257   3.21   114.51      84.87      47.90  0.9865     0.9865  0.0135     0.0135     0.1623         0.1834
    258   3.20   116.87      84.01      47.80  0.9863     0.9862  0.0137     0.0138     0.1696         0.1885
    259   3.20   113.04      80.81      48.72  0.9853     0.9854  0.0147     0.0146     0.1648         0.1882
    260   3.20   113.88      81.74      48.27  0.9855     0.9855  0.0145     0.0145     0.1633         0.1796
    261   3.18   116.13      81.98      48.10  0.9851     0.9851  0.0149     0.0149     0.1673         0.1894
    262   3.20   114.22      81.90      48.43  0.9855     0.9856  0.0145     0.0144     0.1697         0.1883
    263   3.19   113.93      83.07      48.27  0.9845     0.9854  0.0155     0.0146     0.1693         0.1939
    264   3.20   111.16      81.50      48.88  0.9859     0.9858  0.0141     0.0142     0.1625         0.1881
    265   3.20   114.37      82.99      48.09  0.9858     0.9856  0.0142     0.0144     0.1679         0.1885
    266   3.20   111.81      81.38      48.35  0.9845     0.9851  0.0155     0.0149     0.1505         0.1787
    267   3.20   113.36      82.30      48.07  0.9859     0.9857  0.0141     0.0143     0.1670         0.1907
    268   3.20   116.39      83.35      47.41  0.9866     0.9865  0.0134     0.0135     0.1734         0.1885
    269   3.19   113.79      81.99      48.05  0.9854     0.9852  0.0146     0.0148     0.1728         0.1952
    270   3.20   109.29      80.82      48.63  0.9863     0.9864  0.0137     0.0136     0.1658         0.1843
    271   3.20   110.14      80.46      48.72  0.9863     0.9860  0.0137     0.0140     0.1653         0.1917
    272   3.20   111.26      81.00      48.54  0.9856     0.9859  0.0144     0.0141     0.1675         0.1907
    273   3.20   110.09      80.23      48.74  0.9857     0.9859  0.0143     0.0141     0.1690         0.1925
    274   3.20   111.00      80.82      48.35  0.9857     0.9861  0.0143     0.0139     0.1638         0.1842
    275   3.19   113.09      82.03      47.71  0.9854     0.9859  0.0146     0.0141     0.1754         0.1933
    276   3.19   113.44      81.16      47.81  0.9859     0.9855  0.0141     0.0145     0.1656         0.1889
    277   3.20   112.84      81.66      47.84  0.9847     0.9852  0.0153     0.0148     0.1670         0.1881
    278   3.20   109.62      81.14      48.21  0.9856     0.9858  0.0144     0.0142     0.1667         0.1880
    279   3.20   111.47      81.49      48.38  0.9864     0.9863  0.0136     0.0137     0.1621         0.1837
    280   3.19   111.44      80.78      48.37  0.9863     0.9858  0.0137     0.0142     0.1707         0.1901
    281   3.21   113.80      83.92      47.83  0.9878     0.9878  0.0122     0.0122     0.1683         0.1873
    282   3.20   114.87      83.40      47.89  0.9859     0.9862  0.0141     0.0138     0.1663         0.1872
    283   3.20   112.71      81.92      48.03  0.9862     0.9862  0.0138     0.0138     0.1614         0.1832
    284   3.20   111.19      81.33      48.31  0.9868     0.9864  0.0132     0.0136     0.1653         0.1852
    285   3.20   111.74      81.85      48.50  0.9849     0.9854  0.0151     0.0146     0.1647         0.1833
    286   3.20   111.99      81.54      48.64  0.9861     0.9854  0.0139     0.0146     0.1673         0.1854
    287   3.21   110.28      81.18      48.66  0.9862     0.9859  0.0138     0.0141     0.1659         0.1839
    288   3.20   113.80      81.40      48.37  0.9861     0.9862  0.0139     0.0138     0.1664         0.1873
    289   3.19   116.24      81.25      47.75  0.9855     0.9860  0.0145     0.0140     0.1652         0.1884
    290   3.20   110.64      80.54      48.60  0.9858     0.9862  0.0142     0.0138     0.1654         0.1848
    291   3.20   110.90      80.05      48.77  0.9850     0.9856  0.0150     0.0144     0.1662         0.1862
    292   3.19   113.64      81.85      47.86  0.9845     0.9844  0.0155     0.0156     0.1714         0.1886
    293   3.20   110.72      80.65      48.21  0.9856     0.9859  0.0144     0.0141     0.1637         0.1838
    294   3.20   113.00      81.97      48.10  0.9855     0.9854  0.0145     0.0146     0.1664         0.1859
    295   3.20   111.32      81.39      48.72  0.9848     0.9852  0.0152     0.0148     0.1591         0.1769
    296   3.19   109.65      80.00      48.68  0.9850     0.9850  0.0150     0.0150     0.1660         0.1899
    297   3.20   111.55      81.61      48.26  0.9862     0.9870  0.0138     0.0130     0.1647         0.1818
    298   3.19   109.43      80.24      48.04  0.9850     0.9854  0.0150     0.0146     0.1603         0.1871
    299   3.19   113.05      81.50      47.76  0.9857     0.9854  0.0143     0.0146     0.1669         0.1813
    300   3.19   110.45      80.58      48.36  0.9855     0.9853  0.0145     0.0147     0.1654         0.1824
The log/output/model have been saved to: ./logs/train.py-multi_zetas300_True_True_True_1.953125e-05_3.90625e-05_7.8125e-05-wyy-04-23-15:00 + .csv/.out/.cpt
