  epoch    IZY    IXZ_1    IZ_1Z_2    IZ_2Z_3     acc    avg_acc     err    avg_err    adv_acc    avg_adv_acc
-------  -----  -------  ---------  ---------  ------  ---------  ------  ---------  ---------  -------------
      1   3.12  2174.05    1214.71     654.07  0.9555     0.9553  0.0445     0.0447     0.0243         0.0243
      2   3.19  2056.42    1129.07     636.96  0.9702     0.9702  0.0298     0.0298     0.0147         0.0147
      3   3.21  1983.73    1068.78     606.55  0.9759     0.9757  0.0241     0.0243     0.0138         0.0139
      4   3.21  1940.83    1021.81     591.14  0.9766     0.9769  0.0234     0.0231     0.0200         0.0200
      5   3.20  1891.30     988.90     577.36  0.9718     0.9715  0.0282     0.0285     0.0214         0.0215
      6   3.23  1871.81     950.53     561.97  0.9811     0.9808  0.0189     0.0192     0.0257         0.0258
      7   3.11  1848.63     922.23     546.73  0.9573     0.9571  0.0427     0.0429     0.0506         0.0507
      8   3.19  1842.34     898.80     538.72  0.9753     0.9753  0.0247     0.0247     0.0766         0.0765
      9   3.23  1798.72     872.73     521.20  0.9815     0.9816  0.0185     0.0184     0.0347         0.0345
     10   3.21  1784.58     857.27     509.45  0.9790     0.9790  0.0210     0.0210     0.0449         0.0451
     11   3.21  1761.08     824.36     505.03  0.9800     0.9801  0.0200     0.0199     0.0938         0.0937
     12   3.21  1751.76     812.33     488.01  0.9798     0.9801  0.0202     0.0199     0.0694         0.0705
     13   3.23  1732.21     798.00     482.00  0.9831     0.9832  0.0169     0.0168     0.0908         0.0902
     14   3.20  1718.45     789.08     478.84  0.9790     0.9789  0.0210     0.0211     0.0911         0.0909
     15   3.20  1687.80     773.11     470.35  0.9777     0.9775  0.0223     0.0225     0.1024         0.1036
     16   3.18  1738.18     800.55     463.07  0.9733     0.9738  0.0267     0.0262     0.0799         0.0790
     17   3.21  1633.18     735.79     459.19  0.9815     0.9817  0.0185     0.0183     0.1395         0.1398
     18   3.17  1632.20     721.01     449.92  0.9755     0.9756  0.0245     0.0244     0.1510         0.1512
     19   3.21  1599.54     701.76     441.61  0.9831     0.9830  0.0169     0.0170     0.1597         0.1608
     20   3.22  1568.17     681.80     438.35  0.9841     0.9842  0.0159     0.0158     0.1828         0.1842
     21   3.18  1558.93     671.62     444.02  0.9781     0.9780  0.0219     0.0220     0.2002         0.2011
     22   3.20  1530.53     660.46     458.38  0.9818     0.9816  0.0182     0.0184     0.1832         0.1839
     23   3.21  1509.56     638.24     428.62  0.9827     0.9829  0.0173     0.0171     0.2027         0.2021
     24   3.23  1494.45     626.65     419.35  0.9854     0.9856  0.0146     0.0144     0.2015         0.2022
     25   3.20  1463.48     603.55     434.58  0.9834     0.9833  0.0166     0.0167     0.2382         0.2388
     26   3.21  1480.42     617.35     413.15  0.9820     0.9819  0.0180     0.0181     0.2264         0.2280
     27   3.21  1454.33     594.91     408.79  0.9821     0.9820  0.0179     0.0180     0.2703         0.2727
     28   3.20  1420.51     572.28     406.78  0.9822     0.9822  0.0178     0.0178     0.2155         0.2151
     29   3.19  1380.08     551.06     409.25  0.9810     0.9810  0.0190     0.0190     0.2604         0.2647
     30   3.21  1384.45     548.49     395.52  0.9844     0.9843  0.0156     0.0157     0.2270         0.2277
     31   3.23  1379.65     537.92     385.62  0.9863     0.9862  0.0137     0.0138     0.2423         0.2436
     32   3.14  1335.88     540.79     371.59  0.9722     0.9725  0.0278     0.0275     0.1517         0.1526
     33   3.23  1322.67     547.28     361.87  0.9843     0.9845  0.0157     0.0155     0.2001         0.2020
     34   3.19  1294.78     516.64     361.42  0.9808     0.9803  0.0192     0.0197     0.2153         0.2172
     35   3.19  1304.77     525.60     359.76  0.9808     0.9809  0.0192     0.0191     0.2240         0.2259
     36   3.22  1241.17     515.20     360.57  0.9834     0.9833  0.0166     0.0167     0.2507         0.2545
     37   3.17  1192.13     479.25     376.33  0.9803     0.9802  0.0197     0.0198     0.3330         0.3371
     38   3.19  1209.83     478.32     362.58  0.9800     0.9800  0.0200     0.0200     0.3428         0.3472
     39   3.21  1175.23     462.12     372.17  0.9850     0.9852  0.0150     0.0148     0.3512         0.3570
     40   3.22  1237.88     501.60     343.13  0.9854     0.9853  0.0146     0.0147     0.2216         0.2235
     41   3.21  1182.27     475.76     357.14  0.9845     0.9847  0.0155     0.0153     0.3361         0.3388
     42   3.22  1156.61     485.80     339.54  0.9845     0.9846  0.0155     0.0154     0.2539         0.2558
     43   3.21  1077.51     445.59     354.28  0.9852     0.9854  0.0148     0.0146     0.3385         0.3459
     44   3.22  1123.64     474.12     329.31  0.9841     0.9843  0.0159     0.0157     0.2436         0.2463
     45   3.20  1034.21     432.86     353.32  0.9845     0.9846  0.0155     0.0154     0.3498         0.3571
     46   3.21  1033.86     434.11     338.61  0.9847     0.9846  0.0153     0.0154     0.2964         0.3023
     47   3.20  1022.73     425.20     343.91  0.9841     0.9839  0.0159     0.0161     0.3459         0.3549
     48   3.21   932.36     399.65     360.81  0.9868     0.9868  0.0132     0.0132     0.4025         0.4160
     49   3.21   820.57     373.75     351.63  0.9868     0.9864  0.0132     0.0136     0.3824         0.3956
     50   3.21   920.23     424.66     314.24  0.9836     0.9837  0.0164     0.0163     0.3007         0.3081
     51   3.22   900.79     408.23     314.73  0.9854     0.9854  0.0146     0.0146     0.3069         0.3138
     52   3.22   826.74     387.67     327.51  0.9843     0.9843  0.0157     0.0157     0.3768         0.3853
     53   3.22   728.07     365.21     339.70  0.9866     0.9867  0.0134     0.0133     0.3995         0.4158
     54   3.22   612.71     348.49     330.92  0.9862     0.9862  0.0138     0.0138     0.4050         0.4230
     55   3.22   808.31     383.14     308.00  0.9848     0.9846  0.0152     0.0154     0.3731         0.3837
     56   3.20   819.64     384.26     314.36  0.9836     0.9835  0.0164     0.0165     0.3412         0.3488
     57   3.21   829.09     379.99     313.88  0.9853     0.9854  0.0147     0.0146     0.4027         0.4155
     58   3.19   744.54     363.58     343.23  0.9847     0.9848  0.0153     0.0152     0.4050         0.4219
     59   3.19   786.52     379.87     312.01  0.9837     0.9835  0.0163     0.0165     0.3268         0.3356
     60   3.22   873.45     391.80     295.78  0.9855     0.9856  0.0145     0.0144     0.3157         0.3211
     61   3.18   776.80     367.84     307.63  0.9816     0.9816  0.0184     0.0184     0.3786         0.3891
     62   3.20   717.78     374.87     304.93  0.9836     0.9832  0.0164     0.0168     0.3549         0.3725
     63   3.19   762.41     381.21     291.94  0.9825     0.9828  0.0175     0.0172     0.2739         0.2804
     64   3.21   712.16     361.30     302.47  0.9866     0.9868  0.0134     0.0132     0.3966         0.4132
     65   3.19   700.36     365.52     296.69  0.9805     0.9805  0.0195     0.0195     0.3340         0.3516
     66   3.21   796.77     376.27     277.01  0.9855     0.9856  0.0145     0.0144     0.3245         0.3368
     67   3.20   765.70     363.14     287.95  0.9852     0.9850  0.0148     0.0150     0.3669         0.3821
     68   3.22   735.57     360.99     289.88  0.9866     0.9866  0.0134     0.0134     0.3908         0.4024
     69   3.21   636.97     341.03     300.42  0.9865     0.9865  0.0135     0.0135     0.4237         0.4426
     70   3.21   802.91     370.81     272.63  0.9847     0.9849  0.0153     0.0151     0.3124         0.3241
     71   3.22   708.05     353.55     285.73  0.9859     0.9859  0.0141     0.0141     0.3660         0.3850
     72   3.22   540.98     332.55     297.45  0.9864     0.9862  0.0136     0.0138     0.4130         0.4356
     73   3.22   509.54     328.26     291.97  0.9880     0.9881  0.0120     0.0119     0.4030         0.4326
     74   3.21   737.69     370.73     264.81  0.9837     0.9837  0.0163     0.0163     0.2546         0.2597
     75   3.22   668.90     344.51     271.21  0.9861     0.9861  0.0139     0.0139     0.3531         0.3705
     76   3.22   584.61     332.67     286.78  0.9855     0.9855  0.0145     0.0145     0.3947         0.4204
     77   3.16   691.73     367.58     267.34  0.9793     0.9793  0.0207     0.0207     0.2521         0.2631
     78   3.22   689.18     340.09     254.63  0.9866     0.9867  0.0134     0.0133     0.3634         0.3833
     79   3.23   602.43     327.34     261.09  0.9880     0.9883  0.0120     0.0117     0.3907         0.4168
     80   3.24   567.85     326.33     254.67  0.9880     0.9878  0.0120     0.0122     0.3563         0.3806
     81   3.21   523.87     323.38     265.56  0.9853     0.9855  0.0147     0.0145     0.3648         0.3910
     82   3.21   650.90     327.32     255.71  0.9861     0.9859  0.0139     0.0141     0.3725         0.3960
     83   3.21   666.50     327.79     254.64  0.9836     0.9837  0.0164     0.0163     0.3626         0.3799
     84   3.22   660.76     325.42     250.83  0.9862     0.9863  0.0138     0.0137     0.3590         0.3784
     85   3.22   592.78     308.24     254.08  0.9870     0.9871  0.0130     0.0129     0.3866         0.4164
     86   3.22   514.89     303.18     262.87  0.9860     0.9862  0.0140     0.0138     0.4077         0.4424
     87   3.21   617.39     323.88     248.23  0.9852     0.9853  0.0148     0.0147     0.3184         0.3370
     88   3.22   586.81     312.63     252.15  0.9866     0.9866  0.0134     0.0134     0.3773         0.4058
     89   3.22   563.84     314.90     250.85  0.9858     0.9857  0.0142     0.0143     0.3875         0.4186
     90   3.22   637.90     323.36     238.81  0.9859     0.9859  0.0141     0.0141     0.3599         0.3817
     91   3.22   545.79     301.96     251.20  0.9870     0.9870  0.0130     0.0130     0.4065         0.4453
     92   3.21   588.05     303.43     248.20  0.9859     0.9857  0.0141     0.0143     0.3611         0.3940
     93   3.22   566.08     298.11     238.40  0.9872     0.9871  0.0128     0.0129     0.3803         0.4144
     94   3.21   477.27     291.72     246.44  0.9865     0.9866  0.0135     0.0134     0.3920         0.4397
     95   3.21   472.64     289.76     240.06  0.9868     0.9868  0.0132     0.0132     0.3857         0.4249
     96   3.21   542.96     299.87     245.51  0.9868     0.9866  0.0132     0.0134     0.3904         0.4262
     97   3.22   544.59     297.37     233.48  0.9856     0.9857  0.0144     0.0143     0.3316         0.3678
     98   3.22   523.72     288.44     235.63  0.9871     0.9871  0.0129     0.0129     0.3684         0.4116
     99   3.23   501.41     293.42     230.55  0.9878     0.9876  0.0122     0.0124     0.3321         0.3663
    100   3.22   594.20     294.83     229.86  0.9851     0.9851  0.0149     0.0149     0.3508         0.3831
    101   3.21   493.48     283.94     245.87  0.9863     0.9863  0.0137     0.0137     0.3800         0.4227
    102   3.22   591.45     308.69     222.91  0.9865     0.9865  0.0135     0.0135     0.3195         0.3433
    103   3.21   512.80     289.02     234.58  0.9860     0.9861  0.0140     0.0139     0.3791         0.4245
    104   3.22   501.62     284.53     234.17  0.9864     0.9865  0.0136     0.0135     0.3827         0.4264
    105   3.21   512.55     301.61     227.44  0.9838     0.9840  0.0162     0.0160     0.3148         0.3462
    106   3.22   522.28     285.13     226.38  0.9860     0.9859  0.0140     0.0141     0.3234         0.3616
    107   3.22   511.75     278.47     226.71  0.9856     0.9854  0.0144     0.0146     0.3535         0.3996
    108   3.22   519.25     279.49     226.92  0.9871     0.9875  0.0129     0.0125     0.3730         0.4165
    109   3.21   464.16     275.51     229.94  0.9870     0.9870  0.0130     0.0130     0.3799         0.4345
    110   3.22   401.84     273.06     232.37  0.9875     0.9875  0.0125     0.0125     0.3720         0.4287
    111   3.22   512.68     294.56     216.40  0.9866     0.9867  0.0134     0.0133     0.3097         0.3461
    112   3.22   456.21     275.25     221.14  0.9882     0.9880  0.0118     0.0120     0.3793         0.4285
    113   3.21   498.89     296.70     215.99  0.9844     0.9843  0.0156     0.0157     0.2718         0.2980
    114   3.22   437.04     271.43     219.22  0.9876     0.9873  0.0124     0.0127     0.3389         0.3907
    115   3.22   522.73     290.90     211.51  0.9861     0.9863  0.0139     0.0137     0.2793         0.3141
    116   3.22   520.36     279.70     212.32  0.9868     0.9871  0.0132     0.0129     0.3050         0.3481
    117   3.22   478.18     272.27     213.82  0.9877     0.9877  0.0123     0.0123     0.3191         0.3705
    118   3.21   442.34     268.01     210.86  0.9866     0.9866  0.0134     0.0134     0.3144         0.3647
    119   3.22   458.71     262.75     212.48  0.9868     0.9870  0.0132     0.0130     0.3192         0.3762
    120   3.22   462.38     272.88     205.58  0.9872     0.9871  0.0128     0.0129     0.2833         0.3284
    121   3.21   397.33     258.20     214.75  0.9875     0.9875  0.0125     0.0125     0.3037         0.3669
    122   3.20   425.98     263.72     205.79  0.9858     0.9861  0.0142     0.0139     0.2837         0.3347
    123   3.22   492.66     268.82     202.12  0.9869     0.9870  0.0131     0.0130     0.2675         0.3082
    124   3.22   425.16     256.42     204.02  0.9883     0.9883  0.0117     0.0117     0.2980         0.3546
    125   3.22   378.05     252.40     209.17  0.9875     0.9875  0.0125     0.0125     0.3050         0.3708
    126   3.22   417.39     261.42     199.73  0.9866     0.9865  0.0134     0.0135     0.2739         0.3249
    127   3.21   410.00     251.93     201.67  0.9871     0.9872  0.0129     0.0128     0.2789         0.3396
    128   3.21   395.36     247.40     203.85  0.9871     0.9870  0.0129     0.0130     0.2964         0.3626
    129   3.21   486.41     273.46     198.10  0.9867     0.9870  0.0133     0.0130     0.2612         0.3106
    130   3.21   386.04     247.82     205.03  0.9870     0.9869  0.0130     0.0131     0.3020         0.3713
    131   3.21   352.88     242.94     203.89  0.9870     0.9872  0.0130     0.0128     0.2901         0.3613
    132   3.21   381.58     249.44     201.79  0.9849     0.9851  0.0151     0.0149     0.2652         0.3302
    133   3.22   351.00     238.65     203.45  0.9869     0.9868  0.0131     0.0132     0.2840         0.3542
    134   3.21   414.86     247.23     195.73  0.9864     0.9865  0.0136     0.0135     0.2851         0.3448
    135   3.20   413.02     245.06     195.24  0.9856     0.9858  0.0144     0.0142     0.2847         0.3529
    136   3.22   395.86     241.03     197.50  0.9870     0.9870  0.0130     0.0130     0.2839         0.3503
    137   3.22   382.06     244.56     194.05  0.9873     0.9876  0.0127     0.0124     0.2553         0.3133
    138   3.21   348.48     239.44     197.87  0.9872     0.9871  0.0128     0.0129     0.2593         0.3283
    139   3.21   369.23     243.52     194.95  0.9865     0.9865  0.0135     0.0135     0.2573         0.3199
    140   3.21   358.79     242.79     195.70  0.9859     0.9862  0.0141     0.0138     0.2575         0.3225
    141   3.22   388.00     259.45     191.12  0.9867     0.9868  0.0133     0.0132     0.2340         0.2889
    142   3.21   374.10     251.90     191.59  0.9871     0.9872  0.0129     0.0128     0.2499         0.3179
    143   3.21   346.61     239.83     194.76  0.9867     0.9868  0.0133     0.0132     0.2593         0.3283
    144   3.21   408.86     251.04     191.30  0.9877     0.9877  0.0123     0.0123     0.2612         0.3288
    145   3.22   368.61     236.02     194.58  0.9877     0.9876  0.0123     0.0124     0.2610         0.3364
    146   3.21   399.11     247.78     190.07  0.9862     0.9862  0.0138     0.0138     0.2423         0.3075
    147   3.20   362.32     239.62     192.95  0.9867     0.9870  0.0133     0.0130     0.2536         0.3268
    148   3.21   424.48     257.58     186.18  0.9867     0.9867  0.0133     0.0133     0.2418         0.3065
    149   3.20   336.05     237.31     193.76  0.9867     0.9866  0.0133     0.0134     0.2366         0.3092
    150   3.21   373.82     240.68     189.18  0.9867     0.9867  0.0133     0.0133     0.2368         0.3084
    151   3.23   386.40     244.41     185.82  0.9882     0.9882  0.0118     0.0118     0.2252         0.2895
    152   3.22   413.07     236.84     183.74  0.9875     0.9872  0.0125     0.0128     0.2322         0.2939
    153   3.22   399.32     237.21     186.00  0.9876     0.9875  0.0124     0.0125     0.2408         0.3068
    154   3.22   419.95     244.94     182.52  0.9876     0.9874  0.0124     0.0126     0.2318         0.2895
    155   3.22   395.84     248.12     184.94  0.9867     0.9866  0.0133     0.0134     0.1992         0.2582
    156   3.21   412.48     246.26     184.64  0.9864     0.9866  0.0136     0.0134     0.2185         0.2756
    157   3.21   409.50     250.19     181.44  0.9860     0.9864  0.0140     0.0136     0.2045         0.2568
    158   3.21   369.61     235.83     184.83  0.9869     0.9870  0.0131     0.0130     0.2275         0.2897
    159   3.21   344.30     230.59     185.69  0.9868     0.9871  0.0132     0.0129     0.2206         0.2859
    160   3.22   425.23     247.90     178.76  0.9879     0.9882  0.0121     0.0118     0.1955         0.2572
    161   3.21   373.96     232.74     182.38  0.9876     0.9877  0.0124     0.0123     0.2116         0.2796
    162   3.21   383.20     237.34     180.44  0.9874     0.9876  0.0126     0.0124     0.2054         0.2667
    163   3.22   439.76     244.91     180.19  0.9872     0.9872  0.0128     0.0128     0.2165         0.2742
    164   3.22   388.91     236.14     180.95  0.9883     0.9881  0.0117     0.0119     0.2073         0.2676
    165   3.22   330.21     222.88     187.70  0.9876     0.9876  0.0124     0.0124     0.2123         0.2850
    166   3.21   338.65     222.56     188.02  0.9873     0.9872  0.0127     0.0128     0.2156         0.2801
    167   3.21   338.68     223.44     184.39  0.9868     0.9869  0.0132     0.0131     0.2063         0.2645
    168   3.22   388.15     236.25     178.34  0.9878     0.9881  0.0122     0.0119     0.1764         0.2224
    169   3.22   343.94     223.36     181.86  0.9884     0.9884  0.0116     0.0116     0.1933         0.2543
    170   3.21   309.87     219.01     184.33  0.9872     0.9871  0.0128     0.0129     0.1992         0.2624
    171   3.22   370.57     226.78     177.09  0.9872     0.9872  0.0128     0.0128     0.1861         0.2386
    172   3.21   360.77     228.12     178.09  0.9872     0.9871  0.0128     0.0129     0.1918         0.2426
    173   3.22   325.20     222.71     182.18  0.9878     0.9878  0.0122     0.0122     0.1944         0.2595
    174   3.21   334.52     223.06     178.76  0.9876     0.9876  0.0124     0.0124     0.1977         0.2605
    175   3.21   327.72     221.88     180.48  0.9872     0.9872  0.0128     0.0128     0.1783         0.2418
    176   3.21   326.20     219.22     177.54  0.9866     0.9867  0.0134     0.0133     0.2001         0.2588
    177   3.21   339.38     220.47     178.95  0.9869     0.9871  0.0131     0.0129     0.1956         0.2473
    178   3.21   326.89     217.15     177.83  0.9878     0.9880  0.0122     0.0120     0.1939         0.2529
    179   3.21   319.12     219.79     177.41  0.9870     0.9873  0.0130     0.0127     0.1946         0.2554
    180   3.21   325.46     220.54     175.88  0.9877     0.9877  0.0123     0.0123     0.1902         0.2510
    181   3.21   386.66     234.86     173.94  0.9856     0.9857  0.0144     0.0143     0.1674         0.2204
    182   3.21   324.85     219.29     178.49  0.9863     0.9863  0.0137     0.0137     0.1826         0.2433
    183   3.21   337.42     221.44     175.01  0.9873     0.9874  0.0127     0.0126     0.1824         0.2447
    184   3.21   321.01     215.71     178.90  0.9865     0.9865  0.0135     0.0135     0.1846         0.2497
    185   3.20   330.31     214.48     175.36  0.9866     0.9866  0.0134     0.0134     0.1845         0.2443
    186   3.21   309.18     211.61     178.24  0.9870     0.9873  0.0130     0.0127     0.1835         0.2461
    187   3.21   324.53     220.21     172.96  0.9880     0.9879  0.0120     0.0121     0.1823         0.2316
    188   3.21   311.54     216.96     175.02  0.9868     0.9869  0.0132     0.0131     0.1734         0.2298
    189   3.21   323.98     220.85     170.39  0.9878     0.9877  0.0122     0.0123     0.1669         0.2105
    190   3.21   309.33     214.32     173.83  0.9877     0.9878  0.0123     0.0122     0.1785         0.2349
    191   3.21   298.00     212.22     176.21  0.9869     0.9870  0.0131     0.0130     0.1749         0.2320
    192   3.21   317.76     213.85     170.87  0.9869     0.9866  0.0131     0.0134     0.1663         0.2232
    193   3.21   328.44     216.82     170.46  0.9877     0.9877  0.0123     0.0123     0.1589         0.2134
    194   3.21   351.68     224.35     169.66  0.9876     0.9876  0.0124     0.0124     0.1512         0.1952
    195   3.22   356.96     224.60     167.40  0.9872     0.9873  0.0128     0.0127     0.1441         0.1864
    196   3.21   311.06     213.93     172.11  0.9869     0.9869  0.0131     0.0131     0.1595         0.2130
    197   3.21   325.42     214.16     169.08  0.9874     0.9871  0.0126     0.0129     0.1573         0.2031
    198   3.21   288.78     207.30     173.40  0.9875     0.9877  0.0125     0.0123     0.1639         0.2120
    199   3.21   277.40     205.30     174.12  0.9871     0.9872  0.0129     0.0128     0.1626         0.2115
    200   3.22   306.96     210.78     169.24  0.9875     0.9874  0.0125     0.0126     0.1485         0.1961
    201   3.22   284.60     206.46     172.21  0.9881     0.9882  0.0119     0.0118     0.1592         0.2101
    202   3.21   283.56     206.64     172.57  0.9881     0.9883  0.0119     0.0117     0.1562         0.2030
    203   3.21   292.79     206.48     170.10  0.9872     0.9875  0.0128     0.0125     0.1561         0.2084
    204   3.21   317.83     208.50     166.95  0.9870     0.9869  0.0130     0.0131     0.1569         0.2069
    205   3.22   296.66     207.48     170.81  0.9873     0.9876  0.0127     0.0124     0.1537         0.2037
    206   3.22   319.53     213.62     165.68  0.9873     0.9874  0.0127     0.0126     0.1467         0.1946
    207   3.22   317.86     215.17     164.86  0.9881     0.9880  0.0119     0.0120     0.1371         0.1839
    208   3.22   334.51     223.58     164.81  0.9876     0.9874  0.0124     0.0126     0.1329         0.1750
    209   3.22   323.24     215.57     163.88  0.9875     0.9875  0.0125     0.0125     0.1312         0.1751
    210   3.22   332.47     218.42     164.61  0.9875     0.9874  0.0125     0.0126     0.1424         0.1828
    211   3.22   305.78     208.93     166.09  0.9874     0.9881  0.0126     0.0119     0.1416         0.1931
    212   3.22   314.27     208.95     165.22  0.9882     0.9882  0.0118     0.0118     0.1475         0.1910
    213   3.21   320.88     210.62     166.45  0.9871     0.9872  0.0129     0.0128     0.1434         0.1840
    214   3.21   329.84     214.06     163.12  0.9872     0.9871  0.0128     0.0129     0.1412         0.1879
    215   3.22   346.75     216.73     162.13  0.9880     0.9880  0.0120     0.0120     0.1363         0.1787
    216   3.22   311.35     207.24     166.18  0.9874     0.9874  0.0126     0.0126     0.1504         0.1932
    217   3.21   296.93     201.35     167.69  0.9874     0.9875  0.0126     0.0125     0.1472         0.1887
    218   3.22   290.96     202.08     166.29  0.9880     0.9880  0.0120     0.0120     0.1480         0.1907
    219   3.22   290.37     204.45     166.22  0.9887     0.9887  0.0113     0.0113     0.1411         0.1842
    220   3.22   320.30     211.26     161.69  0.9871     0.9876  0.0129     0.0124     0.1364         0.1752
    221   3.22   294.45     204.14     165.48  0.9877     0.9877  0.0123     0.0123     0.1439         0.1911
    222   3.21   307.73     205.20     164.14  0.9870     0.9871  0.0130     0.0129     0.1395         0.1869
    223   3.22   317.20     209.40     161.13  0.9873     0.9870  0.0127     0.0130     0.1347         0.1732
    224   3.22   317.05     207.29     160.87  0.9871     0.9870  0.0129     0.0130     0.1361         0.1801
    225   3.22   297.45     203.20     164.82  0.9882     0.9882  0.0118     0.0118     0.1398         0.1877
    226   3.21   283.42     202.06     164.91  0.9877     0.9878  0.0123     0.0122     0.1444         0.1786
    227   3.22   300.07     206.46     162.32  0.9867     0.9867  0.0133     0.0133     0.1325         0.1713
    228   3.22   296.15     204.41     162.27  0.9877     0.9879  0.0123     0.0121     0.1366         0.1730
    229   3.23   288.69     201.25     164.09  0.9882     0.9884  0.0118     0.0116     0.1356         0.1794
    230   3.22   299.11     204.38     164.08  0.9876     0.9875  0.0124     0.0125     0.1317         0.1739
    231   3.23   321.90     210.18     159.77  0.9887     0.9885  0.0113     0.0115     0.1296         0.1603
    232   3.22   308.68     208.19     160.72  0.9873     0.9871  0.0127     0.0129     0.1255         0.1630
    233   3.22   293.98     203.57     162.33  0.9890     0.9890  0.0110     0.0110     0.1259         0.1706
    234   3.22   276.40     200.40     164.40  0.9877     0.9874  0.0123     0.0126     0.1386         0.1778
    235   3.22   287.56     201.99     164.43  0.9875     0.9875  0.0125     0.0125     0.1333         0.1736
    236   3.22   284.83     200.73     163.25  0.9880     0.9883  0.0120     0.0117     0.1335         0.1783
    237   3.22   276.49     200.77     164.08  0.9876     0.9878  0.0124     0.0122     0.1322         0.1716
    238   3.21   280.75     202.24     163.51  0.9885     0.9885  0.0115     0.0115     0.1382         0.1727
    239   3.22   291.41     204.30     162.46  0.9876     0.9876  0.0124     0.0124     0.1265         0.1613
    240   3.21   292.46     201.74     161.13  0.9875     0.9877  0.0125     0.0123     0.1313         0.1653
    241   3.21   288.07     200.62     161.54  0.9884     0.9886  0.0116     0.0114     0.1321         0.1699
    242   3.21   282.85     197.35     162.75  0.9869     0.9871  0.0131     0.0129     0.1342         0.1681
    243   3.21   278.32     197.23     161.57  0.9878     0.9879  0.0122     0.0121     0.1350         0.1687
    244   3.22   307.52     205.19     158.99  0.9878     0.9879  0.0122     0.0121     0.1213         0.1594
    245   3.22   290.21     199.69     160.06  0.9874     0.9874  0.0126     0.0126     0.1306         0.1669
    246   3.21   300.68     202.28     158.13  0.9890     0.9891  0.0110     0.0109     0.1336         0.1653
    247   3.21   276.61     198.46     162.30  0.9875     0.9875  0.0125     0.0125     0.1264         0.1654
    248   3.22   284.85     199.70     160.21  0.9879     0.9879  0.0121     0.0121     0.1307         0.1641
    249   3.21   295.56     200.48     158.08  0.9872     0.9872  0.0128     0.0128     0.1232         0.1611
    250   3.22   292.31     200.51     159.49  0.9880     0.9881  0.0120     0.0119     0.1251         0.1544
    251   3.22   301.17     201.98     158.88  0.9875     0.9873  0.0125     0.0127     0.1258         0.1620
    252   3.22   299.34     202.05     157.30  0.9883     0.9881  0.0117     0.0119     0.1230         0.1541
    253   3.22   308.10     203.16     158.07  0.9871     0.9871  0.0129     0.0129     0.1229         0.1526
    254   3.21   305.32     202.16     158.00  0.9874     0.9874  0.0126     0.0126     0.1269         0.1677
    255   3.21   307.13     202.99     156.57  0.9869     0.9867  0.0131     0.0133     0.1173         0.1525
    256   3.22   330.34     209.85     155.67  0.9882     0.9882  0.0118     0.0118     0.1122         0.1432
    257   3.22   314.53     205.60     155.93  0.9879     0.9880  0.0121     0.0120     0.1129         0.1465
    258   3.22   294.41     200.67     157.73  0.9881     0.9882  0.0119     0.0118     0.1211         0.1559
    259   3.22   309.09     204.25     155.96  0.9878     0.9878  0.0122     0.0122     0.1201         0.1515
    260   3.21   293.26     200.48     158.16  0.9879     0.9879  0.0121     0.0121     0.1219         0.1556
    261   3.22   302.98     202.10     156.39  0.9872     0.9872  0.0128     0.0128     0.1206         0.1565
    262   3.22   303.97     202.49     157.17  0.9873     0.9869  0.0127     0.0131     0.1198         0.1545
    263   3.21   282.24     198.22     159.45  0.9872     0.9871  0.0128     0.0129     0.1194         0.1531
    264   3.22   292.76     200.65     159.51  0.9881     0.9880  0.0119     0.0120     0.1212         0.1587
    265   3.22   285.16     197.45     159.00  0.9874     0.9873  0.0126     0.0127     0.1246         0.1593
    266   3.21   278.17     197.00     161.27  0.9872     0.9874  0.0128     0.0126     0.1273         0.1591
    267   3.22   289.82     198.42     158.02  0.9883     0.9882  0.0117     0.0118     0.1142         0.1525
    268   3.22   286.10     199.28     158.36  0.9876     0.9879  0.0124     0.0121     0.1173         0.1483
    269   3.22   288.59     201.94     158.57  0.9883     0.9881  0.0117     0.0119     0.1200         0.1516
    270   3.22   278.16     198.74     158.84  0.9874     0.9870  0.0126     0.0130     0.1205         0.1514
    271   3.22   284.62     200.13     157.93  0.9879     0.9879  0.0121     0.0121     0.1170         0.1484
    272   3.22   282.14     198.94     158.00  0.9883     0.9886  0.0117     0.0114     0.1132         0.1442
    273   3.22   279.46     198.06     158.70  0.9883     0.9884  0.0117     0.0116     0.1147         0.1503
    274   3.21   277.55     197.86     158.57  0.9875     0.9875  0.0125     0.0125     0.1221         0.1572
    275   3.22   291.20     198.88     157.09  0.9873     0.9870  0.0127     0.0130     0.1181         0.1420
    276   3.21   274.64     195.97     158.72  0.9877     0.9877  0.0123     0.0123     0.1153         0.1450
    277   3.21   282.80     195.74     157.25  0.9868     0.9868  0.0132     0.0132     0.1185         0.1493
    278   3.21   278.76     194.59     159.74  0.9868     0.9870  0.0132     0.0130     0.1198         0.1551
    279   3.21   284.96     195.48     158.06  0.9872     0.9872  0.0128     0.0128     0.1137         0.1502
    280   3.21   297.45     199.75     155.15  0.9879     0.9880  0.0121     0.0120     0.1096         0.1440
    281   3.22   278.35     196.32     159.12  0.9879     0.9880  0.0121     0.0120     0.1220         0.1490
    282   3.21   292.80     198.77     155.35  0.9867     0.9866  0.0133     0.0134     0.1172         0.1504
    283   3.21   288.15     197.98     156.64  0.9864     0.9863  0.0136     0.0137     0.1191         0.1516
    284   3.22   278.52     196.19     158.41  0.9873     0.9872  0.0127     0.0128     0.1218         0.1526
    285   3.21   280.07     195.11     157.47  0.9873     0.9876  0.0127     0.0124     0.1189         0.1531
    286   3.21   287.73     196.81     156.10  0.9874     0.9872  0.0126     0.0128     0.1171         0.1507
    287   3.22   290.00     197.08     156.26  0.9874     0.9873  0.0126     0.0127     0.1182         0.1457
    288   3.21   296.72     200.24     155.66  0.9874     0.9873  0.0126     0.0127     0.1145         0.1380
    289   3.22   295.33     199.06     155.26  0.9878     0.9878  0.0122     0.0122     0.1140         0.1440
    290   3.21   291.97     199.17     154.94  0.9876     0.9876  0.0124     0.0124     0.1078         0.1445
    291   3.22   291.91     197.21     155.03  0.9874     0.9876  0.0126     0.0124     0.1183         0.1430
    292   3.22   280.04     195.40     157.16  0.9873     0.9873  0.0127     0.0127     0.1117         0.1399
    293   3.21   281.88     194.57     156.69  0.9877     0.9875  0.0123     0.0125     0.1142         0.1404
    294   3.22   276.26     192.77     157.49  0.9870     0.9874  0.0130     0.0126     0.1192         0.1544
    295   3.21   281.55     194.40     156.97  0.9874     0.9875  0.0126     0.0125     0.1150         0.1473
    296   3.22   276.40     194.86     156.92  0.9878     0.9884  0.0122     0.0116     0.1140         0.1442
    297   3.22   272.16     194.08     157.41  0.9872     0.9869  0.0128     0.0131     0.1153         0.1482
    298   3.22   272.83     194.02     156.03  0.9878     0.9881  0.0122     0.0119     0.1138         0.1399
    299   3.21   274.16     194.77     157.98  0.9870     0.9870  0.0130     0.0130     0.1118         0.1416
    300   3.22   277.16     194.41     155.92  0.9884     0.9883  0.0116     0.0117     0.1147         0.1451
The log/output/model have been saved to: ./logs/train.py-multi_zetas300_True_True_True_1e-06_1e-06_1e-06-lrc-04-23-13:47 + .csv/.out/.cpt
