  epoch    IZY    IXZ_1    IZ_1Z_2    IZ_2Z_3     acc    avg_acc     err    avg_err    adv_acc    avg_adv_acc
-------  -----  -------  ---------  ---------  ------  ---------  ------  ---------  ---------  -------------
      1   3.10  2465.40    1361.26     703.08  0.9508     0.9504  0.0492     0.0496     0.0223         0.0224
      2   3.17  2429.18    1333.09     710.66  0.9648     0.9649  0.0352     0.0351     0.0182         0.0182
      3   3.21  2418.47    1322.34     725.98  0.9750     0.9748  0.0250     0.0252     0.0151         0.0152
      4   3.18  2401.86    1282.60     710.45  0.9689     0.9688  0.0311     0.0312     0.0177         0.0177
      5   3.20  2406.73    1301.28     743.17  0.9742     0.9744  0.0258     0.0256     0.0235         0.0236
      6   3.21  2401.31    1281.26     737.51  0.9748     0.9747  0.0252     0.0253     0.0257         0.0258
      7   3.21  2408.39    1291.28     749.36  0.9777     0.9775  0.0223     0.0225     0.0260         0.0258
      8   3.20  2398.07    1292.96     753.02  0.9771     0.9770  0.0229     0.0230     0.0505         0.0504
      9   3.20  2404.79    1306.05     789.68  0.9789     0.9789  0.0211     0.0211     0.0640         0.0641
     10   3.22  2395.89    1288.93     763.28  0.9800     0.9800  0.0200     0.0200     0.0550         0.0550
     11   3.22  2397.56    1307.06     797.20  0.9821     0.9824  0.0179     0.0176     0.0839         0.0838
     12   3.21  2403.17    1295.86     775.74  0.9791     0.9792  0.0209     0.0208     0.0650         0.0647
     13   3.21  2400.21    1295.80     777.51  0.9794     0.9795  0.0206     0.0205     0.0593         0.0597
     14   3.21  2405.02    1300.36     795.89  0.9813     0.9812  0.0187     0.0188     0.0838         0.0840
     15   3.21  2401.13    1289.26     768.77  0.9789     0.9790  0.0211     0.0210     0.0761         0.0762
     16   3.23  2406.18    1316.88     816.66  0.9828     0.9828  0.0172     0.0172     0.0788         0.0790
     17   3.20  2409.60    1308.56     811.15  0.9802     0.9802  0.0198     0.0198     0.1375         0.1374
     18   3.21  2418.72    1321.82     849.41  0.9819     0.9819  0.0181     0.0181     0.1561         0.1561
     19   3.08  2415.63    1311.09     812.04  0.9658     0.9659  0.0342     0.0341     0.1171         0.1170
     20   3.21  2417.13    1314.83     825.67  0.9824     0.9825  0.0176     0.0175     0.1116         0.1114
     21   3.20  2423.50    1334.57     877.07  0.9821     0.9821  0.0179     0.0179     0.1497         0.1495
     22   3.21  2416.12    1306.65     814.37  0.9813     0.9813  0.0187     0.0187     0.1293         0.1293
     23   3.21  2422.06    1326.29     853.41  0.9816     0.9816  0.0184     0.0184     0.1512         0.1512
     24   3.21  2426.37    1308.34     805.32  0.9808     0.9809  0.0192     0.0191     0.1238         0.1242
     25   3.20  2430.95    1337.81     866.25  0.9834     0.9834  0.0166     0.0166     0.1635         0.1631
     26   3.21  2424.12    1338.64     869.73  0.9834     0.9834  0.0166     0.0166     0.1457         0.1452
     27   3.19  2422.87    1330.31     855.00  0.9798     0.9799  0.0202     0.0201     0.1847         0.1845
     28   3.18  2429.89    1338.83     863.19  0.9805     0.9805  0.0195     0.0195     0.1562         0.1566
     29   2.84  2435.81    1348.83     876.46  0.9357     0.9356  0.0643     0.0644     0.1716         0.1717
     30   3.20  2430.28    1344.91     879.10  0.9830     0.9830  0.0170     0.0170     0.1750         0.1749
     31   3.18  2437.66    1349.66     890.47  0.9803     0.9803  0.0197     0.0197     0.2274         0.2282
     32   3.21  2436.32    1361.36     896.57  0.9848     0.9848  0.0152     0.0152     0.2002         0.2006
     33   3.20  2437.65    1347.69     848.50  0.9818     0.9818  0.0182     0.0182     0.1636         0.1634
     34   3.20  2438.19    1347.18     862.18  0.9821     0.9820  0.0179     0.0180     0.1511         0.1512
     35   3.19  2440.66    1352.82     883.12  0.9824     0.9824  0.0176     0.0176     0.1682         0.1685
     36   3.20  2448.51    1365.40     887.73  0.9826     0.9826  0.0174     0.0174     0.1942         0.1935
     37   3.22  2452.70    1389.70     962.71  0.9862     0.9861  0.0138     0.0139     0.2180         0.2176
     38   3.21  2455.35    1403.03     998.52  0.9861     0.9862  0.0139     0.0138     0.2173         0.2172
     39   3.16  2450.02    1355.13     842.63  0.9758     0.9759  0.0242     0.0241     0.1970         0.1969
     40   3.19  2458.48    1384.06     903.62  0.9822     0.9821  0.0178     0.0179     0.2496         0.2506
     41   3.20  2457.99    1367.17     885.51  0.9841     0.9841  0.0159     0.0159     0.2407         0.2408
     42   3.22  2459.54    1366.58     881.39  0.9849     0.9850  0.0151     0.0150     0.2329         0.2327
     43   3.21  2458.06    1369.88     890.85  0.9858     0.9857  0.0142     0.0143     0.2385         0.2381
     44   3.19  2464.88    1376.59     911.68  0.9828     0.9827  0.0172     0.0173     0.2643         0.2643
     45   3.19  2464.97    1389.35     935.97  0.9831     0.9831  0.0169     0.0169     0.2563         0.2568
     46   3.19  2451.07    1350.07     840.84  0.9809     0.9809  0.0191     0.0191     0.3002         0.3008
     47   3.22  2456.45    1370.62     890.60  0.9851     0.9850  0.0149     0.0150     0.2947         0.2949
     48   3.21  2458.90    1380.67     911.47  0.9851     0.9851  0.0149     0.0149     0.2935         0.2934
     49   3.18  2460.46    1379.73     881.42  0.9805     0.9805  0.0195     0.0195     0.2612         0.2608
     50   3.21  2461.86    1383.25     912.29  0.9846     0.9847  0.0154     0.0153     0.2109         0.2115
     51   3.13  2465.31    1396.36     927.04  0.9767     0.9767  0.0233     0.0233     0.2798         0.2803
     52   3.20  2468.00    1408.17     956.03  0.9860     0.9860  0.0140     0.0140     0.2656         0.2653
     53   3.21  2471.25    1417.86     986.43  0.9870     0.9871  0.0130     0.0129     0.2387         0.2387
     54   3.20  2473.19    1427.97    1015.89  0.9873     0.9873  0.0127     0.0127     0.2385         0.2388
     55   3.20  2474.23    1433.40    1032.23  0.9874     0.9873  0.0126     0.0127     0.2371         0.2371
     56   3.20  2475.12    1438.98    1049.51  0.9873     0.9873  0.0127     0.0127     0.2357         0.2353
     57   3.20  2475.78    1443.86    1066.21  0.9871     0.9872  0.0129     0.0128     0.2308         0.2311
     58   3.20  2476.18    1448.28    1082.94  0.9872     0.9872  0.0128     0.0128     0.2247         0.2243
     59   3.19  2476.21    1451.93    1098.91  0.9875     0.9874  0.0125     0.0126     0.2245         0.2244
     60   3.19  2475.76    1454.62    1114.07  0.9873     0.9873  0.0127     0.0127     0.2198         0.2202
     61   3.19  2474.73    1456.14    1127.94  0.9874     0.9874  0.0126     0.0126     0.2120         0.2114
     62   3.19  2472.91    1456.04    1140.20  0.9873     0.9873  0.0127     0.0127     0.2120         0.2125
     63   3.18  2470.23    1454.05    1149.69  0.9872     0.9871  0.0128     0.0129     0.2068         0.2077
     64   3.18  2466.38    1449.56    1156.04  0.9870     0.9871  0.0130     0.0129     0.2006         0.1996
     65   3.18  2461.26    1442.60    1158.52  0.9873     0.9873  0.0127     0.0127     0.1981         0.1982
     66   3.18  2454.37    1431.73    1154.53  0.9872     0.9871  0.0128     0.0129     0.1947         0.1942
     67   3.18  2445.75    1417.75    1145.28  0.9873     0.9873  0.0127     0.0127     0.1892         0.1894
     68   3.17  2434.92    1399.10    1127.90  0.9871     0.9871  0.0129     0.0129     0.1902         0.1897
     69   3.17  2422.09    1376.32    1101.91  0.9870     0.9869  0.0130     0.0131     0.1856         0.1858
     70   3.17  2407.03    1348.23    1066.04  0.9871     0.9871  0.0129     0.0129     0.1785         0.1788
     71   3.17  2390.05    1316.41    1022.32  0.9870     0.9869  0.0130     0.0131     0.1756         0.1768
     72   3.17  2370.88    1280.24     970.87  0.9870     0.9870  0.0130     0.0130     0.1778         0.1774
     73   3.17  2350.28    1241.80     917.14  0.9869     0.9870  0.0131     0.0130     0.1757         0.1759
     74   3.17  2327.41    1200.40     860.62  0.9869     0.9869  0.0131     0.0131     0.1725         0.1726
     75   3.17  2303.31    1157.79     804.22  0.9873     0.9872  0.0127     0.0128     0.1805         0.1802
     76   3.17  2276.27    1113.69     751.49  0.9872     0.9873  0.0128     0.0127     0.1879         0.1876
     77   3.17  2247.18    1068.81     700.57  0.9874     0.9872  0.0126     0.0128     0.1957         0.1962
     78   3.17  2213.65    1021.92     651.01  0.9871     0.9871  0.0129     0.0129     0.1968         0.1975
     79   3.17  2174.72     973.67     606.16  0.9870     0.9869  0.0130     0.0131     0.1979         0.1991
     80   3.17  2126.21     920.41     564.82  0.9872     0.9871  0.0128     0.0129     0.2056         0.2047
     81   3.17  2065.35     859.73     523.63  0.9869     0.9869  0.0131     0.0131     0.2069         0.2070
     82   3.17  1982.14     782.37     494.43  0.9873     0.9872  0.0127     0.0128     0.2225         0.2239
     83   3.18  1996.36     811.51     413.52  0.9848     0.9848  0.0152     0.0152     0.1933         0.1942
     84   3.19  1996.90     810.53     415.27  0.9852     0.9851  0.0148     0.0149     0.1868         0.1870
     85   3.19  1997.77     808.99     421.08  0.9851     0.9850  0.0149     0.0150     0.2001         0.2007
     86   3.19  1997.48     808.37     423.47  0.9854     0.9857  0.0146     0.0143     0.1975         0.1977
     87   3.19  1996.99     807.54     426.17  0.9853     0.9854  0.0147     0.0146     0.1979         0.1976
     88   3.19  1996.21     806.52     428.94  0.9855     0.9854  0.0145     0.0146     0.2038         0.2044
     89   3.19  1995.32     805.63     432.67  0.9858     0.9857  0.0142     0.0143     0.2075         0.2072
     90   3.19  1994.25     804.64     437.12  0.9857     0.9857  0.0143     0.0143     0.2126         0.2119
     91   3.19  1993.05     803.55     441.61  0.9860     0.9859  0.0140     0.0141     0.2144         0.2153
     92   3.18  1991.62     802.42     447.06  0.9857     0.9858  0.0143     0.0142     0.2117         0.2127
     93   3.18  1989.82     801.22     453.26  0.9861     0.9860  0.0139     0.0140     0.2214         0.2224
     94   3.18  1987.72     799.87     459.29  0.9860     0.9860  0.0140     0.0140     0.2263         0.2250
     95   3.18  1985.21     798.49     466.60  0.9861     0.9861  0.0139     0.0139     0.2352         0.2338
     96   3.18  1982.17     796.80     473.64  0.9861     0.9863  0.0139     0.0137     0.2390         0.2388
     97   3.17  1978.51     794.94     481.92  0.9864     0.9863  0.0136     0.0137     0.2379         0.2397
     98   3.17  1973.99     792.62     490.18  0.9867     0.9866  0.0133     0.0134     0.2499         0.2491
     99   3.17  1968.66     789.94     498.17  0.9861     0.9862  0.0139     0.0138     0.2486         0.2474
    100   3.17  1962.31     786.57     505.71  0.9867     0.9867  0.0133     0.0133     0.2478         0.2490
    101   3.17  1954.40     782.20     513.71  0.9867     0.9868  0.0133     0.0132     0.2560         0.2551
    102   3.17  1945.16     776.70     519.53  0.9864     0.9864  0.0136     0.0136     0.2553         0.2561
    103   3.16  1934.29     769.80     523.85  0.9869     0.9870  0.0131     0.0130     0.2597         0.2611
    104   3.16  1921.29     761.20     525.91  0.9868     0.9865  0.0132     0.0135     0.2592         0.2602
    105   3.16  1906.34     750.96     526.04  0.9868     0.9867  0.0132     0.0133     0.2633         0.2627
    106   3.16  1888.59     738.20     524.11  0.9868     0.9867  0.0132     0.0133     0.2566         0.2588
    107   3.16  1868.00     723.06     518.12  0.9867     0.9867  0.0133     0.0133     0.2535         0.2554
    108   3.16  1843.47     706.12     513.36  0.9869     0.9867  0.0131     0.0133     0.2590         0.2587
    109   3.16  1814.26     684.87     504.36  0.9868     0.9870  0.0132     0.0130     0.2466         0.2483
    110   3.16  1777.59     659.29     493.25  0.9867     0.9867  0.0133     0.0133     0.2494         0.2505
    111   3.16  1735.55     631.98     485.11  0.9868     0.9872  0.0132     0.0128     0.2501         0.2495
    112   3.18  1796.92     682.31     405.54  0.9853     0.9854  0.0147     0.0146     0.1761         0.1774
    113   3.17  1800.33     680.61     411.28  0.9856     0.9855  0.0144     0.0145     0.1872         0.1889
    114   3.17  1799.48     680.24     413.52  0.9861     0.9861  0.0139     0.0139     0.1941         0.1937
    115   3.17  1798.90     679.70     414.67  0.9859     0.9858  0.0141     0.0142     0.1921         0.1919
    116   3.17  1798.22     679.17     416.29  0.9858     0.9857  0.0142     0.0143     0.1926         0.1930
    117   3.17  1797.53     678.60     417.92  0.9860     0.9859  0.0140     0.0141     0.1961         0.1974
    118   3.18  1796.68     677.82     419.55  0.9862     0.9862  0.0138     0.0138     0.1941         0.1951
    119   3.17  1795.60     676.89     422.74  0.9860     0.9862  0.0140     0.0138     0.1977         0.1978
    120   3.18  1794.38     675.81     425.54  0.9859     0.9860  0.0141     0.0140     0.2036         0.2031
    121   3.18  1793.25     674.84     428.86  0.9859     0.9859  0.0141     0.0141     0.2011         0.2006
    122   3.17  1791.53     673.49     432.22  0.9862     0.9861  0.0138     0.0139     0.2065         0.2073
    123   3.17  1789.42     672.03     436.36  0.9862     0.9866  0.0138     0.0134     0.2101         0.2110
    124   3.17  1787.00     670.63     440.88  0.9861     0.9861  0.0139     0.0139     0.2146         0.2145
    125   3.17  1784.34     669.08     445.91  0.9865     0.9865  0.0135     0.0135     0.2190         0.2191
    126   3.17  1781.02     667.05     450.87  0.9865     0.9865  0.0135     0.0135     0.2164         0.2175
    127   3.17  1777.01     665.03     456.77  0.9858     0.9858  0.0142     0.0142     0.2156         0.2163
    128   3.17  1772.41     662.54     461.86  0.9866     0.9866  0.0134     0.0134     0.2236         0.2233
    129   3.17  1766.69     659.59     467.70  0.9863     0.9865  0.0137     0.0135     0.2307         0.2304
    130   3.17  1759.98     656.09     473.24  0.9866     0.9866  0.0134     0.0134     0.2340         0.2328
    131   3.16  1751.85     651.82     477.72  0.9862     0.9864  0.0138     0.0136     0.2394         0.2391
    132   3.16  1742.26     646.57     482.42  0.9865     0.9867  0.0135     0.0133     0.2397         0.2401
    133   3.16  1731.55     641.90     486.55  0.9867     0.9867  0.0133     0.0133     0.2435         0.2439
    134   3.16  1718.70     634.16     487.10  0.9865     0.9864  0.0135     0.0136     0.2413         0.2427
    135   3.16  1702.96     625.20     487.22  0.9867     0.9867  0.0133     0.0133     0.2446         0.2457
    136   3.16  1684.03     614.15     483.99  0.9863     0.9863  0.0137     0.0137     0.2490         0.2480
    137   3.16  1661.87     602.42     479.13  0.9865     0.9869  0.0135     0.0131     0.2400         0.2411
    138   3.16  1633.70     586.67     474.49  0.9867     0.9864  0.0133     0.0136     0.2472         0.2476
    139   3.16  1598.70     568.80     467.10  0.9868     0.9869  0.0132     0.0131     0.2396         0.2402
    140   3.15  1577.10     562.14     433.51  0.9856     0.9855  0.0144     0.0145     0.2297         0.2295
    141   3.15  1579.56     570.71     438.97  0.9867     0.9870  0.0133     0.0130     0.2459         0.2461
    142   3.16  1579.10     570.31     439.48  0.9866     0.9865  0.0134     0.0135     0.2435         0.2424
    143   3.16  1577.60     570.07     440.72  0.9866     0.9864  0.0134     0.0136     0.2494         0.2494
    144   3.16  1575.76     569.32     442.22  0.9865     0.9868  0.0135     0.0132     0.2455         0.2464
    145   3.16  1573.93     568.51     442.50  0.9865     0.9866  0.0135     0.0134     0.2500         0.2518
    146   3.16  1572.05     567.68     443.66  0.9865     0.9865  0.0135     0.0135     0.2496         0.2487
    147   3.16  1569.53     566.95     445.32  0.9861     0.9863  0.0139     0.0137     0.2502         0.2495
    148   3.16  1566.41     565.46     446.71  0.9866     0.9865  0.0134     0.0135     0.2527         0.2536
    149   3.16  1562.73     564.02     446.64  0.9870     0.9872  0.0130     0.0128     0.2510         0.2527
    150   3.16  1558.01     562.07     447.25  0.9867     0.9867  0.0133     0.0133     0.2449         0.2449
    151   3.16  1552.78     559.99     448.24  0.9867     0.9868  0.0133     0.0132     0.2519         0.2515
    152   3.16  1546.46     557.52     447.35  0.9868     0.9868  0.0132     0.0132     0.2482         0.2481
    153   3.16  1538.98     554.89     446.92  0.9866     0.9868  0.0134     0.0132     0.2529         0.2532
    154   3.16  1530.12     551.49     445.58  0.9870     0.9868  0.0130     0.0132     0.2456         0.2457
    155   3.16  1520.52     547.44     444.63  0.9868     0.9869  0.0132     0.0131     0.2485         0.2468
    156   3.16  1508.61     543.19     441.83  0.9873     0.9873  0.0127     0.0127     0.2535         0.2552
    157   3.16  1493.28     538.30     439.19  0.9872     0.9870  0.0128     0.0130     0.2427         0.2427
    158   3.16  1476.50     533.06     437.86  0.9869     0.9873  0.0131     0.0127     0.2424         0.2424
    159   3.16  1459.80     527.47     436.99  0.9874     0.9875  0.0126     0.0125     0.2451         0.2447
    160   3.16  1438.47     520.44     435.84  0.9869     0.9867  0.0131     0.0133     0.2521         0.2527
    161   3.16  1421.93     515.03     433.25  0.9873     0.9874  0.0127     0.0126     0.2476         0.2478
    162   3.16  1404.71     509.22     431.25  0.9871     0.9873  0.0129     0.0127     0.2411         0.2393
    163   3.16  1383.26     502.20     428.30  0.9876     0.9875  0.0124     0.0125     0.2510         0.2517
    164   3.15  1405.72     514.16     427.58  0.9865     0.9865  0.0135     0.0135     0.2687         0.2692
    165   3.15  1402.38     510.19     430.71  0.9869     0.9867  0.0131     0.0133     0.2636         0.2625
    166   3.15  1401.19     509.50     431.20  0.9871     0.9870  0.0129     0.0130     0.2704         0.2710
    167   3.15  1399.37     508.37     430.76  0.9860     0.9864  0.0140     0.0136     0.2688         0.2702
    168   3.15  1396.95     506.83     430.68  0.9866     0.9866  0.0134     0.0134     0.2625         0.2655
    169   3.15  1394.11     505.01     430.08  0.9867     0.9867  0.0133     0.0133     0.2673         0.2692
    170   3.15  1390.65     503.49     430.64  0.9867     0.9865  0.0133     0.0135     0.2687         0.2684
    171   3.15  1386.75     500.91     428.51  0.9863     0.9864  0.0137     0.0136     0.2683         0.2696
    172   3.15  1382.60     498.38     427.16  0.9862     0.9863  0.0138     0.0137     0.2652         0.2628
    173   3.16  1378.12     495.74     425.45  0.9865     0.9863  0.0135     0.0137     0.2635         0.2645
    174   3.15  1372.45     492.55     424.13  0.9867     0.9869  0.0133     0.0131     0.2618         0.2636
    175   3.15  1365.50     488.57     421.23  0.9865     0.9864  0.0135     0.0136     0.2556         0.2548
    176   3.16  1356.53     484.35     418.98  0.9870     0.9870  0.0130     0.0130     0.2598         0.2588
    177   3.15  1346.03     479.07     415.04  0.9870     0.9869  0.0130     0.0131     0.2569         0.2574
    178   3.16  1334.86     473.99     412.10  0.9874     0.9873  0.0126     0.0127     0.2528         0.2526
    179   3.16  1320.07     467.92     409.69  0.9871     0.9873  0.0129     0.0127     0.2572         0.2588
    180   3.16  1303.26     461.21     407.13  0.9869     0.9867  0.0131     0.0133     0.2610         0.2626
    181   3.16  1285.91     456.87     404.02  0.9866     0.9866  0.0134     0.0134     0.2564         0.2550
    182   3.16  1264.93     450.11     402.55  0.9863     0.9866  0.0137     0.0134     0.2601         0.2602
    183   3.16  1249.62     446.18     404.27  0.9870     0.9870  0.0130     0.0130     0.2680         0.2686
    184   3.15  1233.46     443.00     402.20  0.9870     0.9869  0.0130     0.0131     0.2630         0.2620
    185   3.16  1213.90     438.27     399.27  0.9876     0.9876  0.0124     0.0124     0.2632         0.2644
    186   3.15  1211.98     440.75     387.99  0.9863     0.9864  0.0137     0.0136     0.2441         0.2446
    187   3.15  1210.74     440.86     390.68  0.9865     0.9866  0.0135     0.0134     0.2435         0.2461
    188   3.15  1208.95     440.58     391.19  0.9869     0.9870  0.0131     0.0130     0.2433         0.2448
    189   3.15  1206.34     439.83     392.66  0.9868     0.9869  0.0132     0.0131     0.2488         0.2481
    190   3.16  1203.52     438.74     393.44  0.9875     0.9875  0.0125     0.0125     0.2454         0.2462
    191   3.15  1201.34     438.68     391.37  0.9866     0.9869  0.0134     0.0131     0.2543         0.2541
    192   3.16  1197.64     436.87     390.58  0.9869     0.9867  0.0131     0.0133     0.2610         0.2631
    193   3.16  1193.04     434.61     388.67  0.9870     0.9873  0.0130     0.0127     0.2557         0.2559
    194   3.16  1188.36     432.33     388.68  0.9870     0.9870  0.0130     0.0130     0.2575         0.2584
    195   3.15  1183.34     430.85     389.68  0.9876     0.9874  0.0124     0.0126     0.2662         0.2662
    196   3.16  1183.08     430.43     385.07  0.9865     0.9867  0.0135     0.0133     0.2514         0.2532
    197   3.16  1177.37     427.72     383.67  0.9871     0.9872  0.0129     0.0128     0.2542         0.2535
    198   3.16  1170.97     425.26     382.27  0.9871     0.9871  0.0129     0.0129     0.2570         0.2583
    199   3.16  1163.01     422.71     380.98  0.9875     0.9875  0.0125     0.0125     0.2640         0.2636
    200   3.16  1154.30     419.13     378.28  0.9871     0.9872  0.0129     0.0128     0.2504         0.2508
The log/output/model have been saved to: ./logs/train.py-multi_zetas{'num_epochs': 200, 'use_stoch': [True, True, True], 'betas': [1e-09, 1e-09, 1e-09]}-tqf-04-03-13:43 + .csv/.out/.cpt
