  epoch    IZY    IXZ_1    IZ_1Z_2     acc    avg_acc     err    avg_err    adv_acc    avg_adv_acc
-------  -----  -------  ---------  ------  ---------  ------  ---------  ---------  -------------
      1   3.12  1319.26     664.17  0.9563     0.9561  0.0437     0.0439     0.0205         0.0205
      2   3.14  1292.48     670.15  0.9628     0.9626  0.0372     0.0374     0.0209         0.0208
      3   3.21  1266.25     690.56  0.9761     0.9762  0.0239     0.0238     0.0137         0.0138
      4   3.17  1236.35     694.66  0.9659     0.9663  0.0341     0.0337     0.0204         0.0203
      5   3.19  1225.18     701.74  0.9722     0.9724  0.0278     0.0276     0.0218         0.0219
      6   3.18  1208.81     703.30  0.9717     0.9717  0.0283     0.0283     0.0279         0.0280
      7   3.19  1195.19     685.35  0.9743     0.9745  0.0257     0.0255     0.0296         0.0296
      8   3.21  1190.09     698.51  0.9786     0.9786  0.0214     0.0214     0.0416         0.0410
      9   3.18  1180.03     701.57  0.9736     0.9733  0.0264     0.0267     0.0722         0.0725
     10   3.20  1179.10     697.96  0.9784     0.9783  0.0216     0.0217     0.0764         0.0762
     11   3.20  1172.46     702.93  0.9785     0.9784  0.0215     0.0216     0.0989         0.0988
     12   3.21  1162.25     693.67  0.9802     0.9802  0.0198     0.0198     0.0816         0.0817
     13   3.22  1158.07     680.03  0.9821     0.9821  0.0179     0.0179     0.0808         0.0801
     14   3.19  1145.07     671.31  0.9786     0.9785  0.0214     0.0215     0.0810         0.0806
     15   3.20  1136.39     669.39  0.9769     0.9768  0.0231     0.0232     0.1244         0.1249
     16   3.21  1128.75     654.00  0.9811     0.9810  0.0189     0.0190     0.1096         0.1093
     17   3.20  1123.67     649.37  0.9783     0.9784  0.0217     0.0216     0.1310         0.1305
     18   3.14  1120.99     671.69  0.9729     0.9730  0.0271     0.0270     0.1822         0.1819
     19   3.20  1110.58     656.53  0.9794     0.9795  0.0206     0.0205     0.1494         0.1500
     20   3.21  1098.84     632.30  0.9813     0.9814  0.0187     0.0186     0.1309         0.1309
     21   3.22  1093.74     643.26  0.9833     0.9832  0.0167     0.0168     0.1713         0.1711
     22   3.21  1086.94     645.76  0.9826     0.9826  0.0174     0.0174     0.2091         0.2086
     23   3.11  1084.73     638.19  0.9635     0.9637  0.0365     0.0363     0.1642         0.1639
     24   3.20  1077.00     632.16  0.9808     0.9807  0.0192     0.0193     0.1668         0.1670
     25   3.21  1070.11     647.70  0.9840     0.9839  0.0160     0.0161     0.2267         0.2265
     26   3.20  1063.53     635.87  0.9825     0.9825  0.0175     0.0175     0.2301         0.2303
     27   3.18  1055.13     639.30  0.9808     0.9809  0.0192     0.0191     0.2021         0.2019
     28   3.21  1043.91     622.32  0.9836     0.9835  0.0164     0.0165     0.1719         0.1727
     29   3.21  1037.81     606.96  0.9834     0.9833  0.0166     0.0167     0.1961         0.1958
     30   3.21  1031.75     601.93  0.9833     0.9833  0.0167     0.0167     0.2188         0.2185
     31   3.21  1024.28     595.07  0.9839     0.9838  0.0161     0.0162     0.2293         0.2302
     32   3.21  1017.72     600.86  0.9848     0.9848  0.0152     0.0152     0.2616         0.2619
     33   3.14  1013.77     604.08  0.9743     0.9743  0.0257     0.0257     0.3188         0.3184
     34   3.21  1006.60     580.81  0.9828     0.9829  0.0172     0.0171     0.2310         0.2309
     35   3.21   994.40     592.00  0.9835     0.9836  0.0165     0.0164     0.2855         0.2854
     36   3.17   993.73     591.41  0.9795     0.9794  0.0205     0.0206     0.2655         0.2652
     37   3.21   981.83     595.18  0.9842     0.9843  0.0158     0.0157     0.3133         0.3145
     38   3.17   973.96     586.78  0.9799     0.9800  0.0201     0.0200     0.2659         0.2658
     39   3.18   961.57     591.18  0.9810     0.9808  0.0190     0.0192     0.3472         0.3477
     40   3.19   953.27     581.36  0.9826     0.9826  0.0174     0.0174     0.2777         0.2778
     41   3.20   942.33     577.13  0.9850     0.9851  0.0150     0.0149     0.2977         0.2976
     42   3.21   941.68     557.97  0.9853     0.9853  0.0147     0.0147     0.2762         0.2763
     43   3.21   925.49     571.36  0.9855     0.9854  0.0145     0.0146     0.2705         0.2712
     44   3.21   911.24     578.68  0.9858     0.9859  0.0142     0.0141     0.3275         0.3275
     45   3.21   894.03     577.48  0.9860     0.9860  0.0140     0.0140     0.3357         0.3344
     46   3.20   871.03     571.21  0.9863     0.9863  0.0137     0.0137     0.3321         0.3325
     47   3.20   840.94     559.91  0.9863     0.9865  0.0137     0.0135     0.3323         0.3319
     48   3.20   800.29     542.59  0.9864     0.9864  0.0136     0.0136     0.3415         0.3410
     49   3.20   747.42     519.83  0.9866     0.9866  0.0134     0.0134     0.3494         0.3486
     50   3.19   678.06     492.73  0.9864     0.9865  0.0136     0.0135     0.3613         0.3603
     51   3.19   593.84     463.08  0.9864     0.9865  0.0136     0.0135     0.3792         0.3773
     52   3.19   468.83     425.37  0.9865     0.9866  0.0135     0.0134     0.4090         0.4108
     53   3.20   354.46     393.82  0.9865     0.9868  0.0135     0.0132     0.4519         0.4587
     54   3.20   299.97     362.40  0.9863     0.9864  0.0137     0.0136     0.4518         0.4621
     55   3.20   261.77     335.78  0.9866     0.9870  0.0134     0.0130     0.4625         0.4787
     56   3.20   351.36     326.90  0.9827     0.9826  0.0173     0.0174     0.3179         0.3258
     57   3.21   375.88     336.12  0.9839     0.9840  0.0161     0.0160     0.3098         0.3164
     58   3.21   359.51     340.98  0.9861     0.9861  0.0139     0.0139     0.3411         0.3487
     59   3.20   344.40     343.22  0.9863     0.9861  0.0137     0.0139     0.4104         0.4193
     60   3.18   379.97     337.99  0.9811     0.9815  0.0189     0.0185     0.3121         0.3166
     61   3.20   370.75     338.91  0.9845     0.9846  0.0155     0.0154     0.3654         0.3681
     62   3.20   362.00     354.26  0.9859     0.9859  0.0141     0.0141     0.4178         0.4237
     63   3.20   351.32     360.26  0.9862     0.9862  0.0138     0.0138     0.4429         0.4493
     64   3.20   342.19     361.82  0.9861     0.9861  0.0139     0.0139     0.4660         0.4723
     65   3.19   335.30     365.48  0.9864     0.9863  0.0136     0.0137     0.4836         0.4893
     66   3.19   328.28     366.15  0.9867     0.9867  0.0133     0.0133     0.4877         0.4935
     67   3.19   321.30     364.91  0.9866     0.9865  0.0134     0.0135     0.4928         0.5038
     68   3.19   314.12     360.65  0.9866     0.9864  0.0134     0.0136     0.4924         0.5021
     69   3.19   305.87     354.80  0.9865     0.9864  0.0135     0.0136     0.4894         0.4999
     70   3.19   296.44     348.29  0.9868     0.9868  0.0132     0.0132     0.4873         0.5006
     71   3.19   285.13     337.31  0.9870     0.9868  0.0130     0.0132     0.4834         0.4994
     72   3.20   271.97     325.72  0.9869     0.9870  0.0131     0.0130     0.4799         0.4960
     73   3.20   256.99     310.62  0.9870     0.9871  0.0130     0.0129     0.4785         0.4984
     74   3.20   239.86     294.22  0.9865     0.9865  0.0135     0.0135     0.4788         0.5078
     75   3.20   225.24     282.67  0.9873     0.9874  0.0127     0.0126     0.4822         0.5189
     76   3.22   305.12     278.49  0.9862     0.9861  0.0138     0.0139     0.2730         0.2821
     77   3.21   282.99     278.94  0.9866     0.9866  0.0134     0.0134     0.3674         0.3819
     78   3.21   272.67     282.74  0.9871     0.9872  0.0129     0.0128     0.4000         0.4166
     79   3.20   292.45     285.69  0.9864     0.9864  0.0136     0.0136     0.4039         0.4138
     80   3.20   285.26     293.86  0.9867     0.9866  0.0133     0.0134     0.4138         0.4255
     81   3.20   277.07     300.04  0.9877     0.9877  0.0123     0.0123     0.4629         0.4806
     82   3.20   272.61     301.83  0.9881     0.9879  0.0119     0.0121     0.4710         0.4869
     83   3.20   267.84     303.37  0.9879     0.9880  0.0121     0.0120     0.4787         0.5023
     84   3.20   262.96     303.32  0.9878     0.9877  0.0122     0.0123     0.4801         0.5003
     85   3.20   258.94     296.85  0.9880     0.9878  0.0120     0.0122     0.4796         0.5000
     86   3.20   252.70     294.96  0.9882     0.9882  0.0118     0.0118     0.4889         0.5142
     87   3.20   246.17     289.37  0.9880     0.9880  0.0120     0.0120     0.4862         0.5132
     88   3.20   240.72     280.43  0.9882     0.9884  0.0118     0.0116     0.4746         0.5026
     89   3.20   230.46     273.78  0.9885     0.9885  0.0115     0.0115     0.4787         0.5072
     90   3.20   219.94     263.57  0.9885     0.9884  0.0115     0.0116     0.4774         0.5135
     91   3.20   209.33     250.83  0.9883     0.9883  0.0117     0.0117     0.4642         0.4990
     92   3.21   298.04     249.84  0.9855     0.9856  0.0145     0.0144     0.2358         0.2440
     93   3.19   278.53     256.57  0.9839     0.9838  0.0161     0.0162     0.3157         0.3272
     94   3.20   258.04     249.50  0.9868     0.9867  0.0132     0.0133     0.3840         0.4024
     95   3.20   252.07     252.92  0.9867     0.9868  0.0133     0.0132     0.4103         0.4344
     96   3.20   246.10     254.93  0.9867     0.9866  0.0133     0.0134     0.4319         0.4594
     97   3.20   240.84     257.80  0.9869     0.9868  0.0131     0.0132     0.4457         0.4721
     98   3.20   236.01     259.98  0.9870     0.9870  0.0130     0.0130     0.4579         0.4907
     99   3.20   231.69     261.19  0.9870     0.9870  0.0130     0.0130     0.4771         0.5092
    100   3.19   226.63     260.33  0.9870     0.9871  0.0130     0.0129     0.4805         0.5155
    101   3.20   223.20     254.59  0.9873     0.9873  0.0127     0.0127     0.4680         0.5023
    102   3.20   218.82     253.10  0.9875     0.9873  0.0125     0.0127     0.4720         0.5124
    103   3.19   211.14     247.88  0.9871     0.9871  0.0129     0.0129     0.4806         0.5203
    104   3.20   219.23     239.56  0.9868     0.9868  0.0132     0.0132     0.4492         0.4856
    105   3.20   202.83     239.56  0.9871     0.9871  0.0129     0.0129     0.4691         0.5189
    106   3.20   199.23     229.32  0.9876     0.9874  0.0124     0.0126     0.4627         0.5061
    107   3.11   241.26     281.12  0.9801     0.9802  0.0199     0.0198     0.4038         0.4565
    108   3.20   244.72     230.18  0.9856     0.9855  0.0144     0.0145     0.3669         0.3937
    109   3.21   237.55     229.79  0.9876     0.9877  0.0124     0.0123     0.3863         0.4101
    110   3.21   234.77     231.05  0.9878     0.9879  0.0122     0.0121     0.4192         0.4479
    111   3.21   231.16     232.28  0.9879     0.9879  0.0121     0.0121     0.4237         0.4569
    112   3.20   226.41     235.37  0.9880     0.9882  0.0120     0.0118     0.4484         0.4815
    113   3.21   222.38     236.88  0.9878     0.9880  0.0122     0.0120     0.4544         0.4914
    114   3.20   217.58     238.06  0.9883     0.9881  0.0117     0.0119     0.4670         0.5071
    115   3.20   213.80     238.47  0.9880     0.9878  0.0120     0.0122     0.4671         0.5100
    116   3.20   209.50     239.63  0.9883     0.9884  0.0117     0.0116     0.4841         0.5219
    117   3.20   205.57     239.69  0.9880     0.9883  0.0120     0.0117     0.4842         0.5287
    118   3.20   201.68     237.16  0.9885     0.9885  0.0115     0.0115     0.4931         0.5355
    119   3.20   197.31     233.62  0.9887     0.9886  0.0113     0.0114     0.4801         0.5305
    120   3.20   192.51     229.75  0.9883     0.9884  0.0117     0.0116     0.4798         0.5274
    121   3.20   185.54     224.79  0.9882     0.9884  0.0118     0.0116     0.4733         0.5236
    122   3.20   180.15     217.24  0.9874     0.9878  0.0126     0.0122     0.4616         0.5107
    123   3.21   220.43     215.60  0.9863     0.9862  0.0137     0.0138     0.3582         0.3818
    124   3.20   208.56     214.15  0.9863     0.9862  0.0137     0.0138     0.4085         0.4390
    125   3.20   205.26     215.40  0.9871     0.9874  0.0129     0.0126     0.4150         0.4500
    126   3.20   200.96     215.97  0.9869     0.9870  0.0131     0.0130     0.4336         0.4735
    127   3.20   197.36     216.58  0.9874     0.9874  0.0126     0.0126     0.4405         0.4816
    128   3.20   194.19     217.43  0.9876     0.9876  0.0124     0.0124     0.4439         0.4918
    129   3.20   191.58     217.42  0.9873     0.9872  0.0127     0.0128     0.4510         0.5031
    130   3.20   188.75     217.67  0.9870     0.9872  0.0130     0.0128     0.4580         0.5143
    131   3.21   193.44     215.18  0.9879     0.9878  0.0121     0.0122     0.4511         0.4964
    132   3.20   187.93     215.71  0.9877     0.9878  0.0123     0.0122     0.4653         0.5162
    133   3.20   183.55     214.81  0.9878     0.9879  0.0122     0.0121     0.4632         0.5198
    134   3.20   189.31     209.12  0.9869     0.9870  0.0131     0.0130     0.4431         0.4946
    135   3.20   177.03     209.65  0.9875     0.9875  0.0125     0.0125     0.4693         0.5239
    136   3.20   170.72     205.61  0.9881     0.9879  0.0119     0.0121     0.4619         0.5267
    137   3.20   199.30     206.64  0.9861     0.9861  0.0139     0.0139     0.3976         0.4383
    138   3.20   193.68     207.19  0.9872     0.9869  0.0128     0.0131     0.4299         0.4687
    139   3.20   189.18     206.63  0.9877     0.9878  0.0123     0.0122     0.4291         0.4824
    140   3.20   185.27     208.26  0.9877     0.9878  0.0123     0.0122     0.4449         0.4954
    141   3.20   185.51     205.67  0.9872     0.9874  0.0128     0.0126     0.4356         0.4914
    142   3.20   179.84     204.56  0.9874     0.9874  0.0126     0.0126     0.4461         0.5025
    143   3.20   175.06     203.84  0.9873     0.9878  0.0127     0.0122     0.4463         0.5095
    144   3.20   170.54     201.96  0.9875     0.9877  0.0125     0.0123     0.4578         0.5143
    145   3.20   168.67     199.08  0.9875     0.9875  0.0125     0.0125     0.4435         0.5050
    146   3.20   194.56     198.01  0.9866     0.9866  0.0134     0.0134     0.3666         0.4086
    147   3.21   195.82     196.08  0.9878     0.9877  0.0122     0.0123     0.3675         0.4142
    148   3.21   188.19     198.67  0.9880     0.9880  0.0120     0.0120     0.4140         0.4673
    149   3.20   194.01     197.20  0.9872     0.9873  0.0128     0.0127     0.4161         0.4633
    150   3.20   186.11     198.22  0.9873     0.9873  0.0127     0.0127     0.4223         0.4855
    151   3.20   181.75     199.08  0.9875     0.9874  0.0125     0.0126     0.4329         0.4975
    152   3.20   177.41     198.79  0.9866     0.9868  0.0134     0.0132     0.4322         0.5018
    153   3.21   173.75     198.60  0.9874     0.9875  0.0126     0.0125     0.4324         0.5042
    154   3.21   169.77     197.18  0.9877     0.9878  0.0123     0.0122     0.4329         0.5135
    155   3.20   169.03     194.45  0.9875     0.9876  0.0125     0.0124     0.4334         0.5061
    156   3.20   164.99     192.92  0.9871     0.9872  0.0129     0.0128     0.4273         0.5065
    157   3.20   163.47     190.76  0.9876     0.9879  0.0124     0.0121     0.4348         0.5132
    158   3.20   157.27     189.16  0.9874     0.9873  0.0126     0.0127     0.4317         0.5116
    159   3.20   154.07     186.28  0.9877     0.9881  0.0123     0.0119     0.4184         0.4968
    160   3.21   149.31     183.39  0.9880     0.9882  0.0120     0.0118     0.4132         0.4988
    161   3.21   144.84     180.12  0.9887     0.9885  0.0113     0.0115     0.4136         0.4955
    162   3.20   150.39     179.63  0.9880     0.9879  0.0120     0.0121     0.4036         0.4851
    163   3.20   145.69     178.91  0.9875     0.9875  0.0125     0.0125     0.4110         0.5042
    164   3.20   141.85     176.77  0.9881     0.9879  0.0119     0.0121     0.4061         0.5061
    165   3.20   137.82     174.16  0.9884     0.9883  0.0116     0.0117     0.4004         0.4924
    166   3.20   136.24     171.55  0.9880     0.9880  0.0120     0.0120     0.3983         0.4899
    167   3.20   136.83     167.56  0.9878     0.9878  0.0122     0.0122     0.3822         0.4682
    168   3.20   131.07     166.88  0.9880     0.9880  0.0120     0.0120     0.3939         0.4904
    169   3.20   131.87     166.08  0.9880     0.9876  0.0120     0.0124     0.3877         0.4894
    170   3.21   139.49     163.81  0.9882     0.9882  0.0118     0.0118     0.3878         0.4674
    171   3.20   138.70     165.51  0.9880     0.9879  0.0120     0.0121     0.3915         0.4841
    172   3.20   132.14     165.88  0.9887     0.9887  0.0113     0.0113     0.4007         0.5040
    173   3.20   132.41     165.74  0.9880     0.9877  0.0120     0.0123     0.3820         0.4825
    174   3.20   130.03     165.05  0.9882     0.9882  0.0118     0.0118     0.3820         0.4863
    175   3.20   125.78     163.89  0.9887     0.9886  0.0113     0.0114     0.3816         0.4860
    176   3.20   127.42     162.65  0.9892     0.9889  0.0108     0.0111     0.3703         0.4703
    177   3.20   128.51     161.08  0.9887     0.9881  0.0113     0.0119     0.3634         0.4615
    178   3.20   125.99     162.43  0.9880     0.9883  0.0120     0.0117     0.3705         0.4824
    179   3.21   125.16     159.58  0.9881     0.9884  0.0119     0.0116     0.3591         0.4544
    180   3.20   120.68     158.44  0.9879     0.9881  0.0121     0.0119     0.3771         0.4806
    181   3.20   121.88     156.64  0.9881     0.9878  0.0119     0.0122     0.3514         0.4504
    182   3.20   125.73     156.61  0.9879     0.9880  0.0121     0.0120     0.3580         0.4520
    183   3.20   122.51     156.12  0.9893     0.9889  0.0107     0.0111     0.3729         0.4726
    184   3.20   125.23     155.53  0.9889     0.9889  0.0111     0.0111     0.3634         0.4566
    185   3.20   116.08     155.11  0.9893     0.9892  0.0107     0.0108     0.3760         0.4888
    186   3.20   117.45     154.34  0.9880     0.9885  0.0120     0.0115     0.3794         0.4828
    187   3.20   113.37     151.68  0.9885     0.9886  0.0115     0.0114     0.3667         0.4747
    188   3.20   109.63     151.74  0.9888     0.9887  0.0112     0.0113     0.3790         0.4869
    189   3.19   107.85     149.11  0.9878     0.9879  0.0122     0.0121     0.3729         0.4852
    190   3.20   105.82     148.10  0.9887     0.9890  0.0113     0.0110     0.3750         0.4853
    191   3.20   107.47     146.16  0.9889     0.9889  0.0111     0.0111     0.3685         0.4797
    192   3.20   113.55     144.94  0.9885     0.9888  0.0115     0.0112     0.3354         0.4312
    193   3.20   105.60     144.51  0.9890     0.9890  0.0110     0.0110     0.3618         0.4652
    194   3.21   108.12     143.19  0.9891     0.9888  0.0109     0.0112     0.3643         0.4673
    195   3.20   102.48     143.11  0.9890     0.9889  0.0110     0.0111     0.3663         0.4750
    196   3.20   109.57     141.53  0.9880     0.9882  0.0120     0.0118     0.3578         0.4616
    197   3.20   108.74     140.61  0.9885     0.9884  0.0115     0.0116     0.3560         0.4585
    198   3.20   113.01     140.68  0.9880     0.9877  0.0120     0.0123     0.3561         0.4604
    199   3.20   105.21     140.78  0.9887     0.9886  0.0113     0.0114     0.3652         0.4736
    200   3.19   107.47     140.32  0.9874     0.9876  0.0126     0.0124     0.3536         0.4595
The log/output/model have been saved to: ./logs/train.py-multi_zetas{'num_epochs': 200, 'use_stoch': [False, True, True], 'betas': [1e-07, 1e-07, 1e-07]}-uxo-04-03-16:33 + .csv/.out/.cpt
