  epoch    IZY    IXZ_1    IZ_1Z_2    IZ_2Z_3     acc    avg_acc     err    avg_err    adv_acc    avg_adv_acc
-------  -----  -------  ---------  ---------  ------  ---------  ------  ---------  ---------  -------------
      1   3.06   396.15     210.66     109.73  0.9432     0.9496  0.0568     0.0504     0.0518         0.0540
      2   3.13   365.73     222.86     112.43  0.9591     0.9585  0.0409     0.0415     0.0308         0.0315
      3   3.14   303.66     160.23      89.17  0.9594     0.9636  0.0406     0.0364     0.0615         0.0684
      4   3.18   342.77     216.61     107.12  0.9695     0.9715  0.0305     0.0285     0.0301         0.0330
      5   3.18   288.39     141.31      79.86  0.9696     0.9713  0.0304     0.0287     0.0576         0.0673
      6   3.20   250.95     142.40      76.32  0.9737     0.9749  0.0263     0.0251     0.0501         0.0616
      7   3.19   264.68     135.13      71.04  0.9733     0.9753  0.0267     0.0247     0.0658         0.0844
      8   3.16   230.95     118.11      74.73  0.9677     0.9716  0.0323     0.0284     0.0754         0.0954
      9   3.21   234.94     141.01      73.15  0.9771     0.9773  0.0229     0.0227     0.0657         0.0799
     10   3.20   212.07     118.87      68.95  0.9773     0.9782  0.0227     0.0218     0.0707         0.0849
     11   3.13   205.48     110.92      68.40  0.9637     0.9654  0.0363     0.0346     0.0888         0.1067
     12   3.20   219.42     111.53      64.54  0.9784     0.9783  0.0216     0.0217     0.0877         0.1092
     13   3.18   172.43     101.80      64.58  0.9749     0.9772  0.0251     0.0228     0.1142         0.1459
     14   3.15   216.65     134.82      77.57  0.9691     0.9696  0.0309     0.0304     0.0751         0.0841
     15   3.17   191.07     110.87      60.72  0.9726     0.9739  0.0274     0.0261     0.1124         0.1393
     16   3.19   199.41     118.95      60.77  0.9769     0.9771  0.0231     0.0229     0.1348         0.1603
     17   3.21   174.34      96.52      56.20  0.9803     0.9816  0.0197     0.0184     0.1292         0.1588
     18   3.19   195.63     111.61      56.26  0.9783     0.9783  0.0217     0.0217     0.1150         0.1322
     19   3.21   174.97      96.94      52.39  0.9818     0.9828  0.0182     0.0172     0.1541         0.1834
     20   3.19   175.46      96.53      49.96  0.9785     0.9797  0.0215     0.0203     0.1562         0.1904
     21   3.18   158.15      87.74      52.67  0.9747     0.9770  0.0253     0.0230     0.1450         0.1806
     22   3.21   152.85      88.41      51.51  0.9802     0.9812  0.0198     0.0188     0.1898         0.2292
     23   3.16   184.02     122.48      56.13  0.9730     0.9734  0.0270     0.0266     0.1377         0.1531
     24   3.20   145.85      83.90      49.19  0.9808     0.9822  0.0192     0.0178     0.1668         0.2050
     25   3.19   180.76      93.20      47.04  0.9792     0.9800  0.0208     0.0200     0.1676         0.1949
     26   3.19   143.55      80.43      47.85  0.9793     0.9805  0.0207     0.0195     0.1796         0.2183
     27   3.18   157.52      89.93      46.12  0.9765     0.9776  0.0235     0.0224     0.1811         0.2115
     28   3.18   166.17      93.39      46.92  0.9800     0.9795  0.0200     0.0205     0.1889         0.2117
     29   3.20   147.31      80.22      44.74  0.9811     0.9818  0.0189     0.0182     0.2355         0.2743
     30   3.20   125.12      75.60      44.30  0.9817     0.9817  0.0183     0.0183     0.2221         0.2641
     31   3.21   145.79      90.78      44.71  0.9824     0.9833  0.0176     0.0167     0.1923         0.2156
     32   3.19   139.18      79.81      45.21  0.9800     0.9805  0.0200     0.0195     0.2444         0.2754
     33   3.19   130.19      74.31      42.15  0.9815     0.9818  0.0185     0.0182     0.2548         0.2998
     34   3.18   128.69      80.28      40.57  0.9798     0.9802  0.0202     0.0198     0.2324         0.2684
     35   3.20   116.84      72.77      41.48  0.9828     0.9830  0.0172     0.0170     0.2263         0.2726
     36   3.19   124.20      73.29      42.02  0.9806     0.9818  0.0194     0.0182     0.2169         0.2544
     37   3.19   110.43      68.82      40.28  0.9818     0.9829  0.0182     0.0171     0.2421         0.2907
     38   3.19   130.20      77.51      41.09  0.9821     0.9822  0.0179     0.0178     0.2504         0.2899
     39   3.20   114.38      72.89      39.84  0.9816     0.9826  0.0184     0.0174     0.2640         0.3011
     40   3.20   111.94      71.51      39.16  0.9821     0.9821  0.0179     0.0179     0.2459         0.2835
     41   3.11   128.58      79.89      38.38  0.9717     0.9729  0.0283     0.0271     0.2359         0.2685
     42   3.19   114.93      64.60      37.99  0.9811     0.9818  0.0189     0.0182     0.2511         0.2949
     43   3.21   105.20      62.81      38.16  0.9833     0.9848  0.0167     0.0152     0.2561         0.3046
     44   3.20   117.94      66.14      35.98  0.9829     0.9834  0.0171     0.0166     0.2933         0.3380
     45   3.18   122.17      65.70      37.07  0.9805     0.9814  0.0195     0.0186     0.2877         0.3327
     46   3.19   149.67      73.44      38.15  0.9831     0.9833  0.0169     0.0167     0.2654         0.2911
     47   3.19   119.28      69.04      36.69  0.9817     0.9821  0.0183     0.0179     0.2795         0.3211
     48   3.20   109.02      63.36      35.33  0.9824     0.9833  0.0176     0.0167     0.2609         0.3003
     49   3.20   105.86      60.50      35.12  0.9836     0.9835  0.0164     0.0165     0.2934         0.3430
     50   3.19   116.34      60.27      35.45  0.9825     0.9830  0.0175     0.0170     0.3031         0.3444
     51   3.18   103.00      59.25      34.83  0.9815     0.9818  0.0185     0.0182     0.2896         0.3292
     52   3.18    96.40      56.77      35.53  0.9825     0.9827  0.0175     0.0173     0.3010         0.3507
     53   3.16   103.52      58.74      35.75  0.9785     0.9794  0.0215     0.0206     0.2813         0.3242
     54   3.18   116.61      67.41      33.64  0.9824     0.9827  0.0176     0.0173     0.3025         0.3282
     55   3.19    95.32      55.81      33.67  0.9825     0.9837  0.0175     0.0163     0.3107         0.3532
     56   3.18   104.84      55.86      32.63  0.9821     0.9831  0.0179     0.0169     0.3365         0.3810
     57   3.19    95.07      52.57      32.61  0.9839     0.9846  0.0161     0.0154     0.3423         0.3896
     58   3.18   107.57      53.69      33.06  0.9827     0.9836  0.0173     0.0164     0.3542         0.4010
     59   3.19    92.47      51.00      33.45  0.9828     0.9836  0.0172     0.0164     0.3331         0.3734
     60   3.17   102.94      56.37      32.51  0.9815     0.9830  0.0185     0.0170     0.3314         0.3723
     61   3.17    93.67      53.73      31.73  0.9812     0.9822  0.0188     0.0178     0.3249         0.3757
     62   3.18    92.70      52.97      31.37  0.9829     0.9830  0.0171     0.0170     0.3339         0.3734
     63   3.16   100.05      51.85      31.31  0.9808     0.9816  0.0192     0.0184     0.3608         0.3996
     64   3.18    98.40      53.12      31.79  0.9816     0.9817  0.0184     0.0183     0.3514         0.3879
     65   3.19    92.62      53.50      30.56  0.9829     0.9831  0.0171     0.0169     0.3449         0.3764
     66   3.17    88.78      50.71      31.04  0.9828     0.9827  0.0172     0.0173     0.3397         0.3743
     67   3.17    88.58      49.88      30.66  0.9821     0.9821  0.0179     0.0179     0.3714         0.4065
     68   3.15    93.31      52.72      30.88  0.9810     0.9810  0.0190     0.0190     0.3543         0.3890
     69   3.17    89.90      52.41      31.39  0.9815     0.9818  0.0185     0.0182     0.3719         0.4003
     70   3.18    89.00      49.51      29.98  0.9827     0.9829  0.0173     0.0171     0.3303         0.3620
     71   3.19    82.00      46.16      29.49  0.9836     0.9840  0.0164     0.0160     0.3545         0.3925
     72   3.17    87.25      49.04      29.03  0.9822     0.9820  0.0178     0.0180     0.3274         0.3640
     73   3.19    90.15      48.78      29.75  0.9851     0.9856  0.0149     0.0144     0.3454         0.3820
     74   3.18    86.22      49.90      29.62  0.9830     0.9835  0.0170     0.0165     0.3284         0.3621
     75   3.17    79.43      46.72      28.87  0.9837     0.9831  0.0163     0.0169     0.3118         0.3477
     76   3.19    84.45      49.01      28.59  0.9847     0.9853  0.0153     0.0147     0.3313         0.3633
     77   3.16    91.42      48.17      28.38  0.9830     0.9832  0.0170     0.0168     0.3655         0.4055
     78   3.18    84.97      46.63      28.08  0.9839     0.9841  0.0161     0.0159     0.3747         0.4057
     79   3.15    84.39      44.75      29.15  0.9813     0.9810  0.0187     0.0190     0.3768         0.4096
     80   3.17    78.90      43.70      28.15  0.9830     0.9830  0.0170     0.0170     0.3517         0.3926
     81   3.17    82.78      44.62      27.30  0.9821     0.9830  0.0179     0.0170     0.3616         0.3957
     82   3.15    85.03      43.19      28.00  0.9804     0.9806  0.0196     0.0194     0.3444         0.3804
     83   3.17    80.87      42.28      26.98  0.9823     0.9821  0.0177     0.0179     0.3571         0.3972
     84   3.18    80.61      44.01      27.80  0.9837     0.9842  0.0163     0.0158     0.3517         0.3797
     85   3.19    76.92      43.26      27.35  0.9847     0.9849  0.0153     0.0151     0.3587         0.3911
     86   3.18    76.14      42.16      27.53  0.9834     0.9841  0.0166     0.0159     0.3393         0.3699
     87   3.17    74.49      42.26      26.74  0.9828     0.9833  0.0172     0.0167     0.3539         0.3889
     88   3.16    76.97      41.82      27.23  0.9819     0.9831  0.0181     0.0169     0.3554         0.3875
     89   3.15    81.21      45.01      26.86  0.9819     0.9829  0.0181     0.0171     0.3476         0.3749
     90   3.17    72.31      42.04      26.56  0.9836     0.9835  0.0164     0.0165     0.3365         0.3673
     91   3.17    74.28      40.73      26.82  0.9817     0.9827  0.0183     0.0173     0.3258         0.3614
     92   3.16    76.32      40.35      26.22  0.9816     0.9823  0.0184     0.0177     0.3750         0.4117
     93   3.16    75.09      40.17      26.78  0.9829     0.9835  0.0171     0.0165     0.3659         0.3957
     94   3.17    74.84      39.28      26.68  0.9818     0.9824  0.0182     0.0176     0.3688         0.4040
     95   3.14    83.42      40.39      26.16  0.9822     0.9824  0.0178     0.0176     0.3927         0.4233
     96   3.15    74.58      42.89      25.74  0.9808     0.9809  0.0192     0.0191     0.3221         0.3454
     97   3.19    70.87      40.63      26.47  0.9861     0.9853  0.0139     0.0147     0.3440         0.3694
     98   3.16    76.17      41.54      25.55  0.9838     0.9840  0.0162     0.0160     0.3503         0.3747
     99   3.16    69.99      39.81      26.06  0.9827     0.9830  0.0173     0.0170     0.3467         0.3716
    100   3.15    71.04      43.18      25.62  0.9805     0.9817  0.0195     0.0183     0.3291         0.3498
    101   3.16    68.90      37.73      25.62  0.9826     0.9828  0.0174     0.0172     0.3591         0.3891
    102   3.16    71.08      41.20      25.22  0.9830     0.9834  0.0170     0.0166     0.3658         0.3912
    103   3.18    70.10      41.18      25.69  0.9837     0.9847  0.0163     0.0153     0.3440         0.3653
    104   3.16    72.18      38.85      25.07  0.9822     0.9824  0.0178     0.0176     0.3486         0.3778
    105   3.17    66.07      38.37      25.57  0.9832     0.9835  0.0168     0.0165     0.3291         0.3553
    106   3.16    68.24      38.47      24.67  0.9832     0.9829  0.0168     0.0171     0.3839         0.4075
    107   3.17    71.49      40.64      24.75  0.9837     0.9840  0.0163     0.0160     0.3516         0.3727
    108   3.16    71.45      39.08      24.97  0.9819     0.9825  0.0181     0.0175     0.3430         0.3631
    109   3.17    70.29      36.60      25.19  0.9835     0.9840  0.0165     0.0160     0.3582         0.3902
    110   3.16    68.65      39.41      24.90  0.9824     0.9835  0.0176     0.0165     0.3566         0.3837
    111   3.16    67.76      36.81      24.76  0.9837     0.9837  0.0163     0.0163     0.3519         0.3816
    112   3.17    67.85      40.24      25.09  0.9838     0.9848  0.0162     0.0152     0.3459         0.3637
    113   3.15    65.90      36.88      24.55  0.9828     0.9832  0.0172     0.0168     0.3603         0.3851
    114   3.17    72.75      37.54      25.13  0.9832     0.9836  0.0168     0.0164     0.3498         0.3768
    115   3.15    67.50      38.44      25.09  0.9831     0.9829  0.0169     0.0171     0.3644         0.3869
    116   3.15    69.53      40.01      23.84  0.9819     0.9828  0.0181     0.0172     0.3693         0.3912
    117   3.16    64.04      36.16      24.31  0.9831     0.9838  0.0169     0.0162     0.3436         0.3720
    118   3.16    64.21      36.72      24.08  0.9836     0.9835  0.0164     0.0165     0.3437         0.3700
    119   3.17    63.97      36.50      24.10  0.9829     0.9834  0.0171     0.0166     0.3414         0.3628
    120   3.17    64.28      35.91      24.48  0.9836     0.9838  0.0164     0.0162     0.3375         0.3607
    121   3.17    63.98      36.37      24.09  0.9826     0.9828  0.0174     0.0172     0.3206         0.3423
    122   3.17    62.03      35.29      24.33  0.9835     0.9842  0.0165     0.0158     0.3333         0.3632
    123   3.18    63.01      35.89      24.10  0.9842     0.9838  0.0158     0.0162     0.3273         0.3538
    124   3.16    65.95      34.61      23.97  0.9819     0.9835  0.0181     0.0165     0.3539         0.3781
    125   3.15    63.60      34.73      24.17  0.9820     0.9825  0.0180     0.0175     0.3676         0.4010
    126   3.14    63.77      35.92      23.57  0.9816     0.9822  0.0184     0.0178     0.3263         0.3553
    127   3.15    70.77      35.90      23.78  0.9820     0.9827  0.0180     0.0173     0.3722         0.3939
    128   3.16    61.02      34.24      24.01  0.9823     0.9825  0.0177     0.0175     0.3422         0.3619
    129   3.17    60.21      34.39      23.77  0.9816     0.9819  0.0184     0.0181     0.3268         0.3552
    130   3.15    59.73      34.18      23.90  0.9822     0.9832  0.0178     0.0168     0.3359         0.3606
    131   3.17    61.12      35.15      23.67  0.9826     0.9835  0.0174     0.0165     0.3248         0.3457
    132   3.16    60.80      33.83      23.52  0.9834     0.9842  0.0166     0.0158     0.3429         0.3755
    133   3.15    60.29      34.46      23.66  0.9822     0.9828  0.0178     0.0172     0.3305         0.3555
    134   3.15    59.93      34.86      23.61  0.9828     0.9838  0.0172     0.0162     0.3129         0.3371
    135   3.16    61.57      33.90      23.11  0.9830     0.9830  0.0170     0.0170     0.3446         0.3691
    136   3.16    59.52      33.65      23.63  0.9825     0.9833  0.0175     0.0167     0.3327         0.3522
    137   3.17    61.92      33.25      23.41  0.9839     0.9839  0.0161     0.0161     0.3230         0.3473
    138   3.15    61.31      34.66      23.37  0.9828     0.9840  0.0172     0.0160     0.3407         0.3637
    139   3.18    61.60      33.45      23.24  0.9857     0.9858  0.0143     0.0142     0.3492         0.3713
    140   3.15    59.12      33.65      23.15  0.9821     0.9825  0.0179     0.0175     0.3320         0.3528
    141   3.15    58.32      33.54      23.29  0.9833     0.9840  0.0167     0.0160     0.3455         0.3747
    142   3.16    59.47      33.82      23.61  0.9836     0.9837  0.0164     0.0163     0.3422         0.3630
    143   3.17    59.93      34.33      23.67  0.9846     0.9851  0.0154     0.0149     0.3292         0.3547
    144   3.17    58.24      35.01      22.95  0.9846     0.9854  0.0154     0.0146     0.3281         0.3467
    145   3.17    59.79      34.03      23.05  0.9845     0.9856  0.0155     0.0144     0.3371         0.3629
    146   3.18    57.78      32.89      23.13  0.9848     0.9847  0.0152     0.0153     0.3253         0.3461
    147   3.17    55.51      33.06      23.00  0.9832     0.9837  0.0168     0.0163     0.3197         0.3407
    148   3.16    61.06      33.36      22.83  0.9826     0.9837  0.0174     0.0163     0.3278         0.3482
    149   3.16    57.03      33.88      22.69  0.9834     0.9839  0.0166     0.0161     0.2991         0.3282
    150   3.14    59.29      32.42      22.84  0.9824     0.9833  0.0176     0.0167     0.3299         0.3562
    151   3.13    56.07      33.13      22.73  0.9810     0.9816  0.0190     0.0184     0.3160         0.3394
    152   3.16    58.63      35.27      22.56  0.9841     0.9851  0.0159     0.0149     0.3214         0.3442
    153   3.16    57.39      33.24      22.99  0.9827     0.9843  0.0173     0.0157     0.3442         0.3676
    154   3.15    61.72      33.48      22.88  0.9824     0.9828  0.0176     0.0172     0.3351         0.3597
    155   3.14    58.43      33.06      22.69  0.9821     0.9830  0.0179     0.0170     0.3307         0.3556
    156   3.17    57.68      31.79      23.04  0.9840     0.9847  0.0160     0.0153     0.3220         0.3450
    157   3.17    58.88      34.54      22.77  0.9847     0.9854  0.0153     0.0146     0.3133         0.3286
    158   3.15    55.31      31.85      22.55  0.9825     0.9829  0.0175     0.0171     0.3362         0.3634
    159   3.17    57.56      31.95      22.81  0.9828     0.9830  0.0172     0.0170     0.3234         0.3450
    160   3.17    56.14      33.91      22.39  0.9842     0.9847  0.0158     0.0153     0.3146         0.3308
    161   3.15    58.53      33.11      22.70  0.9816     0.9828  0.0184     0.0172     0.3292         0.3524
    162   3.16    56.53      31.81      22.52  0.9841     0.9841  0.0159     0.0159     0.3267         0.3520
    163   3.16    54.83      32.79      22.24  0.9831     0.9831  0.0169     0.0169     0.3056         0.3339
    164   3.17    62.00      35.97      22.25  0.9835     0.9843  0.0165     0.0157     0.3359         0.3540
    165   3.17    57.28      32.27      22.43  0.9846     0.9851  0.0154     0.0149     0.3325         0.3587
    166   3.15    55.35      32.89      22.74  0.9841     0.9846  0.0159     0.0154     0.3090         0.3267
    167   3.16    55.51      31.60      22.23  0.9833     0.9842  0.0167     0.0158     0.3316         0.3577
    168   3.15    56.68      32.69      22.50  0.9832     0.9845  0.0168     0.0155     0.3388         0.3647
    169   3.16    56.19      31.68      22.24  0.9834     0.9839  0.0166     0.0161     0.3334         0.3626
    170   3.14    56.03      32.58      22.62  0.9822     0.9833  0.0178     0.0167     0.3256         0.3459
    171   3.17    55.48      31.30      22.58  0.9854     0.9858  0.0146     0.0142     0.3238         0.3462
    172   3.15    53.20      31.39      22.22  0.9827     0.9835  0.0173     0.0165     0.3088         0.3364
    173   3.16    55.98      33.33      22.54  0.9835     0.9846  0.0165     0.0154     0.3187         0.3388
    174   3.15    56.07      32.33      22.54  0.9828     0.9833  0.0172     0.0167     0.3170         0.3361
    175   3.16    58.53      34.63      22.21  0.9849     0.9857  0.0151     0.0143     0.3322         0.3528
    176   3.16    54.98      32.54      22.33  0.9844     0.9848  0.0156     0.0152     0.3272         0.3465
    177   3.16    53.33      32.60      22.12  0.9822     0.9831  0.0178     0.0169     0.3075         0.3282
    178   3.15    56.48      34.00      22.33  0.9837     0.9840  0.0163     0.0160     0.3066         0.3253
    179   3.16    55.53      31.97      22.22  0.9829     0.9829  0.0171     0.0171     0.3137         0.3351
    180   3.14    53.83      30.71      22.22  0.9815     0.9822  0.0185     0.0178     0.3274         0.3575
    181   3.15    53.81      31.30      22.14  0.9831     0.9832  0.0169     0.0168     0.3119         0.3357
    182   3.15    52.59      31.32      22.29  0.9824     0.9830  0.0176     0.0170     0.3123         0.3390
    183   3.16    51.78      30.99      22.14  0.9831     0.9839  0.0169     0.0161     0.3046         0.3302
    184   3.15    54.42      29.96      22.25  0.9829     0.9838  0.0171     0.0162     0.3214         0.3472
    185   3.16    51.77      30.84      21.91  0.9829     0.9829  0.0171     0.0171     0.3232         0.3451
    186   3.16    52.19      30.97      22.16  0.9830     0.9839  0.0170     0.0161     0.3094         0.3305
    187   3.15    51.20      30.45      21.96  0.9828     0.9835  0.0172     0.0165     0.3144         0.3411
    188   3.15    52.71      30.87      22.28  0.9823     0.9826  0.0177     0.0174     0.3191         0.3429
    189   3.16    54.49      30.10      22.04  0.9832     0.9837  0.0168     0.0163     0.3400         0.3636
    190   3.16    52.96      30.17      22.13  0.9846     0.9846  0.0154     0.0154     0.3335         0.3628
    191   3.15    53.45      30.89      22.12  0.9825     0.9833  0.0175     0.0167     0.3141         0.3364
    192   3.15    52.05      31.15      22.03  0.9826     0.9841  0.0174     0.0159     0.3063         0.3308
    193   3.17    51.40      30.47      21.91  0.9843     0.9842  0.0157     0.0158     0.3093         0.3367
    194   3.14    51.91      30.01      21.79  0.9822     0.9832  0.0178     0.0168     0.3095         0.3372
    195   3.15    52.86      30.58      21.93  0.9839     0.9835  0.0161     0.0165     0.2997         0.3227
    196   3.14    52.07      30.16      21.89  0.9836     0.9830  0.0164     0.0170     0.3012         0.3326
    197   3.16    54.42      32.59      21.77  0.9846     0.9841  0.0154     0.0159     0.3049         0.3239
    198   3.16    52.58      30.90      21.80  0.9824     0.9825  0.0176     0.0175     0.2957         0.3223
    199   3.16    51.95      31.50      22.15  0.9838     0.9840  0.0162     0.0160     0.2868         0.3078
    200   3.15    52.17      30.55      21.81  0.9835     0.9844  0.0165     0.0156     0.3014         0.3207
    201   3.16    54.41      33.73      22.19  0.9828     0.9838  0.0172     0.0162     0.2859         0.3010
    202   3.16    50.88      29.98      21.92  0.9844     0.9853  0.0156     0.0147     0.2896         0.3134
    203   3.16    51.66      30.33      21.80  0.9838     0.9842  0.0162     0.0158     0.2959         0.3221
    204   3.15    51.51      30.78      21.72  0.9827     0.9844  0.0173     0.0156     0.2934         0.3155
    205   3.15    51.69      30.54      21.69  0.9838     0.9845  0.0162     0.0155     0.3009         0.3240
    206   3.15    52.90      30.52      22.08  0.9829     0.9836  0.0171     0.0164     0.3126         0.3377
    207   3.16    51.78      30.29      21.89  0.9846     0.9850  0.0154     0.0150     0.3055         0.3344
    208   3.15    51.56      30.38      21.73  0.9845     0.9855  0.0155     0.0145     0.3029         0.3265
    209   3.16    50.39      30.25      21.59  0.9832     0.9845  0.0168     0.0155     0.2873         0.3126
    210   3.16    50.71      30.44      21.62  0.9838     0.9836  0.0162     0.0164     0.2928         0.3161
    211   3.16    51.05      30.67      21.75  0.9841     0.9836  0.0159     0.0164     0.2914         0.3119
    212   3.15    52.81      31.08      21.67  0.9831     0.9837  0.0169     0.0163     0.2929         0.3159
    213   3.16    50.41      30.21      21.88  0.9841     0.9836  0.0159     0.0164     0.2864         0.3131
    214   3.17    51.30      30.36      21.81  0.9826     0.9841  0.0174     0.0159     0.2852         0.3100
    215   3.13    50.20      29.76      21.61  0.9814     0.9830  0.0186     0.0170     0.3036         0.3266
    216   3.17    50.11      29.27      21.62  0.9844     0.9847  0.0156     0.0153     0.2914         0.3196
    217   3.15    53.23      31.15      21.59  0.9823     0.9830  0.0177     0.0170     0.2934         0.3134
    218   3.16    50.24      30.92      21.91  0.9832     0.9848  0.0168     0.0152     0.2894         0.3107
    219   3.16    49.91      30.69      21.66  0.9839     0.9850  0.0161     0.0150     0.2940         0.3140
    220   3.15    50.24      30.36      21.46  0.9823     0.9828  0.0177     0.0172     0.2904         0.3123
    221   3.17    50.22      29.82      21.75  0.9853     0.9851  0.0147     0.0149     0.2956         0.3218
    222   3.17    49.69      30.08      21.58  0.9840     0.9848  0.0160     0.0152     0.2899         0.3134
    223   3.17    50.77      30.05      21.64  0.9843     0.9840  0.0157     0.0160     0.2961         0.3187
    224   3.16    50.45      30.71      21.44  0.9831     0.9840  0.0169     0.0160     0.2906         0.3136
    225   3.16    51.32      29.96      21.47  0.9833     0.9846  0.0167     0.0154     0.3068         0.3286
    226   3.16    49.25      29.76      21.33  0.9829     0.9830  0.0171     0.0170     0.3011         0.3258
    227   3.15    51.12      30.75      21.31  0.9834     0.9841  0.0166     0.0159     0.2842         0.3057
    228   3.15    49.84      29.60      21.42  0.9827     0.9838  0.0173     0.0162     0.2885         0.3146
    229   3.17    49.37      30.12      21.57  0.9834     0.9842  0.0166     0.0158     0.2991         0.3224
    230   3.16    49.30      30.12      21.51  0.9843     0.9839  0.0157     0.0161     0.2912         0.3191
    231   3.15    50.18      29.64      21.42  0.9839     0.9842  0.0161     0.0158     0.2906         0.3142
    232   3.17    50.38      29.99      21.47  0.9842     0.9850  0.0158     0.0150     0.2840         0.3128
    233   3.15    50.28      30.93      21.17  0.9827     0.9840  0.0173     0.0160     0.2864         0.3076
    234   3.15    49.52      29.47      21.27  0.9833     0.9837  0.0167     0.0163     0.2915         0.3147
    235   3.17    48.61      29.99      21.60  0.9840     0.9846  0.0160     0.0154     0.2765         0.2994
    236   3.14    48.68      29.73      21.30  0.9826     0.9832  0.0174     0.0168     0.2817         0.3088
    237   3.16    48.05      29.78      21.44  0.9839     0.9838  0.0161     0.0162     0.2744         0.2947
    238   3.16    48.58      29.83      21.48  0.9829     0.9840  0.0171     0.0160     0.2761         0.2989
    239   3.16    49.70      30.14      21.51  0.9830     0.9841  0.0170     0.0159     0.2757         0.2996
    240   3.15    48.80      30.38      21.39  0.9827     0.9834  0.0173     0.0166     0.2734         0.2964
    241   3.16    48.22      29.60      21.22  0.9842     0.9847  0.0158     0.0153     0.2696         0.2906
    242   3.17    49.85      30.08      21.38  0.9832     0.9841  0.0168     0.0159     0.2715         0.2924
    243   3.16    49.82      30.03      21.51  0.9849     0.9853  0.0151     0.0147     0.2746         0.2990
    244   3.16    50.09      29.54      21.36  0.9841     0.9856  0.0159     0.0144     0.2910         0.3169
    245   3.16    49.15      29.35      21.32  0.9833     0.9843  0.0167     0.0157     0.2889         0.3147
    246   3.15    48.57      29.23      21.46  0.9829     0.9832  0.0171     0.0168     0.2841         0.3081
    247   3.15    48.75      29.31      21.40  0.9838     0.9839  0.0162     0.0161     0.2796         0.3017
    248   3.15    50.14      29.91      21.36  0.9843     0.9852  0.0157     0.0148     0.2789         0.3010
    249   3.15    48.70      29.93      21.39  0.9837     0.9840  0.0163     0.0160     0.2832         0.3059
    250   3.17    49.80      29.21      21.33  0.9848     0.9849  0.0152     0.0151     0.2867         0.3160
    251   3.16    49.50      29.57      21.33  0.9843     0.9836  0.0157     0.0164     0.2746         0.2986
    252   3.15    49.05      29.34      21.35  0.9840     0.9854  0.0160     0.0146     0.2776         0.3036
    253   3.16    48.98      29.82      21.33  0.9839     0.9844  0.0161     0.0156     0.2789         0.3022
    254   3.15    48.88      29.82      21.37  0.9831     0.9840  0.0169     0.0160     0.2694         0.2914
    255   3.16    48.28      29.40      21.31  0.9841     0.9839  0.0159     0.0161     0.2669         0.2928
    256   3.16    49.00      29.02      21.18  0.9844     0.9845  0.0156     0.0155     0.2790         0.3045
    257   3.15    49.90      29.29      21.36  0.9834     0.9848  0.0166     0.0152     0.2824         0.3025
    258   3.16    49.50      29.07      21.45  0.9844     0.9851  0.0156     0.0149     0.2851         0.3096
    259   3.16    50.04      30.35      21.50  0.9840     0.9848  0.0160     0.0152     0.2804         0.3015
    260   3.16    49.41      29.23      21.21  0.9825     0.9833  0.0175     0.0167     0.2804         0.3092
    261   3.15    48.13      29.24      21.28  0.9832     0.9844  0.0168     0.0156     0.2764         0.3016
    262   3.15    49.10      29.27      21.21  0.9834     0.9839  0.0166     0.0161     0.2826         0.3111
    263   3.16    51.09      30.15      21.26  0.9839     0.9840  0.0161     0.0160     0.2933         0.3176
    264   3.17    49.36      29.19      21.14  0.9842     0.9850  0.0158     0.0150     0.2778         0.3037
    265   3.18    48.50      29.11      21.23  0.9852     0.9866  0.0148     0.0134     0.2821         0.3042
    266   3.16    48.66      29.52      21.30  0.9853     0.9854  0.0147     0.0146     0.2755         0.2984
    267   3.15    48.71      29.37      21.32  0.9823     0.9835  0.0177     0.0165     0.2777         0.3026
    268   3.16    48.23      29.01      21.28  0.9835     0.9838  0.0165     0.0162     0.2838         0.3122
    269   3.15    48.11      29.34      21.20  0.9825     0.9834  0.0175     0.0166     0.2715         0.2931
    270   3.16    47.60      29.29      21.32  0.9842     0.9842  0.0158     0.0158     0.2694         0.2885
    271   3.14    48.02      29.27      21.27  0.9833     0.9840  0.0167     0.0160     0.2676         0.2989
    272   3.16    47.94      29.48      21.19  0.9843     0.9850  0.0157     0.0150     0.2651         0.2911
    273   3.14    47.84      29.13      21.16  0.9827     0.9831  0.0173     0.0169     0.2643         0.2919
    274   3.17    48.12      28.81      21.40  0.9844     0.9844  0.0156     0.0156     0.2716         0.2936
    275   3.17    49.46      29.18      21.35  0.9844     0.9843  0.0156     0.0157     0.2779         0.3061
    276   3.15    48.21      28.92      21.35  0.9834     0.9835  0.0166     0.0165     0.2848         0.3147
    277   3.15    48.04      29.04      21.12  0.9833     0.9837  0.0167     0.0163     0.2779         0.3062
    278   3.17    48.71      29.59      21.15  0.9850     0.9862  0.0150     0.0138     0.2657         0.2909
    279   3.16    48.11      29.13      21.25  0.9833     0.9837  0.0167     0.0163     0.2767         0.2995
    280   3.17    48.20      29.44      21.30  0.9855     0.9860  0.0145     0.0140     0.2764         0.3006
    281   3.16    48.62      29.16      21.16  0.9829     0.9838  0.0171     0.0162     0.2780         0.3082
    282   3.14    47.16      29.04      21.13  0.9836     0.9842  0.0164     0.0158     0.2747         0.2993
    283   3.15    47.88      29.30      21.25  0.9835     0.9845  0.0165     0.0155     0.2757         0.3010
    284   3.15    47.39      28.90      21.18  0.9841     0.9839  0.0159     0.0161     0.2718         0.2957
    285   3.14    48.30      28.82      21.22  0.9841     0.9855  0.0159     0.0145     0.2715         0.3000
    286   3.16    49.75      29.68      21.39  0.9822     0.9832  0.0178     0.0168     0.2674         0.2900
    287   3.16    48.30      29.45      21.25  0.9837     0.9841  0.0163     0.0159     0.2737         0.2956
    288   3.16    47.86      29.07      21.16  0.9850     0.9852  0.0150     0.0148     0.2695         0.2953
    289   3.15    47.85      29.04      21.33  0.9842     0.9846  0.0158     0.0154     0.2753         0.3005
    290   3.15    47.61      29.46      21.25  0.9833     0.9843  0.0167     0.0157     0.2802         0.3053
    291   3.15    47.36      28.74      21.12  0.9836     0.9844  0.0164     0.0156     0.2681         0.2954
    292   3.15    47.36      28.97      21.05  0.9834     0.9852  0.0166     0.0148     0.2753         0.2937
    293   3.15    46.97      28.71      21.18  0.9845     0.9851  0.0155     0.0149     0.2730         0.2999
    294   3.16    47.45      28.71      21.11  0.9843     0.9849  0.0157     0.0151     0.2721         0.2991
    295   3.17    47.50      28.76      21.27  0.9846     0.9856  0.0154     0.0144     0.2686         0.2911
    296   3.16    46.99      28.93      21.30  0.9840     0.9838  0.0160     0.0162     0.2741         0.3025
    297   3.14    47.18      29.19      21.19  0.9828     0.9830  0.0172     0.0170     0.2702         0.2921
    298   3.18    49.07      29.93      21.21  0.9842     0.9847  0.0158     0.0153     0.2790         0.2981
    299   3.16    48.10      29.23      21.10  0.9842     0.9844  0.0158     0.0156     0.2656         0.2906
    300   3.16    47.45      28.79      21.15  0.9840     0.9848  0.0160     0.0152     0.2716         0.2974
The log/output/model have been saved to: ./logs/train.py-multi_zetas300_True_True_True_0.0001953125_0.000390625_0.00078125-irq-04-23-16:02 + .csv/.out/.cpt
