  epoch    IZY    IXZ_1    IZ_1Z_2     acc    avg_acc     err    avg_err    adv_acc    avg_adv_acc
-------  -----  -------  ---------  ------  ---------  ------  ---------  ---------  -------------
      1   3.04   113.78     108.90  0.9412     0.9439  0.0588     0.0561     0.0405         0.0419
      2   3.09    80.89      90.10  0.9536     0.9553  0.0464     0.0447     0.0705         0.0779
      3   3.17    62.20      78.23  0.9690     0.9718  0.0310     0.0282     0.0721         0.0878
      4   3.16    58.20      73.89  0.9681     0.9702  0.0319     0.0298     0.0752         0.0921
      5   3.19    82.51      87.48  0.9729     0.9738  0.0271     0.0262     0.0497         0.0550
      6   3.17    54.05      66.63  0.9706     0.9721  0.0294     0.0279     0.0819         0.1030
      7   3.21    52.77      65.30  0.9799     0.9796  0.0201     0.0204     0.0952         0.1198
      8   3.21    55.47      67.32  0.9785     0.9788  0.0215     0.0212     0.1038         0.1262
      9   3.20    51.13      62.03  0.9790     0.9792  0.0210     0.0208     0.1272         0.1564
     10   3.21    45.68      58.70  0.9800     0.9810  0.0200     0.0190     0.1650         0.1905
     11   3.19    61.88      69.05  0.9782     0.9775  0.0218     0.0225     0.1562         0.1664
     12   3.20    36.25      52.86  0.9799     0.9812  0.0201     0.0188     0.2175         0.2761
     13   3.19    59.17      66.99  0.9781     0.9787  0.0219     0.0213     0.1568         0.1714
     14   3.20    34.15      49.79  0.9805     0.9814  0.0195     0.0186     0.2522         0.3061
     15   3.18    35.52      48.92  0.9776     0.9789  0.0224     0.0211     0.2939         0.3553
     16   3.19    36.83      49.57  0.9804     0.9809  0.0196     0.0191     0.3285         0.3761
     17   3.21    29.80      45.37  0.9829     0.9837  0.0171     0.0163     0.3829         0.4550
     18   3.20    33.89      45.91  0.9810     0.9820  0.0190     0.0180     0.3561         0.4311
     19   3.20    40.60      51.03  0.9803     0.9807  0.0197     0.0193     0.4134         0.4590
     20   3.20    32.00      46.70  0.9812     0.9824  0.0188     0.0176     0.4430         0.5251
     21   3.18    32.33      47.07  0.9777     0.9793  0.0223     0.0207     0.4115         0.5073
     22   3.20    27.72      41.88  0.9828     0.9830  0.0172     0.0170     0.4569         0.5630
     23   3.18    33.26      43.48  0.9794     0.9791  0.0206     0.0209     0.4710         0.5433
     24   3.17    29.27      42.11  0.9792     0.9802  0.0208     0.0198     0.4820         0.5585
     25   3.19    26.69      40.71  0.9822     0.9823  0.0178     0.0177     0.5208         0.6109
     26   3.20    32.11      42.13  0.9825     0.9834  0.0175     0.0166     0.5066         0.5716
     27   3.14    26.15      40.39  0.9780     0.9785  0.0220     0.0215     0.4944         0.5863
     28   3.19    28.76      40.49  0.9827     0.9825  0.0173     0.0175     0.5331         0.6019
     29   3.19    29.61      41.55  0.9835     0.9833  0.0165     0.0167     0.5596         0.6160
     30   3.18    26.72      37.69  0.9815     0.9828  0.0185     0.0172     0.5458         0.6263
     31   3.18    25.94      37.32  0.9828     0.9833  0.0172     0.0167     0.5411         0.6182
     32   3.19    25.47      38.07  0.9837     0.9845  0.0163     0.0155     0.6372         0.7016
     33   3.16    26.40      37.37  0.9801     0.9816  0.0199     0.0184     0.5488         0.6401
     34   3.16    26.34      36.42  0.9796     0.9805  0.0204     0.0195     0.5318         0.6141
     35   3.18    23.43      35.74  0.9840     0.9847  0.0160     0.0153     0.5703         0.6616
     36   3.16    24.60      35.61  0.9811     0.9823  0.0189     0.0177     0.5426         0.6518
     37   3.19    23.68      34.59  0.9839     0.9843  0.0161     0.0157     0.6066         0.6803
     38   3.19    29.64      37.48  0.9839     0.9846  0.0161     0.0154     0.5942         0.6479
     39   3.19    23.21      33.64  0.9834     0.9839  0.0166     0.0161     0.5844         0.6560
     40   3.18    22.62      33.11  0.9825     0.9835  0.0175     0.0165     0.5670         0.6494
     41   3.17    24.47      34.58  0.9822     0.9836  0.0178     0.0164     0.5405         0.6194
     42   3.19    25.38      35.93  0.9855     0.9847  0.0145     0.0153     0.6206         0.6735
     43   3.19    24.43      34.66  0.9834     0.9840  0.0166     0.0160     0.5948         0.6509
     44   3.18    28.28      35.96  0.9830     0.9835  0.0170     0.0165     0.6123         0.6471
     45   3.16    26.23      35.75  0.9815     0.9817  0.0185     0.0183     0.5763         0.6293
     46   3.17    23.53      31.81  0.9836     0.9839  0.0164     0.0161     0.6143         0.6749
     47   3.15    23.91      33.80  0.9815     0.9821  0.0185     0.0179     0.5770         0.6271
     48   3.18    22.92      32.07  0.9849     0.9848  0.0151     0.0152     0.6254         0.6715
     49   3.19    21.52      31.18  0.9854     0.9850  0.0146     0.0150     0.6219         0.6728
     50   3.17    20.29      30.26  0.9842     0.9849  0.0158     0.0151     0.6208         0.6795
     51   3.15    21.57      31.03  0.9803     0.9816  0.0197     0.0184     0.5328         0.5986
     52   3.17    19.72      29.29  0.9845     0.9851  0.0155     0.0149     0.6334         0.6949
     53   3.16    22.19      30.09  0.9816     0.9826  0.0184     0.0174     0.5579         0.6056
     54   3.15    22.02      29.91  0.9809     0.9820  0.0191     0.0180     0.5818         0.6276
     55   3.17    19.54      28.81  0.9832     0.9845  0.0168     0.0155     0.6482         0.6967
     56   3.18    22.81      31.25  0.9857     0.9861  0.0143     0.0139     0.6270         0.6518
     57   3.18    19.13      28.21  0.9849     0.9862  0.0151     0.0138     0.6440         0.6935
     58   3.17    24.74      33.01  0.9828     0.9829  0.0172     0.0171     0.5751         0.6007
     59   3.16    19.87      28.36  0.9824     0.9824  0.0176     0.0176     0.5981         0.6416
     60   3.19    23.89      31.19  0.9851     0.9852  0.0149     0.0148     0.6045         0.6284
     61   3.17    20.14      28.69  0.9829     0.9841  0.0171     0.0159     0.5763         0.6058
     62   3.20    21.00      28.23  0.9859     0.9867  0.0141     0.0133     0.5953         0.6199
     63   3.18    20.21      28.04  0.9856     0.9860  0.0144     0.0140     0.5667         0.5995
     64   3.16    18.73      27.07  0.9842     0.9848  0.0158     0.0152     0.5910         0.6288
     65   3.13    19.36      27.42  0.9823     0.9825  0.0177     0.0175     0.5865         0.6272
     66   3.18    18.89      26.95  0.9855     0.9860  0.0145     0.0140     0.6001         0.6311
     67   3.18    18.37      26.72  0.9862     0.9870  0.0138     0.0130     0.6164         0.6536
     68   3.19    18.25      26.62  0.9861     0.9861  0.0139     0.0139     0.6016         0.6343
     69   3.17    17.59      26.34  0.9850     0.9855  0.0150     0.0145     0.6024         0.6361
     70   3.16    18.31      26.56  0.9827     0.9832  0.0173     0.0168     0.5546         0.5906
     71   3.16    18.55      26.52  0.9852     0.9852  0.0148     0.0148     0.5883         0.6170
     72   3.14    19.40      27.15  0.9821     0.9827  0.0179     0.0173     0.5555         0.5795
     73   3.15    17.96      25.66  0.9836     0.9838  0.0164     0.0162     0.5797         0.6260
     74   3.18    18.85      26.89  0.9859     0.9855  0.0141     0.0145     0.6456         0.6673
     75   3.17    17.89      25.48  0.9840     0.9847  0.0160     0.0153     0.6445         0.6739
     76   3.18    17.29      25.36  0.9861     0.9872  0.0139     0.0128     0.6262         0.6564
     77   3.18    18.65      26.73  0.9862     0.9873  0.0138     0.0127     0.5879         0.6001
     78   3.19    17.52      25.08  0.9860     0.9869  0.0140     0.0131     0.5498         0.5722
     79   3.16    17.68      25.18  0.9843     0.9853  0.0157     0.0147     0.5722         0.5936
     80   3.17    16.78      24.94  0.9859     0.9860  0.0141     0.0140     0.5823         0.6033
     81   3.17    17.97      25.37  0.9862     0.9865  0.0138     0.0135     0.5513         0.5727
     82   3.17    17.01      24.99  0.9854     0.9864  0.0146     0.0136     0.5446         0.5657
     83   3.14    18.09      25.38  0.9836     0.9835  0.0164     0.0165     0.5149         0.5310
     84   3.17    17.78      25.42  0.9856     0.9860  0.0144     0.0140     0.5483         0.5615
     85   3.16    16.63      24.03  0.9852     0.9860  0.0148     0.0140     0.5578         0.5756
     86   3.17    20.97      27.71  0.9851     0.9853  0.0149     0.0147     0.5161         0.5214
     87   3.16    18.13      25.01  0.9858     0.9859  0.0142     0.0141     0.5607         0.5714
     88   3.16    17.31      24.37  0.9848     0.9857  0.0152     0.0143     0.5804         0.5983
     89   3.18    18.65      26.73  0.9858     0.9868  0.0142     0.0132     0.5926         0.6050
     90   3.16    16.07      23.68  0.9843     0.9857  0.0157     0.0143     0.5969         0.6164
     91   3.16    18.19      24.73  0.9850     0.9848  0.0150     0.0152     0.5335         0.5469
     92   3.17    18.45      24.49  0.9853     0.9859  0.0147     0.0141     0.5145         0.5234
     93   3.15    17.95      25.25  0.9846     0.9851  0.0154     0.0149     0.5099         0.5196
     94   3.18    16.10      23.37  0.9862     0.9865  0.0138     0.0135     0.5341         0.5475
     95   3.18    16.40      24.21  0.9866     0.9869  0.0134     0.0131     0.5087         0.5210
     96   3.18    18.54      26.23  0.9862     0.9863  0.0138     0.0137     0.4960         0.5032
     97   3.10    16.74      23.69  0.9791     0.9797  0.0209     0.0203     0.4909         0.4999
     98   3.18    17.82      24.69  0.9863     0.9870  0.0137     0.0130     0.5424         0.5527
     99   3.17    15.64      22.96  0.9848     0.9865  0.0152     0.0135     0.5762         0.5912
    100   3.17    16.13      23.09  0.9851     0.9861  0.0149     0.0139     0.5180         0.5296
    101   3.19    16.40      23.76  0.9867     0.9866  0.0133     0.0134     0.5307         0.5372
    102   3.17    16.04      23.43  0.9857     0.9858  0.0143     0.0142     0.5489         0.5602
    103   3.17    16.18      22.74  0.9849     0.9858  0.0151     0.0142     0.5242         0.5337
    104   3.17    15.63      23.20  0.9858     0.9869  0.0142     0.0131     0.5070         0.5170
    105   3.17    16.87      24.84  0.9852     0.9865  0.0148     0.0135     0.5293         0.5358
    106   3.17    14.85      22.46  0.9854     0.9866  0.0146     0.0134     0.5021         0.5123
    107   3.18    14.65      22.22  0.9861     0.9866  0.0139     0.0134     0.4968         0.5051
    108   3.17    15.46      22.54  0.9849     0.9853  0.0151     0.0147     0.5018         0.5109
    109   3.11    15.03      22.64  0.9816     0.9821  0.0184     0.0179     0.4914         0.4988
    110   3.16    19.12      25.92  0.9852     0.9852  0.0148     0.0148     0.4573         0.4614
    111   3.16    15.02      22.64  0.9858     0.9863  0.0142     0.0137     0.5358         0.5442
    112   3.17    15.47      22.69  0.9856     0.9862  0.0144     0.0138     0.5324         0.5409
    113   3.15    15.03      22.18  0.9849     0.9861  0.0151     0.0139     0.5099         0.5185
    114   3.18    14.52      22.16  0.9857     0.9869  0.0143     0.0131     0.5407         0.5494
    115   3.16    14.87      22.18  0.9851     0.9854  0.0149     0.0146     0.5135         0.5241
    116   3.17    14.38      21.59  0.9857     0.9866  0.0143     0.0134     0.5534         0.5665
    117   3.17    14.95      22.23  0.9851     0.9855  0.0149     0.0145     0.5378         0.5469
    118   3.17    14.37      21.97  0.9858     0.9871  0.0142     0.0129     0.5233         0.5317
    119   3.17    14.07      21.67  0.9851     0.9853  0.0149     0.0147     0.5587         0.5694
    120   3.17    14.35      21.97  0.9860     0.9867  0.0140     0.0133     0.5532         0.5630
    121   3.19    16.38      22.91  0.9868     0.9869  0.0132     0.0131     0.5215         0.5241
    122   3.17    14.36      21.87  0.9853     0.9858  0.0147     0.0142     0.5134         0.5224
    123   3.17    15.44      22.88  0.9854     0.9862  0.0146     0.0138     0.4641         0.4678
    124   3.16    14.41      21.97  0.9857     0.9859  0.0143     0.0141     0.4839         0.4915
    125   3.17    14.23      21.49  0.9843     0.9852  0.0157     0.0148     0.4705         0.4759
    126   3.16    13.73      21.06  0.9840     0.9845  0.0160     0.0155     0.5099         0.5184
    127   3.16    14.09      21.40  0.9851     0.9860  0.0149     0.0140     0.4742         0.4851
    128   3.16    14.13      21.76  0.9849     0.9864  0.0151     0.0136     0.5124         0.5210
    129   3.17    15.06      21.91  0.9858     0.9864  0.0142     0.0136     0.4758         0.4800
    130   3.17    13.51      21.20  0.9860     0.9869  0.0140     0.0131     0.5321         0.5393
    131   3.17    14.68      21.82  0.9857     0.9864  0.0143     0.0136     0.4910         0.4981
    132   3.17    13.99      21.44  0.9855     0.9866  0.0145     0.0134     0.5117         0.5217
    133   3.16    13.67      20.92  0.9846     0.9856  0.0154     0.0144     0.5142         0.5229
    134   3.16    14.40      21.36  0.9859     0.9863  0.0141     0.0137     0.4670         0.4736
    135   3.17    14.33      22.25  0.9855     0.9862  0.0145     0.0138     0.5018         0.5058
    136   3.16    15.04      22.03  0.9861     0.9865  0.0139     0.0135     0.4691         0.4754
    137   3.16    13.59      20.88  0.9844     0.9854  0.0156     0.0146     0.4882         0.4953
    138   3.15    14.43      21.22  0.9836     0.9841  0.0164     0.0159     0.4895         0.4967
    139   3.17    14.21      21.35  0.9864     0.9866  0.0136     0.0134     0.5021         0.5066
    140   3.16    13.76      20.75  0.9852     0.9863  0.0148     0.0137     0.5234         0.5289
    141   3.17    13.50      21.08  0.9866     0.9868  0.0134     0.0132     0.5142         0.5193
    142   3.16    13.87      20.50  0.9848     0.9861  0.0152     0.0139     0.4981         0.5043
    143   3.18    13.51      20.80  0.9860     0.9867  0.0140     0.0133     0.5196         0.5286
    144   3.17    13.43      20.53  0.9850     0.9859  0.0150     0.0141     0.4896         0.4956
    145   3.16    13.58      20.78  0.9858     0.9868  0.0142     0.0132     0.4906         0.5011
    146   3.16    13.93      21.38  0.9861     0.9864  0.0139     0.0136     0.4670         0.4725
    147   3.17    13.88      21.22  0.9868     0.9865  0.0132     0.0135     0.4889         0.4954
    148   3.16    14.06      21.46  0.9854     0.9855  0.0146     0.0145     0.4782         0.4823
    149   3.17    13.43      20.75  0.9847     0.9859  0.0153     0.0141     0.4978         0.5014
    150   3.17    13.69      21.55  0.9858     0.9867  0.0142     0.0133     0.4752         0.4787
    151   3.16    13.38      20.64  0.9851     0.9865  0.0149     0.0135     0.4618         0.4693
    152   3.17    13.27      20.66  0.9858     0.9872  0.0142     0.0128     0.5011         0.5075
    153   3.17    13.05      20.22  0.9851     0.9868  0.0149     0.0132     0.5001         0.5072
    154   3.17    13.41      20.72  0.9851     0.9862  0.0149     0.0138     0.4833         0.4896
    155   3.18    13.50      20.78  0.9863     0.9869  0.0137     0.0131     0.4732         0.4793
    156   3.16    13.92      21.15  0.9857     0.9858  0.0143     0.0142     0.4649         0.4705
    157   3.16    13.13      20.20  0.9863     0.9864  0.0137     0.0136     0.4743         0.4802
    158   3.17    12.95      20.14  0.9865     0.9870  0.0135     0.0130     0.5058         0.5148
    159   3.17    13.15      20.51  0.9854     0.9863  0.0146     0.0137     0.5066         0.5136
    160   3.16    13.57      20.71  0.9853     0.9865  0.0147     0.0135     0.4614         0.4677
    161   3.16    13.58      20.51  0.9850     0.9855  0.0150     0.0145     0.4679         0.4730
    162   3.17    13.20      20.38  0.9858     0.9868  0.0142     0.0132     0.5036         0.5093
    163   3.16    13.46      20.81  0.9854     0.9862  0.0146     0.0138     0.4853         0.4916
    164   3.16    14.16      21.92  0.9856     0.9863  0.0144     0.0137     0.4665         0.4721
    165   3.17    12.97      20.29  0.9852     0.9858  0.0148     0.0142     0.4805         0.4869
    166   3.15    13.07      20.17  0.9846     0.9855  0.0154     0.0145     0.4616         0.4677
    167   3.17    13.09      20.28  0.9864     0.9870  0.0136     0.0130     0.4671         0.4768
    168   3.16    13.24      20.40  0.9858     0.9864  0.0142     0.0136     0.4892         0.4959
    169   3.17    13.24      20.02  0.9858     0.9864  0.0142     0.0136     0.4697         0.4739
    170   3.17    13.38      20.31  0.9862     0.9872  0.0138     0.0128     0.4620         0.4675
    171   3.17    13.33      20.35  0.9865     0.9869  0.0135     0.0131     0.4545         0.4600
    172   3.17    13.28      20.48  0.9871     0.9867  0.0129     0.0133     0.4692         0.4742
    173   3.17    13.25      20.28  0.9856     0.9869  0.0144     0.0131     0.4460         0.4524
    174   3.18    13.23      20.53  0.9859     0.9861  0.0141     0.0139     0.4581         0.4631
    175   3.17    13.12      20.41  0.9863     0.9870  0.0137     0.0130     0.4276         0.4328
    176   3.17    13.33      20.77  0.9859     0.9865  0.0141     0.0135     0.4247         0.4304
    177   3.17    13.02      20.21  0.9858     0.9865  0.0142     0.0135     0.4696         0.4738
    178   3.16    12.85      20.25  0.9857     0.9871  0.0143     0.0129     0.4641         0.4689
    179   3.17    12.80      20.15  0.9855     0.9863  0.0145     0.0137     0.4633         0.4701
    180   3.16    13.59      20.96  0.9866     0.9865  0.0134     0.0135     0.4847         0.4906
    181   3.15    12.80      19.98  0.9850     0.9860  0.0150     0.0140     0.4808         0.4876
    182   3.16    13.04      20.12  0.9857     0.9863  0.0143     0.0137     0.4675         0.4747
    183   3.17    12.94      20.31  0.9864     0.9872  0.0136     0.0128     0.4707         0.4772
    184   3.17    12.72      19.98  0.9862     0.9870  0.0138     0.0130     0.4768         0.4834
    185   3.17    13.21      20.22  0.9858     0.9867  0.0142     0.0133     0.4525         0.4584
    186   3.17    12.67      19.72  0.9859     0.9864  0.0141     0.0136     0.4641         0.4717
    187   3.15    13.42      20.70  0.9859     0.9862  0.0141     0.0138     0.4391         0.4430
    188   3.17    12.85      19.88  0.9867     0.9868  0.0133     0.0132     0.4715         0.4773
    189   3.16    13.07      20.42  0.9851     0.9867  0.0149     0.0133     0.4589         0.4638
    190   3.14    13.03      19.94  0.9846     0.9857  0.0154     0.0143     0.4522         0.4593
    191   3.16    12.74      20.05  0.9854     0.9867  0.0146     0.0133     0.4675         0.4723
    192   3.17    12.91      19.92  0.9861     0.9866  0.0139     0.0134     0.4625         0.4675
    193   3.17    12.59      19.42  0.9860     0.9861  0.0140     0.0139     0.4883         0.4941
    194   3.17    13.33      20.40  0.9867     0.9870  0.0133     0.0130     0.4596         0.4645
    195   3.17    12.50      19.66  0.9857     0.9869  0.0143     0.0131     0.4665         0.4742
    196   3.17    12.98      20.12  0.9861     0.9870  0.0139     0.0130     0.4671         0.4718
    197   3.16    12.73      20.04  0.9855     0.9866  0.0145     0.0134     0.4788         0.4845
    198   3.16    13.12      20.29  0.9854     0.9864  0.0146     0.0136     0.4844         0.4873
    199   3.16    12.55      19.63  0.9856     0.9857  0.0144     0.0143     0.4798         0.4861
    200   3.17    13.06      20.16  0.9860     0.9872  0.0140     0.0128     0.4587         0.4643
    201   3.17    12.94      20.21  0.9860     0.9868  0.0140     0.0132     0.4673         0.4715
    202   3.16    12.88      20.10  0.9856     0.9862  0.0144     0.0138     0.4670         0.4742
    203   3.17    13.05      20.42  0.9869     0.9869  0.0131     0.0131     0.4700         0.4777
    204   3.15    12.67      19.85  0.9849     0.9859  0.0151     0.0141     0.4852         0.4918
    205   3.17    12.81      20.01  0.9857     0.9855  0.0143     0.0145     0.4696         0.4779
    206   3.17    12.48      19.58  0.9860     0.9867  0.0140     0.0133     0.4804         0.4858
    207   3.17    12.56      19.77  0.9859     0.9859  0.0141     0.0141     0.4705         0.4769
    208   3.17    12.76      19.99  0.9858     0.9866  0.0142     0.0134     0.4648         0.4697
    209   3.16    12.74      19.59  0.9859     0.9863  0.0141     0.0137     0.4599         0.4656
    210   3.17    12.59      19.70  0.9862     0.9867  0.0138     0.0133     0.4769         0.4830
    211   3.16    12.30      19.62  0.9856     0.9861  0.0144     0.0139     0.4941         0.5034
    212   3.17    12.46      19.62  0.9861     0.9873  0.0139     0.0127     0.4676         0.4760
    213   3.17    12.55      19.86  0.9849     0.9869  0.0151     0.0131     0.4821         0.4891
    214   3.17    12.63      19.60  0.9850     0.9861  0.0150     0.0139     0.4638         0.4687
    215   3.17    12.70      19.87  0.9851     0.9859  0.0149     0.0141     0.4575         0.4656
    216   3.17    12.53      19.83  0.9865     0.9875  0.0135     0.0125     0.4685         0.4761
    217   3.17    12.70      19.77  0.9848     0.9858  0.0152     0.0142     0.4506         0.4593
    218   3.16    12.70      19.63  0.9859     0.9866  0.0141     0.0134     0.4614         0.4702
    219   3.17    12.56      19.43  0.9863     0.9869  0.0137     0.0131     0.4711         0.4803
    220   3.16    12.74      19.64  0.9855     0.9864  0.0145     0.0136     0.4567         0.4642
    221   3.17    12.86      20.06  0.9860     0.9869  0.0140     0.0131     0.4447         0.4512
    222   3.16    12.43      19.58  0.9849     0.9859  0.0151     0.0141     0.4562         0.4655
    223   3.17    12.45      19.49  0.9876     0.9873  0.0124     0.0127     0.4509         0.4600
    224   3.17    12.43      19.55  0.9863     0.9866  0.0137     0.0134     0.4602         0.4673
    225   3.18    12.78      19.71  0.9874     0.9873  0.0126     0.0127     0.4489         0.4548
    226   3.18    12.21      19.55  0.9866     0.9869  0.0134     0.0131     0.4713         0.4834
    227   3.15    12.43      19.84  0.9858     0.9861  0.0142     0.0139     0.4670         0.4742
    228   3.16    12.36      19.49  0.9859     0.9869  0.0141     0.0131     0.4671         0.4720
    229   3.16    12.60      19.77  0.9853     0.9859  0.0147     0.0141     0.4493         0.4551
    230   3.17    12.77      20.00  0.9861     0.9862  0.0139     0.0138     0.4495         0.4566
    231   3.16    12.37      19.70  0.9855     0.9860  0.0145     0.0140     0.4647         0.4706
    232   3.16    12.37      19.68  0.9849     0.9857  0.0151     0.0143     0.4613         0.4659
    233   3.17    12.28      19.36  0.9851     0.9855  0.0149     0.0145     0.4597         0.4646
    234   3.16    12.36      19.49  0.9851     0.9866  0.0149     0.0134     0.4675         0.4752
    235   3.16    12.55      19.70  0.9851     0.9863  0.0149     0.0137     0.4618         0.4665
    236   3.16    12.50      19.64  0.9853     0.9861  0.0147     0.0139     0.4448         0.4520
    237   3.16    12.47      19.49  0.9853     0.9861  0.0147     0.0139     0.4463         0.4526
    238   3.16    12.57      19.67  0.9865     0.9873  0.0135     0.0127     0.4528         0.4561
    239   3.16    12.34      19.42  0.9845     0.9862  0.0155     0.0138     0.4661         0.4733
    240   3.15    12.18      19.32  0.9842     0.9859  0.0158     0.0141     0.4627         0.4682
    241   3.16    12.39      19.73  0.9851     0.9864  0.0149     0.0136     0.4643         0.4697
    242   3.17    12.43      19.71  0.9867     0.9868  0.0133     0.0132     0.4614         0.4678
    243   3.16    12.36      19.52  0.9848     0.9867  0.0152     0.0133     0.4517         0.4589
    244   3.16    12.40      19.49  0.9854     0.9861  0.0146     0.0139     0.4521         0.4565
    245   3.17    12.31      19.54  0.9855     0.9861  0.0145     0.0139     0.4524         0.4590
    246   3.17    12.46      19.59  0.9862     0.9873  0.0138     0.0127     0.4536         0.4587
    247   3.18    12.22      19.33  0.9866     0.9870  0.0134     0.0130     0.4707         0.4806
    248   3.16    12.23      19.31  0.9854     0.9859  0.0146     0.0141     0.4591         0.4654
    249   3.16    12.36      19.36  0.9855     0.9866  0.0145     0.0134     0.4714         0.4746
    250   3.17    12.81      19.82  0.9865     0.9870  0.0135     0.0130     0.4533         0.4597
    251   3.16    12.33      19.58  0.9859     0.9859  0.0141     0.0141     0.4605         0.4673
    252   3.16    12.10      19.15  0.9850     0.9859  0.0150     0.0141     0.4694         0.4769
    253   3.17    12.28      19.54  0.9861     0.9867  0.0139     0.0133     0.4699         0.4775
    254   3.17    12.48      19.66  0.9868     0.9868  0.0132     0.0132     0.4539         0.4610
    255   3.17    12.34      19.47  0.9861     0.9869  0.0139     0.0131     0.4601         0.4648
    256   3.17    13.05      20.14  0.9853     0.9860  0.0147     0.0140     0.4563         0.4600
    257   3.16    12.27      19.41  0.9864     0.9868  0.0136     0.0132     0.4710         0.4790
    258   3.17    12.39      19.55  0.9869     0.9870  0.0131     0.0130     0.4692         0.4776
    259   3.17    12.75      20.11  0.9865     0.9875  0.0135     0.0125     0.4857         0.4889
    260   3.16    12.20      19.39  0.9852     0.9867  0.0148     0.0133     0.4851         0.4918
    261   3.16    12.57      19.79  0.9859     0.9862  0.0141     0.0138     0.4713         0.4792
    262   3.17    12.69      19.79  0.9864     0.9868  0.0136     0.0132     0.4708         0.4789
    263   3.16    12.60      19.71  0.9865     0.9867  0.0135     0.0133     0.4588         0.4652
    264   3.17    12.31      19.40  0.9868     0.9871  0.0132     0.0129     0.4702         0.4763
    265   3.16    12.26      19.33  0.9855     0.9858  0.0145     0.0142     0.4649         0.4724
    266   3.16    12.47      19.48  0.9860     0.9866  0.0140     0.0134     0.4644         0.4694
    267   3.18    12.35      19.43  0.9865     0.9872  0.0135     0.0128     0.4577         0.4629
    268   3.17    12.40      19.53  0.9866     0.9869  0.0134     0.0131     0.4623         0.4674
    269   3.18    12.29      19.42  0.9866     0.9870  0.0134     0.0130     0.4622         0.4686
    270   3.16    12.35      19.52  0.9857     0.9868  0.0143     0.0132     0.4640         0.4719
    271   3.17    12.39      19.47  0.9864     0.9871  0.0136     0.0129     0.4697         0.4780
    272   3.16    12.36      19.37  0.9861     0.9867  0.0139     0.0133     0.4642         0.4727
    273   3.16    12.12      19.19  0.9860     0.9868  0.0140     0.0132     0.4739         0.4843
    274   3.16    12.45      19.50  0.9858     0.9870  0.0142     0.0130     0.4581         0.4655
    275   3.17    12.39      19.38  0.9855     0.9868  0.0145     0.0132     0.4485         0.4540
    276   3.17    12.25      19.14  0.9861     0.9866  0.0139     0.0134     0.4526         0.4598
    277   3.16    12.13      19.21  0.9860     0.9872  0.0140     0.0128     0.4623         0.4672
    278   3.17    12.20      19.38  0.9856     0.9869  0.0144     0.0131     0.4651         0.4744
    279   3.17    12.30      19.46  0.9855     0.9872  0.0145     0.0128     0.4570         0.4627
    280   3.17    12.59      19.61  0.9864     0.9865  0.0136     0.0135     0.4379         0.4464
    281   3.17    12.45      19.42  0.9854     0.9865  0.0146     0.0135     0.4503         0.4589
    282   3.17    12.34      19.41  0.9855     0.9865  0.0145     0.0135     0.4418         0.4479
    283   3.17    12.79      19.80  0.9857     0.9861  0.0143     0.0139     0.4368         0.4399
    284   3.18    12.34      19.40  0.9858     0.9874  0.0142     0.0126     0.4464         0.4517
    285   3.17    12.33      19.43  0.9859     0.9877  0.0141     0.0123     0.4494         0.4581
    286   3.16    12.29      19.36  0.9856     0.9861  0.0144     0.0139     0.4515         0.4550
    287   3.17    12.26      19.52  0.9855     0.9863  0.0145     0.0137     0.4447         0.4503
    288   3.17    12.29      19.39  0.9868     0.9866  0.0132     0.0134     0.4532         0.4597
    289   3.16    12.28      19.37  0.9863     0.9867  0.0137     0.0133     0.4617         0.4683
    290   3.17    12.26      19.36  0.9859     0.9870  0.0141     0.0130     0.4593         0.4648
    291   3.17    12.24      19.39  0.9873     0.9874  0.0127     0.0126     0.4599         0.4673
    292   3.17    12.23      19.33  0.9862     0.9871  0.0138     0.0129     0.4595         0.4688
    293   3.17    12.20      19.24  0.9860     0.9871  0.0140     0.0129     0.4709         0.4783
    294   3.17    12.19      19.40  0.9858     0.9865  0.0142     0.0135     0.4618         0.4674
    295   3.17    12.12      19.17  0.9863     0.9861  0.0137     0.0139     0.4676         0.4724
    296   3.17    12.19      19.28  0.9862     0.9867  0.0138     0.0133     0.4722         0.4781
    297   3.16    12.30      19.46  0.9862     0.9864  0.0138     0.0136     0.4588         0.4666
    298   3.15    12.24      19.39  0.9861     0.9861  0.0139     0.0139     0.4619         0.4697
    299   3.16    12.11      19.26  0.9859     0.9869  0.0141     0.0131     0.4712         0.4806
    300   3.16    12.24      19.30  0.9856     0.9865  0.0144     0.0135     0.4619         0.4685
The log/output/model have been saved to: ./logs/train.py-multi_zetas300_False_True_True_0.001_0.001_0.001-zsv-04-23-17:47 + .csv/.out/.cpt
