  epoch    IZY    IXZ_1     acc    avg_acc     err    avg_err    adv_acc    avg_adv_acc
-------  -----  -------  ------  ---------  ------  ---------  ---------  -------------
      1   3.11   177.46  0.9541     0.9549  0.0459     0.0451     0.0226         0.0227
      2   3.14   128.33  0.9587     0.9599  0.0413     0.0401     0.0245         0.0242
      3   3.16   103.53  0.9667     0.9676  0.0333     0.0324     0.0248         0.0250
      4   3.16    90.82  0.9658     0.9663  0.0342     0.0337     0.0326         0.0333
      5   3.21    80.87  0.9764     0.9769  0.0236     0.0231     0.0290         0.0294
      6   3.19    87.34  0.9713     0.9725  0.0287     0.0275     0.0306         0.0306
      7   3.21    79.57  0.9781     0.9784  0.0219     0.0216     0.0248         0.0260
      8   3.23    75.90  0.9803     0.9806  0.0197     0.0194     0.0285         0.0295
      9   3.19    69.13  0.9784     0.9777  0.0216     0.0223     0.0436         0.0456
     10   3.23    67.29  0.9838     0.9841  0.0162     0.0159     0.0398         0.0412
     11   3.22    63.13  0.9809     0.9811  0.0191     0.0189     0.0495         0.0526
     12   3.20    70.09  0.9779     0.9781  0.0221     0.0219     0.0384         0.0406
     13   3.21    61.42  0.9788     0.9795  0.0212     0.0205     0.0499         0.0528
     14   3.22    54.21  0.9826     0.9826  0.0174     0.0174     0.0511         0.0552
     15   3.19    57.72  0.9759     0.9758  0.0241     0.0242     0.0487         0.0504
     16   3.21    57.47  0.9813     0.9821  0.0187     0.0179     0.0530         0.0546
     17   3.20    50.63  0.9778     0.9788  0.0222     0.0212     0.0674         0.0715
     18   3.22    52.04  0.9823     0.9823  0.0177     0.0177     0.0709         0.0761
     19   3.22    47.72  0.9842     0.9844  0.0158     0.0156     0.0761         0.0817
     20   3.20    51.03  0.9815     0.9814  0.0185     0.0186     0.0752         0.0806
     21   3.20    45.12  0.9798     0.9808  0.0202     0.0192     0.0844         0.0882
     22   3.20    47.06  0.9821     0.9819  0.0179     0.0181     0.0869         0.0929
     23   3.21    45.76  0.9818     0.9822  0.0182     0.0178     0.0823         0.0853
     24   3.21    40.56  0.9839     0.9844  0.0161     0.0156     0.1076         0.1129
     25   3.20    46.12  0.9806     0.9805  0.0194     0.0195     0.1029         0.1070
     26   3.19    53.47  0.9780     0.9783  0.0220     0.0217     0.0923         0.0959
     27   3.21    47.31  0.9829     0.9830  0.0171     0.0170     0.1116         0.1153
     28   3.16    46.91  0.9768     0.9779  0.0232     0.0221     0.1046         0.1083
     29   3.21    39.40  0.9834     0.9838  0.0166     0.0162     0.1539         0.1600
     30   3.20    39.32  0.9823     0.9826  0.0177     0.0174     0.1383         0.1437
     31   3.20    40.24  0.9825     0.9828  0.0175     0.0172     0.1289         0.1332
     32   3.21    34.45  0.9839     0.9845  0.0161     0.0155     0.1618         0.1657
     33   3.22    39.31  0.9844     0.9847  0.0156     0.0153     0.1107         0.1148
     34   3.19    43.09  0.9808     0.9808  0.0192     0.0192     0.1103         0.1137
     35   3.21    36.65  0.9842     0.9837  0.0158     0.0163     0.1527         0.1571
     36   3.20    34.44  0.9832     0.9836  0.0168     0.0164     0.1496         0.1542
     37   3.16    44.63  0.9769     0.9770  0.0231     0.0230     0.1321         0.1344
     38   3.20    38.69  0.9847     0.9846  0.0153     0.0154     0.1546         0.1577
     39   3.20    32.90  0.9829     0.9827  0.0171     0.0173     0.2079         0.2133
     40   3.21    53.24  0.9818     0.9823  0.0182     0.0177     0.1081         0.1083
     41   3.22    31.47  0.9851     0.9853  0.0149     0.0147     0.2103         0.2140
     42   3.20    34.94  0.9847     0.9850  0.0153     0.0150     0.1723         0.1769
     43   3.18    34.52  0.9821     0.9824  0.0179     0.0176     0.1868         0.1932
     44   3.20    32.32  0.9838     0.9838  0.0162     0.0162     0.1753         0.1787
     45   3.20    37.86  0.9834     0.9838  0.0166     0.0162     0.1895         0.1926
     46   3.20    30.63  0.9845     0.9845  0.0155     0.0155     0.2126         0.2176
     47   3.19    37.10  0.9816     0.9815  0.0184     0.0185     0.1512         0.1574
     48   3.19    33.17  0.9830     0.9825  0.0170     0.0175     0.1514         0.1541
     49   3.21    30.01  0.9859     0.9861  0.0141     0.0139     0.1673         0.1700
     50   3.21    28.13  0.9859     0.9858  0.0141     0.0142     0.2320         0.2351
     51   3.21    27.19  0.9860     0.9861  0.0140     0.0139     0.2645         0.2699
     52   3.20    26.99  0.9865     0.9867  0.0135     0.0133     0.2853         0.2906
     53   3.20    27.02  0.9863     0.9865  0.0137     0.0135     0.2905         0.2937
     54   3.20    25.85  0.9862     0.9868  0.0138     0.0132     0.2861         0.2896
     55   3.14    99.73  0.9711     0.9711  0.0289     0.0289     0.0629         0.0652
     56   3.18    34.42  0.9810     0.9805  0.0190     0.0195     0.0978         0.1022
     57   3.21    28.87  0.9851     0.9854  0.0149     0.0146     0.1463         0.1499
     58   3.21    26.58  0.9855     0.9860  0.0145     0.0140     0.1715         0.1769
     59   3.21    26.50  0.9866     0.9864  0.0134     0.0136     0.1867         0.1894
     60   3.21    25.83  0.9863     0.9858  0.0137     0.0142     0.2075         0.2113
     61   3.21    24.99  0.9863     0.9864  0.0137     0.0136     0.2540         0.2581
     62   3.21    27.54  0.9867     0.9872  0.0133     0.0128     0.2282         0.2313
     63   3.21    24.61  0.9869     0.9870  0.0131     0.0130     0.2623         0.2642
     64   3.21    23.88  0.9860     0.9858  0.0140     0.0142     0.3018         0.3049
     65   3.19    36.13  0.9831     0.9829  0.0169     0.0171     0.1307         0.1369
     66   3.20    29.19  0.9846     0.9850  0.0154     0.0150     0.1672         0.1723
     67   3.20    26.73  0.9852     0.9856  0.0148     0.0144     0.1592         0.1631
     68   3.18    28.22  0.9824     0.9826  0.0176     0.0174     0.1738         0.1776
     69   3.20    24.95  0.9850     0.9851  0.0150     0.0149     0.2224         0.2271
     70   3.20    26.14  0.9853     0.9858  0.0147     0.0142     0.1935         0.1961
     71   3.20    26.95  0.9848     0.9851  0.0152     0.0149     0.1816         0.1876
     72   3.19    25.87  0.9860     0.9859  0.0140     0.0141     0.2303         0.2343
     73   3.20    24.47  0.9863     0.9866  0.0137     0.0134     0.2564         0.2604
     74   3.19    32.80  0.9833     0.9838  0.0167     0.0162     0.1624         0.1666
     75   3.19    27.42  0.9843     0.9842  0.0157     0.0158     0.1743         0.1779
     76   3.20    26.36  0.9854     0.9854  0.0146     0.0146     0.2073         0.2112
     77   3.19    27.41  0.9834     0.9836  0.0166     0.0164     0.2006         0.2059
     78   3.20    25.70  0.9851     0.9853  0.0149     0.0147     0.1879         0.1916
     79   3.20    24.28  0.9855     0.9857  0.0145     0.0143     0.2219         0.2259
     80   3.19    26.73  0.9854     0.9853  0.0146     0.0147     0.2007         0.2044
     81   3.20    24.41  0.9854     0.9855  0.0146     0.0145     0.2629         0.2687
     82   3.20    23.53  0.9856     0.9863  0.0144     0.0137     0.2976         0.3029
     83   3.20    24.81  0.9864     0.9865  0.0136     0.0135     0.2827         0.2855
     84   3.19    23.08  0.9851     0.9862  0.0149     0.0138     0.3122         0.3174
     85   3.19    29.57  0.9840     0.9845  0.0160     0.0155     0.1687         0.1733
     86   3.20    24.30  0.9861     0.9864  0.0139     0.0136     0.2140         0.2185
     87   3.20    23.55  0.9861     0.9864  0.0139     0.0136     0.2434         0.2493
     88   3.20    26.30  0.9866     0.9861  0.0134     0.0139     0.2565         0.2606
     89   3.20    24.07  0.9867     0.9869  0.0133     0.0131     0.2791         0.2830
     90   3.19    22.42  0.9861     0.9865  0.0139     0.0135     0.3073         0.3140
     91   3.20    22.98  0.9868     0.9865  0.0132     0.0135     0.3111         0.3170
     92   3.19    24.44  0.9872     0.9867  0.0128     0.0133     0.3198         0.3233
     93   3.19    23.34  0.9863     0.9860  0.0137     0.0140     0.2993         0.3024
     94   3.13    37.28  0.9779     0.9783  0.0221     0.0217     0.1951         0.1985
     95   3.18    23.66  0.9855     0.9857  0.0145     0.0143     0.2358         0.2391
     96   3.18    23.12  0.9861     0.9857  0.0139     0.0143     0.2698         0.2770
     97   3.18    22.65  0.9856     0.9864  0.0144     0.0136     0.2834         0.2877
     98   3.19    22.71  0.9861     0.9861  0.0139     0.0139     0.2730         0.2759
     99   3.18    31.30  0.9864     0.9864  0.0136     0.0136     0.3254         0.3296
    100   3.19    22.39  0.9869     0.9869  0.0131     0.0131     0.2953         0.3013
    101   3.19    21.76  0.9875     0.9868  0.0125     0.0132     0.3166         0.3221
    102   3.19    21.35  0.9874     0.9870  0.0126     0.0130     0.3332         0.3392
    103   3.19    21.26  0.9869     0.9869  0.0131     0.0131     0.3237         0.3290
    104   3.19    21.45  0.9864     0.9861  0.0136     0.0139     0.3357         0.3404
    105   3.19    24.83  0.9861     0.9863  0.0139     0.0137     0.2391         0.2445
    106   3.19    24.79  0.9866     0.9867  0.0134     0.0133     0.2676         0.2709
    107   3.19    22.00  0.9868     0.9869  0.0132     0.0131     0.2914         0.2976
    108   3.18    22.35  0.9867     0.9870  0.0133     0.0130     0.2943         0.2993
    109   3.18    22.42  0.9866     0.9873  0.0134     0.0127     0.3268         0.3335
    110   3.18    21.40  0.9874     0.9876  0.0126     0.0124     0.3518         0.3562
    111   3.19    22.12  0.9870     0.9869  0.0130     0.0131     0.3289         0.3323
    112   3.13    31.25  0.9809     0.9813  0.0191     0.0187     0.3630         0.3670
    113   3.18    21.68  0.9854     0.9858  0.0146     0.0142     0.3470         0.3522
    114   3.18    21.65  0.9865     0.9863  0.0135     0.0137     0.3534         0.3585
    115   3.18    21.73  0.9867     0.9862  0.0133     0.0138     0.3616         0.3675
    116   3.18    20.72  0.9863     0.9863  0.0137     0.0137     0.3673         0.3751
    117   3.18    21.49  0.9864     0.9867  0.0136     0.0133     0.3558         0.3598
    118   3.19    20.57  0.9870     0.9873  0.0130     0.0127     0.3799         0.3843
    119   3.18    20.89  0.9863     0.9873  0.0137     0.0127     0.3700         0.3754
    120   3.18    21.71  0.9866     0.9868  0.0134     0.0132     0.3375         0.3412
    121   3.18    20.40  0.9865     0.9868  0.0135     0.0132     0.3711         0.3771
    122   3.17    22.48  0.9851     0.9851  0.0149     0.0149     0.3474         0.3532
    123   3.18    21.08  0.9859     0.9857  0.0141     0.0143     0.3566         0.3631
    124   3.17    20.85  0.9859     0.9863  0.0141     0.0137     0.3555         0.3635
    125   3.18    20.47  0.9866     0.9865  0.0134     0.0135     0.3639         0.3689
    126   3.18    20.75  0.9866     0.9867  0.0134     0.0133     0.3552         0.3608
    127   3.18    20.37  0.9871     0.9868  0.0129     0.0132     0.3637         0.3706
    128   3.18    20.08  0.9866     0.9868  0.0134     0.0132     0.3699         0.3768
    129   3.18    21.79  0.9868     0.9878  0.0132     0.0122     0.3396         0.3416
    130   3.19    20.43  0.9883     0.9877  0.0117     0.0123     0.3590         0.3630
    131   3.19    20.10  0.9869     0.9874  0.0131     0.0126     0.3809         0.3871
    132   3.18    20.20  0.9878     0.9878  0.0122     0.0122     0.3623         0.3673
    133   3.18    21.67  0.9871     0.9874  0.0129     0.0126     0.3446         0.3480
    134   3.18    20.66  0.9862     0.9869  0.0138     0.0131     0.3412         0.3437
    135   3.19    22.55  0.9871     0.9872  0.0129     0.0128     0.3534         0.3563
    136   3.18    20.51  0.9864     0.9862  0.0136     0.0138     0.3681         0.3745
    137   3.19    21.12  0.9869     0.9872  0.0131     0.0128     0.3501         0.3552
    138   3.19    24.03  0.9868     0.9870  0.0132     0.0130     0.3232         0.3252
    139   3.19    19.58  0.9870     0.9866  0.0130     0.0134     0.3741         0.3805
    140   3.19    19.90  0.9860     0.9861  0.0140     0.0139     0.3828         0.3878
    141   3.18    20.68  0.9856     0.9860  0.0144     0.0140     0.3654         0.3719
    142   3.18    20.04  0.9860     0.9860  0.0140     0.0140     0.3657         0.3716
    143   3.18    19.81  0.9860     0.9863  0.0140     0.0137     0.3590         0.3618
    144   3.18    20.31  0.9865     0.9870  0.0135     0.0130     0.3314         0.3359
    145   3.19    19.60  0.9870     0.9875  0.0130     0.0125     0.3624         0.3689
    146   3.18    19.51  0.9871     0.9876  0.0129     0.0124     0.3694         0.3741
    147   3.19    20.18  0.9867     0.9870  0.0133     0.0130     0.3603         0.3660
    148   3.18    20.30  0.9859     0.9859  0.0141     0.0141     0.3524         0.3588
    149   3.18    20.50  0.9857     0.9865  0.0143     0.0135     0.3468         0.3511
    150   3.18    19.58  0.9862     0.9864  0.0138     0.0136     0.3848         0.3899
    151   3.19    24.11  0.9869     0.9873  0.0131     0.0127     0.3444         0.3481
    152   3.19    19.56  0.9873     0.9868  0.0127     0.0132     0.3613         0.3681
    153   3.18    20.57  0.9871     0.9869  0.0129     0.0131     0.3520         0.3568
    154   3.18    19.50  0.9860     0.9859  0.0140     0.0141     0.3843         0.3883
    155   3.18    20.10  0.9862     0.9867  0.0138     0.0133     0.3784         0.3819
    156   3.18    19.47  0.9864     0.9863  0.0136     0.0137     0.4001         0.4063
    157   3.18    19.10  0.9858     0.9861  0.0142     0.0139     0.3894         0.3970
    158   3.18    20.21  0.9863     0.9871  0.0137     0.0129     0.3808         0.3825
    159   3.18    20.06  0.9863     0.9864  0.0137     0.0136     0.3678         0.3716
    160   3.17    19.27  0.9863     0.9866  0.0137     0.0134     0.3717         0.3754
    161   3.18    19.72  0.9865     0.9861  0.0135     0.0139     0.3596         0.3654
    162   3.18    19.60  0.9865     0.9866  0.0135     0.0134     0.3807         0.3894
    163   3.17    19.27  0.9858     0.9871  0.0142     0.0129     0.3941         0.4015
    164   3.18    19.50  0.9864     0.9868  0.0136     0.0132     0.3987         0.4053
    165   3.18    19.16  0.9864     0.9867  0.0136     0.0133     0.4105         0.4143
    166   3.18    19.23  0.9861     0.9863  0.0139     0.0137     0.4000         0.4061
    167   3.17    19.46  0.9861     0.9859  0.0139     0.0141     0.4213         0.4262
    168   3.17    20.72  0.9857     0.9860  0.0143     0.0140     0.4052         0.4094
    169   3.17    19.37  0.9855     0.9855  0.0145     0.0145     0.4096         0.4146
    170   3.17    18.96  0.9862     0.9865  0.0138     0.0135     0.4164         0.4225
    171   3.17    21.31  0.9861     0.9861  0.0139     0.0139     0.3944         0.3975
    172   3.18    19.13  0.9865     0.9865  0.0135     0.0135     0.4036         0.4100
    173   3.17    19.61  0.9861     0.9861  0.0139     0.0139     0.4135         0.4191
    174   3.18    18.80  0.9860     0.9862  0.0140     0.0138     0.4351         0.4418
    175   3.18    19.65  0.9864     0.9864  0.0136     0.0136     0.4314         0.4361
    176   3.17    19.40  0.9858     0.9864  0.0142     0.0136     0.4241         0.4297
    177   3.17    18.93  0.9863     0.9864  0.0137     0.0136     0.4357         0.4432
    178   3.18    19.91  0.9852     0.9862  0.0148     0.0138     0.4356         0.4405
    179   3.17    18.98  0.9854     0.9862  0.0146     0.0138     0.4335         0.4410
    180   3.18    19.03  0.9857     0.9863  0.0143     0.0137     0.4447         0.4491
    181   3.18    18.86  0.9860     0.9859  0.0140     0.0141     0.4314         0.4388
    182   3.17    18.96  0.9861     0.9861  0.0139     0.0139     0.4167         0.4253
    183   3.18    20.23  0.9858     0.9857  0.0142     0.0143     0.4216         0.4247
    184   3.17    18.84  0.9861     0.9866  0.0139     0.0134     0.4249         0.4320
    185   3.17    18.72  0.9859     0.9858  0.0141     0.0142     0.4116         0.4188
    186   3.18    18.58  0.9866     0.9862  0.0134     0.0138     0.4275         0.4329
    187   3.17    18.81  0.9866     0.9864  0.0134     0.0136     0.4344         0.4389
    188   3.17    20.13  0.9860     0.9859  0.0140     0.0141     0.4097         0.4133
    189   3.16    18.82  0.9861     0.9857  0.0139     0.0143     0.4297         0.4351
    190   3.17    18.36  0.9854     0.9855  0.0146     0.0145     0.4345         0.4412
    191   3.18    18.94  0.9854     0.9859  0.0146     0.0141     0.4208         0.4268
    192   3.17    18.76  0.9855     0.9863  0.0145     0.0137     0.4157         0.4216
    193   3.17    18.63  0.9857     0.9861  0.0143     0.0139     0.4275         0.4352
    194   3.17    18.89  0.9856     0.9862  0.0144     0.0138     0.4306         0.4379
    195   3.17    18.46  0.9859     0.9862  0.0141     0.0138     0.4432         0.4495
    196   3.18    19.25  0.9861     0.9864  0.0139     0.0136     0.4313         0.4378
    197   3.16    18.72  0.9862     0.9859  0.0138     0.0141     0.4636         0.4711
    198   3.18    18.86  0.9863     0.9863  0.0137     0.0137     0.4711         0.4756
    199   3.18    19.03  0.9865     0.9862  0.0135     0.0138     0.4645         0.4699
    200   3.17    18.70  0.9856     0.9863  0.0144     0.0137     0.4575         0.4630
    201   3.17    18.95  0.9867     0.9862  0.0133     0.0138     0.4457         0.4512
    202   3.17    18.57  0.9864     0.9866  0.0136     0.0134     0.4432         0.4501
    203   3.17    18.32  0.9861     0.9865  0.0139     0.0135     0.4508         0.4589
    204   3.18    18.54  0.9864     0.9862  0.0136     0.0138     0.4362         0.4438
    205   3.17    19.46  0.9857     0.9863  0.0143     0.0137     0.4479         0.4515
    206   3.17    18.52  0.9865     0.9863  0.0135     0.0137     0.4487         0.4557
    207   3.17    18.56  0.9857     0.9865  0.0143     0.0135     0.4655         0.4718
    208   3.17    18.45  0.9862     0.9864  0.0138     0.0136     0.4503         0.4577
    209   3.17    19.59  0.9858     0.9861  0.0142     0.0139     0.4394         0.4456
    210   3.17    18.69  0.9862     0.9858  0.0138     0.0142     0.4523         0.4593
    211   3.16    18.67  0.9860     0.9861  0.0140     0.0139     0.4510         0.4583
    212   3.17    18.85  0.9868     0.9866  0.0132     0.0134     0.4544         0.4597
    213   3.18    18.73  0.9864     0.9864  0.0136     0.0136     0.4617         0.4712
    214   3.17    18.70  0.9862     0.9861  0.0138     0.0139     0.4451         0.4543
    215   3.17    18.30  0.9867     0.9865  0.0133     0.0135     0.4708         0.4782
    216   3.18    18.55  0.9861     0.9867  0.0139     0.0133     0.4496         0.4548
    217   3.18    18.79  0.9860     0.9861  0.0140     0.0139     0.4567         0.4643
    218   3.17    18.50  0.9859     0.9865  0.0141     0.0135     0.4498         0.4560
    219   3.18    19.08  0.9865     0.9863  0.0135     0.0137     0.4566         0.4634
    220   3.17    18.65  0.9855     0.9860  0.0145     0.0140     0.4684         0.4748
    221   3.18    18.82  0.9863     0.9863  0.0137     0.0137     0.4652         0.4686
    222   3.17    18.32  0.9856     0.9861  0.0144     0.0139     0.4603         0.4668
    223   3.17    19.25  0.9859     0.9862  0.0141     0.0138     0.4376         0.4432
    224   3.18    18.79  0.9869     0.9864  0.0131     0.0136     0.4554         0.4583
    225   3.18    18.34  0.9864     0.9871  0.0136     0.0129     0.4581         0.4645
    226   3.17    19.45  0.9858     0.9864  0.0142     0.0136     0.4549         0.4583
    227   3.17    18.24  0.9865     0.9866  0.0135     0.0134     0.4695         0.4788
    228   3.17    18.75  0.9865     0.9861  0.0135     0.0139     0.4559         0.4633
    229   3.17    18.61  0.9863     0.9864  0.0137     0.0136     0.4553         0.4634
    230   3.17    18.40  0.9862     0.9860  0.0138     0.0140     0.4638         0.4723
    231   3.18    18.63  0.9859     0.9860  0.0141     0.0140     0.4672         0.4711
    232   3.18    18.66  0.9860     0.9861  0.0140     0.0139     0.4517         0.4602
    233   3.17    18.42  0.9857     0.9862  0.0143     0.0138     0.4620         0.4700
    234   3.17    18.70  0.9860     0.9861  0.0140     0.0139     0.4554         0.4635
    235   3.17    18.49  0.9864     0.9863  0.0136     0.0137     0.4661         0.4708
    236   3.18    18.66  0.9862     0.9860  0.0138     0.0140     0.4595         0.4673
    237   3.17    18.35  0.9860     0.9863  0.0140     0.0137     0.4742         0.4795
    238   3.17    19.14  0.9864     0.9862  0.0136     0.0138     0.4559         0.4593
    239   3.17    18.65  0.9863     0.9860  0.0137     0.0140     0.4712         0.4767
    240   3.18    18.40  0.9859     0.9863  0.0141     0.0137     0.4781         0.4866
    241   3.18    18.43  0.9863     0.9868  0.0137     0.0132     0.4641         0.4731
    242   3.18    18.86  0.9865     0.9867  0.0135     0.0133     0.4635         0.4707
    243   3.18    18.32  0.9856     0.9864  0.0144     0.0136     0.4877         0.4950
    244   3.18    18.88  0.9862     0.9861  0.0138     0.0139     0.4786         0.4841
    245   3.18    18.37  0.9858     0.9860  0.0142     0.0140     0.4889         0.4956
    246   3.17    18.05  0.9852     0.9863  0.0148     0.0137     0.4975         0.5041
    247   3.16    18.42  0.9859     0.9861  0.0141     0.0139     0.5001         0.5062
    248   3.17    18.31  0.9863     0.9863  0.0137     0.0137     0.4921         0.5006
    249   3.17    18.18  0.9863     0.9860  0.0137     0.0140     0.4908         0.4991
    250   3.17    18.18  0.9866     0.9863  0.0134     0.0137     0.4977         0.5045
    251   3.17    18.43  0.9858     0.9856  0.0142     0.0144     0.4861         0.4919
    252   3.17    18.48  0.9854     0.9859  0.0146     0.0141     0.4825         0.4867
    253   3.17    18.36  0.9861     0.9862  0.0139     0.0138     0.4725         0.4804
    254   3.17    18.34  0.9863     0.9857  0.0137     0.0143     0.4784         0.4830
    255   3.18    18.86  0.9860     0.9859  0.0140     0.0141     0.4728         0.4795
    256   3.17    18.42  0.9860     0.9858  0.0140     0.0142     0.4815         0.4895
    257   3.18    18.43  0.9860     0.9860  0.0140     0.0140     0.4794         0.4869
    258   3.18    18.36  0.9857     0.9861  0.0143     0.0139     0.4776         0.4850
    259   3.17    18.55  0.9854     0.9858  0.0146     0.0142     0.4695         0.4778
    260   3.17    18.25  0.9858     0.9859  0.0142     0.0141     0.4721         0.4839
    261   3.17    18.36  0.9862     0.9860  0.0138     0.0140     0.4713         0.4790
    262   3.17    19.01  0.9865     0.9862  0.0135     0.0138     0.4767         0.4844
    263   3.17    18.51  0.9859     0.9859  0.0141     0.0141     0.4785         0.4872
    264   3.17    18.30  0.9861     0.9863  0.0139     0.0137     0.4838         0.4927
    265   3.18    18.32  0.9862     0.9863  0.0138     0.0137     0.4784         0.4853
    266   3.18    18.40  0.9862     0.9856  0.0138     0.0144     0.4800         0.4886
    267   3.17    18.15  0.9858     0.9860  0.0142     0.0140     0.4870         0.4964
    268   3.18    18.26  0.9864     0.9861  0.0136     0.0139     0.4755         0.4832
    269   3.17    18.50  0.9860     0.9862  0.0140     0.0138     0.4798         0.4889
    270   3.17    18.48  0.9855     0.9861  0.0145     0.0139     0.4803         0.4887
    271   3.17    18.23  0.9861     0.9866  0.0139     0.0134     0.4850         0.4933
    272   3.17    18.59  0.9870     0.9860  0.0130     0.0140     0.4639         0.4719
    273   3.18    18.18  0.9867     0.9857  0.0133     0.0143     0.4758         0.4866
    274   3.17    18.27  0.9862     0.9859  0.0138     0.0141     0.4694         0.4755
    275   3.17    18.30  0.9865     0.9860  0.0135     0.0140     0.4661         0.4765
    276   3.17    18.37  0.9864     0.9861  0.0136     0.0139     0.4596         0.4665
    277   3.17    18.46  0.9857     0.9858  0.0143     0.0142     0.4729         0.4788
    278   3.17    18.36  0.9858     0.9856  0.0142     0.0144     0.4763         0.4828
    279   3.17    18.24  0.9863     0.9857  0.0137     0.0143     0.4833         0.4905
    280   3.16    18.09  0.9857     0.9855  0.0143     0.0145     0.4926         0.5022
    281   3.17    18.23  0.9862     0.9855  0.0138     0.0145     0.4839         0.4891
    282   3.17    18.33  0.9857     0.9859  0.0143     0.0141     0.4852         0.4925
    283   3.17    18.23  0.9859     0.9864  0.0141     0.0136     0.4905         0.4998
    284   3.17    18.03  0.9859     0.9859  0.0141     0.0141     0.4990         0.5076
    285   3.17    18.47  0.9864     0.9857  0.0136     0.0143     0.4830         0.4909
    286   3.17    18.04  0.9861     0.9857  0.0139     0.0143     0.4971         0.5063
    287   3.17    18.24  0.9858     0.9860  0.0142     0.0140     0.4854         0.4920
    288   3.17    18.41  0.9858     0.9859  0.0142     0.0141     0.4764         0.4830
    289   3.17    18.28  0.9865     0.9858  0.0135     0.0142     0.4789         0.4862
    290   3.17    18.14  0.9861     0.9859  0.0139     0.0141     0.4895         0.4990
    291   3.18    18.56  0.9863     0.9863  0.0137     0.0137     0.4850         0.4923
    292   3.17    18.20  0.9856     0.9860  0.0144     0.0140     0.4775         0.4840
    293   3.18    18.42  0.9864     0.9858  0.0136     0.0142     0.4694         0.4780
    294   3.18    18.20  0.9861     0.9857  0.0139     0.0143     0.4753         0.4843
    295   3.17    18.30  0.9861     0.9857  0.0139     0.0143     0.4723         0.4828
    296   3.17    18.30  0.9865     0.9859  0.0135     0.0141     0.4816         0.4902
    297   3.17    18.23  0.9860     0.9860  0.0140     0.0140     0.4750         0.4837
    298   3.17    18.14  0.9852     0.9860  0.0148     0.0140     0.4842         0.4948
    299   3.18    18.33  0.9870     0.9856  0.0130     0.0144     0.4797         0.4861
    300   3.17    18.24  0.9862     0.9863  0.0138     0.0137     0.4929         0.4996
The log/output/model have been saved to: ./logs/train.py-multi_zetas300_False_False_True_0.0001953125_0.000390625_0.00078125-bjo-04-23-16:25 + .csv/.out/.cpt
