  epoch    IZY    IXZ_1    IZ_1Z_2    IZ_2Z_3     acc    avg_acc     err    avg_err    adv_acc    avg_adv_acc
-------  -----  -------  ---------  ---------  ------  ---------  ------  ---------  ---------  -------------
      1   3.13  2384.74    1272.72     653.92  0.9597     0.9599  0.0403     0.0401     0.0203         0.0203
      2   3.16  2332.38    1222.77     646.73  0.9626     0.9626  0.0374     0.0374     0.0157         0.0157
      3   3.20  2292.90    1174.46     629.63  0.9731     0.9730  0.0269     0.0270     0.0142         0.0143
      4   3.20  2276.29    1143.43     614.14  0.9710     0.9710  0.0290     0.0290     0.0188         0.0188
      5   3.22  2256.82    1122.51     611.97  0.9791     0.9790  0.0209     0.0210     0.0184         0.0185
      6   3.19  2245.97    1103.84     595.74  0.9742     0.9743  0.0258     0.0257     0.0212         0.0212
      7   3.19  2234.26    1081.94     565.47  0.9691     0.9692  0.0309     0.0308     0.0240         0.0240
      8   3.19  2221.67    1067.95     560.50  0.9741     0.9742  0.0259     0.0258     0.0441         0.0442
      9   3.19  2215.76    1051.16     554.53  0.9757     0.9755  0.0243     0.0245     0.0649         0.0645
     10   3.22  2198.01    1037.44     537.82  0.9784     0.9784  0.0216     0.0216     0.0383         0.0379
     11   3.22  2189.96    1018.80     526.24  0.9790     0.9789  0.0210     0.0211     0.0483         0.0487
     12   3.17  2175.59    1000.05     523.14  0.9735     0.9734  0.0265     0.0266     0.0570         0.0569
     13   3.22  2167.66     980.52     510.88  0.9810     0.9809  0.0190     0.0191     0.0649         0.0643
     14   3.20  2153.94     969.36     501.45  0.9770     0.9770  0.0230     0.0230     0.0751         0.0747
     15   3.22  2143.01     959.70     493.06  0.9805     0.9805  0.0195     0.0195     0.0816         0.0823
     16   3.23  2144.97     946.11     479.46  0.9820     0.9821  0.0180     0.0179     0.0763         0.0752
     17   3.20  2127.38     927.21     479.89  0.9783     0.9784  0.0217     0.0216     0.1020         0.1033
     18   3.21  2121.76     908.55     478.26  0.9818     0.9819  0.0182     0.0181     0.1048         0.1051
     19   3.20  2107.28     901.67     467.07  0.9791     0.9790  0.0209     0.0210     0.1124         0.1112
     20   3.18  2099.31     883.87     464.91  0.9787     0.9790  0.0213     0.0210     0.1337         0.1341
     21   3.20  2087.56     879.08     454.21  0.9815     0.9816  0.0185     0.0184     0.1323         0.1321
     22   3.20  2073.62     857.33     445.17  0.9817     0.9815  0.0183     0.0185     0.1490         0.1489
     23   3.21  2063.05     841.34     436.66  0.9847     0.9845  0.0153     0.0155     0.1892         0.1889
     24   3.22  2057.38     832.51     421.81  0.9836     0.9836  0.0164     0.0164     0.1484         0.1474
     25   3.21  2050.63     820.03     419.02  0.9829     0.9827  0.0171     0.0173     0.1674         0.1666
     26   3.19  2034.01     812.31     418.96  0.9802     0.9801  0.0198     0.0199     0.1651         0.1657
     27   3.19  2027.21     800.15     402.14  0.9811     0.9807  0.0189     0.0193     0.1502         0.1515
     28   3.15  2015.27     775.22     400.46  0.9761     0.9762  0.0239     0.0238     0.1910         0.1906
     29   3.21  2006.69     774.63     396.96  0.9831     0.9831  0.0169     0.0169     0.2120         0.2123
     30   3.21  1994.41     753.83     393.66  0.9848     0.9848  0.0152     0.0152     0.2456         0.2455
     31   3.20  1994.04     753.65     383.41  0.9831     0.9831  0.0169     0.0169     0.2028         0.2037
     32   3.21  1989.14     751.88     372.31  0.9817     0.9819  0.0183     0.0181     0.1977         0.1981
     33   3.23  1971.46     731.19     372.65  0.9847     0.9847  0.0153     0.0153     0.2257         0.2259
     34   3.20  1966.10     728.18     370.39  0.9796     0.9796  0.0204     0.0204     0.1986         0.1999
     35   3.18  1952.04     706.98     371.93  0.9812     0.9815  0.0188     0.0185     0.2516         0.2520
     36   3.21  1943.95     699.79     365.56  0.9830     0.9830  0.0170     0.0170     0.2500         0.2508
     37   3.19  1921.05     692.23     364.80  0.9806     0.9807  0.0194     0.0193     0.2603         0.2615
     38   3.21  1932.99     686.86     363.59  0.9844     0.9839  0.0156     0.0161     0.2837         0.2842
     39   3.18  1911.80     674.49     356.59  0.9792     0.9792  0.0208     0.0208     0.2575         0.2589
     40   3.20  1892.95     664.67     360.38  0.9835     0.9835  0.0165     0.0165     0.2691         0.2707
     41   3.21  1880.96     634.09     364.86  0.9844     0.9846  0.0156     0.0154     0.3327         0.3362
     42   3.21  1856.84     611.83     365.51  0.9861     0.9858  0.0139     0.0142     0.3468         0.3494
     43   3.17  1859.50     656.96     328.84  0.9769     0.9767  0.0231     0.0233     0.1890         0.1898
     44   3.19  1845.00     619.05     339.37  0.9822     0.9824  0.0178     0.0176     0.2604         0.2619
     45   3.21  1851.38     619.63     332.57  0.9831     0.9831  0.0169     0.0169     0.3140         0.3163
     46   3.21  1823.04     593.38     346.97  0.9849     0.9849  0.0151     0.0151     0.3538         0.3556
     47   3.21  1798.74     569.40     345.40  0.9859     0.9857  0.0141     0.0143     0.3779         0.3773
     48   3.21  1768.93     544.71     332.34  0.9862     0.9864  0.0138     0.0136     0.3784         0.3791
     49   3.21  1726.70     513.98     318.64  0.9863     0.9867  0.0137     0.0133     0.3818         0.3858
     50   3.21  1641.41     468.19     306.13  0.9862     0.9858  0.0138     0.0142     0.3872         0.3914
     51   3.21  1468.27     416.41     291.03  0.9854     0.9853  0.0146     0.0147     0.3930         0.3995
     52   3.21  1581.67     469.41     275.73  0.9840     0.9844  0.0160     0.0156     0.2602         0.2652
     53   3.21  1557.56     450.12     288.55  0.9850     0.9850  0.0150     0.0150     0.3398         0.3460
     54   3.20  1566.35     459.02     288.99  0.9832     0.9831  0.0168     0.0169     0.3359         0.3396
     55   3.21  1542.88     439.51     299.71  0.9850     0.9853  0.0150     0.0147     0.3812         0.3892
     56   3.21  1518.17     427.58     297.98  0.9846     0.9845  0.0154     0.0155     0.4046         0.4122
     57   3.21  1486.86     414.39     288.74  0.9849     0.9851  0.0151     0.0149     0.4101         0.4190
     58   3.21  1420.14     394.74     278.88  0.9847     0.9849  0.0153     0.0151     0.3968         0.4101
     59   3.20  1336.74     374.80     268.29  0.9847     0.9846  0.0153     0.0154     0.4154         0.4234
     60   3.21  1456.39     422.60     267.35  0.9845     0.9846  0.0155     0.0154     0.3141         0.3220
     61   3.20  1457.56     414.76     273.05  0.9838     0.9841  0.0162     0.0159     0.3612         0.3710
     62   3.20  1465.63     427.46     267.58  0.9823     0.9822  0.0177     0.0178     0.3124         0.3232
     63   3.20  1446.10     419.34     273.56  0.9839     0.9842  0.0161     0.0158     0.3594         0.3686
     64   3.22  1444.61     428.05     269.90  0.9859     0.9858  0.0141     0.0142     0.3050         0.3149
     65   3.21  1413.64     410.75     274.97  0.9852     0.9852  0.0148     0.0148     0.3669         0.3816
     66   3.22  1440.67     430.70     261.62  0.9867     0.9867  0.0133     0.0133     0.3027         0.3101
     67   3.21  1414.57     413.86     270.46  0.9857     0.9859  0.0143     0.0141     0.3841         0.3968
     68   3.21  1388.87     401.32     269.41  0.9863     0.9861  0.0137     0.0139     0.4088         0.4198
     69   3.21  1352.06     390.36     264.03  0.9858     0.9864  0.0142     0.0136     0.4131         0.4275
     70   3.21  1225.42     369.14     261.11  0.9858     0.9859  0.0142     0.0141     0.4203         0.4345
     71   3.21  1086.03     361.29     251.80  0.9854     0.9853  0.0146     0.0147     0.3902         0.4031
     72   3.21   903.82     338.95     248.55  0.9856     0.9856  0.0144     0.0144     0.4092         0.4235
     73   3.21  1203.38     400.52     240.97  0.9841     0.9841  0.0159     0.0159     0.2796         0.2847
     74   3.21  1202.68     390.79     238.33  0.9845     0.9846  0.0155     0.0154     0.3254         0.3342
     75   3.21  1202.27     378.37     244.59  0.9854     0.9855  0.0146     0.0145     0.3763         0.3857
     76   3.21  1202.56     371.95     248.28  0.9852     0.9850  0.0148     0.0150     0.3883         0.3972
     77   3.21  1180.39     369.17     247.20  0.9853     0.9854  0.0147     0.0146     0.4120         0.4212
     78   3.21  1145.53     359.31     243.06  0.9857     0.9858  0.0143     0.0142     0.4198         0.4343
     79   3.21  1099.66     349.20     237.09  0.9859     0.9859  0.0141     0.0141     0.4063         0.4197
     80   3.21  1032.86     336.08     231.52  0.9859     0.9860  0.0141     0.0140     0.4162         0.4311
     81   3.21   865.07     316.84     225.25  0.9855     0.9856  0.0145     0.0144     0.4005         0.4164
     82   3.19  1097.75     371.60     223.16  0.9820     0.9820  0.0180     0.0180     0.2243         0.2303
     83   3.22  1091.09     357.94     224.23  0.9860     0.9862  0.0140     0.0138     0.3187         0.3307
     84   3.21  1054.59     346.80     230.92  0.9864     0.9865  0.0136     0.0135     0.3689         0.3811
     85   3.21  1020.84     337.60     229.64  0.9864     0.9864  0.0136     0.0136     0.3928         0.4080
     86   3.21   976.83     328.71     224.99  0.9863     0.9863  0.0137     0.0137     0.3849         0.3990
     87   3.21   913.70     317.69     220.49  0.9866     0.9866  0.0134     0.0134     0.3881         0.4078
     88   3.21   829.66     307.01     214.90  0.9862     0.9857  0.0138     0.0143     0.3883         0.4086
     89   3.21  1016.34     363.46     213.60  0.9825     0.9825  0.0175     0.0175     0.2779         0.2903
     90   3.22  1047.81     348.73     208.04  0.9859     0.9858  0.0141     0.0142     0.3318         0.3455
     91   3.22  1015.15     333.77     210.87  0.9860     0.9861  0.0140     0.0139     0.3882         0.4061
     92   3.21   981.71     324.58     212.46  0.9856     0.9857  0.0144     0.0143     0.4072         0.4303
     93   3.22   943.65     315.68     210.18  0.9858     0.9857  0.0142     0.0143     0.4139         0.4372
     94   3.22   890.71     309.12     211.51  0.9864     0.9865  0.0136     0.0135     0.4191         0.4446
     95   3.20  1032.24     352.81     208.35  0.9842     0.9843  0.0158     0.0157     0.2987         0.3096
     96   3.21   989.72     331.44     214.66  0.9860     0.9861  0.0140     0.0139     0.3775         0.3950
     97   3.21   955.00     318.57     218.08  0.9860     0.9862  0.0140     0.0138     0.4095         0.4308
     98   3.21   917.54     310.36     213.91  0.9866     0.9869  0.0134     0.0131     0.4205         0.4413
     99   3.21   860.09     301.18     210.42  0.9866     0.9865  0.0134     0.0135     0.4111         0.4372
    100   3.19   937.41     344.32     202.82  0.9842     0.9844  0.0158     0.0156     0.2855         0.2938
    101   3.20   918.89     322.67     200.93  0.9854     0.9858  0.0146     0.0142     0.3709         0.3915
    102   3.20   893.48     313.25     204.17  0.9858     0.9856  0.0142     0.0144     0.3990         0.4216
    103   3.21   833.62     306.47     204.58  0.9859     0.9859  0.0141     0.0141     0.4156         0.4437
    104   3.21   759.32     297.05     204.52  0.9858     0.9861  0.0142     0.0139     0.4202         0.4479
    105   3.18   812.78     320.78     201.04  0.9835     0.9838  0.0165     0.0162     0.3114         0.3321
    106   3.19   870.41     317.73     211.14  0.9842     0.9849  0.0158     0.0151     0.3802         0.4067
    107   3.19   853.03     307.00     206.62  0.9852     0.9852  0.0148     0.0148     0.4172         0.4454
    108   3.20   827.80     301.26     202.78  0.9860     0.9859  0.0140     0.0141     0.4136         0.4421
    109   3.20   796.72     295.34     200.33  0.9860     0.9859  0.0140     0.0141     0.4255         0.4594
    110   3.20   745.00     288.19     196.22  0.9862     0.9859  0.0138     0.0141     0.4126         0.4444
    111   3.20   795.38     303.61     188.95  0.9846     0.9848  0.0154     0.0152     0.3436         0.3611
    112   3.20   830.06     305.20     189.60  0.9858     0.9857  0.0142     0.0143     0.3743         0.3979
    113   3.20   784.12     291.64     191.42  0.9864     0.9863  0.0136     0.0137     0.4176         0.4471
    114   3.20   736.48     282.51     191.19  0.9861     0.9863  0.0139     0.0137     0.4098         0.4487
    115   3.20   670.94     273.11     189.43  0.9854     0.9858  0.0146     0.0142     0.4079         0.4485
    116   3.16   736.70     295.98     208.22  0.9821     0.9823  0.0179     0.0177     0.3927         0.4316
    117   3.21   796.44     290.53     185.45  0.9864     0.9862  0.0136     0.0138     0.3944         0.4246
    118   3.21   770.26     284.86     185.55  0.9859     0.9864  0.0141     0.0136     0.3998         0.4317
    119   3.20   744.05     279.52     188.48  0.9859     0.9861  0.0141     0.0139     0.4145         0.4548
    120   3.20   704.92     272.88     183.62  0.9853     0.9856  0.0147     0.0144     0.3986         0.4356
    121   3.18   830.70     297.38     181.39  0.9836     0.9836  0.0164     0.0164     0.3533         0.3787
    122   3.19   823.76     287.86     181.84  0.9847     0.9849  0.0153     0.0151     0.3835         0.4125
    123   3.19   796.09     280.66     182.03  0.9855     0.9854  0.0145     0.0146     0.4018         0.4303
    124   3.19   763.21     274.40     181.98  0.9850     0.9853  0.0150     0.0147     0.4056         0.4444
    125   3.19   725.36     268.43     180.34  0.9857     0.9858  0.0143     0.0142     0.3987         0.4359
    126   3.19   712.70     270.23     179.47  0.9850     0.9849  0.0150     0.0151     0.3583         0.3961
    127   3.19   678.95     267.42     176.36  0.9850     0.9852  0.0150     0.0148     0.3799         0.4225
    128   3.20   633.58     259.02     173.79  0.9863     0.9861  0.0137     0.0139     0.3546         0.3990
    129   3.20   653.49     260.58     169.03  0.9853     0.9853  0.0147     0.0147     0.3378         0.3759
    130   3.20   659.02     256.12     171.25  0.9853     0.9853  0.0147     0.0147     0.3823         0.4220
    131   3.20   705.77     271.02     168.40  0.9846     0.9847  0.0154     0.0153     0.3401         0.3770
    132   3.20   672.52     261.53     171.38  0.9852     0.9851  0.0148     0.0149     0.3753         0.4161
    133   3.20   650.85     257.86     169.24  0.9847     0.9848  0.0153     0.0152     0.3685         0.4117
    134   3.21   609.58     251.87     167.33  0.9854     0.9854  0.0146     0.0146     0.3628         0.4055
    135   3.21   564.04     246.34     165.88  0.9853     0.9856  0.0147     0.0144     0.3445         0.3939
    136   3.21   629.18     284.67     164.26  0.9849     0.9848  0.0151     0.0152     0.2358         0.2593
    137   3.19   676.16     277.06     163.02  0.9833     0.9835  0.0167     0.0165     0.2850         0.3181
    138   3.21   676.59     278.40     167.14  0.9846     0.9847  0.0154     0.0153     0.3133         0.3507
    139   3.21   667.15     270.14     164.43  0.9854     0.9857  0.0146     0.0143     0.3460         0.3878
    140   3.20   643.40     262.84     163.84  0.9852     0.9852  0.0148     0.0148     0.3528         0.3970
    141   3.21   598.92     254.97     163.99  0.9861     0.9861  0.0139     0.0139     0.3527         0.4072
    142   3.20   580.05     251.05     163.33  0.9846     0.9845  0.0154     0.0155     0.3595         0.4086
    143   3.20   566.04     247.93     160.11  0.9859     0.9856  0.0141     0.0144     0.3398         0.3865
    144   3.20   535.01     241.70     160.73  0.9857     0.9855  0.0143     0.0145     0.3498         0.4042
    145   3.21   538.55     243.62     156.74  0.9845     0.9847  0.0155     0.0153     0.3300         0.3783
    146   3.21   572.87     253.92     156.01  0.9862     0.9862  0.0138     0.0138     0.2947         0.3367
    147   3.20   529.16     242.30     156.27  0.9856     0.9855  0.0144     0.0145     0.3265         0.3747
    148   3.21   496.22     235.22     155.37  0.9863     0.9863  0.0137     0.0137     0.3302         0.3782
    149   3.20   461.36     230.00     154.31  0.9847     0.9848  0.0153     0.0152     0.3133         0.3658
    150   3.21   438.87     226.11     152.31  0.9857     0.9861  0.0143     0.0139     0.2952         0.3507
    151   3.20   546.61     239.76     150.50  0.9853     0.9852  0.0147     0.0148     0.3058         0.3521
    152   3.21   526.15     232.07     151.25  0.9863     0.9863  0.0137     0.0137     0.3290         0.3824
    153   3.21   504.67     224.90     150.37  0.9854     0.9857  0.0146     0.0143     0.3240         0.3807
    154   3.21   483.76     224.02     148.42  0.9854     0.9854  0.0146     0.0146     0.3048         0.3572
    155   3.20   524.99     232.14     147.51  0.9856     0.9853  0.0144     0.0147     0.2640         0.3065
    156   3.19   518.32     225.04     155.34  0.9860     0.9856  0.0140     0.0144     0.3235         0.3950
    157   3.20   504.71     220.66     146.33  0.9859     0.9862  0.0141     0.0138     0.3127         0.3645
    158   3.20   494.04     217.56     143.90  0.9861     0.9860  0.0139     0.0140     0.2933         0.3480
    159   3.20   519.46     221.68     143.06  0.9860     0.9860  0.0140     0.0140     0.2754         0.3232
    160   3.20   475.89     213.68     143.60  0.9859     0.9858  0.0141     0.0142     0.2889         0.3445
    161   3.21   503.45     217.87     141.00  0.9861     0.9858  0.0139     0.0142     0.2820         0.3322
    162   3.20   506.13     221.86     140.63  0.9860     0.9861  0.0140     0.0139     0.2608         0.3102
    163   3.20   472.66     214.75     142.51  0.9859     0.9857  0.0141     0.0143     0.2767         0.3316
    164   3.20   474.69     214.22     141.63  0.9852     0.9854  0.0148     0.0146     0.2682         0.3257
    165   3.21   546.50     242.50     140.24  0.9857     0.9854  0.0143     0.0146     0.1712         0.1964
    166   3.20   507.11     219.59     139.05  0.9861     0.9860  0.0139     0.0140     0.2572         0.3088
    167   3.20   503.37     222.26     138.91  0.9855     0.9854  0.0145     0.0146     0.2467         0.2998
    168   3.20   454.68     208.42     141.14  0.9849     0.9850  0.0151     0.0150     0.2730         0.3385
    169   3.19   466.00     213.79     140.26  0.9847     0.9850  0.0153     0.0150     0.2507         0.3018
    170   3.20   491.74     214.37     139.84  0.9855     0.9858  0.0145     0.0142     0.2628         0.3190
    171   3.20   507.55     215.69     136.71  0.9851     0.9855  0.0149     0.0145     0.2498         0.3016
    172   3.20   485.40     208.82     136.94  0.9852     0.9852  0.0148     0.0148     0.2629         0.3216
    173   3.20   508.28     219.05     135.51  0.9849     0.9852  0.0151     0.0148     0.2197         0.2641
    174   3.20   521.84     223.61     134.92  0.9855     0.9858  0.0145     0.0142     0.2060         0.2511
    175   3.20   574.64     243.38     137.37  0.9849     0.9849  0.0151     0.0151     0.1741         0.1992
    176   3.20   557.95     226.39     134.52  0.9859     0.9858  0.0141     0.0142     0.2295         0.2748
    177   3.21   525.73     214.06     135.20  0.9866     0.9864  0.0134     0.0136     0.2521         0.3081
    178   3.20   562.49     228.34     133.05  0.9855     0.9857  0.0145     0.0143     0.2187         0.2693
    179   3.19   523.51     214.54     134.55  0.9859     0.9855  0.0141     0.0145     0.2541         0.3090
    180   3.21   539.61     228.20     134.38  0.9853     0.9856  0.0147     0.0144     0.1969         0.2369
    181   3.20   530.20     222.22     134.29  0.9868     0.9870  0.0132     0.0130     0.2287         0.2809
    182   3.21   490.77     212.09     134.88  0.9860     0.9862  0.0140     0.0138     0.2381         0.3022
    183   3.19   517.46     219.53     134.24  0.9858     0.9857  0.0142     0.0143     0.2273         0.2818
    184   3.20   502.48     215.93     134.77  0.9856     0.9854  0.0144     0.0146     0.2360         0.2919
    185   3.20   531.95     230.67     135.42  0.9852     0.9851  0.0148     0.0149     0.1898         0.2360
    186   3.20   486.29     211.59     135.40  0.9860     0.9863  0.0140     0.0137     0.2336         0.2963
    187   3.20   468.10     208.45     135.08  0.9871     0.9866  0.0129     0.0134     0.2298         0.2902
    188   3.20   505.86     218.26     132.81  0.9858     0.9858  0.0142     0.0142     0.1885         0.2327
    189   3.20   473.37     208.76     134.86  0.9861     0.9857  0.0139     0.0143     0.2108         0.2667
    190   3.20   451.66     202.64     134.03  0.9856     0.9857  0.0144     0.0143     0.2251         0.2903
    191   3.19   437.93     200.31     134.48  0.9857     0.9857  0.0143     0.0143     0.2232         0.2856
    192   3.20   418.76     198.81     133.66  0.9866     0.9867  0.0134     0.0133     0.2273         0.2913
    193   3.20   431.09     204.48     131.96  0.9858     0.9858  0.0142     0.0142     0.2089         0.2629
    194   3.20   451.65     212.02     131.01  0.9864     0.9864  0.0136     0.0136     0.1959         0.2399
    195   3.20   456.87     212.96     130.50  0.9855     0.9857  0.0145     0.0143     0.1900         0.2422
    196   3.19   446.65     202.96     132.53  0.9846     0.9845  0.0154     0.0155     0.2269         0.2880
    197   3.20   458.58     206.09     129.97  0.9860     0.9863  0.0140     0.0137     0.2114         0.2659
    198   3.20   443.47     199.78     130.66  0.9857     0.9858  0.0143     0.0142     0.2217         0.2832
    199   3.20   426.54     197.41     131.10  0.9859     0.9859  0.0141     0.0141     0.2187         0.2826
    200   3.19   436.69     202.84     130.17  0.9859     0.9861  0.0141     0.0139     0.2185         0.2772
    201   3.20   426.68     198.09     130.33  0.9861     0.9863  0.0139     0.0137     0.2241         0.2892
    202   3.20   482.45     209.85     127.47  0.9856     0.9858  0.0144     0.0142     0.1906         0.2432
    203   3.20   449.40     198.62     129.27  0.9862     0.9864  0.0138     0.0136     0.2192         0.2778
    204   3.20   453.73     201.69     128.86  0.9852     0.9856  0.0148     0.0144     0.2028         0.2589
    205   3.20   453.34     201.59     128.97  0.9858     0.9861  0.0142     0.0139     0.1927         0.2484
    206   3.20   436.12     197.39     129.39  0.9861     0.9857  0.0139     0.0143     0.2103         0.2632
    207   3.20   481.02     214.71     127.73  0.9861     0.9857  0.0139     0.0143     0.1628         0.2083
    208   3.20   468.95     208.09     127.76  0.9853     0.9849  0.0147     0.0151     0.1814         0.2330
    209   3.20   458.35     205.63     128.33  0.9870     0.9867  0.0130     0.0133     0.1776         0.2326
    210   3.20   438.18     198.76     129.47  0.9861     0.9862  0.0139     0.0138     0.1954         0.2530
    211   3.20   443.54     201.98     128.17  0.9866     0.9870  0.0134     0.0130     0.1795         0.2343
    212   3.21   458.75     204.30     127.06  0.9868     0.9867  0.0132     0.0133     0.1701         0.2219
    213   3.21   443.46     199.46     128.35  0.9866     0.9863  0.0134     0.0137     0.1844         0.2387
    214   3.21   474.28     213.82     128.62  0.9863     0.9865  0.0137     0.0135     0.1559         0.1992
    215   3.20   471.33     204.74     128.47  0.9862     0.9867  0.0138     0.0133     0.1774         0.2319
    216   3.20   458.41     202.39     128.87  0.9861     0.9862  0.0139     0.0138     0.1698         0.2215
    217   3.20   446.54     198.48     128.52  0.9861     0.9857  0.0139     0.0143     0.1812         0.2396
    218   3.19   448.80     198.09     128.02  0.9861     0.9858  0.0139     0.0142     0.1819         0.2438
    219   3.20   446.42     198.29     127.46  0.9853     0.9853  0.0147     0.0147     0.1775         0.2269
    220   3.19   425.98     191.90     128.93  0.9856     0.9854  0.0144     0.0146     0.1878         0.2509
    221   3.20   409.80     189.34     128.90  0.9859     0.9859  0.0141     0.0141     0.1924         0.2510
    222   3.20   414.58     191.41     127.65  0.9863     0.9864  0.0137     0.0136     0.1876         0.2498
    223   3.20   401.69     188.51     128.05  0.9860     0.9859  0.0140     0.0141     0.1957         0.2558
    224   3.20   409.44     190.03     126.93  0.9859     0.9858  0.0141     0.0142     0.1860         0.2505
    225   3.20   409.13     192.79     126.37  0.9858     0.9858  0.0142     0.0142     0.1836         0.2333
    226   3.19   396.60     191.11     127.06  0.9854     0.9854  0.0146     0.0146     0.1825         0.2370
    227   3.20   400.73     190.85     127.01  0.9860     0.9857  0.0140     0.0143     0.1841         0.2408
    228   3.20   402.13     191.68     125.64  0.9851     0.9859  0.0149     0.0141     0.1844         0.2448
    229   3.20   400.90     189.69     126.24  0.9856     0.9856  0.0144     0.0144     0.1845         0.2439
    230   3.20   400.72     187.82     126.20  0.9862     0.9863  0.0138     0.0137     0.1940         0.2529
    231   3.20   400.29     188.86     125.07  0.9854     0.9854  0.0146     0.0146     0.1807         0.2386
    232   3.20   387.61     185.42     126.32  0.9856     0.9857  0.0144     0.0143     0.1847         0.2474
    233   3.20   408.31     190.98     123.54  0.9860     0.9858  0.0140     0.0142     0.1757         0.2269
    234   3.20   406.66     191.24     125.21  0.9854     0.9857  0.0146     0.0143     0.1808         0.2361
    235   3.20   389.93     186.11     125.20  0.9866     0.9863  0.0134     0.0137     0.1904         0.2507
    236   3.20   385.91     185.97     124.01  0.9859     0.9861  0.0141     0.0139     0.1923         0.2492
    237   3.20   377.72     185.04     125.72  0.9861     0.9854  0.0139     0.0146     0.1799         0.2463
    238   3.20   379.38     186.25     125.17  0.9857     0.9855  0.0143     0.0145     0.1684         0.2236
    239   3.20   366.96     181.36     125.76  0.9858     0.9858  0.0142     0.0142     0.1835         0.2500
    240   3.20   381.39     186.85     123.67  0.9858     0.9861  0.0142     0.0139     0.1689         0.2286
    241   3.21   394.68     187.81     123.10  0.9862     0.9864  0.0138     0.0136     0.1692         0.2222
    242   3.20   388.38     186.31     122.26  0.9866     0.9864  0.0134     0.0136     0.1768         0.2341
    243   3.20   380.78     184.87     122.69  0.9853     0.9856  0.0147     0.0144     0.1714         0.2327
    244   3.20   366.64     182.11     123.37  0.9859     0.9861  0.0141     0.0139     0.1819         0.2367
    245   3.20   376.17     185.03     121.72  0.9857     0.9860  0.0143     0.0140     0.1824         0.2339
    246   3.21   390.66     191.79     121.14  0.9870     0.9868  0.0130     0.0132     0.1667         0.2164
    247   3.21   381.18     187.57     120.90  0.9866     0.9863  0.0134     0.0137     0.1672         0.2206
    248   3.20   380.71     188.40     121.24  0.9869     0.9866  0.0131     0.0134     0.1631         0.2108
    249   3.20   386.09     190.31     120.46  0.9862     0.9859  0.0138     0.0141     0.1547         0.2004
    250   3.21   409.90     199.62     120.28  0.9856     0.9855  0.0144     0.0145     0.1418         0.1854
    251   3.21   393.26     191.67     120.50  0.9859     0.9857  0.0141     0.0143     0.1578         0.2066
    252   3.21   385.18     188.11     121.00  0.9863     0.9862  0.0137     0.0138     0.1689         0.2212
    253   3.20   401.66     193.95     119.39  0.9856     0.9857  0.0144     0.0143     0.1569         0.2047
    254   3.21   401.81     194.47     119.83  0.9858     0.9859  0.0142     0.0141     0.1495         0.1936
    255   3.21   398.36     193.79     120.97  0.9867     0.9867  0.0133     0.0133     0.1475         0.1905
    256   3.20   385.02     188.62     121.32  0.9862     0.9857  0.0138     0.0143     0.1612         0.2113
    257   3.20   400.07     192.92     120.37  0.9867     0.9870  0.0133     0.0130     0.1574         0.2048
    258   3.21   406.00     196.29     120.44  0.9864     0.9866  0.0136     0.0134     0.1445         0.1907
    259   3.21   394.90     191.04     121.17  0.9863     0.9864  0.0137     0.0136     0.1545         0.2022
    260   3.20   401.90     192.50     120.66  0.9858     0.9858  0.0142     0.0142     0.1509         0.1992
    261   3.20   402.34     192.66     120.22  0.9862     0.9865  0.0138     0.0135     0.1519         0.1995
    262   3.20   389.20     187.22     121.34  0.9867     0.9871  0.0133     0.0129     0.1603         0.2110
    263   3.21   391.46     188.31     120.92  0.9862     0.9858  0.0138     0.0142     0.1595         0.2133
    264   3.21   378.70     183.41     122.00  0.9866     0.9869  0.0134     0.0131     0.1697         0.2244
    265   3.20   388.29     189.21     120.96  0.9857     0.9859  0.0143     0.0141     0.1563         0.2053
    266   3.20   386.54     188.18     120.82  0.9863     0.9865  0.0137     0.0135     0.1493         0.1970
    267   3.21   374.66     183.65     121.75  0.9867     0.9864  0.0133     0.0136     0.1703         0.2244
    268   3.20   383.00     183.36     121.60  0.9865     0.9863  0.0135     0.0137     0.1586         0.2079
    269   3.20   391.61     186.53     120.35  0.9862     0.9862  0.0138     0.0138     0.1558         0.2045
    270   3.20   383.23     182.61     121.23  0.9864     0.9862  0.0136     0.0138     0.1639         0.2183
    271   3.21   391.97     187.09     119.53  0.9865     0.9866  0.0135     0.0134     0.1573         0.2040
    272   3.21   394.35     188.95     120.56  0.9867     0.9867  0.0133     0.0133     0.1508         0.1972
    273   3.21   410.41     194.11     119.43  0.9861     0.9860  0.0139     0.0140     0.1410         0.1837
    274   3.20   394.38     186.94     120.29  0.9867     0.9864  0.0133     0.0136     0.1584         0.2104
    275   3.20   392.67     185.77     119.59  0.9866     0.9869  0.0134     0.0131     0.1568         0.2079
    276   3.20   380.26     181.83     121.28  0.9861     0.9863  0.0139     0.0137     0.1694         0.2204
    277   3.21   379.22     182.50     120.43  0.9865     0.9868  0.0135     0.0132     0.1606         0.2102
    278   3.20   394.75     187.33     119.63  0.9870     0.9873  0.0130     0.0127     0.1487         0.1950
    279   3.20   383.65     183.13     119.90  0.9856     0.9858  0.0144     0.0142     0.1524         0.1966
    280   3.21   385.27     184.45     119.58  0.9868     0.9865  0.0132     0.0135     0.1535         0.2021
    281   3.20   389.15     185.75     119.23  0.9866     0.9863  0.0134     0.0137     0.1502         0.1971
    282   3.20   377.61     181.08     120.38  0.9862     0.9861  0.0138     0.0139     0.1596         0.2103
    283   3.20   378.68     181.08     119.78  0.9869     0.9869  0.0131     0.0131     0.1588         0.2116
    284   3.20   373.30     180.19     120.48  0.9873     0.9874  0.0127     0.0126     0.1541         0.2082
    285   3.20   374.45     181.91     120.64  0.9864     0.9866  0.0136     0.0134     0.1578         0.2082
    286   3.20   369.23     180.52     120.33  0.9868     0.9870  0.0132     0.0130     0.1536         0.2060
    287   3.21   372.39     180.14     120.11  0.9868     0.9868  0.0132     0.0132     0.1519         0.2080
    288   3.20   365.77     179.58     120.34  0.9862     0.9862  0.0138     0.0138     0.1598         0.2121
    289   3.20   371.75     183.09     118.76  0.9865     0.9868  0.0135     0.0132     0.1544         0.2003
    290   3.20   375.72     185.41     119.43  0.9863     0.9865  0.0137     0.0135     0.1444         0.1880
    291   3.21   369.26     182.93     119.17  0.9864     0.9864  0.0136     0.0136     0.1443         0.1895
    292   3.21   361.66     180.09     120.18  0.9863     0.9864  0.0137     0.0136     0.1533         0.2038
    293   3.21   372.03     182.93     119.04  0.9865     0.9870  0.0135     0.0130     0.1494         0.2011
    294   3.20   376.49     185.04     118.10  0.9862     0.9864  0.0138     0.0136     0.1475         0.1949
    295   3.20   366.98     182.08     119.17  0.9862     0.9859  0.0138     0.0141     0.1484         0.1968
    296   3.20   381.33     187.04     118.32  0.9856     0.9856  0.0144     0.0144     0.1378         0.1791
    297   3.21   379.26     185.48     117.97  0.9863     0.9867  0.0137     0.0133     0.1479         0.1877
    298   3.21   369.97     181.97     119.64  0.9872     0.9870  0.0128     0.0130     0.1559         0.2031
    299   3.20   367.47     181.68     119.14  0.9862     0.9864  0.0138     0.0136     0.1559         0.2051
    300   3.20   380.10     185.80     117.70  0.9863     0.9864  0.0137     0.0136     0.1424         0.1823
The log/output/model have been saved to: ./logs/train.py-multi_zetas300_True_True_True_1.953125e-07_3.90625e-07_7.8125e-07-zco-04-23-12:38 + .csv/.out/.cpt
