  epoch    IZY    IXZ_1    IZ_1Z_2     acc    avg_acc     err    avg_err    adv_acc    avg_adv_acc
-------  -----  -------  ---------  ------  ---------  ------  ---------  ---------  -------------
      1   0.20    18.99      39.19  0.2601     0.3769  0.7399     0.6231     0.2007         0.2443
      2   0.30     6.13      22.42  0.2887     0.4200  0.7113     0.5800     0.2041         0.2488
      3   1.01     7.06      21.69  0.4456     0.5720  0.5544     0.4280     0.1899         0.2118
      4   1.59    15.12      42.74  0.6050     0.6651  0.3950     0.3349     0.1188         0.1195
      5   1.67    11.04      30.17  0.6177     0.7007  0.3823     0.2993     0.1291         0.1287
      6   1.66     7.98      20.55  0.6073     0.7061  0.3927     0.2939     0.1376         0.1378
      7   1.51     5.56      14.97  0.5622     0.7153  0.4378     0.2847     0.1965         0.2052
      8   1.82     6.70      14.75  0.6466     0.7716  0.3534     0.2284     0.1627         0.1657
      9   1.95     6.85      14.90  0.6820     0.7950  0.3180     0.2050     0.1524         0.1561
     10   1.90     6.46      13.28  0.6698     0.8064  0.3302     0.1936     0.1826         0.1852
     11   2.28    11.40      25.27  0.7847     0.8552  0.2153     0.1448     0.1039         0.1045
     12   2.13     6.83      13.38  0.7392     0.8512  0.2608     0.1488     0.1638         0.1659
     13   2.26     8.16      16.21  0.7754     0.8727  0.2246     0.1273     0.1363         0.1366
     14   2.20     6.64      12.23  0.7548     0.8773  0.2452     0.1227     0.1660         0.1689
     15   2.29     7.21      12.66  0.7776     0.8822  0.2224     0.1178     0.1514         0.1515
     16   2.37     7.87      14.08  0.7984     0.8973  0.2016     0.1027     0.1478         0.1494
     17   2.26     6.75      11.20  0.7639     0.8739  0.2361     0.1261     0.1790         0.1822
     18   2.34     6.79      11.39  0.7902     0.9047  0.2098     0.0953     0.1700         0.1751
     19   2.36     6.84      11.17  0.7965     0.9062  0.2035     0.0938     0.1713         0.1712
     20   2.54     7.99      13.40  0.8470     0.9246  0.1530     0.0754     0.1340         0.1386
     21   2.58     7.99      12.96  0.8498     0.9278  0.1502     0.0722     0.1434         0.1470
     22   2.37     6.82      10.54  0.7922     0.9235  0.2078     0.0765     0.2015         0.2153
     23   2.50     6.98      10.67  0.8269     0.9286  0.1731     0.0714     0.1833         0.1913
     24   2.31     6.74      10.23  0.7815     0.9169  0.2185     0.0831     0.2220         0.2331
     25   2.49     6.79       9.72  0.8213     0.9284  0.1787     0.0716     0.1949         0.2049
     26   2.59     7.37      11.10  0.8532     0.9343  0.1468     0.0657     0.2027         0.2140
     27   2.46     6.63       9.31  0.8178     0.9323  0.1822     0.0677     0.2285         0.2496
     28   2.39     6.65       9.28  0.8066     0.9218  0.1934     0.0782     0.2531         0.2723
     29   2.63     7.40      10.40  0.8625     0.9415  0.1375     0.0585     0.2081         0.2218
     30   2.47     6.75       9.38  0.8230     0.9375  0.1770     0.0625     0.2584         0.2895
     31   2.51     6.70       8.85  0.8336     0.9350  0.1664     0.0650     0.2770         0.3013
     32   2.60     6.78       8.83  0.8494     0.9497  0.1506     0.0503     0.2547         0.2729
     33   2.57     6.43       8.65  0.8435     0.9454  0.1565     0.0546     0.2641         0.2865
     34   2.77     8.16      11.34  0.8981     0.9603  0.1019     0.0397     0.2476         0.2625
     35   2.66     6.76       9.10  0.8699     0.9492  0.1301     0.0508     0.2773         0.3041
     36   2.59     6.26       8.17  0.8474     0.9490  0.1526     0.0510     0.3028         0.3326
     37   2.71     7.16       9.58  0.8804     0.9568  0.1196     0.0432     0.2793         0.2970
     38   2.68     6.70       8.39  0.8739     0.9597  0.1261     0.0403     0.3514         0.3855
     39   2.72     6.61       8.75  0.8798     0.9553  0.1202     0.0447     0.3158         0.3434
     40   2.63     6.24       7.99  0.8582     0.9488  0.1418     0.0512     0.3493         0.3829
     41   2.59     5.94       7.62  0.8534     0.9495  0.1466     0.0505     0.3647         0.4017
     42   2.65     6.14       7.66  0.8635     0.9571  0.1365     0.0429     0.3829         0.4234
     43   2.73     6.38       8.23  0.8787     0.9598  0.1213     0.0402     0.3561         0.3858
     44   2.66     6.13       7.63  0.8707     0.9555  0.1293     0.0445     0.3974         0.4373
     45   2.76     6.63       8.59  0.8921     0.9640  0.1079     0.0360     0.3850         0.4148
     46   2.77     6.72       8.66  0.8967     0.9640  0.1033     0.0360     0.3968         0.4316
     47   2.81     6.34       8.25  0.9026     0.9667  0.0974     0.0333     0.4001         0.4353
     48   2.73     6.09       7.55  0.8827     0.9664  0.1173     0.0336     0.4134         0.4612
     49   2.84     6.58       8.58  0.9114     0.9703  0.0886     0.0297     0.3906         0.4228
     50   2.81     6.10       7.83  0.9019     0.9724  0.0981     0.0276     0.4111         0.4478
     51   2.76     5.92       7.74  0.8991     0.9667  0.1009     0.0333     0.3440         0.3761
     52   2.70     5.72       7.07  0.8754     0.9676  0.1246     0.0324     0.3575         0.3929
     53   2.81     5.89       7.39  0.8995     0.9728  0.1005     0.0272     0.3446         0.3776
     54   2.74     5.84       7.15  0.8849     0.9641  0.1151     0.0359     0.3768         0.4138
     55   2.70     5.50       6.88  0.8777     0.9681  0.1223     0.0319     0.3746         0.4103
     56   2.82     5.67       7.48  0.9076     0.9745  0.0924     0.0255     0.3193         0.3500
     57   2.80     5.57       7.02  0.8968     0.9745  0.1032     0.0255     0.4034         0.4468
     58   2.78     5.58       6.88  0.8992     0.9733  0.1008     0.0267     0.3700         0.4014
     59   2.84     5.52       7.19  0.9089     0.9733  0.0911     0.0267     0.3798         0.4126
     60   2.79     5.34       6.90  0.8994     0.9707  0.1006     0.0293     0.3792         0.4136
     61   2.85     5.36       7.00  0.9136     0.9755  0.0864     0.0245     0.3516         0.3819
     62   2.77     5.22       6.67  0.8964     0.9722  0.1036     0.0278     0.3829         0.4165
     63   2.75     5.23       6.60  0.8918     0.9700  0.1082     0.0300     0.3859         0.4308
     64   2.81     5.08       6.51  0.8978     0.9748  0.1022     0.0252     0.4066         0.4485
     65   2.82     5.10       6.70  0.9040     0.9776  0.0960     0.0224     0.3780         0.4155
     66   2.80     5.13       6.73  0.9024     0.9735  0.0976     0.0265     0.4209         0.4625
     67   2.90     5.37       7.13  0.9219     0.9772  0.0781     0.0228     0.3951         0.4273
     68   2.86     5.00       6.68  0.9143     0.9761  0.0857     0.0239     0.3646         0.3954
     69   2.82     5.16       6.61  0.9054     0.9766  0.0946     0.0234     0.3819         0.4224
     70   2.89     5.50       7.27  0.9277     0.9754  0.0723     0.0246     0.3737         0.3988
     71   2.87     5.03       6.62  0.9155     0.9791  0.0845     0.0209     0.3762         0.4062
     72   2.88     5.15       6.92  0.9237     0.9769  0.0763     0.0231     0.3999         0.4319
     73   2.82     4.83       6.26  0.9061     0.9765  0.0939     0.0235     0.3777         0.4139
     74   2.82     4.81       6.32  0.9053     0.9777  0.0947     0.0223     0.4199         0.4556
     75   2.80     4.74       6.17  0.9009     0.9762  0.0991     0.0238     0.3998         0.4334
     76   2.88     4.98       6.59  0.9166     0.9770  0.0834     0.0230     0.4181         0.4512
     77   2.84     4.70       6.31  0.9080     0.9799  0.0920     0.0201     0.3741         0.4160
     78   2.85     4.80       6.35  0.9129     0.9767  0.0871     0.0233     0.3952         0.4282
     79   2.88     4.90       6.57  0.9237     0.9780  0.0763     0.0220     0.3821         0.4116
     80   2.84     4.66       6.23  0.9109     0.9798  0.0891     0.0202     0.3822         0.4198
     81   2.85     4.79       6.37  0.9127     0.9760  0.0873     0.0240     0.3995         0.4360
     82   2.85     4.81       6.38  0.9120     0.9763  0.0880     0.0237     0.4520         0.4894
     83   2.89     4.74       6.53  0.9225     0.9776  0.0775     0.0224     0.4352         0.4703
     84   2.89     4.82       6.39  0.9235     0.9810  0.0765     0.0190     0.4655         0.5087
     85   2.92     4.86       6.54  0.9289     0.9789  0.0711     0.0211     0.4411         0.4735
     86   2.92     4.78       6.29  0.9256     0.9793  0.0744     0.0207     0.4531         0.4935
     87   2.87     4.68       6.08  0.9187     0.9790  0.0813     0.0210     0.4432         0.4885
     88   2.90     4.73       6.42  0.9276     0.9791  0.0724     0.0209     0.4262         0.4656
     89   2.93     5.01       6.64  0.9311     0.9804  0.0689     0.0196     0.4225         0.4549
     90   2.88     4.63       6.24  0.9192     0.9791  0.0808     0.0209     0.3718         0.4097
     91   2.85     4.59       6.07  0.9142     0.9783  0.0858     0.0217     0.3959         0.4358
     92   2.87     4.67       6.30  0.9178     0.9803  0.0822     0.0197     0.3998         0.4388
     93   2.86     4.57       6.04  0.9172     0.9798  0.0828     0.0202     0.3930         0.4332
     94   2.86     4.52       6.01  0.9154     0.9791  0.0846     0.0209     0.4182         0.4596
     95   2.89     4.63       6.13  0.9218     0.9811  0.0782     0.0189     0.4389         0.4787
     96   2.88     4.59       6.10  0.9243     0.9794  0.0757     0.0206     0.4710         0.5192
     97   2.87     4.52       6.03  0.9165     0.9798  0.0835     0.0202     0.5216         0.5727
     98   2.85     4.45       6.00  0.9159     0.9797  0.0841     0.0203     0.5012         0.5548
     99   2.92     4.77       6.51  0.9291     0.9795  0.0709     0.0205     0.4274         0.4609
    100   2.88     4.54       6.11  0.9193     0.9793  0.0807     0.0207     0.4819         0.5259
    101   2.87     4.47       5.94  0.9192     0.9798  0.0808     0.0202     0.4223         0.4676
    102   2.89     4.60       6.08  0.9220     0.9789  0.0780     0.0211     0.3869         0.4270
    103   2.93     4.62       6.24  0.9317     0.9797  0.0683     0.0203     0.3725         0.4035
    104   2.90     4.72       6.31  0.9269     0.9807  0.0731     0.0193     0.4082         0.4434
    105   2.86     4.44       5.95  0.9146     0.9799  0.0854     0.0201     0.4223         0.4629
    106   2.88     4.51       6.02  0.9217     0.9795  0.0783     0.0205     0.3963         0.4350
    107   2.89     4.44       5.90  0.9209     0.9796  0.0791     0.0204     0.4493         0.4877
    108   2.88     4.47       6.02  0.9247     0.9795  0.0753     0.0205     0.5221         0.5716
    109   2.86     4.40       5.91  0.9146     0.9771  0.0854     0.0229     0.4836         0.5319
    110   2.90     4.58       6.14  0.9234     0.9808  0.0766     0.0192     0.4979         0.5430
    111   2.89     4.46       6.03  0.9218     0.9807  0.0782     0.0193     0.4201         0.4578
    112   2.92     4.45       6.05  0.9247     0.9817  0.0753     0.0183     0.4547         0.4988
    113   2.91     4.47       5.94  0.9227     0.9795  0.0773     0.0205     0.4282         0.4780
    114   2.91     4.49       5.98  0.9248     0.9815  0.0752     0.0185     0.4720         0.5209
    115   2.92     4.61       6.02  0.9306     0.9807  0.0694     0.0193     0.4718         0.5197
    116   2.88     4.47       5.93  0.9215     0.9811  0.0785     0.0189     0.4275         0.4679
    117   2.92     4.54       6.02  0.9265     0.9816  0.0735     0.0184     0.4638         0.5085
    118   2.91     4.58       5.97  0.9283     0.9786  0.0717     0.0214     0.4346         0.4800
    119   2.87     4.44       5.80  0.9189     0.9808  0.0811     0.0192     0.4898         0.5461
    120   2.93     4.56       6.12  0.9303     0.9806  0.0697     0.0194     0.4616         0.5074
    121   2.92     4.53       6.00  0.9298     0.9804  0.0702     0.0196     0.4870         0.5466
    122   2.87     4.36       5.82  0.9191     0.9789  0.0809     0.0211     0.4913         0.5441
    123   2.92     4.50       5.94  0.9304     0.9816  0.0696     0.0184     0.4730         0.5230
    124   2.90     4.55       5.94  0.9289     0.9797  0.0711     0.0203     0.4802         0.5347
    125   2.91     4.49       5.93  0.9283     0.9818  0.0717     0.0182     0.4743         0.5246
    126   2.89     4.42       5.87  0.9235     0.9789  0.0765     0.0211     0.4431         0.4963
    127   2.87     4.39       5.93  0.9200     0.9778  0.0800     0.0222     0.4217         0.4646
    128   2.87     4.42       5.83  0.9193     0.9800  0.0807     0.0200     0.4738         0.5256
    129   2.88     4.43       5.82  0.9209     0.9786  0.0791     0.0214     0.4538         0.5046
    130   2.91     4.34       6.04  0.9250     0.9795  0.0750     0.0205     0.4529         0.4994
    131   2.92     4.43       5.96  0.9276     0.9795  0.0724     0.0205     0.4668         0.5221
    132   2.87     4.36       5.82  0.9190     0.9798  0.0810     0.0202     0.4697         0.5162
    133   2.90     4.43       5.86  0.9262     0.9816  0.0738     0.0184     0.4386         0.4865
    134   2.88     4.33       5.78  0.9202     0.9799  0.0798     0.0201     0.4633         0.5146
    135   2.91     4.48       5.91  0.9293     0.9790  0.0707     0.0210     0.4405         0.4868
    136   2.91     4.42       5.79  0.9265     0.9795  0.0735     0.0205     0.4352         0.4825
    137   2.90     4.40       5.81  0.9254     0.9796  0.0746     0.0204     0.4383         0.4921
    138   2.89     4.35       5.72  0.9225     0.9802  0.0775     0.0198     0.4762         0.5311
    139   2.90     4.44       5.97  0.9275     0.9808  0.0725     0.0192     0.4702         0.5205
    140   2.90     4.41       5.82  0.9284     0.9791  0.0716     0.0209     0.4675         0.5211
    141   2.89     4.40       5.88  0.9226     0.9799  0.0774     0.0201     0.4536         0.5057
    142   2.87     4.26       5.74  0.9178     0.9793  0.0822     0.0207     0.4325         0.4810
    143   2.88     4.23       5.74  0.9190     0.9780  0.0810     0.0220     0.4738         0.5302
    144   2.90     4.44       5.86  0.9246     0.9793  0.0754     0.0207     0.4769         0.5268
    145   2.93     4.62       6.04  0.9322     0.9805  0.0678     0.0195     0.4187         0.4718
    146   2.91     4.42       5.72  0.9271     0.9806  0.0729     0.0194     0.4567         0.5095
    147   2.88     4.31       5.77  0.9233     0.9801  0.0767     0.0199     0.4204         0.4735
    148   2.91     4.30       5.78  0.9252     0.9814  0.0748     0.0186     0.4362         0.4821
    149   2.89     4.37       5.88  0.9233     0.9800  0.0767     0.0200     0.4411         0.4938
    150   2.91     4.48       5.80  0.9312     0.9805  0.0688     0.0195     0.4439         0.4999
    151   2.90     4.40       5.83  0.9249     0.9803  0.0751     0.0197     0.4479         0.5005
    152   2.92     4.40       5.77  0.9252     0.9818  0.0748     0.0182     0.4445         0.4979
    153   2.91     4.36       5.90  0.9284     0.9802  0.0716     0.0198     0.4672         0.5162
    154   2.92     4.43       5.85  0.9291     0.9822  0.0709     0.0178     0.4987         0.5537
    155   2.91     4.35       5.79  0.9297     0.9806  0.0703     0.0194     0.4776         0.5211
    156   2.91     4.43       5.87  0.9278     0.9807  0.0722     0.0193     0.4611         0.5117
    157   2.91     4.43       5.81  0.9289     0.9808  0.0711     0.0192     0.4788         0.5340
    158   2.92     4.37       5.84  0.9273     0.9797  0.0727     0.0203     0.4522         0.5103
    159   2.92     4.34       5.78  0.9282     0.9816  0.0718     0.0184     0.4688         0.5213
    160   2.90     4.44       5.77  0.9272     0.9803  0.0728     0.0197     0.4713         0.5245
    161   2.91     4.39       5.75  0.9265     0.9806  0.0735     0.0194     0.4433         0.4980
    162   2.91     4.28       5.72  0.9258     0.9795  0.0742     0.0205     0.4602         0.5123
    163   2.93     4.46       5.78  0.9300     0.9817  0.0700     0.0183     0.4810         0.5398
    164   2.91     4.35       5.68  0.9276     0.9808  0.0724     0.0192     0.4607         0.5170
    165   2.90     4.36       5.81  0.9250     0.9809  0.0750     0.0191     0.4736         0.5338
    166   2.91     4.39       5.79  0.9283     0.9799  0.0717     0.0201     0.4609         0.5124
    167   2.92     4.38       5.83  0.9321     0.9814  0.0679     0.0186     0.4720         0.5325
    168   2.92     4.38       5.77  0.9301     0.9815  0.0699     0.0185     0.4689         0.5248
    169   2.93     4.39       5.91  0.9333     0.9805  0.0667     0.0195     0.4689         0.5225
    170   2.93     4.44       5.81  0.9313     0.9816  0.0687     0.0184     0.4781         0.5365
    171   2.89     4.34       5.74  0.9248     0.9812  0.0752     0.0188     0.4830         0.5363
    172   2.92     4.35       5.74  0.9306     0.9801  0.0694     0.0199     0.4529         0.5091
    173   2.88     4.25       5.63  0.9226     0.9793  0.0774     0.0207     0.4609         0.5192
    174   2.90     4.34       5.68  0.9255     0.9802  0.0745     0.0198     0.4783         0.5356
    175   2.91     4.34       5.66  0.9267     0.9809  0.0733     0.0191     0.4612         0.5177
    176   2.89     4.29       5.73  0.9244     0.9799  0.0756     0.0201     0.4549         0.5127
    177   2.92     4.36       5.78  0.9277     0.9807  0.0723     0.0193     0.5123         0.5757
    178   2.90     4.30       5.62  0.9277     0.9798  0.0723     0.0202     0.5004         0.5643
    179   2.92     4.34       5.77  0.9314     0.9801  0.0686     0.0199     0.4746         0.5323
    180   2.91     4.35       5.75  0.9295     0.9805  0.0705     0.0195     0.4707         0.5337
    181   2.93     4.39       5.86  0.9319     0.9806  0.0681     0.0194     0.4802         0.5363
    182   2.93     4.35       5.74  0.9305     0.9813  0.0695     0.0187     0.4769         0.5343
    183   2.93     4.40       5.75  0.9319     0.9819  0.0681     0.0181     0.4878         0.5544
    184   2.91     4.34       5.70  0.9284     0.9784  0.0716     0.0216     0.4788         0.5399
    185   2.91     4.35       5.76  0.9278     0.9811  0.0722     0.0189     0.4868         0.5468
    186   2.92     4.27       5.72  0.9309     0.9795  0.0691     0.0205     0.4549         0.5105
    187   2.94     4.35       5.79  0.9343     0.9807  0.0657     0.0193     0.4632         0.5202
    188   2.91     4.27       5.62  0.9256     0.9797  0.0744     0.0203     0.4708         0.5231
    189   2.90     4.35       5.73  0.9279     0.9791  0.0721     0.0209     0.4809         0.5380
    190   2.90     4.24       5.68  0.9237     0.9794  0.0763     0.0206     0.4711         0.5317
    191   2.92     4.35       5.76  0.9311     0.9815  0.0689     0.0185     0.4625         0.5163
    192   2.92     4.33       5.76  0.9273     0.9794  0.0727     0.0206     0.4467         0.5048
    193   2.91     4.31       5.73  0.9279     0.9804  0.0721     0.0196     0.4458         0.4954
    194   2.92     4.33       5.74  0.9305     0.9808  0.0695     0.0192     0.4112         0.4608
    195   2.92     4.30       5.73  0.9293     0.9809  0.0707     0.0191     0.4099         0.4575
    196   2.90     4.31       5.65  0.9270     0.9807  0.0730     0.0193     0.4161         0.4657
    197   2.91     4.31       5.77  0.9299     0.9795  0.0701     0.0205     0.4433         0.4867
    198   2.93     4.31       5.67  0.9306     0.9805  0.0694     0.0195     0.4287         0.4822
    199   2.90     4.29       5.68  0.9272     0.9789  0.0728     0.0211     0.4523         0.5095
    200   2.92     4.31       5.78  0.9300     0.9806  0.0700     0.0194     0.4630         0.5247
    201   2.91     4.27       5.71  0.9292     0.9791  0.0708     0.0209     0.4462         0.4993
    202   2.92     4.34       5.77  0.9353     0.9811  0.0647     0.0189     0.4370         0.4926
    203   2.90     4.22       5.69  0.9257     0.9802  0.0743     0.0198     0.4349         0.4871
    204   2.92     4.27       5.65  0.9299     0.9814  0.0701     0.0186     0.4442         0.4926
    205   2.92     4.34       5.71  0.9322     0.9806  0.0678     0.0194     0.4492         0.5049
    206   2.92     4.33       5.68  0.9286     0.9801  0.0714     0.0199     0.4386         0.4982
    207   2.92     4.30       5.71  0.9285     0.9809  0.0715     0.0191     0.4765         0.5309
    208   2.92     4.28       5.73  0.9316     0.9812  0.0684     0.0188     0.4627         0.5144
    209   2.92     4.32       5.75  0.9321     0.9801  0.0679     0.0199     0.4656         0.5178
    210   2.92     4.31       5.72  0.9305     0.9787  0.0695     0.0213     0.4688         0.5234
    211   2.91     4.24       5.66  0.9276     0.9795  0.0724     0.0205     0.4782         0.5400
    212   2.89     4.20       5.60  0.9284     0.9809  0.0716     0.0191     0.4714         0.5344
    213   2.90     4.27       5.68  0.9261     0.9799  0.0739     0.0201     0.4889         0.5504
    214   2.90     4.27       5.65  0.9265     0.9805  0.0735     0.0195     0.4695         0.5305
    215   2.92     4.26       5.62  0.9269     0.9807  0.0731     0.0193     0.4641         0.5195
    216   2.88     4.27       5.62  0.9199     0.9786  0.0801     0.0214     0.4665         0.5204
    217   2.92     4.29       5.67  0.9325     0.9810  0.0675     0.0190     0.4274         0.4787
    218   2.86     4.30       5.66  0.9211     0.9784  0.0789     0.0216     0.4292         0.4915
    219   2.93     4.36       5.70  0.9313     0.9813  0.0687     0.0187     0.4481         0.5073
    220   2.91     4.29       5.65  0.9291     0.9796  0.0709     0.0204     0.4617         0.5193
    221   2.92     4.27       5.70  0.9342     0.9796  0.0658     0.0204     0.4548         0.5110
    222   2.89     4.26       5.63  0.9264     0.9801  0.0736     0.0199     0.4723         0.5259
    223   2.92     4.32       5.69  0.9293     0.9809  0.0707     0.0191     0.4626         0.5204
    224   2.89     4.26       5.65  0.9266     0.9793  0.0734     0.0207     0.4771         0.5379
    225   2.90     4.25       5.61  0.9270     0.9811  0.0730     0.0189     0.4558         0.5141
    226   2.92     4.28       5.62  0.9294     0.9794  0.0706     0.0206     0.4560         0.5144
    227   2.90     4.26       5.65  0.9244     0.9795  0.0756     0.0205     0.4757         0.5393
    228   2.92     4.28       5.67  0.9329     0.9805  0.0671     0.0195     0.4678         0.5344
    229   2.92     4.33       5.68  0.9273     0.9812  0.0727     0.0188     0.4648         0.5222
    230   2.89     4.25       5.63  0.9260     0.9789  0.0740     0.0211     0.4778         0.5301
    231   2.90     4.28       5.63  0.9287     0.9793  0.0713     0.0207     0.4525         0.5101
    232   2.94     4.33       5.74  0.9305     0.9808  0.0695     0.0192     0.4723         0.5383
    233   2.90     4.31       5.60  0.9243     0.9796  0.0757     0.0204     0.4534         0.5111
    234   2.90     4.23       5.63  0.9237     0.9804  0.0763     0.0196     0.4687         0.5296
    235   2.92     4.29       5.70  0.9322     0.9802  0.0678     0.0198     0.4648         0.5202
    236   2.91     4.28       5.70  0.9307     0.9791  0.0693     0.0209     0.4810         0.5448
    237   2.92     4.29       5.67  0.9290     0.9797  0.0710     0.0203     0.4630         0.5185
    238   2.91     4.28       5.66  0.9264     0.9800  0.0736     0.0200     0.4637         0.5224
    239   2.93     4.29       5.73  0.9334     0.9803  0.0666     0.0197     0.4485         0.5058
    240   2.88     4.21       5.60  0.9208     0.9795  0.0792     0.0205     0.4723         0.5308
    241   2.92     4.27       5.66  0.9296     0.9791  0.0704     0.0209     0.4541         0.5147
    242   2.92     4.27       5.65  0.9281     0.9791  0.0719     0.0209     0.4580         0.5088
    243   2.90     4.30       5.64  0.9248     0.9798  0.0752     0.0202     0.4530         0.5072
    244   2.93     4.26       5.65  0.9322     0.9803  0.0678     0.0197     0.4600         0.5181
    245   2.91     4.27       5.59  0.9299     0.9800  0.0701     0.0200     0.4648         0.5172
    246   2.93     4.29       5.72  0.9302     0.9803  0.0698     0.0197     0.4630         0.5247
    247   2.93     4.25       5.64  0.9304     0.9809  0.0696     0.0191     0.4672         0.5236
    248   2.92     4.28       5.65  0.9295     0.9812  0.0705     0.0188     0.4596         0.5132
    249   2.90     4.24       5.61  0.9257     0.9796  0.0743     0.0204     0.4680         0.5280
    250   2.92     4.24       5.60  0.9282     0.9797  0.0718     0.0203     0.4686         0.5291
    251   2.90     4.28       5.60  0.9276     0.9804  0.0724     0.0196     0.4675         0.5233
    252   2.90     4.24       5.63  0.9275     0.9824  0.0725     0.0176     0.4678         0.5248
    253   2.90     4.30       5.65  0.9276     0.9795  0.0724     0.0205     0.4609         0.5204
    254   2.90     4.29       5.67  0.9288     0.9804  0.0712     0.0196     0.4657         0.5278
    255   2.91     4.24       5.65  0.9250     0.9818  0.0750     0.0182     0.4596         0.5189
    256   2.88     4.28       5.63  0.9262     0.9805  0.0738     0.0195     0.4571         0.5159
    257   2.92     4.27       5.65  0.9291     0.9803  0.0709     0.0197     0.4534         0.5076
    258   2.90     4.29       5.69  0.9291     0.9807  0.0709     0.0193     0.4566         0.5136
    259   2.92     4.29       5.68  0.9299     0.9795  0.0701     0.0205     0.4628         0.5209
    260   2.90     4.29       5.66  0.9270     0.9816  0.0730     0.0184     0.4755         0.5310
    261   2.90     4.29       5.64  0.9232     0.9810  0.0768     0.0190     0.4796         0.5361
    262   2.90     4.26       5.65  0.9275     0.9802  0.0725     0.0198     0.4701         0.5219
    263   2.93     4.32       5.70  0.9293     0.9807  0.0707     0.0193     0.4646         0.5234
    264   2.91     4.28       5.62  0.9283     0.9801  0.0717     0.0199     0.4808         0.5410
    265   2.92     4.25       5.63  0.9283     0.9803  0.0717     0.0197     0.4816         0.5398
    266   2.92     4.25       5.62  0.9293     0.9806  0.0707     0.0194     0.4844         0.5436
    267   2.91     4.28       5.65  0.9266     0.9805  0.0734     0.0195     0.4888         0.5511
    268   2.92     4.26       5.68  0.9283     0.9807  0.0717     0.0193     0.4722         0.5317
    269   2.92     4.27       5.63  0.9309     0.9810  0.0691     0.0190     0.4826         0.5434
    270   2.91     4.27       5.66  0.9279     0.9793  0.0721     0.0207     0.4860         0.5479
    271   2.92     4.24       5.66  0.9316     0.9795  0.0684     0.0205     0.4824         0.5360
    272   2.93     4.31       5.71  0.9343     0.9812  0.0657     0.0188     0.4926         0.5490
    273   2.92     4.26       5.67  0.9261     0.9809  0.0739     0.0191     0.4888         0.5466
    274   2.91     4.25       5.65  0.9293     0.9811  0.0707     0.0189     0.4879         0.5469
    275   2.94     4.29       5.71  0.9340     0.9811  0.0660     0.0189     0.4813         0.5388
    276   2.92     4.22       5.62  0.9308     0.9805  0.0692     0.0195     0.4761         0.5356
    277   2.91     4.28       5.65  0.9278     0.9811  0.0722     0.0189     0.4675         0.5246
    278   2.91     4.27       5.67  0.9292     0.9804  0.0708     0.0196     0.4725         0.5261
    279   2.93     4.24       5.65  0.9346     0.9797  0.0654     0.0203     0.4747         0.5336
    280   2.91     4.27       5.66  0.9259     0.9809  0.0741     0.0191     0.4696         0.5282
    281   2.90     4.26       5.60  0.9263     0.9787  0.0737     0.0213     0.4645         0.5196
    282   2.90     4.25       5.66  0.9285     0.9813  0.0715     0.0187     0.4850         0.5386
    283   2.91     4.23       5.62  0.9288     0.9803  0.0712     0.0197     0.4797         0.5386
    284   2.92     4.28       5.71  0.9303     0.9807  0.0697     0.0193     0.4737         0.5346
    285   2.93     4.25       5.64  0.9291     0.9818  0.0709     0.0182     0.4771         0.5345
    286   2.90     4.27       5.63  0.9272     0.9810  0.0728     0.0190     0.4728         0.5324
    287   2.92     4.24       5.63  0.9277     0.9796  0.0723     0.0204     0.4607         0.5182
    288   2.89     4.24       5.59  0.9240     0.9795  0.0760     0.0205     0.4677         0.5231
    289   2.90     4.26       5.68  0.9278     0.9796  0.0722     0.0204     0.4715         0.5292
    290   2.94     4.24       5.62  0.9348     0.9811  0.0652     0.0189     0.4622         0.5208
    291   2.92     4.25       5.60  0.9295     0.9808  0.0705     0.0192     0.4631         0.5168
    292   2.90     4.21       5.60  0.9267     0.9809  0.0733     0.0191     0.4581         0.5161
    293   2.91     4.24       5.67  0.9328     0.9802  0.0672     0.0198     0.4669         0.5223
    294   2.91     4.27       5.61  0.9290     0.9809  0.0710     0.0191     0.4702         0.5281
    295   2.95     4.27       5.64  0.9358     0.9803  0.0642     0.0197     0.4677         0.5260
    296   2.92     4.27       5.64  0.9285     0.9803  0.0715     0.0197     0.4584         0.5196
    297   2.90     4.25       5.65  0.9280     0.9803  0.0720     0.0197     0.4613         0.5197
    298   2.92     4.26       5.65  0.9296     0.9814  0.0704     0.0186     0.4644         0.5197
    299   2.92     4.28       5.66  0.9304     0.9804  0.0696     0.0196     0.4698         0.5276
    300   2.92     4.27       5.65  0.9303     0.9793  0.0697     0.0207     0.4627         0.5204
The log/output/model have been saved to: ./logs/train.py-multi_zetas300_False_True_True_0.1_0.1_0.1-eqx-04-23-20:15 + .csv/.out/.cpt
