  epoch    IZY    IXZ_1    IZ_1Z_2     acc    avg_acc     err    avg_err    adv_acc    avg_adv_acc
-------  -----  -------  ---------  ------  ---------  ------  ---------  ---------  -------------
      1   3.05  1191.62     662.27  0.9413     0.9412  0.0587     0.0588     0.0300         0.0300
      2   3.17  1092.24     634.04  0.9655     0.9653  0.0345     0.0347     0.0172         0.0172
      3   3.20  1044.94     631.42  0.9724     0.9722  0.0276     0.0278     0.0167         0.0167
      4   3.21  1006.53     605.94  0.9748     0.9746  0.0252     0.0254     0.0163         0.0163
      5   3.20   970.91     597.47  0.9765     0.9766  0.0235     0.0234     0.0217         0.0216
      6   3.20   954.66     564.83  0.9720     0.9720  0.0280     0.0280     0.0224         0.0224
      7   3.19   917.56     567.60  0.9754     0.9756  0.0246     0.0244     0.0431         0.0433
      8   3.23   904.38     544.15  0.9805     0.9804  0.0195     0.0196     0.0507         0.0507
      9   3.23   874.17     538.79  0.9813     0.9813  0.0187     0.0187     0.0951         0.0953
     10   3.19   856.52     524.11  0.9771     0.9771  0.0229     0.0229     0.1009         0.1017
     11   3.21   842.83     506.41  0.9805     0.9804  0.0195     0.0196     0.0940         0.0937
     12   3.20   827.31     493.12  0.9776     0.9779  0.0224     0.0221     0.1059         0.1064
     13   3.21   808.92     482.08  0.9800     0.9800  0.0200     0.0200     0.1216         0.1223
     14   3.21   789.04     475.71  0.9803     0.9804  0.0197     0.0196     0.1138         0.1142
     15   3.21   764.29     466.27  0.9808     0.9805  0.0192     0.0195     0.1630         0.1630
     16   3.21   752.90     453.09  0.9806     0.9807  0.0194     0.0193     0.1427         0.1430
     17   3.21   723.37     444.88  0.9822     0.9823  0.0178     0.0177     0.1864         0.1861
     18   3.22   707.67     426.66  0.9815     0.9813  0.0185     0.0187     0.1431         0.1435
     19   3.21   687.72     428.38  0.9833     0.9832  0.0167     0.0168     0.1946         0.1947
     20   3.18   657.89     436.99  0.9790     0.9792  0.0210     0.0208     0.2160         0.2176
     21   3.22   647.15     410.03  0.9829     0.9827  0.0171     0.0173     0.2091         0.2091
     22   3.21   632.73     394.50  0.9826     0.9825  0.0174     0.0175     0.2216         0.2214
     23   3.21   613.31     386.26  0.9826     0.9830  0.0174     0.0170     0.2203         0.2211
     24   3.22   600.13     381.81  0.9835     0.9835  0.0165     0.0165     0.2302         0.2311
     25   3.21   593.54     379.05  0.9825     0.9825  0.0175     0.0175     0.2239         0.2223
     26   3.22   549.10     379.58  0.9849     0.9850  0.0151     0.0150     0.2543         0.2543
     27   3.21   597.96     360.01  0.9806     0.9804  0.0194     0.0196     0.1906         0.1899
     28   3.19   544.72     370.18  0.9810     0.9811  0.0190     0.0189     0.2714         0.2716
     29   3.22   533.74     374.05  0.9841     0.9842  0.0159     0.0158     0.2885         0.2893
     30   3.21   538.44     352.79  0.9836     0.9836  0.0164     0.0164     0.2779         0.2780
     31   3.21   498.52     364.06  0.9850     0.9849  0.0150     0.0151     0.3038         0.3053
     32   3.22   491.07     351.38  0.9840     0.9844  0.0160     0.0156     0.3104         0.3152
     33   3.18   489.68     352.96  0.9802     0.9804  0.0198     0.0196     0.2741         0.2760
     34   3.19   471.59     337.71  0.9822     0.9821  0.0178     0.0179     0.2923         0.2936
     35   3.21   465.40     330.99  0.9845     0.9844  0.0155     0.0156     0.2946         0.2978
     36   3.21   456.71     328.00  0.9837     0.9844  0.0163     0.0156     0.3195         0.3234
     37   3.20   423.71     335.50  0.9859     0.9861  0.0141     0.0139     0.3415         0.3453
     38   3.20   460.41     314.90  0.9821     0.9823  0.0179     0.0177     0.2650         0.2698
     39   3.23   423.96     310.67  0.9864     0.9865  0.0136     0.0135     0.3436         0.3485
     40   3.18   421.89     317.52  0.9808     0.9806  0.0192     0.0194     0.3207         0.3262
     41   3.21   392.12     318.28  0.9854     0.9854  0.0146     0.0146     0.3802         0.3887
     42   3.15   386.76     357.19  0.9777     0.9777  0.0223     0.0223     0.4249         0.4385
     43   3.21   377.81     315.95  0.9855     0.9854  0.0145     0.0146     0.3705         0.3796
     44   3.16   415.50     304.93  0.9768     0.9766  0.0232     0.0234     0.2483         0.2555
     45   3.20   383.53     302.84  0.9815     0.9813  0.0185     0.0187     0.3423         0.3546
     46   3.20   383.74     305.71  0.9824     0.9828  0.0176     0.0172     0.3692         0.3802
     47   3.22   347.25     305.78  0.9863     0.9864  0.0137     0.0136     0.4383         0.4533
     48   3.20   351.31     301.20  0.9841     0.9842  0.0159     0.0158     0.3835         0.3964
     49   3.21   353.37     289.86  0.9857     0.9858  0.0143     0.0142     0.3327         0.3423
     50   3.23   357.70     289.51  0.9867     0.9865  0.0133     0.0135     0.3515         0.3601
     51   3.22   320.20     315.23  0.9872     0.9872  0.0128     0.0128     0.4397         0.4588
     52   3.23   334.14     299.56  0.9876     0.9876  0.0124     0.0124     0.4130         0.4257
     53   3.22   310.83     302.69  0.9872     0.9872  0.0128     0.0128     0.4515         0.4639
     54   3.22   289.57     296.47  0.9868     0.9868  0.0132     0.0132     0.4598         0.4758
     55   3.22   252.85     276.60  0.9877     0.9875  0.0123     0.0125     0.4374         0.4649
     56   3.23   229.43     257.82  0.9879     0.9879  0.0121     0.0121     0.4032         0.4369
     57   3.21   214.84     256.39  0.9860     0.9860  0.0140     0.0140     0.3884         0.4382
     58   3.22   298.78     257.05  0.9846     0.9848  0.0154     0.0152     0.2822         0.2973
     59   3.20   298.54     251.40  0.9842     0.9844  0.0158     0.0156     0.3210         0.3406
     60   3.22   283.53     255.04  0.9873     0.9872  0.0127     0.0128     0.4007         0.4201
     61   3.22   266.35     257.32  0.9864     0.9870  0.0136     0.0130     0.4419         0.4712
     62   3.22   249.21     252.48  0.9874     0.9876  0.0126     0.0124     0.4448         0.4812
     63   3.22   231.65     243.23  0.9873     0.9875  0.0127     0.0125     0.4312         0.4736
     64   3.22   211.41     230.64  0.9875     0.9877  0.0125     0.0123     0.4046         0.4453
     65   3.22   296.33     236.27  0.9862     0.9864  0.0138     0.0136     0.2236         0.2361
     66   3.22   295.14     231.78  0.9864     0.9864  0.0136     0.0136     0.2437         0.2531
     67   3.22   265.04     229.06  0.9870     0.9870  0.0130     0.0130     0.3605         0.3826
     68   3.22   245.21     228.83  0.9876     0.9875  0.0124     0.0125     0.4089         0.4399
     69   3.21   232.76     226.72  0.9872     0.9872  0.0128     0.0128     0.4121         0.4475
     70   3.22   220.47     221.31  0.9878     0.9877  0.0122     0.0123     0.4097         0.4501
     71   3.22   211.41     216.12  0.9875     0.9874  0.0125     0.0126     0.4057         0.4459
     72   3.22   207.44     205.83  0.9880     0.9881  0.0120     0.0119     0.3622         0.3965
     73   3.22   187.90     200.64  0.9878     0.9879  0.0122     0.0121     0.3562         0.4103
     74   3.22   179.82     192.35  0.9872     0.9872  0.0128     0.0128     0.3258         0.3735
     75   3.22   250.66     196.61  0.9852     0.9852  0.0148     0.0148     0.2023         0.2189
     76   3.20   229.70     211.97  0.9848     0.9850  0.0152     0.0150     0.3454         0.3907
     77   3.21   221.99     202.49  0.9864     0.9866  0.0136     0.0134     0.3454         0.3877
     78   3.21   213.17     201.04  0.9872     0.9870  0.0128     0.0130     0.3769         0.4255
     79   3.22   227.52     194.67  0.9864     0.9863  0.0136     0.0137     0.3001         0.3332
     80   3.21   240.05     195.53  0.9856     0.9859  0.0144     0.0141     0.2724         0.2958
     81   3.21   225.24     201.11  0.9862     0.9864  0.0138     0.0136     0.3146         0.3478
     82   3.22   206.49     196.48  0.9875     0.9875  0.0125     0.0125     0.3637         0.4145
     83   3.22   197.25     195.42  0.9875     0.9872  0.0125     0.0128     0.3604         0.4180
     84   3.22   190.10     191.48  0.9876     0.9875  0.0124     0.0125     0.3579         0.4068
     85   3.22   178.41     186.81  0.9874     0.9876  0.0126     0.0124     0.3388         0.3998
     86   3.21   222.70     198.59  0.9855     0.9853  0.0145     0.0147     0.3169         0.3594
     87   3.20   224.70     194.16  0.9856     0.9856  0.0144     0.0144     0.2988         0.3397
     88   3.20   203.13     198.28  0.9866     0.9865  0.0134     0.0135     0.3743         0.4355
     89   3.22   227.38     189.87  0.9869     0.9870  0.0131     0.0130     0.2909         0.3181
     90   3.22   209.23     190.72  0.9872     0.9872  0.0128     0.0128     0.3455         0.3899
     91   3.21   195.01     191.46  0.9869     0.9871  0.0131     0.0129     0.3643         0.4193
     92   3.22   190.73     186.13  0.9872     0.9873  0.0128     0.0127     0.3482         0.3945
     93   3.22   176.90     183.87  0.9877     0.9876  0.0123     0.0124     0.3471         0.4040
     94   3.22   168.49     179.49  0.9873     0.9872  0.0127     0.0128     0.3270         0.3846
     95   3.22   156.76     173.05  0.9876     0.9877  0.0124     0.0123     0.3073         0.3672
     96   3.21   191.11     175.77  0.9866     0.9866  0.0134     0.0134     0.2372         0.2779
     97   3.22   177.01     178.72  0.9871     0.9871  0.0129     0.0129     0.3221         0.3833
     98   3.21   179.57     174.80  0.9875     0.9874  0.0125     0.0126     0.3038         0.3611
     99   3.21   169.21     173.16  0.9870     0.9869  0.0130     0.0131     0.3142         0.3785
    100   3.21   160.96     169.79  0.9874     0.9872  0.0126     0.0128     0.3053         0.3691
    101   3.21   152.36     165.33  0.9871     0.9871  0.0129     0.0129     0.2841         0.3511
    102   3.20   176.46     169.23  0.9850     0.9852  0.0150     0.0148     0.2216         0.2641
    103   3.21   187.59     164.92  0.9854     0.9852  0.0146     0.0148     0.2074         0.2368
    104   3.22   175.64     167.40  0.9875     0.9875  0.0125     0.0125     0.2792         0.3299
    105   3.21   169.90     162.13  0.9869     0.9870  0.0131     0.0130     0.2669         0.3129
    106   3.21   164.46     162.03  0.9873     0.9870  0.0127     0.0130     0.2825         0.3399
    107   3.21   168.75     160.75  0.9887     0.9884  0.0113     0.0116     0.2939         0.3450
    108   3.21   158.32     160.64  0.9880     0.9882  0.0120     0.0118     0.3087         0.3653
    109   3.21   148.86     157.18  0.9877     0.9879  0.0123     0.0121     0.2787         0.3420
    110   3.22   141.70     154.07  0.9884     0.9883  0.0116     0.0117     0.2713         0.3303
    111   3.21   149.30     153.90  0.9871     0.9872  0.0129     0.0128     0.2618         0.3219
    112   3.21   181.87     155.13  0.9877     0.9877  0.0123     0.0123     0.1924         0.2262
    113   3.21   164.60     155.16  0.9873     0.9874  0.0127     0.0126     0.2566         0.3153
    114   3.21   155.49     153.82  0.9880     0.9878  0.0120     0.0122     0.2718         0.3359
    115   3.21   147.65     151.98  0.9876     0.9874  0.0124     0.0126     0.2736         0.3358
    116   3.21   140.74     151.18  0.9879     0.9881  0.0121     0.0119     0.2749         0.3402
    117   3.21   136.89     147.00  0.9880     0.9880  0.0120     0.0120     0.2549         0.3106
    118   3.21   137.68     146.99  0.9881     0.9879  0.0119     0.0121     0.2515         0.3086
    119   3.18   173.15     155.04  0.9837     0.9837  0.0163     0.0163     0.2040         0.2479
    120   3.21   151.33     148.47  0.9874     0.9874  0.0126     0.0126     0.2562         0.3149
    121   3.21   146.98     148.54  0.9871     0.9870  0.0129     0.0130     0.2751         0.3418
    122   3.21   142.32     147.08  0.9876     0.9875  0.0124     0.0125     0.2656         0.3323
    123   3.21   133.29     144.01  0.9879     0.9879  0.0121     0.0121     0.2667         0.3314
    124   3.21   128.79     140.97  0.9879     0.9880  0.0121     0.0120     0.2450         0.3046
    125   3.22   152.24     144.44  0.9878     0.9875  0.0122     0.0125     0.1759         0.2106
    126   3.21   146.55     142.19  0.9871     0.9871  0.0129     0.0129     0.2138         0.2622
    127   3.21   136.86     139.83  0.9870     0.9872  0.0130     0.0128     0.2191         0.2694
    128   3.21   129.12     137.35  0.9875     0.9874  0.0125     0.0126     0.2298         0.2857
    129   3.21   126.78     136.88  0.9867     0.9867  0.0133     0.0133     0.2391         0.2964
    130   3.22   175.71     142.24  0.9865     0.9867  0.0135     0.0133     0.1265         0.1488
    131   3.21   131.36     136.48  0.9869     0.9867  0.0131     0.0133     0.2279         0.2897
    132   3.21   131.85     134.52  0.9868     0.9869  0.0132     0.0131     0.2347         0.2920
    133   3.21   124.71     133.09  0.9876     0.9873  0.0124     0.0127     0.2374         0.3027
    134   3.20   146.00     135.26  0.9866     0.9867  0.0134     0.0133     0.1992         0.2433
    135   3.21   130.53     133.33  0.9872     0.9873  0.0128     0.0127     0.2448         0.3127
    136   3.20   124.94     132.39  0.9868     0.9870  0.0132     0.0130     0.2419         0.3120
    137   3.21   128.15     131.52  0.9873     0.9872  0.0127     0.0128     0.2397         0.3007
    138   3.21   120.05     131.11  0.9874     0.9869  0.0126     0.0131     0.2476         0.3140
    139   3.20   117.73     130.05  0.9870     0.9870  0.0130     0.0130     0.2415         0.3079
    140   3.20   112.58     129.60  0.9869     0.9868  0.0131     0.0132     0.2318         0.2963
    141   3.21   123.30     128.25  0.9878     0.9876  0.0122     0.0124     0.2084         0.2553
    142   3.20   125.98     128.62  0.9867     0.9868  0.0133     0.0132     0.2012         0.2527
    143   3.20   110.53     127.52  0.9868     0.9870  0.0132     0.0130     0.2370         0.3037
    144   3.21   109.67     126.73  0.9871     0.9871  0.0129     0.0129     0.2449         0.3146
    145   3.20   107.63     125.07  0.9876     0.9872  0.0124     0.0128     0.2434         0.3104
    146   3.21   100.78     122.42  0.9878     0.9875  0.0122     0.0125     0.2478         0.3146
    147   3.20   112.79     124.54  0.9868     0.9868  0.0132     0.0132     0.2273         0.2921
    148   3.21   116.25     121.37  0.9863     0.9864  0.0137     0.0136     0.2187         0.2722
    149   3.21   110.88     121.06  0.9863     0.9863  0.0137     0.0137     0.2282         0.2862
    150   3.21   100.62     120.08  0.9871     0.9868  0.0129     0.0132     0.2413         0.3085
    151   3.20    96.60     118.45  0.9872     0.9880  0.0128     0.0120     0.2310         0.2994
    152   3.21    95.76     117.66  0.9871     0.9875  0.0129     0.0125     0.2289         0.2903
    153   3.20    97.47     116.14  0.9868     0.9864  0.0132     0.0136     0.2349         0.2898
    154   3.20    99.53     113.67  0.9865     0.9867  0.0135     0.0133     0.2187         0.2741
    155   3.21    92.17     112.82  0.9875     0.9872  0.0125     0.0128     0.2377         0.2992
    156   3.20    93.75     112.49  0.9871     0.9872  0.0129     0.0128     0.2392         0.3028
    157   3.21    93.15     110.44  0.9882     0.9887  0.0118     0.0113     0.2288         0.2941
    158   3.21    88.35     109.84  0.9873     0.9876  0.0127     0.0124     0.2429         0.3081
    159   3.21    85.89     108.68  0.9878     0.9877  0.0122     0.0123     0.2437         0.3058
    160   3.21    88.65     108.16  0.9877     0.9878  0.0123     0.0122     0.2458         0.3095
    161   3.20    82.64     107.27  0.9880     0.9879  0.0120     0.0121     0.2473         0.3219
    162   3.21   100.17     108.26  0.9881     0.9879  0.0119     0.0121     0.2075         0.2568
    163   3.21    89.27     107.61  0.9880     0.9883  0.0120     0.0117     0.2525         0.3166
    164   3.21    84.27     107.40  0.9877     0.9880  0.0123     0.0120     0.2531         0.3253
    165   3.22    79.74     106.36  0.9880     0.9883  0.0120     0.0117     0.2535         0.3201
    166   3.21    84.97     106.44  0.9875     0.9873  0.0125     0.0127     0.2522         0.3191
    167   3.20    84.92     104.26  0.9876     0.9878  0.0124     0.0122     0.2420         0.3083
    168   3.20    81.98     105.63  0.9874     0.9874  0.0126     0.0126     0.2593         0.3262
    169   3.20    78.20     105.02  0.9870     0.9874  0.0130     0.0126     0.2565         0.3311
    170   3.20    78.49     103.68  0.9868     0.9867  0.0132     0.0133     0.2575         0.3292
    171   3.20    78.86     102.65  0.9871     0.9871  0.0129     0.0129     0.2530         0.3213
    172   3.20    77.08     102.48  0.9870     0.9875  0.0130     0.0125     0.2628         0.3340
    173   3.21    73.45     101.95  0.9872     0.9869  0.0128     0.0131     0.2663         0.3436
    174   3.20    76.64     100.82  0.9876     0.9877  0.0124     0.0123     0.2397         0.3006
    175   3.20    75.33      99.91  0.9874     0.9872  0.0126     0.0128     0.2673         0.3271
    176   3.20    74.07     101.08  0.9879     0.9876  0.0121     0.0124     0.2797         0.3534
    177   3.20    73.96     100.66  0.9875     0.9873  0.0125     0.0127     0.2707         0.3388
    178   3.20    73.29      99.07  0.9872     0.9874  0.0128     0.0126     0.2582         0.3270
    179   3.20    82.34      99.96  0.9865     0.9864  0.0135     0.0136     0.2541         0.3159
    180   3.20    75.61     100.94  0.9862     0.9864  0.0138     0.0136     0.2605         0.3365
    181   3.20    79.45     100.99  0.9865     0.9862  0.0135     0.0138     0.2523         0.3258
    182   3.20    81.03     100.89  0.9864     0.9864  0.0136     0.0136     0.2516         0.3137
    183   3.20    73.16     100.37  0.9868     0.9866  0.0132     0.0134     0.2630         0.3403
    184   3.19    70.46     100.35  0.9871     0.9871  0.0129     0.0129     0.2714         0.3478
    185   3.20    74.61      99.89  0.9870     0.9869  0.0130     0.0131     0.2601         0.3276
    186   3.20    71.12      99.96  0.9861     0.9860  0.0139     0.0140     0.2757         0.3544
    187   3.20    70.64      99.44  0.9867     0.9868  0.0133     0.0132     0.2757         0.3568
    188   3.19    68.86      98.74  0.9863     0.9864  0.0137     0.0136     0.2790         0.3528
    189   3.19    72.44      97.97  0.9866     0.9866  0.0134     0.0134     0.2664         0.3435
    190   3.19    70.26      98.23  0.9867     0.9869  0.0133     0.0131     0.2857         0.3651
    191   3.20    92.30      97.47  0.9865     0.9866  0.0135     0.0134     0.2007         0.2414
    192   3.20    71.09      97.91  0.9869     0.9869  0.0131     0.0131     0.2833         0.3629
    193   3.20    72.76      97.88  0.9871     0.9867  0.0129     0.0133     0.2715         0.3479
    194   3.19    69.88      98.13  0.9863     0.9862  0.0137     0.0138     0.2849         0.3627
    195   3.20    69.56      97.16  0.9870     0.9872  0.0130     0.0128     0.2752         0.3497
    196   3.20    74.71      96.66  0.9868     0.9866  0.0132     0.0134     0.2575         0.3245
    197   3.20    69.65      97.80  0.9876     0.9875  0.0124     0.0125     0.2775         0.3530
    198   3.20    69.39      97.17  0.9875     0.9875  0.0125     0.0125     0.2744         0.3577
    199   3.20    66.57      96.70  0.9866     0.9872  0.0134     0.0128     0.2869         0.3685
    200   3.20    71.57      95.88  0.9874     0.9873  0.0126     0.0127     0.2850         0.3634
    201   3.20    69.00      96.37  0.9869     0.9869  0.0131     0.0131     0.2959         0.3747
    202   3.19    74.61      96.85  0.9869     0.9867  0.0131     0.0133     0.2742         0.3528
    203   3.20    70.60      96.01  0.9872     0.9874  0.0128     0.0126     0.2869         0.3621
    204   3.20    68.20      96.01  0.9877     0.9875  0.0123     0.0125     0.2839         0.3597
    205   3.20    75.73      96.11  0.9874     0.9874  0.0126     0.0126     0.2492         0.3123
    206   3.19    69.36      96.56  0.9872     0.9867  0.0128     0.0133     0.2813         0.3595
    207   3.20    69.53      95.35  0.9878     0.9878  0.0122     0.0122     0.2771         0.3534
    208   3.20    70.46      97.18  0.9867     0.9869  0.0133     0.0131     0.2806         0.3608
    209   3.19    74.15      95.01  0.9866     0.9866  0.0134     0.0134     0.2688         0.3378
    210   3.20    85.68      96.34  0.9873     0.9872  0.0127     0.0128     0.2430         0.2873
    211   3.20    69.25      94.90  0.9873     0.9867  0.0127     0.0133     0.2913         0.3677
    212   3.20    65.95      95.44  0.9876     0.9872  0.0124     0.0128     0.2958         0.3786
    213   3.20    66.36      95.76  0.9872     0.9872  0.0128     0.0128     0.2919         0.3707
    214   3.21    66.07      95.08  0.9873     0.9872  0.0127     0.0128     0.2883         0.3713
    215   3.20    66.88      94.83  0.9878     0.9878  0.0122     0.0122     0.2814         0.3592
    216   3.20    63.65      94.35  0.9872     0.9871  0.0128     0.0129     0.2988         0.3781
    217   3.20    67.12      94.00  0.9879     0.9876  0.0121     0.0124     0.2803         0.3642
    218   3.20    66.40      93.92  0.9877     0.9877  0.0123     0.0123     0.2891         0.3718
    219   3.20    66.69      93.42  0.9871     0.9870  0.0129     0.0130     0.2856         0.3587
    220   3.20    63.18      94.17  0.9871     0.9873  0.0129     0.0127     0.3066         0.3910
    221   3.20    63.00      93.78  0.9876     0.9875  0.0124     0.0125     0.3037         0.3940
    222   3.20    66.24      93.51  0.9872     0.9875  0.0128     0.0125     0.3042         0.3907
    223   3.20    67.21      92.30  0.9877     0.9878  0.0123     0.0122     0.2975         0.3758
    224   3.20    66.57      92.23  0.9874     0.9876  0.0126     0.0124     0.3018         0.3788
    225   3.20    74.73      91.82  0.9878     0.9875  0.0122     0.0125     0.2712         0.3352
    226   3.20    65.04      92.24  0.9867     0.9867  0.0133     0.0133     0.2934         0.3850
    227   3.20    63.07      92.35  0.9870     0.9869  0.0130     0.0131     0.3053         0.3941
    228   3.20    62.41      92.17  0.9879     0.9879  0.0121     0.0121     0.3009         0.3885
    229   3.20    64.06      92.02  0.9871     0.9875  0.0129     0.0125     0.3049         0.3948
    230   3.20    68.67      91.49  0.9874     0.9875  0.0126     0.0125     0.2992         0.3741
    231   3.20    72.35      91.51  0.9879     0.9872  0.0121     0.0128     0.2751         0.3413
    232   3.20    64.96      92.17  0.9872     0.9873  0.0128     0.0127     0.2984         0.3900
    233   3.20    63.13      92.42  0.9871     0.9874  0.0129     0.0126     0.3044         0.3941
    234   3.20    63.91      92.20  0.9871     0.9871  0.0129     0.0129     0.2966         0.3781
    235   3.20    63.15      92.18  0.9875     0.9880  0.0125     0.0120     0.2953         0.3822
    236   3.20    64.47      91.71  0.9871     0.9875  0.0129     0.0125     0.2968         0.3861
    237   3.21    62.42      91.86  0.9871     0.9873  0.0129     0.0127     0.2989         0.3896
    238   3.20    70.69      91.30  0.9874     0.9874  0.0126     0.0126     0.2838         0.3544
    239   3.20    61.43      91.87  0.9866     0.9869  0.0134     0.0131     0.3066         0.4044
    240   3.20    64.42      91.52  0.9871     0.9872  0.0129     0.0128     0.2934         0.3751
    241   3.20    61.90      91.49  0.9868     0.9872  0.0132     0.0128     0.2937         0.3845
    242   3.20    62.59      91.03  0.9867     0.9869  0.0133     0.0131     0.2956         0.3837
    243   3.20    61.66      91.15  0.9873     0.9873  0.0127     0.0127     0.3051         0.3878
    244   3.20    60.90      91.44  0.9872     0.9873  0.0128     0.0127     0.3062         0.3978
    245   3.19    60.93      90.77  0.9876     0.9876  0.0124     0.0124     0.3001         0.3974
    246   3.21    62.47      89.81  0.9869     0.9875  0.0131     0.0125     0.2996         0.3893
    247   3.20    60.86      90.65  0.9868     0.9872  0.0132     0.0128     0.3014         0.4022
    248   3.20    63.64      90.08  0.9875     0.9875  0.0125     0.0125     0.2985         0.3805
    249   3.20    64.58      90.18  0.9868     0.9872  0.0132     0.0128     0.2900         0.3669
    250   3.20    61.38      90.03  0.9865     0.9866  0.0135     0.0134     0.3067         0.3999
    251   3.20    64.33      89.35  0.9873     0.9873  0.0127     0.0127     0.3047         0.3811
    252   3.20    60.80      89.93  0.9877     0.9875  0.0123     0.0125     0.2998         0.3878
    253   3.20    61.79      90.05  0.9866     0.9866  0.0134     0.0134     0.3072         0.3992
    254   3.20    59.89      90.51  0.9871     0.9874  0.0129     0.0126     0.3079         0.3969
    255   3.20    59.63      89.72  0.9874     0.9874  0.0126     0.0126     0.3101         0.3949
    256   3.20    63.20      89.49  0.9879     0.9877  0.0121     0.0123     0.2976         0.3806
    257   3.20    59.41      89.96  0.9868     0.9869  0.0132     0.0131     0.3003         0.3976
    258   3.19    60.39      89.27  0.9870     0.9869  0.0130     0.0131     0.3064         0.3998
    259   3.20    60.55      89.13  0.9875     0.9876  0.0125     0.0124     0.3066         0.3970
    260   3.20    58.90      89.39  0.9869     0.9871  0.0131     0.0129     0.3104         0.4067
    261   3.20    58.64      89.61  0.9873     0.9873  0.0127     0.0127     0.3182         0.4137
    262   3.19    60.63      89.01  0.9868     0.9868  0.0132     0.0132     0.3095         0.4030
    263   3.20    59.50      88.97  0.9875     0.9874  0.0125     0.0126     0.3126         0.4008
    264   3.19    58.74      89.22  0.9869     0.9871  0.0131     0.0129     0.3109         0.3993
    265   3.20    57.97      89.47  0.9875     0.9875  0.0125     0.0125     0.3184         0.4119
    266   3.20    61.28      88.92  0.9876     0.9876  0.0124     0.0124     0.3068         0.3956
    267   3.19    58.16      88.94  0.9864     0.9867  0.0136     0.0133     0.3199         0.4106
    268   3.20    58.00      89.22  0.9882     0.9874  0.0118     0.0126     0.3147         0.4045
    269   3.19    60.30      88.95  0.9859     0.9862  0.0141     0.0138     0.3183         0.4055
    270   3.19    58.95      88.30  0.9870     0.9872  0.0130     0.0128     0.3236         0.4103
    271   3.19    57.92      88.70  0.9866     0.9866  0.0134     0.0134     0.3298         0.4207
    272   3.19    58.45      88.32  0.9874     0.9874  0.0126     0.0126     0.3169         0.4114
    273   3.19    59.04      87.76  0.9871     0.9867  0.0129     0.0133     0.3169         0.4022
    274   3.20    57.18      88.67  0.9875     0.9875  0.0125     0.0125     0.3206         0.4158
    275   3.20    60.52      87.68  0.9861     0.9865  0.0139     0.0135     0.3163         0.4105
    276   3.19    59.69      87.57  0.9869     0.9870  0.0131     0.0130     0.3286         0.4133
    277   3.20    57.48      88.09  0.9875     0.9874  0.0125     0.0126     0.3210         0.4195
    278   3.19    57.53      87.91  0.9872     0.9867  0.0128     0.0133     0.3281         0.4242
    279   3.20    57.96      87.82  0.9873     0.9874  0.0127     0.0126     0.3291         0.4209
    280   3.19    57.33      88.21  0.9869     0.9868  0.0131     0.0132     0.3219         0.4158
    281   3.20    56.97      88.06  0.9871     0.9873  0.0129     0.0127     0.3252         0.4225
    282   3.19    59.69      87.42  0.9869     0.9874  0.0131     0.0126     0.3180         0.4175
    283   3.21    58.51      87.90  0.9876     0.9879  0.0124     0.0121     0.3143         0.4076
    284   3.19    57.14      87.74  0.9869     0.9868  0.0131     0.0132     0.3257         0.4191
    285   3.19    58.66      87.27  0.9866     0.9865  0.0134     0.0135     0.3115         0.4024
    286   3.19    58.55      87.52  0.9875     0.9876  0.0125     0.0124     0.3262         0.4228
    287   3.20    59.01      87.45  0.9872     0.9874  0.0128     0.0126     0.3209         0.4122
    288   3.20    57.89      87.70  0.9874     0.9871  0.0126     0.0129     0.3186         0.4122
    289   3.20    58.49      87.49  0.9875     0.9879  0.0125     0.0121     0.3231         0.4207
    290   3.20    57.23      88.06  0.9873     0.9876  0.0127     0.0124     0.3266         0.4189
    291   3.19    58.59      87.30  0.9870     0.9867  0.0130     0.0133     0.3275         0.4253
    292   3.19    58.17      87.84  0.9875     0.9874  0.0125     0.0126     0.3200         0.4102
    293   3.20    57.45      87.43  0.9875     0.9874  0.0125     0.0126     0.3198         0.4092
    294   3.19    57.08      87.62  0.9869     0.9871  0.0131     0.0129     0.3262         0.4155
    295   3.20    57.68      87.32  0.9871     0.9872  0.0129     0.0128     0.3173         0.4158
    296   3.19    56.40      87.62  0.9876     0.9875  0.0124     0.0125     0.3161         0.4226
    297   3.20    56.90      87.48  0.9879     0.9874  0.0121     0.0126     0.3150         0.4209
    298   3.20    56.77      87.56  0.9872     0.9871  0.0128     0.0129     0.3284         0.4162
    299   3.19    58.45      87.17  0.9868     0.9870  0.0132     0.0130     0.3248         0.4158
    300   3.19    57.90      86.86  0.9867     0.9863  0.0133     0.0137     0.3170         0.4058
The log/output/model have been saved to: ./logs/train.py-multi_zetas300_False_True_True_1e-06_1e-06_1e-06-ewl-04-23-14:39 + .csv/.out/.cpt
