  epoch    IZY    IXZ_1     acc    avg_acc     err    avg_err    adv_acc    avg_adv_acc
-------  -----  -------  ------  ---------  ------  ---------  ---------  -------------
      1   1.66     4.74  0.6334     0.8867  0.3666     0.1133     0.2132         0.2256
      2   2.31     4.88  0.8050     0.9411  0.1950     0.0589     0.1464         0.1495
      3   2.48     6.26  0.8593     0.9535  0.1407     0.0465     0.1115         0.1132
      4   2.51     4.42  0.8511     0.9633  0.1489     0.0367     0.1451         0.1503
      5   2.51     4.38  0.8407     0.9690  0.1593     0.0310     0.1684         0.1763
      6   2.72     6.56  0.9030     0.9715  0.0970     0.0285     0.1222         0.1289
      7   2.68     4.69  0.8833     0.9717  0.1167     0.0283     0.1541         0.1627
      8   2.67     4.36  0.8766     0.9733  0.1234     0.0267     0.1775         0.1936
      9   2.75     6.14  0.9009     0.9703  0.0991     0.0297     0.2064         0.2177
     10   2.80     5.84  0.9080     0.9756  0.0920     0.0244     0.2099         0.2265
     11   2.68     4.77  0.8723     0.9797  0.1277     0.0203     0.2633         0.3028
     12   2.86     5.58  0.9192     0.9805  0.0808     0.0195     0.2694         0.2859
     13   2.71     4.35  0.8793     0.9742  0.1207     0.0258     0.2892         0.3221
     14   2.84     5.06  0.9140     0.9797  0.0860     0.0203     0.2899         0.3116
     15   2.64     4.91  0.8559     0.9796  0.1441     0.0204     0.3665         0.4073
     16   2.76     4.43  0.8895     0.9799  0.1105     0.0201     0.3591         0.3997
     17   2.69     4.04  0.8685     0.9803  0.1315     0.0197     0.4038         0.4502
     18   2.78     4.54  0.8949     0.9746  0.1051     0.0254     0.3963         0.4250
     19   2.87     5.65  0.9212     0.9799  0.0788     0.0201     0.3447         0.3722
     20   2.89     5.54  0.9239     0.9825  0.0761     0.0175     0.3962         0.4224
     21   2.76     4.36  0.8854     0.9794  0.1146     0.0206     0.4390         0.4796
     22   2.75     4.16  0.8832     0.9811  0.1168     0.0189     0.4540         0.5042
     23   2.92     6.08  0.9316     0.9803  0.0684     0.0197     0.3812         0.3994
     24   2.85     4.63  0.9090     0.9840  0.0910     0.0160     0.4875         0.5226
     25   2.68     4.45  0.8651     0.9806  0.1349     0.0194     0.4217         0.4709
     26   2.79     4.41  0.8927     0.9815  0.1073     0.0185     0.4322         0.4777
     27   2.80     4.22  0.8947     0.9844  0.1053     0.0156     0.4679         0.5123
     28   2.84     4.52  0.9079     0.9818  0.0921     0.0182     0.4546         0.4909
     29   2.84     4.41  0.9051     0.9829  0.0949     0.0171     0.4617         0.5036
     30   2.83     4.20  0.9053     0.9838  0.0947     0.0162     0.5210         0.5700
     31   2.74     4.26  0.8780     0.9841  0.1220     0.0159     0.5080         0.5647
     32   2.79     4.15  0.8906     0.9835  0.1094     0.0165     0.5206         0.5689
     33   2.79     4.27  0.8959     0.9826  0.1041     0.0174     0.4593         0.5034
     34   2.81     4.30  0.9010     0.9819  0.0990     0.0181     0.5158         0.5582
     35   2.80     4.49  0.9001     0.9804  0.0999     0.0196     0.5012         0.5446
     36   2.85     4.80  0.9134     0.9822  0.0866     0.0178     0.5598         0.6018
     37   2.85     4.64  0.9136     0.9815  0.0864     0.0185     0.4468         0.4873
     38   2.81     4.20  0.9019     0.9830  0.0981     0.0170     0.5796         0.6317
     39   2.76     4.25  0.8913     0.9797  0.1087     0.0203     0.5156         0.5617
     40   2.79     4.21  0.8978     0.9811  0.1022     0.0189     0.4665         0.5169
     41   2.86     5.05  0.9097     0.9831  0.0903     0.0169     0.4349         0.4705
     42   2.80     4.28  0.8958     0.9825  0.1042     0.0175     0.4449         0.4889
     43   2.72     4.26  0.8795     0.9819  0.1205     0.0181     0.4571         0.5147
     44   2.78     4.20  0.8937     0.9828  0.1063     0.0172     0.4689         0.5195
     45   2.80     4.31  0.9012     0.9806  0.0988     0.0194     0.5065         0.5499
     46   2.83     4.33  0.9059     0.9833  0.0941     0.0167     0.5225         0.5652
     47   2.80     4.30  0.8982     0.9812  0.1018     0.0188     0.4656         0.5092
     48   2.76     4.33  0.8840     0.9846  0.1160     0.0154     0.4544         0.5069
     49   2.76     4.11  0.8868     0.9849  0.1132     0.0151     0.4542         0.5045
     50   2.86     4.39  0.9125     0.9839  0.0875     0.0161     0.4366         0.4749
     51   2.85     4.45  0.9069     0.9845  0.0931     0.0155     0.4884         0.5276
     52   2.83     4.27  0.9030     0.9838  0.0970     0.0162     0.4284         0.4681
     53   2.84     4.31  0.9056     0.9849  0.0944     0.0151     0.4794         0.5268
     54   2.78     4.17  0.8964     0.9840  0.1036     0.0160     0.5276         0.5821
     55   2.82     4.19  0.9044     0.9829  0.0956     0.0171     0.4925         0.5361
     56   2.84     4.35  0.9052     0.9843  0.0948     0.0157     0.5138         0.5562
     57   2.76     4.23  0.8845     0.9837  0.1155     0.0163     0.5094         0.5633
     58   2.85     4.32  0.9092     0.9830  0.0908     0.0170     0.4966         0.5399
     59   2.88     4.83  0.9182     0.9839  0.0818     0.0161     0.5024         0.5372
     60   2.76     4.27  0.8836     0.9850  0.1164     0.0150     0.4452         0.4998
     61   2.86     4.37  0.9103     0.9831  0.0897     0.0169     0.4778         0.5210
     62   2.83     4.32  0.9050     0.9843  0.0950     0.0157     0.4447         0.4859
     63   2.86     4.47  0.9115     0.9846  0.0885     0.0154     0.5162         0.5591
     64   2.81     4.08  0.8927     0.9849  0.1073     0.0151     0.5184         0.5720
     65   2.80     4.27  0.8988     0.9831  0.1012     0.0169     0.4950         0.5399
     66   2.87     4.49  0.9121     0.9827  0.0879     0.0173     0.4606         0.5009
     67   2.79     4.21  0.8984     0.9814  0.1016     0.0186     0.5082         0.5493
     68   2.83     4.23  0.9016     0.9833  0.0984     0.0167     0.4980         0.5458
     69   2.87     4.76  0.9137     0.9829  0.0863     0.0171     0.4976         0.5427
     70   2.88     4.44  0.9128     0.9839  0.0872     0.0161     0.5295         0.5743
     71   2.80     4.31  0.9005     0.9834  0.0995     0.0166     0.5010         0.5478
     72   2.82     4.24  0.9025     0.9813  0.0975     0.0187     0.4609         0.5057
     73   2.78     4.26  0.8953     0.9795  0.1047     0.0205     0.5385         0.5901
     74   2.84     4.34  0.9032     0.9833  0.0968     0.0167     0.4765         0.5175
     75   2.83     4.23  0.9029     0.9851  0.0971     0.0149     0.5125         0.5628
     76   2.84     4.52  0.9135     0.9824  0.0865     0.0176     0.5189         0.5621
     77   2.87     4.43  0.9126     0.9838  0.0874     0.0162     0.5500         0.5886
     78   2.84     4.28  0.9061     0.9845  0.0939     0.0155     0.4792         0.5258
     79   2.83     4.40  0.9037     0.9833  0.0963     0.0167     0.4491         0.4886
     80   2.85     4.32  0.9080     0.9850  0.0920     0.0150     0.4547         0.4968
     81   2.85     4.26  0.9069     0.9846  0.0931     0.0154     0.5264         0.5710
     82   2.88     4.49  0.9126     0.9848  0.0874     0.0152     0.5062         0.5486
     83   2.78     4.19  0.8933     0.9821  0.1067     0.0179     0.4612         0.5031
     84   2.83     4.31  0.9059     0.9844  0.0941     0.0156     0.4735         0.5158
     85   2.85     4.37  0.9118     0.9834  0.0882     0.0166     0.5494         0.5971
     86   2.81     4.16  0.9010     0.9850  0.0990     0.0150     0.4755         0.5198
     87   2.79     4.09  0.8965     0.9841  0.1035     0.0159     0.5210         0.5710
     88   2.87     4.53  0.9077     0.9845  0.0923     0.0155     0.5266         0.5649
     89   2.80     4.11  0.8964     0.9841  0.1036     0.0159     0.4821         0.5298
     90   2.80     4.22  0.8971     0.9828  0.1029     0.0172     0.4934         0.5367
     91   2.84     4.40  0.9110     0.9853  0.0890     0.0147     0.5426         0.5836
     92   2.84     4.32  0.9082     0.9843  0.0918     0.0157     0.4819         0.5208
     93   2.85     4.32  0.9122     0.9854  0.0878     0.0146     0.5210         0.5651
     94   2.84     4.20  0.9052     0.9850  0.0948     0.0150     0.4867         0.5288
     95   2.81     4.27  0.9022     0.9856  0.0978     0.0144     0.4474         0.4864
     96   2.79     4.10  0.8940     0.9834  0.1060     0.0166     0.4769         0.5245
     97   2.86     4.43  0.9104     0.9854  0.0896     0.0146     0.5002         0.5452
     98   2.84     4.35  0.9085     0.9853  0.0915     0.0147     0.4070         0.4433
     99   2.83     4.25  0.9089     0.9828  0.0911     0.0172     0.4962         0.5384
    100   2.86     4.44  0.9104     0.9847  0.0896     0.0153     0.5089         0.5481
    101   2.84     4.32  0.9085     0.9849  0.0915     0.0151     0.5118         0.5513
    102   2.84     4.21  0.9085     0.9853  0.0915     0.0147     0.5422         0.5878
    103   2.80     4.19  0.8965     0.9851  0.1035     0.0149     0.5876         0.6347
    104   2.81     4.18  0.9002     0.9838  0.0998     0.0162     0.5515         0.5980
    105   2.88     4.50  0.9165     0.9843  0.0835     0.0157     0.5867         0.6273
    106   2.83     4.28  0.9094     0.9846  0.0906     0.0154     0.5654         0.6101
    107   2.82     4.35  0.9055     0.9834  0.0945     0.0166     0.5313         0.5730
    108   2.82     4.17  0.9019     0.9841  0.0981     0.0159     0.5295         0.5780
    109   2.86     4.33  0.9113     0.9851  0.0887     0.0149     0.5522         0.5978
    110   2.85     4.28  0.9069     0.9838  0.0931     0.0162     0.4812         0.5213
    111   2.86     4.39  0.9168     0.9838  0.0832     0.0162     0.5247         0.5690
    112   2.83     4.30  0.9050     0.9830  0.0950     0.0170     0.5504         0.5929
    113   2.81     4.35  0.9017     0.9826  0.0983     0.0174     0.5408         0.5852
    114   2.82     4.13  0.9021     0.9858  0.0979     0.0142     0.5410         0.5915
    115   2.86     4.42  0.9144     0.9850  0.0856     0.0150     0.5279         0.5702
    116   2.83     4.25  0.9049     0.9845  0.0951     0.0155     0.4787         0.5246
    117   2.85     4.26  0.9098     0.9850  0.0902     0.0150     0.4571         0.4996
    118   2.88     4.46  0.9152     0.9850  0.0848     0.0150     0.4863         0.5238
    119   2.84     4.34  0.9073     0.9850  0.0927     0.0150     0.5076         0.5498
    120   2.87     4.46  0.9142     0.9859  0.0858     0.0141     0.5506         0.5944
    121   2.86     4.31  0.9139     0.9863  0.0861     0.0137     0.5249         0.5695
    122   2.83     4.24  0.9038     0.9855  0.0962     0.0145     0.5553         0.5983
    123   2.83     4.16  0.9018     0.9852  0.0982     0.0148     0.5397         0.5935
    124   2.79     4.19  0.8997     0.9817  0.1003     0.0183     0.5464         0.5920
    125   2.82     4.30  0.9023     0.9853  0.0977     0.0147     0.5742         0.6157
    126   2.81     4.19  0.9012     0.9839  0.0988     0.0161     0.5710         0.6151
    127   2.84     4.22  0.9010     0.9848  0.0990     0.0152     0.5268         0.5695
    128   2.85     4.28  0.9099     0.9851  0.0901     0.0149     0.5128         0.5572
    129   2.83     4.27  0.9042     0.9841  0.0958     0.0159     0.5208         0.5634
    130   2.83     4.19  0.9021     0.9857  0.0979     0.0143     0.5391         0.5833
    131   2.83     4.16  0.9045     0.9854  0.0955     0.0146     0.5321         0.5830
    132   2.87     4.43  0.9111     0.9844  0.0889     0.0156     0.4751         0.5133
    133   2.83     4.21  0.9058     0.9844  0.0942     0.0156     0.4725         0.5154
    134   2.84     4.21  0.9081     0.9860  0.0919     0.0140     0.4813         0.5244
    135   2.85     4.31  0.9083     0.9853  0.0917     0.0147     0.4983         0.5388
    136   2.84     4.23  0.9058     0.9846  0.0942     0.0154     0.5222         0.5694
    137   2.84     4.21  0.9073     0.9847  0.0927     0.0153     0.5338         0.5803
    138   2.83     4.29  0.9068     0.9848  0.0932     0.0152     0.5601         0.6055
    139   2.86     4.34  0.9136     0.9851  0.0864     0.0149     0.5154         0.5554
    140   2.82     4.22  0.9060     0.9852  0.0940     0.0148     0.5377         0.5788
    141   2.83     4.23  0.9041     0.9856  0.0959     0.0144     0.5078         0.5525
    142   2.83     4.29  0.9049     0.9855  0.0951     0.0145     0.4682         0.5084
    143   2.82     4.29  0.9046     0.9849  0.0954     0.0151     0.4761         0.5141
    144   2.82     4.29  0.9063     0.9830  0.0937     0.0170     0.4863         0.5251
    145   2.82     4.26  0.9045     0.9859  0.0955     0.0141     0.5088         0.5501
    146   2.83     4.25  0.9066     0.9848  0.0934     0.0152     0.4957         0.5392
    147   2.81     4.19  0.9058     0.9852  0.0942     0.0148     0.5148         0.5584
    148   2.83     4.23  0.9078     0.9838  0.0922     0.0162     0.5028         0.5430
    149   2.86     4.31  0.9118     0.9845  0.0882     0.0155     0.5065         0.5452
    150   2.86     4.25  0.9107     0.9849  0.0893     0.0151     0.5010         0.5406
    151   2.83     4.20  0.9094     0.9838  0.0906     0.0162     0.5300         0.5735
    152   2.85     4.27  0.9123     0.9849  0.0877     0.0151     0.5707         0.6147
    153   2.84     4.16  0.9060     0.9860  0.0940     0.0140     0.5290         0.5721
    154   2.82     4.28  0.9037     0.9851  0.0963     0.0149     0.5102         0.5468
    155   2.84     4.28  0.9090     0.9848  0.0910     0.0152     0.5024         0.5473
    156   2.84     4.34  0.9073     0.9839  0.0927     0.0161     0.5296         0.5700
    157   2.84     4.25  0.9071     0.9851  0.0929     0.0149     0.5227         0.5594
    158   2.85     4.18  0.9040     0.9854  0.0960     0.0146     0.5396         0.5812
    159   2.85     4.34  0.9109     0.9834  0.0891     0.0166     0.5551         0.5998
    160   2.82     4.25  0.9043     0.9844  0.0957     0.0156     0.5280         0.5728
    161   2.83     4.23  0.9091     0.9850  0.0909     0.0150     0.5544         0.5964
    162   2.85     4.32  0.9065     0.9841  0.0935     0.0159     0.5738         0.6208
    163   2.82     4.18  0.9032     0.9849  0.0968     0.0151     0.5461         0.5944
    164   2.84     4.19  0.9063     0.9836  0.0937     0.0164     0.5591         0.6062
    165   2.84     4.26  0.9044     0.9851  0.0956     0.0149     0.5717         0.6164
    166   2.84     4.27  0.9068     0.9847  0.0932     0.0153     0.5768         0.6226
    167   2.83     4.11  0.9000     0.9849  0.1000     0.0151     0.5645         0.6170
    168   2.81     4.17  0.9002     0.9847  0.0998     0.0153     0.5661         0.6150
    169   2.83     4.21  0.9062     0.9854  0.0938     0.0146     0.5741         0.6220
    170   2.84     4.27  0.9104     0.9857  0.0896     0.0143     0.5905         0.6346
    171   2.82     4.17  0.9032     0.9855  0.0968     0.0145     0.5787         0.6261
    172   2.83     4.21  0.9056     0.9852  0.0944     0.0148     0.5746         0.6194
    173   2.86     4.39  0.9107     0.9851  0.0893     0.0149     0.5539         0.5950
    174   2.85     4.32  0.9104     0.9836  0.0896     0.0164     0.5721         0.6151
    175   2.83     4.17  0.9020     0.9858  0.0980     0.0142     0.5776         0.6254
    176   2.85     4.27  0.9107     0.9860  0.0893     0.0140     0.5773         0.6173
    177   2.83     4.15  0.9022     0.9855  0.0978     0.0145     0.5505         0.5991
    178   2.84     4.26  0.9079     0.9853  0.0921     0.0147     0.5554         0.6004
    179   2.82     4.15  0.9038     0.9852  0.0962     0.0148     0.5645         0.6075
    180   2.86     4.26  0.9125     0.9857  0.0875     0.0143     0.5980         0.6446
    181   2.87     4.36  0.9107     0.9855  0.0893     0.0145     0.5966         0.6404
    182   2.86     4.28  0.9123     0.9849  0.0877     0.0151     0.6179         0.6631
    183   2.85     4.24  0.9071     0.9855  0.0929     0.0145     0.5904         0.6396
    184   2.88     4.30  0.9170     0.9851  0.0830     0.0149     0.5853         0.6354
    185   2.83     4.23  0.9072     0.9857  0.0928     0.0143     0.5686         0.6144
    186   2.86     4.39  0.9113     0.9852  0.0887     0.0148     0.5662         0.6078
    187   2.84     4.23  0.9077     0.9853  0.0923     0.0147     0.5758         0.6232
    188   2.84     4.23  0.9093     0.9853  0.0907     0.0147     0.5765         0.6222
    189   2.84     4.20  0.9070     0.9848  0.0930     0.0152     0.5706         0.6135
    190   2.85     4.29  0.9104     0.9854  0.0896     0.0146     0.6159         0.6598
    191   2.85     4.22  0.9086     0.9851  0.0914     0.0149     0.5812         0.6274
    192   2.85     4.24  0.9082     0.9853  0.0918     0.0147     0.5589         0.6060
    193   2.82     4.16  0.9043     0.9848  0.0957     0.0152     0.5612         0.6081
    194   2.83     4.21  0.9038     0.9861  0.0962     0.0139     0.5692         0.6155
    195   2.85     4.22  0.9066     0.9853  0.0934     0.0147     0.5457         0.5909
    196   2.84     4.25  0.9072     0.9856  0.0928     0.0144     0.5734         0.6164
    197   2.84     4.22  0.9084     0.9854  0.0916     0.0146     0.5630         0.6093
    198   2.85     4.26  0.9111     0.9847  0.0889     0.0153     0.5774         0.6219
    199   2.83     4.18  0.9048     0.9849  0.0952     0.0151     0.5847         0.6354
    200   2.82     4.17  0.9020     0.9848  0.0980     0.0152     0.5904         0.6353
    201   2.82     4.20  0.9038     0.9849  0.0962     0.0151     0.5825         0.6282
    202   2.85     4.28  0.9058     0.9851  0.0942     0.0149     0.5897         0.6272
    203   2.85     4.20  0.9078     0.9854  0.0922     0.0146     0.6132         0.6605
    204   2.86     4.30  0.9102     0.9862  0.0898     0.0138     0.5898         0.6355
    205   2.86     4.28  0.9129     0.9855  0.0871     0.0145     0.6024         0.6486
    206   2.89     4.29  0.9153     0.9860  0.0847     0.0140     0.5795         0.6261
    207   2.84     4.16  0.9069     0.9852  0.0931     0.0148     0.6130         0.6589
    208   2.85     4.29  0.9109     0.9858  0.0891     0.0142     0.6063         0.6508
    209   2.83     4.20  0.9041     0.9856  0.0959     0.0144     0.5981         0.6448
    210   2.86     4.22  0.9128     0.9856  0.0872     0.0144     0.6245         0.6690
    211   2.82     4.19  0.9018     0.9861  0.0982     0.0139     0.5998         0.6469
    212   2.82     4.20  0.9010     0.9855  0.0990     0.0145     0.6009         0.6523
    213   2.85     4.22  0.9062     0.9854  0.0938     0.0146     0.5918         0.6356
    214   2.85     4.20  0.9060     0.9865  0.0940     0.0135     0.5833         0.6299
    215   2.85     4.19  0.9086     0.9849  0.0914     0.0151     0.5828         0.6289
    216   2.85     4.26  0.9086     0.9853  0.0914     0.0147     0.5874         0.6311
    217   2.84     4.24  0.9044     0.9862  0.0956     0.0138     0.5692         0.6090
    218   2.84     4.19  0.9029     0.9858  0.0971     0.0142     0.5736         0.6175
    219   2.85     4.27  0.9126     0.9859  0.0874     0.0141     0.5634         0.6079
    220   2.85     4.21  0.9078     0.9851  0.0922     0.0149     0.5561         0.5996
    221   2.83     4.19  0.9038     0.9859  0.0962     0.0141     0.5578         0.6012
    222   2.83     4.20  0.9068     0.9849  0.0932     0.0151     0.5851         0.6280
    223   2.85     4.27  0.9077     0.9852  0.0923     0.0148     0.5792         0.6236
    224   2.85     4.22  0.9130     0.9858  0.0870     0.0142     0.5730         0.6133
    225   2.86     4.25  0.9099     0.9858  0.0901     0.0142     0.5747         0.6171
    226   2.87     4.26  0.9138     0.9852  0.0862     0.0148     0.5726         0.6116
    227   2.86     4.25  0.9112     0.9852  0.0888     0.0148     0.5513         0.5965
    228   2.86     4.22  0.9104     0.9849  0.0896     0.0151     0.5563         0.6026
    229   2.85     4.27  0.9086     0.9853  0.0914     0.0147     0.5684         0.6128
    230   2.84     4.25  0.9059     0.9858  0.0941     0.0142     0.5649         0.6052
    231   2.83     4.19  0.9040     0.9854  0.0960     0.0146     0.5835         0.6367
    232   2.84     4.17  0.8999     0.9851  0.1001     0.0149     0.5999         0.6487
    233   2.84     4.21  0.9066     0.9861  0.0934     0.0139     0.5817         0.6323
    234   2.85     4.23  0.9088     0.9849  0.0912     0.0151     0.5932         0.6399
    235   2.85     4.17  0.9084     0.9862  0.0916     0.0138     0.5971         0.6420
    236   2.85     4.26  0.9110     0.9857  0.0890     0.0143     0.6062         0.6491
    237   2.86     4.24  0.9063     0.9857  0.0937     0.0143     0.5948         0.6407
    238   2.86     4.23  0.9132     0.9842  0.0868     0.0158     0.6035         0.6436
    239   2.86     4.25  0.9085     0.9859  0.0915     0.0141     0.5969         0.6420
    240   2.84     4.21  0.9058     0.9853  0.0942     0.0147     0.6000         0.6471
    241   2.86     4.23  0.9125     0.9859  0.0875     0.0141     0.5823         0.6314
    242   2.86     4.22  0.9094     0.9855  0.0906     0.0145     0.5812         0.6265
    243   2.86     4.24  0.9127     0.9859  0.0873     0.0141     0.5785         0.6231
    244   2.84     4.21  0.9048     0.9854  0.0952     0.0146     0.5823         0.6243
    245   2.85     4.22  0.9118     0.9854  0.0882     0.0146     0.5843         0.6299
    246   2.85     4.22  0.9050     0.9857  0.0950     0.0143     0.5886         0.6345
    247   2.85     4.20  0.9090     0.9856  0.0910     0.0144     0.6062         0.6561
    248   2.85     4.22  0.9086     0.9863  0.0914     0.0137     0.6043         0.6487
    249   2.84     4.24  0.9086     0.9861  0.0914     0.0139     0.5984         0.6439
    250   2.85     4.25  0.9103     0.9861  0.0897     0.0139     0.5863         0.6345
    251   2.85     4.22  0.9080     0.9854  0.0920     0.0146     0.5928         0.6384
    252   2.85     4.18  0.9063     0.9863  0.0937     0.0137     0.6066         0.6553
    253   2.86     4.26  0.9101     0.9859  0.0899     0.0141     0.6160         0.6600
    254   2.84     4.23  0.9092     0.9855  0.0908     0.0145     0.6279         0.6803
    255   2.86     4.26  0.9105     0.9861  0.0895     0.0139     0.6298         0.6755
    256   2.83     4.22  0.9029     0.9861  0.0971     0.0139     0.6352         0.6814
    257   2.84     4.19  0.9066     0.9859  0.0934     0.0141     0.6266         0.6749
    258   2.84     4.22  0.9067     0.9863  0.0933     0.0137     0.6199         0.6674
    259   2.85     4.24  0.9126     0.9861  0.0874     0.0139     0.6124         0.6568
    260   2.84     4.22  0.9047     0.9862  0.0953     0.0138     0.6058         0.6536
    261   2.86     4.29  0.9096     0.9858  0.0904     0.0142     0.6084         0.6552
    262   2.85     4.21  0.9095     0.9866  0.0905     0.0134     0.6186         0.6655
    263   2.86     4.26  0.9081     0.9861  0.0919     0.0139     0.6287         0.6738
    264   2.81     4.18  0.8974     0.9858  0.1026     0.0142     0.6370         0.6856
    265   2.85     4.22  0.9088     0.9860  0.0912     0.0140     0.6273         0.6753
    266   2.85     4.24  0.9085     0.9859  0.0915     0.0141     0.6228         0.6669
    267   2.86     4.25  0.9089     0.9862  0.0911     0.0138     0.6329         0.6828
    268   2.85     4.21  0.9070     0.9856  0.0930     0.0144     0.6331         0.6829
    269   2.81     4.20  0.9013     0.9861  0.0987     0.0139     0.6212         0.6703
    270   2.85     4.24  0.9121     0.9855  0.0879     0.0145     0.6257         0.6700
    271   2.85     4.19  0.9079     0.9852  0.0921     0.0148     0.6158         0.6609
    272   2.87     4.26  0.9132     0.9861  0.0868     0.0139     0.6277         0.6720
    273   2.85     4.23  0.9088     0.9858  0.0912     0.0142     0.6174         0.6635
    274   2.87     4.27  0.9115     0.9853  0.0885     0.0147     0.6068         0.6552
    275   2.84     4.21  0.9097     0.9855  0.0903     0.0145     0.6131         0.6612
    276   2.84     4.20  0.9064     0.9859  0.0936     0.0141     0.6261         0.6728
    277   2.85     4.23  0.9105     0.9857  0.0895     0.0143     0.6200         0.6689
    278   2.85     4.26  0.9087     0.9854  0.0913     0.0146     0.6331         0.6756
    279   2.85     4.23  0.9092     0.9867  0.0908     0.0133     0.6291         0.6770
    280   2.83     4.21  0.9068     0.9857  0.0932     0.0143     0.6179         0.6670
    281   2.83     4.21  0.9060     0.9863  0.0940     0.0137     0.6180         0.6634
    282   2.86     4.18  0.9136     0.9857  0.0864     0.0143     0.6279         0.6715
    283   2.86     4.23  0.9078     0.9856  0.0922     0.0144     0.6200         0.6653
    284   2.86     4.27  0.9133     0.9856  0.0867     0.0144     0.6079         0.6522
    285   2.83     4.21  0.9031     0.9854  0.0969     0.0146     0.6120         0.6530
    286   2.85     4.22  0.9054     0.9855  0.0946     0.0145     0.6114         0.6553
    287   2.85     4.22  0.9128     0.9859  0.0872     0.0141     0.6140         0.6622
    288   2.85     4.21  0.9050     0.9857  0.0950     0.0143     0.6202         0.6619
    289   2.85     4.21  0.9112     0.9859  0.0888     0.0141     0.6220         0.6679
    290   2.84     4.23  0.9051     0.9856  0.0949     0.0144     0.6242         0.6721
    291   2.84     4.24  0.9106     0.9854  0.0894     0.0146     0.6175         0.6625
    292   2.84     4.22  0.9058     0.9852  0.0942     0.0148     0.6088         0.6596
    293   2.85     4.25  0.9092     0.9854  0.0908     0.0146     0.6121         0.6623
    294   2.84     4.23  0.9059     0.9859  0.0941     0.0141     0.6089         0.6580
    295   2.83     4.22  0.9001     0.9853  0.0999     0.0147     0.6123         0.6606
    296   2.85     4.22  0.9076     0.9858  0.0924     0.0142     0.6109         0.6567
    297   2.86     4.20  0.9094     0.9851  0.0906     0.0149     0.6144         0.6575
    298   2.85     4.21  0.9078     0.9857  0.0922     0.0143     0.6098         0.6580
    299   2.83     4.22  0.9037     0.9852  0.0963     0.0148     0.6135         0.6580
    300   2.83     4.22  0.9044     0.9857  0.0956     0.0143     0.6293         0.6738
The log/output/model have been saved to: ./logs/train.py-multi_zetas300_False_False_True_0.1953125_0.390625_0.78125-sxo-04-23-19:44 + .csv/.out/.cpt
