  epoch    IZY    IXZ_1     acc    avg_acc     err    avg_err    adv_acc    avg_adv_acc
-------  -----  -------  ------  ---------  ------  ---------  ---------  -------------
      1   3.11   229.50  0.9532     0.9537  0.0468     0.0463     0.0257         0.0255
      2   3.18   191.63  0.9682     0.9683  0.0318     0.0317     0.0172         0.0172
      3   3.08   169.17  0.9481     0.9494  0.0519     0.0506     0.0277         0.0279
      4   3.19   137.03  0.9738     0.9752  0.0262     0.0248     0.0190         0.0186
      5   3.22   124.72  0.9769     0.9782  0.0231     0.0218     0.0191         0.0188
      6   3.21   119.45  0.9763     0.9773  0.0237     0.0227     0.0214         0.0208
      7   3.20   117.85  0.9752     0.9749  0.0248     0.0251     0.0245         0.0240
      8   3.22   103.53  0.9801     0.9794  0.0199     0.0206     0.0249         0.0259
      9   3.18    99.73  0.9739     0.9742  0.0261     0.0258     0.0382         0.0395
     10   3.19    91.86  0.9771     0.9770  0.0229     0.0230     0.0440         0.0455
     11   3.21    88.78  0.9802     0.9801  0.0198     0.0199     0.0336         0.0336
     12   3.22    82.74  0.9814     0.9819  0.0186     0.0181     0.0412         0.0439
     13   3.22    82.76  0.9815     0.9812  0.0185     0.0188     0.0472         0.0491
     14   3.21    79.15  0.9805     0.9805  0.0195     0.0195     0.0466         0.0481
     15   3.22    78.47  0.9816     0.9820  0.0184     0.0180     0.0389         0.0392
     16   3.20    73.67  0.9789     0.9794  0.0211     0.0206     0.0523         0.0538
     17   3.22    74.61  0.9827     0.9829  0.0173     0.0171     0.0404         0.0418
     18   3.17    82.50  0.9769     0.9767  0.0231     0.0233     0.0634         0.0698
     19   3.21    69.26  0.9830     0.9830  0.0170     0.0170     0.0718         0.0752
     20   3.20    70.34  0.9796     0.9802  0.0204     0.0198     0.0497         0.0516
     21   3.22    59.75  0.9835     0.9840  0.0165     0.0160     0.0712         0.0731
     22   3.21    65.28  0.9826     0.9830  0.0174     0.0170     0.0612         0.0641
     23   3.19    57.74  0.9800     0.9800  0.0200     0.0200     0.0831         0.0854
     24   3.20    65.16  0.9807     0.9815  0.0193     0.0185     0.0869         0.0926
     25   3.21    60.41  0.9816     0.9818  0.0184     0.0182     0.0612         0.0649
     26   3.22    57.03  0.9838     0.9835  0.0162     0.0165     0.0758         0.0799
     27   3.22    51.00  0.9830     0.9834  0.0170     0.0166     0.0943         0.1008
     28   3.20    60.60  0.9816     0.9815  0.0184     0.0185     0.0845         0.0883
     29   3.21    53.73  0.9832     0.9823  0.0168     0.0177     0.0970         0.1026
     30   3.21    54.00  0.9832     0.9831  0.0168     0.0169     0.0873         0.0914
     31   3.21    44.42  0.9846     0.9841  0.0154     0.0159     0.1249         0.1305
     32   3.22    63.34  0.9839     0.9841  0.0161     0.0159     0.0828         0.0838
     33   3.22    48.34  0.9836     0.9836  0.0164     0.0164     0.1070         0.1117
     34   3.22    49.96  0.9845     0.9844  0.0155     0.0156     0.1032         0.1065
     35   3.21    45.80  0.9840     0.9846  0.0160     0.0154     0.1036         0.1084
     36   3.21    48.82  0.9833     0.9834  0.0167     0.0166     0.1017         0.1058
     37   3.21    50.83  0.9832     0.9832  0.0168     0.0168     0.0944         0.0988
     38   3.22    44.56  0.9849     0.9846  0.0151     0.0154     0.0984         0.1015
     39   3.22    38.72  0.9868     0.9868  0.0132     0.0132     0.1342         0.1379
     40   3.21    36.15  0.9859     0.9859  0.0141     0.0141     0.1577         0.1609
     41   3.20    45.59  0.9835     0.9839  0.0165     0.0161     0.0914         0.0948
     42   3.18    45.97  0.9812     0.9820  0.0188     0.0180     0.0924         0.0971
     43   3.20    51.53  0.9829     0.9832  0.0171     0.0168     0.0950         0.1001
     44   3.17    46.30  0.9798     0.9800  0.0202     0.0200     0.0876         0.0903
     45   3.18    45.44  0.9812     0.9815  0.0188     0.0185     0.1048         0.1111
     46   3.21    39.05  0.9852     0.9849  0.0148     0.0151     0.1254         0.1287
     47   3.21    35.03  0.9868     0.9862  0.0132     0.0138     0.1704         0.1722
     48   3.21    33.31  0.9866     0.9863  0.0134     0.0137     0.1883         0.1917
     49   3.21    32.27  0.9858     0.9866  0.0142     0.0134     0.2133         0.2160
     50   3.21    31.89  0.9864     0.9866  0.0136     0.0134     0.2208         0.2240
     51   3.20    30.61  0.9868     0.9869  0.0132     0.0131     0.2241         0.2282
     52   3.21    29.29  0.9864     0.9869  0.0136     0.0131     0.2701         0.2723
     53   3.15    88.83  0.9762     0.9766  0.0238     0.0234     0.0680         0.0727
     54   3.21    41.27  0.9847     0.9855  0.0153     0.0145     0.0911         0.0962
     55   3.21    35.29  0.9858     0.9859  0.0142     0.0141     0.1075         0.1112
     56   3.19    34.90  0.9842     0.9845  0.0158     0.0155     0.1094         0.1125
     57   3.20    35.24  0.9846     0.9850  0.0154     0.0150     0.1208         0.1261
     58   3.19    33.70  0.9852     0.9856  0.0148     0.0144     0.1362         0.1409
     59   3.20    31.97  0.9858     0.9854  0.0142     0.0146     0.1368         0.1405
     60   3.21    34.28  0.9864     0.9869  0.0136     0.0131     0.1560         0.1591
     61   3.18    38.56  0.9834     0.9836  0.0166     0.0164     0.1055         0.1104
     62   3.20    36.41  0.9845     0.9844  0.0155     0.0156     0.1073         0.1117
     63   3.20    32.62  0.9862     0.9859  0.0138     0.0141     0.1430         0.1463
     64   3.20    52.04  0.9845     0.9844  0.0155     0.0156     0.1283         0.1287
     65   3.20    37.23  0.9836     0.9839  0.0164     0.0161     0.1305         0.1354
     66   3.20    33.29  0.9848     0.9849  0.0152     0.0151     0.1426         0.1469
     67   3.20    31.89  0.9856     0.9857  0.0144     0.0143     0.1678         0.1732
     68   3.19    35.96  0.9837     0.9842  0.0163     0.0158     0.1577         0.1622
     69   3.20    35.80  0.9853     0.9848  0.0147     0.0152     0.1546         0.1597
     70   3.19    47.51  0.9837     0.9839  0.0163     0.0161     0.1216         0.1239
     71   3.19    33.63  0.9850     0.9853  0.0150     0.0147     0.1539         0.1590
     72   3.19    31.25  0.9860     0.9860  0.0140     0.0140     0.1548         0.1577
     73   3.20    29.86  0.9862     0.9864  0.0138     0.0136     0.1728         0.1760
     74   3.20    30.32  0.9860     0.9863  0.0140     0.0137     0.1678         0.1716
     75   3.20    30.73  0.9863     0.9867  0.0137     0.0133     0.1883         0.1919
     76   3.19    28.85  0.9867     0.9866  0.0133     0.0134     0.2077         0.2094
     77   3.19    27.72  0.9865     0.9868  0.0135     0.0132     0.2437         0.2457
     78   3.19    27.55  0.9861     0.9864  0.0139     0.0136     0.2346         0.2384
     79   3.19    35.24  0.9845     0.9837  0.0155     0.0163     0.1343         0.1385
     80   3.19    32.22  0.9848     0.9850  0.0152     0.0150     0.1429         0.1477
     81   3.19    31.39  0.9848     0.9849  0.0152     0.0151     0.1467         0.1513
     82   3.20    29.65  0.9860     0.9858  0.0140     0.0142     0.1589         0.1621
     83   3.20    28.88  0.9865     0.9863  0.0135     0.0137     0.1793         0.1822
     84   3.20    28.14  0.9864     0.9866  0.0136     0.0134     0.1890         0.1927
     85   3.20    27.91  0.9864     0.9863  0.0136     0.0137     0.1985         0.2023
     86   3.20    27.69  0.9860     0.9863  0.0140     0.0137     0.2114         0.2172
     87   3.20    26.99  0.9860     0.9859  0.0140     0.0141     0.2288         0.2332
     88   3.19    27.37  0.9863     0.9866  0.0137     0.0134     0.2406         0.2444
     89   3.19    26.77  0.9863     0.9868  0.0137     0.0132     0.2280         0.2314
     90   3.19    26.33  0.9863     0.9869  0.0137     0.0131     0.2684         0.2722
     91   3.20    26.50  0.9872     0.9872  0.0128     0.0128     0.2646         0.2674
     92   3.20    37.11  0.9845     0.9845  0.0155     0.0155     0.1385         0.1430
     93   3.19    29.80  0.9858     0.9857  0.0142     0.0143     0.1652         0.1721
     94   3.19    27.54  0.9862     0.9866  0.0138     0.0134     0.1958         0.1999
     95   3.19    27.55  0.9859     0.9866  0.0141     0.0134     0.2008         0.2045
     96   3.19    27.82  0.9860     0.9863  0.0140     0.0137     0.1958         0.1993
     97   3.19    26.10  0.9862     0.9872  0.0138     0.0128     0.2192         0.2229
     98   3.19    26.16  0.9866     0.9864  0.0134     0.0136     0.2383         0.2419
     99   3.20    26.28  0.9867     0.9867  0.0133     0.0133     0.2349         0.2408
    100   3.19    25.44  0.9864     0.9866  0.0136     0.0134     0.2464         0.2498
    101   3.19    25.44  0.9869     0.9867  0.0131     0.0133     0.2582         0.2615
    102   3.18    26.66  0.9861     0.9859  0.0139     0.0141     0.3135         0.3172
    103   3.19    25.08  0.9860     0.9863  0.0140     0.0137     0.2895         0.2931
    104   3.19    24.25  0.9866     0.9862  0.0134     0.0138     0.3164         0.3204
    105   3.18    24.68  0.9866     0.9869  0.0134     0.0131     0.2865         0.2894
    106   3.19    23.89  0.9869     0.9869  0.0131     0.0131     0.3248         0.3298
    107   3.19    30.68  0.9851     0.9845  0.0149     0.0155     0.1939         0.1989
    108   3.19    27.23  0.9861     0.9860  0.0139     0.0140     0.2118         0.2168
    109   3.19    25.55  0.9867     0.9862  0.0133     0.0138     0.2451         0.2482
    110   3.18    24.94  0.9859     0.9864  0.0141     0.0136     0.2832         0.2876
    111   3.18    24.80  0.9865     0.9866  0.0135     0.0134     0.2912         0.2960
    112   3.18    24.41  0.9858     0.9862  0.0142     0.0138     0.3197         0.3251
    113   3.18    24.49  0.9865     0.9864  0.0135     0.0136     0.3021         0.3058
    114   3.18    23.84  0.9869     0.9864  0.0131     0.0136     0.3255         0.3323
    115   3.18    23.34  0.9863     0.9860  0.0137     0.0140     0.3331         0.3367
    116   3.18    24.12  0.9864     0.9861  0.0136     0.0139     0.3135         0.3163
    117   3.18    22.94  0.9865     0.9865  0.0135     0.0135     0.3373         0.3423
    118   3.16    27.13  0.9840     0.9841  0.0160     0.0159     0.2776         0.2803
    119   3.17    25.26  0.9852     0.9854  0.0148     0.0146     0.2892         0.2928
    120   3.18    24.52  0.9864     0.9864  0.0136     0.0136     0.2988         0.3050
    121   3.18    23.69  0.9871     0.9870  0.0129     0.0130     0.3274         0.3321
    122   3.18    23.61  0.9867     0.9872  0.0133     0.0128     0.3287         0.3331
    123   3.19    31.70  0.9866     0.9868  0.0134     0.0132     0.2858         0.2901
    124   3.17    23.50  0.9866     0.9874  0.0134     0.0126     0.3557         0.3617
    125   3.18    24.41  0.9865     0.9871  0.0135     0.0129     0.3415         0.3474
    126   3.18    24.40  0.9872     0.9875  0.0128     0.0125     0.3526         0.3562
    127   3.18    24.05  0.9872     0.9871  0.0128     0.0129     0.3485         0.3541
    128   3.18    23.25  0.9871     0.9870  0.0129     0.0130     0.3679         0.3733
    129   3.17    23.64  0.9868     0.9866  0.0132     0.0134     0.3667         0.3706
    130   3.18    23.16  0.9876     0.9877  0.0124     0.0123     0.3765         0.3791
    131   3.18    23.04  0.9872     0.9869  0.0128     0.0131     0.3808         0.3856
    132   3.18    22.81  0.9875     0.9869  0.0125     0.0131     0.3728         0.3775
    133   3.19    22.99  0.9869     0.9878  0.0131     0.0122     0.3796         0.3820
    134   3.18    22.83  0.9869     0.9867  0.0131     0.0133     0.3688         0.3729
    135   3.18    22.73  0.9867     0.9866  0.0133     0.0134     0.3607         0.3647
    136   3.17    23.11  0.9849     0.9850  0.0151     0.0150     0.3547         0.3591
    137   3.17    23.08  0.9862     0.9860  0.0138     0.0140     0.3520         0.3573
    138   3.18    24.13  0.9867     0.9869  0.0133     0.0131     0.3428         0.3470
    139   3.17    22.36  0.9867     0.9865  0.0133     0.0135     0.3676         0.3728
    140   3.17    23.04  0.9860     0.9868  0.0140     0.0132     0.3659         0.3697
    141   3.17    23.19  0.9867     0.9862  0.0133     0.0138     0.3887         0.3933
    142   3.17    22.58  0.9862     0.9863  0.0138     0.0137     0.3864         0.3921
    143   3.17    22.92  0.9863     0.9862  0.0137     0.0138     0.3957         0.4006
    144   3.17    22.44  0.9867     0.9868  0.0133     0.0132     0.4121         0.4169
    145   3.17    22.00  0.9868     0.9870  0.0132     0.0130     0.4142         0.4212
    146   3.17    23.46  0.9869     0.9872  0.0131     0.0128     0.4070         0.4128
    147   3.18    22.13  0.9867     0.9870  0.0133     0.0130     0.4252         0.4296
    148   3.17    23.67  0.9860     0.9864  0.0140     0.0136     0.4217         0.4274
    149   3.17    22.74  0.9869     0.9872  0.0131     0.0128     0.4521         0.4566
    150   3.17    22.27  0.9873     0.9875  0.0127     0.0125     0.4133         0.4197
    151   3.18    21.98  0.9869     0.9872  0.0131     0.0128     0.4296         0.4351
    152   3.17    22.03  0.9862     0.9866  0.0138     0.0134     0.4251         0.4304
    153   3.18    23.99  0.9873     0.9880  0.0127     0.0120     0.3857         0.3899
    154   3.18    21.98  0.9868     0.9868  0.0132     0.0132     0.4333         0.4409
    155   3.18    22.31  0.9875     0.9872  0.0125     0.0128     0.4175         0.4207
    156   3.18    21.87  0.9871     0.9877  0.0129     0.0123     0.4152         0.4186
    157   3.18    21.76  0.9874     0.9874  0.0126     0.0126     0.4446         0.4483
    158   3.18    22.21  0.9875     0.9875  0.0125     0.0125     0.3962         0.4035
    159   3.18    22.29  0.9868     0.9873  0.0132     0.0127     0.4000         0.4033
    160   3.18    21.66  0.9876     0.9877  0.0124     0.0123     0.4121         0.4176
    161   3.18    21.67  0.9871     0.9870  0.0129     0.0130     0.4355         0.4400
    162   3.18    21.48  0.9872     0.9878  0.0128     0.0122     0.4537         0.4589
    163   3.18    21.86  0.9871     0.9874  0.0129     0.0126     0.4330         0.4350
    164   3.18    23.96  0.9872     0.9869  0.0128     0.0131     0.4108         0.4150
    165   3.17    21.91  0.9871     0.9867  0.0129     0.0133     0.4371         0.4420
    166   3.18    22.45  0.9869     0.9874  0.0131     0.0126     0.4335         0.4383
    167   3.18    23.92  0.9870     0.9873  0.0130     0.0127     0.4135         0.4166
    168   3.18    21.73  0.9872     0.9873  0.0128     0.0127     0.4273         0.4322
    169   3.17    22.21  0.9868     0.9871  0.0132     0.0129     0.4180         0.4239
    170   3.18    21.71  0.9872     0.9865  0.0128     0.0135     0.4220         0.4262
    171   3.17    21.13  0.9864     0.9868  0.0136     0.0132     0.4604         0.4660
    172   3.18    21.30  0.9863     0.9868  0.0137     0.0132     0.4501         0.4556
    173   3.18    23.02  0.9864     0.9865  0.0136     0.0135     0.4493         0.4500
    174   3.18    22.30  0.9873     0.9876  0.0127     0.0124     0.4375         0.4415
    175   3.16    21.46  0.9867     0.9866  0.0133     0.0134     0.4601         0.4636
    176   3.17    21.38  0.9864     0.9869  0.0136     0.0131     0.4686         0.4731
    177   3.17    21.33  0.9863     0.9869  0.0137     0.0131     0.4580         0.4606
    178   3.17    21.08  0.9867     0.9875  0.0133     0.0125     0.4715         0.4780
    179   3.17    21.44  0.9860     0.9864  0.0140     0.0136     0.4690         0.4729
    180   3.17    22.22  0.9871     0.9867  0.0129     0.0133     0.4469         0.4514
    181   3.17    21.66  0.9865     0.9872  0.0135     0.0128     0.4479         0.4545
    182   3.17    21.53  0.9865     0.9868  0.0135     0.0132     0.4625         0.4666
    183   3.17    20.85  0.9868     0.9867  0.0132     0.0133     0.4708         0.4753
    184   3.17    21.13  0.9866     0.9871  0.0134     0.0129     0.4507         0.4537
    185   3.18    22.32  0.9865     0.9871  0.0135     0.0129     0.4396         0.4438
    186   3.17    20.90  0.9866     0.9864  0.0134     0.0136     0.4581         0.4628
    187   3.18    20.87  0.9871     0.9866  0.0129     0.0134     0.4558         0.4591
    188   3.18    21.36  0.9870     0.9867  0.0130     0.0133     0.4559         0.4612
    189   3.18    21.08  0.9870     0.9867  0.0130     0.0133     0.4439         0.4486
    190   3.16    21.55  0.9871     0.9867  0.0129     0.0133     0.4384         0.4432
    191   3.17    21.42  0.9866     0.9869  0.0134     0.0131     0.4360         0.4409
    192   3.16    20.70  0.9869     0.9869  0.0131     0.0131     0.4705         0.4761
    193   3.16    21.79  0.9866     0.9869  0.0134     0.0131     0.4430         0.4502
    194   3.17    20.81  0.9869     0.9869  0.0131     0.0131     0.4635         0.4709
    195   3.16    20.61  0.9864     0.9870  0.0136     0.0130     0.4724         0.4784
    196   3.17    21.09  0.9864     0.9868  0.0136     0.0132     0.4787         0.4855
    197   3.18    20.79  0.9863     0.9870  0.0137     0.0130     0.4694         0.4765
    198   3.18    22.18  0.9870     0.9865  0.0130     0.0135     0.4629         0.4677
    199   3.17    20.90  0.9867     0.9866  0.0133     0.0134     0.4686         0.4749
    200   3.17    20.76  0.9863     0.9869  0.0137     0.0131     0.4759         0.4809
    201   3.17    20.77  0.9869     0.9867  0.0131     0.0133     0.4609         0.4638
    202   3.18    21.13  0.9873     0.9866  0.0127     0.0134     0.4619         0.4663
    203   3.16    20.58  0.9865     0.9866  0.0135     0.0134     0.4665         0.4723
    204   3.16    20.36  0.9861     0.9867  0.0139     0.0133     0.4772         0.4837
    205   3.17    20.63  0.9864     0.9869  0.0136     0.0131     0.4529         0.4597
    206   3.17    21.29  0.9863     0.9865  0.0137     0.0135     0.4530         0.4587
    207   3.16    20.70  0.9862     0.9867  0.0138     0.0133     0.4550         0.4599
    208   3.17    21.09  0.9862     0.9863  0.0138     0.0137     0.4610         0.4672
    209   3.16    20.64  0.9864     0.9866  0.0136     0.0134     0.4568         0.4637
    210   3.17    21.01  0.9868     0.9866  0.0132     0.0134     0.4566         0.4612
    211   3.18    20.76  0.9877     0.9867  0.0123     0.0133     0.4568         0.4635
    212   3.17    20.61  0.9871     0.9869  0.0129     0.0131     0.4625         0.4684
    213   3.18    20.76  0.9866     0.9874  0.0134     0.0126     0.4516         0.4584
    214   3.17    20.79  0.9873     0.9871  0.0127     0.0129     0.4607         0.4663
    215   3.18    24.48  0.9866     0.9869  0.0134     0.0131     0.4251         0.4272
    216   3.17    20.84  0.9865     0.9869  0.0135     0.0131     0.4638         0.4675
    217   3.16    20.59  0.9861     0.9867  0.0139     0.0133     0.4676         0.4755
    218   3.18    20.41  0.9865     0.9867  0.0135     0.0133     0.4590         0.4668
    219   3.17    20.62  0.9863     0.9865  0.0137     0.0135     0.4672         0.4727
    220   3.18    20.75  0.9869     0.9866  0.0131     0.0134     0.4489         0.4550
    221   3.17    20.84  0.9860     0.9864  0.0140     0.0136     0.4509         0.4567
    222   3.17    20.82  0.9861     0.9865  0.0139     0.0135     0.4466         0.4516
    223   3.17    20.98  0.9862     0.9862  0.0138     0.0138     0.4551         0.4610
    224   3.17    20.36  0.9860     0.9870  0.0140     0.0130     0.4480         0.4567
    225   3.18    21.69  0.9869     0.9868  0.0131     0.0132     0.4361         0.4393
    226   3.18    20.41  0.9869     0.9868  0.0131     0.0132     0.4553         0.4619
    227   3.17    20.40  0.9867     0.9870  0.0133     0.0130     0.4519         0.4588
    228   3.18    20.62  0.9865     0.9868  0.0135     0.0132     0.4473         0.4525
    229   3.18    20.38  0.9875     0.9866  0.0125     0.0134     0.4418         0.4460
    230   3.18    20.23  0.9871     0.9869  0.0129     0.0131     0.4626         0.4689
    231   3.18    20.47  0.9865     0.9865  0.0135     0.0135     0.4563         0.4621
    232   3.17    20.49  0.9861     0.9871  0.0139     0.0129     0.4471         0.4539
    233   3.17    20.23  0.9866     0.9872  0.0134     0.0128     0.4592         0.4650
    234   3.17    20.50  0.9863     0.9869  0.0137     0.0131     0.4527         0.4581
    235   3.17    20.81  0.9869     0.9869  0.0131     0.0131     0.4517         0.4589
    236   3.17    20.33  0.9866     0.9866  0.0134     0.0134     0.4495         0.4558
    237   3.17    20.20  0.9863     0.9866  0.0137     0.0134     0.4643         0.4717
    238   3.18    20.46  0.9868     0.9870  0.0132     0.0130     0.4462         0.4527
    239   3.16    20.67  0.9863     0.9865  0.0137     0.0135     0.4589         0.4649
    240   3.17    20.34  0.9862     0.9867  0.0138     0.0133     0.4672         0.4742
    241   3.16    20.27  0.9865     0.9874  0.0135     0.0126     0.4623         0.4681
    242   3.17    20.41  0.9871     0.9864  0.0129     0.0136     0.4812         0.4872
    243   3.17    20.11  0.9871     0.9865  0.0129     0.0135     0.4830         0.4903
    244   3.17    20.14  0.9866     0.9862  0.0134     0.0138     0.4813         0.4876
    245   3.16    20.52  0.9862     0.9866  0.0138     0.0134     0.4775         0.4826
    246   3.17    20.19  0.9866     0.9868  0.0134     0.0132     0.4792         0.4858
    247   3.17    20.26  0.9866     0.9867  0.0134     0.0133     0.4781         0.4843
    248   3.17    20.43  0.9855     0.9870  0.0145     0.0130     0.4736         0.4809
    249   3.17    20.21  0.9864     0.9873  0.0136     0.0127     0.4772         0.4816
    250   3.17    20.30  0.9869     0.9871  0.0131     0.0129     0.4796         0.4866
    251   3.17    19.96  0.9868     0.9870  0.0132     0.0130     0.4989         0.5030
    252   3.17    20.44  0.9868     0.9872  0.0132     0.0128     0.4795         0.4844
    253   3.17    21.14  0.9870     0.9868  0.0130     0.0132     0.4655         0.4726
    254   3.18    20.43  0.9866     0.9868  0.0134     0.0132     0.4750         0.4799
    255   3.17    20.26  0.9872     0.9872  0.0128     0.0128     0.4842         0.4893
    256   3.17    20.49  0.9860     0.9865  0.0140     0.0135     0.4650         0.4718
    257   3.17    20.30  0.9863     0.9864  0.0137     0.0136     0.4631         0.4711
    258   3.18    20.60  0.9868     0.9864  0.0132     0.0136     0.4686         0.4744
    259   3.17    20.21  0.9860     0.9865  0.0140     0.0135     0.4767         0.4821
    260   3.17    20.71  0.9868     0.9867  0.0132     0.0133     0.4623         0.4687
    261   3.18    20.01  0.9865     0.9867  0.0135     0.0133     0.4677         0.4753
    262   3.17    20.19  0.9862     0.9870  0.0138     0.0130     0.4765         0.4858
    263   3.17    20.48  0.9867     0.9867  0.0133     0.0133     0.4623         0.4685
    264   3.17    20.41  0.9859     0.9869  0.0141     0.0131     0.4625         0.4704
    265   3.18    20.35  0.9869     0.9868  0.0131     0.0132     0.4576         0.4634
    266   3.17    20.38  0.9869     0.9869  0.0131     0.0131     0.4641         0.4722
    267   3.17    20.13  0.9864     0.9862  0.0136     0.0138     0.4682         0.4743
    268   3.17    20.35  0.9862     0.9867  0.0138     0.0133     0.4671         0.4737
    269   3.17    20.12  0.9870     0.9866  0.0130     0.0134     0.4723         0.4770
    270   3.17    20.22  0.9870     0.9869  0.0130     0.0131     0.4685         0.4765
    271   3.16    20.24  0.9862     0.9871  0.0138     0.0129     0.4734         0.4798
    272   3.17    20.44  0.9871     0.9869  0.0129     0.0131     0.4726         0.4834
    273   3.17    20.34  0.9872     0.9870  0.0128     0.0130     0.4754         0.4803
    274   3.17    20.31  0.9866     0.9865  0.0134     0.0135     0.4681         0.4756
    275   3.18    20.25  0.9862     0.9869  0.0138     0.0131     0.4784         0.4840
    276   3.17    20.03  0.9869     0.9870  0.0131     0.0130     0.4823         0.4895
    277   3.17    20.41  0.9871     0.9867  0.0129     0.0133     0.4835         0.4918
    278   3.17    20.08  0.9866     0.9865  0.0134     0.0135     0.4736         0.4836
    279   3.18    19.88  0.9869     0.9865  0.0131     0.0135     0.4871         0.4965
    280   3.17    20.09  0.9868     0.9864  0.0132     0.0136     0.4893         0.4969
    281   3.17    20.22  0.9870     0.9867  0.0130     0.0133     0.4809         0.4901
    282   3.16    20.59  0.9871     0.9871  0.0129     0.0129     0.4759         0.4834
    283   3.17    20.21  0.9865     0.9864  0.0135     0.0136     0.4777         0.4856
    284   3.16    20.08  0.9867     0.9869  0.0133     0.0131     0.4774         0.4853
    285   3.17    20.17  0.9865     0.9867  0.0135     0.0133     0.4707         0.4777
    286   3.17    20.00  0.9871     0.9866  0.0129     0.0134     0.4784         0.4875
    287   3.18    19.94  0.9869     0.9868  0.0131     0.0132     0.4915         0.4990
    288   3.18    20.07  0.9870     0.9873  0.0130     0.0127     0.4784         0.4859
    289   3.17    19.83  0.9869     0.9874  0.0131     0.0126     0.4892         0.4970
    290   3.16    19.85  0.9867     0.9871  0.0133     0.0129     0.4942         0.5029
    291   3.18    19.99  0.9869     0.9867  0.0131     0.0133     0.4849         0.4913
    292   3.17    20.11  0.9871     0.9867  0.0129     0.0133     0.4822         0.4915
    293   3.17    19.98  0.9865     0.9869  0.0135     0.0131     0.4865         0.4963
    294   3.18    20.79  0.9869     0.9868  0.0131     0.0132     0.4626         0.4710
    295   3.18    20.16  0.9867     0.9871  0.0133     0.0129     0.4782         0.4874
    296   3.17    20.21  0.9862     0.9866  0.0138     0.0134     0.4818         0.4881
    297   3.17    19.95  0.9868     0.9865  0.0132     0.0135     0.4901         0.4991
    298   3.18    19.97  0.9870     0.9865  0.0130     0.0135     0.4882         0.4945
    299   3.17    19.97  0.9869     0.9868  0.0131     0.0132     0.4870         0.4968
    300   3.17    20.45  0.9867     0.9869  0.0133     0.0131     0.4831         0.4903
The log/output/model have been saved to: ./logs/train.py-multi_zetas300_False_False_True_0.0001_0.0001_0.0001-fvm-04-23-16:28 + .csv/.out/.cpt
