  epoch    IZY    IXZ_1    IZ_1Z_2     acc    avg_acc     err    avg_err    adv_acc    avg_adv_acc
-------  -----  -------  ---------  ------  ---------  ------  ---------  ---------  -------------
      1   3.14   679.49     349.38  0.9615     0.9618  0.0385     0.0382     0.0181         0.0182
      2   3.14   551.09     277.48  0.9603     0.9605  0.0397     0.0395     0.0202         0.0202
      3   3.21   496.10     233.83  0.9760     0.9767  0.0240     0.0233     0.0148         0.0150
      4   3.19   421.17     211.43  0.9709     0.9709  0.0291     0.0291     0.0199         0.0204
      5   3.21   443.99     222.20  0.9732     0.9741  0.0268     0.0259     0.0200         0.0200
      6   3.21   364.76     186.45  0.9762     0.9768  0.0238     0.0232     0.0260         0.0279
      7   3.20   334.95     179.98  0.9753     0.9758  0.0247     0.0242     0.0395         0.0425
      8   3.22   296.13     169.32  0.9788     0.9781  0.0212     0.0219     0.0479         0.0558
      9   3.21   331.18     175.74  0.9774     0.9773  0.0226     0.0227     0.0402         0.0439
     10   3.18   299.91     163.49  0.9729     0.9741  0.0271     0.0259     0.0549         0.0608
     11   3.19   235.73     150.12  0.9780     0.9786  0.0220     0.0214     0.0799         0.0975
     12   3.22   265.44     150.40  0.9814     0.9814  0.0186     0.0186     0.0781         0.0967
     13   3.19   281.87     157.07  0.9763     0.9760  0.0237     0.0240     0.0508         0.0612
     14   3.22   250.54     141.20  0.9830     0.9825  0.0170     0.0175     0.0632         0.0752
     15   3.22   229.21     144.23  0.9815     0.9813  0.0185     0.0187     0.0918         0.1137
     16   3.21   223.39     140.41  0.9810     0.9810  0.0190     0.0190     0.0634         0.0819
     17   3.22   204.31     128.13  0.9827     0.9829  0.0173     0.0171     0.0771         0.0981
     18   3.20   235.82     135.45  0.9791     0.9788  0.0209     0.0212     0.0808         0.0939
     19   3.23   195.21     124.16  0.9845     0.9847  0.0155     0.0153     0.0921         0.1120
     20   3.19   212.85     126.02  0.9782     0.9784  0.0218     0.0216     0.0639         0.0776
     21   3.22   209.67     123.52  0.9827     0.9833  0.0173     0.0167     0.0761         0.0910
     22   3.19   198.18     127.75  0.9801     0.9804  0.0199     0.0196     0.0946         0.1156
     23   3.21   181.00     117.18  0.9814     0.9823  0.0186     0.0177     0.1030         0.1294
     24   3.20   214.84     122.18  0.9785     0.9785  0.0215     0.0215     0.0546         0.0635
     25   3.20   176.86     109.75  0.9813     0.9815  0.0187     0.0185     0.0813         0.0989
     26   3.21   174.16     108.05  0.9819     0.9823  0.0181     0.0177     0.0997         0.1242
     27   3.21   167.11     108.77  0.9827     0.9828  0.0173     0.0172     0.1170         0.1465
     28   3.21   157.01     105.70  0.9832     0.9836  0.0168     0.0164     0.1157         0.1425
     29   3.21   156.14     102.38  0.9829     0.9829  0.0171     0.0171     0.1068         0.1288
     30   3.21   162.54     101.13  0.9824     0.9827  0.0176     0.0173     0.1144         0.1326
     31   3.19   159.53     105.91  0.9809     0.9809  0.0191     0.0191     0.1432         0.1723
     32   3.21   171.55      97.57  0.9826     0.9826  0.0174     0.0174     0.1204         0.1416
     33   3.22   135.93      93.36  0.9856     0.9861  0.0144     0.0139     0.1438         0.1690
     34   3.22   157.34      93.14  0.9852     0.9852  0.0148     0.0148     0.1162         0.1380
     35   3.22   130.39      88.80  0.9853     0.9852  0.0147     0.0148     0.1426         0.1696
     36   3.22   122.27      86.31  0.9858     0.9858  0.0142     0.0142     0.1770         0.2099
     37   3.20   157.02      95.21  0.9801     0.9800  0.0199     0.0200     0.1130         0.1353
     38   3.22   144.88      90.99  0.9844     0.9838  0.0156     0.0162     0.1297         0.1580
     39   3.21   147.31      86.47  0.9842     0.9837  0.0158     0.0163     0.1308         0.1511
     40   3.19   236.42     126.27  0.9793     0.9788  0.0207     0.0212     0.0876         0.0946
     41   3.22   129.79      86.30  0.9847     0.9848  0.0153     0.0152     0.1802         0.2082
     42   3.22   123.44      88.46  0.9849     0.9848  0.0151     0.0152     0.1823         0.2180
     43   3.18   166.85      96.42  0.9794     0.9796  0.0206     0.0204     0.1051         0.1147
     44   3.21   146.81      86.69  0.9831     0.9836  0.0169     0.0164     0.1613         0.1809
     45   3.22   126.00      80.70  0.9853     0.9857  0.0147     0.0143     0.1926         0.2182
     46   3.22   109.84      75.52  0.9854     0.9851  0.0146     0.0149     0.2063         0.2346
     47   3.18   159.89     103.96  0.9782     0.9782  0.0218     0.0218     0.1516         0.1685
     48   3.19   133.63      86.60  0.9814     0.9815  0.0186     0.0185     0.1891         0.2128
     49   3.22   107.10      75.69  0.9850     0.9854  0.0150     0.0146     0.2379         0.2682
     50   3.21   153.95      84.00  0.9836     0.9833  0.0164     0.0167     0.1547         0.1679
     51   3.19   138.31      84.36  0.9811     0.9819  0.0189     0.0181     0.1634         0.1837
     52   3.22   105.50      76.07  0.9863     0.9863  0.0137     0.0137     0.2183         0.2446
     53   3.22   101.38      74.00  0.9862     0.9864  0.0138     0.0136     0.2346         0.2589
     54   3.20   132.57      82.50  0.9841     0.9842  0.0159     0.0158     0.2002         0.2244
     55   3.20   143.96      83.09  0.9834     0.9837  0.0166     0.0163     0.1618         0.1806
     56   3.21   111.89      76.59  0.9854     0.9852  0.0146     0.0148     0.2379         0.2670
     57   3.22   106.42      72.26  0.9860     0.9859  0.0140     0.0141     0.2510         0.2790
     58   3.19   134.93      74.46  0.9820     0.9823  0.0180     0.0177     0.1880         0.2067
     59   3.22   110.87      72.10  0.9853     0.9854  0.0147     0.0146     0.2433         0.2715
     60   3.22   116.30      73.34  0.9853     0.9853  0.0147     0.0147     0.2289         0.2496
     61   3.22    96.35      70.68  0.9874     0.9873  0.0126     0.0127     0.2548         0.2846
     62   3.22    98.98      69.11  0.9868     0.9864  0.0132     0.0136     0.2487         0.2734
     63   3.20   122.43      72.64  0.9838     0.9830  0.0162     0.0170     0.2286         0.2535
     64   3.22   111.88      73.04  0.9858     0.9858  0.0142     0.0142     0.2044         0.2230
     65   3.22   127.12      76.16  0.9862     0.9859  0.0138     0.0141     0.1934         0.2083
     66   3.22    90.25      70.23  0.9867     0.9867  0.0133     0.0133     0.2699         0.3019
     67   3.23    85.20      65.90  0.9872     0.9874  0.0128     0.0126     0.2918         0.3239
     68   3.21   120.91      72.56  0.9833     0.9831  0.0167     0.0169     0.1841         0.2035
     69   3.22   100.08      70.34  0.9863     0.9860  0.0137     0.0140     0.2702         0.3048
     70   3.22    89.84      67.08  0.9862     0.9862  0.0138     0.0138     0.2931         0.3236
     71   3.22    86.40      66.47  0.9865     0.9865  0.0135     0.0135     0.2872         0.3221
     72   3.21   117.96      65.82  0.9836     0.9832  0.0164     0.0168     0.2296         0.2529
     73   3.21    95.03      67.06  0.9848     0.9849  0.0152     0.0151     0.2784         0.3147
     74   3.21    97.50      66.98  0.9854     0.9854  0.0146     0.0146     0.2729         0.3053
     75   3.20   103.72      70.48  0.9841     0.9841  0.0159     0.0159     0.2740         0.2961
     76   3.21    85.52      65.73  0.9855     0.9857  0.0145     0.0143     0.3280         0.3639
     77   3.21    85.03      64.96  0.9870     0.9869  0.0130     0.0131     0.3180         0.3449
     78   3.20    97.85      64.70  0.9837     0.9838  0.0163     0.0162     0.2948         0.3121
     79   3.19   113.58      72.69  0.9805     0.9807  0.0195     0.0193     0.2537         0.2751
     80   3.21    88.69      64.89  0.9856     0.9854  0.0144     0.0146     0.3062         0.3470
     81   3.21    85.84      64.02  0.9859     0.9863  0.0141     0.0137     0.3228         0.3625
     82   3.20    92.02      63.41  0.9852     0.9856  0.0148     0.0144     0.3010         0.3388
     83   3.21    77.69      62.38  0.9860     0.9860  0.0140     0.0140     0.3491         0.3882
     84   3.21    79.82      63.63  0.9866     0.9869  0.0134     0.0131     0.3462         0.3791
     85   3.21    73.40      60.67  0.9863     0.9861  0.0137     0.0139     0.3519         0.3889
     86   3.21    73.05      62.14  0.9862     0.9865  0.0138     0.0135     0.3514         0.3991
     87   3.21   103.80      67.38  0.9867     0.9865  0.0133     0.0135     0.2451         0.2760
     88   3.21    85.86      62.65  0.9867     0.9866  0.0133     0.0134     0.2856         0.3203
     89   3.21    77.40      62.11  0.9860     0.9861  0.0140     0.0139     0.3191         0.3610
     90   3.21    72.82      59.58  0.9869     0.9866  0.0131     0.0134     0.3427         0.3858
     91   3.21    70.44      59.68  0.9869     0.9866  0.0131     0.0134     0.3430         0.3835
     92   3.20    85.11      63.53  0.9852     0.9853  0.0148     0.0147     0.2789         0.3204
     93   3.20    84.36      62.51  0.9860     0.9861  0.0140     0.0139     0.3136         0.3511
     94   3.20    87.04      61.74  0.9854     0.9858  0.0146     0.0142     0.2979         0.3342
     95   3.21    72.37      60.00  0.9863     0.9862  0.0137     0.0138     0.3464         0.3927
     96   3.21    68.49      59.83  0.9869     0.9868  0.0131     0.0132     0.3443         0.3953
     97   3.21    68.81      58.30  0.9870     0.9877  0.0130     0.0123     0.3574         0.3995
     98   3.21    81.30      60.68  0.9869     0.9863  0.0131     0.0137     0.3079         0.3587
     99   3.21    72.28      61.08  0.9870     0.9867  0.0130     0.0133     0.3343         0.3824
    100   3.21    69.95      59.81  0.9866     0.9865  0.0134     0.0135     0.3504         0.4031
    101   3.21    64.21      58.66  0.9862     0.9865  0.0138     0.0135     0.3636         0.4207
    102   3.21    77.44      61.05  0.9865     0.9865  0.0135     0.0135     0.3138         0.3671
    103   3.21    86.42      60.31  0.9868     0.9866  0.0132     0.0134     0.2816         0.3271
    104   3.21    74.24      59.29  0.9867     0.9869  0.0133     0.0131     0.3240         0.3747
    105   3.21    68.57      57.98  0.9869     0.9873  0.0131     0.0127     0.3459         0.3938
    106   3.21    68.70      57.07  0.9872     0.9873  0.0128     0.0127     0.3517         0.3973
    107   3.20    63.46      56.94  0.9868     0.9868  0.0132     0.0132     0.3678         0.4258
    108   3.21    63.84      56.88  0.9864     0.9865  0.0136     0.0135     0.3723         0.4263
    109   3.21    64.75      55.55  0.9862     0.9864  0.0138     0.0136     0.3714         0.4208
    110   3.20    61.14      56.34  0.9867     0.9869  0.0133     0.0131     0.3753         0.4414
    111   3.21    60.10      54.53  0.9864     0.9863  0.0136     0.0137     0.3819         0.4433
    112   3.18    76.51      60.04  0.9841     0.9843  0.0159     0.0157     0.3149         0.3700
    113   3.20    62.73      56.86  0.9870     0.9868  0.0130     0.0132     0.3558         0.4187
    114   3.20    62.58      55.97  0.9870     0.9871  0.0130     0.0129     0.3625         0.4259
    115   3.21    73.81      56.93  0.9874     0.9869  0.0126     0.0131     0.3383         0.3866
    116   3.20    67.46      56.85  0.9867     0.9868  0.0133     0.0132     0.3388         0.3981
    117   3.21    60.05      55.91  0.9871     0.9871  0.0129     0.0129     0.3646         0.4351
    118   3.20    57.19      54.71  0.9871     0.9871  0.0129     0.0129     0.3798         0.4512
    119   3.20    61.35      54.45  0.9872     0.9877  0.0128     0.0123     0.3848         0.4424
    120   3.20    57.96      54.00  0.9867     0.9867  0.0133     0.0133     0.3875         0.4612
    121   3.19    67.34      56.28  0.9867     0.9866  0.0133     0.0134     0.3908         0.4385
    122   3.20    60.67      55.10  0.9867     0.9874  0.0133     0.0126     0.3622         0.4295
    123   3.16    59.12      57.65  0.9830     0.9828  0.0170     0.0172     0.3660         0.4415
    124   3.20    62.09      54.13  0.9859     0.9867  0.0141     0.0133     0.3688         0.4403
    125   3.21    57.78      54.59  0.9876     0.9878  0.0124     0.0122     0.3777         0.4554
    126   3.21    60.80      57.49  0.9865     0.9870  0.0135     0.0130     0.3686         0.4454
    127   3.21    54.73      54.53  0.9875     0.9873  0.0125     0.0127     0.3871         0.4700
    128   3.21    56.78      55.63  0.9879     0.9879  0.0121     0.0121     0.3784         0.4538
    129   3.21    56.47      53.05  0.9881     0.9880  0.0119     0.0120     0.3997         0.4732
    130   3.20    56.97      53.86  0.9869     0.9877  0.0131     0.0123     0.3844         0.4564
    131   3.21    55.56      52.95  0.9872     0.9872  0.0128     0.0128     0.4002         0.4778
    132   3.21    52.22      53.22  0.9869     0.9871  0.0131     0.0129     0.3930         0.4751
    133   3.19    63.61      53.70  0.9856     0.9859  0.0144     0.0141     0.3879         0.4641
    134   3.20    61.97      53.67  0.9870     0.9871  0.0130     0.0129     0.3941         0.4621
    135   3.20    53.92      52.77  0.9865     0.9867  0.0135     0.0133     0.4054         0.4867
    136   3.19    51.70      53.00  0.9869     0.9870  0.0131     0.0130     0.4018         0.4869
    137   3.19    68.12      56.90  0.9861     0.9866  0.0139     0.0134     0.3983         0.4737
    138   3.19    66.68      54.95  0.9868     0.9867  0.0132     0.0133     0.3987         0.4673
    139   3.20    56.17      53.24  0.9872     0.9872  0.0128     0.0128     0.4010         0.4873
    140   3.20    53.65      52.28  0.9871     0.9873  0.0129     0.0127     0.3984         0.4815
    141   3.20    53.52      52.47  0.9872     0.9869  0.0128     0.0131     0.4122         0.4977
    142   3.20    51.08      52.07  0.9869     0.9872  0.0131     0.0128     0.3970         0.4936
    143   3.19    56.47      53.02  0.9864     0.9866  0.0136     0.0134     0.3842         0.4730
    144   3.19    81.87      57.89  0.9865     0.9869  0.0135     0.0131     0.3692         0.4014
    145   3.20    58.16      52.23  0.9869     0.9875  0.0131     0.0125     0.3753         0.4656
    146   3.19    52.11      52.59  0.9870     0.9874  0.0130     0.0126     0.3948         0.4897
    147   3.19    54.37      52.56  0.9872     0.9870  0.0128     0.0130     0.4074         0.4914
    148   3.20    53.76      50.81  0.9872     0.9875  0.0128     0.0125     0.4015         0.4836
    149   3.19    52.14      51.32  0.9870     0.9874  0.0130     0.0126     0.3868         0.4857
    150   3.20    50.90      51.88  0.9876     0.9875  0.0124     0.0125     0.3968         0.4878
    151   3.20    48.16      51.19  0.9883     0.9879  0.0117     0.0121     0.4063         0.5073
    152   3.20    49.50      50.54  0.9874     0.9876  0.0126     0.0124     0.3997         0.4991
    153   3.19    50.85      52.08  0.9869     0.9867  0.0131     0.0133     0.4038         0.5065
    154   3.18    49.50      51.51  0.9855     0.9852  0.0145     0.0148     0.4043         0.5113
    155   3.19    49.34      51.48  0.9862     0.9865  0.0138     0.0135     0.4013         0.5042
    156   3.19    48.94      51.30  0.9862     0.9867  0.0138     0.0133     0.4042         0.5045
    157   3.19    67.38      53.14  0.9868     0.9867  0.0132     0.0133     0.4027         0.4606
    158   3.19    49.46      50.46  0.9866     0.9867  0.0134     0.0133     0.4114         0.5084
    159   3.20    49.76      50.18  0.9876     0.9877  0.0124     0.0123     0.3981         0.4925
    160   3.20    48.32      49.92  0.9871     0.9872  0.0129     0.0128     0.4003         0.5014
    161   3.19    47.89      50.68  0.9870     0.9870  0.0130     0.0130     0.4075         0.5131
    162   3.19    47.29      49.47  0.9876     0.9871  0.0124     0.0129     0.4152         0.5234
    163   3.19    53.76      51.29  0.9864     0.9865  0.0136     0.0135     0.4042         0.4900
    164   3.19    47.30      50.37  0.9866     0.9865  0.0134     0.0135     0.4064         0.5140
    165   3.19    60.89      52.71  0.9866     0.9869  0.0134     0.0131     0.3888         0.4570
    166   3.20    49.42      50.18  0.9870     0.9869  0.0130     0.0131     0.4051         0.5092
    167   3.20    47.91      49.91  0.9881     0.9881  0.0119     0.0119     0.4200         0.5172
    168   3.19    56.44      50.80  0.9861     0.9861  0.0139     0.0139     0.4217         0.4972
    169   3.20    50.95      49.69  0.9874     0.9872  0.0126     0.0128     0.4186         0.5073
    170   3.20    46.88      49.43  0.9869     0.9873  0.0131     0.0127     0.4204         0.5285
    171   3.19    49.00      49.78  0.9870     0.9873  0.0130     0.0127     0.4090         0.5121
    172   3.19    48.68      49.42  0.9861     0.9870  0.0139     0.0130     0.4130         0.5230
    173   3.19    54.46      51.61  0.9871     0.9874  0.0129     0.0126     0.4164         0.5077
    174   3.20    49.53      50.88  0.9870     0.9870  0.0130     0.0130     0.4182         0.5166
    175   3.19    46.70      49.47  0.9870     0.9871  0.0130     0.0129     0.4164         0.5253
    176   3.20    65.03      53.06  0.9871     0.9873  0.0129     0.0127     0.4098         0.4663
    177   3.19    46.81      49.32  0.9870     0.9867  0.0130     0.0133     0.4172         0.5320
    178   3.20    47.08      49.13  0.9871     0.9874  0.0129     0.0126     0.4087         0.5194
    179   3.19    52.47      50.10  0.9866     0.9865  0.0134     0.0135     0.3962         0.4945
    180   3.20    46.56      49.17  0.9874     0.9875  0.0126     0.0125     0.4113         0.5236
    181   3.20    48.98      49.23  0.9873     0.9870  0.0127     0.0130     0.4223         0.5246
    182   3.19    45.94      48.85  0.9869     0.9872  0.0131     0.0128     0.4271         0.5383
    183   3.19    46.02      49.16  0.9869     0.9869  0.0131     0.0131     0.4216         0.5317
    184   3.20    50.06      48.90  0.9871     0.9872  0.0129     0.0128     0.4190         0.5211
    185   3.20    46.33      48.42  0.9873     0.9871  0.0127     0.0129     0.4278         0.5335
    186   3.20    47.21      48.36  0.9878     0.9874  0.0122     0.0126     0.4368         0.5383
    187   3.19    55.82      50.33  0.9869     0.9870  0.0131     0.0130     0.4161         0.5123
    188   3.20    45.84      48.84  0.9871     0.9875  0.0129     0.0125     0.4183         0.5290
    189   3.19    45.56      48.13  0.9871     0.9872  0.0129     0.0128     0.4170         0.5313
    190   3.19    45.94      47.95  0.9865     0.9869  0.0135     0.0131     0.4180         0.5256
    191   3.19    44.46      47.70  0.9873     0.9872  0.0127     0.0128     0.4184         0.5346
    192   3.20    46.18      48.04  0.9865     0.9872  0.0135     0.0128     0.4160         0.5332
    193   3.19    46.25      48.10  0.9858     0.9863  0.0142     0.0137     0.4224         0.5354
    194   3.20    45.88      47.97  0.9875     0.9877  0.0125     0.0123     0.4253         0.5260
    195   3.19    47.07      47.95  0.9875     0.9874  0.0125     0.0126     0.4281         0.5311
    196   3.19    44.70      47.88  0.9866     0.9872  0.0134     0.0128     0.4317         0.5505
    197   3.20    45.02      48.14  0.9865     0.9865  0.0135     0.0135     0.4225         0.5353
    198   3.19    46.05      48.09  0.9861     0.9863  0.0139     0.0137     0.4111         0.5269
    199   3.20    54.38      49.63  0.9874     0.9879  0.0126     0.0121     0.4302         0.5132
    200   3.20    45.09      48.30  0.9873     0.9874  0.0127     0.0126     0.4214         0.5333
    201   3.19    44.02      47.89  0.9867     0.9869  0.0133     0.0131     0.4255         0.5397
    202   3.19    45.17      48.03  0.9862     0.9862  0.0138     0.0138     0.4221         0.5336
    203   3.20    54.63      50.72  0.9873     0.9872  0.0127     0.0128     0.3975         0.4888
    204   3.20    56.44      50.38  0.9869     0.9870  0.0131     0.0130     0.4203         0.5060
    205   3.19    45.40      47.82  0.9873     0.9869  0.0127     0.0131     0.4182         0.5281
    206   3.20    44.43      48.07  0.9868     0.9869  0.0132     0.0131     0.4129         0.5274
    207   3.20    43.11      47.72  0.9872     0.9874  0.0128     0.0126     0.4132         0.5306
    208   3.19    45.14      47.71  0.9862     0.9870  0.0138     0.0130     0.4079         0.5239
    209   3.19    44.60      47.57  0.9874     0.9867  0.0126     0.0133     0.4044         0.5286
    210   3.19    44.10      47.78  0.9872     0.9872  0.0128     0.0128     0.4179         0.5339
    211   3.19    44.11      47.57  0.9861     0.9866  0.0139     0.0134     0.4152         0.5367
    212   3.19    49.62      49.09  0.9866     0.9867  0.0134     0.0133     0.4148         0.5180
    213   3.18    45.66      47.91  0.9865     0.9871  0.0135     0.0129     0.4154         0.5329
    214   3.19    46.00      47.64  0.9859     0.9863  0.0141     0.0137     0.4162         0.5285
    215   3.19    43.16      46.88  0.9868     0.9861  0.0132     0.0139     0.4199         0.5424
    216   3.20    44.16      47.00  0.9876     0.9878  0.0124     0.0122     0.4139         0.5349
    217   3.20    44.37      47.08  0.9874     0.9871  0.0126     0.0129     0.4200         0.5340
    218   3.19    45.27      47.36  0.9858     0.9861  0.0142     0.0139     0.4146         0.5198
    219   3.20    51.82      49.17  0.9870     0.9873  0.0130     0.0127     0.4402         0.5302
    220   3.19    43.74      47.35  0.9870     0.9872  0.0130     0.0128     0.4169         0.5463
    221   3.19    42.40      47.02  0.9872     0.9873  0.0128     0.0127     0.4133         0.5407
    222   3.20    46.23      47.15  0.9876     0.9872  0.0124     0.0128     0.4247         0.5381
    223   3.19    44.01      47.00  0.9874     0.9868  0.0126     0.0132     0.4107         0.5338
    224   3.19    45.80      47.54  0.9874     0.9877  0.0126     0.0123     0.4135         0.5277
    225   3.20    43.76      47.09  0.9874     0.9873  0.0126     0.0127     0.4036         0.5329
    226   3.19    45.07      47.07  0.9869     0.9870  0.0131     0.0130     0.4157         0.5334
    227   3.19    49.13      47.96  0.9875     0.9874  0.0125     0.0126     0.4162         0.5201
    228   3.19    43.64      46.77  0.9867     0.9868  0.0133     0.0132     0.4087         0.5321
    229   3.20    44.66      47.19  0.9873     0.9871  0.0127     0.0129     0.4147         0.5294
    230   3.19    44.28      47.35  0.9871     0.9873  0.0129     0.0127     0.4083         0.5257
    231   3.19    44.89      47.02  0.9870     0.9872  0.0130     0.0128     0.4103         0.5302
    232   3.19    42.38      46.75  0.9868     0.9868  0.0132     0.0132     0.4029         0.5324
    233   3.19    43.85      46.78  0.9870     0.9872  0.0130     0.0128     0.4197         0.5401
    234   3.19    42.94      46.89  0.9867     0.9863  0.0133     0.0137     0.4113         0.5302
    235   3.20    42.52      46.52  0.9865     0.9872  0.0135     0.0128     0.4124         0.5393
    236   3.19    42.38      46.19  0.9869     0.9869  0.0131     0.0131     0.4190         0.5503
    237   3.20    43.22      46.47  0.9875     0.9871  0.0125     0.0129     0.4207         0.5476
    238   3.20    44.03      46.55  0.9871     0.9873  0.0129     0.0127     0.4122         0.5398
    239   3.19    43.75      46.45  0.9864     0.9867  0.0136     0.0133     0.4158         0.5287
    240   3.20    42.07      46.67  0.9871     0.9869  0.0129     0.0131     0.4034         0.5316
    241   3.19    41.68      46.33  0.9873     0.9877  0.0127     0.0123     0.4088         0.5375
    242   3.19    44.17      46.38  0.9873     0.9871  0.0127     0.0129     0.4123         0.5355
    243   3.19    44.27      46.16  0.9867     0.9871  0.0133     0.0129     0.4255         0.5340
    244   3.19    43.76      46.22  0.9867     0.9870  0.0133     0.0130     0.4134         0.5403
    245   3.19    44.00      46.25  0.9870     0.9874  0.0130     0.0126     0.4144         0.5316
    246   3.19    41.70      46.19  0.9863     0.9867  0.0137     0.0133     0.4180         0.5475
    247   3.19    46.20      46.95  0.9874     0.9873  0.0126     0.0127     0.4196         0.5377
    248   3.19    43.46      46.38  0.9863     0.9868  0.0137     0.0132     0.4109         0.5256
    249   3.19    43.10      46.12  0.9870     0.9869  0.0130     0.0131     0.4072         0.5306
    250   3.19    42.85      46.37  0.9875     0.9869  0.0125     0.0131     0.4151         0.5389
    251   3.19    44.66      46.38  0.9871     0.9871  0.0129     0.0129     0.4168         0.5433
    252   3.20    44.43      46.43  0.9874     0.9874  0.0126     0.0126     0.4280         0.5429
    253   3.19    44.33      46.48  0.9865     0.9867  0.0135     0.0133     0.4203         0.5381
    254   3.20    42.74      46.35  0.9869     0.9870  0.0131     0.0130     0.4129         0.5341
    255   3.20    43.49      46.18  0.9874     0.9872  0.0126     0.0128     0.4228         0.5424
    256   3.19    42.63      46.21  0.9872     0.9876  0.0128     0.0124     0.4105         0.5453
    257   3.20    43.35      46.63  0.9866     0.9875  0.0134     0.0125     0.4155         0.5463
    258   3.19    41.31      46.27  0.9873     0.9868  0.0127     0.0132     0.4198         0.5469
    259   3.19    42.04      46.10  0.9870     0.9869  0.0130     0.0131     0.4308         0.5504
    260   3.19    42.57      45.84  0.9871     0.9871  0.0129     0.0129     0.4120         0.5335
    261   3.19    43.50      46.16  0.9874     0.9871  0.0126     0.0129     0.4189         0.5417
    262   3.19    43.73      46.21  0.9872     0.9877  0.0128     0.0123     0.4190         0.5489
    263   3.20    41.77      45.83  0.9873     0.9872  0.0127     0.0128     0.4087         0.5368
    264   3.19    41.78      45.84  0.9873     0.9875  0.0127     0.0125     0.4110         0.5397
    265   3.20    42.42      46.11  0.9864     0.9870  0.0136     0.0130     0.4093         0.5349
    266   3.19    45.26      46.48  0.9868     0.9871  0.0132     0.0129     0.4221         0.5338
    267   3.19    43.75      46.19  0.9863     0.9867  0.0137     0.0133     0.4103         0.5248
    268   3.19    42.76      46.26  0.9869     0.9867  0.0131     0.0133     0.3969         0.5248
    269   3.20    41.75      46.10  0.9876     0.9879  0.0124     0.0121     0.3973         0.5313
    270   3.20    41.40      45.69  0.9869     0.9870  0.0131     0.0130     0.4050         0.5379
    271   3.20    42.43      45.84  0.9877     0.9873  0.0123     0.0127     0.4095         0.5415
    272   3.19    42.44      46.22  0.9874     0.9876  0.0126     0.0124     0.4038         0.5352
    273   3.19    41.55      45.81  0.9877     0.9872  0.0123     0.0128     0.4100         0.5361
    274   3.19    42.74      45.78  0.9862     0.9866  0.0138     0.0134     0.4088         0.5418
    275   3.19    42.38      45.84  0.9869     0.9873  0.0131     0.0127     0.4072         0.5322
    276   3.20    41.35      45.61  0.9873     0.9872  0.0127     0.0128     0.4028         0.5354
    277   3.19    42.09      45.28  0.9862     0.9859  0.0138     0.0141     0.4034         0.5360
    278   3.19    42.40      45.72  0.9867     0.9867  0.0133     0.0133     0.4096         0.5360
    279   3.20    43.70      45.92  0.9875     0.9873  0.0125     0.0127     0.4129         0.5325
    280   3.19    42.94      45.76  0.9866     0.9871  0.0134     0.0129     0.4043         0.5245
    281   3.19    42.28      45.58  0.9873     0.9870  0.0127     0.0130     0.4139         0.5345
    282   3.19    41.90      45.71  0.9866     0.9869  0.0134     0.0131     0.4086         0.5367
    283   3.20    43.02      45.74  0.9874     0.9877  0.0126     0.0123     0.4135         0.5390
    284   3.20    41.91      45.57  0.9871     0.9865  0.0129     0.0135     0.4028         0.5296
    285   3.19    41.42      45.40  0.9872     0.9872  0.0128     0.0128     0.4085         0.5434
    286   3.19    42.37      45.73  0.9873     0.9870  0.0127     0.0130     0.4117         0.5342
    287   3.19    41.71      45.75  0.9877     0.9876  0.0123     0.0124     0.4067         0.5350
    288   3.18    41.43      45.60  0.9866     0.9868  0.0134     0.0132     0.4110         0.5378
    289   3.19    43.41      45.99  0.9870     0.9870  0.0130     0.0130     0.4068         0.5301
    290   3.20    42.41      45.90  0.9874     0.9875  0.0126     0.0125     0.4031         0.5285
    291   3.19    42.00      45.73  0.9873     0.9877  0.0127     0.0123     0.4051         0.5301
    292   3.19    41.58      45.72  0.9866     0.9871  0.0134     0.0129     0.4035         0.5357
    293   3.20    42.07      45.83  0.9878     0.9875  0.0122     0.0125     0.4053         0.5371
    294   3.19    41.25      45.49  0.9864     0.9867  0.0136     0.0133     0.4016         0.5248
    295   3.19    42.68      45.72  0.9876     0.9870  0.0124     0.0130     0.4094         0.5315
    296   3.19    43.42      45.90  0.9882     0.9880  0.0118     0.0120     0.4184         0.5427
    297   3.19    42.31      45.52  0.9870     0.9870  0.0130     0.0130     0.4140         0.5436
    298   3.20    42.76      45.88  0.9877     0.9877  0.0123     0.0123     0.4118         0.5357
    299   3.19    41.63      45.61  0.9866     0.9871  0.0134     0.0129     0.4151         0.5382
    300   3.19    42.96      45.63  0.9872     0.9872  0.0128     0.0128     0.4131         0.5409
The log/output/model have been saved to: ./logs/train.py-multi_zetas300_False_True_True_1.953125e-05_3.90625e-05_7.8125e-05-bok-04-23-15:43 + .csv/.out/.cpt
