  epoch    IZY    IXZ_1    IZ_1Z_2     acc    avg_acc     err    avg_err    adv_acc    avg_adv_acc
-------  -----  -------  ---------  ------  ---------  ------  ---------  ---------  -------------
      1   2.81    50.27      63.89  0.8990     0.9173  0.1010     0.0827     0.0673         0.0669
      2   2.82    27.39      57.96  0.8997     0.9410  0.1003     0.0590     0.1189         0.1277
      3   3.12    45.92      69.39  0.9612     0.9626  0.0388     0.0374     0.0364         0.0367
      4   3.02    19.79      36.57  0.9457     0.9647  0.0543     0.0353     0.1043         0.1129
      5   3.10    21.06      35.25  0.9622     0.9707  0.0378     0.0293     0.1115         0.1205
      6   3.12    20.69      34.05  0.9647     0.9728  0.0353     0.0272     0.1306         0.1371
      7   3.13    19.49      34.19  0.9688     0.9752  0.0312     0.0248     0.1317         0.1389
      8   3.10    17.60      28.87  0.9609     0.9714  0.0391     0.0286     0.2021         0.2190
      9   3.12    17.98      29.44  0.9683     0.9751  0.0317     0.0249     0.2218         0.2384
     10   3.10    17.02      27.18  0.9652     0.9765  0.0348     0.0235     0.2952         0.3119
     11   3.15    19.41      29.99  0.9734     0.9771  0.0266     0.0229     0.2890         0.2947
     12   3.13    17.95      28.30  0.9699     0.9758  0.0301     0.0242     0.3363         0.3502
     13   3.21    60.12      89.24  0.9815     0.9816  0.0185     0.0184     0.3186         0.3204
     14   3.13    17.96      27.50  0.9723     0.9774  0.0277     0.0226     0.4011         0.4137
     15   3.14    16.49      23.73  0.9732     0.9787  0.0268     0.0213     0.4329         0.4598
     16   3.14    23.45      35.34  0.9759     0.9783  0.0241     0.0217     0.4215         0.4260
     17   3.14    16.93      25.91  0.9741     0.9787  0.0259     0.0213     0.4576         0.4733
     18   3.12    15.28      22.08  0.9704     0.9796  0.0296     0.0204     0.5022         0.5279
     19   3.11    14.70      21.83  0.9716     0.9780  0.0284     0.0220     0.4976         0.5234
     20   3.17    21.36      32.05  0.9791     0.9814  0.0209     0.0186     0.4611         0.4670
     21   3.11    14.21      20.66  0.9699     0.9787  0.0301     0.0213     0.5186         0.5524
     22   3.14    16.41      22.38  0.9775     0.9810  0.0225     0.0190     0.5638         0.5823
     23   3.13    15.43      24.10  0.9760     0.9808  0.0240     0.0192     0.5595         0.5742
     24   3.09    14.27      19.86  0.9687     0.9764  0.0313     0.0236     0.5061         0.5319
     25   3.09    13.01      18.78  0.9678     0.9799  0.0322     0.0201     0.5317         0.5711
     26   3.14    15.17      21.36  0.9777     0.9822  0.0223     0.0178     0.5052         0.5236
     27   3.12    15.16      19.87  0.9751     0.9798  0.0249     0.0202     0.5007         0.5203
     28   3.09    14.15      19.95  0.9687     0.9817  0.0313     0.0183     0.5474         0.5888
     29   3.14    13.28      18.74  0.9763     0.9821  0.0237     0.0179     0.5060         0.5300
     30   3.11    12.76      17.73  0.9714     0.9803  0.0286     0.0197     0.5540         0.5849
     31   3.09    12.02      16.80  0.9700     0.9799  0.0300     0.0201     0.5759         0.6191
     32   3.11    15.38      21.83  0.9734     0.9771  0.0266     0.0229     0.4438         0.4543
     33   3.13    12.36      17.45  0.9780     0.9820  0.0220     0.0180     0.5151         0.5420
     34   3.14    14.70      21.06  0.9772     0.9799  0.0228     0.0201     0.4247         0.4392
     35   3.07    11.96      16.26  0.9675     0.9797  0.0325     0.0203     0.4657         0.5001
     36   3.15    13.75      19.24  0.9816     0.9836  0.0184     0.0164     0.4458         0.4592
     37   3.15    13.37      18.71  0.9785     0.9813  0.0215     0.0187     0.5052         0.5226
     38   3.09    12.14      15.94  0.9695     0.9815  0.0305     0.0185     0.5487         0.5845
     39   3.14    11.90      16.26  0.9779     0.9830  0.0221     0.0170     0.4649         0.4842
     40   3.11    11.13      15.38  0.9759     0.9822  0.0241     0.0178     0.5200         0.5504
     41   3.10    10.85      15.08  0.9711     0.9819  0.0289     0.0181     0.4980         0.5331
     42   3.14    11.63      17.28  0.9794     0.9827  0.0206     0.0173     0.5207         0.5396
     43   3.09    10.83      14.85  0.9712     0.9822  0.0288     0.0178     0.4638         0.4978
     44   3.13    10.77      15.01  0.9752     0.9829  0.0248     0.0171     0.4899         0.5124
     45   3.13    11.67      16.11  0.9790     0.9827  0.0210     0.0173     0.4198         0.4350
     46   3.15    14.63      20.98  0.9808     0.9833  0.0192     0.0167     0.4113         0.4173
     47   3.05    10.85      14.74  0.9679     0.9767  0.0321     0.0233     0.4349         0.4578
     48   3.10    10.92      14.81  0.9747     0.9803  0.0253     0.0197     0.3887         0.4047
     49   3.12    10.46      14.24  0.9752     0.9835  0.0248     0.0165     0.4130         0.4388
     50   3.13    10.22      14.53  0.9783     0.9833  0.0217     0.0167     0.4314         0.4505
     51   3.11    11.47      15.33  0.9770     0.9815  0.0230     0.0185     0.4431         0.4537
     52   3.13     9.68      13.95  0.9764     0.9829  0.0236     0.0171     0.4920         0.5123
     53   3.10    10.44      14.12  0.9735     0.9819  0.0265     0.0181     0.4834         0.5113
     54   3.12    10.32      13.94  0.9781     0.9839  0.0219     0.0161     0.4897         0.5063
     55   3.10     9.82      13.75  0.9737     0.9824  0.0263     0.0176     0.4764         0.5009
     56   3.10     9.94      13.36  0.9749     0.9820  0.0251     0.0180     0.3963         0.4171
     57   3.14    10.70      14.82  0.9823     0.9855  0.0177     0.0145     0.3693         0.3809
     58   3.15     9.97      14.18  0.9808     0.9847  0.0192     0.0153     0.3818         0.3948
     59   3.12    10.56      14.55  0.9788     0.9831  0.0212     0.0169     0.3652         0.3760
     60   3.10     9.01      12.91  0.9753     0.9838  0.0247     0.0162     0.4500         0.4753
     61   3.11     9.11      13.32  0.9769     0.9821  0.0231     0.0179     0.4138         0.4285
     62   3.12     9.32      13.01  0.9780     0.9842  0.0220     0.0158     0.4603         0.4830
     63   3.12     8.99      12.84  0.9782     0.9847  0.0218     0.0153     0.4035         0.4266
     64   3.15    11.72      16.72  0.9822     0.9844  0.0178     0.0156     0.3889         0.3925
     65   3.15     9.74      14.00  0.9812     0.9849  0.0188     0.0151     0.4178         0.4249
     66   3.10     9.03      12.68  0.9745     0.9839  0.0255     0.0161     0.4721         0.4953
     67   3.10     9.61      13.52  0.9765     0.9802  0.0235     0.0198     0.4085         0.4171
     68   3.11     8.76      12.79  0.9795     0.9829  0.0205     0.0171     0.4549         0.4715
     69   3.13     9.12      13.71  0.9812     0.9846  0.0188     0.0154     0.4381         0.4456
     70   3.12     8.77      12.68  0.9786     0.9847  0.0214     0.0153     0.4198         0.4375
     71   3.11     8.80      12.41  0.9781     0.9832  0.0219     0.0168     0.3683         0.3815
     72   3.10     9.06      12.88  0.9761     0.9819  0.0239     0.0181     0.3512         0.3620
     73   3.14     8.64      12.35  0.9793     0.9857  0.0207     0.0143     0.3575         0.3717
     74   3.12     8.23      12.50  0.9776     0.9849  0.0224     0.0151     0.3988         0.4145
     75   3.11     9.05      13.05  0.9779     0.9818  0.0221     0.0182     0.3519         0.3605
     76   3.14     9.44      12.84  0.9809     0.9835  0.0191     0.0165     0.3962         0.4063
     77   3.12     8.35      12.61  0.9792     0.9830  0.0208     0.0170     0.3677         0.3817
     78   3.14     8.20      12.19  0.9796     0.9849  0.0204     0.0151     0.3891         0.4058
     79   3.12     8.18      12.14  0.9787     0.9851  0.0213     0.0149     0.4023         0.4147
     80   3.13     8.21      12.40  0.9810     0.9850  0.0190     0.0150     0.3928         0.4020
     81   3.10     8.40      12.94  0.9774     0.9820  0.0226     0.0180     0.4014         0.4110
     82   3.12     8.07      11.93  0.9771     0.9835  0.0229     0.0165     0.3939         0.4059
     83   3.14     8.80      13.34  0.9814     0.9852  0.0186     0.0148     0.3752         0.3845
     84   3.12     8.09      12.18  0.9794     0.9849  0.0206     0.0151     0.3836         0.3972
     85   3.12     8.19      12.41  0.9792     0.9840  0.0208     0.0160     0.3323         0.3439
     86   3.16     8.62      12.41  0.9806     0.9853  0.0194     0.0147     0.3242         0.3345
     87   3.12     8.18      12.23  0.9803     0.9847  0.0197     0.0153     0.3749         0.3855
     88   3.13     7.90      12.00  0.9787     0.9846  0.0213     0.0154     0.3523         0.3609
     89   3.13     7.64      12.24  0.9798     0.9850  0.0202     0.0150     0.3749         0.3855
     90   3.12     8.29      12.50  0.9799     0.9833  0.0201     0.0167     0.4257         0.4351
     91   3.14     9.58      13.56  0.9822     0.9846  0.0178     0.0154     0.3585         0.3659
     92   3.14     8.26      12.54  0.9807     0.9846  0.0193     0.0154     0.3435         0.3567
     93   3.12     7.70      12.11  0.9790     0.9835  0.0210     0.0165     0.4057         0.4161
     94   3.13     8.03      11.60  0.9798     0.9853  0.0202     0.0147     0.4110         0.4255
     95   3.11     7.93      11.98  0.9789     0.9824  0.0211     0.0176     0.3628         0.3764
     96   3.12     7.84      11.93  0.9789     0.9845  0.0211     0.0155     0.3983         0.4128
     97   3.14     7.78      11.81  0.9812     0.9857  0.0188     0.0143     0.4084         0.4222
     98   3.12     7.83      11.63  0.9785     0.9844  0.0215     0.0156     0.3948         0.4062
     99   3.14     7.98      12.33  0.9807     0.9854  0.0193     0.0146     0.3618         0.3754
    100   3.13     7.35      11.64  0.9795     0.9860  0.0205     0.0140     0.4063         0.4212
    101   3.12     7.50      11.64  0.9782     0.9845  0.0218     0.0155     0.3883         0.4036
    102   3.13     7.66      11.78  0.9798     0.9841  0.0202     0.0159     0.3986         0.4080
    103   3.11     7.53      11.69  0.9777     0.9827  0.0223     0.0173     0.3761         0.3888
    104   3.12     7.59      11.39  0.9798     0.9841  0.0202     0.0159     0.3936         0.4029
    105   3.12     7.47      11.65  0.9807     0.9850  0.0193     0.0150     0.3826         0.3944
    106   3.14     7.46      11.49  0.9803     0.9851  0.0197     0.0149     0.3735         0.3858
    107   3.13     7.26      11.25  0.9789     0.9855  0.0211     0.0145     0.4093         0.4233
    108   3.12     7.13      11.41  0.9785     0.9843  0.0215     0.0157     0.4089         0.4200
    109   3.08     7.16      11.11  0.9729     0.9815  0.0271     0.0185     0.3845         0.4008
    110   3.12     7.78      11.86  0.9805     0.9833  0.0195     0.0167     0.3948         0.4058
    111   3.12     7.12      11.34  0.9782     0.9841  0.0218     0.0159     0.4147         0.4268
    112   3.11     7.38      11.86  0.9790     0.9836  0.0210     0.0164     0.3853         0.3935
    113   3.12     7.37      11.47  0.9787     0.9846  0.0213     0.0154     0.3869         0.3976
    114   3.13     7.46      11.74  0.9802     0.9846  0.0198     0.0154     0.3756         0.3836
    115   3.14     7.15      11.25  0.9792     0.9857  0.0208     0.0143     0.3785         0.3880
    116   3.12     7.15      11.36  0.9800     0.9857  0.0200     0.0143     0.3703         0.3824
    117   3.14     7.12      11.54  0.9800     0.9852  0.0200     0.0148     0.3306         0.3398
    118   3.12     7.24      11.28  0.9775     0.9842  0.0225     0.0158     0.3742         0.3834
    119   3.09     7.22      11.33  0.9774     0.9831  0.0226     0.0169     0.3384         0.3486
    120   3.13     7.38      11.24  0.9803     0.9852  0.0197     0.0148     0.3564         0.3646
    121   3.11     7.27      11.21  0.9797     0.9843  0.0203     0.0157     0.3688         0.3816
    122   3.13     7.24      11.62  0.9807     0.9854  0.0193     0.0146     0.3251         0.3333
    123   3.12     7.18      11.56  0.9824     0.9853  0.0176     0.0147     0.3616         0.3701
    124   3.12     7.05      11.13  0.9785     0.9853  0.0215     0.0147     0.3819         0.3919
    125   3.12     7.27      11.53  0.9818     0.9859  0.0182     0.0141     0.3649         0.3744
    126   3.12     7.04      11.29  0.9801     0.9845  0.0199     0.0155     0.3408         0.3495
    127   3.12     6.97      11.44  0.9799     0.9854  0.0201     0.0146     0.3555         0.3619
    128   3.11     7.09      11.14  0.9793     0.9841  0.0207     0.0159     0.3527         0.3637
    129   3.12     7.03      11.40  0.9813     0.9850  0.0187     0.0150     0.3374         0.3478
    130   3.12     6.82      11.11  0.9793     0.9851  0.0207     0.0149     0.3175         0.3239
    131   3.13     6.91      11.34  0.9823     0.9858  0.0177     0.0142     0.3099         0.3151
    132   3.11     6.99      10.95  0.9766     0.9836  0.0234     0.0164     0.3250         0.3314
    133   3.12     7.12      11.14  0.9810     0.9848  0.0190     0.0152     0.3367         0.3474
    134   3.13     6.82      10.89  0.9786     0.9849  0.0214     0.0151     0.3254         0.3356
    135   3.12     7.17      11.27  0.9805     0.9848  0.0195     0.0152     0.3053         0.3131
    136   3.13     7.23      11.36  0.9806     0.9845  0.0194     0.0155     0.3273         0.3362
    137   3.11     6.90      11.18  0.9792     0.9836  0.0208     0.0164     0.3641         0.3720
    138   3.12     7.09      10.93  0.9793     0.9842  0.0207     0.0158     0.3279         0.3402
    139   3.14     7.02      11.09  0.9798     0.9854  0.0202     0.0146     0.3366         0.3453
    140   3.12     6.85      10.76  0.9793     0.9842  0.0207     0.0158     0.3744         0.3828
    141   3.12     7.13      11.70  0.9796     0.9850  0.0204     0.0150     0.3557         0.3659
    142   3.14     6.73      11.08  0.9801     0.9849  0.0199     0.0151     0.3539         0.3645
    143   3.13     6.94      11.41  0.9807     0.9842  0.0193     0.0158     0.3613         0.3674
    144   3.14     6.94      11.15  0.9820     0.9864  0.0180     0.0136     0.3375         0.3485
    145   3.13     6.87      10.94  0.9806     0.9857  0.0194     0.0143     0.3526         0.3608
    146   3.13     7.02      11.10  0.9810     0.9858  0.0190     0.0142     0.3627         0.3702
    147   3.14     7.05      11.30  0.9816     0.9849  0.0184     0.0151     0.3109         0.3190
    148   3.13     6.85      11.02  0.9794     0.9855  0.0206     0.0145     0.3172         0.3263
    149   3.13     6.84      11.17  0.9818     0.9857  0.0182     0.0143     0.3322         0.3364
    150   3.11     6.70      10.71  0.9764     0.9853  0.0236     0.0147     0.3373         0.3451
    151   3.12     6.96      10.83  0.9797     0.9852  0.0203     0.0148     0.3426         0.3495
    152   3.13     6.70      11.01  0.9803     0.9852  0.0197     0.0148     0.3130         0.3185
    153   3.14     7.04      11.12  0.9809     0.9852  0.0191     0.0148     0.3118         0.3152
    154   3.12     6.85      11.02  0.9819     0.9853  0.0181     0.0147     0.3222         0.3283
    155   3.14     7.17      11.31  0.9820     0.9853  0.0180     0.0147     0.3122         0.3124
    156   3.12     6.56      10.86  0.9780     0.9836  0.0220     0.0164     0.3241         0.3308
    157   3.13     7.05      11.34  0.9809     0.9854  0.0191     0.0146     0.3232         0.3259
    158   3.14     6.87      10.99  0.9813     0.9858  0.0187     0.0142     0.3576         0.3630
    159   3.13     6.76      10.71  0.9795     0.9862  0.0205     0.0138     0.3735         0.3793
    160   3.11     6.86      10.87  0.9798     0.9843  0.0202     0.0157     0.3231         0.3285
    161   3.13     6.79      10.88  0.9792     0.9855  0.0208     0.0145     0.3329         0.3410
    162   3.12     6.96      11.07  0.9794     0.9839  0.0206     0.0161     0.3321         0.3410
    163   3.12     6.70      10.93  0.9786     0.9854  0.0214     0.0146     0.3196         0.3243
    164   3.11     6.78      10.89  0.9798     0.9851  0.0202     0.0149     0.3072         0.3122
    165   3.12     6.70      11.15  0.9813     0.9848  0.0187     0.0152     0.3268         0.3311
    166   3.12     6.67      10.86  0.9804     0.9851  0.0196     0.0149     0.3214         0.3282
    167   3.12     6.72      11.13  0.9799     0.9845  0.0201     0.0155     0.3237         0.3349
    168   3.13     6.69      10.72  0.9795     0.9847  0.0205     0.0153     0.3599         0.3678
    169   3.12     6.75      10.85  0.9794     0.9847  0.0206     0.0153     0.3517         0.3596
    170   3.11     6.76      10.88  0.9796     0.9847  0.0204     0.0153     0.3627         0.3696
    171   3.13     6.76      10.80  0.9809     0.9860  0.0191     0.0140     0.3437         0.3517
    172   3.13     6.82      11.04  0.9804     0.9848  0.0196     0.0152     0.3436         0.3445
    173   3.13     6.78      11.06  0.9817     0.9851  0.0183     0.0149     0.3383         0.3438
    174   3.13     6.61      10.88  0.9799     0.9851  0.0201     0.0149     0.3244         0.3299
    175   3.13     6.66      10.74  0.9795     0.9853  0.0205     0.0147     0.3437         0.3488
    176   3.13     6.77      10.90  0.9806     0.9857  0.0194     0.0143     0.3184         0.3237
    177   3.13     6.59      10.85  0.9807     0.9851  0.0193     0.0149     0.3432         0.3537
    178   3.13     6.71      10.71  0.9811     0.9861  0.0189     0.0139     0.3465         0.3525
    179   3.12     6.77      10.83  0.9788     0.9851  0.0212     0.0149     0.3265         0.3315
    180   3.12     6.89      11.11  0.9812     0.9853  0.0188     0.0147     0.3320         0.3381
    181   3.14     6.69      10.90  0.9808     0.9855  0.0192     0.0145     0.3468         0.3538
    182   3.15     6.69      10.83  0.9809     0.9867  0.0191     0.0133     0.3473         0.3549
    183   3.13     6.84      11.00  0.9797     0.9858  0.0203     0.0142     0.3260         0.3322
    184   3.13     6.65      10.73  0.9813     0.9855  0.0187     0.0145     0.3343         0.3417
    185   3.12     6.62      10.73  0.9796     0.9852  0.0204     0.0148     0.3418         0.3474
    186   3.12     6.63      10.66  0.9797     0.9858  0.0203     0.0142     0.3327         0.3426
    187   3.10     6.48      10.63  0.9798     0.9851  0.0202     0.0149     0.3568         0.3622
    188   3.11     6.61      10.79  0.9807     0.9855  0.0193     0.0145     0.3415         0.3507
    189   3.11     6.66      10.71  0.9793     0.9835  0.0207     0.0165     0.3382         0.3459
    190   3.12     6.63      11.01  0.9816     0.9843  0.0184     0.0157     0.3456         0.3523
    191   3.11     6.64      10.96  0.9795     0.9848  0.0205     0.0152     0.3453         0.3464
    192   3.12     6.69      10.72  0.9798     0.9851  0.0202     0.0149     0.3380         0.3406
    193   3.12     6.58      10.66  0.9797     0.9859  0.0203     0.0141     0.3421         0.3486
    194   3.14     6.70      10.87  0.9812     0.9861  0.0188     0.0139     0.3232         0.3288
    195   3.14     6.67      10.78  0.9811     0.9854  0.0189     0.0146     0.3189         0.3256
    196   3.13     6.55      10.82  0.9782     0.9857  0.0218     0.0143     0.3374         0.3404
    197   3.13     6.55      10.77  0.9809     0.9860  0.0191     0.0140     0.3335         0.3423
    198   3.11     6.56      10.66  0.9798     0.9847  0.0202     0.0153     0.3514         0.3598
    199   3.13     6.61      10.82  0.9797     0.9854  0.0203     0.0146     0.3261         0.3346
    200   3.12     6.54      10.63  0.9786     0.9842  0.0214     0.0158     0.3337         0.3374
    201   3.13     6.51      10.76  0.9799     0.9847  0.0201     0.0153     0.3416         0.3519
    202   3.10     6.54      10.79  0.9787     0.9849  0.0213     0.0151     0.3318         0.3333
    203   3.11     6.66      10.68  0.9804     0.9851  0.0196     0.0149     0.3480         0.3556
    204   3.12     6.63      10.87  0.9804     0.9852  0.0196     0.0148     0.3426         0.3466
    205   3.13     6.82      11.08  0.9813     0.9855  0.0187     0.0145     0.3406         0.3441
    206   3.12     6.54      10.69  0.9796     0.9840  0.0204     0.0160     0.3591         0.3644
    207   3.13     6.69      10.76  0.9805     0.9852  0.0195     0.0148     0.3588         0.3642
    208   3.11     6.60      10.72  0.9801     0.9847  0.0199     0.0153     0.3373         0.3427
    209   3.11     6.59      10.70  0.9812     0.9853  0.0188     0.0147     0.3365         0.3461
    210   3.12     6.49      10.59  0.9791     0.9847  0.0209     0.0153     0.3357         0.3403
    211   3.12     6.57      10.87  0.9793     0.9860  0.0207     0.0140     0.3517         0.3555
    212   3.13     6.61      10.73  0.9805     0.9857  0.0195     0.0143     0.3507         0.3595
    213   3.10     6.44      10.70  0.9778     0.9832  0.0222     0.0168     0.3544         0.3610
    214   3.11     6.55      10.86  0.9795     0.9861  0.0205     0.0139     0.3408         0.3456
    215   3.13     6.50      10.56  0.9803     0.9857  0.0197     0.0143     0.3636         0.3704
    216   3.14     6.69      10.74  0.9823     0.9857  0.0177     0.0143     0.3421         0.3437
    217   3.12     6.50      10.59  0.9798     0.9843  0.0202     0.0157     0.3471         0.3563
    218   3.12     6.47      10.56  0.9787     0.9850  0.0213     0.0150     0.3443         0.3486
    219   3.11     6.50      10.61  0.9791     0.9847  0.0209     0.0153     0.3369         0.3435
    220   3.12     6.51      10.62  0.9801     0.9851  0.0199     0.0149     0.3380         0.3463
    221   3.12     6.50      10.76  0.9788     0.9845  0.0212     0.0155     0.3424         0.3505
    222   3.12     6.45      10.60  0.9786     0.9857  0.0214     0.0143     0.3418         0.3512
    223   3.12     6.46      10.70  0.9805     0.9858  0.0195     0.0142     0.3327         0.3391
    224   3.11     6.54      10.70  0.9795     0.9851  0.0205     0.0149     0.3291         0.3379
    225   3.10     6.47      10.58  0.9791     0.9851  0.0209     0.0149     0.3373         0.3467
    226   3.12     6.52      10.71  0.9803     0.9840  0.0197     0.0160     0.3447         0.3514
    227   3.11     6.44      10.69  0.9798     0.9843  0.0202     0.0157     0.3379         0.3435
    228   3.11     6.62      10.71  0.9789     0.9856  0.0211     0.0144     0.3402         0.3451
    229   3.13     6.53      10.75  0.9795     0.9840  0.0205     0.0160     0.3365         0.3425
    230   3.12     6.50      10.75  0.9777     0.9850  0.0223     0.0150     0.3303         0.3365
    231   3.13     6.50      10.73  0.9800     0.9857  0.0200     0.0143     0.3363         0.3446
    232   3.12     6.41      10.55  0.9801     0.9852  0.0199     0.0148     0.3531         0.3607
    233   3.12     6.50      10.71  0.9803     0.9850  0.0197     0.0150     0.3508         0.3547
    234   3.12     6.51      10.53  0.9797     0.9857  0.0203     0.0143     0.3564         0.3668
    235   3.11     6.44      10.65  0.9792     0.9850  0.0208     0.0150     0.3401         0.3451
    236   3.12     6.53      10.73  0.9793     0.9849  0.0207     0.0151     0.3389         0.3395
    237   3.13     6.55      10.67  0.9800     0.9851  0.0200     0.0149     0.3445         0.3495
    238   3.13     6.54      10.59  0.9805     0.9856  0.0195     0.0144     0.3323         0.3367
    239   3.12     6.56      10.66  0.9805     0.9854  0.0195     0.0146     0.3258         0.3302
    240   3.13     6.51      10.63  0.9797     0.9850  0.0203     0.0150     0.3369         0.3440
    241   3.12     6.41      10.54  0.9791     0.9845  0.0209     0.0155     0.3410         0.3523
    242   3.11     6.54      10.82  0.9807     0.9843  0.0193     0.0157     0.3349         0.3427
    243   3.12     6.48      10.66  0.9793     0.9848  0.0207     0.0152     0.3397         0.3449
    244   3.12     6.59      10.83  0.9807     0.9851  0.0193     0.0149     0.3266         0.3331
    245   3.12     6.47      10.64  0.9796     0.9847  0.0204     0.0153     0.3346         0.3447
    246   3.12     6.42      10.57  0.9793     0.9845  0.0207     0.0155     0.3375         0.3492
    247   3.12     6.49      10.61  0.9796     0.9859  0.0204     0.0141     0.3466         0.3531
    248   3.12     6.54      10.69  0.9803     0.9848  0.0197     0.0152     0.3514         0.3578
    249   3.12     6.48      10.58  0.9801     0.9853  0.0199     0.0147     0.3488         0.3590
    250   3.11     6.50      10.65  0.9802     0.9854  0.0198     0.0146     0.3427         0.3497
    251   3.12     6.48      10.54  0.9797     0.9845  0.0203     0.0155     0.3447         0.3498
    252   3.12     6.53      10.64  0.9793     0.9856  0.0207     0.0144     0.3531         0.3599
    253   3.13     6.58      10.77  0.9808     0.9847  0.0192     0.0153     0.3432         0.3497
    254   3.13     6.51      10.67  0.9806     0.9849  0.0194     0.0151     0.3457         0.3521
    255   3.13     6.60      10.85  0.9820     0.9859  0.0180     0.0141     0.3440         0.3501
    256   3.12     6.49      10.65  0.9808     0.9857  0.0192     0.0143     0.3474         0.3547
    257   3.12     6.48      10.70  0.9817     0.9853  0.0183     0.0147     0.3488         0.3574
    258   3.12     6.50      10.61  0.9807     0.9852  0.0193     0.0148     0.3527         0.3577
    259   3.13     6.61      10.80  0.9816     0.9846  0.0184     0.0154     0.3392         0.3467
    260   3.13     6.50      10.63  0.9812     0.9855  0.0188     0.0145     0.3594         0.3661
    261   3.12     6.55      10.64  0.9801     0.9852  0.0199     0.0148     0.3596         0.3652
    262   3.12     6.42      10.59  0.9804     0.9843  0.0196     0.0157     0.3639         0.3650
    263   3.11     6.59      10.70  0.9793     0.9845  0.0207     0.0155     0.3589         0.3660
    264   3.13     6.53      10.61  0.9799     0.9850  0.0201     0.0150     0.3485         0.3517
    265   3.11     6.45      10.47  0.9797     0.9850  0.0203     0.0150     0.3602         0.3647
    266   3.12     6.45      10.60  0.9810     0.9850  0.0190     0.0150     0.3558         0.3632
    267   3.11     6.42      10.64  0.9798     0.9852  0.0202     0.0148     0.3616         0.3667
    268   3.12     6.49      10.73  0.9800     0.9848  0.0200     0.0152     0.3506         0.3567
    269   3.12     6.45      10.56  0.9808     0.9851  0.0192     0.0149     0.3521         0.3591
    270   3.12     6.57      10.69  0.9796     0.9845  0.0204     0.0155     0.3431         0.3493
    271   3.11     6.47      10.67  0.9804     0.9846  0.0196     0.0154     0.3435         0.3494
    272   3.13     6.51      10.62  0.9804     0.9845  0.0196     0.0155     0.3416         0.3515
    273   3.12     6.50      10.69  0.9792     0.9847  0.0208     0.0153     0.3452         0.3536
    274   3.12     6.58      10.70  0.9815     0.9854  0.0185     0.0146     0.3290         0.3344
    275   3.13     6.50      10.59  0.9792     0.9857  0.0208     0.0143     0.3417         0.3512
    276   3.11     6.34      10.54  0.9796     0.9848  0.0204     0.0152     0.3670         0.3719
    277   3.11     6.42      10.61  0.9774     0.9846  0.0226     0.0154     0.3438         0.3535
    278   3.13     6.49      10.80  0.9806     0.9857  0.0194     0.0143     0.3485         0.3513
    279   3.14     6.45      10.65  0.9812     0.9861  0.0188     0.0139     0.3574         0.3651
    280   3.13     6.37      10.52  0.9812     0.9857  0.0188     0.0143     0.3534         0.3599
    281   3.12     6.52      10.67  0.9803     0.9855  0.0197     0.0145     0.3437         0.3506
    282   3.13     6.34      10.49  0.9797     0.9859  0.0203     0.0141     0.3604         0.3685
    283   3.12     6.43      10.51  0.9801     0.9845  0.0199     0.0155     0.3537         0.3577
    284   3.12     6.50      10.73  0.9813     0.9861  0.0187     0.0139     0.3485         0.3539
    285   3.12     6.39      10.55  0.9803     0.9860  0.0197     0.0140     0.3539         0.3649
    286   3.12     6.46      10.70  0.9806     0.9854  0.0194     0.0146     0.3410         0.3478
    287   3.11     6.47      10.58  0.9804     0.9851  0.0196     0.0149     0.3527         0.3573
    288   3.13     6.46      10.59  0.9800     0.9843  0.0200     0.0157     0.3428         0.3507
    289   3.11     6.44      10.62  0.9797     0.9856  0.0203     0.0144     0.3535         0.3628
    290   3.13     6.45      10.65  0.9802     0.9854  0.0198     0.0146     0.3479         0.3572
    291   3.11     6.36      10.56  0.9783     0.9840  0.0217     0.0160     0.3533         0.3611
    292   3.12     6.42      10.64  0.9801     0.9856  0.0199     0.0144     0.3528         0.3572
    293   3.12     6.46      10.56  0.9812     0.9852  0.0188     0.0148     0.3473         0.3540
    294   3.11     6.43      10.52  0.9804     0.9848  0.0196     0.0152     0.3561         0.3637
    295   3.13     6.41      10.57  0.9803     0.9847  0.0197     0.0153     0.3547         0.3619
    296   3.12     6.42      10.59  0.9813     0.9851  0.0187     0.0149     0.3474         0.3540
    297   3.11     6.38      10.54  0.9785     0.9843  0.0215     0.0157     0.3525         0.3590
    298   3.12     6.38      10.55  0.9798     0.9852  0.0202     0.0148     0.3451         0.3533
    299   3.14     6.39      10.65  0.9802     0.9860  0.0198     0.0140     0.3543         0.3614
    300   3.12     6.42      10.63  0.9799     0.9847  0.0201     0.0153     0.3513         0.3598
The log/output/model have been saved to: ./logs/train.py-multi_zetas300_False_True_True_0.01_0.01_0.01-khx-04-23-18:58 + .csv/.out/.cpt
