  epoch    IZY    IXZ_1     acc    avg_acc     err    avg_err    adv_acc    avg_adv_acc
-------  -----  -------  ------  ---------  ------  ---------  ---------  -------------
      1   3.10    66.67  0.9516     0.9554  0.0484     0.0446     0.0283         0.0276
      2   3.14    56.08  0.9626     0.9662  0.0374     0.0338     0.0302         0.0311
      3   3.19    47.67  0.9717     0.9724  0.0283     0.0276     0.0381         0.0401
      4   3.20    41.81  0.9760     0.9764  0.0240     0.0236     0.0375         0.0391
      5   3.17    44.46  0.9701     0.9713  0.0299     0.0287     0.0439         0.0450
      6   3.20    36.94  0.9777     0.9800  0.0223     0.0200     0.0593         0.0648
      7   3.21    34.73  0.9787     0.9797  0.0213     0.0203     0.0784         0.0836
      8   3.21    35.27  0.9775     0.9787  0.0225     0.0213     0.0967         0.1006
      9   3.16    35.65  0.9693     0.9710  0.0307     0.0290     0.0937         0.0987
     10   3.23    31.77  0.9827     0.9841  0.0173     0.0159     0.1209         0.1251
     11   3.21    30.48  0.9803     0.9813  0.0197     0.0187     0.1866         0.1969
     12   3.21    30.46  0.9804     0.9828  0.0196     0.0172     0.1704         0.1768
     13   3.21    28.64  0.9825     0.9826  0.0175     0.0174     0.1954         0.2057
     14   3.20    28.44  0.9804     0.9811  0.0196     0.0189     0.1860         0.1932
     15   3.20    26.77  0.9812     0.9824  0.0188     0.0176     0.2543         0.2660
     16   3.21    26.72  0.9819     0.9818  0.0181     0.0182     0.2040         0.2096
     17   3.17    26.05  0.9783     0.9788  0.0217     0.0212     0.2863         0.2965
     18   3.20    29.11  0.9805     0.9817  0.0195     0.0183     0.2385         0.2421
     19   3.19    27.18  0.9801     0.9806  0.0199     0.0194     0.2550         0.2624
     20   3.19    27.04  0.9800     0.9801  0.0200     0.0199     0.2501         0.2587
     21   3.19    25.95  0.9794     0.9805  0.0206     0.0195     0.2695         0.2781
     22   3.21    24.26  0.9838     0.9833  0.0162     0.0167     0.3769         0.3843
     23   3.17    24.76  0.9780     0.9792  0.0220     0.0208     0.3296         0.3392
     24   3.19    25.38  0.9816     0.9825  0.0184     0.0175     0.3000         0.3107
     25   3.20    22.69  0.9830     0.9828  0.0170     0.0172     0.3613         0.3679
     26   3.20    23.54  0.9822     0.9832  0.0178     0.0168     0.3099         0.3242
     27   3.14    25.65  0.9744     0.9754  0.0256     0.0246     0.3139         0.3226
     28   3.21    23.70  0.9855     0.9849  0.0145     0.0151     0.3521         0.3605
     29   3.20    23.58  0.9813     0.9821  0.0187     0.0179     0.2528         0.2675
     30   3.21    21.49  0.9853     0.9857  0.0147     0.0143     0.3029         0.3155
     31   3.19    22.20  0.9813     0.9814  0.0187     0.0186     0.2832         0.2975
     32   3.22    20.70  0.9848     0.9855  0.0152     0.0145     0.3908         0.3999
     33   3.16    23.68  0.9790     0.9793  0.0210     0.0207     0.2528         0.2653
     34   3.19    21.24  0.9825     0.9835  0.0175     0.0165     0.2968         0.3056
     35   3.20    22.09  0.9830     0.9832  0.0170     0.0168     0.2861         0.2931
     36   3.18    22.47  0.9811     0.9815  0.0189     0.0185     0.2944         0.2998
     37   3.17    23.13  0.9804     0.9804  0.0196     0.0196     0.3703         0.3785
     38   3.18    21.23  0.9825     0.9820  0.0175     0.0180     0.2757         0.2868
     39   3.18    21.31  0.9824     0.9834  0.0176     0.0166     0.2891         0.2956
     40   3.18    21.21  0.9817     0.9821  0.0183     0.0179     0.3113         0.3202
     41   3.17    21.33  0.9813     0.9817  0.0187     0.0183     0.2931         0.3002
     42   3.19    19.70  0.9843     0.9856  0.0157     0.0144     0.3453         0.3549
     43   3.20    18.62  0.9853     0.9858  0.0147     0.0142     0.3466         0.3532
     44   3.20    19.07  0.9850     0.9842  0.0150     0.0158     0.2592         0.2625
     45   3.18    21.15  0.9824     0.9825  0.0176     0.0175     0.2736         0.2797
     46   3.20    18.22  0.9843     0.9850  0.0157     0.0150     0.3248         0.3327
     47   3.17    23.67  0.9809     0.9815  0.0191     0.0185     0.2210         0.2268
     48   3.21    30.16  0.9852     0.9852  0.0148     0.0148     0.3278         0.3370
     49   3.20    18.02  0.9866     0.9855  0.0134     0.0145     0.3545         0.3630
     50   3.17    21.27  0.9825     0.9833  0.0175     0.0167     0.2361         0.2435
     51   3.20    19.66  0.9852     0.9858  0.0148     0.0142     0.2463         0.2500
     52   3.20    18.32  0.9860     0.9864  0.0140     0.0136     0.3055         0.3095
     53   3.19    17.81  0.9850     0.9856  0.0150     0.0144     0.3156         0.3243
     54   3.18    18.55  0.9847     0.9845  0.0153     0.0155     0.2706         0.2773
     55   3.20    19.57  0.9856     0.9858  0.0144     0.0142     0.3375         0.3462
     56   3.17    25.27  0.9831     0.9828  0.0169     0.0172     0.3074         0.3106
     57   3.19    17.78  0.9848     0.9853  0.0152     0.0147     0.3265         0.3325
     58   3.19    18.46  0.9846     0.9847  0.0154     0.0153     0.3193         0.3246
     59   3.20    17.62  0.9853     0.9856  0.0147     0.0144     0.3019         0.3044
     60   3.17    19.51  0.9830     0.9833  0.0170     0.0167     0.2913         0.2976
     61   3.18    20.10  0.9848     0.9848  0.0152     0.0152     0.2846         0.2871
     62   3.20    17.30  0.9861     0.9866  0.0139     0.0134     0.3218         0.3299
     63   3.19    22.65  0.9847     0.9848  0.0153     0.0152     0.3345         0.3391
     64   3.18    19.25  0.9830     0.9834  0.0170     0.0166     0.3106         0.3159
     65   3.19    16.57  0.9855     0.9865  0.0145     0.0135     0.3615         0.3684
     66   3.18    17.01  0.9853     0.9855  0.0147     0.0145     0.2794         0.2861
     67   3.21    17.36  0.9878     0.9875  0.0122     0.0125     0.3013         0.3081
     68   3.21    16.53  0.9880     0.9877  0.0120     0.0123     0.3189         0.3256
     69   3.21    19.17  0.9867     0.9879  0.0133     0.0121     0.3411         0.3455
     70   3.20    16.77  0.9870     0.9870  0.0130     0.0130     0.3359         0.3449
     71   3.20    16.93  0.9873     0.9876  0.0127     0.0124     0.3075         0.3104
     72   3.20    16.98  0.9868     0.9871  0.0132     0.0129     0.3532         0.3562
     73   3.16    17.83  0.9828     0.9829  0.0172     0.0171     0.2710         0.2793
     74   3.18    16.70  0.9851     0.9858  0.0149     0.0142     0.2861         0.2944
     75   3.19    16.22  0.9863     0.9864  0.0137     0.0136     0.3251         0.3296
     76   3.20    16.19  0.9864     0.9868  0.0136     0.0132     0.3495         0.3551
     77   3.19    15.85  0.9858     0.9870  0.0142     0.0130     0.3636         0.3698
     78   3.15    17.59  0.9824     0.9829  0.0176     0.0171     0.3400         0.3439
     79   3.19    16.46  0.9858     0.9859  0.0142     0.0141     0.2841         0.2913
     80   3.20    17.17  0.9868     0.9871  0.0132     0.0129     0.3164         0.3182
     81   3.20    17.00  0.9868     0.9872  0.0132     0.0128     0.3391         0.3449
     82   3.19    15.87  0.9868     0.9869  0.0132     0.0131     0.3651         0.3693
     83   3.20    15.91  0.9868     0.9873  0.0132     0.0127     0.3544         0.3594
     84   3.20    15.52  0.9870     0.9874  0.0130     0.0126     0.3942         0.3977
     85   3.19    16.72  0.9871     0.9876  0.0129     0.0124     0.4014         0.4030
     86   3.19    15.59  0.9863     0.9873  0.0137     0.0127     0.4372         0.4429
     87   3.19    15.05  0.9868     0.9870  0.0132     0.0130     0.4237         0.4262
     88   3.20    16.07  0.9870     0.9874  0.0130     0.0126     0.3702         0.3740
     89   3.19    17.18  0.9856     0.9859  0.0144     0.0141     0.2982         0.3053
     90   3.19    15.68  0.9863     0.9869  0.0137     0.0131     0.3251         0.3281
     91   3.20    17.12  0.9864     0.9865  0.0136     0.0135     0.3697         0.3731
     92   3.19    15.59  0.9862     0.9864  0.0138     0.0136     0.3537         0.3584
     93   3.19    15.36  0.9865     0.9865  0.0135     0.0135     0.3571         0.3635
     94   3.19    15.56  0.9872     0.9873  0.0128     0.0127     0.3580         0.3638
     95   3.19    14.98  0.9870     0.9876  0.0130     0.0124     0.3999         0.4013
     96   3.19    15.85  0.9862     0.9871  0.0138     0.0129     0.3777         0.3791
     97   3.20    17.04  0.9868     0.9879  0.0132     0.0121     0.3367         0.3395
     98   3.19    15.16  0.9860     0.9863  0.0140     0.0137     0.3827         0.3859
     99   3.20    15.23  0.9867     0.9870  0.0133     0.0130     0.3857         0.3886
    100   3.19    15.68  0.9857     0.9871  0.0143     0.0129     0.3758         0.3783
    101   3.16    15.91  0.9839     0.9846  0.0161     0.0154     0.3754         0.3808
    102   3.17    16.27  0.9844     0.9849  0.0156     0.0151     0.3986         0.4030
    103   3.17    14.78  0.9849     0.9861  0.0151     0.0139     0.3730         0.3773
    104   3.18    15.75  0.9856     0.9869  0.0144     0.0131     0.3852         0.3894
    105   3.18    15.79  0.9859     0.9865  0.0141     0.0135     0.3950         0.3960
    106   3.19    15.07  0.9863     0.9865  0.0137     0.0135     0.4040         0.4099
    107   3.18    15.05  0.9851     0.9862  0.0149     0.0138     0.4126         0.4188
    108   3.19    16.28  0.9872     0.9867  0.0128     0.0133     0.3771         0.3813
    109   3.18    15.32  0.9859     0.9869  0.0141     0.0131     0.3805         0.3836
    110   3.19    15.32  0.9864     0.9869  0.0136     0.0131     0.3914         0.3967
    111   3.19    15.73  0.9860     0.9869  0.0140     0.0131     0.3793         0.3825
    112   3.18    14.79  0.9856     0.9857  0.0144     0.0143     0.4408         0.4425
    113   3.18    16.35  0.9859     0.9873  0.0141     0.0127     0.4194         0.4238
    114   3.18    15.36  0.9863     0.9864  0.0137     0.0136     0.4086         0.4133
    115   3.17    15.23  0.9858     0.9864  0.0142     0.0136     0.4222         0.4245
    116   3.18    14.47  0.9873     0.9870  0.0127     0.0130     0.4325         0.4369
    117   3.19    15.15  0.9871     0.9872  0.0129     0.0128     0.4167         0.4193
    118   3.19    16.30  0.9869     0.9873  0.0131     0.0127     0.4302         0.4334
    119   3.19    15.62  0.9874     0.9874  0.0126     0.0126     0.3789         0.3841
    120   3.20    14.83  0.9873     0.9880  0.0127     0.0120     0.4091         0.4112
    121   3.19    15.19  0.9868     0.9873  0.0132     0.0127     0.4133         0.4177
    122   3.19    14.91  0.9873     0.9877  0.0127     0.0123     0.4500         0.4545
    123   3.19    15.74  0.9870     0.9881  0.0130     0.0119     0.4302         0.4365
    124   3.19    15.11  0.9873     0.9874  0.0127     0.0126     0.4302         0.4340
    125   3.18    14.76  0.9869     0.9868  0.0131     0.0132     0.4220         0.4258
    126   3.19    14.49  0.9864     0.9871  0.0136     0.0129     0.4370         0.4373
    127   3.18    14.68  0.9857     0.9866  0.0143     0.0134     0.4302         0.4335
    128   3.17    14.66  0.9860     0.9860  0.0140     0.0140     0.4550         0.4584
    129   3.19    14.50  0.9870     0.9870  0.0130     0.0130     0.4753         0.4802
    130   3.18    14.71  0.9860     0.9866  0.0140     0.0134     0.4680         0.4690
    131   3.19    16.26  0.9864     0.9871  0.0136     0.0129     0.4556         0.4596
    132   3.19    14.18  0.9867     0.9873  0.0133     0.0127     0.4782         0.4839
    133   3.18    15.15  0.9873     0.9870  0.0127     0.0130     0.4262         0.4296
    134   3.19    16.59  0.9874     0.9877  0.0126     0.0123     0.4209         0.4219
    135   3.18    14.53  0.9859     0.9874  0.0141     0.0126     0.4443         0.4463
    136   3.19    15.00  0.9860     0.9872  0.0140     0.0128     0.4348         0.4353
    137   3.19    14.77  0.9873     0.9876  0.0127     0.0124     0.4200         0.4250
    138   3.18    14.17  0.9861     0.9865  0.0139     0.0135     0.4492         0.4514
    139   3.18    14.64  0.9864     0.9874  0.0136     0.0126     0.4111         0.4159
    140   3.18    14.38  0.9861     0.9867  0.0139     0.0133     0.4336         0.4369
    141   3.18    14.92  0.9871     0.9874  0.0129     0.0126     0.3909         0.3944
    142   3.17    14.81  0.9865     0.9863  0.0135     0.0137     0.4255         0.4291
    143   3.18    14.01  0.9855     0.9872  0.0145     0.0128     0.4420         0.4461
    144   3.18    14.86  0.9861     0.9867  0.0139     0.0133     0.4327         0.4374
    145   3.18    14.44  0.9863     0.9873  0.0137     0.0127     0.4323         0.4391
    146   3.18    14.68  0.9869     0.9868  0.0131     0.0132     0.4112         0.4144
    147   3.19    14.48  0.9872     0.9870  0.0128     0.0130     0.4358         0.4390
    148   3.19    14.11  0.9863     0.9868  0.0137     0.0132     0.4529         0.4557
    149   3.19    14.25  0.9865     0.9869  0.0135     0.0131     0.4477         0.4484
    150   3.18    14.26  0.9861     0.9870  0.0139     0.0130     0.4453         0.4511
    151   3.18    15.14  0.9867     0.9870  0.0133     0.0130     0.4204         0.4263
    152   3.18    14.24  0.9853     0.9869  0.0147     0.0131     0.4332         0.4382
    153   3.17    14.43  0.9857     0.9865  0.0143     0.0135     0.4337         0.4338
    154   3.18    14.14  0.9866     0.9869  0.0134     0.0131     0.4866         0.4906
    155   3.19    14.52  0.9865     0.9872  0.0135     0.0128     0.4794         0.4829
    156   3.18    14.44  0.9857     0.9867  0.0143     0.0133     0.4647         0.4698
    157   3.19    14.43  0.9862     0.9873  0.0138     0.0127     0.4358         0.4410
    158   3.19    14.00  0.9871     0.9877  0.0129     0.0123     0.4600         0.4679
    159   3.18    14.39  0.9876     0.9880  0.0124     0.0120     0.4576         0.4621
    160   3.18    14.04  0.9875     0.9876  0.0125     0.0124     0.4940         0.4985
    161   3.19    14.13  0.9861     0.9872  0.0139     0.0128     0.4858         0.4881
    162   3.19    14.09  0.9872     0.9871  0.0128     0.0129     0.4838         0.4859
    163   3.18    14.13  0.9871     0.9877  0.0129     0.0123     0.4666         0.4699
    164   3.18    14.22  0.9862     0.9878  0.0138     0.0122     0.4654         0.4701
    165   3.19    14.22  0.9865     0.9873  0.0135     0.0127     0.4807         0.4858
    166   3.19    14.55  0.9858     0.9869  0.0142     0.0131     0.4712         0.4760
    167   3.19    14.07  0.9865     0.9869  0.0135     0.0131     0.4835         0.4859
    168   3.18    14.10  0.9867     0.9878  0.0133     0.0122     0.4653         0.4727
    169   3.18    13.90  0.9854     0.9864  0.0146     0.0136     0.5029         0.5047
    170   3.19    13.97  0.9864     0.9867  0.0136     0.0133     0.4890         0.4947
    171   3.19    15.32  0.9867     0.9860  0.0133     0.0140     0.4778         0.4817
    172   3.18    14.43  0.9865     0.9873  0.0135     0.0127     0.5048         0.5095
    173   3.19    14.57  0.9858     0.9872  0.0142     0.0128     0.4987         0.5030
    174   3.20    15.03  0.9867     0.9871  0.0133     0.0129     0.4739         0.4787
    175   3.18    13.89  0.9860     0.9869  0.0140     0.0131     0.4811         0.4849
    176   3.17    14.13  0.9857     0.9871  0.0143     0.0129     0.4700         0.4729
    177   3.18    13.93  0.9864     0.9866  0.0136     0.0134     0.4624         0.4670
    178   3.19    14.08  0.9865     0.9872  0.0135     0.0128     0.4689         0.4727
    179   3.18    14.06  0.9877     0.9870  0.0123     0.0130     0.4638         0.4681
    180   3.17    14.28  0.9859     0.9868  0.0141     0.0132     0.4807         0.4804
    181   3.18    14.08  0.9856     0.9868  0.0144     0.0132     0.4575         0.4580
    182   3.18    13.91  0.9863     0.9870  0.0137     0.0130     0.4544         0.4594
    183   3.19    13.92  0.9868     0.9872  0.0132     0.0128     0.4782         0.4850
    184   3.19    14.34  0.9869     0.9870  0.0131     0.0130     0.4687         0.4722
    185   3.19    14.03  0.9867     0.9882  0.0133     0.0118     0.4796         0.4814
    186   3.18    13.94  0.9874     0.9870  0.0126     0.0130     0.4790         0.4818
    187   3.18    14.11  0.9865     0.9871  0.0135     0.0129     0.4864         0.4911
    188   3.17    13.98  0.9861     0.9870  0.0139     0.0130     0.4910         0.4944
    189   3.17    14.27  0.9860     0.9870  0.0140     0.0130     0.4842         0.4880
    190   3.19    13.96  0.9872     0.9869  0.0128     0.0131     0.4922         0.4949
    191   3.17    14.27  0.9866     0.9873  0.0134     0.0127     0.5015         0.5062
    192   3.19    14.74  0.9871     0.9876  0.0129     0.0124     0.4775         0.4820
    193   3.18    13.98  0.9858     0.9874  0.0142     0.0126     0.4755         0.4810
    194   3.18    13.98  0.9864     0.9873  0.0136     0.0127     0.4610         0.4659
    195   3.18    13.68  0.9870     0.9874  0.0130     0.0126     0.4879         0.4938
    196   3.18    14.15  0.9869     0.9870  0.0131     0.0130     0.4881         0.4926
    197   3.19    13.81  0.9867     0.9871  0.0133     0.0129     0.4907         0.4941
    198   3.19    14.57  0.9867     0.9874  0.0133     0.0126     0.4960         0.4986
    199   3.18    14.25  0.9861     0.9871  0.0139     0.0129     0.4854         0.4895
    200   3.19    13.90  0.9864     0.9868  0.0136     0.0132     0.4783         0.4814
The log/output/model have been saved to: ./logs/train.py-multi_zetas{'num_epochs': 200, 'use_stoch': [False, False, True], 'betas': [0.001, 0.001, 0.001]}-uws-04-03-20:03 + .csv/.out/.cpt
