  epoch    IZY    IXZ_1    IZ_1Z_2    IZ_2Z_3     acc    avg_acc     err    avg_err    adv_acc    avg_adv_acc
-------  -----  -------  ---------  ---------  ------  ---------  ------  ---------  ---------  -------------
      1   3.11  2161.44    1214.23     659.50  0.9536     0.9538  0.0464     0.0462     0.0245         0.0243
      2   3.16  2023.48    1116.94     637.86  0.9651     0.9655  0.0349     0.0345     0.0159         0.0159
      3   3.20  1966.30    1070.88     618.30  0.9736     0.9734  0.0264     0.0266     0.0148         0.0148
      4   3.19  1925.08    1028.64     601.18  0.9713     0.9717  0.0287     0.0283     0.0178         0.0179
      5   3.18  1883.97     991.12     589.31  0.9676     0.9674  0.0324     0.0326     0.0226         0.0226
      6   3.23  1868.82     968.35     573.44  0.9807     0.9806  0.0193     0.0194     0.0168         0.0168
      7   3.22  1828.07     934.58     566.86  0.9802     0.9800  0.0198     0.0200     0.0195         0.0194
      8   3.16  1806.08     903.30     566.44  0.9677     0.9681  0.0323     0.0319     0.0407         0.0409
      9   3.17  1801.39     892.43     540.27  0.9714     0.9717  0.0286     0.0283     0.0531         0.0532
     10   3.21  1781.99     869.78     529.28  0.9798     0.9795  0.0202     0.0205     0.0338         0.0339
     11   3.21  1760.30     842.60     518.73  0.9792     0.9792  0.0208     0.0208     0.0329         0.0333
     12   3.19  1750.14     834.65     499.35  0.9755     0.9756  0.0245     0.0244     0.0427         0.0428
     13   3.20  1735.84     811.17     491.11  0.9783     0.9784  0.0217     0.0216     0.0632         0.0640
     14   3.21  1691.74     779.19     487.53  0.9808     0.9806  0.0192     0.0194     0.0647         0.0647
     15   3.21  1672.70     764.54     479.31  0.9817     0.9816  0.0183     0.0184     0.0793         0.0783
     16   3.20  1672.50     763.16     465.36  0.9792     0.9791  0.0208     0.0209     0.0674         0.0684
     17   3.18  1644.17     738.39     464.84  0.9767     0.9767  0.0233     0.0233     0.0571         0.0569
     18   3.19  1600.48     705.90     460.62  0.9807     0.9803  0.0193     0.0197     0.0873         0.0873
     19   3.21  1573.73     695.91     446.23  0.9820     0.9820  0.0180     0.0180     0.0881         0.0878
     20   3.21  1561.93     679.49     441.64  0.9830     0.9832  0.0170     0.0168     0.1180         0.1180
     21   3.22  1574.10     683.21     431.46  0.9805     0.9806  0.0195     0.0194     0.0949         0.0946
     22   3.16  1554.41     663.15     424.79  0.9727     0.9729  0.0273     0.0271     0.1345         0.1344
     23   3.21  1543.43     658.32     421.08  0.9820     0.9820  0.0180     0.0180     0.1145         0.1159
     24   3.21  1499.94     632.31     413.64  0.9829     0.9827  0.0171     0.0173     0.1448         0.1449
     25   3.22  1502.19     619.77     410.29  0.9834     0.9833  0.0166     0.0167     0.1172         0.1174
     26   3.21  1461.11     582.57     408.03  0.9829     0.9827  0.0171     0.0173     0.1442         0.1439
     27   3.21  1462.67     597.06     401.71  0.9829     0.9828  0.0171     0.0172     0.1478         0.1491
     28   3.22  1456.69     587.21     399.41  0.9832     0.9834  0.0168     0.0166     0.1550         0.1545
     29   3.21  1407.30     574.50     387.33  0.9831     0.9830  0.0169     0.0170     0.1769         0.1784
     30   3.21  1365.12     548.68     394.96  0.9821     0.9821  0.0179     0.0179     0.1981         0.1993
     31   3.20  1356.01     539.69     380.34  0.9825     0.9823  0.0175     0.0177     0.1929         0.1935
     32   3.21  1360.09     555.31     380.89  0.9827     0.9826  0.0173     0.0174     0.1760         0.1765
     33   3.18  1332.81     530.06     366.83  0.9791     0.9795  0.0209     0.0205     0.1768         0.1774
     34   3.19  1311.43     534.56     384.04  0.9804     0.9803  0.0196     0.0197     0.2105         0.2131
     35   3.19  1264.94     514.27     377.17  0.9826     0.9831  0.0174     0.0169     0.2144         0.2161
     36   3.22  1284.69     524.56     366.23  0.9840     0.9840  0.0160     0.0160     0.2103         0.2130
     37   3.18  1272.71     499.91     372.90  0.9796     0.9800  0.0204     0.0200     0.2439         0.2463
     38   3.22  1282.46     516.75     367.28  0.9853     0.9854  0.0147     0.0146     0.2093         0.2103
     39   3.21  1270.59     501.29     364.52  0.9844     0.9845  0.0156     0.0155     0.2155         0.2167
     40   3.18  1210.99     472.76     374.43  0.9828     0.9825  0.0172     0.0175     0.2549         0.2598
     41   3.18  1191.84     494.08     368.54  0.9796     0.9797  0.0204     0.0203     0.2134         0.2159
     42   3.21  1187.27     479.71     351.81  0.9846     0.9846  0.0154     0.0154     0.2260         0.2292
     43   3.10  1091.29     440.35     375.62  0.9754     0.9753  0.0246     0.0247     0.2544         0.2588
     44   3.21  1156.56     474.65     338.14  0.9839     0.9838  0.0161     0.0162     0.2002         0.2036
     45   3.21  1097.69     453.25     354.04  0.9846     0.9845  0.0154     0.0155     0.3097         0.3167
     46   3.18  1069.81     459.52     349.36  0.9796     0.9798  0.0204     0.0202     0.2542         0.2597
     47   3.21  1049.72     434.11     358.39  0.9842     0.9841  0.0158     0.0159     0.3260         0.3299
     48   3.20  1063.53     441.66     334.04  0.9835     0.9835  0.0165     0.0165     0.2534         0.2567
     49   3.20  1002.15     426.39     351.72  0.9833     0.9832  0.0167     0.0168     0.3114         0.3156
     50   3.20   986.70     420.86     353.59  0.9841     0.9842  0.0159     0.0158     0.3283         0.3328
     51   3.20  1023.10     429.88     328.39  0.9820     0.9820  0.0180     0.0180     0.2764         0.2799
     52   3.21   987.82     418.55     328.28  0.9825     0.9830  0.0175     0.0170     0.2640         0.2690
     53   3.13   970.82     406.15     337.77  0.9761     0.9763  0.0239     0.0237     0.2879         0.2943
     54   3.21   984.51     414.65     330.90  0.9851     0.9850  0.0149     0.0150     0.2994         0.3078
     55   3.22   973.36     419.75     309.38  0.9856     0.9857  0.0144     0.0143     0.2455         0.2505
     56   3.21   932.14     414.53     318.32  0.9844     0.9845  0.0156     0.0155     0.2877         0.2975
     57   3.20   940.20     406.83     312.56  0.9833     0.9833  0.0167     0.0167     0.2905         0.2980
     58   3.21   883.24     391.68     317.81  0.9857     0.9857  0.0143     0.0143     0.3356         0.3464
     59   3.19   873.76     387.03     328.89  0.9842     0.9843  0.0158     0.0157     0.3432         0.3600
     60   3.21   855.43     382.02     315.31  0.9855     0.9856  0.0145     0.0144     0.3410         0.3522
     61   3.21   823.14     378.62     328.71  0.9852     0.9849  0.0148     0.0151     0.3774         0.3968
     62   3.21   709.77     361.70     327.97  0.9859     0.9858  0.0141     0.0142     0.3857         0.4034
     63   3.21   608.50     352.63     320.60  0.9859     0.9856  0.0141     0.0144     0.3807         0.3944
     64   3.21   812.48     386.37     288.06  0.9821     0.9822  0.0179     0.0178     0.2664         0.2728
     65   3.21   884.84     414.89     291.28  0.9836     0.9832  0.0164     0.0168     0.2441         0.2481
     66   3.22   788.46     379.95     294.65  0.9861     0.9860  0.0139     0.0140     0.3417         0.3526
     67   3.21   667.67     356.04     307.97  0.9866     0.9866  0.0134     0.0134     0.3827         0.3989
     68   3.16   826.49     386.75     295.13  0.9784     0.9785  0.0216     0.0215     0.3179         0.3280
     69   3.20   779.22     368.41     292.57  0.9845     0.9846  0.0155     0.0154     0.3574         0.3703
     70   3.21   753.40     361.42     294.79  0.9850     0.9851  0.0150     0.0149     0.3566         0.3663
     71   3.20   672.46     354.02     298.34  0.9841     0.9844  0.0159     0.0156     0.3622         0.3768
     72   3.20   766.43     380.07     280.23  0.9837     0.9837  0.0163     0.0163     0.2779         0.2847
     73   3.21   707.94     355.90     278.51  0.9847     0.9846  0.0153     0.0154     0.3370         0.3482
     74   3.21   650.24     347.58     291.12  0.9859     0.9857  0.0141     0.0143     0.3849         0.4001
     75   3.17   646.55     352.30     296.19  0.9835     0.9833  0.0165     0.0167     0.3489         0.3638
     76   3.22   690.02     361.53     267.61  0.9843     0.9847  0.0157     0.0153     0.2458         0.2530
     77   3.19   711.72     355.39     275.63  0.9831     0.9832  0.0169     0.0168     0.3008         0.3116
     78   3.21   640.82     335.13     280.05  0.9861     0.9861  0.0139     0.0139     0.3753         0.3912
     79   3.19   672.78     357.83     270.65  0.9825     0.9826  0.0175     0.0174     0.2907         0.2981
     80   3.21   639.80     334.39     271.13  0.9856     0.9857  0.0144     0.0143     0.3783         0.3936
     81   3.20   543.93     320.80     279.50  0.9857     0.9856  0.0143     0.0144     0.4003         0.4234
     82   3.21   479.13     310.78     276.17  0.9865     0.9864  0.0135     0.0136     0.3868         0.4127
     83   3.21   629.46     334.42     258.02  0.9849     0.9850  0.0151     0.0150     0.3370         0.3529
     84   3.21   658.51     341.39     259.88  0.9847     0.9846  0.0153     0.0154     0.3368         0.3502
     85   3.20   603.29     325.56     269.39  0.9847     0.9846  0.0153     0.0154     0.3722         0.3913
     86   3.21   652.46     333.98     260.62  0.9851     0.9849  0.0149     0.0151     0.3667         0.3808
     87   3.20   572.84     322.73     273.11  0.9846     0.9847  0.0154     0.0153     0.3932         0.4234
     88   3.21   488.96     311.86     268.53  0.9860     0.9859  0.0140     0.0141     0.3866         0.4179
     89   3.17   585.56     329.75     257.17  0.9796     0.9798  0.0204     0.0202     0.3384         0.3630
     90   3.22   594.03     319.91     252.77  0.9860     0.9860  0.0140     0.0140     0.3371         0.3617
     91   3.21   548.45     311.21     255.15  0.9857     0.9856  0.0143     0.0144     0.3469         0.3764
     92   3.21   466.24     304.74     266.11  0.9857     0.9857  0.0143     0.0143     0.3657         0.4028
     93   3.20   566.31     318.68     245.48  0.9850     0.9850  0.0150     0.0150     0.3371         0.3610
     94   3.21   615.04     317.27     240.81  0.9842     0.9843  0.0158     0.0157     0.3075         0.3285
     95   3.21   498.73     298.77     257.06  0.9865     0.9863  0.0135     0.0137     0.3781         0.4118
     96   3.22   492.86     298.09     243.05  0.9864     0.9865  0.0136     0.0135     0.3540         0.3824
     97   3.19   530.06     304.19     241.50  0.9840     0.9840  0.0160     0.0160     0.3201         0.3519
     98   3.20   561.68     305.59     245.61  0.9850     0.9851  0.0150     0.0149     0.3386         0.3699
     99   3.21   558.59     301.42     246.09  0.9854     0.9854  0.0146     0.0146     0.3490         0.3810
    100   3.20   627.09     322.26     241.35  0.9842     0.9842  0.0158     0.0158     0.3203         0.3455
    101   3.21   576.74     297.40     244.36  0.9867     0.9868  0.0133     0.0132     0.3647         0.3938
    102   3.20   538.13     294.80     248.24  0.9848     0.9849  0.0152     0.0151     0.3502         0.3861
    103   3.20   500.68     288.28     247.84  0.9865     0.9863  0.0135     0.0137     0.3817         0.4220
    104   3.20   535.52     293.88     240.49  0.9855     0.9856  0.0145     0.0144     0.3804         0.4167
    105   3.21   507.63     290.17     240.78  0.9863     0.9863  0.0137     0.0137     0.3848         0.4209
    106   3.21   523.81     293.47     232.91  0.9857     0.9859  0.0143     0.0141     0.3581         0.3959
    107   3.21   465.99     285.21     239.61  0.9866     0.9866  0.0134     0.0134     0.3689         0.4095
    108   3.21   430.71     279.98     238.26  0.9868     0.9868  0.0132     0.0132     0.3757         0.4192
    109   3.21   392.91     273.36     236.64  0.9867     0.9869  0.0133     0.0131     0.3718         0.4185
    110   3.20   454.31     290.73     224.93  0.9853     0.9851  0.0147     0.0149     0.3200         0.3558
    111   3.21   518.15     295.66     223.98  0.9858     0.9857  0.0142     0.0143     0.3381         0.3704
    112   3.20   504.07     292.30     220.66  0.9858     0.9858  0.0142     0.0142     0.3391         0.3675
    113   3.21   496.13     296.82     220.56  0.9855     0.9858  0.0145     0.0142     0.3136         0.3384
    114   3.21   451.11     278.88     223.60  0.9871     0.9870  0.0129     0.0130     0.3453         0.3854
    115   3.22   458.98     292.70     219.53  0.9873     0.9872  0.0127     0.0128     0.2945         0.3227
    116   3.21   504.44     289.95     218.49  0.9867     0.9866  0.0133     0.0134     0.3201         0.3536
    117   3.19   516.89     285.55     222.12  0.9846     0.9849  0.0154     0.0151     0.3393         0.3750
    118   3.19   429.62     269.93     231.67  0.9853     0.9853  0.0147     0.0147     0.3366         0.3886
    119   3.21   425.10     270.54     221.86  0.9857     0.9857  0.0143     0.0143     0.3251         0.3669
    120   3.21   455.70     270.64     218.87  0.9867     0.9868  0.0133     0.0132     0.3271         0.3702
    121   3.21   414.63     266.15     219.22  0.9869     0.9870  0.0131     0.0130     0.3342         0.3812
    122   3.21   410.30     267.93     214.74  0.9856     0.9858  0.0144     0.0142     0.3202         0.3573
    123   3.19   399.74     263.65     214.30  0.9857     0.9858  0.0143     0.0142     0.3244         0.3665
    124   3.19   488.39     270.49     215.56  0.9842     0.9842  0.0158     0.0158     0.3459         0.3943
    125   3.19   470.59     270.32     213.77  0.9842     0.9845  0.0158     0.0155     0.3379         0.3766
    126   3.20   424.22     257.40     215.41  0.9856     0.9857  0.0144     0.0143     0.3401         0.3924
    127   3.21   457.03     264.15     211.50  0.9863     0.9865  0.0137     0.0135     0.3302         0.3745
    128   3.20   406.84     253.91     218.12  0.9841     0.9843  0.0159     0.0157     0.3390         0.3933
    129   3.20   453.05     262.91     211.12  0.9860     0.9863  0.0140     0.0137     0.3112         0.3516
    130   3.21   416.66     258.69     209.21  0.9865     0.9866  0.0135     0.0134     0.3115         0.3575
    131   3.21   376.78     251.13     213.03  0.9871     0.9867  0.0129     0.0133     0.3220         0.3718
    132   3.20   420.85     256.97     205.96  0.9859     0.9856  0.0141     0.0144     0.2941         0.3443
    133   3.20   398.74     252.63     208.78  0.9844     0.9844  0.0156     0.0156     0.3154         0.3693
    134   3.20   404.35     256.53     210.23  0.9845     0.9846  0.0155     0.0154     0.2921         0.3386
    135   3.20   359.13     250.71     208.37  0.9854     0.9855  0.0146     0.0145     0.2974         0.3474
    136   3.20   427.79     261.63     206.30  0.9844     0.9848  0.0156     0.0152     0.3040         0.3586
    137   3.19   419.99     255.12     206.21  0.9854     0.9853  0.0146     0.0147     0.3085         0.3654
    138   3.20   383.44     246.71     208.59  0.9856     0.9856  0.0144     0.0144     0.3144         0.3745
    139   3.19   364.14     242.92     210.90  0.9857     0.9857  0.0143     0.0143     0.3093         0.3820
    140   3.20   354.61     242.81     204.15  0.9851     0.9848  0.0149     0.0152     0.2877         0.3491
    141   3.20   379.18     245.63     204.46  0.9861     0.9860  0.0139     0.0140     0.2988         0.3614
    142   3.20   337.79     238.48     203.37  0.9866     0.9868  0.0134     0.0132     0.2905         0.3484
    143   3.20   342.58     237.82     202.58  0.9847     0.9847  0.0153     0.0153     0.2782         0.3407
    144   3.20   353.36     239.26     199.56  0.9855     0.9855  0.0145     0.0145     0.2803         0.3415
    145   3.20   395.71     250.16     194.66  0.9850     0.9849  0.0150     0.0151     0.2762         0.3322
    146   3.20   365.86     239.78     198.54  0.9855     0.9853  0.0145     0.0147     0.3093         0.3728
    147   3.20   373.45     243.81     195.95  0.9846     0.9844  0.0154     0.0156     0.2901         0.3521
    148   3.21   406.27     251.60     193.44  0.9863     0.9863  0.0137     0.0137     0.2580         0.3170
    149   3.20   376.29     236.52     194.72  0.9855     0.9854  0.0145     0.0146     0.2849         0.3547
    150   3.22   482.10     274.56     190.07  0.9859     0.9859  0.0141     0.0141     0.2444         0.2828
    151   3.21   371.97     240.70     194.94  0.9863     0.9862  0.0137     0.0138     0.2807         0.3460
    152   3.20   346.28     232.84     198.40  0.9851     0.9851  0.0149     0.0149     0.2843         0.3533
    153   3.21   340.34     234.09     194.60  0.9863     0.9861  0.0137     0.0139     0.2603         0.3210
    154   3.21   394.25     249.56     191.31  0.9852     0.9853  0.0148     0.0147     0.2358         0.2821
    155   3.21   354.93     234.42     192.65  0.9860     0.9863  0.0140     0.0137     0.2608         0.3222
    156   3.20   349.18     235.88     191.49  0.9854     0.9853  0.0146     0.0147     0.2524         0.3089
    157   3.21   381.31     253.49     191.35  0.9861     0.9863  0.0139     0.0137     0.2292         0.2816
    158   3.20   361.40     241.71     192.19  0.9857     0.9859  0.0143     0.0141     0.2539         0.3170
    159   3.20   350.47     234.26     193.66  0.9860     0.9859  0.0140     0.0141     0.2468         0.3110
    160   3.21   355.90     233.96     191.66  0.9851     0.9850  0.0149     0.0150     0.2489         0.3155
    161   3.20   367.31     234.61     188.86  0.9859     0.9858  0.0141     0.0142     0.2486         0.3048
    162   3.20   379.26     244.20     189.73  0.9858     0.9855  0.0142     0.0145     0.2203         0.2745
    163   3.21   375.11     233.49     191.24  0.9851     0.9854  0.0149     0.0146     0.2319         0.2829
    164   3.20   362.43     228.48     190.70  0.9850     0.9852  0.0150     0.0148     0.2578         0.3207
    165   3.20   360.64     230.18     189.91  0.9851     0.9852  0.0149     0.0148     0.2376         0.3031
    166   3.19   342.22     227.45     188.83  0.9853     0.9857  0.0147     0.0143     0.2368         0.3001
    167   3.20   347.20     229.40     189.23  0.9859     0.9859  0.0141     0.0141     0.2328         0.2891
    168   3.20   325.19     226.56     191.32  0.9850     0.9850  0.0150     0.0150     0.2464         0.3131
    169   3.19   318.05     223.80     191.34  0.9847     0.9847  0.0153     0.0153     0.2497         0.3178
    170   3.20   325.43     230.72     187.66  0.9855     0.9854  0.0145     0.0146     0.2302         0.2816
    171   3.21   335.50     232.75     185.47  0.9865     0.9866  0.0135     0.0134     0.2189         0.2750
    172   3.20   365.51     234.41     183.80  0.9859     0.9857  0.0141     0.0143     0.2137         0.2820
    173   3.20   333.79     225.77     185.94  0.9855     0.9853  0.0145     0.0147     0.2308         0.2907
    174   3.20   349.24     230.25     186.01  0.9855     0.9859  0.0145     0.0141     0.2261         0.2940
    175   3.20   313.99     219.92     189.54  0.9860     0.9861  0.0140     0.0139     0.2198         0.2928
    176   3.20   347.69     228.67     183.82  0.9861     0.9860  0.0139     0.0140     0.2190         0.2770
    177   3.20   333.46     222.86     186.15  0.9851     0.9853  0.0149     0.0147     0.2184         0.2830
    178   3.21   332.80     224.56     185.54  0.9861     0.9860  0.0139     0.0140     0.2098         0.2810
    179   3.21   326.96     222.65     187.51  0.9862     0.9860  0.0138     0.0140     0.2164         0.2750
    180   3.20   338.54     221.90     184.49  0.9859     0.9856  0.0141     0.0144     0.2101         0.2711
    181   3.22   338.84     224.45     181.99  0.9864     0.9866  0.0136     0.0134     0.2082         0.2665
    182   3.21   344.10     231.83     181.99  0.9868     0.9869  0.0132     0.0131     0.1865         0.2468
    183   3.20   331.11     226.76     180.19  0.9856     0.9859  0.0144     0.0141     0.1866         0.2413
    184   3.20   296.68     219.38     183.85  0.9857     0.9856  0.0143     0.0144     0.2011         0.2570
    185   3.20   304.63     224.65     180.56  0.9847     0.9847  0.0153     0.0153     0.1951         0.2533
    186   3.20   313.72     225.96     181.81  0.9858     0.9859  0.0142     0.0141     0.1891         0.2479
    187   3.20   304.47     221.86     180.20  0.9850     0.9849  0.0150     0.0151     0.1970         0.2500
    188   3.20   309.69     220.87     178.99  0.9859     0.9858  0.0141     0.0142     0.1982         0.2570
    189   3.20   300.94     216.56     180.61  0.9852     0.9853  0.0148     0.0147     0.1915         0.2520
    190   3.21   304.65     216.91     180.18  0.9857     0.9857  0.0143     0.0143     0.1973         0.2585
    191   3.21   295.67     216.60     180.89  0.9866     0.9870  0.0134     0.0130     0.1911         0.2521
    192   3.20   338.10     226.97     175.94  0.9858     0.9856  0.0142     0.0144     0.1826         0.2376
    193   3.21   321.41     222.07     178.18  0.9855     0.9860  0.0145     0.0140     0.1820         0.2400
    194   3.20   313.98     218.82     177.29  0.9861     0.9863  0.0139     0.0137     0.1852         0.2423
    195   3.21   295.15     214.32     179.23  0.9855     0.9857  0.0145     0.0143     0.1982         0.2541
    196   3.21   299.64     215.38     178.14  0.9856     0.9858  0.0144     0.0142     0.1932         0.2391
    197   3.21   317.68     218.41     174.98  0.9868     0.9865  0.0132     0.0135     0.1879         0.2398
    198   3.20   318.89     220.64     174.09  0.9865     0.9866  0.0135     0.0134     0.1805         0.2355
    199   3.20   315.77     221.08     175.78  0.9858     0.9858  0.0142     0.0142     0.1807         0.2366
    200   3.20   312.96     219.48     173.82  0.9849     0.9850  0.0151     0.0150     0.1764         0.2289
The log/output/model have been saved to: ./logs/train.py-multi_zetas{'num_epochs': 200, 'use_stoch': [True, True, True], 'betas': [1e-06, 1e-06, 1e-06]}-xhf-04-03-16:51 + .csv/.out/.cpt
