  epoch    IZY    IXZ_1     acc    avg_acc     err    avg_err    adv_acc    avg_adv_acc
-------  -----  -------  ------  ---------  ------  ---------  ---------  -------------
      1   2.47     8.93  0.8389     0.9262  0.1611     0.0738     0.0981         0.0978
      2   2.78    10.43  0.9186     0.9509  0.0814     0.0491     0.0453         0.0455
      3   2.85     7.89  0.9283     0.9652  0.0717     0.0348     0.0568         0.0588
      4   2.92     9.27  0.9423     0.9673  0.0577     0.0327     0.0720         0.0738
      5   2.91     7.51  0.9372     0.9710  0.0628     0.0290     0.0927         0.0977
      6   2.89     6.54  0.9306     0.9738  0.0694     0.0262     0.1767         0.1872
      7   2.91     7.10  0.9358     0.9692  0.0642     0.0308     0.1705         0.1784
      8   2.89     6.22  0.9260     0.9711  0.0740     0.0289     0.2012         0.2152
      9   2.91     5.78  0.9282     0.9764  0.0718     0.0236     0.2418         0.2594
     10   2.98     6.47  0.9470     0.9785  0.0530     0.0215     0.2645         0.2793
     11   3.02     8.20  0.9540     0.9792  0.0460     0.0208     0.2600         0.2717
     12   3.04     7.83  0.9577     0.9794  0.0423     0.0206     0.2503         0.2595
     13   2.98     6.31  0.9437     0.9801  0.0563     0.0199     0.3588         0.3723
     14   3.00     6.41  0.9493     0.9788  0.0507     0.0212     0.3456         0.3635
     15   2.99     7.44  0.9503     0.9782  0.0497     0.0218     0.3721         0.3886
     16   2.95     5.84  0.9381     0.9775  0.0619     0.0225     0.3996         0.4213
     17   2.98     5.84  0.9451     0.9813  0.0549     0.0187     0.3873         0.4084
     18   3.05     9.74  0.9612     0.9793  0.0388     0.0207     0.4094         0.4206
     19   2.91     5.70  0.9268     0.9758  0.0732     0.0242     0.4638         0.4987
     20   3.02     6.38  0.9529     0.9807  0.0471     0.0193     0.4777         0.4940
     21   2.88     5.77  0.9207     0.9766  0.0793     0.0234     0.5258         0.5635
     22   3.03     6.36  0.9524     0.9827  0.0476     0.0173     0.5291         0.5493
     23   2.92     5.47  0.9307     0.9788  0.0693     0.0212     0.4877         0.5160
     24   3.00     5.89  0.9466     0.9822  0.0534     0.0178     0.4723         0.4954
     25   3.03     7.09  0.9546     0.9810  0.0454     0.0190     0.3999         0.4191
     26   2.97     5.56  0.9393     0.9830  0.0607     0.0170     0.4364         0.4659
     27   2.91     5.68  0.9267     0.9816  0.0733     0.0184     0.5002         0.5393
     28   3.01     6.42  0.9505     0.9803  0.0495     0.0197     0.4517         0.4729
     29   2.95     5.96  0.9388     0.9801  0.0612     0.0199     0.5291         0.5630
     30   2.96     5.89  0.9387     0.9806  0.0613     0.0194     0.4772         0.5101
     31   2.94     5.52  0.9348     0.9791  0.0652     0.0209     0.4263         0.4555
     32   2.98     5.58  0.9437     0.9828  0.0563     0.0172     0.4941         0.5245
     33   2.95     5.55  0.9394     0.9811  0.0606     0.0189     0.5142         0.5434
     34   2.94     5.47  0.9352     0.9815  0.0648     0.0185     0.5305         0.5580
     35   2.97     5.76  0.9426     0.9825  0.0574     0.0175     0.4941         0.5254
     36   2.94     5.75  0.9372     0.9806  0.0628     0.0194     0.4841         0.5088
     37   3.00     6.58  0.9526     0.9789  0.0474     0.0211     0.4773         0.4963
     38   2.95     5.43  0.9337     0.9820  0.0663     0.0180     0.4592         0.4874
     39   2.96     5.48  0.9305     0.9835  0.0695     0.0165     0.6110         0.6520
     40   3.00     5.66  0.9454     0.9842  0.0546     0.0158     0.5537         0.5807
     41   2.95     5.42  0.9357     0.9842  0.0643     0.0158     0.5145         0.5495
     42   2.96     5.39  0.9364     0.9846  0.0636     0.0154     0.5100         0.5409
     43   2.98     5.59  0.9428     0.9836  0.0572     0.0164     0.5817         0.6097
     44   2.99     5.53  0.9427     0.9833  0.0573     0.0167     0.5665         0.6017
     45   3.00     5.76  0.9472     0.9838  0.0528     0.0162     0.5915         0.6198
     46   2.97     5.46  0.9445     0.9829  0.0555     0.0171     0.5520         0.5821
     47   3.03     7.79  0.9583     0.9816  0.0417     0.0184     0.5124         0.5327
     48   2.92     5.33  0.9339     0.9788  0.0661     0.0212     0.5232         0.5577
     49   2.94     5.43  0.9296     0.9854  0.0704     0.0146     0.5711         0.6085
     50   2.98     5.51  0.9434     0.9839  0.0566     0.0161     0.5032         0.5309
     51   2.95     5.55  0.9347     0.9845  0.0653     0.0155     0.5528         0.5851
     52   3.01     5.60  0.9480     0.9852  0.0520     0.0148     0.5575         0.5861
     53   2.96     5.55  0.9387     0.9829  0.0613     0.0171     0.5124         0.5381
     54   3.00     5.54  0.9470     0.9838  0.0530     0.0162     0.5177         0.5448
     55   2.98     5.45  0.9393     0.9841  0.0607     0.0159     0.5237         0.5533
     56   3.01     5.98  0.9499     0.9832  0.0501     0.0168     0.5244         0.5451
     57   3.00     5.67  0.9502     0.9842  0.0498     0.0158     0.5238         0.5482
     58   2.98     5.67  0.9449     0.9847  0.0551     0.0153     0.5251         0.5518
     59   2.96     5.45  0.9398     0.9851  0.0602     0.0149     0.5408         0.5712
     60   3.05     6.82  0.9607     0.9835  0.0393     0.0165     0.4867         0.5055
     61   2.93     5.44  0.9372     0.9821  0.0628     0.0179     0.5234         0.5547
     62   2.95     5.53  0.9442     0.9814  0.0558     0.0186     0.5056         0.5308
     63   2.95     5.33  0.9362     0.9853  0.0638     0.0147     0.4856         0.5179
     64   2.95     5.31  0.9371     0.9845  0.0629     0.0155     0.5296         0.5583
     65   3.02     5.62  0.9505     0.9867  0.0495     0.0133     0.5374         0.5607
     66   2.97     5.50  0.9418     0.9818  0.0582     0.0182     0.5239         0.5493
     67   2.98     5.71  0.9498     0.9836  0.0502     0.0164     0.5340         0.5570
     68   2.98     5.50  0.9472     0.9851  0.0528     0.0149     0.5097         0.5369
     69   2.99     5.45  0.9460     0.9839  0.0540     0.0161     0.5590         0.5881
     70   2.98     5.25  0.9442     0.9837  0.0558     0.0163     0.5919         0.6268
     71   2.98     5.34  0.9422     0.9840  0.0578     0.0160     0.5478         0.5764
     72   2.98     5.39  0.9434     0.9854  0.0566     0.0146     0.5729         0.6016
     73   2.96     5.45  0.9386     0.9821  0.0614     0.0179     0.4928         0.5234
     74   3.03     5.80  0.9510     0.9854  0.0490     0.0146     0.5375         0.5587
     75   2.97     5.30  0.9392     0.9850  0.0608     0.0150     0.5869         0.6226
     76   3.00     5.52  0.9459     0.9848  0.0541     0.0152     0.5290         0.5520
     77   3.03     5.94  0.9539     0.9859  0.0461     0.0141     0.4877         0.5132
     78   2.98     5.41  0.9405     0.9852  0.0595     0.0148     0.4787         0.5025
     79   3.00     5.69  0.9468     0.9853  0.0532     0.0147     0.5159         0.5365
     80   2.98     5.40  0.9439     0.9858  0.0561     0.0142     0.5488         0.5756
     81   3.00     5.55  0.9491     0.9870  0.0509     0.0130     0.5492         0.5725
     82   2.99     5.30  0.9421     0.9856  0.0579     0.0144     0.5491         0.5750
     83   3.00     5.52  0.9477     0.9850  0.0523     0.0150     0.5493         0.5767
     84   2.99     5.56  0.9460     0.9837  0.0540     0.0163     0.5291         0.5562
     85   3.00     5.31  0.9457     0.9865  0.0543     0.0135     0.6023         0.6362
     86   3.01     5.62  0.9501     0.9848  0.0499     0.0152     0.6181         0.6464
     87   2.99     5.39  0.9431     0.9851  0.0569     0.0149     0.6363         0.6679
     88   3.03     6.23  0.9549     0.9861  0.0451     0.0139     0.5822         0.6024
     89   2.99     5.44  0.9465     0.9863  0.0535     0.0137     0.5730         0.6035
     90   2.95     5.37  0.9398     0.9825  0.0602     0.0175     0.5632         0.5921
     91   2.98     5.37  0.9419     0.9852  0.0581     0.0148     0.5640         0.5977
     92   3.00     5.43  0.9480     0.9854  0.0520     0.0146     0.5634         0.5913
     93   2.98     5.36  0.9411     0.9852  0.0589     0.0148     0.5119         0.5374
     94   2.98     5.33  0.9456     0.9838  0.0544     0.0162     0.5406         0.5706
     95   2.98     5.34  0.9417     0.9860  0.0583     0.0140     0.5651         0.5916
     96   3.00     5.35  0.9452     0.9860  0.0548     0.0140     0.5706         0.5957
     97   2.95     5.30  0.9360     0.9838  0.0640     0.0162     0.5243         0.5566
     98   2.96     5.34  0.9424     0.9855  0.0576     0.0145     0.5537         0.5847
     99   3.00     5.45  0.9457     0.9855  0.0543     0.0145     0.5349         0.5616
    100   3.00     5.48  0.9499     0.9857  0.0501     0.0143     0.5643         0.5937
    101   3.02     5.69  0.9524     0.9858  0.0476     0.0142     0.5646         0.5919
    102   2.97     5.26  0.9431     0.9857  0.0569     0.0143     0.5500         0.5742
    103   3.00     5.42  0.9461     0.9856  0.0539     0.0144     0.5525         0.5797
    104   3.01     5.70  0.9511     0.9860  0.0489     0.0140     0.5559         0.5811
    105   3.00     5.42  0.9464     0.9857  0.0536     0.0143     0.6115         0.6436
    106   2.97     5.27  0.9389     0.9861  0.0611     0.0139     0.5832         0.6119
    107   3.04     5.82  0.9545     0.9873  0.0455     0.0127     0.5841         0.6062
    108   2.94     5.21  0.9378     0.9849  0.0622     0.0151     0.5472         0.5778
    109   3.01     5.47  0.9467     0.9862  0.0533     0.0138     0.5687         0.5939
    110   3.02     5.77  0.9492     0.9858  0.0508     0.0142     0.5590         0.5836
    111   2.99     5.22  0.9440     0.9863  0.0560     0.0137     0.5993         0.6263
    112   2.99     5.39  0.9467     0.9848  0.0533     0.0152     0.5219         0.5436
    113   2.98     5.19  0.9376     0.9863  0.0624     0.0137     0.5436         0.5735
    114   3.01     5.45  0.9468     0.9853  0.0532     0.0147     0.5024         0.5269
    115   3.02     5.54  0.9509     0.9851  0.0491     0.0149     0.5681         0.5967
    116   3.01     5.44  0.9479     0.9862  0.0521     0.0138     0.5292         0.5491
    117   2.98     5.23  0.9398     0.9869  0.0602     0.0131     0.5310         0.5575
    118   2.96     5.34  0.9417     0.9834  0.0583     0.0166     0.5505         0.5762
    119   2.99     5.23  0.9393     0.9864  0.0607     0.0136     0.5802         0.6109
    120   3.02     5.39  0.9490     0.9870  0.0510     0.0130     0.5491         0.5727
    121   2.99     5.67  0.9493     0.9835  0.0507     0.0165     0.5178         0.5437
    122   3.01     5.49  0.9459     0.9849  0.0541     0.0151     0.5643         0.5903
    123   3.00     5.45  0.9463     0.9854  0.0537     0.0146     0.5777         0.6057
    124   2.97     5.36  0.9415     0.9845  0.0585     0.0155     0.5184         0.5437
    125   3.01     5.48  0.9471     0.9860  0.0529     0.0140     0.5620         0.5884
    126   3.00     5.27  0.9467     0.9863  0.0533     0.0137     0.5850         0.6131
    127   3.02     5.49  0.9491     0.9862  0.0509     0.0138     0.5811         0.6057
    128   2.99     5.39  0.9456     0.9852  0.0544     0.0148     0.5741         0.5974
    129   3.00     5.46  0.9511     0.9860  0.0489     0.0140     0.5741         0.6013
    130   3.00     5.37  0.9452     0.9867  0.0548     0.0133     0.5580         0.5844
    131   2.99     5.40  0.9443     0.9863  0.0557     0.0137     0.5703         0.5948
    132   3.02     5.48  0.9512     0.9852  0.0488     0.0148     0.5736         0.5939
    133   2.99     5.23  0.9442     0.9858  0.0558     0.0142     0.6228         0.6530
    134   3.01     5.51  0.9466     0.9864  0.0534     0.0136     0.6075         0.6314
    135   3.00     5.44  0.9465     0.9852  0.0535     0.0148     0.5778         0.6008
    136   2.98     5.23  0.9430     0.9859  0.0570     0.0141     0.5879         0.6156
    137   2.98     5.20  0.9436     0.9859  0.0564     0.0141     0.5636         0.5919
    138   3.03     5.48  0.9519     0.9860  0.0481     0.0140     0.5614         0.5859
    139   3.00     5.38  0.9461     0.9859  0.0539     0.0141     0.6019         0.6315
    140   2.99     5.22  0.9457     0.9856  0.0543     0.0144     0.6576         0.6880
    141   3.00     5.44  0.9491     0.9863  0.0509     0.0137     0.6427         0.6653
    142   3.02     5.43  0.9506     0.9865  0.0494     0.0135     0.6321         0.6600
    143   3.01     5.39  0.9477     0.9869  0.0523     0.0131     0.6090         0.6324
    144   2.96     5.26  0.9421     0.9864  0.0579     0.0136     0.5762         0.6061
    145   3.00     5.46  0.9486     0.9857  0.0514     0.0143     0.5591         0.5820
    146   3.00     5.28  0.9423     0.9865  0.0577     0.0135     0.5843         0.6126
    147   3.02     5.55  0.9505     0.9866  0.0495     0.0134     0.5549         0.5798
    148   3.01     5.38  0.9458     0.9863  0.0542     0.0137     0.5646         0.5911
    149   2.99     5.30  0.9460     0.9866  0.0540     0.0134     0.6354         0.6634
    150   3.01     5.44  0.9473     0.9849  0.0527     0.0151     0.6322         0.6592
    151   3.00     5.37  0.9458     0.9855  0.0542     0.0145     0.5613         0.5866
    152   3.02     5.53  0.9497     0.9863  0.0503     0.0137     0.5483         0.5695
    153   3.03     5.52  0.9508     0.9859  0.0492     0.0141     0.5939         0.6163
    154   3.00     5.37  0.9462     0.9861  0.0538     0.0139     0.5776         0.6063
    155   2.99     5.30  0.9449     0.9855  0.0551     0.0145     0.5797         0.6045
    156   2.99     5.45  0.9454     0.9850  0.0546     0.0150     0.5827         0.6071
    157   3.01     5.42  0.9469     0.9866  0.0531     0.0134     0.5850         0.6115
    158   3.00     5.35  0.9455     0.9856  0.0545     0.0144     0.5551         0.5811
    159   3.01     5.35  0.9475     0.9866  0.0525     0.0134     0.5436         0.5750
    160   3.03     5.37  0.9506     0.9866  0.0494     0.0134     0.6005         0.6281
    161   2.98     5.30  0.9422     0.9857  0.0578     0.0143     0.5867         0.6129
    162   3.03     5.34  0.9501     0.9870  0.0499     0.0130     0.5831         0.6081
    163   2.99     5.35  0.9443     0.9857  0.0557     0.0143     0.5683         0.5962
    164   2.98     5.28  0.9437     0.9861  0.0563     0.0139     0.5371         0.5672
    165   3.00     5.37  0.9479     0.9871  0.0521     0.0129     0.5607         0.5874
    166   2.99     5.18  0.9411     0.9867  0.0589     0.0133     0.5981         0.6302
    167   3.00     5.35  0.9496     0.9864  0.0504     0.0136     0.5835         0.6101
    168   3.01     5.50  0.9510     0.9867  0.0490     0.0133     0.5909         0.6168
    169   2.98     5.24  0.9437     0.9861  0.0563     0.0139     0.6144         0.6392
    170   3.00     5.27  0.9450     0.9859  0.0550     0.0141     0.6198         0.6521
    171   3.02     5.44  0.9470     0.9859  0.0530     0.0141     0.6454         0.6721
    172   3.00     5.36  0.9469     0.9857  0.0531     0.0143     0.6536         0.6824
    173   3.01     5.45  0.9465     0.9859  0.0535     0.0141     0.6300         0.6575
    174   3.01     5.49  0.9523     0.9863  0.0477     0.0137     0.6428         0.6682
    175   3.02     5.47  0.9513     0.9863  0.0487     0.0137     0.6507         0.6759
    176   3.01     5.40  0.9483     0.9860  0.0517     0.0140     0.6319         0.6576
    177   2.98     5.27  0.9407     0.9857  0.0593     0.0143     0.6219         0.6520
    178   3.01     5.38  0.9445     0.9858  0.0555     0.0142     0.6140         0.6428
    179   3.01     5.34  0.9444     0.9864  0.0556     0.0136     0.6144         0.6383
    180   3.00     5.33  0.9421     0.9867  0.0579     0.0133     0.6023         0.6302
    181   2.99     5.27  0.9423     0.9858  0.0577     0.0142     0.6045         0.6308
    182   3.01     5.26  0.9459     0.9868  0.0541     0.0132     0.5909         0.6198
    183   3.01     5.37  0.9466     0.9861  0.0534     0.0139     0.5839         0.6117
    184   3.00     5.30  0.9452     0.9861  0.0548     0.0139     0.6017         0.6291
    185   3.00     5.29  0.9447     0.9863  0.0553     0.0137     0.6064         0.6375
    186   3.00     5.46  0.9496     0.9867  0.0504     0.0133     0.6129         0.6389
    187   3.01     5.36  0.9471     0.9870  0.0529     0.0130     0.6339         0.6641
    188   3.01     5.54  0.9487     0.9868  0.0513     0.0132     0.6376         0.6633
    189   3.02     5.38  0.9496     0.9862  0.0504     0.0138     0.6344         0.6653
    190   3.01     5.36  0.9489     0.9864  0.0511     0.0136     0.6038         0.6316
    191   3.00     5.25  0.9433     0.9858  0.0567     0.0142     0.6204         0.6464
    192   2.97     5.26  0.9423     0.9856  0.0577     0.0144     0.6402         0.6669
    193   3.01     5.28  0.9443     0.9863  0.0557     0.0137     0.6283         0.6561
    194   3.00     5.35  0.9507     0.9869  0.0493     0.0131     0.6224         0.6511
    195   3.01     5.33  0.9474     0.9866  0.0526     0.0134     0.6064         0.6326
    196   3.02     5.45  0.9502     0.9869  0.0498     0.0131     0.6041         0.6297
    197   3.02     5.34  0.9476     0.9872  0.0524     0.0128     0.6117         0.6381
    198   3.02     5.43  0.9481     0.9870  0.0519     0.0130     0.6159         0.6419
    199   3.02     5.35  0.9455     0.9863  0.0545     0.0137     0.6154         0.6456
    200   3.01     5.31  0.9465     0.9868  0.0535     0.0132     0.6152         0.6403
The log/output/model have been saved to: ./logs/train.py-multi_zetas{'num_epochs': 200, 'use_stoch': [False, False, True], 'betas': [0.1, 0.1, 0.1]}-ccf-04-03-22:50 + .csv/.out/.cpt
