  epoch    IZY    IXZ_1    IZ_1Z_2    IZ_2Z_3     acc    avg_acc     err    avg_err    adv_acc    avg_adv_acc
-------  -----  -------  ---------  ---------  ------  ---------  ------  ---------  ---------  -------------
      1   2.33    55.18      96.10      76.09  0.7826     0.8461  0.2174     0.1539     0.1634         0.1706
      2   2.06    44.84      91.86     103.52  0.7493     0.8444  0.2507     0.1556     0.2087         0.2260
      3   2.77    42.01      74.33      65.12  0.8855     0.9086  0.1145     0.0914     0.0972         0.1015
      4   2.81    34.59      66.05      54.32  0.8986     0.9222  0.1014     0.0778     0.0901         0.0904
      5   2.88    33.82      59.67      52.49  0.9088     0.9308  0.0912     0.0692     0.0935         0.0955
      6   2.29    39.99      67.60      78.80  0.8034     0.8601  0.1966     0.1399     0.1824         0.1883
      7   2.94    30.49      53.45      46.54  0.9227     0.9434  0.0773     0.0566     0.0810         0.0855
      8   3.07    37.25      71.10      54.31  0.9531     0.9551  0.0469     0.0449     0.0429         0.0434
      9   2.98    28.11      48.24      41.29  0.9360     0.9505  0.0640     0.0495     0.0751         0.0756
     10   3.01    28.52      49.08      39.83  0.9444     0.9548  0.0556     0.0452     0.0653         0.0678
     11   3.03    28.29      47.19      36.86  0.9450     0.9571  0.0550     0.0429     0.0853         0.0880
     12   2.94    26.71      41.36      35.33  0.9256     0.9469  0.0744     0.0531     0.1010         0.1074
     13   3.00    27.63      42.08      33.16  0.9419     0.9551  0.0581     0.0449     0.0846         0.0874
     14   2.98    24.38      39.27      30.99  0.9364     0.9512  0.0636     0.0488     0.0751         0.0782
     15   3.07    25.83      42.66      30.62  0.9529     0.9619  0.0471     0.0381     0.0793         0.0816
     16   3.03    24.70      37.33      27.12  0.9498     0.9613  0.0502     0.0387     0.1154         0.1201
     17   3.00    22.94      34.13      26.28  0.9439     0.9583  0.0561     0.0417     0.1218         0.1304
     18   3.05    24.79      37.98      25.68  0.9553     0.9624  0.0447     0.0376     0.1143         0.1157
     19   2.97    21.69      32.38      23.92  0.9394     0.9516  0.0606     0.0484     0.1379         0.1414
     20   3.10    27.54      41.13      25.28  0.9643     0.9686  0.0357     0.0314     0.1569         0.1582
     21   3.02    21.68      30.25      22.50  0.9466     0.9635  0.0534     0.0365     0.1542         0.1616
     22   2.92    23.43      31.23      22.67  0.9371     0.9473  0.0629     0.0527     0.1842         0.1890
     23   3.01    21.33      30.20      22.33  0.9484     0.9628  0.0516     0.0372     0.1640         0.1710
     24   3.05    20.62      28.09      20.46  0.9589     0.9688  0.0411     0.0312     0.1774         0.1828
     25   3.02    19.56      27.74      19.95  0.9543     0.9633  0.0457     0.0367     0.1491         0.1536
     26   3.04    20.91      27.16      20.14  0.9552     0.9648  0.0448     0.0352     0.1753         0.1816
     27   3.07    22.09      26.37      19.57  0.9625     0.9694  0.0375     0.0306     0.1668         0.1741
     28   3.05    20.86      26.52      19.25  0.9591     0.9652  0.0409     0.0348     0.1719         0.1777
     29   3.11    22.65      30.23      18.66  0.9709     0.9741  0.0291     0.0259     0.1505         0.1524
     30   3.03    20.88      25.90      18.59  0.9578     0.9630  0.0422     0.0370     0.1508         0.1551
     31   3.03    19.72      24.60      17.37  0.9566     0.9653  0.0434     0.0347     0.1803         0.1854
     32   3.08    20.04      26.13      17.92  0.9670     0.9710  0.0330     0.0290     0.1382         0.1388
     33   3.07    18.16      23.60      16.56  0.9640     0.9708  0.0360     0.0292     0.1512         0.1565
     34   2.99    17.68      23.14      16.58  0.9499     0.9598  0.0501     0.0402     0.1307         0.1330
     35   3.04    19.89      23.24      16.88  0.9610     0.9680  0.0390     0.0320     0.1476         0.1504
     36   3.03    20.30      22.52      17.16  0.9589     0.9685  0.0411     0.0315     0.1601         0.1651
     37   3.05    18.63      21.65      16.31  0.9597     0.9692  0.0403     0.0308     0.1408         0.1431
     38   3.00    17.69      21.20      16.66  0.9535     0.9636  0.0465     0.0364     0.1299         0.1343
     39   3.07    19.60      20.82      16.69  0.9662     0.9722  0.0338     0.0278     0.1461         0.1487
     40   3.05    17.35      20.07      16.26  0.9624     0.9695  0.0376     0.0305     0.1289         0.1321
     41   3.05    18.50      20.53      16.41  0.9632     0.9684  0.0368     0.0316     0.1146         0.1153
     42   3.06    16.82      18.58      16.07  0.9647     0.9704  0.0353     0.0296     0.1296         0.1309
     43   3.05    17.09      18.20      15.52  0.9625     0.9672  0.0375     0.0328     0.1331         0.1362
     44   3.03    16.17      17.94      14.89  0.9614     0.9681  0.0386     0.0319     0.1163         0.1151
     45   3.06    17.82      18.30      15.05  0.9661     0.9724  0.0339     0.0276     0.1381         0.1381
     46   3.06    16.98      17.05      14.41  0.9662     0.9704  0.0338     0.0296     0.1209         0.1216
     47   3.07    18.65      17.75      15.07  0.9672     0.9737  0.0328     0.0263     0.1095         0.1097
     48   3.05    16.82      17.91      14.04  0.9645     0.9684  0.0355     0.0316     0.1134         0.1120
     49   3.05    16.30      17.60      14.01  0.9631     0.9701  0.0369     0.0299     0.1110         0.1062
     50   3.07    17.10      17.01      13.88  0.9679     0.9727  0.0321     0.0273     0.1204         0.1196
     51   3.02    17.11      16.29      13.95  0.9618     0.9682  0.0382     0.0318     0.1278         0.1260
     52   3.08    17.15      16.29      13.91  0.9689     0.9743  0.0311     0.0257     0.1278         0.1279
     53   3.05    16.49      16.29      13.65  0.9644     0.9710  0.0356     0.0290     0.1346         0.1344
     54   3.06    16.85      16.20      13.31  0.9661     0.9722  0.0339     0.0278     0.1134         0.1113
     55   3.04    16.16      15.66      13.50  0.9641     0.9728  0.0359     0.0272     0.1151         0.1130
     56   3.04    17.73      15.56      13.96  0.9651     0.9697  0.0349     0.0303     0.1200         0.1198
     57   3.07    19.08      16.46      13.33  0.9696     0.9759  0.0304     0.0241     0.1097         0.1096
     58   3.04    15.08      15.52      13.03  0.9638     0.9701  0.0362     0.0299     0.1234         0.1202
     59   3.06    16.95      14.87      13.47  0.9679     0.9723  0.0321     0.0277     0.1229         0.1217
     60   3.04    15.97      14.85      12.87  0.9657     0.9726  0.0343     0.0274     0.1235         0.1253
     61   3.07    15.85      14.80      12.53  0.9680     0.9744  0.0320     0.0256     0.1191         0.1181
     62   3.06    15.91      14.81      12.72  0.9682     0.9729  0.0318     0.0271     0.1210         0.1229
     63   3.08    16.36      14.97      12.82  0.9704     0.9764  0.0296     0.0236     0.1175         0.1178
     64   3.07    15.10      14.52      12.55  0.9683     0.9737  0.0317     0.0263     0.1233         0.1225
     65   3.05    16.24      15.54      13.16  0.9669     0.9723  0.0331     0.0277     0.1257         0.1254
     66   3.07    15.68      14.62      12.43  0.9674     0.9712  0.0326     0.0288     0.1152         0.1151
     67   3.07    14.84      14.43      12.63  0.9692     0.9759  0.0308     0.0241     0.1157         0.1133
     68   3.04    15.26      14.12      12.37  0.9654     0.9727  0.0346     0.0273     0.1166         0.1172
     69   3.04    15.28      13.82      12.32  0.9655     0.9726  0.0345     0.0274     0.1159         0.1155
     70   3.08    15.73      13.95      12.27  0.9715     0.9759  0.0285     0.0241     0.1269         0.1286
     71   3.07    14.91      14.46      11.96  0.9701     0.9749  0.0299     0.0251     0.0999         0.0995
     72   3.07    15.38      13.95      12.33  0.9709     0.9758  0.0291     0.0242     0.1138         0.1122
     73   3.09    15.22      13.33      12.23  0.9709     0.9769  0.0291     0.0231     0.1307         0.1288
     74   3.05    15.98      13.35      12.40  0.9687     0.9741  0.0313     0.0259     0.1257         0.1255
     75   3.08    15.37      13.68      12.14  0.9724     0.9776  0.0276     0.0224     0.1213         0.1208
     76   3.02    14.75      13.75      12.56  0.9649     0.9703  0.0351     0.0297     0.1152         0.1162
     77   3.08    15.47      13.41      11.72  0.9725     0.9771  0.0275     0.0229     0.1091         0.1072
     78   3.07    14.68      13.18      12.21  0.9702     0.9739  0.0298     0.0261     0.1309         0.1295
     79   3.06    15.05      13.35      11.70  0.9718     0.9767  0.0282     0.0233     0.1145         0.1135
     80   3.08    14.51      13.04      12.18  0.9717     0.9751  0.0283     0.0249     0.1329         0.1311
     81   3.04    13.89      12.66      11.86  0.9672     0.9724  0.0328     0.0276     0.1246         0.1224
     82   3.06    14.62      12.99      11.55  0.9698     0.9767  0.0302     0.0233     0.1227         0.1232
     83   3.07    15.05      13.24      11.93  0.9709     0.9748  0.0291     0.0252     0.1058         0.1070
     84   3.06    14.67      12.95      11.87  0.9701     0.9748  0.0299     0.0252     0.1125         0.1130
     85   3.05    13.96      12.43      11.77  0.9683     0.9738  0.0317     0.0262     0.1176         0.1185
     86   3.04    13.98      12.70      11.35  0.9665     0.9724  0.0335     0.0276     0.1083         0.1093
     87   3.05    14.57      12.66      11.76  0.9662     0.9727  0.0338     0.0273     0.1143         0.1161
     88   3.04    14.07      12.30      11.68  0.9664     0.9715  0.0336     0.0285     0.1213         0.1188
     89   3.08    14.03      12.33      11.68  0.9714     0.9768  0.0286     0.0232     0.1067         0.1067
     90   3.04    12.85      12.33      11.63  0.9665     0.9723  0.0335     0.0277     0.1061         0.1047
     91   3.05    13.33      12.02      11.54  0.9663     0.9735  0.0337     0.0265     0.1170         0.1171
     92   3.09    13.71      12.33      11.47  0.9720     0.9770  0.0280     0.0230     0.1046         0.1038
     93   3.09    14.12      12.04      11.47  0.9723     0.9775  0.0277     0.0225     0.1145         0.1146
     94   3.07    13.75      12.00      11.33  0.9697     0.9773  0.0303     0.0227     0.1104         0.1114
     95   3.08    13.60      12.10      11.62  0.9713     0.9768  0.0287     0.0232     0.1125         0.1119
     96   3.05    13.31      11.63      11.58  0.9687     0.9737  0.0313     0.0263     0.1193         0.1169
     97   3.08    13.77      11.97      11.55  0.9723     0.9751  0.0277     0.0249     0.1135         0.1118
     98   3.07    14.25      11.74      11.49  0.9719     0.9777  0.0281     0.0223     0.1157         0.1139
     99   3.07    13.12      11.70      11.68  0.9720     0.9769  0.0280     0.0231     0.1127         0.1119
    100   3.09    13.76      12.42      11.52  0.9733     0.9777  0.0267     0.0223     0.1005         0.0978
    101   3.08    13.05      11.40      11.66  0.9715     0.9759  0.0285     0.0241     0.1152         0.1149
    102   3.06    12.79      11.34      11.69  0.9682     0.9746  0.0318     0.0254     0.1093         0.1094
    103   3.06    12.92      11.03      11.11  0.9705     0.9758  0.0295     0.0242     0.1302         0.1295
    104   3.06    13.48      11.77      11.27  0.9724     0.9767  0.0276     0.0233     0.1057         0.1061
    105   3.06    13.25      11.53      11.55  0.9678     0.9749  0.0322     0.0251     0.1082         0.1064
    106   3.06    13.92      12.19      11.59  0.9734     0.9766  0.0266     0.0234     0.1017         0.0998
    107   3.06    13.48      11.64      11.24  0.9722     0.9764  0.0278     0.0236     0.1058         0.1078
    108   3.06    13.19      11.17      11.37  0.9699     0.9774  0.0301     0.0226     0.1203         0.1194
    109   3.09    13.91      11.56      11.38  0.9742     0.9780  0.0258     0.0220     0.1029         0.1036
    110   3.06    13.51      11.03      11.32  0.9694     0.9751  0.0306     0.0249     0.1135         0.1135
    111   3.10    13.14      11.80      11.27  0.9738     0.9792  0.0262     0.0208     0.1093         0.1089
    112   3.07    12.70      11.25      11.07  0.9704     0.9762  0.0296     0.0238     0.1045         0.1047
    113   3.10    13.31      11.21      11.21  0.9746     0.9797  0.0254     0.0203     0.1085         0.1079
    114   3.08    14.26      11.71      11.37  0.9751     0.9773  0.0249     0.0227     0.1062         0.1049
    115   3.08    12.61      11.13      11.19  0.9717     0.9769  0.0283     0.0231     0.1142         0.1128
    116   3.06    13.14      11.13      11.06  0.9723     0.9751  0.0277     0.0249     0.1154         0.1169
    117   3.08    12.56      10.82      11.14  0.9712     0.9765  0.0288     0.0235     0.1214         0.1220
    118   3.09    13.39      11.10      11.20  0.9732     0.9779  0.0268     0.0221     0.1036         0.1037
    119   3.09    12.92      10.75      10.99  0.9721     0.9775  0.0279     0.0225     0.1128         0.1139
    120   3.06    12.42      10.82      11.07  0.9697     0.9760  0.0303     0.0240     0.1143         0.1142
    121   3.07    13.12      10.88      10.91  0.9712     0.9777  0.0288     0.0223     0.1127         0.1098
    122   3.07    13.29      10.93      11.07  0.9726     0.9770  0.0274     0.0230     0.1079         0.1064
    123   3.08    12.33      10.80      11.16  0.9739     0.9781  0.0261     0.0219     0.1110         0.1127
    124   3.08    12.02      10.92      11.02  0.9720     0.9773  0.0280     0.0227     0.1095         0.1072
    125   3.10    12.43      11.00      11.08  0.9741     0.9786  0.0259     0.0214     0.1115         0.1081
    126   3.09    11.98      10.53      10.78  0.9736     0.9779  0.0264     0.0221     0.1132         0.1142
    127   3.05    12.62      10.48      11.02  0.9705     0.9756  0.0295     0.0244     0.1170         0.1162
    128   3.08    12.86      10.74      11.30  0.9733     0.9773  0.0267     0.0227     0.1114         0.1119
    129   3.08    12.84      11.08      11.20  0.9747     0.9787  0.0253     0.0213     0.1040         0.1032
    130   3.08    12.54      10.74      11.13  0.9743     0.9794  0.0257     0.0206     0.1130         0.1108
    131   3.07    11.75      10.49      10.86  0.9706     0.9770  0.0294     0.0230     0.1148         0.1109
    132   3.07    12.54      10.45      10.80  0.9726     0.9788  0.0274     0.0212     0.1076         0.1073
    133   3.08    12.35      10.98      10.96  0.9739     0.9782  0.0261     0.0218     0.1071         0.1039
    134   3.07    13.31      10.70      10.97  0.9728     0.9782  0.0272     0.0218     0.1166         0.1181
    135   3.07    11.82      10.62      11.06  0.9729     0.9784  0.0271     0.0216     0.1008         0.0995
    136   3.08    12.04      10.40      10.98  0.9725     0.9775  0.0275     0.0225     0.1138         0.1124
    137   3.08    12.67      10.17      11.01  0.9763     0.9795  0.0237     0.0205     0.1122         0.1126
    138   3.08    12.73      10.05      11.12  0.9713     0.9778  0.0287     0.0222     0.1242         0.1257
    139   3.08    12.16      10.28      10.87  0.9708     0.9770  0.0292     0.0230     0.1122         0.1120
    140   3.07    12.42      10.13      10.94  0.9717     0.9776  0.0283     0.0224     0.1185         0.1168
    141   3.06    11.92      10.52      10.99  0.9718     0.9772  0.0282     0.0228     0.1096         0.1096
    142   3.07    12.22      10.25      10.95  0.9753     0.9781  0.0247     0.0219     0.1104         0.1099
    143   3.09    12.37      10.00      11.04  0.9731     0.9781  0.0269     0.0219     0.1184         0.1208
    144   3.09    12.21      10.06      10.83  0.9734     0.9777  0.0266     0.0223     0.1111         0.1097
    145   3.08    12.32      10.32      10.88  0.9749     0.9772  0.0251     0.0228     0.1069         0.1063
    146   3.08    12.27      10.33      10.79  0.9738     0.9790  0.0262     0.0210     0.1163         0.1129
    147   3.06    11.59      10.12      10.78  0.9715     0.9767  0.0285     0.0233     0.1185         0.1168
    148   3.07    11.69      10.02      10.88  0.9719     0.9772  0.0281     0.0228     0.1146         0.1115
    149   3.08    11.96      10.00      10.88  0.9746     0.9795  0.0254     0.0205     0.1108         0.1103
    150   3.07    11.91       9.95      10.81  0.9726     0.9780  0.0274     0.0220     0.1193         0.1191
    151   3.07    11.66      10.03      10.86  0.9699     0.9748  0.0301     0.0252     0.1122         0.1104
    152   3.07    12.92      10.86      10.91  0.9727     0.9788  0.0273     0.0212     0.1046         0.1049
    153   3.09    12.48       9.86      10.89  0.9737     0.9786  0.0263     0.0214     0.1206         0.1215
    154   3.09    11.35       9.87      10.82  0.9736     0.9780  0.0264     0.0220     0.1093         0.1088
    155   3.09    11.83       9.94      10.74  0.9746     0.9784  0.0254     0.0216     0.1184         0.1165
    156   3.05    12.02      10.00      10.82  0.9729     0.9775  0.0271     0.0225     0.1161         0.1164
    157   3.07    11.93       9.69      10.63  0.9721     0.9786  0.0279     0.0214     0.1309         0.1303
    158   3.07    11.73       9.76      10.76  0.9715     0.9766  0.0285     0.0234     0.1263         0.1255
    159   3.09    12.03       9.91      10.70  0.9748     0.9793  0.0252     0.0207     0.1135         0.1101
    160   3.08    11.82       9.67      10.76  0.9738     0.9772  0.0262     0.0228     0.1212         0.1223
    161   3.05    11.60      10.00      10.84  0.9716     0.9762  0.0284     0.0238     0.1102         0.1072
    162   3.08    11.38       9.62      10.55  0.9732     0.9782  0.0268     0.0218     0.1175         0.1165
    163   3.08    11.72       9.77      10.72  0.9719     0.9768  0.0281     0.0232     0.1161         0.1154
    164   3.08    11.74      10.13      10.91  0.9742     0.9786  0.0258     0.0214     0.1044         0.1036
    165   3.06    11.47       9.77      10.84  0.9725     0.9774  0.0275     0.0226     0.1211         0.1220
    166   3.08    11.41       9.81      10.81  0.9746     0.9799  0.0254     0.0201     0.1094         0.1088
    167   3.06    11.63       9.62      10.66  0.9715     0.9767  0.0285     0.0233     0.1181         0.1172
    168   3.07    11.66       9.75      10.68  0.9721     0.9773  0.0279     0.0227     0.1174         0.1168
    169   3.07    11.82       9.69      10.69  0.9745     0.9792  0.0255     0.0208     0.1195         0.1179
    170   3.07    11.79       9.85      10.62  0.9738     0.9769  0.0262     0.0231     0.1107         0.1099
    171   3.08    11.69       9.79      10.62  0.9727     0.9776  0.0273     0.0224     0.1088         0.1059
    172   3.09    11.57       9.81      10.57  0.9739     0.9794  0.0261     0.0206     0.1204         0.1199
    173   3.05    11.24       9.73      10.64  0.9711     0.9772  0.0289     0.0228     0.1176         0.1166
    174   3.10    11.59       9.57      10.70  0.9754     0.9814  0.0246     0.0186     0.1230         0.1217
    175   3.07    11.51       9.72      10.53  0.9725     0.9783  0.0275     0.0217     0.1231         0.1228
    176   3.09    11.48       9.77      10.59  0.9740     0.9797  0.0260     0.0203     0.1121         0.1142
    177   3.08    11.32       9.53      10.83  0.9740     0.9781  0.0260     0.0219     0.1195         0.1182
    178   3.07    11.60       9.60      10.57  0.9717     0.9780  0.0283     0.0220     0.1174         0.1166
    179   3.08    11.68       9.57      10.67  0.9750     0.9791  0.0250     0.0209     0.1194         0.1158
    180   3.06    11.82       9.53      10.60  0.9726     0.9779  0.0274     0.0221     0.1236         0.1236
    181   3.09    11.70       9.76      10.71  0.9748     0.9793  0.0252     0.0207     0.1171         0.1174
    182   3.07    11.18       9.59      10.58  0.9729     0.9777  0.0271     0.0223     0.1179         0.1188
    183   3.07    11.24       9.74      10.50  0.9738     0.9778  0.0262     0.0222     0.1145         0.1113
    184   3.07    11.17       9.49      10.56  0.9722     0.9771  0.0278     0.0229     0.1076         0.1066
    185   3.07    11.28       9.56      10.53  0.9721     0.9792  0.0279     0.0208     0.1204         0.1218
    186   3.08    11.05       9.58      10.68  0.9724     0.9784  0.0276     0.0216     0.1118         0.1115
    187   3.07    11.05       9.38      10.66  0.9718     0.9770  0.0282     0.0230     0.1243         0.1240
    188   3.09    11.65       9.52      10.59  0.9741     0.9786  0.0259     0.0214     0.1276         0.1276
    189   3.08    11.25       9.63      10.69  0.9744     0.9784  0.0256     0.0216     0.1191         0.1193
    190   3.09    11.69       9.86      10.67  0.9743     0.9791  0.0257     0.0209     0.1130         0.1152
    191   3.07    11.15       9.54      10.48  0.9740     0.9787  0.0260     0.0213     0.1139         0.1136
    192   3.08    11.17       9.43      10.57  0.9721     0.9786  0.0279     0.0214     0.1189         0.1185
    193   3.07    10.91       9.50      10.72  0.9723     0.9780  0.0277     0.0220     0.1133         0.1143
    194   3.07    11.20       9.68      10.65  0.9737     0.9785  0.0263     0.0215     0.1206         0.1212
    195   3.08    11.10       9.55      10.55  0.9737     0.9788  0.0263     0.0212     0.1225         0.1200
    196   3.06    11.23       9.52      10.63  0.9727     0.9788  0.0273     0.0212     0.1148         0.1137
    197   3.07    11.08       9.43      10.46  0.9713     0.9770  0.0287     0.0230     0.1231         0.1213
    198   3.09    11.33       9.63      10.53  0.9747     0.9795  0.0253     0.0205     0.1152         0.1137
    199   3.10    11.01       9.32      10.50  0.9751     0.9796  0.0249     0.0204     0.1252         0.1276
    200   3.06    11.00       9.26      10.65  0.9707     0.9767  0.0293     0.0233     0.1278         0.1235
The log/output/model have been saved to: ./logs/train.py-multi_zetas{'num_epochs': 200, 'use_stoch': [True, True, True], 'betas': [0.01, 0.01, 0.01]}-vpo-04-03-21:18 + .csv/.out/.cpt
