  epoch    IZY    IXZ_1    IZ_1Z_2     acc    avg_acc     err    avg_err    adv_acc    avg_adv_acc
-------  -----  -------  ---------  ------  ---------  ------  ---------  ---------  -------------
      1   3.14   821.52     515.89  0.9616     0.9613  0.0384     0.0387     0.0204         0.0203
      2   3.17   697.98     440.80  0.9656     0.9659  0.0344     0.0341     0.0193         0.0193
      3   3.19   610.13     388.27  0.9710     0.9710  0.0290     0.0290     0.0162         0.0162
      4   3.19   602.00     364.02  0.9711     0.9713  0.0289     0.0287     0.0207         0.0209
      5   3.19   521.86     322.77  0.9707     0.9709  0.0293     0.0291     0.0373         0.0375
      6   3.21   497.57     312.29  0.9778     0.9779  0.0222     0.0221     0.0272         0.0273
      7   3.15   455.71     298.72  0.9662     0.9665  0.0338     0.0335     0.0596         0.0608
      8   3.20   424.26     288.65  0.9765     0.9767  0.0235     0.0233     0.0568         0.0582
      9   3.20   405.71     275.07  0.9778     0.9779  0.0222     0.0221     0.0816         0.0830
     10   3.20   384.26     270.67  0.9787     0.9782  0.0213     0.0218     0.0788         0.0819
     11   3.21   363.76     253.23  0.9813     0.9813  0.0187     0.0187     0.0711         0.0744
     12   3.22   339.70     251.50  0.9792     0.9795  0.0208     0.0205     0.1171         0.1238
     13   3.20   299.35     241.94  0.9800     0.9799  0.0200     0.0201     0.1228         0.1382
     14   3.21   324.31     243.68  0.9798     0.9804  0.0202     0.0196     0.1215         0.1332
     15   3.21   292.62     239.20  0.9802     0.9805  0.0198     0.0195     0.1265         0.1446
     16   3.21   328.35     234.51  0.9803     0.9804  0.0197     0.0196     0.1355         0.1465
     17   3.22   281.52     224.64  0.9805     0.9812  0.0195     0.0188     0.1310         0.1476
     18   3.22   278.61     224.43  0.9816     0.9816  0.0184     0.0184     0.1243         0.1398
     19   3.20   350.71     237.02  0.9810     0.9808  0.0190     0.0192     0.0918         0.0980
     20   3.20   346.80     236.16  0.9783     0.9780  0.0217     0.0220     0.0812         0.0861
     21   3.22   261.44     212.52  0.9816     0.9817  0.0184     0.0183     0.1353         0.1532
     22   3.20   249.08     213.99  0.9794     0.9794  0.0206     0.0206     0.1491         0.1777
     23   3.18   228.08     214.04  0.9768     0.9770  0.0232     0.0230     0.1713         0.1984
     24   3.22   219.31     199.76  0.9829     0.9828  0.0171     0.0172     0.1996         0.2285
     25   3.21   244.46     199.12  0.9811     0.9811  0.0189     0.0189     0.1281         0.1447
     26   3.21   286.97     209.03  0.9801     0.9801  0.0199     0.0199     0.1351         0.1506
     27   3.21   235.15     194.45  0.9831     0.9825  0.0169     0.0175     0.1928         0.2159
     28   3.21   226.88     189.61  0.9828     0.9823  0.0172     0.0177     0.1589         0.1833
     29   3.20   240.24     198.26  0.9800     0.9798  0.0200     0.0202     0.1611         0.1849
     30   3.21   252.02     188.93  0.9807     0.9803  0.0193     0.0197     0.1378         0.1566
     31   3.20   211.77     180.65  0.9818     0.9814  0.0182     0.0186     0.1654         0.1955
     32   3.21   218.67     174.37  0.9837     0.9837  0.0163     0.0163     0.1257         0.1494
     33   3.22   216.36     173.27  0.9846     0.9846  0.0154     0.0154     0.1480         0.1770
     34   3.21   190.50     173.31  0.9842     0.9846  0.0158     0.0154     0.1800         0.2176
     35   3.21   194.68     175.04  0.9838     0.9839  0.0162     0.0161     0.1680         0.2067
     36   3.17   235.14     185.71  0.9757     0.9759  0.0243     0.0241     0.0772         0.0880
     37   3.18   213.20     177.34  0.9797     0.9795  0.0203     0.0205     0.1362         0.1581
     38   3.22   189.65     164.42  0.9848     0.9850  0.0152     0.0150     0.1535         0.1828
     39   3.21   178.44     165.07  0.9837     0.9841  0.0163     0.0159     0.1854         0.2214
     40   3.22   162.97     154.43  0.9837     0.9840  0.0163     0.0160     0.1638         0.2099
     41   3.22   153.20     149.04  0.9843     0.9843  0.0157     0.0157     0.1819         0.2287
     42   3.21   148.58     143.96  0.9835     0.9836  0.0165     0.0164     0.1802         0.2179
     43   3.21   194.87     154.43  0.9809     0.9814  0.0191     0.0186     0.0742         0.0850
     44   3.22   171.33     148.75  0.9845     0.9845  0.0155     0.0155     0.1438         0.1789
     45   3.22   172.69     141.70  0.9850     0.9850  0.0150     0.0150     0.1476         0.1790
     46   3.23   151.15     140.19  0.9859     0.9856  0.0141     0.0144     0.1615         0.1962
     47   3.24   129.05     131.56  0.9874     0.9874  0.0126     0.0126     0.1606         0.2022
     48   3.23   116.64     123.67  0.9867     0.9862  0.0133     0.0138     0.1515         0.1904
     49   3.21   185.14     143.11  0.9827     0.9829  0.0173     0.0171     0.0954         0.1156
     50   3.21   163.85     138.58  0.9839     0.9841  0.0161     0.0159     0.1351         0.1608
     51   3.22   138.60     129.65  0.9864     0.9865  0.0136     0.0135     0.1574         0.1955
     52   3.22   149.64     131.07  0.9859     0.9861  0.0141     0.0139     0.1331         0.1588
     53   3.21   144.86     128.42  0.9833     0.9834  0.0167     0.0166     0.1217         0.1475
     54   3.22   143.06     123.41  0.9858     0.9853  0.0142     0.0147     0.1250         0.1503
     55   3.21   150.19     129.23  0.9841     0.9841  0.0159     0.0159     0.1219         0.1450
     56   3.19   165.77     131.95  0.9821     0.9819  0.0179     0.0181     0.1341         0.1617
     57   3.21   144.65     125.30  0.9843     0.9841  0.0157     0.0159     0.1524         0.1811
     58   3.22   134.38     122.22  0.9853     0.9853  0.0147     0.0147     0.1528         0.1832
     59   3.21   118.65     120.38  0.9855     0.9853  0.0145     0.0147     0.1845         0.2273
     60   3.22   109.67     112.56  0.9867     0.9865  0.0133     0.0135     0.1697         0.2020
     61   3.22   103.52     107.89  0.9862     0.9860  0.0138     0.0140     0.1701         0.2040
     62   3.20   162.35     134.81  0.9812     0.9811  0.0188     0.0189     0.0767         0.0892
     63   3.20   127.24     115.22  0.9848     0.9849  0.0152     0.0151     0.1621         0.1931
     64   3.21   123.38     112.62  0.9853     0.9854  0.0147     0.0146     0.1639         0.1954
     65   3.22   106.20     108.24  0.9853     0.9856  0.0147     0.0144     0.1742         0.2166
     66   3.22   102.77     107.01  0.9859     0.9864  0.0141     0.0136     0.1734         0.2081
     67   3.21   144.47     112.48  0.9844     0.9841  0.0156     0.0159     0.1246         0.1504
     68   3.20   135.25     110.88  0.9838     0.9839  0.0162     0.0161     0.1287         0.1577
     69   3.20   110.72     108.41  0.9852     0.9847  0.0148     0.0153     0.1838         0.2197
     70   3.21   106.25     107.61  0.9852     0.9855  0.0148     0.0145     0.1815         0.2140
     71   3.21    94.34     103.26  0.9855     0.9854  0.0145     0.0146     0.1927         0.2351
     72   3.21    89.78      99.12  0.9849     0.9850  0.0151     0.0150     0.2000         0.2368
     73   3.22    84.29      98.71  0.9866     0.9870  0.0134     0.0130     0.2006         0.2360
     74   3.22   133.87     105.14  0.9849     0.9850  0.0151     0.0150     0.1391         0.1658
     75   3.22   120.34     101.98  0.9864     0.9860  0.0136     0.0140     0.1459         0.1731
     76   3.22   108.39     101.93  0.9860     0.9861  0.0140     0.0139     0.1588         0.1908
     77   3.21   108.91     104.95  0.9848     0.9850  0.0152     0.0150     0.1725         0.2063
     78   3.21    97.30     101.58  0.9854     0.9851  0.0146     0.0149     0.1999         0.2352
     79   3.21    90.43      98.39  0.9855     0.9853  0.0145     0.0147     0.1971         0.2317
     80   3.22    86.25      96.00  0.9862     0.9864  0.0138     0.0136     0.2164         0.2584
     81   3.19   103.64      98.51  0.9827     0.9832  0.0173     0.0168     0.1957         0.2306
     82   3.21   107.44     102.16  0.9843     0.9846  0.0157     0.0154     0.1861         0.2167
     83   3.21    94.72      98.79  0.9864     0.9864  0.0136     0.0136     0.2027         0.2434
     84   3.21    90.74      95.15  0.9865     0.9868  0.0135     0.0132     0.2006         0.2317
     85   3.22    89.87      93.65  0.9864     0.9866  0.0136     0.0134     0.1939         0.2236
     86   3.20   122.55     102.48  0.9846     0.9848  0.0154     0.0152     0.1441         0.1655
     87   3.19   110.03     103.46  0.9833     0.9834  0.0167     0.0166     0.2054         0.2494
     88   3.21    95.46      95.43  0.9851     0.9852  0.0149     0.0148     0.1995         0.2342
     89   3.21    89.41      93.60  0.9862     0.9865  0.0138     0.0135     0.2109         0.2474
     90   3.21   126.16      98.24  0.9851     0.9850  0.0149     0.0150     0.1451         0.1657
     91   3.20   107.46      97.49  0.9844     0.9847  0.0156     0.0153     0.2003         0.2335
     92   3.21   120.78      99.55  0.9849     0.9855  0.0151     0.0145     0.1633         0.1867
     93   3.21    98.73      96.81  0.9860     0.9859  0.0140     0.0141     0.1855         0.2145
     94   3.22    99.92      97.34  0.9863     0.9864  0.0137     0.0136     0.1910         0.2260
     95   3.22    87.96      94.69  0.9865     0.9866  0.0135     0.0134     0.2054         0.2483
     96   3.22    95.84      96.68  0.9864     0.9865  0.0136     0.0135     0.1952         0.2336
     97   3.21    80.00      91.11  0.9858     0.9859  0.0142     0.0141     0.2330         0.2728
     98   3.21    92.63      95.37  0.9861     0.9859  0.0139     0.0141     0.1966         0.2311
     99   3.20    96.03      93.38  0.9850     0.9849  0.0150     0.0151     0.2041         0.2359
    100   3.19    88.14      91.85  0.9845     0.9844  0.0155     0.0156     0.2211         0.2655
    101   3.21    79.17      90.55  0.9856     0.9858  0.0144     0.0142     0.2328         0.2809
    102   3.21    74.64      89.34  0.9861     0.9862  0.0139     0.0138     0.2411         0.2877
    103   3.21    70.54      87.01  0.9865     0.9865  0.0135     0.0135     0.2482         0.2930
    104   3.21    74.48      85.28  0.9861     0.9862  0.0139     0.0138     0.2465         0.2874
    105   3.21    69.77      86.78  0.9863     0.9864  0.0137     0.0136     0.2601         0.3084
    106   3.21    77.62      84.53  0.9866     0.9865  0.0134     0.0135     0.2395         0.2798
    107   3.21    63.35      83.67  0.9866     0.9867  0.0134     0.0133     0.2727         0.3189
    108   3.20    69.92      86.46  0.9855     0.9857  0.0145     0.0143     0.2691         0.3269
    109   3.20    66.94      86.02  0.9856     0.9860  0.0144     0.0140     0.2831         0.3312
    110   3.20    76.08      85.30  0.9852     0.9851  0.0148     0.0149     0.2757         0.3226
    111   3.21    69.05      84.06  0.9858     0.9858  0.0142     0.0142     0.2818         0.3336
    112   3.21    64.81      84.37  0.9859     0.9860  0.0141     0.0140     0.2849         0.3368
    113   3.21    93.50      86.81  0.9854     0.9855  0.0146     0.0145     0.2069         0.2346
    114   3.21    74.66      87.58  0.9862     0.9859  0.0138     0.0141     0.2647         0.3183
    115   3.21    94.22      83.27  0.9859     0.9862  0.0141     0.0138     0.2166         0.2454
    116   3.21    71.53      84.79  0.9860     0.9863  0.0140     0.0137     0.2686         0.3175
    117   3.21    66.14      84.58  0.9859     0.9863  0.0141     0.0137     0.2840         0.3424
    118   3.21    68.98      83.30  0.9861     0.9861  0.0139     0.0139     0.2590         0.3083
    119   3.21    62.84      82.26  0.9866     0.9864  0.0134     0.0136     0.2802         0.3337
    120   3.20    66.85      82.76  0.9861     0.9862  0.0139     0.0138     0.2860         0.3361
    121   3.21    60.90      82.07  0.9864     0.9857  0.0136     0.0143     0.2883         0.3435
    122   3.20    82.14      80.92  0.9856     0.9859  0.0144     0.0141     0.2433         0.2749
    123   3.21    58.22      79.52  0.9864     0.9862  0.0136     0.0138     0.2915         0.3436
    124   3.20    63.03      82.26  0.9864     0.9865  0.0136     0.0135     0.2823         0.3425
    125   3.20    68.31      83.61  0.9857     0.9856  0.0143     0.0144     0.2648         0.3165
    126   3.19    98.73      90.84  0.9848     0.9848  0.0152     0.0152     0.2029         0.2273
    127   3.20    65.39      83.33  0.9856     0.9853  0.0144     0.0147     0.2640         0.3228
    128   3.20    73.93      82.19  0.9857     0.9859  0.0143     0.0141     0.2411         0.2892
    129   3.20    65.41      81.17  0.9865     0.9866  0.0135     0.0134     0.2610         0.3134
    130   3.20    63.64      80.50  0.9858     0.9862  0.0142     0.0138     0.2806         0.3438
    131   3.19    59.53      80.29  0.9854     0.9858  0.0146     0.0142     0.2961         0.3573
    132   3.20    58.79      78.48  0.9864     0.9867  0.0136     0.0133     0.2925         0.3467
    133   3.20    56.00      78.26  0.9861     0.9861  0.0139     0.0139     0.3019         0.3610
    134   3.20    57.41      76.95  0.9857     0.9858  0.0143     0.0142     0.2945         0.3528
    135   3.20    57.73      78.44  0.9863     0.9860  0.0137     0.0140     0.3055         0.3595
    136   3.20    65.72      79.15  0.9852     0.9851  0.0148     0.0149     0.2988         0.3467
    137   3.20    56.49      79.70  0.9858     0.9860  0.0142     0.0140     0.3001         0.3659
    138   3.20    54.18      78.51  0.9865     0.9865  0.0135     0.0135     0.3101         0.3761
    139   3.19    57.54      77.72  0.9854     0.9859  0.0146     0.0141     0.3125         0.3741
    140   3.19    61.18      78.06  0.9848     0.9853  0.0152     0.0147     0.2998         0.3592
    141   3.19    57.52      76.34  0.9849     0.9855  0.0151     0.0145     0.3103         0.3724
    142   3.20    57.51      76.63  0.9853     0.9855  0.0147     0.0145     0.3137         0.3863
    143   3.19    55.75      77.63  0.9856     0.9858  0.0144     0.0142     0.3180         0.3815
    144   3.19    53.45      76.98  0.9860     0.9859  0.0140     0.0141     0.3201         0.3889
    145   3.20    54.15      76.24  0.9858     0.9860  0.0142     0.0140     0.3223         0.3922
    146   3.19    52.07      76.22  0.9855     0.9856  0.0145     0.0144     0.3188         0.3921
    147   3.19    53.83      76.88  0.9870     0.9874  0.0130     0.0126     0.3163         0.3867
    148   3.21    59.90      77.61  0.9863     0.9864  0.0137     0.0136     0.2984         0.3565
    149   3.20    59.05      77.09  0.9868     0.9869  0.0132     0.0131     0.3162         0.3744
    150   3.19    61.68      76.21  0.9858     0.9862  0.0142     0.0138     0.3057         0.3631
    151   3.20    54.46      76.43  0.9862     0.9863  0.0138     0.0137     0.3051         0.3708
    152   3.20    57.35      74.80  0.9859     0.9865  0.0141     0.0135     0.3095         0.3673
    153   3.20    51.66      75.76  0.9868     0.9868  0.0132     0.0132     0.3184         0.3833
    154   3.20    52.82      74.14  0.9860     0.9861  0.0140     0.0139     0.3100         0.3776
    155   3.20    50.38      74.29  0.9862     0.9864  0.0138     0.0136     0.3212         0.3912
    156   3.20    49.34      74.48  0.9859     0.9858  0.0141     0.0142     0.3247         0.3933
    157   3.20    50.92      73.49  0.9863     0.9865  0.0137     0.0135     0.3186         0.3892
    158   3.20    49.65      73.35  0.9870     0.9871  0.0130     0.0129     0.3372         0.4086
    159   3.20    48.58      73.58  0.9861     0.9865  0.0139     0.0135     0.3235         0.4081
    160   3.20    49.76      73.38  0.9867     0.9865  0.0133     0.0135     0.3191         0.3920
    161   3.20    49.63      73.61  0.9857     0.9860  0.0143     0.0140     0.3310         0.4069
    162   3.20    51.23      72.90  0.9857     0.9857  0.0143     0.0143     0.3245         0.3949
    163   3.20    48.24      72.94  0.9865     0.9869  0.0135     0.0131     0.3286         0.4044
    164   3.20    51.78      72.73  0.9862     0.9863  0.0138     0.0137     0.3291         0.3978
    165   3.20    51.00      71.54  0.9861     0.9862  0.0139     0.0138     0.3337         0.3967
    166   3.20    52.29      72.44  0.9860     0.9861  0.0140     0.0139     0.3265         0.4044
    167   3.20    47.97      73.65  0.9871     0.9871  0.0129     0.0129     0.3377         0.4141
    168   3.20    59.62      77.29  0.9856     0.9862  0.0144     0.0138     0.3031         0.3736
    169   3.20    50.11      72.89  0.9857     0.9859  0.0143     0.0141     0.3250         0.3965
    170   3.20    47.83      72.41  0.9855     0.9859  0.0145     0.0141     0.3292         0.4138
    171   3.20    51.89      73.48  0.9873     0.9872  0.0127     0.0128     0.3285         0.4012
    172   3.19    49.06      72.48  0.9864     0.9867  0.0136     0.0133     0.3286         0.4064
    173   3.19    51.46      72.00  0.9868     0.9862  0.0132     0.0138     0.3348         0.4059
    174   3.20    49.26      72.22  0.9865     0.9862  0.0135     0.0138     0.3429         0.4213
    175   3.20    78.95      77.60  0.9868     0.9868  0.0132     0.0132     0.3027         0.3319
    176   3.20    48.80      71.56  0.9868     0.9869  0.0132     0.0131     0.3372         0.4137
    177   3.20    51.99      71.60  0.9864     0.9866  0.0136     0.0134     0.3268         0.3961
    178   3.20    52.85      71.34  0.9870     0.9869  0.0130     0.0131     0.3401         0.4015
    179   3.20    46.74      70.77  0.9862     0.9862  0.0138     0.0138     0.3426         0.4305
    180   3.20    49.80      71.61  0.9857     0.9854  0.0143     0.0146     0.3245         0.3950
    181   3.20    46.27      71.80  0.9864     0.9863  0.0136     0.0137     0.3322         0.4159
    182   3.20    46.20      71.05  0.9869     0.9871  0.0131     0.0129     0.3362         0.4207
    183   3.20    44.90      71.21  0.9868     0.9867  0.0132     0.0133     0.3347         0.4248
    184   3.20    45.17      70.03  0.9862     0.9861  0.0138     0.0139     0.3468         0.4282
    185   3.19    47.86      70.24  0.9864     0.9862  0.0136     0.0138     0.3352         0.4203
    186   3.19    46.06      69.85  0.9862     0.9866  0.0138     0.0134     0.3355         0.4194
    187   3.19    45.45      69.80  0.9865     0.9865  0.0135     0.0135     0.3438         0.4264
    188   3.19    44.18      70.14  0.9858     0.9859  0.0142     0.0141     0.3405         0.4339
    189   3.19    46.48      70.23  0.9860     0.9861  0.0140     0.0139     0.3385         0.4195
    190   3.20    44.53      70.02  0.9859     0.9856  0.0141     0.0144     0.3454         0.4330
    191   3.20    46.16      69.22  0.9869     0.9870  0.0131     0.0130     0.3472         0.4257
    192   3.19    45.13      70.49  0.9855     0.9861  0.0145     0.0139     0.3377         0.4228
    193   3.20    45.94      68.82  0.9867     0.9863  0.0133     0.0137     0.3395         0.4196
    194   3.19    44.73      69.42  0.9856     0.9859  0.0144     0.0141     0.3477         0.4280
    195   3.19    45.87      69.53  0.9862     0.9869  0.0138     0.0131     0.3447         0.4264
    196   3.19    43.68      69.20  0.9867     0.9864  0.0133     0.0136     0.3578         0.4494
    197   3.19    45.28      68.34  0.9868     0.9870  0.0132     0.0130     0.3511         0.4389
    198   3.19    43.41      68.19  0.9857     0.9860  0.0143     0.0140     0.3540         0.4450
    199   3.20    42.93      68.13  0.9869     0.9870  0.0131     0.0130     0.3596         0.4499
    200   3.19    44.17      68.38  0.9865     0.9865  0.0135     0.0135     0.3581         0.4441
    201   3.19    44.37      69.52  0.9865     0.9864  0.0135     0.0136     0.3615         0.4581
    202   3.19    43.86      67.72  0.9863     0.9867  0.0137     0.0133     0.3578         0.4428
    203   3.20    45.64      68.95  0.9866     0.9867  0.0134     0.0133     0.3492         0.4253
    204   3.20    47.03      68.43  0.9870     0.9868  0.0130     0.0132     0.3525         0.4349
    205   3.19    44.27      67.66  0.9865     0.9864  0.0135     0.0136     0.3699         0.4544
    206   3.19    49.23      68.35  0.9860     0.9866  0.0140     0.0134     0.3551         0.4293
    207   3.19    43.28      68.85  0.9860     0.9862  0.0140     0.0138     0.3513         0.4440
    208   3.18    42.62      68.33  0.9853     0.9852  0.0147     0.0148     0.3492         0.4475
    209   3.20    43.88      67.21  0.9864     0.9864  0.0136     0.0136     0.3607         0.4430
    210   3.19    42.64      67.47  0.9864     0.9861  0.0136     0.0139     0.3553         0.4482
    211   3.19    42.77      67.32  0.9862     0.9863  0.0138     0.0137     0.3576         0.4481
    212   3.19    46.36      67.20  0.9863     0.9864  0.0137     0.0136     0.3467         0.4282
    213   3.20    44.60      66.88  0.9867     0.9867  0.0133     0.0133     0.3583         0.4474
    214   3.19    42.67      67.56  0.9856     0.9856  0.0144     0.0144     0.3565         0.4472
    215   3.19    45.80      67.63  0.9856     0.9860  0.0144     0.0140     0.3352         0.4214
    216   3.19    41.85      67.15  0.9859     0.9859  0.0141     0.0141     0.3572         0.4496
    217   3.19    42.77      67.49  0.9860     0.9860  0.0140     0.0140     0.3440         0.4453
    218   3.19    44.21      66.92  0.9865     0.9863  0.0135     0.0137     0.3605         0.4501
    219   3.19    46.09      67.06  0.9862     0.9861  0.0138     0.0139     0.3513         0.4376
    220   3.19    45.23      66.67  0.9861     0.9861  0.0139     0.0139     0.3544         0.4385
    221   3.19    46.75      67.18  0.9862     0.9864  0.0138     0.0136     0.3502         0.4309
    222   3.19    45.53      67.25  0.9852     0.9851  0.0148     0.0149     0.3488         0.4291
    223   3.19    44.68      67.56  0.9858     0.9861  0.0142     0.0139     0.3382         0.4292
    224   3.19    42.32      67.55  0.9863     0.9864  0.0137     0.0136     0.3546         0.4459
    225   3.20    42.12      67.45  0.9868     0.9870  0.0132     0.0130     0.3553         0.4507
    226   3.19    41.70      66.72  0.9863     0.9863  0.0137     0.0137     0.3618         0.4577
    227   3.18    43.02      66.72  0.9856     0.9855  0.0144     0.0145     0.3613         0.4583
    228   3.19    41.43      66.58  0.9864     0.9858  0.0136     0.0142     0.3599         0.4642
    229   3.19    48.09      67.10  0.9855     0.9854  0.0145     0.0146     0.3592         0.4350
    230   3.19    41.02      66.81  0.9861     0.9860  0.0139     0.0140     0.3582         0.4603
    231   3.19    41.48      66.06  0.9863     0.9860  0.0137     0.0140     0.3590         0.4637
    232   3.19    42.07      66.03  0.9862     0.9860  0.0138     0.0140     0.3610         0.4545
    233   3.19    40.38      66.51  0.9855     0.9859  0.0145     0.0141     0.3645         0.4647
    234   3.19    40.79      66.20  0.9865     0.9868  0.0135     0.0132     0.3593         0.4620
    235   3.20    46.87      66.98  0.9866     0.9864  0.0134     0.0136     0.3469         0.4196
    236   3.19    43.32      66.35  0.9860     0.9862  0.0140     0.0138     0.3570         0.4532
    237   3.19    42.74      66.33  0.9864     0.9859  0.0136     0.0141     0.3533         0.4473
    238   3.18    41.87      66.38  0.9856     0.9856  0.0144     0.0144     0.3524         0.4520
    239   3.20    43.23      66.46  0.9859     0.9864  0.0141     0.0136     0.3558         0.4418
    240   3.19    42.43      66.22  0.9855     0.9858  0.0145     0.0142     0.3562         0.4494
    241   3.19    41.75      66.15  0.9864     0.9863  0.0136     0.0137     0.3541         0.4578
    242   3.20    40.89      65.89  0.9867     0.9865  0.0133     0.0135     0.3609         0.4519
    243   3.20    43.31      65.73  0.9856     0.9858  0.0144     0.0142     0.3565         0.4473
    244   3.18    41.63      65.63  0.9859     0.9858  0.0141     0.0142     0.3595         0.4594
    245   3.20    40.81      66.07  0.9864     0.9867  0.0136     0.0133     0.3497         0.4517
    246   3.18    41.21      65.93  0.9856     0.9852  0.0144     0.0148     0.3622         0.4565
    247   3.19    42.85      65.59  0.9856     0.9861  0.0144     0.0139     0.3597         0.4549
    248   3.20    41.83      65.71  0.9865     0.9863  0.0135     0.0137     0.3650         0.4646
    249   3.19    41.12      66.02  0.9855     0.9858  0.0145     0.0142     0.3604         0.4623
    250   3.19    39.74      65.84  0.9860     0.9861  0.0140     0.0139     0.3565         0.4651
    251   3.18    41.55      66.38  0.9858     0.9861  0.0142     0.0139     0.3595         0.4563
    252   3.19    41.43      65.77  0.9857     0.9855  0.0143     0.0145     0.3524         0.4456
    253   3.19    43.11      65.29  0.9861     0.9862  0.0139     0.0138     0.3601         0.4394
    254   3.19    41.82      65.74  0.9857     0.9859  0.0143     0.0141     0.3560         0.4550
    255   3.19    41.16      65.70  0.9867     0.9870  0.0133     0.0130     0.3585         0.4558
    256   3.19    41.44      65.33  0.9866     0.9866  0.0134     0.0134     0.3598         0.4548
    257   3.20    41.47      65.97  0.9864     0.9861  0.0136     0.0139     0.3587         0.4581
    258   3.19    40.66      65.83  0.9861     0.9860  0.0139     0.0140     0.3541         0.4533
    259   3.19    40.76      65.40  0.9862     0.9864  0.0138     0.0136     0.3575         0.4487
    260   3.19    41.53      65.58  0.9864     0.9863  0.0136     0.0137     0.3545         0.4539
    261   3.19    40.71      65.41  0.9868     0.9865  0.0132     0.0135     0.3637         0.4607
    262   3.19    41.61      65.32  0.9865     0.9863  0.0135     0.0137     0.3511         0.4523
    263   3.19    41.00      65.46  0.9855     0.9857  0.0145     0.0143     0.3590         0.4571
    264   3.18    41.82      65.26  0.9865     0.9864  0.0135     0.0136     0.3563         0.4552
    265   3.19    44.23      65.68  0.9856     0.9856  0.0144     0.0144     0.3629         0.4524
    266   3.19    41.09      65.22  0.9866     0.9866  0.0134     0.0134     0.3586         0.4641
    267   3.19    41.92      65.11  0.9861     0.9858  0.0139     0.0142     0.3524         0.4440
    268   3.19    41.68      65.06  0.9864     0.9866  0.0136     0.0134     0.3558         0.4547
    269   3.19    41.61      65.10  0.9864     0.9861  0.0136     0.0139     0.3596         0.4585
    270   3.19    41.98      65.20  0.9862     0.9865  0.0138     0.0135     0.3504         0.4500
    271   3.19    40.60      65.19  0.9865     0.9865  0.0135     0.0135     0.3613         0.4597
    272   3.19    40.73      65.45  0.9862     0.9864  0.0138     0.0136     0.3523         0.4528
    273   3.20    46.12      65.09  0.9862     0.9865  0.0138     0.0135     0.3442         0.4284
    274   3.19    40.95      65.72  0.9858     0.9863  0.0142     0.0137     0.3390         0.4443
    275   3.20    40.99      65.13  0.9863     0.9867  0.0137     0.0133     0.3460         0.4468
    276   3.19    41.58      65.25  0.9865     0.9867  0.0135     0.0133     0.3476         0.4407
    277   3.20    42.38      65.37  0.9863     0.9864  0.0137     0.0136     0.3508         0.4457
    278   3.19    47.79      65.50  0.9862     0.9865  0.0138     0.0135     0.3476         0.4245
    279   3.19    40.78      64.75  0.9863     0.9865  0.0137     0.0135     0.3543         0.4567
    280   3.19    41.41      64.83  0.9861     0.9860  0.0139     0.0140     0.3511         0.4494
    281   3.18    40.86      65.23  0.9863     0.9863  0.0137     0.0137     0.3489         0.4505
    282   3.19    40.48      65.02  0.9866     0.9865  0.0134     0.0135     0.3428         0.4478
    283   3.19    40.07      65.09  0.9857     0.9857  0.0143     0.0143     0.3378         0.4494
    284   3.19    40.94      64.85  0.9868     0.9870  0.0132     0.0130     0.3545         0.4500
    285   3.19    39.92      65.23  0.9860     0.9861  0.0140     0.0139     0.3539         0.4608
    286   3.19    40.02      64.56  0.9863     0.9864  0.0137     0.0136     0.3485         0.4479
    287   3.20    41.83      64.64  0.9870     0.9871  0.0130     0.0129     0.3620         0.4609
    288   3.20    41.36      64.50  0.9869     0.9871  0.0131     0.0129     0.3558         0.4500
    289   3.19    42.07      64.65  0.9858     0.9859  0.0142     0.0141     0.3500         0.4438
    290   3.20    42.22      64.40  0.9865     0.9865  0.0135     0.0135     0.3530         0.4474
    291   3.20    40.72      64.19  0.9853     0.9855  0.0147     0.0145     0.3489         0.4460
    292   3.19    40.87      64.55  0.9867     0.9868  0.0133     0.0132     0.3499         0.4503
    293   3.19    39.99      64.37  0.9861     0.9857  0.0139     0.0143     0.3470         0.4540
    294   3.19    41.42      64.83  0.9861     0.9862  0.0139     0.0138     0.3576         0.4569
    295   3.19    40.55      64.63  0.9872     0.9867  0.0128     0.0133     0.3543         0.4573
    296   3.19    40.02      64.45  0.9862     0.9862  0.0138     0.0138     0.3560         0.4573
    297   3.20    40.88      64.61  0.9864     0.9864  0.0136     0.0136     0.3513         0.4535
    298   3.19    39.70      64.31  0.9865     0.9862  0.0135     0.0138     0.3510         0.4560
    299   3.18    40.37      64.56  0.9855     0.9855  0.0145     0.0145     0.3545         0.4520
    300   3.19    40.21      64.47  0.9863     0.9862  0.0137     0.0138     0.3551         0.4594
The log/output/model have been saved to: ./logs/train.py-multi_zetas300_False_True_True_1e-05_1e-05_1e-05-ebq-04-23-15:45 + .csv/.out/.cpt
