  epoch    IZY    IXZ_1    IZ_1Z_2    IZ_2Z_3     acc    avg_acc     err    avg_err    adv_acc    avg_adv_acc
-------  -----  -------  ---------  ---------  ------  ---------  ------  ---------  ---------  -------------
      1   2.97   164.26     181.87     133.65  0.9280     0.9305  0.0720     0.0695     0.0589         0.0597
      2   3.11   143.43     177.67     129.39  0.9533     0.9541  0.0467     0.0459     0.0414         0.0432
      3   3.07   136.37     165.34     123.26  0.9475     0.9473  0.0525     0.0527     0.0493         0.0537
      4   3.10    99.72     112.38      94.79  0.9537     0.9570  0.0463     0.0430     0.0733         0.0857
      5   3.14    98.26     113.25      93.33  0.9630     0.9657  0.0370     0.0343     0.0650         0.0763
      6   3.14    87.39      96.17      86.62  0.9636     0.9672  0.0364     0.0328     0.0819         0.0940
      7   3.17   102.05     128.66      92.80  0.9700     0.9709  0.0300     0.0291     0.0452         0.0510
      8   3.14    83.71      95.47      85.85  0.9654     0.9687  0.0346     0.0313     0.0808         0.0956
      9   3.16    79.39      93.80      77.97  0.9686     0.9707  0.0314     0.0293     0.0737         0.0922
     10   3.19    80.49      93.77      75.77  0.9757     0.9758  0.0243     0.0242     0.0731         0.0885
     11   3.16    81.62      95.33      73.16  0.9704     0.9707  0.0296     0.0293     0.0644         0.0793
     12   3.17    71.03      83.06      70.87  0.9718     0.9743  0.0282     0.0257     0.0816         0.1011
     13   3.18    69.03      81.48      67.87  0.9727     0.9754  0.0273     0.0246     0.0829         0.1028
     14   3.20    68.89      81.44      64.18  0.9774     0.9771  0.0226     0.0229     0.0890         0.1058
     15   3.19    67.02      78.67      62.03  0.9753     0.9763  0.0247     0.0237     0.0881         0.1045
     16   3.18    68.67      78.28      60.91  0.9771     0.9777  0.0229     0.0223     0.1032         0.1192
     17   3.15    60.66      75.53      62.17  0.9700     0.9725  0.0300     0.0275     0.0943         0.1142
     18   3.15    61.15      73.73      61.68  0.9720     0.9738  0.0280     0.0262     0.0958         0.1153
     19   3.18    61.40      69.61      59.14  0.9751     0.9774  0.0249     0.0226     0.1353         0.1696
     20   3.19    58.21      72.20      56.35  0.9788     0.9783  0.0212     0.0217     0.1104         0.1337
     21   3.19    58.37      66.72      53.19  0.9747     0.9770  0.0253     0.0230     0.1148         0.1363
     22   3.17    52.33      62.33      55.30  0.9769     0.9774  0.0231     0.0226     0.1404         0.1685
     23   3.19    66.29      82.96      57.18  0.9786     0.9785  0.0214     0.0215     0.1122         0.1262
     24   3.17    55.20      67.46      54.80  0.9752     0.9766  0.0248     0.0234     0.1401         0.1585
     25   3.14    60.16      65.18      51.83  0.9733     0.9741  0.0267     0.0259     0.1683         0.2017
     26   3.18    55.15      68.29      49.61  0.9773     0.9779  0.0227     0.0221     0.1481         0.1661
     27   3.19    54.97      59.00      47.90  0.9802     0.9805  0.0198     0.0195     0.1843         0.2149
     28   3.18    49.97      57.66      46.87  0.9777     0.9791  0.0223     0.0209     0.1895         0.2203
     29   3.18    52.03      59.58      46.32  0.9778     0.9789  0.0222     0.0211     0.1927         0.2233
     30   3.18    48.27      54.02      47.37  0.9780     0.9783  0.0220     0.0217     0.2223         0.2595
     31   3.17    54.91      58.49      44.22  0.9781     0.9795  0.0219     0.0205     0.2191         0.2456
     32   3.18    48.88      55.07      45.99  0.9795     0.9803  0.0205     0.0197     0.2161         0.2388
     33   3.17    51.14      61.02      44.50  0.9803     0.9805  0.0197     0.0195     0.1980         0.2123
     34   3.17    47.19      51.40      44.82  0.9768     0.9788  0.0232     0.0212     0.2423         0.2717
     35   3.17    47.78      51.34      43.34  0.9788     0.9801  0.0212     0.0199     0.2704         0.3022
     36   3.17    47.90      50.78      41.65  0.9786     0.9788  0.0214     0.0212     0.2931         0.3203
     37   3.17    45.01      49.75      40.87  0.9796     0.9805  0.0204     0.0195     0.2798         0.3038
     38   3.17    43.15      46.04      41.17  0.9795     0.9809  0.0205     0.0191     0.2759         0.3105
     39   3.18    41.57      47.17      40.12  0.9819     0.9827  0.0181     0.0173     0.2696         0.2912
     40   3.19    43.37      49.08      38.70  0.9816     0.9814  0.0184     0.0186     0.2911         0.3119
     41   3.18    40.71      45.31      41.78  0.9804     0.9813  0.0196     0.0187     0.2953         0.3309
     42   3.18    40.61      42.34      39.00  0.9811     0.9815  0.0189     0.0185     0.3318         0.3598
     43   3.17    43.55      45.58      37.86  0.9803     0.9802  0.0197     0.0198     0.3265         0.3546
     44   3.10    44.31      44.92      38.77  0.9705     0.9727  0.0295     0.0273     0.3002         0.3260
     45   3.16    42.02      42.26      37.52  0.9790     0.9799  0.0210     0.0201     0.2977         0.3329
     46   3.17    41.34      41.03      37.36  0.9806     0.9815  0.0194     0.0185     0.3413         0.3787
     47   3.18    39.73      41.51      35.90  0.9812     0.9834  0.0188     0.0166     0.3069         0.3334
     48   3.17    44.21      43.60      36.76  0.9806     0.9816  0.0194     0.0184     0.3189         0.3438
     49   3.16    44.44      46.31      35.32  0.9811     0.9813  0.0189     0.0187     0.2821         0.2992
     50   3.18    39.79      42.67      34.34  0.9809     0.9814  0.0191     0.0186     0.2829         0.3027
     51   3.14    40.55      39.10      35.28  0.9759     0.9773  0.0241     0.0227     0.3169         0.3431
     52   3.11    41.92      39.23      35.82  0.9742     0.9753  0.0258     0.0247     0.3315         0.3499
     53   3.16    36.02      37.70      33.85  0.9791     0.9808  0.0209     0.0192     0.3260         0.3450
     54   3.16    40.54      43.40      32.87  0.9795     0.9793  0.0205     0.0207     0.3082         0.3198
     55   3.18    39.19      36.98      32.73  0.9808     0.9814  0.0192     0.0186     0.3429         0.3595
     56   3.18    41.12      43.92      32.45  0.9830     0.9825  0.0170     0.0175     0.3147         0.3267
     57   3.15    41.72      41.21      33.23  0.9800     0.9800  0.0200     0.0200     0.3190         0.3327
     58   3.16    39.55      40.65      31.15  0.9803     0.9802  0.0197     0.0198     0.3228         0.3344
     59   3.17    33.51      35.45      31.72  0.9812     0.9825  0.0188     0.0175     0.3224         0.3406
     60   3.18    35.94      36.34      31.29  0.9814     0.9825  0.0186     0.0175     0.3035         0.3219
     61   3.16    35.15      34.93      31.98  0.9813     0.9818  0.0187     0.0182     0.3190         0.3332
     62   3.17    36.44      36.06      30.27  0.9824     0.9829  0.0176     0.0171     0.3204         0.3337
     63   3.15    36.04      34.03      31.01  0.9796     0.9808  0.0204     0.0192     0.2994         0.3144
     64   3.15    35.33      34.24      30.78  0.9800     0.9805  0.0200     0.0195     0.2904         0.3044
     65   3.15    36.51      34.74      30.93  0.9791     0.9796  0.0209     0.0204     0.3103         0.3263
     66   3.15    33.17      33.80      29.57  0.9795     0.9810  0.0205     0.0190     0.3011         0.3136
     67   3.17    32.61      33.05      29.32  0.9814     0.9822  0.0186     0.0178     0.3193         0.3361
     68   3.17    34.10      32.81      29.84  0.9815     0.9829  0.0185     0.0171     0.2838         0.2964
     69   3.16    34.82      32.35      29.42  0.9803     0.9809  0.0197     0.0191     0.3123         0.3266
     70   3.16    31.45      31.20      29.27  0.9817     0.9828  0.0183     0.0172     0.2932         0.3065
     71   3.14    36.04      32.27      28.63  0.9787     0.9802  0.0213     0.0198     0.3080         0.3186
     72   3.17    32.87      31.68      28.27  0.9828     0.9833  0.0172     0.0167     0.2993         0.3119
     73   3.17    34.50      35.44      28.47  0.9839     0.9838  0.0161     0.0162     0.2666         0.2748
     74   3.13    33.14      29.99      28.42  0.9786     0.9802  0.0214     0.0198     0.3000         0.3164
     75   3.16    30.75      31.00      27.82  0.9816     0.9822  0.0184     0.0178     0.2808         0.2901
     76   3.17    34.02      29.80      28.56  0.9817     0.9812  0.0183     0.0188     0.3107         0.3201
     77   3.17    30.18      29.51      27.95  0.9824     0.9829  0.0176     0.0171     0.2720         0.2864
     78   3.16    30.37      29.89      28.06  0.9819     0.9828  0.0181     0.0172     0.2729         0.2800
     79   3.17    32.14      31.05      27.80  0.9817     0.9829  0.0183     0.0171     0.2843         0.2951
     80   3.16    36.92      36.48      26.36  0.9817     0.9817  0.0183     0.0183     0.2676         0.2739
     81   3.17    34.76      33.43      26.14  0.9831     0.9830  0.0169     0.0170     0.2795         0.2840
     82   3.17    31.34      29.13      27.11  0.9818     0.9821  0.0182     0.0179     0.2990         0.3096
     83   3.16    30.29      29.39      28.20  0.9816     0.9816  0.0184     0.0184     0.2789         0.2867
     84   3.17    34.13      33.77      25.62  0.9842     0.9844  0.0158     0.0156     0.2703         0.2751
     85   3.16    29.75      27.40      26.56  0.9826     0.9832  0.0174     0.0168     0.3000         0.3094
     86   3.14    29.10      28.52      26.97  0.9787     0.9806  0.0213     0.0194     0.2721         0.2805
     87   3.16    28.70      30.18      26.32  0.9823     0.9824  0.0177     0.0176     0.2427         0.2487
     88   3.14    30.90      27.85      26.45  0.9806     0.9812  0.0194     0.0188     0.2850         0.2946
     89   3.16    30.19      29.36      26.04  0.9827     0.9833  0.0173     0.0167     0.2531         0.2597
     90   3.15    28.55      26.99      25.57  0.9819     0.9824  0.0181     0.0176     0.2787         0.2881
     91   3.17    30.87      30.16      25.18  0.9839     0.9847  0.0161     0.0153     0.2323         0.2370
     92   3.14    28.61      28.17      25.12  0.9797     0.9800  0.0203     0.0200     0.2444         0.2518
     93   3.14    28.19      26.85      25.59  0.9803     0.9809  0.0197     0.0191     0.2673         0.2732
     94   3.15    29.22      27.45      25.96  0.9818     0.9824  0.0182     0.0176     0.2554         0.2625
     95   3.14    28.34      27.90      24.58  0.9812     0.9815  0.0188     0.0185     0.2460         0.2535
     96   3.13    29.06      26.69      25.61  0.9798     0.9810  0.0202     0.0190     0.2758         0.2817
     97   3.16    29.87      26.16      24.33  0.9833     0.9841  0.0167     0.0159     0.2763         0.2848
     98   3.16    29.27      27.84      24.99  0.9823     0.9836  0.0177     0.0164     0.2212         0.2255
     99   3.16    28.81      29.47      24.19  0.9831     0.9835  0.0169     0.0165     0.2125         0.2157
    100   3.15    27.09      25.58      25.04  0.9812     0.9824  0.0188     0.0176     0.2580         0.2643
    101   3.16    28.38      26.80      24.68  0.9819     0.9829  0.0181     0.0171     0.2268         0.2283
    102   3.15    28.44      27.52      24.40  0.9819     0.9825  0.0181     0.0175     0.2102         0.2134
    103   3.16    30.36      28.71      23.86  0.9832     0.9835  0.0168     0.0165     0.2183         0.2223
    104   3.16    29.62      25.88      24.83  0.9816     0.9826  0.0184     0.0174     0.2515         0.2597
    105   3.15    27.99      26.51      23.89  0.9815     0.9822  0.0185     0.0178     0.2310         0.2369
    106   3.16    26.74      26.44      24.22  0.9823     0.9834  0.0177     0.0166     0.2030         0.2096
    107   3.16    27.74      26.27      23.86  0.9841     0.9848  0.0159     0.0152     0.2214         0.2271
    108   3.16    27.32      25.43      24.08  0.9805     0.9818  0.0195     0.0182     0.2242         0.2292
    109   3.14    26.32      25.05      24.40  0.9803     0.9812  0.0197     0.0188     0.2147         0.2199
    110   3.16    26.23      24.57      24.52  0.9824     0.9824  0.0176     0.0176     0.2283         0.2321
    111   3.13    26.87      25.61      23.66  0.9795     0.9804  0.0205     0.0196     0.2062         0.2102
    112   3.15    26.31      25.23      23.88  0.9816     0.9820  0.0184     0.0180     0.2101         0.2141
    113   3.16    26.59      25.05      23.94  0.9828     0.9833  0.0172     0.0167     0.2102         0.2135
    114   3.17    29.78      27.87      22.92  0.9840     0.9844  0.0160     0.0156     0.1963         0.1994
    115   3.15    26.07      24.44      23.24  0.9814     0.9825  0.0186     0.0175     0.2276         0.2331
    116   3.15    24.82      25.25      23.12  0.9817     0.9827  0.0183     0.0173     0.1997         0.2033
    117   3.12    24.95      24.25      23.87  0.9805     0.9814  0.0195     0.0186     0.2017         0.2077
    118   3.11    26.46      25.95      23.39  0.9783     0.9786  0.0217     0.0214     0.1923         0.1960
    119   3.13    27.06      24.35      23.58  0.9811     0.9817  0.0189     0.0183     0.2196         0.2286
    120   3.14    26.11      23.29      23.36  0.9817     0.9829  0.0183     0.0171     0.2479         0.2525
    121   3.14    25.49      24.01      23.67  0.9810     0.9811  0.0190     0.0189     0.2127         0.2164
    122   3.16    25.81      24.02      23.37  0.9825     0.9821  0.0175     0.0179     0.2032         0.2067
    123   3.15    26.04      25.22      22.95  0.9824     0.9832  0.0176     0.0168     0.2076         0.2086
    124   3.14    25.01      23.58      23.20  0.9807     0.9821  0.0193     0.0179     0.2147         0.2211
    125   3.15    24.89      23.83      23.05  0.9822     0.9828  0.0178     0.0172     0.2165         0.2198
    126   3.13    24.77      23.72      23.10  0.9813     0.9821  0.0187     0.0179     0.2123         0.2140
    127   3.14    25.46      24.39      22.99  0.9823     0.9829  0.0177     0.0171     0.2029         0.2069
    128   3.12    25.77      23.99      22.84  0.9810     0.9808  0.0190     0.0192     0.1990         0.2034
    129   3.16    24.09      23.36      22.92  0.9829     0.9843  0.0171     0.0157     0.1997         0.2031
    130   3.14    24.60      23.64      22.88  0.9814     0.9823  0.0186     0.0177     0.2100         0.2141
    131   3.14    25.19      23.76      22.58  0.9825     0.9831  0.0175     0.0169     0.2025         0.2082
    132   3.13    25.00      23.95      22.42  0.9822     0.9829  0.0178     0.0171     0.1904         0.1933
    133   3.16    25.24      23.83      22.94  0.9827     0.9843  0.0173     0.0157     0.1910         0.1942
    134   3.12    24.40      23.18      22.71  0.9801     0.9813  0.0199     0.0187     0.1965         0.1989
    135   3.16    24.49      23.45      22.51  0.9835     0.9840  0.0165     0.0160     0.1867         0.1921
    136   3.16    23.95      23.21      22.69  0.9818     0.9834  0.0182     0.0166     0.1966         0.1995
    137   3.13    25.13      23.91      22.06  0.9821     0.9822  0.0179     0.0178     0.1901         0.1933
    138   3.15    23.70      23.18      22.93  0.9833     0.9836  0.0167     0.0164     0.1897         0.1904
    139   3.15    24.62      22.99      22.49  0.9818     0.9826  0.0182     0.0174     0.1979         0.2019
    140   3.14    23.95      22.95      22.52  0.9806     0.9818  0.0194     0.0182     0.1745         0.1780
    141   3.16    23.60      23.00      22.27  0.9823     0.9836  0.0177     0.0164     0.1882         0.1919
    142   3.13    23.24      23.03      22.36  0.9802     0.9814  0.0198     0.0186     0.1871         0.1890
    143   3.14    24.15      23.09      22.27  0.9817     0.9822  0.0183     0.0178     0.1841         0.1878
    144   3.13    25.53      24.23      21.57  0.9816     0.9822  0.0184     0.0178     0.1771         0.1812
    145   3.15    23.73      22.57      22.06  0.9824     0.9840  0.0176     0.0160     0.1915         0.1948
    146   3.13    23.20      23.06      22.23  0.9814     0.9829  0.0186     0.0171     0.1644         0.1680
    147   3.14    23.81      22.55      22.12  0.9813     0.9822  0.0187     0.0178     0.1910         0.1952
    148   3.15    24.94      23.34      22.04  0.9828     0.9841  0.0172     0.0159     0.1867         0.1880
    149   3.14    23.51      23.48      21.65  0.9830     0.9833  0.0170     0.0167     0.1667         0.1696
    150   3.14    24.39      22.38      21.97  0.9817     0.9819  0.0183     0.0181     0.1942         0.1970
    151   3.15    23.85      23.40      21.16  0.9825     0.9833  0.0175     0.0167     0.1795         0.1825
    152   3.15    23.26      22.65      21.85  0.9811     0.9824  0.0189     0.0176     0.1782         0.1797
    153   3.15    23.80      22.52      21.90  0.9814     0.9833  0.0186     0.0167     0.1767         0.1798
    154   3.15    23.20      22.64      21.98  0.9823     0.9828  0.0177     0.0172     0.1709         0.1750
    155   3.13    22.83      22.30      21.82  0.9810     0.9816  0.0190     0.0184     0.1796         0.1820
    156   3.15    23.23      22.82      21.46  0.9824     0.9835  0.0176     0.0165     0.1697         0.1737
    157   3.15    24.25      22.25      21.58  0.9821     0.9824  0.0179     0.0176     0.1842         0.1869
    158   3.16    22.91      22.64      21.67  0.9824     0.9829  0.0176     0.0171     0.1678         0.1712
    159   3.15    23.01      22.94      21.43  0.9819     0.9830  0.0181     0.0170     0.1675         0.1698
    160   3.15    22.20      22.49      22.12  0.9808     0.9818  0.0192     0.0182     0.1571         0.1598
    161   3.14    22.92      22.11      21.52  0.9813     0.9820  0.0187     0.0180     0.1758         0.1790
    162   3.16    22.76      21.83      21.65  0.9825     0.9827  0.0175     0.0173     0.1861         0.1898
    163   3.15    22.91      22.28      21.46  0.9826     0.9837  0.0174     0.0163     0.1700         0.1725
    164   3.14    23.76      22.81      21.25  0.9824     0.9832  0.0176     0.0168     0.1722         0.1736
    165   3.13    23.44      23.26      20.99  0.9823     0.9826  0.0177     0.0174     0.1569         0.1608
    166   3.15    22.31      21.50      21.64  0.9826     0.9828  0.0174     0.0172     0.1887         0.1931
    167   3.13    22.92      21.73      21.20  0.9806     0.9813  0.0194     0.0187     0.1753         0.1788
    168   3.14    22.69      21.50      21.65  0.9819     0.9829  0.0181     0.0171     0.1878         0.1901
    169   3.14    23.02      21.86      21.56  0.9820     0.9824  0.0180     0.0176     0.1668         0.1699
    170   3.14    22.68      22.41      21.23  0.9825     0.9828  0.0175     0.0172     0.1588         0.1608
    171   3.15    22.96      21.55      21.44  0.9828     0.9836  0.0172     0.0164     0.1826         0.1839
    172   3.12    22.53      22.06      21.34  0.9800     0.9810  0.0200     0.0190     0.1641         0.1664
    173   3.15    23.31      21.67      21.20  0.9829     0.9834  0.0171     0.0166     0.1815         0.1816
    174   3.13    21.82      21.87      21.43  0.9816     0.9810  0.0184     0.0190     0.1689         0.1714
    175   3.13    22.09      21.44      21.26  0.9809     0.9817  0.0191     0.0183     0.1706         0.1740
    176   3.12    21.78      22.10      21.03  0.9808     0.9823  0.0192     0.0177     0.1597         0.1617
    177   3.15    22.05      21.47      21.45  0.9823     0.9833  0.0177     0.0167     0.1744         0.1762
    178   3.16    22.47      21.75      21.24  0.9828     0.9846  0.0172     0.0154     0.1711         0.1731
    179   3.14    22.80      22.48      20.96  0.9817     0.9824  0.0183     0.0176     0.1603         0.1609
    180   3.16    22.14      21.60      21.33  0.9840     0.9843  0.0160     0.0157     0.1703         0.1717
    181   3.15    22.21      21.15      21.35  0.9823     0.9835  0.0177     0.0165     0.1805         0.1838
    182   3.14    23.21      21.65      21.03  0.9825     0.9833  0.0175     0.0167     0.1680         0.1692
    183   3.15    22.36      21.64      20.89  0.9824     0.9831  0.0176     0.0169     0.1660         0.1692
    184   3.15    22.19      22.29      20.79  0.9839     0.9839  0.0161     0.0161     0.1535         0.1568
    185   3.13    21.47      21.37      21.14  0.9809     0.9829  0.0191     0.0171     0.1630         0.1670
    186   3.15    21.92      21.38      20.84  0.9811     0.9829  0.0189     0.0171     0.1656         0.1661
    187   3.16    22.69      22.02      20.83  0.9838     0.9845  0.0162     0.0155     0.1586         0.1608
    188   3.14    22.95      21.51      21.04  0.9820     0.9821  0.0180     0.0179     0.1663         0.1678
    189   3.14    22.03      21.58      21.13  0.9824     0.9829  0.0176     0.0171     0.1547         0.1573
    190   3.14    21.89      21.20      20.99  0.9813     0.9818  0.0187     0.0182     0.1671         0.1695
    191   3.13    21.85      21.27      21.04  0.9814     0.9819  0.0186     0.0181     0.1598         0.1604
    192   3.16    21.60      21.38      21.12  0.9835     0.9844  0.0165     0.0156     0.1587         0.1585
    193   3.14    22.32      20.81      21.14  0.9830     0.9832  0.0170     0.0168     0.1689         0.1702
    194   3.13    22.17      21.21      21.11  0.9824     0.9832  0.0176     0.0168     0.1670         0.1688
    195   3.15    21.97      21.05      20.86  0.9830     0.9847  0.0170     0.0153     0.1639         0.1665
    196   3.14    21.58      21.37      20.84  0.9821     0.9828  0.0179     0.0172     0.1554         0.1574
    197   3.14    21.62      20.91      21.08  0.9816     0.9827  0.0184     0.0173     0.1621         0.1642
    198   3.15    21.85      21.07      20.90  0.9821     0.9837  0.0179     0.0163     0.1622         0.1647
    199   3.14    21.70      21.62      20.67  0.9817     0.9825  0.0183     0.0175     0.1578         0.1561
    200   3.15    22.65      21.85      20.64  0.9827     0.9837  0.0173     0.0163     0.1532         0.1555
The log/output/model have been saved to: ./logs/train.py-multi_zetas{'num_epochs': 200, 'use_stoch': [True, True, True], 'betas': [0.001, 0.001, 0.001]}-ihu-04-03-19:34 + .csv/.out/.cpt
