  epoch    IZY    IXZ_1    IZ_1Z_2    IZ_2Z_3     acc    avg_acc     err    avg_err    adv_acc    avg_adv_acc
-------  -----  -------  ---------  ---------  ------  ---------  ------  ---------  ---------  -------------
      1   3.11  2418.69    1308.30     691.90  0.9539     0.9538  0.0461     0.0462     0.0184         0.0182
      2   3.18  2367.97    1278.30     707.81  0.9691     0.9692  0.0309     0.0308     0.0160         0.0161
      3   3.18  2339.33    1238.69     698.29  0.9696     0.9695  0.0304     0.0305     0.0148         0.0148
      4   3.21  2325.86    1243.05     723.62  0.9767     0.9771  0.0233     0.0229     0.0170         0.0170
      5   3.19  2315.33    1221.34     726.32  0.9713     0.9713  0.0287     0.0287     0.0292         0.0292
      6   3.17  2298.32    1203.49     719.83  0.9680     0.9681  0.0320     0.0319     0.0335         0.0338
      7   3.23  2294.44    1208.17     738.59  0.9801     0.9802  0.0199     0.0198     0.0492         0.0485
      8   3.19  2299.91    1197.96     741.26  0.9755     0.9752  0.0245     0.0248     0.0756         0.0750
      9   3.21  2297.81    1176.42     717.50  0.9767     0.9767  0.0233     0.0233     0.0736         0.0739
     10   3.21  2292.32    1178.99     720.28  0.9778     0.9773  0.0222     0.0227     0.0511         0.0509
     11   3.18  2293.29    1173.01     709.60  0.9753     0.9752  0.0247     0.0248     0.1052         0.1059
     12   3.21  2286.86    1165.12     707.61  0.9792     0.9791  0.0208     0.0209     0.0913         0.0923
     13   3.20  2277.43    1155.31     698.09  0.9754     0.9754  0.0246     0.0246     0.0800         0.0799
     14   3.20  2276.93    1153.38     720.76  0.9777     0.9776  0.0223     0.0224     0.1461         0.1459
     15   3.20  2269.47    1142.94     712.76  0.9797     0.9796  0.0203     0.0204     0.0981         0.0980
     16   3.23  2264.38    1135.45     722.03  0.9842     0.9843  0.0158     0.0157     0.1500         0.1498
     17   3.22  2256.71    1124.04     705.63  0.9823     0.9823  0.0177     0.0177     0.1537         0.1542
     18   3.18  2252.72    1113.56     689.33  0.9764     0.9763  0.0236     0.0237     0.1396         0.1396
     19   3.19  2245.03    1113.06     731.38  0.9776     0.9778  0.0224     0.0222     0.1709         0.1722
     20   3.21  2242.70    1101.65     694.53  0.9802     0.9803  0.0198     0.0197     0.1471         0.1474
     21   3.22  2239.43    1090.26     680.74  0.9816     0.9815  0.0184     0.0185     0.1798         0.1803
     22   3.17  2229.63    1084.75     712.20  0.9753     0.9753  0.0247     0.0247     0.2001         0.1998
     23   3.21  2230.28    1077.34     680.97  0.9830     0.9829  0.0170     0.0171     0.1551         0.1550
     24   3.16  2218.06    1073.65     698.66  0.9771     0.9771  0.0229     0.0229     0.2469         0.2474
     25   3.19  2213.95    1066.43     704.73  0.9805     0.9807  0.0195     0.0193     0.2346         0.2342
     26   3.18  2200.50    1062.35     697.98  0.9779     0.9778  0.0221     0.0222     0.2162         0.2166
     27   3.21  2194.78    1053.60     700.58  0.9818     0.9818  0.0182     0.0182     0.2151         0.2154
     28   3.22  2194.55    1048.42     666.64  0.9847     0.9848  0.0153     0.0152     0.2226         0.2225
     29   3.18  2189.38    1042.90     667.04  0.9800     0.9799  0.0200     0.0201     0.2232         0.2229
     30   3.20  2182.64    1038.25     661.48  0.9818     0.9816  0.0182     0.0184     0.2480         0.2487
     31   3.20  2177.81    1029.11     647.07  0.9819     0.9819  0.0181     0.0181     0.2226         0.2225
     32   3.21  2168.10    1016.27     647.58  0.9827     0.9827  0.0173     0.0173     0.2354         0.2352
     33   3.22  2160.87    1009.20     653.19  0.9843     0.9843  0.0157     0.0157     0.2648         0.2646
     34   3.22  2147.83    1002.68     675.40  0.9851     0.9849  0.0149     0.0151     0.2947         0.2953
     35   3.22  2143.62     991.60     646.16  0.9850     0.9850  0.0150     0.0150     0.2610         0.2600
     36   3.17  2139.75     991.03     629.80  0.9783     0.9785  0.0217     0.0215     0.2576         0.2582
     37   3.23  2133.06     984.21     633.08  0.9863     0.9862  0.0137     0.0138     0.2655         0.2658
     38   3.20  2122.31     979.62     646.81  0.9829     0.9829  0.0171     0.0171     0.3336         0.3344
     39   3.17  2114.42     965.33     640.49  0.9804     0.9804  0.0196     0.0196     0.3294         0.3287
     40   3.22  2112.19     961.68     625.13  0.9842     0.9842  0.0158     0.0158     0.3262         0.3264
     41   3.19  2097.94     957.34     640.49  0.9822     0.9822  0.0178     0.0178     0.3306         0.3303
     42   3.21  2091.97     947.02     628.90  0.9853     0.9853  0.0147     0.0147     0.2934         0.2934
     43   3.20  2084.25     940.24     624.53  0.9840     0.9840  0.0160     0.0160     0.3085         0.3079
     44   3.22  2076.31     936.08     616.77  0.9848     0.9848  0.0152     0.0152     0.3118         0.3129
     45   3.20  2063.03     926.23     639.97  0.9847     0.9848  0.0153     0.0152     0.3548         0.3567
     46   3.19  2065.95     927.81     608.88  0.9812     0.9815  0.0188     0.0185     0.3268         0.3269
     47   3.20  2052.75     917.57     602.06  0.9818     0.9820  0.0182     0.0180     0.3065         0.3065
     48   3.20  2049.93     914.45     606.33  0.9849     0.9846  0.0151     0.0154     0.3233         0.3235
     49   3.21  2046.68     907.37     597.75  0.9846     0.9846  0.0154     0.0154     0.3094         0.3099
     50   3.22  2031.12     899.17     607.81  0.9861     0.9859  0.0139     0.0141     0.3344         0.3369
     51   3.22  2019.23     888.84     632.14  0.9864     0.9864  0.0136     0.0136     0.3706         0.3705
     52   3.21  2002.08     873.36     630.63  0.9861     0.9860  0.0139     0.0140     0.3633         0.3632
     53   3.21  1980.15     853.68     626.12  0.9862     0.9859  0.0138     0.0141     0.3654         0.3660
     54   3.21  1950.57     826.95     615.43  0.9863     0.9863  0.0137     0.0137     0.3652         0.3647
     55   3.21  1911.20     792.38     600.58  0.9860     0.9860  0.0140     0.0140     0.3633         0.3637
     56   3.21  1856.66     746.81     578.99  0.9866     0.9864  0.0134     0.0136     0.3601         0.3614
     57   3.21  1780.71     689.36     554.04  0.9864     0.9863  0.0136     0.0137     0.3650         0.3645
     58   3.20  1645.55     614.45     532.50  0.9862     0.9863  0.0138     0.0137     0.3750         0.3754
     59   3.19  1347.07     527.69     530.80  0.9862     0.9862  0.0138     0.0138     0.3888         0.3881
     60   3.22  1483.32     580.21     415.73  0.9840     0.9839  0.0160     0.0161     0.2841         0.2842
     61   3.20  1464.96     566.60     436.05  0.9833     0.9833  0.0167     0.0167     0.3331         0.3346
     62   3.21  1465.96     561.25     440.30  0.9858     0.9860  0.0142     0.0140     0.3546         0.3561
     63   3.21  1448.94     551.10     453.42  0.9858     0.9859  0.0142     0.0141     0.3807         0.3804
     64   3.20  1449.98     552.17     456.14  0.9864     0.9864  0.0136     0.0136     0.3783         0.3778
     65   3.20  1466.32     558.80     446.67  0.9862     0.9862  0.0138     0.0138     0.3385         0.3393
     66   3.19  1464.56     562.18     441.03  0.9833     0.9831  0.0167     0.0169     0.3310         0.3335
     67   3.20  1476.27     563.31     431.68  0.9840     0.9841  0.0160     0.0159     0.3347         0.3365
     68   3.21  1458.79     561.17     454.10  0.9865     0.9864  0.0135     0.0136     0.3669         0.3691
     69   3.21  1442.35     552.60     464.27  0.9869     0.9867  0.0131     0.0133     0.3850         0.3875
     70   3.21  1423.45     545.51     471.11  0.9869     0.9869  0.0131     0.0131     0.4020         0.4017
     71   3.20  1400.77     537.51     474.87  0.9872     0.9872  0.0128     0.0128     0.3939         0.3946
     72   3.20  1371.19     527.85     477.49  0.9871     0.9872  0.0129     0.0128     0.4047         0.4068
     73   3.20  1333.05     515.77     473.85  0.9869     0.9870  0.0131     0.0130     0.3995         0.4017
     74   3.20  1279.98     501.24     468.79  0.9868     0.9870  0.0132     0.0130     0.4082         0.4106
     75   3.20  1199.44     482.54     460.82  0.9872     0.9872  0.0128     0.0128     0.4076         0.4087
     76   3.20  1057.64     461.07     455.05  0.9872     0.9872  0.0128     0.0128     0.4175         0.4217
     77   3.13  1036.88     467.93     375.42  0.9763     0.9761  0.0237     0.0239     0.2763         0.2778
     78   3.20  1226.34     495.61     374.70  0.9837     0.9834  0.0163     0.0166     0.3133         0.3145
     79   3.22  1216.16     486.56     378.03  0.9866     0.9864  0.0134     0.0136     0.3191         0.3183
     80   3.22  1196.87     479.20     385.30  0.9874     0.9874  0.0126     0.0126     0.3325         0.3328
     81   3.21  1173.55     474.51     393.53  0.9867     0.9867  0.0133     0.0133     0.3536         0.3553
     82   3.21  1141.66     468.68     403.75  0.9870     0.9870  0.0130     0.0130     0.3716         0.3729
     83   3.20  1074.93     461.17     416.93  0.9868     0.9869  0.0132     0.0131     0.3785         0.3823
     84   3.20   970.05     453.30     430.19  0.9865     0.9867  0.0135     0.0133     0.3946         0.3975
     85   3.20   849.97     447.70     441.17  0.9871     0.9872  0.0129     0.0128     0.4098         0.4137
     86   3.21  1103.44     472.00     366.66  0.9855     0.9854  0.0145     0.0146     0.3371         0.3385
     87   3.20  1115.47     472.64     374.76  0.9849     0.9851  0.0151     0.0149     0.3644         0.3658
     88   3.21  1101.86     464.73     382.43  0.9856     0.9857  0.0144     0.0143     0.3782         0.3804
     89   3.21  1081.26     460.92     388.33  0.9866     0.9866  0.0134     0.0134     0.3940         0.3954
     90   3.20  1033.90     455.33     397.58  0.9861     0.9862  0.0139     0.0138     0.4039         0.4073
     91   3.20   985.17     451.72     407.23  0.9861     0.9860  0.0139     0.0140     0.4192         0.4233
     92   3.20   910.92     445.34     416.75  0.9862     0.9863  0.0138     0.0137     0.4152         0.4184
     93   3.19   849.48     442.00     421.58  0.9866     0.9865  0.0134     0.0135     0.4248         0.4277
     94   3.20   770.96     432.22     419.24  0.9861     0.9863  0.0139     0.0137     0.4257         0.4295
     95   3.12   942.77     468.38     372.34  0.9755     0.9751  0.0245     0.0249     0.2931         0.2952
     96   3.21  1004.77     447.07     365.31  0.9862     0.9862  0.0138     0.0138     0.3438         0.3467
     97   3.19  1053.17     456.17     359.34  0.9846     0.9847  0.0154     0.0153     0.3302         0.3304
     98   3.20  1059.78     451.13     364.60  0.9858     0.9858  0.0142     0.0142     0.3411         0.3436
     99   3.20  1039.12     445.79     370.20  0.9861     0.9864  0.0139     0.0136     0.3688         0.3708
    100   3.20  1015.38     441.66     377.60  0.9863     0.9861  0.0137     0.0139     0.3807         0.3827
    101   3.20   988.06     437.55     384.09  0.9866     0.9864  0.0134     0.0136     0.3820         0.3848
    102   3.20   952.69     431.94     386.68  0.9865     0.9863  0.0135     0.0137     0.3909         0.3959
    103   3.19   893.14     425.15     392.95  0.9859     0.9860  0.0141     0.0140     0.4084         0.4107
    104   3.19   794.38     419.10     399.00  0.9863     0.9864  0.0137     0.0136     0.4086         0.4129
    105   3.18  1000.90     444.05     364.22  0.9840     0.9840  0.0160     0.0160     0.3819         0.3869
    106   3.19   999.56     439.42     366.86  0.9862     0.9864  0.0138     0.0136     0.3983         0.4009
    107   3.19   989.09     435.15     370.54  0.9863     0.9863  0.0137     0.0137     0.4023         0.4057
    108   3.19   968.33     431.72     377.24  0.9860     0.9859  0.0140     0.0141     0.3994         0.4056
    109   3.19   941.74     427.58     380.46  0.9862     0.9861  0.0138     0.0139     0.4185         0.4254
    110   3.19   904.97     422.20     384.91  0.9863     0.9862  0.0137     0.0138     0.4231         0.4288
    111   3.19   849.98     416.22     389.47  0.9862     0.9862  0.0138     0.0138     0.4249         0.4310
    112   3.19   755.93     409.25     393.92  0.9865     0.9867  0.0135     0.0133     0.4317         0.4358
    113   3.19   700.86     404.84     391.99  0.9866     0.9864  0.0134     0.0136     0.4221         0.4266
    114   3.18   635.10     397.78     385.94  0.9865     0.9866  0.0135     0.0134     0.4414         0.4449
    115   3.20   849.88     414.14     336.69  0.9865     0.9863  0.0135     0.0137     0.3532         0.3584
    116   3.20   831.39     405.28     346.80  0.9859     0.9860  0.0141     0.0140     0.3825         0.3852
    117   3.20   814.42     404.31     356.68  0.9863     0.9863  0.0137     0.0137     0.4045         0.4104
    118   3.20   798.79     401.04     359.23  0.9862     0.9863  0.0138     0.0137     0.4066         0.4116
    119   3.20   874.99     407.77     353.48  0.9862     0.9862  0.0138     0.0138     0.3851         0.3894
    120   3.20   874.51     409.34     354.92  0.9864     0.9864  0.0136     0.0136     0.3828         0.3865
    121   3.19   876.03     406.51     361.26  0.9861     0.9861  0.0139     0.0139     0.4040         0.4096
    122   3.20   957.78     410.42     341.10  0.9860     0.9860  0.0140     0.0140     0.3653         0.3672
    123   3.20   945.43     406.48     345.21  0.9864     0.9864  0.0136     0.0136     0.3692         0.3719
    124   3.20   919.84     402.99     351.93  0.9868     0.9869  0.0132     0.0131     0.3918         0.3957
    125   3.20   886.50     397.35     354.57  0.9867     0.9868  0.0133     0.0132     0.3995         0.4019
    126   3.20   777.34     389.25     364.36  0.9860     0.9861  0.0140     0.0139     0.4001         0.4072
    127   3.19   762.46     385.10     373.22  0.9862     0.9862  0.0138     0.0138     0.4300         0.4402
    128   3.19   714.27     379.80     366.55  0.9867     0.9864  0.0133     0.0136     0.4267         0.4327
    129   3.18   840.90     388.46     334.87  0.9840     0.9837  0.0160     0.0163     0.3484         0.3541
    130   3.19   861.30     389.10     346.71  0.9856     0.9857  0.0144     0.0143     0.3813         0.3854
    131   3.20   862.63     385.09     341.01  0.9861     0.9862  0.0139     0.0138     0.3882         0.3933
    132   3.20   842.36     382.39     344.69  0.9859     0.9862  0.0141     0.0138     0.3909         0.3966
    133   3.20   817.30     378.49     346.43  0.9861     0.9864  0.0139     0.0136     0.3992         0.4034
    134   3.20   786.01     373.91     347.64  0.9863     0.9863  0.0137     0.0137     0.4080         0.4134
    135   3.19   761.15     374.76     356.31  0.9864     0.9861  0.0136     0.0139     0.4177         0.4250
    136   3.20   704.77     366.66     352.02  0.9862     0.9864  0.0138     0.0136     0.4128         0.4213
    137   3.19   660.44     365.16     353.28  0.9861     0.9863  0.0139     0.0137     0.4087         0.4187
    138   3.20   758.89     376.85     337.09  0.9859     0.9860  0.0141     0.0140     0.3775         0.3842
    139   3.20   807.91     384.04     330.08  0.9865     0.9865  0.0135     0.0135     0.3534         0.3591
    140   3.20   791.87     375.80     331.35  0.9861     0.9857  0.0139     0.0143     0.4007         0.4084
    141   3.20   798.57     379.01     328.93  0.9862     0.9861  0.0138     0.0139     0.3782         0.3872
    142   3.20   780.30     374.73     330.26  0.9861     0.9860  0.0139     0.0140     0.3763         0.3857
    143   3.20   756.72     371.85     331.64  0.9861     0.9858  0.0139     0.0142     0.3941         0.3999
    144   3.20   726.21     366.80     334.19  0.9866     0.9865  0.0134     0.0135     0.3937         0.4018
    145   3.20   694.98     364.06     333.14  0.9866     0.9866  0.0134     0.0134     0.3878         0.3978
    146   3.20   655.10     359.21     334.60  0.9869     0.9869  0.0131     0.0131     0.3990         0.4074
    147   3.19   671.21     363.45     325.10  0.9855     0.9855  0.0145     0.0145     0.3890         0.3938
    148   3.19   735.00     361.53     319.42  0.9862     0.9863  0.0138     0.0137     0.3637         0.3718
    149   3.19   734.47     359.93     321.09  0.9856     0.9855  0.0144     0.0145     0.3949         0.4043
    150   3.20   714.82     356.00     321.17  0.9866     0.9865  0.0134     0.0135     0.4054         0.4160
    151   3.19   691.08     352.16     322.93  0.9864     0.9864  0.0136     0.0136     0.4062         0.4200
    152   3.19   666.81     348.02     323.97  0.9862     0.9861  0.0138     0.0139     0.4253         0.4367
    153   3.19   638.82     345.70     325.57  0.9866     0.9865  0.0134     0.0135     0.4255         0.4441
    154   3.19   643.50     341.50     323.08  0.9864     0.9863  0.0136     0.0137     0.4130         0.4263
    155   3.18   667.04     343.06     327.04  0.9861     0.9860  0.0139     0.0140     0.4192         0.4320
    156   3.18   644.09     340.93     327.44  0.9855     0.9857  0.0145     0.0143     0.4196         0.4349
    157   3.19   626.49     338.16     324.94  0.9860     0.9859  0.0140     0.0141     0.4178         0.4285
    158   3.18   626.88     336.86     322.32  0.9856     0.9859  0.0144     0.0141     0.4301         0.4446
    159   3.19   616.46     335.73     313.69  0.9860     0.9861  0.0140     0.0139     0.4073         0.4202
    160   3.18   576.26     333.87     314.42  0.9860     0.9861  0.0140     0.0139     0.4136         0.4275
    161   3.19   580.33     332.67     310.04  0.9867     0.9867  0.0133     0.0133     0.4029         0.4181
    162   3.19   609.67     332.99     306.82  0.9864     0.9864  0.0136     0.0136     0.4007         0.4168
    163   3.20   595.20     331.61     306.48  0.9865     0.9863  0.0135     0.0137     0.4003         0.4164
    164   3.19   572.87     326.63     308.41  0.9865     0.9866  0.0135     0.0134     0.4062         0.4195
    165   3.19   537.42     324.15     307.59  0.9860     0.9863  0.0140     0.0137     0.4088         0.4297
    166   3.20   588.01     327.38     298.33  0.9865     0.9865  0.0135     0.0135     0.3984         0.4115
    167   3.20   559.88     322.68     301.70  0.9866     0.9865  0.0134     0.0135     0.4012         0.4176
    168   3.20   534.55     321.68     301.94  0.9866     0.9866  0.0134     0.0134     0.4073         0.4244
    169   3.19   519.96     322.93     299.96  0.9866     0.9864  0.0134     0.0136     0.4075         0.4242
    170   3.20   539.18     318.68     293.09  0.9867     0.9868  0.0133     0.0132     0.3921         0.4056
    171   3.20   517.24     315.03     292.99  0.9872     0.9873  0.0128     0.0127     0.3953         0.4083
    172   3.19   523.14     315.35     292.57  0.9867     0.9866  0.0133     0.0134     0.3968         0.4151
    173   3.19   497.37     311.88     296.04  0.9868     0.9868  0.0132     0.0132     0.4191         0.4436
    174   3.19   536.77     310.53     288.90  0.9864     0.9865  0.0136     0.0135     0.4003         0.4198
    175   3.19   505.30     308.16     290.84  0.9868     0.9870  0.0132     0.0130     0.3959         0.4191
    176   3.19   475.76     304.05     291.03  0.9860     0.9862  0.0140     0.0138     0.3965         0.4156
    177   3.19   522.79     310.26     274.89  0.9855     0.9856  0.0145     0.0144     0.3917         0.4100
    178   3.20   516.00     308.31     275.34  0.9861     0.9861  0.0139     0.0139     0.3868         0.4045
    179   3.21   551.45     317.94     267.82  0.9869     0.9867  0.0131     0.0133     0.3587         0.3739
    180   3.20   523.54     310.94     270.46  0.9863     0.9863  0.0137     0.0137     0.3729         0.3879
    181   3.20   504.37     307.17     274.14  0.9863     0.9866  0.0137     0.0134     0.3802         0.3958
    182   3.20   473.15     301.67     276.82  0.9871     0.9871  0.0129     0.0129     0.3862         0.4055
    183   3.19   535.52     308.80     268.63  0.9859     0.9856  0.0141     0.0144     0.3615         0.3796
    184   3.19   529.74     306.58     271.41  0.9869     0.9868  0.0131     0.0132     0.3737         0.3955
    185   3.19   499.75     300.54     273.57  0.9858     0.9859  0.0142     0.0141     0.3805         0.4041
    186   3.19   468.30     296.10     276.51  0.9870     0.9869  0.0130     0.0131     0.3887         0.4129
    187   3.19   462.33     295.93     275.78  0.9858     0.9859  0.0142     0.0141     0.3953         0.4228
    188   3.20   485.38     297.34     268.34  0.9869     0.9873  0.0131     0.0127     0.3768         0.3990
    189   3.19   505.54     300.43     269.93  0.9869     0.9868  0.0131     0.0132     0.3759         0.3980
    190   3.19   477.42     293.05     272.84  0.9864     0.9862  0.0136     0.0138     0.3902         0.4230
    191   3.19   494.91     294.62     272.79  0.9859     0.9863  0.0141     0.0137     0.3459         0.3685
    192   3.19   501.62     294.02     271.25  0.9866     0.9865  0.0134     0.0135     0.3860         0.4153
    193   3.20   507.31     293.90     269.46  0.9866     0.9864  0.0134     0.0136     0.3821         0.4136
    194   3.20   488.60     291.91     273.77  0.9872     0.9873  0.0128     0.0127     0.3833         0.4100
    195   3.18   510.66     293.21     271.40  0.9850     0.9850  0.0150     0.0150     0.3891         0.4137
    196   3.20   503.82     288.43     270.91  0.9871     0.9870  0.0129     0.0130     0.3923         0.4242
    197   3.19   489.78     288.14     271.01  0.9866     0.9865  0.0134     0.0135     0.3974         0.4282
    198   3.20   463.72     285.07     272.19  0.9872     0.9871  0.0128     0.0129     0.3914         0.4269
    199   3.20   450.75     284.31     271.22  0.9865     0.9864  0.0135     0.0136     0.3813         0.4138
    200   3.20   508.58     294.64     261.13  0.9871     0.9870  0.0129     0.0130     0.3578         0.3832
The log/output/model have been saved to: ./logs/train.py-multi_zetas{'num_epochs': 200, 'use_stoch': [True, True, True], 'betas': [1e-07, 1e-07, 1e-07]}-sue-04-03-15:57 + .csv/.out/.cpt
