  epoch    IZY    IXZ_1    IZ_1Z_2    IZ_2Z_3     acc    avg_acc     err    avg_err    adv_acc    avg_adv_acc
-------  -----  -------  ---------  ---------  ------  ---------  ------  ---------  ---------  -------------
      1   2.44    52.59      98.52      73.06  0.8067     0.8466  0.1933     0.1534     0.1393         0.1448
      2   2.60    41.94      80.50      69.06  0.8465     0.8822  0.1535     0.1178     0.1305         0.1356
      3   2.78    42.95      75.48      63.59  0.8865     0.9074  0.1135     0.0926     0.1136         0.1165
      4   2.79    36.26      64.26      56.49  0.8971     0.9227  0.1029     0.0773     0.1045         0.1089
      5   2.85    34.85      59.90      52.90  0.9065     0.9267  0.0935     0.0733     0.1049         0.1109
      6   2.91    34.19      56.20      50.69  0.9175     0.9403  0.0825     0.0597     0.0839         0.0865
      7   2.94    34.94      54.13      48.45  0.9263     0.9405  0.0737     0.0595     0.0837         0.0862
      8   2.99    30.17      50.52      43.35  0.9380     0.9493  0.0620     0.0507     0.0717         0.0732
      9   2.96    28.31      45.93      40.10  0.9337     0.9480  0.0663     0.0520     0.0729         0.0749
     10   2.92    27.42      44.95      37.35  0.9245     0.9428  0.0755     0.0572     0.0973         0.1003
     11   3.04    27.92      48.58      35.49  0.9481     0.9577  0.0519     0.0423     0.0622         0.0621
     12   3.05    29.42      53.73      37.47  0.9499     0.9590  0.0501     0.0410     0.0529         0.0537
     13   2.96    26.94      40.58      31.47  0.9320     0.9515  0.0680     0.0485     0.1050         0.1111
     14   2.96    26.10      40.96      29.28  0.9360     0.9464  0.0640     0.0536     0.0882         0.0915
     15   3.02    26.18      40.60      27.52  0.9488     0.9583  0.0512     0.0417     0.0866         0.0887
     16   2.99    22.41      36.16      24.64  0.9425     0.9577  0.0575     0.0423     0.0943         0.0978
     17   3.01    22.67      35.06      25.12  0.9466     0.9592  0.0534     0.0408     0.0974         0.0997
     18   3.06    24.28      37.40      24.92  0.9582     0.9657  0.0418     0.0343     0.1039         0.1054
     19   3.02    22.73      34.11      23.41  0.9490     0.9589  0.0510     0.0411     0.1082         0.1108
     20   3.04    24.11      35.86      23.14  0.9559     0.9605  0.0441     0.0395     0.1189         0.1212
     21   3.07    23.26      34.40      21.17  0.9570     0.9669  0.0430     0.0331     0.1251         0.1281
     22   3.04    21.32      29.98      21.40  0.9537     0.9630  0.0463     0.0370     0.1584         0.1605
     23   3.04    21.89      30.08      20.57  0.9560     0.9647  0.0440     0.0353     0.1532         0.1548
     24   3.04    20.60      28.17      20.63  0.9560     0.9656  0.0440     0.0344     0.1612         0.1650
     25   2.97    21.63      28.22      19.57  0.9425     0.9557  0.0575     0.0443     0.1880         0.1929
     26   3.04    20.12      29.25      19.37  0.9565     0.9636  0.0435     0.0364     0.1620         0.1632
     27   3.07    20.26      26.54      19.32  0.9604     0.9694  0.0396     0.0306     0.1582         0.1602
     28   3.04    18.80      25.73      18.17  0.9565     0.9649  0.0435     0.0351     0.1642         0.1691
     29   3.05    19.53      26.08      17.46  0.9603     0.9687  0.0397     0.0313     0.1499         0.1524
     30   3.10    21.99      33.61      18.35  0.9676     0.9718  0.0324     0.0282     0.1213         0.1242
     31   3.09    21.64      28.22      18.04  0.9659     0.9710  0.0341     0.0290     0.1284         0.1298
     32   3.05    20.08      24.29      17.30  0.9602     0.9691  0.0398     0.0309     0.1483         0.1520
     33   3.05    19.93      23.64      17.28  0.9602     0.9671  0.0398     0.0329     0.1585         0.1612
     34   3.07    21.57      28.82      17.32  0.9638     0.9681  0.0362     0.0319     0.1254         0.1266
     35   3.08    20.49      23.28      17.51  0.9662     0.9723  0.0338     0.0277     0.1427         0.1447
     36   3.07    18.08      22.33      16.77  0.9599     0.9686  0.0401     0.0314     0.1307         0.1314
     37   3.11    23.12      30.29      16.65  0.9729     0.9743  0.0271     0.0257     0.1025         0.1035
     38   3.02    18.49      21.86      16.39  0.9565     0.9641  0.0435     0.0359     0.1444         0.1455
     39   3.07    18.32      21.17      15.63  0.9636     0.9720  0.0364     0.0280     0.1397         0.1430
     40   3.08    17.61      21.57      16.33  0.9675     0.9717  0.0325     0.0283     0.1210         0.1208
     41   3.04    17.60      21.62      16.01  0.9590     0.9668  0.0410     0.0332     0.1489         0.1497
     42   3.03    18.22      20.27      15.52  0.9562     0.9677  0.0438     0.0323     0.1552         0.1581
     43   2.95    17.52      20.52      15.80  0.9439     0.9539  0.0561     0.0461     0.1284         0.1311
     44   3.04    18.22      19.65      15.36  0.9604     0.9667  0.0396     0.0333     0.1352         0.1365
     45   3.06    18.23      19.03      14.70  0.9656     0.9716  0.0344     0.0284     0.1408         0.1417
     46   3.07    17.67      21.43      14.51  0.9676     0.9729  0.0324     0.0271     0.1031         0.1029
     47   3.08    16.96      18.97      14.12  0.9664     0.9717  0.0336     0.0283     0.1362         0.1371
     48   3.04    18.14      18.92      15.25  0.9638     0.9702  0.0362     0.0298     0.1358         0.1346
     49   3.04    16.28      17.92      14.43  0.9622     0.9697  0.0378     0.0303     0.1371         0.1384
     50   3.08    16.89      18.90      14.32  0.9682     0.9742  0.0318     0.0258     0.1165         0.1162
     51   3.08    16.78      18.66      15.02  0.9691     0.9726  0.0309     0.0274     0.1108         0.1090
     52   3.04    17.24      17.63      14.39  0.9627     0.9691  0.0373     0.0309     0.1351         0.1344
     53   3.07    15.34      17.46      15.01  0.9641     0.9701  0.0359     0.0299     0.1200         0.1198
     54   3.05    16.52      17.66      14.14  0.9642     0.9705  0.0358     0.0295     0.1140         0.1133
     55   3.07    17.51      17.89      13.47  0.9690     0.9736  0.0310     0.0264     0.1120         0.1110
     56   3.05    16.36      17.50      13.63  0.9660     0.9714  0.0340     0.0286     0.1264         0.1230
     57   3.07    17.02      18.59      13.87  0.9696     0.9741  0.0304     0.0259     0.0971         0.0937
     58   3.06    15.83      15.96      13.73  0.9647     0.9715  0.0353     0.0285     0.1297         0.1295
     59   3.06    16.59      16.28      13.48  0.9680     0.9724  0.0320     0.0276     0.1233         0.1205
     60   3.06    16.47      16.38      13.57  0.9673     0.9731  0.0327     0.0269     0.1159         0.1141
     61   3.05    15.75      15.13      13.34  0.9643     0.9712  0.0357     0.0288     0.1275         0.1247
     62   3.06    16.22      15.26      13.40  0.9697     0.9731  0.0303     0.0269     0.1149         0.1154
     63   3.04    16.32      15.09      13.17  0.9651     0.9733  0.0349     0.0267     0.1325         0.1307
     64   3.05    15.67      14.71      13.20  0.9653     0.9718  0.0347     0.0282     0.1158         0.1151
     65   3.06    15.56      15.07      13.06  0.9650     0.9721  0.0350     0.0279     0.1113         0.1114
     66   3.05    16.41      14.61      13.24  0.9691     0.9732  0.0309     0.0268     0.1210         0.1176
     67   3.08    16.44      15.00      12.60  0.9705     0.9756  0.0295     0.0244     0.1154         0.1150
     68   3.09    15.82      15.79      12.73  0.9741     0.9768  0.0259     0.0232     0.1057         0.1002
     69   3.07    15.15      14.19      13.00  0.9691     0.9733  0.0309     0.0267     0.1158         0.1130
     70   3.07    15.79      14.45      12.54  0.9693     0.9750  0.0307     0.0250     0.1128         0.1089
     71   3.06    15.01      13.97      12.55  0.9676     0.9741  0.0324     0.0259     0.1221         0.1209
     72   3.08    15.91      13.70      12.50  0.9711     0.9747  0.0289     0.0253     0.1200         0.1184
     73   3.06    15.30      13.59      12.42  0.9659     0.9734  0.0341     0.0266     0.1253         0.1263
     74   3.07    14.58      13.64      12.54  0.9706     0.9748  0.0294     0.0252     0.1249         0.1273
     75   3.05    13.92      13.26      12.38  0.9668     0.9729  0.0332     0.0271     0.1222         0.1238
     76   3.05    15.06      13.48      12.18  0.9671     0.9728  0.0329     0.0272     0.1198         0.1183
     77   3.07    14.17      13.37      12.00  0.9686     0.9745  0.0314     0.0255     0.1254         0.1275
     78   3.09    14.64      13.73      12.14  0.9719     0.9769  0.0281     0.0231     0.1170         0.1163
     79   3.08    15.85      14.60      12.28  0.9713     0.9751  0.0287     0.0249     0.1128         0.1099
     80   3.07    14.73      12.88      12.15  0.9696     0.9753  0.0304     0.0247     0.1304         0.1287
     81   3.06    14.19      12.99      12.28  0.9672     0.9728  0.0328     0.0272     0.1276         0.1271
     82   3.08    13.92      13.17      11.83  0.9709     0.9768  0.0291     0.0232     0.1201         0.1194
     83   3.05    14.28      13.04      12.01  0.9667     0.9725  0.0333     0.0275     0.1219         0.1227
     84   3.09    14.55      13.03      11.82  0.9731     0.9787  0.0269     0.0213     0.1238         0.1211
     85   3.05    14.53      12.58      12.00  0.9679     0.9741  0.0321     0.0259     0.1364         0.1366
     86   3.07    14.10      13.04      11.86  0.9712     0.9753  0.0288     0.0247     0.1281         0.1264
     87   3.06    14.28      12.99      12.05  0.9722     0.9762  0.0278     0.0238     0.1192         0.1192
     88   3.07    14.43      13.41      11.86  0.9707     0.9755  0.0293     0.0245     0.1147         0.1139
     89   3.04    13.26      12.36      11.63  0.9658     0.9719  0.0342     0.0281     0.1315         0.1337
     90   3.06    13.46      12.58      11.89  0.9709     0.9753  0.0291     0.0247     0.1316         0.1328
     91   3.07    13.75      12.93      11.88  0.9696     0.9749  0.0304     0.0251     0.1194         0.1174
     92   3.05    13.53      12.20      11.63  0.9666     0.9743  0.0334     0.0257     0.1270         0.1281
     93   3.08    13.59      12.51      11.81  0.9721     0.9780  0.0279     0.0220     0.1190         0.1184
     94   3.08    13.68      12.46      11.72  0.9719     0.9774  0.0281     0.0226     0.1215         0.1224
     95   3.07    13.68      12.70      11.86  0.9715     0.9768  0.0285     0.0232     0.1243         0.1232
     96   3.10    13.13      12.44      11.60  0.9739     0.9776  0.0261     0.0224     0.1192         0.1193
     97   3.07    13.53      11.82      11.36  0.9702     0.9778  0.0298     0.0222     0.1326         0.1318
     98   3.06    12.85      11.89      11.32  0.9681     0.9750  0.0319     0.0250     0.1384         0.1401
     99   3.06    13.46      11.27      11.24  0.9676     0.9753  0.0324     0.0247     0.1478         0.1458
    100   3.10    13.96      12.36      11.60  0.9749     0.9786  0.0251     0.0214     0.1336         0.1325
    101   3.07    13.46      11.74      11.59  0.9718     0.9769  0.0282     0.0231     0.1377         0.1368
    102   3.06    13.82      12.60      11.54  0.9707     0.9750  0.0293     0.0250     0.1215         0.1207
    103   3.08    12.62      11.72      11.34  0.9700     0.9756  0.0300     0.0244     0.1297         0.1295
    104   3.05    13.42      11.59      11.48  0.9695     0.9746  0.0305     0.0254     0.1323         0.1323
    105   3.08    13.21      11.57      11.52  0.9725     0.9775  0.0275     0.0225     0.1338         0.1352
    106   3.06    13.38      11.76      11.52  0.9712     0.9762  0.0288     0.0238     0.1244         0.1241
    107   3.07    12.98      11.48      11.31  0.9704     0.9749  0.0296     0.0251     0.1248         0.1227
    108   3.08    13.47      11.30      11.36  0.9717     0.9764  0.0283     0.0236     0.1276         0.1265
    109   3.05    12.62      11.32      11.25  0.9680     0.9738  0.0320     0.0262     0.1218         0.1204
    110   3.07    13.46      12.02      11.36  0.9740     0.9767  0.0260     0.0233     0.1142         0.1119
    111   3.07    13.52      11.37      11.40  0.9701     0.9768  0.0299     0.0232     0.1190         0.1202
    112   3.07    13.05      11.20      11.44  0.9705     0.9757  0.0295     0.0243     0.1316         0.1323
    113   3.07    13.52      11.27      11.66  0.9721     0.9759  0.0279     0.0241     0.1236         0.1237
    114   3.07    13.05      11.09      11.28  0.9712     0.9761  0.0288     0.0239     0.1311         0.1287
    115   3.06    13.09      11.15      11.17  0.9703     0.9764  0.0297     0.0236     0.1307         0.1319
    116   3.06    13.01      11.17      11.57  0.9711     0.9755  0.0289     0.0245     0.1172         0.1164
    117   3.07    13.09      11.04      11.35  0.9724     0.9769  0.0276     0.0231     0.1173         0.1196
    118   3.07    12.72      11.25      11.25  0.9702     0.9766  0.0298     0.0234     0.1211         0.1188
    119   3.07    13.11      11.42      11.07  0.9706     0.9753  0.0294     0.0247     0.1253         0.1239
    120   3.08    12.71      10.96      11.08  0.9706     0.9768  0.0294     0.0232     0.1247         0.1236
    121   3.08    12.67      10.89      11.08  0.9715     0.9761  0.0285     0.0239     0.1231         0.1206
    122   3.07    12.88      11.56      10.96  0.9715     0.9776  0.0285     0.0224     0.1155         0.1137
    123   3.05    12.39      11.01      11.03  0.9708     0.9745  0.0292     0.0255     0.1240         0.1255
    124   3.08    13.59      11.04      11.18  0.9734     0.9766  0.0266     0.0234     0.1334         0.1328
    125   3.08    12.85      10.88      11.31  0.9727     0.9757  0.0273     0.0243     0.1295         0.1322
    126   3.06    12.52      10.83      11.13  0.9696     0.9769  0.0304     0.0231     0.1218         0.1207
    127   3.09    13.17      10.89      11.04  0.9743     0.9785  0.0257     0.0215     0.1318         0.1318
    128   3.10    13.73      11.43      11.21  0.9761     0.9795  0.0239     0.0205     0.1057         0.1054
    129   3.07    12.29      10.80      11.29  0.9732     0.9755  0.0268     0.0245     0.1206         0.1178
    130   3.06    12.41      10.74      11.08  0.9700     0.9768  0.0300     0.0232     0.1249         0.1229
    131   3.09    12.77      10.62      11.03  0.9718     0.9779  0.0282     0.0221     0.1246         0.1259
    132   3.06    12.45      10.70      10.98  0.9708     0.9761  0.0292     0.0239     0.1326         0.1304
    133   3.07    12.73      10.63      10.86  0.9727     0.9767  0.0273     0.0233     0.1308         0.1284
    134   3.07    12.73      10.92      11.14  0.9739     0.9767  0.0261     0.0233     0.1227         0.1236
    135   3.08    11.95      10.91      11.00  0.9729     0.9769  0.0271     0.0231     0.1242         0.1227
    136   3.07    11.75      10.39      10.87  0.9715     0.9765  0.0285     0.0235     0.1368         0.1354
    137   3.04    12.26      10.45      10.94  0.9686     0.9736  0.0314     0.0264     0.1437         0.1438
    138   3.08    12.44      10.52      11.01  0.9719     0.9779  0.0281     0.0221     0.1269         0.1253
    139   3.07    12.24      10.85      11.17  0.9728     0.9774  0.0272     0.0226     0.1118         0.1122
    140   3.08    12.20      10.33      11.00  0.9721     0.9779  0.0279     0.0221     0.1353         0.1358
    141   3.07    12.28      10.51      11.08  0.9735     0.9786  0.0265     0.0214     0.1172         0.1175
    142   3.08    11.91      10.34      10.90  0.9736     0.9782  0.0264     0.0218     0.1309         0.1316
    143   3.10    12.33      10.54      11.09  0.9753     0.9804  0.0247     0.0196     0.1245         0.1242
    144   3.07    12.20      10.47      10.79  0.9716     0.9784  0.0284     0.0216     0.1241         0.1255
    145   3.09    12.15      10.47      11.06  0.9754     0.9784  0.0246     0.0216     0.1254         0.1245
    146   3.09    12.20      10.41      11.16  0.9735     0.9789  0.0265     0.0211     0.1178         0.1205
    147   3.09    11.74      10.40      10.83  0.9722     0.9790  0.0278     0.0210     0.1215         0.1182
    148   3.06    12.29      10.40      10.90  0.9727     0.9777  0.0273     0.0223     0.1218         0.1196
    149   3.09    12.16      10.50      10.79  0.9748     0.9784  0.0252     0.0216     0.1165         0.1161
    150   3.09    11.85      10.47      11.10  0.9742     0.9789  0.0258     0.0211     0.1229         0.1201
    151   3.07    11.90      10.25      10.92  0.9717     0.9771  0.0283     0.0229     0.1250         0.1258
    152   3.07    11.88      10.09      10.94  0.9724     0.9766  0.0276     0.0234     0.1324         0.1322
    153   3.10    12.18      10.47      10.79  0.9757     0.9792  0.0243     0.0208     0.1258         0.1273
    154   3.07    11.41      10.16      10.84  0.9700     0.9747  0.0300     0.0253     0.1261         0.1275
    155   3.08    12.29      10.02      10.73  0.9733     0.9787  0.0267     0.0213     0.1303         0.1306
    156   3.07    11.74      10.12      10.98  0.9714     0.9771  0.0286     0.0229     0.1211         0.1205
    157   3.09    12.00      10.26      10.95  0.9726     0.9782  0.0274     0.0218     0.1199         0.1171
    158   3.07    11.78      10.18      10.85  0.9716     0.9770  0.0284     0.0230     0.1325         0.1325
    159   3.06    12.15      10.05      10.80  0.9719     0.9774  0.0281     0.0226     0.1332         0.1309
    160   3.08    12.28      10.26      10.74  0.9741     0.9792  0.0259     0.0208     0.1167         0.1162
    161   3.08    11.86      10.21      10.68  0.9739     0.9785  0.0261     0.0215     0.1288         0.1292
    162   3.08    11.87      10.29      10.85  0.9740     0.9781  0.0260     0.0219     0.1234         0.1244
    163   3.07    11.69       9.86      10.77  0.9703     0.9761  0.0297     0.0239     0.1342         0.1362
    164   3.08    11.47       9.99      10.81  0.9734     0.9779  0.0266     0.0221     0.1235         0.1249
    165   3.07    11.76      10.05      10.71  0.9718     0.9768  0.0282     0.0232     0.1332         0.1325
    166   3.08    11.99       9.98      10.82  0.9714     0.9777  0.0286     0.0223     0.1419         0.1412
    167   3.07    11.75      10.08      10.82  0.9716     0.9777  0.0284     0.0223     0.1219         0.1212
    168   3.09    12.07       9.95      10.75  0.9734     0.9784  0.0266     0.0216     0.1318         0.1325
    169   3.08    11.68      10.05      10.73  0.9745     0.9794  0.0255     0.0206     0.1288         0.1298
    170   3.07    11.51      10.01      10.84  0.9733     0.9778  0.0267     0.0222     0.1263         0.1278
    171   3.09    12.25      10.05      10.85  0.9759     0.9797  0.0241     0.0203     0.1309         0.1313
    172   3.08    11.60       9.84      10.71  0.9715     0.9776  0.0285     0.0224     0.1288         0.1299
    173   3.06    11.36       9.87      10.71  0.9697     0.9764  0.0303     0.0236     0.1251         0.1246
    174   3.08    11.82      10.05      10.73  0.9743     0.9785  0.0257     0.0215     0.1223         0.1232
    175   3.07    11.62       9.77      10.56  0.9727     0.9799  0.0273     0.0201     0.1339         0.1327
    176   3.07    11.93       9.95      10.69  0.9740     0.9782  0.0260     0.0218     0.1224         0.1237
    177   3.06    11.18       9.81      10.73  0.9695     0.9756  0.0305     0.0244     0.1265         0.1237
    178   3.08    12.08      10.22      10.70  0.9732     0.9793  0.0268     0.0207     0.1225         0.1220
    179   3.07    11.53       9.88      10.87  0.9709     0.9761  0.0291     0.0239     0.1278         0.1257
    180   3.06    11.85      10.16      10.60  0.9723     0.9772  0.0277     0.0228     0.1228         0.1220
    181   3.07    11.83       9.93      10.73  0.9730     0.9777  0.0270     0.0223     0.1272         0.1263
    182   3.06    11.57       9.62      10.68  0.9706     0.9753  0.0294     0.0247     0.1398         0.1386
    183   3.07    11.58       9.82      10.59  0.9722     0.9782  0.0278     0.0218     0.1260         0.1248
    184   3.07    11.58       9.79      10.66  0.9719     0.9775  0.0281     0.0225     0.1306         0.1301
    185   3.08    11.81       9.63      10.66  0.9738     0.9783  0.0262     0.0217     0.1359         0.1367
    186   3.09    11.53       9.85      10.75  0.9748     0.9799  0.0252     0.0201     0.1302         0.1309
    187   3.06    11.46       9.83      10.67  0.9716     0.9765  0.0284     0.0235     0.1326         0.1310
    188   3.10    11.46       9.68      10.49  0.9736     0.9788  0.0264     0.0212     0.1390         0.1401
    189   3.10    11.76       9.86      10.63  0.9736     0.9788  0.0264     0.0212     0.1366         0.1352
    190   3.08    11.27       9.88      10.57  0.9732     0.9773  0.0268     0.0227     0.1300         0.1301
    191   3.09    11.68       9.75      10.69  0.9746     0.9782  0.0254     0.0218     0.1323         0.1332
    192   3.07    11.33       9.75      10.63  0.9721     0.9772  0.0279     0.0228     0.1304         0.1322
    193   3.08    11.54       9.76      10.73  0.9740     0.9775  0.0260     0.0225     0.1332         0.1311
    194   3.06    11.54       9.60      10.49  0.9724     0.9778  0.0276     0.0222     0.1383         0.1379
    195   3.06    11.25       9.55      10.59  0.9707     0.9764  0.0293     0.0236     0.1342         0.1355
    196   3.08    11.59       9.64      10.66  0.9726     0.9789  0.0274     0.0211     0.1370         0.1361
    197   3.07    11.52       9.58      10.79  0.9712     0.9771  0.0288     0.0229     0.1321         0.1336
    198   3.08    11.21       9.75      10.67  0.9732     0.9790  0.0268     0.0210     0.1246         0.1242
    199   3.09    11.53       9.79      10.68  0.9727     0.9788  0.0273     0.0212     0.1213         0.1205
    200   3.08    11.49       9.62      10.77  0.9733     0.9784  0.0267     0.0216     0.1242         0.1221
    201   3.08    11.08       9.60      10.63  0.9729     0.9783  0.0271     0.0217     0.1303         0.1293
    202   3.11    11.13       9.66      10.58  0.9762     0.9813  0.0238     0.0187     0.1260         0.1262
    203   3.07    11.11       9.59      10.67  0.9729     0.9791  0.0271     0.0209     0.1338         0.1317
    204   3.07    11.47       9.73      10.57  0.9727     0.9784  0.0273     0.0216     0.1333         0.1317
    205   3.08    11.34       9.54      10.67  0.9733     0.9777  0.0267     0.0223     0.1355         0.1373
    206   3.08    11.43       9.54      10.59  0.9720     0.9791  0.0280     0.0209     0.1326         0.1296
    207   3.07    11.44       9.85      10.69  0.9720     0.9777  0.0280     0.0223     0.1216         0.1209
    208   3.08    11.41       9.52      10.73  0.9738     0.9784  0.0262     0.0216     0.1290         0.1260
    209   3.06    10.90       9.50      10.56  0.9709     0.9777  0.0291     0.0223     0.1352         0.1344
    210   3.05    11.26       9.56      10.52  0.9708     0.9778  0.0292     0.0222     0.1309         0.1307
    211   3.09    11.36       9.55      10.66  0.9731     0.9775  0.0269     0.0225     0.1354         0.1354
    212   3.08    11.46       9.58      10.59  0.9751     0.9795  0.0249     0.0205     0.1320         0.1305
    213   3.06    11.43       9.47      10.57  0.9706     0.9770  0.0294     0.0230     0.1375         0.1368
    214   3.07    10.90       9.57      10.53  0.9718     0.9778  0.0282     0.0222     0.1327         0.1338
    215   3.09    11.46       9.58      10.57  0.9736     0.9778  0.0264     0.0222     0.1356         0.1349
    216   3.08    10.85       9.50      10.45  0.9720     0.9772  0.0280     0.0228     0.1374         0.1369
    217   3.09    11.34       9.51      10.60  0.9748     0.9798  0.0252     0.0202     0.1348         0.1315
    218   3.08    11.13       9.54      10.70  0.9747     0.9780  0.0253     0.0220     0.1333         0.1346
    219   3.09    11.34       9.45      10.66  0.9730     0.9791  0.0270     0.0209     0.1416         0.1405
    220   3.06    11.22       9.50      10.70  0.9719     0.9782  0.0281     0.0218     0.1337         0.1343
    221   3.06    11.24       9.56      10.56  0.9728     0.9772  0.0272     0.0228     0.1348         0.1355
    222   3.07    11.07       9.52      10.61  0.9721     0.9777  0.0279     0.0223     0.1324         0.1324
    223   3.07    11.01       9.54      10.52  0.9729     0.9775  0.0271     0.0225     0.1315         0.1320
    224   3.09    11.19       9.46      10.54  0.9735     0.9775  0.0265     0.0225     0.1320         0.1314
    225   3.08    11.20       9.48      10.70  0.9730     0.9783  0.0270     0.0217     0.1285         0.1296
    226   3.07    10.85       9.49      10.59  0.9707     0.9762  0.0293     0.0238     0.1328         0.1323
    227   3.06    11.19       9.36      10.59  0.9728     0.9770  0.0272     0.0230     0.1320         0.1320
    228   3.09    11.04       9.48      10.56  0.9737     0.9780  0.0263     0.0220     0.1338         0.1326
    229   3.07    11.06       9.44      10.53  0.9702     0.9769  0.0298     0.0231     0.1426         0.1407
    230   3.09    11.46       9.55      10.70  0.9755     0.9796  0.0245     0.0204     0.1336         0.1339
    231   3.08    11.10       9.39      10.60  0.9738     0.9786  0.0262     0.0214     0.1333         0.1358
    232   3.07    11.14       9.54      10.59  0.9739     0.9776  0.0261     0.0224     0.1346         0.1339
    233   3.07    10.98       9.56      10.54  0.9733     0.9780  0.0267     0.0220     0.1342         0.1337
    234   3.07    11.16       9.46      10.52  0.9727     0.9778  0.0273     0.0222     0.1368         0.1375
    235   3.09    11.20       9.50      10.54  0.9749     0.9792  0.0251     0.0208     0.1349         0.1325
    236   3.07    11.07       9.38      10.65  0.9740     0.9788  0.0260     0.0212     0.1349         0.1388
    237   3.10    11.06       9.46      10.62  0.9751     0.9800  0.0249     0.0200     0.1446         0.1411
    238   3.06    11.16       9.44      10.56  0.9734     0.9780  0.0266     0.0220     0.1361         0.1340
    239   3.06    11.17       9.33      10.59  0.9717     0.9780  0.0283     0.0220     0.1360         0.1367
    240   3.11    11.14       9.34      10.59  0.9751     0.9796  0.0249     0.0204     0.1434         0.1407
    241   3.08    11.38       9.48      10.56  0.9741     0.9779  0.0259     0.0221     0.1394         0.1398
    242   3.06    11.01       9.34      10.53  0.9712     0.9771  0.0288     0.0229     0.1336         0.1310
    243   3.08    11.24       9.37      10.50  0.9732     0.9779  0.0268     0.0221     0.1450         0.1459
    244   3.09    11.41       9.45      10.54  0.9744     0.9791  0.0256     0.0209     0.1338         0.1332
    245   3.08    10.95       9.31      10.51  0.9741     0.9785  0.0259     0.0215     0.1387         0.1372
    246   3.07    11.02       9.42      10.57  0.9728     0.9771  0.0272     0.0229     0.1409         0.1400
    247   3.07    11.16       9.33      10.52  0.9737     0.9784  0.0263     0.0216     0.1344         0.1370
    248   3.07    11.07       9.44      10.56  0.9711     0.9783  0.0289     0.0217     0.1367         0.1362
    249   3.08    11.15       9.40      10.54  0.9731     0.9786  0.0269     0.0214     0.1351         0.1374
    250   3.09    11.13       9.36      10.58  0.9740     0.9789  0.0260     0.0211     0.1360         0.1334
    251   3.05    11.08       9.37      10.58  0.9719     0.9766  0.0281     0.0234     0.1356         0.1367
    252   3.08    10.88       9.36      10.51  0.9747     0.9780  0.0253     0.0220     0.1392         0.1399
    253   3.08    11.05       9.48      10.49  0.9738     0.9784  0.0262     0.0216     0.1311         0.1311
    254   3.07    11.15       9.43      10.56  0.9740     0.9783  0.0260     0.0217     0.1307         0.1312
    255   3.08    11.11       9.37      10.52  0.9735     0.9784  0.0265     0.0216     0.1320         0.1316
    256   3.10    11.09       9.36      10.48  0.9746     0.9796  0.0254     0.0204     0.1327         0.1356
    257   3.07    11.07       9.38      10.51  0.9732     0.9779  0.0268     0.0221     0.1391         0.1390
    258   3.07    10.78       9.28      10.50  0.9714     0.9769  0.0286     0.0231     0.1343         0.1379
    259   3.09    11.10       9.30      10.56  0.9752     0.9792  0.0248     0.0208     0.1372         0.1394
    260   3.06    11.01       9.26      10.59  0.9724     0.9770  0.0276     0.0230     0.1413         0.1389
    261   3.08    11.04       9.34      10.56  0.9719     0.9784  0.0281     0.0216     0.1434         0.1396
    262   3.07    11.08       9.40      10.52  0.9730     0.9783  0.0270     0.0217     0.1309         0.1291
    263   3.08    11.06       9.36      10.52  0.9707     0.9777  0.0293     0.0223     0.1430         0.1420
    264   3.08    11.16       9.27      10.53  0.9724     0.9787  0.0276     0.0213     0.1372         0.1394
    265   3.08    11.18       9.44      10.57  0.9749     0.9788  0.0251     0.0212     0.1313         0.1281
    266   3.06    10.91       9.31      10.51  0.9711     0.9769  0.0289     0.0231     0.1381         0.1378
    267   3.07    11.00       9.41      10.56  0.9739     0.9783  0.0261     0.0217     0.1457         0.1448
    268   3.09    11.04       9.30      10.49  0.9754     0.9804  0.0246     0.0196     0.1372         0.1355
    269   3.08    10.98       9.37      10.44  0.9721     0.9791  0.0279     0.0209     0.1392         0.1395
    270   3.09    11.10       9.28      10.57  0.9741     0.9790  0.0259     0.0210     0.1398         0.1415
    271   3.09    11.03       9.33      10.54  0.9723     0.9788  0.0277     0.0212     0.1383         0.1400
    272   3.08    11.10       9.26      10.47  0.9746     0.9802  0.0254     0.0198     0.1407         0.1407
    273   3.07    10.92       9.23      10.49  0.9730     0.9782  0.0270     0.0218     0.1353         0.1324
    274   3.07    11.02       9.30      10.53  0.9732     0.9777  0.0268     0.0223     0.1338         0.1353
    275   3.09    11.20       9.38      10.52  0.9729     0.9787  0.0271     0.0213     0.1399         0.1417
    276   3.07    11.04       9.25      10.58  0.9727     0.9766  0.0273     0.0234     0.1338         0.1327
    277   3.10    11.05       9.26      10.54  0.9748     0.9788  0.0252     0.0212     0.1367         0.1379
    278   3.07    11.09       9.29      10.50  0.9733     0.9781  0.0267     0.0219     0.1440         0.1435
    279   3.07    11.10       9.20      10.52  0.9728     0.9774  0.0272     0.0226     0.1490         0.1457
    280   3.07    10.88       9.30      10.50  0.9732     0.9785  0.0268     0.0215     0.1413         0.1440
    281   3.07    11.01       9.26      10.50  0.9723     0.9788  0.0277     0.0212     0.1419         0.1419
    282   3.07    10.99       9.26      10.47  0.9723     0.9770  0.0277     0.0230     0.1382         0.1395
    283   3.06    10.85       9.31      10.48  0.9722     0.9779  0.0278     0.0221     0.1435         0.1436
    284   3.07    10.91       9.28      10.48  0.9732     0.9779  0.0268     0.0221     0.1346         0.1354
    285   3.08    10.91       9.22      10.53  0.9735     0.9788  0.0265     0.0212     0.1399         0.1385
    286   3.09    11.14       9.22      10.50  0.9738     0.9789  0.0262     0.0211     0.1452         0.1455
    287   3.07    10.84       9.28      10.49  0.9732     0.9788  0.0268     0.0212     0.1417         0.1399
    288   3.06    10.95       9.18      10.46  0.9715     0.9770  0.0285     0.0230     0.1468         0.1428
    289   3.07    10.96       9.20      10.55  0.9735     0.9785  0.0265     0.0215     0.1403         0.1420
    290   3.07    10.88       9.32      10.55  0.9733     0.9790  0.0267     0.0210     0.1409         0.1392
    291   3.07    10.82       9.25      10.46  0.9730     0.9787  0.0270     0.0213     0.1420         0.1392
    292   3.08    10.93       9.27      10.51  0.9726     0.9785  0.0274     0.0215     0.1389         0.1391
    293   3.07    10.72       9.30      10.47  0.9730     0.9795  0.0270     0.0205     0.1410         0.1400
    294   3.06    10.82       9.25      10.52  0.9706     0.9764  0.0294     0.0236     0.1422         0.1432
    295   3.09    10.95       9.26      10.49  0.9733     0.9781  0.0267     0.0219     0.1417         0.1410
    296   3.09    10.94       9.29      10.53  0.9763     0.9794  0.0237     0.0206     0.1364         0.1389
    297   3.09    10.89       9.22      10.51  0.9742     0.9796  0.0258     0.0204     0.1427         0.1439
    298   3.08    10.97       9.18      10.46  0.9706     0.9772  0.0294     0.0228     0.1428         0.1428
    299   3.07    10.89       9.30      10.54  0.9724     0.9767  0.0276     0.0233     0.1443         0.1427
    300   3.05    10.68       9.25      10.44  0.9720     0.9778  0.0280     0.0222     0.1390         0.1354
The log/output/model have been saved to: ./logs/train.py-multi_zetas300_True_True_True_0.01_0.01_0.01-vew-04-23-18:11 + .csv/.out/.cpt
