  epoch    IZY    IXZ_1    IZ_1Z_2    IZ_2Z_3     acc    avg_acc     err    avg_err    adv_acc    avg_adv_acc
-------  -----  -------  ---------  ---------  ------  ---------  ------  ---------  ---------  -------------
      1   3.12  2474.91    1350.09     718.96  0.9563     0.9562  0.0437     0.0438     0.0210         0.0210
      2   3.18  2451.10    1302.11     715.52  0.9684     0.9682  0.0316     0.0318     0.0141         0.0141
      3   3.18  2437.23    1309.04     741.05  0.9696     0.9697  0.0304     0.0303     0.0176         0.0176
      4   3.22  2431.24    1292.05     736.93  0.9768     0.9767  0.0232     0.0233     0.0149         0.0149
      5   3.19  2407.83    1295.75     766.84  0.9716     0.9716  0.0284     0.0284     0.0293         0.0294
      6   3.20  2409.76    1281.59     755.67  0.9756     0.9755  0.0244     0.0245     0.0250         0.0249
      7   3.20  2419.56    1292.36     787.37  0.9747     0.9747  0.0253     0.0253     0.0306         0.0307
      8   3.22  2410.08    1268.42     766.43  0.9788     0.9786  0.0212     0.0214     0.0331         0.0331
      9   3.22  2408.62    1276.74     785.14  0.9809     0.9810  0.0191     0.0190     0.0540         0.0542
     10   3.22  2403.39    1275.29     790.79  0.9805     0.9804  0.0195     0.0196     0.0668         0.0673
     11   3.19  2413.67    1282.89     817.82  0.9784     0.9784  0.0216     0.0216     0.0944         0.0939
     12   3.22  2409.92    1269.18     803.64  0.9809     0.9806  0.0191     0.0194     0.0665         0.0662
     13   3.18  2411.63    1279.53     837.79  0.9735     0.9735  0.0265     0.0265     0.0837         0.0839
     14   3.22  2414.15    1273.60     847.01  0.9817     0.9818  0.0183     0.0182     0.1062         0.1064
     15   3.19  2418.69    1279.53     845.87  0.9773     0.9773  0.0227     0.0227     0.1116         0.1120
     16   3.21  2414.11    1265.48     811.65  0.9813     0.9813  0.0187     0.0187     0.1196         0.1192
     17   3.21  2418.95    1278.66     842.67  0.9803     0.9803  0.0197     0.0197     0.1134         0.1135
     18   3.19  2436.66    1293.96     894.22  0.9769     0.9768  0.0231     0.0232     0.1587         0.1587
     19   3.23  2427.78    1278.22     833.31  0.9833     0.9834  0.0167     0.0166     0.1253         0.1253
     20   3.20  2431.69    1285.84     873.48  0.9805     0.9806  0.0195     0.0194     0.1312         0.1312
     21   3.20  2436.07    1290.92     864.35  0.9794     0.9793  0.0206     0.0207     0.1231         0.1233
     22   3.18  2431.65    1303.79     895.24  0.9804     0.9804  0.0196     0.0196     0.1165         0.1164
     23   3.20  2435.93    1306.53     901.38  0.9832     0.9832  0.0168     0.0168     0.1634         0.1633
     24   3.20  2438.57    1290.04     861.29  0.9795     0.9794  0.0205     0.0206     0.1504         0.1505
     25   3.21  2441.41    1302.56     903.80  0.9850     0.9850  0.0150     0.0150     0.1507         0.1506
     26   3.18  2444.15    1293.47     871.88  0.9771     0.9772  0.0229     0.0228     0.1420         0.1419
     27   3.21  2440.09    1305.75     900.58  0.9844     0.9844  0.0156     0.0156     0.1927         0.1931
     28   3.22  2444.43    1299.39     876.10  0.9855     0.9855  0.0145     0.0145     0.2095         0.2092
     29   3.18  2450.73    1302.89     884.27  0.9788     0.9788  0.0212     0.0212     0.1882         0.1879
     30   3.20  2442.88    1299.06     867.96  0.9837     0.9837  0.0163     0.0163     0.1915         0.1911
     31   3.15  2436.68    1289.50     853.97  0.9747     0.9747  0.0253     0.0253     0.1754         0.1752
     32   3.21  2444.12    1307.01     887.44  0.9843     0.9841  0.0157     0.0159     0.2136         0.2135
     33   3.21  2440.00    1304.47     881.23  0.9816     0.9816  0.0184     0.0184     0.1802         0.1807
     34   3.21  2440.93    1306.42     862.77  0.9808     0.9808  0.0192     0.0192     0.1895         0.1898
     35   3.19  2450.81    1327.87     938.83  0.9817     0.9817  0.0183     0.0183     0.1534         0.1537
     36   3.20  2453.75    1339.11     958.81  0.9822     0.9822  0.0178     0.0178     0.2109         0.2109
     37   3.19  2438.39    1305.93     866.93  0.9815     0.9816  0.0185     0.0184     0.1976         0.1980
     38   3.21  2454.27    1336.05     934.75  0.9851     0.9851  0.0149     0.0149     0.3093         0.3096
     39   3.21  2451.41    1329.39     903.64  0.9845     0.9845  0.0155     0.0155     0.2588         0.2591
     40   3.20  2451.93    1340.33     948.63  0.9850     0.9850  0.0150     0.0150     0.2475         0.2474
     41   3.20  2456.29    1352.97     990.83  0.9855     0.9855  0.0145     0.0145     0.2333         0.2336
     42   3.18  2453.62    1332.86     895.79  0.9798     0.9798  0.0202     0.0202     0.2169         0.2169
     43   3.22  2452.60    1340.29     925.89  0.9866     0.9866  0.0134     0.0134     0.2785         0.2783
     44   3.22  2457.69    1357.88     981.35  0.9865     0.9865  0.0135     0.0135     0.2685         0.2684
     45   3.21  2459.92    1365.58    1007.60  0.9867     0.9866  0.0133     0.0134     0.2644         0.2648
     46   3.21  2461.62    1372.53    1031.46  0.9867     0.9867  0.0133     0.0133     0.2633         0.2629
     47   3.21  2463.13    1378.50    1053.74  0.9867     0.9867  0.0133     0.0133     0.2579         0.2586
     48   3.20  2464.46    1384.17    1076.30  0.9869     0.9869  0.0131     0.0131     0.2554         0.2558
     49   3.20  2465.34    1389.33    1097.68  0.9868     0.9868  0.0132     0.0132     0.2556         0.2560
     50   3.20  2466.14    1394.01    1118.94  0.9869     0.9869  0.0131     0.0131     0.2544         0.2541
     51   3.19  2466.33    1397.52    1137.78  0.9867     0.9867  0.0133     0.0133     0.2492         0.2490
     52   3.19  2466.05    1400.05    1156.86  0.9868     0.9868  0.0132     0.0132     0.2515         0.2515
     53   3.19  2465.22    1401.33    1173.54  0.9867     0.9868  0.0133     0.0132     0.2474         0.2471
     54   3.18  2463.46    1401.29    1189.11  0.9869     0.9869  0.0131     0.0131     0.2378         0.2375
     55   3.18  2460.35    1399.19    1200.80  0.9868     0.9868  0.0132     0.0132     0.2398         0.2403
     56   3.18  2455.11    1392.39    1202.67  0.9867     0.9868  0.0133     0.0132     0.2382         0.2382
     57   3.18  2448.91    1384.13    1203.67  0.9870     0.9870  0.0130     0.0130     0.2328         0.2324
     58   3.17  2440.08    1371.04    1194.08  0.9870     0.9870  0.0130     0.0130     0.2267         0.2268
     59   3.17  2429.15    1353.72    1175.60  0.9870     0.9870  0.0130     0.0130     0.2210         0.2209
     60   3.17  2415.40    1330.78    1144.97  0.9872     0.9872  0.0128     0.0128     0.2169         0.2172
     61   3.17  2399.62    1304.28    1105.83  0.9872     0.9872  0.0128     0.0128     0.2144         0.2147
     62   3.17  2381.39    1273.08    1057.48  0.9873     0.9874  0.0127     0.0126     0.2130         0.2122
     63   3.17  2361.28    1238.85    1003.27  0.9873     0.9873  0.0127     0.0127     0.2051         0.2049
     64   3.17  2338.96    1200.67     943.25  0.9871     0.9870  0.0129     0.0130     0.2036         0.2033
     65   3.17  2315.32    1159.98     882.41  0.9876     0.9875  0.0124     0.0125     0.2055         0.2068
     66   3.17  2289.53    1116.87     820.98  0.9874     0.9874  0.0126     0.0126     0.2090         0.2092
     67   3.17  2262.61    1073.27     766.55  0.9876     0.9876  0.0124     0.0124     0.2105         0.2108
     68   3.17  2232.95    1026.97     709.63  0.9872     0.9874  0.0128     0.0126     0.2155         0.2145
     69   3.17  2199.92     980.51     664.71  0.9872     0.9874  0.0128     0.0126     0.2203         0.2209
     70   3.17  2161.22     930.26     617.48  0.9873     0.9872  0.0127     0.0128     0.2305         0.2314
     71   3.19  2181.06     932.34     457.40  0.9816     0.9817  0.0184     0.0183     0.1365         0.1362
     72   3.20  2179.08     930.15     472.12  0.9847     0.9850  0.0153     0.0150     0.1704         0.1715
     73   3.20  2177.36     927.92     480.58  0.9863     0.9862  0.0137     0.0138     0.1900         0.1915
     74   3.20  2179.95     928.19     486.84  0.9867     0.9868  0.0133     0.0132     0.1814         0.1800
     75   3.19  2180.83     933.15     495.64  0.9841     0.9843  0.0159     0.0157     0.2156         0.2158
     76   3.19  2193.97     935.17     481.57  0.9847     0.9848  0.0153     0.0152     0.1997         0.1989
     77   3.20  2191.97     932.16     493.59  0.9854     0.9854  0.0146     0.0146     0.1982         0.1977
     78   3.20  2190.62     931.24     501.42  0.9861     0.9861  0.0139     0.0139     0.1978         0.1994
     79   3.19  2188.63     930.10     509.67  0.9865     0.9865  0.0135     0.0135     0.2027         0.2026
     80   3.19  2185.75     928.47     519.96  0.9859     0.9859  0.0141     0.0141     0.2103         0.2106
     81   3.19  2182.69     926.76     530.69  0.9861     0.9863  0.0139     0.0137     0.2165         0.2174
     82   3.18  2179.46     925.20     542.07  0.9867     0.9867  0.0133     0.0133     0.2262         0.2273
     83   3.18  2175.87     923.35     554.50  0.9864     0.9863  0.0136     0.0137     0.2332         0.2344
     84   3.18  2172.34     921.55     566.41  0.9866     0.9864  0.0134     0.0136     0.2291         0.2299
     85   3.17  2168.63     919.63     578.92  0.9864     0.9864  0.0136     0.0136     0.2284         0.2305
     86   3.17  2164.39     917.47     591.63  0.9863     0.9861  0.0137     0.0139     0.2502         0.2500
     87   3.17  2160.12     915.07     602.69  0.9862     0.9862  0.0138     0.0138     0.2578         0.2578
     88   3.17  2154.97     912.19     614.22  0.9863     0.9864  0.0137     0.0136     0.2536         0.2533
     89   3.17  2149.03     908.77     625.58  0.9865     0.9864  0.0135     0.0136     0.2631         0.2643
     90   3.16  2141.39     903.96     637.26  0.9864     0.9864  0.0136     0.0136     0.2687         0.2695
     91   3.16  2133.34     898.67     645.97  0.9866     0.9862  0.0134     0.0138     0.2682         0.2682
     92   3.16  2123.76     891.59     651.13  0.9866     0.9864  0.0134     0.0136     0.2746         0.2745
     93   3.16  2111.74     882.88     657.75  0.9864     0.9864  0.0136     0.0136     0.2668         0.2667
     94   3.16  2098.33     872.52     657.48  0.9865     0.9865  0.0135     0.0135     0.2692         0.2686
     95   3.16  2083.26     860.07     656.38  0.9863     0.9865  0.0137     0.0135     0.2706         0.2714
     96   3.16  2064.37     844.93     654.55  0.9867     0.9867  0.0133     0.0133     0.2709         0.2690
     97   3.16  2043.66     827.93     646.11  0.9868     0.9868  0.0132     0.0132     0.2697         0.2695
     98   3.16  2017.01     806.79     637.18  0.9868     0.9869  0.0132     0.0131     0.2582         0.2586
     99   3.16  1984.75     782.72     626.59  0.9867     0.9869  0.0133     0.0131     0.2546         0.2526
    100   3.19  2046.31     822.31     470.17  0.9846     0.9845  0.0154     0.0155     0.1777         0.1787
    101   3.20  2052.05     820.35     485.96  0.9862     0.9860  0.0138     0.0140     0.1857         0.1850
    102   3.19  2048.62     814.96     494.11  0.9867     0.9866  0.0133     0.0134     0.1883         0.1886
    103   3.19  2049.40     814.48     497.09  0.9868     0.9870  0.0132     0.0130     0.1932         0.1937
    104   3.19  2048.24     812.97     501.26  0.9870     0.9871  0.0130     0.0129     0.1972         0.1968
    105   3.19  2046.93     811.52     505.90  0.9871     0.9871  0.0129     0.0129     0.1987         0.1985
    106   3.19  2045.54     810.07     511.27  0.9870     0.9870  0.0130     0.0130     0.2011         0.2005
    107   3.19  2043.88     808.38     516.92  0.9871     0.9871  0.0129     0.0129     0.2029         0.2026
    108   3.18  2041.99     806.44     524.71  0.9870     0.9867  0.0130     0.0133     0.2002         0.1998
    109   3.18  2039.84     804.45     531.86  0.9867     0.9866  0.0133     0.0134     0.2021         0.2026
    110   3.18  2037.28     802.14     540.24  0.9866     0.9865  0.0134     0.0135     0.2146         0.2157
    111   3.18  2034.42     799.82     548.99  0.9865     0.9866  0.0135     0.0134     0.2126         0.2124
    112   3.18  2031.02     797.29     558.55  0.9868     0.9868  0.0132     0.0132     0.2165         0.2162
    113   3.17  2026.94     794.43     568.14  0.9866     0.9865  0.0134     0.0135     0.2258         0.2243
    114   3.17  2022.06     791.36     577.26  0.9866     0.9865  0.0134     0.0135     0.2297         0.2289
    115   3.17  2016.51     787.97     587.59  0.9867     0.9867  0.0133     0.0133     0.2328         0.2327
    116   3.17  2009.78     783.91     596.84  0.9866     0.9866  0.0134     0.0134     0.2379         0.2380
    117   3.16  2002.10     779.58     605.42  0.9863     0.9866  0.0137     0.0134     0.2425         0.2418
    118   3.16  1993.10     774.34     611.93  0.9866     0.9865  0.0134     0.0135     0.2438         0.2444
    119   3.16  1982.80     768.29     616.67  0.9866     0.9867  0.0134     0.0133     0.2424         0.2429
    120   3.16  1970.76     761.03     621.15  0.9866     0.9865  0.0134     0.0135     0.2467         0.2493
    121   3.16  1956.81     752.64     622.80  0.9868     0.9865  0.0132     0.0135     0.2438         0.2446
    122   3.16  1941.19     742.79     621.84  0.9865     0.9865  0.0135     0.0135     0.2474         0.2457
    123   3.16  1923.28     731.43     617.99  0.9865     0.9864  0.0135     0.0136     0.2441         0.2441
    124   3.16  1902.46     718.03     610.41  0.9862     0.9866  0.0138     0.0134     0.2404         0.2415
    125   3.16  1878.26     702.41     601.67  0.9865     0.9864  0.0135     0.0136     0.2401         0.2394
    126   3.16  1848.94     683.93     590.79  0.9864     0.9863  0.0136     0.0137     0.2393         0.2398
    127   3.16  1811.83     662.09     581.53  0.9863     0.9865  0.0137     0.0135     0.2343         0.2353
    128   3.16  1767.36     636.94     565.73  0.9868     0.9870  0.0132     0.0130     0.2356         0.2376
    129   3.16  1710.38     607.39     552.19  0.9867     0.9867  0.0133     0.0133     0.2379         0.2383
    130   3.18  1790.39     662.21     475.96  0.9862     0.9862  0.0138     0.0138     0.1941         0.1947
    131   3.17  1800.25     666.43     476.05  0.9855     0.9854  0.0145     0.0146     0.1975         0.1978
    132   3.17  1798.91     665.03     478.82  0.9865     0.9864  0.0135     0.0136     0.1973         0.1969
    133   3.17  1798.57     664.52     480.03  0.9860     0.9860  0.0140     0.0140     0.2016         0.2019
    134   3.17  1798.14     663.88     481.48  0.9866     0.9867  0.0134     0.0133     0.2007         0.2002
    135   3.17  1797.56     663.16     482.71  0.9868     0.9866  0.0132     0.0134     0.2025         0.2020
    136   3.17  1796.48     662.00     485.29  0.9868     0.9867  0.0132     0.0133     0.2019         0.2019
    137   3.17  1795.07     660.72     487.79  0.9872     0.9873  0.0128     0.0127     0.2087         0.2085
    138   3.17  1793.95     659.82     489.26  0.9868     0.9867  0.0132     0.0133     0.2048         0.2055
    139   3.17  1792.56     658.85     492.51  0.9869     0.9869  0.0131     0.0131     0.2113         0.2114
    140   3.17  1790.98     657.72     495.02  0.9873     0.9872  0.0127     0.0128     0.2143         0.2126
    141   3.17  1789.04     656.44     498.39  0.9872     0.9874  0.0128     0.0126     0.2207         0.2204
    142   3.17  1786.70     655.00     501.69  0.9869     0.9870  0.0131     0.0130     0.2197         0.2196
    143   3.16  1783.70     653.29     506.37  0.9873     0.9875  0.0127     0.0125     0.2242         0.2246
    144   3.16  1780.29     651.34     510.30  0.9874     0.9874  0.0126     0.0126     0.2331         0.2322
    145   3.16  1776.43     649.34     515.06  0.9875     0.9873  0.0125     0.0127     0.2291         0.2312
    146   3.16  1771.51     647.02     520.78  0.9876     0.9876  0.0124     0.0124     0.2342         0.2351
    147   3.16  1766.15     644.31     525.60  0.9876     0.9876  0.0124     0.0124     0.2372         0.2357
    148   3.16  1759.48     640.96     530.40  0.9875     0.9875  0.0125     0.0125     0.2397         0.2401
    149   3.16  1751.75     637.26     534.42  0.9878     0.9878  0.0122     0.0122     0.2407         0.2411
    150   3.16  1742.47     632.84     539.80  0.9878     0.9878  0.0122     0.0122     0.2509         0.2510
    151   3.15  1731.85     627.76     543.52  0.9876     0.9876  0.0124     0.0124     0.2528         0.2544
    152   3.15  1719.29     621.87     545.67  0.9875     0.9875  0.0125     0.0125     0.2528         0.2537
    153   3.15  1703.99     614.79     546.76  0.9875     0.9878  0.0125     0.0122     0.2544         0.2561
    154   3.15  1684.93     606.01     545.74  0.9881     0.9880  0.0119     0.0120     0.2494         0.2491
    155   3.15  1662.06     595.86     542.87  0.9878     0.9878  0.0122     0.0122     0.2582         0.2578
    156   3.15  1633.17     583.40     539.23  0.9880     0.9878  0.0120     0.0122     0.2567         0.2582
    157   3.15  1596.35     568.48     533.64  0.9879     0.9879  0.0121     0.0121     0.2607         0.2609
    158   3.15  1549.07     550.67     526.30  0.9876     0.9876  0.0124     0.0124     0.2610         0.2614
    159   3.16  1496.51     532.90     516.99  0.9878     0.9880  0.0122     0.0120     0.2515         0.2502
    160   3.15  1516.86     543.60     500.96  0.9860     0.9861  0.0140     0.0139     0.2447         0.2441
    161   3.16  1534.00     547.53     489.89  0.9868     0.9867  0.0132     0.0133     0.2348         0.2336
    162   3.16  1534.58     546.64     489.53  0.9868     0.9869  0.0132     0.0131     0.2428         0.2431
    163   3.15  1534.25     546.40     490.69  0.9871     0.9871  0.0129     0.0129     0.2343         0.2349
    164   3.16  1533.82     546.22     491.68  0.9872     0.9873  0.0128     0.0127     0.2383         0.2380
    165   3.16  1533.14     546.13     492.83  0.9870     0.9871  0.0130     0.0129     0.2361         0.2366
    166   3.15  1532.42     545.87     493.91  0.9872     0.9872  0.0128     0.0128     0.2376         0.2386
    167   3.16  1531.41     545.39     495.79  0.9871     0.9872  0.0129     0.0128     0.2329         0.2326
    168   3.16  1530.46     545.06     496.71  0.9871     0.9871  0.0129     0.0129     0.2432         0.2443
    169   3.16  1529.09     544.74     498.41  0.9870     0.9871  0.0130     0.0129     0.2425         0.2423
    170   3.16  1527.58     544.20     499.56  0.9872     0.9869  0.0128     0.0131     0.2436         0.2444
    171   3.16  1525.78     543.48     500.89  0.9869     0.9870  0.0131     0.0130     0.2522         0.2531
    172   3.16  1523.63     542.91     502.24  0.9868     0.9867  0.0132     0.0133     0.2461         0.2493
    173   3.16  1521.08     542.64     504.97  0.9876     0.9874  0.0124     0.0126     0.2552         0.2564
    174   3.15  1517.96     541.35     505.22  0.9869     0.9868  0.0131     0.0132     0.2555         0.2556
    175   3.16  1514.10     539.77     506.26  0.9871     0.9870  0.0129     0.0130     0.2474         0.2481
    176   3.16  1509.53     537.97     506.48  0.9871     0.9871  0.0129     0.0129     0.2629         0.2631
    177   3.15  1503.85     536.12     507.11  0.9868     0.9868  0.0132     0.0132     0.2559         0.2561
    178   3.16  1497.19     533.50     507.05  0.9868     0.9867  0.0132     0.0133     0.2617         0.2651
    179   3.15  1489.43     530.82     506.63  0.9869     0.9871  0.0131     0.0129     0.2589         0.2612
    180   3.16  1479.63     527.05     504.70  0.9871     0.9870  0.0129     0.0130     0.2602         0.2600
    181   3.15  1468.32     522.94     503.65  0.9869     0.9870  0.0131     0.0130     0.2623         0.2633
    182   3.16  1454.18     517.74     501.54  0.9876     0.9873  0.0124     0.0127     0.2587         0.2596
    183   3.16  1438.18     512.90     498.77  0.9874     0.9874  0.0126     0.0126     0.2616         0.2617
    184   3.16  1417.62     505.99     493.82  0.9873     0.9874  0.0127     0.0126     0.2613         0.2596
    185   3.16  1392.60     497.50     489.85  0.9873     0.9871  0.0127     0.0129     0.2672         0.2674
    186   3.16  1361.92     488.19     486.91  0.9869     0.9871  0.0131     0.0129     0.2644         0.2657
    187   3.15  1326.43     477.62     482.13  0.9875     0.9873  0.0125     0.0127     0.2783         0.2784
    188   3.15  1305.05     472.59     489.69  0.9871     0.9871  0.0129     0.0129     0.2769         0.2762
    189   3.15  1279.84     466.37     480.94  0.9871     0.9868  0.0129     0.0132     0.2833         0.2845
    190   3.16  1245.55     457.55     476.88  0.9870     0.9874  0.0130     0.0126     0.2864         0.2865
    191   3.16  1207.32     447.35     469.39  0.9877     0.9876  0.0123     0.0124     0.2807         0.2821
    192   3.13  1217.56     454.04     478.29  0.9864     0.9865  0.0136     0.0135     0.2956         0.2945
    193   3.15  1227.71     458.60     468.92  0.9873     0.9873  0.0127     0.0127     0.2833         0.2828
    194   3.15  1227.40     457.80     467.25  0.9870     0.9873  0.0130     0.0127     0.2800         0.2819
    195   3.15  1227.02     457.55     465.93  0.9871     0.9870  0.0129     0.0130     0.2777         0.2785
    196   3.15  1225.52     457.26     466.12  0.9871     0.9871  0.0129     0.0129     0.2841         0.2852
    197   3.16  1224.08     456.77     464.18  0.9866     0.9868  0.0134     0.0132     0.2847         0.2851
    198   3.16  1222.17     456.30     463.25  0.9872     0.9871  0.0128     0.0129     0.2883         0.2892
    199   3.15  1220.32     456.12     463.30  0.9870     0.9868  0.0130     0.0132     0.2915         0.2905
    200   3.15  1217.74     455.32     462.13  0.9872     0.9873  0.0128     0.0127     0.2786         0.2804
    201   3.16  1215.39     455.02     461.12  0.9868     0.9869  0.0132     0.0131     0.2811         0.2819
    202   3.16  1211.77     453.68     459.17  0.9871     0.9872  0.0129     0.0128     0.2858         0.2853
    203   3.15  1208.56     452.14     457.89  0.9873     0.9873  0.0127     0.0127     0.2926         0.2935
    204   3.15  1203.96     451.71     457.87  0.9869     0.9870  0.0131     0.0130     0.2912         0.2923
    205   3.15  1198.64     450.32     454.94  0.9873     0.9874  0.0127     0.0126     0.2843         0.2856
    206   3.15  1194.29     449.60     454.38  0.9871     0.9872  0.0129     0.0128     0.2858         0.2871
    207   3.16  1188.15     448.25     453.63  0.9877     0.9878  0.0123     0.0122     0.2914         0.2905
    208   3.15  1180.40     446.30     451.17  0.9876     0.9878  0.0124     0.0122     0.2914         0.2913
    209   3.16  1171.24     443.70     449.01  0.9873     0.9872  0.0127     0.0128     0.2859         0.2865
    210   3.15  1170.87     443.29     453.39  0.9875     0.9876  0.0125     0.0124     0.2863         0.2869
    211   3.15  1168.60     442.37     453.83  0.9873     0.9875  0.0127     0.0125     0.2918         0.2929
    212   3.15  1160.97     440.15     450.66  0.9870     0.9871  0.0130     0.0129     0.2920         0.2919
    213   3.16  1153.97     439.49     451.38  0.9873     0.9872  0.0127     0.0128     0.2899         0.2937
    214   3.15  1143.59     436.12     449.13  0.9874     0.9875  0.0126     0.0125     0.2968         0.2966
    215   3.16  1151.34     435.36     446.70  0.9873     0.9874  0.0127     0.0126     0.2830         0.2839
    216   3.16  1147.40     435.51     444.89  0.9876     0.9876  0.0124     0.0124     0.2937         0.2957
    217   3.15  1142.01     433.44     443.44  0.9873     0.9872  0.0127     0.0128     0.2931         0.2953
    218   3.16  1135.73     430.84     440.46  0.9872     0.9872  0.0128     0.0128     0.2927         0.2934
    219   3.16  1128.88     428.48     438.91  0.9877     0.9878  0.0123     0.0122     0.2908         0.2918
    220   3.16  1119.84     425.98     437.42  0.9878     0.9880  0.0122     0.0120     0.2919         0.2926
    221   3.16  1112.39     424.03     435.48  0.9876     0.9877  0.0124     0.0123     0.2944         0.2951
    222   3.16  1101.93     420.48     434.42  0.9874     0.9876  0.0126     0.0124     0.2944         0.2931
    223   3.16  1090.71     417.42     432.50  0.9872     0.9873  0.0128     0.0127     0.2971         0.2988
    224   3.16  1077.17     413.55     431.44  0.9878     0.9879  0.0122     0.0121     0.3006         0.2995
    225   3.15  1062.87     409.25     431.45  0.9870     0.9870  0.0130     0.0130     0.3070         0.3097
    226   3.16  1050.09     406.54     430.13  0.9868     0.9871  0.0132     0.0129     0.2983         0.2993
    227   3.16  1047.21     405.62     430.06  0.9885     0.9884  0.0115     0.0116     0.3020         0.3013
    228   3.16  1040.54     402.90     429.88  0.9874     0.9876  0.0126     0.0124     0.2964         0.2973
    229   3.16  1030.50     400.80     426.27  0.9880     0.9880  0.0120     0.0120     0.2898         0.2927
    230   3.16  1023.22     399.53     422.13  0.9880     0.9879  0.0120     0.0121     0.2924         0.2936
    231   3.16  1021.41     399.64     421.79  0.9878     0.9876  0.0122     0.0124     0.2933         0.2936
    232   3.16  1011.81     398.38     421.08  0.9876     0.9878  0.0124     0.0122     0.2919         0.2937
    233   3.16   998.38     395.03     420.71  0.9871     0.9872  0.0129     0.0128     0.2962         0.2978
    234   3.15   984.06     391.70     418.90  0.9868     0.9871  0.0132     0.0129     0.3016         0.3022
    235   3.15   983.53     392.63     418.01  0.9877     0.9877  0.0123     0.0123     0.2968         0.2992
    236   3.16   976.33     394.35     416.11  0.9878     0.9878  0.0122     0.0122     0.2980         0.2984
    237   3.15   964.40     391.58     417.53  0.9873     0.9877  0.0127     0.0123     0.2979         0.2994
    238   3.15   959.39     390.68     417.13  0.9875     0.9876  0.0125     0.0124     0.3024         0.3024
    239   3.15   954.66     388.04     418.27  0.9872     0.9872  0.0128     0.0128     0.3087         0.3094
    240   3.15   947.87     387.27     419.52  0.9869     0.9868  0.0131     0.0132     0.3023         0.3037
    241   3.16   940.18     386.47     415.96  0.9879     0.9880  0.0121     0.0120     0.3053         0.3060
    242   3.15   931.50     385.11     414.19  0.9873     0.9874  0.0127     0.0126     0.3056         0.3081
    243   3.15   921.22     382.58     413.74  0.9873     0.9873  0.0127     0.0127     0.3064         0.3075
    244   3.15   909.45     380.16     414.82  0.9868     0.9867  0.0132     0.0133     0.3064         0.3067
    245   3.15   893.24     378.25     414.04  0.9862     0.9864  0.0138     0.0136     0.3130         0.3149
    246   3.15   896.05     378.57     406.21  0.9875     0.9874  0.0125     0.0126     0.2992         0.3007
    247   3.15   908.79     382.55     404.74  0.9868     0.9868  0.0132     0.0132     0.2990         0.3003
    248   3.17   906.73     382.06     406.07  0.9874     0.9874  0.0126     0.0126     0.3044         0.3038
    249   3.15   901.46     380.94     405.79  0.9868     0.9867  0.0132     0.0133     0.3050         0.3058
    250   3.16   894.88     379.53     405.67  0.9868     0.9866  0.0132     0.0134     0.3094         0.3122
    251   3.16   903.69     382.03     401.12  0.9876     0.9877  0.0124     0.0123     0.2984         0.2982
    252   3.15   898.80     380.02     400.33  0.9870     0.9872  0.0130     0.0128     0.3061         0.3057
    253   3.16   898.66     380.21     401.51  0.9870     0.9869  0.0130     0.0131     0.3127         0.3159
    254   3.16   892.02     378.56     400.42  0.9878     0.9879  0.0122     0.0121     0.3102         0.3120
    255   3.16   891.11     378.62     401.43  0.9868     0.9871  0.0132     0.0129     0.3064         0.3062
    256   3.15   887.48     377.32     402.40  0.9867     0.9869  0.0133     0.0131     0.3040         0.3057
    257   3.15   882.68     376.04     403.46  0.9872     0.9872  0.0128     0.0128     0.3048         0.3068
    258   3.16   874.80     374.14     402.63  0.9875     0.9874  0.0125     0.0126     0.3098         0.3080
    259   3.15   863.50     372.08     402.25  0.9871     0.9870  0.0129     0.0130     0.3062         0.3068
    260   3.16   861.82     371.21     400.93  0.9874     0.9875  0.0126     0.0125     0.3122         0.3122
    261   3.16   856.04     371.56     397.20  0.9877     0.9877  0.0123     0.0123     0.3143         0.3145
    262   3.16   847.04     369.63     399.92  0.9875     0.9876  0.0125     0.0124     0.3079         0.3109
    263   3.16   851.34     369.78     397.78  0.9871     0.9870  0.0129     0.0130     0.3153         0.3133
    264   3.15   848.10     369.54     398.03  0.9871     0.9867  0.0129     0.0133     0.3203         0.3201
    265   3.16   845.87     368.32     395.56  0.9873     0.9872  0.0127     0.0128     0.3060         0.3070
    266   3.15   842.60     367.43     397.22  0.9872     0.9871  0.0128     0.0129     0.3117         0.3140
    267   3.16   836.21     365.66     396.37  0.9878     0.9878  0.0122     0.0122     0.3121         0.3132
    268   3.16   830.84     364.24     395.02  0.9874     0.9874  0.0126     0.0126     0.3080         0.3092
    269   3.15   830.76     364.25     395.03  0.9873     0.9871  0.0127     0.0129     0.3119         0.3128
    270   3.15   827.83     364.75     395.29  0.9872     0.9873  0.0128     0.0127     0.3166         0.3172
    271   3.15   829.74     364.02     393.36  0.9874     0.9874  0.0126     0.0126     0.3216         0.3219
    272   3.16   824.19     362.05     392.05  0.9873     0.9877  0.0127     0.0123     0.3171         0.3174
    273   3.16   821.86     362.32     393.25  0.9879     0.9876  0.0121     0.0124     0.3169         0.3193
    274   3.15   817.36     361.60     390.16  0.9873     0.9874  0.0127     0.0126     0.3139         0.3138
    275   3.16   811.46     360.57     389.40  0.9871     0.9872  0.0129     0.0128     0.3092         0.3107
    276   3.16   805.75     359.56     390.46  0.9879     0.9879  0.0121     0.0121     0.3143         0.3172
    277   3.15   801.24     358.71     389.75  0.9870     0.9872  0.0130     0.0128     0.3087         0.3083
    278   3.16   794.48     357.40     390.66  0.9876     0.9876  0.0124     0.0124     0.3138         0.3145
    279   3.16   789.58     356.32     389.23  0.9870     0.9871  0.0130     0.0129     0.3088         0.3104
    280   3.16   783.72     355.05     388.39  0.9871     0.9872  0.0129     0.0128     0.3083         0.3079
    281   3.15   784.29     357.33     386.86  0.9861     0.9862  0.0139     0.0138     0.3178         0.3207
    282   3.16   778.70     356.15     386.21  0.9871     0.9873  0.0129     0.0127     0.3215         0.3236
    283   3.15   774.37     355.18     386.95  0.9867     0.9868  0.0133     0.0132     0.3167         0.3177
    284   3.14   777.63     355.67     386.31  0.9875     0.9873  0.0125     0.0127     0.3156         0.3157
    285   3.16   772.76     353.76     386.68  0.9874     0.9876  0.0126     0.0124     0.3126         0.3124
    286   3.15   770.49     353.85     385.89  0.9867     0.9866  0.0133     0.0134     0.3111         0.3124
    287   3.15   769.23     353.71     384.19  0.9871     0.9871  0.0129     0.0129     0.3163         0.3167
    288   3.16   773.81     354.96     382.99  0.9874     0.9873  0.0126     0.0127     0.3073         0.3077
    289   3.16   770.63     354.00     382.38  0.9873     0.9874  0.0127     0.0126     0.3141         0.3132
    290   3.16   764.50     351.84     382.61  0.9866     0.9868  0.0134     0.0132     0.3214         0.3218
    291   3.15   761.36     351.43     383.30  0.9873     0.9873  0.0127     0.0127     0.3140         0.3147
    292   3.15   753.79     350.04     383.63  0.9879     0.9881  0.0121     0.0119     0.3220         0.3227
    293   3.16   754.97     350.17     381.24  0.9876     0.9876  0.0124     0.0124     0.3148         0.3160
    294   3.15   758.63     350.68     381.47  0.9863     0.9863  0.0137     0.0137     0.3149         0.3170
    295   3.14   758.85     350.16     383.06  0.9872     0.9872  0.0128     0.0128     0.3184         0.3204
    296   3.15   755.01     349.32     381.78  0.9871     0.9872  0.0129     0.0128     0.3200         0.3214
    297   3.15   753.61     349.45     381.25  0.9870     0.9871  0.0130     0.0129     0.3224         0.3251
    298   3.16   746.97     347.85     380.36  0.9871     0.9874  0.0129     0.0126     0.3225         0.3225
    299   3.15   744.75     348.00     380.42  0.9869     0.9868  0.0131     0.0132     0.3144         0.3172
    300   3.16   756.85     353.16     374.13  0.9877     0.9878  0.0123     0.0122     0.3142         0.3166
The log/output/model have been saved to: ./logs/train.py-multi_zetas300_True_True_True_1e-09_1e-09_1e-09-mnm-04-23-10:36 + .csv/.out/.cpt
