  epoch    IZY    IXZ_1    IZ_1Z_2    IZ_2Z_3     acc    avg_acc     err    avg_err    adv_acc    avg_adv_acc
-------  -----  -------  ---------  ---------  ------  ---------  ------  ---------  ---------  -------------
      1   3.09  2474.22    1370.61     718.62  0.9483     0.9483  0.0517     0.0517     0.0237         0.0237
      2   3.17  2428.37    1336.38     712.87  0.9669     0.9668  0.0331     0.0332     0.0194         0.0193
      3   3.14  2417.15    1311.97     716.36  0.9617     0.9616  0.0383     0.0384     0.0247         0.0247
      4   3.19  2409.43    1315.84     729.76  0.9705     0.9704  0.0295     0.0296     0.0227         0.0227
      5   3.19  2396.24    1301.08     728.43  0.9719     0.9719  0.0281     0.0281     0.0184         0.0184
      6   3.19  2395.88    1303.85     739.91  0.9736     0.9736  0.0264     0.0264     0.0251         0.0251
      7   3.19  2392.97    1289.68     727.16  0.9738     0.9738  0.0262     0.0262     0.0234         0.0235
      8   3.19  2395.84    1313.60     768.75  0.9745     0.9744  0.0255     0.0256     0.0435         0.0438
      9   3.16  2395.85    1304.15     768.36  0.9685     0.9686  0.0315     0.0314     0.0648         0.0646
     10   3.20  2390.49    1293.57     768.25  0.9765     0.9765  0.0235     0.0235     0.0666         0.0666
     11   3.17  2403.48    1293.06     776.19  0.9711     0.9711  0.0289     0.0289     0.0738         0.0737
     12   3.20  2407.99    1291.17     778.90  0.9781     0.9782  0.0219     0.0218     0.0718         0.0719
     13   3.20  2410.65    1283.00     783.54  0.9779     0.9780  0.0221     0.0220     0.0950         0.0952
     14   3.22  2408.86    1284.85     785.65  0.9823     0.9822  0.0177     0.0178     0.0713         0.0712
     15   3.20  2415.41    1285.79     796.11  0.9800     0.9800  0.0200     0.0200     0.0793         0.0792
     16   3.21  2413.23    1281.86     785.36  0.9815     0.9815  0.0185     0.0185     0.0889         0.0886
     17   3.19  2412.50    1286.53     785.70  0.9776     0.9776  0.0224     0.0224     0.0990         0.0985
     18   3.22  2408.99    1286.24     806.34  0.9835     0.9836  0.0165     0.0164     0.0959         0.0957
     19   3.20  2410.86    1277.52     783.05  0.9805     0.9804  0.0195     0.0196     0.1063         0.1067
     20   3.16  2414.59    1287.75     812.34  0.9778     0.9777  0.0222     0.0223     0.1056         0.1056
     21   3.16  2416.64    1289.43     802.58  0.9741     0.9740  0.0259     0.0260     0.0928         0.0929
     22   3.18  2414.15    1287.53     803.52  0.9753     0.9753  0.0247     0.0247     0.1335         0.1335
     23   3.20  2419.71    1285.96     804.66  0.9819     0.9819  0.0181     0.0181     0.1264         0.1267
     24   3.18  2418.97    1278.50     806.48  0.9789     0.9789  0.0211     0.0211     0.1161         0.1159
     25   3.21  2410.87    1287.94     844.56  0.9845     0.9845  0.0155     0.0155     0.1466         0.1462
     26   3.20  2417.20    1282.15     793.73  0.9811     0.9812  0.0189     0.0188     0.1364         0.1365
     27   3.21  2421.31    1282.29     805.09  0.9834     0.9834  0.0166     0.0166     0.1514         0.1512
     28   3.19  2423.09    1291.16     828.76  0.9813     0.9812  0.0187     0.0188     0.1733         0.1727
     29   3.18  2430.08    1304.81     878.02  0.9814     0.9814  0.0186     0.0186     0.1859         0.1856
     30   3.21  2424.85    1286.74     812.78  0.9853     0.9853  0.0147     0.0147     0.1725         0.1720
     31   3.20  2422.20    1291.32     819.31  0.9833     0.9834  0.0167     0.0166     0.2038         0.2035
     32   3.19  2428.23    1294.39     808.77  0.9827     0.9825  0.0173     0.0175     0.1841         0.1843
     33   3.19  2434.95    1305.77     851.01  0.9832     0.9833  0.0168     0.0167     0.2156         0.2158
     34   3.18  2433.52    1291.72     800.67  0.9797     0.9797  0.0203     0.0203     0.1294         0.1294
     35   3.17  2442.99    1309.47     859.85  0.9823     0.9823  0.0177     0.0177     0.1539         0.1540
     36   3.20  2443.72    1313.75     863.88  0.9848     0.9848  0.0152     0.0152     0.2133         0.2143
     37   3.20  2444.05    1316.37     885.31  0.9857     0.9857  0.0143     0.0143     0.2183         0.2185
     38   3.19  2443.33    1297.05     822.38  0.9823     0.9822  0.0177     0.0178     0.1814         0.1813
     39   3.20  2448.76    1307.94     857.89  0.9852     0.9852  0.0148     0.0148     0.2058         0.2052
     40   3.21  2442.67    1294.89     803.65  0.9836     0.9836  0.0164     0.0164     0.2140         0.2135
     41   3.19  2441.66    1295.70     820.62  0.9841     0.9841  0.0159     0.0159     0.2326         0.2327
     42   3.20  2446.75    1316.10     874.44  0.9850     0.9850  0.0150     0.0150     0.2271         0.2271
     43   3.21  2446.82    1297.86     826.36  0.9841     0.9842  0.0159     0.0158     0.1814         0.1814
     44   3.14  2450.59    1298.25     839.48  0.9779     0.9779  0.0221     0.0221     0.2467         0.2469
     45   3.20  2453.44    1328.20     889.20  0.9859     0.9860  0.0141     0.0140     0.2474         0.2480
     46   3.18  2456.05    1338.06     928.73  0.9851     0.9851  0.0149     0.0149     0.2566         0.2564
     47   3.20  2450.84    1310.69     828.77  0.9843     0.9845  0.0157     0.0155     0.2469         0.2468
     48   3.21  2455.61    1315.86     840.13  0.9854     0.9854  0.0146     0.0146     0.2201         0.2196
     49   3.20  2458.66    1328.69     869.91  0.9867     0.9867  0.0133     0.0133     0.2516         0.2515
     50   3.20  2458.28    1332.48     896.44  0.9876     0.9875  0.0124     0.0125     0.2657         0.2648
     51   3.18  2456.30    1302.85     805.29  0.9824     0.9826  0.0176     0.0174     0.1944         0.1940
     52   3.20  2467.51    1328.27     863.54  0.9860     0.9860  0.0140     0.0140     0.2612         0.2613
     53   3.21  2461.90    1323.26     855.16  0.9856     0.9855  0.0144     0.0145     0.2727         0.2726
     54   3.20  2465.31    1336.18     892.11  0.9866     0.9866  0.0134     0.0134     0.3120         0.3116
     55   3.20  2466.30    1338.87     905.43  0.9868     0.9869  0.0132     0.0131     0.2972         0.2975
     56   3.20  2467.01    1342.35     918.84  0.9864     0.9864  0.0136     0.0136     0.3060         0.3073
     57   3.20  2467.69    1344.56     929.43  0.9868     0.9867  0.0132     0.0133     0.3042         0.3049
     58   3.20  2468.28    1345.86     938.62  0.9867     0.9868  0.0133     0.0132     0.3093         0.3100
     59   3.19  2468.57    1345.77     945.31  0.9866     0.9865  0.0134     0.0135     0.3028         0.3025
     60   3.19  2468.52    1343.91     948.40  0.9871     0.9871  0.0129     0.0129     0.2984         0.2993
     61   3.19  2466.84    1338.86     945.29  0.9874     0.9876  0.0126     0.0124     0.2944         0.2951
     62   3.18  2464.74    1330.74     936.54  0.9874     0.9874  0.0126     0.0126     0.2902         0.2896
     63   3.18  2460.52    1317.85     917.69  0.9875     0.9875  0.0125     0.0125     0.2853         0.2853
     64   3.18  2454.28    1299.19     888.01  0.9875     0.9875  0.0125     0.0125     0.2839         0.2831
     65   3.18  2445.46    1273.87     846.60  0.9875     0.9874  0.0125     0.0126     0.2831         0.2839
     66   3.18  2434.36    1241.39     797.77  0.9875     0.9876  0.0125     0.0124     0.2817         0.2821
     67   3.18  2420.07    1200.56     743.74  0.9874     0.9876  0.0126     0.0124     0.2884         0.2889
     68   3.18  2402.92    1151.33     689.70  0.9879     0.9879  0.0121     0.0121     0.2971         0.2971
     69   3.18  2382.79    1094.28     638.70  0.9876     0.9874  0.0124     0.0126     0.3139         0.3133
     70   3.18  2359.45    1028.74     591.53  0.9879     0.9876  0.0121     0.0124     0.3304         0.3298
     71   3.19  2333.10     957.14     544.05  0.9877     0.9878  0.0123     0.0122     0.3444         0.3448
     72   3.19  2303.16     878.60     500.76  0.9881     0.9878  0.0119     0.0122     0.3598         0.3602
     73   3.19  2269.89     796.18     461.89  0.9878     0.9880  0.0122     0.0120     0.3608         0.3618
     74   3.19  2233.04     711.38     427.32  0.9881     0.9879  0.0119     0.0121     0.3699         0.3698
     75   3.19  2243.89     722.08     383.74  0.9841     0.9841  0.0159     0.0159     0.2986         0.2979
     76   3.20  2241.21     715.47     377.48  0.9853     0.9851  0.0147     0.0149     0.3140         0.3158
     77   3.19  2240.89     708.90     387.15  0.9861     0.9859  0.0139     0.0141     0.3365         0.3353
     78   3.20  2240.09     706.16     394.87  0.9864     0.9864  0.0136     0.0136     0.3418         0.3423
     79   3.19  2239.55     703.35     402.25  0.9865     0.9869  0.0135     0.0131     0.3543         0.3533
     80   3.19  2238.89     700.03     410.78  0.9868     0.9867  0.0132     0.0133     0.3584         0.3591
     81   3.19  2238.01     696.81     419.47  0.9867     0.9866  0.0133     0.0134     0.3715         0.3732
     82   3.19  2236.74     693.50     429.47  0.9865     0.9867  0.0135     0.0133     0.3723         0.3710
     83   3.19  2234.94     690.30     439.13  0.9869     0.9869  0.0131     0.0131     0.3833         0.3857
     84   3.18  2232.41     686.30     449.92  0.9871     0.9871  0.0129     0.0129     0.3920         0.3942
     85   3.18  2229.03     682.82     459.17  0.9867     0.9871  0.0133     0.0129     0.3952         0.3961
     86   3.18  2224.40     678.62     467.75  0.9872     0.9868  0.0128     0.0132     0.3969         0.4001
     87   3.18  2218.43     674.37     473.82  0.9871     0.9870  0.0129     0.0130     0.4054         0.4083
     88   3.18  2210.67     669.55     477.50  0.9865     0.9866  0.0135     0.0134     0.3983         0.3998
     89   3.18  2201.04     663.78     478.84  0.9870     0.9869  0.0130     0.0131     0.4062         0.4062
     90   3.18  2189.27     657.15     476.32  0.9870     0.9870  0.0130     0.0130     0.3974         0.4011
     91   3.18  2175.79     649.88     468.22  0.9873     0.9873  0.0127     0.0127     0.3891         0.3917
     92   3.18  2158.72     640.03     457.88  0.9871     0.9870  0.0129     0.0130     0.3807         0.3807
     93   3.18  2138.82     627.73     447.35  0.9873     0.9872  0.0127     0.0128     0.3765         0.3754
     94   3.18  2115.56     613.01     433.56  0.9870     0.9869  0.0130     0.0131     0.3639         0.3667
     95   3.18  2088.15     594.62     419.32  0.9875     0.9872  0.0125     0.0128     0.3560         0.3580
     96   3.18  2055.46     571.61     404.41  0.9869     0.9868  0.0131     0.0132     0.3520         0.3520
     97   3.18  2016.79     542.98     388.42  0.9876     0.9876  0.0124     0.0124     0.3471         0.3500
     98   3.19  1968.42     507.91     371.10  0.9874     0.9875  0.0126     0.0125     0.3428         0.3446
     99   3.19  1914.59     469.75     353.95  0.9876     0.9878  0.0124     0.0122     0.3477         0.3490
    100   3.18  1931.26     523.85     318.18  0.9848     0.9849  0.0152     0.0151     0.2672         0.2684
    101   3.20  1933.19     526.75     315.02  0.9853     0.9854  0.0147     0.0146     0.2472         0.2492
    102   3.20  1931.27     520.71     317.39  0.9860     0.9860  0.0140     0.0140     0.2696         0.2703
    103   3.20  1929.62     517.31     319.54  0.9860     0.9860  0.0140     0.0140     0.2832         0.2847
    104   3.20  1927.84     514.16     321.90  0.9866     0.9865  0.0134     0.0135     0.2872         0.2898
    105   3.20  1926.13     510.74     325.46  0.9865     0.9865  0.0135     0.0135     0.3000         0.3005
    106   3.20  1924.26     506.79     328.84  0.9862     0.9862  0.0138     0.0138     0.3082         0.3079
    107   3.19  1924.66     506.46     332.02  0.9866     0.9868  0.0134     0.0132     0.3074         0.3075
    108   3.20  1922.99     505.06     344.68  0.9864     0.9864  0.0136     0.0136     0.3368         0.3375
    109   3.19  1920.52     502.15     348.53  0.9865     0.9868  0.0135     0.0132     0.3363         0.3372
    110   3.19  1917.68     499.31     352.40  0.9871     0.9870  0.0129     0.0130     0.3513         0.3537
    111   3.19  1914.47     496.45     355.92  0.9869     0.9870  0.0131     0.0130     0.3605         0.3634
    112   3.19  1910.57     493.50     359.49  0.9870     0.9871  0.0130     0.0129     0.3630         0.3642
    113   3.19  1906.07     490.59     363.36  0.9871     0.9873  0.0129     0.0127     0.3684         0.3707
    114   3.19  1900.73     487.53     365.23  0.9872     0.9873  0.0128     0.0127     0.3730         0.3774
    115   3.19  1894.40     483.97     365.90  0.9870     0.9871  0.0130     0.0129     0.3677         0.3698
    116   3.19  1887.30     480.43     365.12  0.9868     0.9871  0.0132     0.0129     0.3769         0.3798
    117   3.19  1878.23     476.00     363.38  0.9871     0.9870  0.0129     0.0130     0.3733         0.3765
    118   3.19  1867.32     470.61     359.24  0.9873     0.9874  0.0127     0.0126     0.3727         0.3744
    119   3.19  1854.42     464.70     354.07  0.9873     0.9871  0.0127     0.0129     0.3756         0.3801
    120   3.19  1838.71     457.08     346.70  0.9872     0.9874  0.0128     0.0126     0.3678         0.3688
    121   3.19  1819.52     446.81     339.45  0.9874     0.9874  0.0126     0.0126     0.3697         0.3742
    122   3.17  1838.98     498.18     327.35  0.9850     0.9851  0.0150     0.0149     0.2981         0.2993
    123   3.19  1840.48     499.21     323.29  0.9857     0.9857  0.0143     0.0143     0.3082         0.3098
    124   3.18  1839.96     497.74     325.68  0.9860     0.9860  0.0140     0.0140     0.3101         0.3119
    125   3.18  1839.10     496.20     327.99  0.9863     0.9862  0.0137     0.0138     0.3204         0.3226
    126   3.18  1838.09     494.54     330.02  0.9863     0.9865  0.0137     0.0135     0.3297         0.3308
    127   3.18  1836.90     492.76     332.61  0.9863     0.9864  0.0137     0.0136     0.3367         0.3384
    128   3.18  1835.51     490.94     335.30  0.9866     0.9865  0.0134     0.0135     0.3392         0.3418
    129   3.18  1833.97     490.05     338.10  0.9870     0.9870  0.0130     0.0130     0.3430         0.3457
    130   3.18  1831.91     487.86     341.04  0.9868     0.9869  0.0132     0.0131     0.3545         0.3566
    131   3.18  1829.42     485.43     343.32  0.9868     0.9869  0.0132     0.0131     0.3593         0.3627
    132   3.18  1826.52     482.81     345.32  0.9866     0.9868  0.0134     0.0132     0.3641         0.3646
    133   3.18  1823.03     480.09     348.30  0.9867     0.9869  0.0133     0.0131     0.3689         0.3719
    134   3.18  1818.75     477.38     350.59  0.9867     0.9870  0.0133     0.0130     0.3755         0.3766
    135   3.18  1813.60     473.81     350.90  0.9869     0.9871  0.0131     0.0129     0.3802         0.3829
    136   3.18  1808.01     470.93     350.02  0.9871     0.9871  0.0129     0.0129     0.3810         0.3841
    137   3.18  1800.85     466.58     348.51  0.9873     0.9873  0.0127     0.0127     0.3762         0.3785
    138   3.18  1792.08     461.57     345.06  0.9869     0.9869  0.0131     0.0131     0.3787         0.3819
    139   3.18  1781.75     455.73     340.78  0.9870     0.9870  0.0130     0.0130     0.3790         0.3835
    140   3.18  1769.72     448.49     335.71  0.9874     0.9876  0.0126     0.0124     0.3823         0.3863
    141   3.18  1754.94     440.51     328.49  0.9875     0.9875  0.0125     0.0125     0.3738         0.3784
    142   3.16  1750.44     438.95     340.64  0.9861     0.9861  0.0139     0.0139     0.3835         0.3860
    143   3.16  1762.95     450.33     339.04  0.9864     0.9865  0.0136     0.0135     0.3681         0.3690
    144   3.16  1769.18     448.24     340.28  0.9863     0.9864  0.0137     0.0136     0.3749         0.3782
    145   3.17  1772.91     453.69     333.14  0.9865     0.9867  0.0135     0.0133     0.3578         0.3603
    146   3.16  1771.95     452.34     334.38  0.9862     0.9864  0.0138     0.0136     0.3636         0.3661
    147   3.16  1770.76     451.25     335.84  0.9863     0.9863  0.0137     0.0137     0.3655         0.3681
    148   3.17  1769.36     450.15     336.86  0.9866     0.9864  0.0134     0.0136     0.3744         0.3760
    149   3.17  1767.96     449.53     336.28  0.9865     0.9865  0.0135     0.0135     0.3781         0.3808
    150   3.17  1766.04     448.19     337.65  0.9865     0.9865  0.0135     0.0135     0.3723         0.3747
    151   3.17  1763.78     446.81     337.87  0.9864     0.9866  0.0136     0.0134     0.3768         0.3800
    152   3.17  1761.23     445.22     337.03  0.9866     0.9867  0.0134     0.0133     0.3726         0.3743
    153   3.17  1757.96     443.40     337.22  0.9867     0.9867  0.0133     0.0133     0.3774         0.3810
    154   3.17  1754.16     441.06     334.91  0.9868     0.9868  0.0132     0.0132     0.3890         0.3906
    155   3.17  1749.72     438.77     332.95  0.9868     0.9869  0.0132     0.0131     0.3784         0.3815
    156   3.17  1744.21     435.74     330.61  0.9868     0.9867  0.0132     0.0133     0.3812         0.3839
    157   3.17  1737.62     432.17     326.63  0.9863     0.9865  0.0137     0.0135     0.3738         0.3763
    158   3.17  1729.59     427.93     322.98  0.9867     0.9867  0.0133     0.0133     0.3723         0.3748
    159   3.17  1719.89     422.32     318.14  0.9871     0.9867  0.0129     0.0133     0.3802         0.3812
    160   3.17  1707.80     415.36     312.99  0.9866     0.9870  0.0134     0.0130     0.3836         0.3867
    161   3.18  1693.73     407.41     307.21  0.9871     0.9871  0.0129     0.0129     0.3711         0.3755
    162   3.18  1676.10     396.98     300.24  0.9869     0.9870  0.0131     0.0130     0.3778         0.3837
    163   3.18  1655.32     386.07     293.49  0.9871     0.9870  0.0129     0.0130     0.3784         0.3812
    164   3.18  1630.22     374.38     284.68  0.9873     0.9872  0.0127     0.0128     0.3823         0.3851
    165   3.18  1601.76     360.00     278.41  0.9868     0.9868  0.0132     0.0132     0.3996         0.4075
    166   3.18  1566.26     344.02     269.06  0.9867     0.9868  0.0133     0.0132     0.3998         0.4072
    167   3.17  1548.03     345.10     271.66  0.9878     0.9877  0.0122     0.0123     0.4188         0.4255
    168   3.18  1548.25     344.03     272.31  0.9874     0.9873  0.0126     0.0127     0.4260         0.4318
    169   3.18  1543.86     342.85     271.76  0.9874     0.9873  0.0126     0.0127     0.4267         0.4367
    170   3.17  1539.03     341.80     269.87  0.9872     0.9872  0.0128     0.0128     0.4170         0.4259
    171   3.18  1560.08     357.45     259.74  0.9866     0.9864  0.0134     0.0136     0.3846         0.3904
    172   3.17  1556.29     355.48     261.08  0.9866     0.9870  0.0134     0.0130     0.3945         0.3992
    173   3.18  1551.79     353.78     261.41  0.9870     0.9870  0.0130     0.0130     0.3948         0.4024
    174   3.18  1547.04     352.03     261.80  0.9871     0.9871  0.0129     0.0129     0.4080         0.4138
    175   3.18  1543.40     353.22     260.69  0.9872     0.9872  0.0128     0.0128     0.3933         0.3980
    176   3.18  1537.38     351.10     260.36  0.9868     0.9871  0.0132     0.0129     0.4037         0.4091
    177   3.18  1530.83     348.94     260.20  0.9874     0.9873  0.0126     0.0127     0.4066         0.4123
    178   3.18  1523.27     346.72     259.49  0.9871     0.9869  0.0129     0.0131     0.4138         0.4231
    179   3.18  1515.16     344.56     258.90  0.9868     0.9869  0.0132     0.0131     0.4099         0.4177
    180   3.17  1505.47     341.57     257.76  0.9869     0.9870  0.0131     0.0130     0.4253         0.4332
    181   3.18  1497.31     340.32     255.91  0.9875     0.9874  0.0125     0.0126     0.4146         0.4232
    182   3.18  1484.76     336.28     255.19  0.9874     0.9875  0.0126     0.0125     0.4029         0.4109
    183   3.18  1472.06     333.25     252.50  0.9873     0.9875  0.0127     0.0125     0.4156         0.4238
    184   3.18  1455.32     328.46     250.37  0.9876     0.9875  0.0124     0.0125     0.4203         0.4309
    185   3.18  1435.34     324.29     248.49  0.9878     0.9875  0.0122     0.0125     0.4200         0.4306
    186   3.18  1414.43     319.94     246.10  0.9875     0.9877  0.0125     0.0123     0.4228         0.4329
    187   3.18  1393.09     315.38     244.25  0.9871     0.9873  0.0129     0.0127     0.4222         0.4331
    188   3.18  1366.21     308.98     240.56  0.9872     0.9878  0.0128     0.0122     0.4213         0.4363
    189   3.17  1334.45     303.71     237.30  0.9872     0.9875  0.0128     0.0125     0.4302         0.4423
    190   3.18  1301.05     297.45     234.63  0.9873     0.9877  0.0127     0.0123     0.4337         0.4487
    191   3.17  1263.81     291.57     232.96  0.9872     0.9871  0.0128     0.0129     0.4468         0.4627
    192   3.17  1234.48     288.83     229.44  0.9869     0.9871  0.0131     0.0129     0.4425         0.4548
    193   3.18  1196.49     284.23     227.20  0.9873     0.9872  0.0127     0.0128     0.4380         0.4511
    194   3.18  1169.19     284.44     224.34  0.9867     0.9867  0.0133     0.0133     0.4395         0.4555
    195   3.18  1179.09     288.04     223.54  0.9873     0.9874  0.0127     0.0126     0.4330         0.4503
    196   3.17  1168.55     286.51     223.71  0.9872     0.9872  0.0128     0.0128     0.4494         0.4641
    197   3.17  1159.53     287.71     221.15  0.9866     0.9864  0.0134     0.0136     0.4466         0.4609
    198   3.18  1147.28     284.57     220.36  0.9876     0.9875  0.0124     0.0125     0.4445         0.4593
    199   3.18  1131.93     281.25     218.78  0.9874     0.9875  0.0126     0.0125     0.4544         0.4708
    200   3.18  1114.73     279.33     217.66  0.9873     0.9871  0.0127     0.0129     0.4485         0.4650
    201   3.18  1101.51     278.39     216.62  0.9870     0.9867  0.0130     0.0133     0.4542         0.4678
    202   3.18  1085.47     277.12     215.02  0.9874     0.9874  0.0126     0.0126     0.4571         0.4756
    203   3.18  1082.20     276.72     213.24  0.9864     0.9864  0.0136     0.0136     0.4413         0.4580
    204   3.17  1074.80     277.00     212.46  0.9870     0.9869  0.0130     0.0131     0.4577         0.4733
    205   3.18  1071.36     276.03     211.85  0.9866     0.9866  0.0134     0.0134     0.4493         0.4665
    206   3.17  1060.04     272.46     211.81  0.9873     0.9875  0.0127     0.0125     0.4518         0.4661
    207   3.18  1042.74     269.20     209.93  0.9875     0.9877  0.0125     0.0123     0.4516         0.4680
    208   3.18  1020.88     265.74     208.11  0.9873     0.9872  0.0127     0.0128     0.4457         0.4634
    209   3.17  1009.08     265.23     207.44  0.9868     0.9868  0.0132     0.0132     0.4591         0.4777
    210   3.17  1031.30     274.57     205.12  0.9868     0.9870  0.0132     0.0130     0.4449         0.4585
    211   3.18  1013.37     268.12     206.39  0.9873     0.9875  0.0127     0.0125     0.4438         0.4561
    212   3.18  1001.23     267.23     204.91  0.9875     0.9874  0.0125     0.0126     0.4661         0.4839
    213   3.18  1000.48     273.43     200.00  0.9870     0.9872  0.0130     0.0128     0.4342         0.4491
    214   3.18   996.60     269.81     202.34  0.9870     0.9869  0.0130     0.0131     0.4595         0.4767
    215   3.18   990.30     269.34     200.60  0.9870     0.9874  0.0130     0.0126     0.4554         0.4708
    216   3.17   980.47     265.25     202.15  0.9871     0.9871  0.0129     0.0129     0.4594         0.4791
    217   3.18   977.90     262.97     201.50  0.9872     0.9873  0.0128     0.0127     0.4531         0.4735
    218   3.18   965.32     260.19     201.07  0.9876     0.9877  0.0124     0.0123     0.4603         0.4792
    219   3.18   954.33     258.37     200.54  0.9874     0.9873  0.0126     0.0127     0.4535         0.4749
    220   3.18   942.30     257.25     199.45  0.9879     0.9879  0.0121     0.0121     0.4658         0.4871
    221   3.18   924.37     254.42     199.05  0.9871     0.9869  0.0129     0.0131     0.4668         0.4890
    222   3.18   911.11     253.74     196.56  0.9872     0.9872  0.0128     0.0128     0.4571         0.4773
    223   3.18   899.39     253.51     196.02  0.9869     0.9869  0.0131     0.0131     0.4462         0.4689
    224   3.18   886.15     255.31     195.54  0.9871     0.9870  0.0129     0.0130     0.4633         0.4790
    225   3.18   897.59     260.38     192.42  0.9879     0.9876  0.0121     0.0124     0.4326         0.4506
    226   3.18   890.26     259.14     192.87  0.9872     0.9873  0.0128     0.0127     0.4486         0.4649
    227   3.18   882.89     256.12     193.46  0.9871     0.9876  0.0129     0.0124     0.4557         0.4732
    228   3.18   873.27     253.77     193.26  0.9872     0.9873  0.0128     0.0127     0.4665         0.4869
    229   3.18   865.58     251.72     192.89  0.9879     0.9879  0.0121     0.0121     0.4647         0.4862
    230   3.18   859.99     251.08     193.01  0.9863     0.9868  0.0137     0.0132     0.4712         0.4878
    231   3.18   856.69     251.99     191.62  0.9871     0.9871  0.0129     0.0129     0.4623         0.4812
    232   3.17   850.45     250.45     191.05  0.9868     0.9869  0.0132     0.0131     0.4518         0.4710
    233   3.17   844.50     250.16     190.41  0.9866     0.9866  0.0134     0.0134     0.4549         0.4769
    234   3.18   829.98     245.48     190.48  0.9880     0.9879  0.0120     0.0121     0.4740         0.4962
    235   3.17   829.61     247.32     188.77  0.9867     0.9868  0.0133     0.0132     0.4674         0.4866
    236   3.18   836.81     251.45     186.86  0.9876     0.9878  0.0124     0.0122     0.4381         0.4577
    237   3.18   828.99     248.25     187.64  0.9874     0.9873  0.0126     0.0127     0.4521         0.4701
    238   3.17   819.87     245.43     188.80  0.9869     0.9871  0.0131     0.0129     0.4518         0.4750
    239   3.17   821.12     246.22     189.12  0.9870     0.9871  0.0130     0.0129     0.4653         0.4866
    240   3.17   818.15     246.25     188.51  0.9877     0.9876  0.0123     0.0124     0.4660         0.4861
    241   3.17   816.52     246.72     186.91  0.9871     0.9872  0.0129     0.0128     0.4620         0.4796
    242   3.17   810.01     244.70     187.29  0.9870     0.9868  0.0130     0.0132     0.4662         0.4903
    243   3.17   802.73     242.89     187.85  0.9870     0.9875  0.0130     0.0125     0.4661         0.4866
    244   3.17   799.34     242.43     187.12  0.9869     0.9872  0.0131     0.0128     0.4588         0.4812
    245   3.17   799.37     243.15     187.01  0.9870     0.9871  0.0130     0.0129     0.4636         0.4833
    246   3.17   793.59     241.54     187.60  0.9869     0.9869  0.0131     0.0131     0.4687         0.4936
    247   3.17   793.62     241.25     187.31  0.9876     0.9879  0.0124     0.0121     0.4643         0.4878
    248   3.17   787.46     239.89     187.52  0.9874     0.9876  0.0126     0.0124     0.4727         0.4972
    249   3.17   781.62     239.88     186.10  0.9873     0.9872  0.0127     0.0128     0.4675         0.4906
    250   3.17   774.23     238.20     185.87  0.9879     0.9880  0.0121     0.0120     0.4778         0.5012
    251   3.17   789.31     245.52     182.71  0.9870     0.9877  0.0130     0.0123     0.4690         0.4895
    252   3.17   782.48     241.36     183.82  0.9878     0.9880  0.0122     0.0120     0.4713         0.4956
    253   3.18   780.16     240.73     184.84  0.9876     0.9876  0.0124     0.0124     0.4727         0.4988
    254   3.17   769.51     237.37     184.39  0.9876     0.9873  0.0124     0.0127     0.4805         0.5057
    255   3.17   765.58     237.53     184.96  0.9874     0.9875  0.0126     0.0125     0.4769         0.4990
    256   3.17   762.23     236.30     185.47  0.9872     0.9873  0.0128     0.0127     0.4891         0.5162
    257   3.17   756.60     235.38     183.91  0.9871     0.9871  0.0129     0.0129     0.4759         0.4969
    258   3.17   747.35     235.74     183.25  0.9868     0.9867  0.0132     0.0133     0.4851         0.5076
    259   3.18   745.73     236.83     181.94  0.9877     0.9877  0.0123     0.0123     0.4746         0.4991
    260   3.17   744.31     236.49     180.86  0.9874     0.9875  0.0126     0.0125     0.4741         0.4929
    261   3.17   737.11     234.18     181.80  0.9874     0.9873  0.0126     0.0127     0.4761         0.4984
    262   3.17   729.61     232.49     181.55  0.9875     0.9872  0.0125     0.0128     0.4837         0.5100
    263   3.17   726.89     231.69     181.02  0.9871     0.9871  0.0129     0.0129     0.4824         0.5111
    264   3.17   728.97     235.28     179.98  0.9877     0.9876  0.0123     0.0124     0.4750         0.4959
    265   3.17   739.28     240.86     177.00  0.9874     0.9880  0.0126     0.0120     0.4661         0.4844
    266   3.17   729.07     235.99     178.63  0.9872     0.9873  0.0128     0.0127     0.4704         0.4955
    267   3.18   734.98     236.55     178.86  0.9874     0.9876  0.0126     0.0124     0.4769         0.5021
    268   3.17   730.80     234.28     178.88  0.9873     0.9872  0.0127     0.0128     0.4813         0.5057
    269   3.17   720.43     231.84     179.22  0.9866     0.9868  0.0134     0.0132     0.4884         0.5113
    270   3.17   720.78     233.33     177.72  0.9878     0.9877  0.0122     0.0123     0.4839         0.5087
    271   3.17   713.90     231.37     178.55  0.9872     0.9872  0.0128     0.0128     0.4874         0.5176
    272   3.17   712.76     233.30     177.13  0.9872     0.9874  0.0128     0.0126     0.4770         0.4999
    273   3.17   706.32     231.80     177.94  0.9872     0.9875  0.0128     0.0125     0.4867         0.5120
    274   3.17   703.91     231.96     177.38  0.9875     0.9876  0.0125     0.0124     0.4874         0.5127
    275   3.17   702.83     231.54     177.09  0.9871     0.9870  0.0129     0.0130     0.4836         0.5109
    276   3.17   702.88     231.30     176.19  0.9875     0.9874  0.0125     0.0126     0.4915         0.5184
    277   3.16   707.04     233.61     174.71  0.9866     0.9867  0.0134     0.0133     0.4821         0.5066
    278   3.18   705.08     233.27     175.15  0.9872     0.9876  0.0128     0.0124     0.4814         0.5031
    279   3.17   699.91     230.76     175.69  0.9871     0.9875  0.0129     0.0125     0.4924         0.5131
    280   3.18   703.69     233.11     174.42  0.9871     0.9870  0.0129     0.0130     0.4774         0.5002
    281   3.17   699.30     231.22     175.02  0.9866     0.9865  0.0134     0.0135     0.4842         0.5068
    282   3.17   697.21     230.42     175.37  0.9867     0.9865  0.0133     0.0135     0.4791         0.5100
    283   3.17   691.16     228.76     175.28  0.9873     0.9870  0.0127     0.0130     0.4919         0.5250
    284   3.17   692.54     228.29     174.75  0.9875     0.9872  0.0125     0.0128     0.4810         0.5084
    285   3.18   699.18     232.15     172.96  0.9876     0.9878  0.0124     0.0122     0.4857         0.5082
    286   3.17   703.18     232.30     172.91  0.9867     0.9866  0.0133     0.0134     0.4846         0.5089
    287   3.17   704.07     232.14     172.52  0.9873     0.9874  0.0127     0.0126     0.4860         0.5137
    288   3.18   700.12     230.85     172.94  0.9876     0.9878  0.0124     0.0122     0.4833         0.5073
    289   3.18   695.12     229.36     173.34  0.9877     0.9879  0.0123     0.0121     0.4847         0.5115
    290   3.17   690.03     228.16     173.37  0.9874     0.9878  0.0126     0.0122     0.4829         0.5146
    291   3.18   691.76     228.62     173.10  0.9877     0.9876  0.0123     0.0124     0.4846         0.5084
    292   3.17   699.80     230.19     172.42  0.9875     0.9874  0.0125     0.0126     0.4755         0.5040
    293   3.17   700.10     230.55     172.05  0.9869     0.9868  0.0131     0.0132     0.4789         0.5062
    294   3.17   696.74     229.13     172.37  0.9872     0.9873  0.0128     0.0127     0.4879         0.5167
    295   3.18   695.35     228.92     171.97  0.9878     0.9878  0.0122     0.0122     0.4765         0.5056
    296   3.18   693.14     228.19     172.04  0.9874     0.9875  0.0126     0.0125     0.4861         0.5122
    297   3.17   692.98     229.31     171.51  0.9871     0.9875  0.0129     0.0125     0.4814         0.5105
    298   3.17   689.59     227.95     172.24  0.9873     0.9875  0.0127     0.0125     0.4727         0.5009
    299   3.17   685.16     226.67     172.63  0.9869     0.9870  0.0131     0.0130     0.4806         0.5118
    300   3.18   687.04     227.16     171.26  0.9872     0.9873  0.0128     0.0127     0.4776         0.5102
The log/output/model have been saved to: ./logs/train.py-multi_zetas300_True_True_True_1.953125e-09_3.90625e-09_7.8125e-09-qrx-04-23-10:36 + .csv/.out/.cpt
