  epoch    IZY    IXZ_1     acc    avg_acc     err    avg_err    adv_acc    avg_adv_acc
-------  -----  -------  ------  ---------  ------  ---------  ---------  -------------
      1   3.11   683.21  0.9512     0.9510  0.0488     0.0490     0.0265         0.0264
      2   3.17   684.13  0.9674     0.9675  0.0326     0.0325     0.0174         0.0174
      3   3.18   692.32  0.9688     0.9689  0.0312     0.0311     0.0178         0.0178
      4   3.18   693.93  0.9718     0.9716  0.0282     0.0284     0.0222         0.0222
      5   3.19   700.00  0.9724     0.9727  0.0276     0.0273     0.0171         0.0170
      6   3.20   729.84  0.9750     0.9750  0.0250     0.0250     0.0269         0.0269
      7   3.20   706.24  0.9759     0.9760  0.0241     0.0240     0.0236         0.0234
      8   3.22   697.97  0.9792     0.9794  0.0208     0.0206     0.0296         0.0296
      9   3.20   712.00  0.9783     0.9783  0.0217     0.0217     0.0375         0.0375
     10   3.23   711.09  0.9816     0.9815  0.0184     0.0185     0.0573         0.0574
     11   3.22   734.10  0.9809     0.9809  0.0191     0.0191     0.0709         0.0706
     12   3.21   720.77  0.9806     0.9806  0.0194     0.0194     0.0755         0.0757
     13   3.21   713.89  0.9796     0.9795  0.0204     0.0205     0.0855         0.0853
     14   3.21   724.59  0.9781     0.9782  0.0219     0.0218     0.0681         0.0682
     15   3.20   738.48  0.9800     0.9802  0.0200     0.0198     0.1001         0.0997
     16   3.20   748.82  0.9793     0.9793  0.0207     0.0207     0.1331         0.1335
     17   3.22   746.30  0.9838     0.9839  0.0162     0.0161     0.1603         0.1604
     18   3.20   718.27  0.9803     0.9802  0.0197     0.0198     0.1523         0.1523
     19   3.21   732.20  0.9824     0.9825  0.0176     0.0175     0.1614         0.1617
     20   3.20   713.29  0.9793     0.9793  0.0207     0.0207     0.1377         0.1376
     21   3.19   705.50  0.9770     0.9770  0.0230     0.0230     0.1415         0.1420
     22   3.21   695.10  0.9812     0.9812  0.0188     0.0188     0.1352         0.1354
     23   3.20   724.88  0.9809     0.9810  0.0191     0.0190     0.1569         0.1569
     24   3.15   731.33  0.9765     0.9766  0.0235     0.0234     0.1830         0.1829
     25   3.22   719.46  0.9844     0.9843  0.0156     0.0157     0.1683         0.1686
     26   3.21   733.17  0.9838     0.9838  0.0162     0.0162     0.2009         0.2007
     27   3.20   746.63  0.9833     0.9832  0.0167     0.0168     0.2462         0.2460
     28   3.21   693.18  0.9822     0.9822  0.0178     0.0178     0.1659         0.1661
     29   3.17   725.96  0.9789     0.9789  0.0211     0.0211     0.2745         0.2746
     30   3.21   737.06  0.9838     0.9838  0.0162     0.0162     0.2704         0.2703
     31   3.21   745.30  0.9848     0.9847  0.0152     0.0153     0.3085         0.3092
     32   3.22   709.45  0.9835     0.9834  0.0165     0.0166     0.2199         0.2202
     33   3.20   706.24  0.9814     0.9813  0.0186     0.0187     0.2501         0.2499
     34   3.19   710.91  0.9798     0.9797  0.0202     0.0203     0.2438         0.2438
     35   3.19   703.13  0.9810     0.9809  0.0190     0.0191     0.2551         0.2552
     36   3.18   698.92  0.9793     0.9793  0.0207     0.0207     0.2407         0.2404
     37   3.20   737.04  0.9835     0.9835  0.0165     0.0165     0.3613         0.3610
     38   3.21   735.22  0.9849     0.9851  0.0151     0.0149     0.2809         0.2796
     39   3.17   733.53  0.9787     0.9787  0.0213     0.0213     0.3332         0.3327
     40   3.21   698.75  0.9835     0.9835  0.0165     0.0165     0.2926         0.2927
     41   3.20   693.10  0.9823     0.9821  0.0177     0.0179     0.2609         0.2613
     42   3.21   691.10  0.9828     0.9827  0.0172     0.0173     0.2537         0.2538
     43   3.19   723.53  0.9821     0.9821  0.0179     0.0179     0.3710         0.3706
     44   3.20   718.91  0.9843     0.9843  0.0157     0.0157     0.3079         0.3080
     45   3.21   697.94  0.9845     0.9844  0.0155     0.0156     0.3351         0.3356
     46   3.17   721.70  0.9801     0.9801  0.0199     0.0199     0.3111         0.3110
     47   3.21   727.18  0.9839     0.9839  0.0161     0.0161     0.4130         0.4131
     48   3.19   723.07  0.9838     0.9839  0.0162     0.0161     0.3173         0.3167
     49   3.21   694.30  0.9841     0.9841  0.0159     0.0159     0.2829         0.2833
     50   3.17   722.33  0.9805     0.9803  0.0195     0.0197     0.3060         0.3060
     51   3.20   717.43  0.9831     0.9832  0.0169     0.0168     0.3613         0.3610
     52   3.20   710.49  0.9844     0.9842  0.0156     0.0158     0.3360         0.3363
     53   3.20   741.97  0.9869     0.9869  0.0131     0.0131     0.4026         0.4027
     54   3.20   755.64  0.9867     0.9867  0.0133     0.0133     0.4098         0.4098
     55   3.19   763.03  0.9868     0.9869  0.0132     0.0131     0.4166         0.4177
     56   3.19   766.43  0.9867     0.9868  0.0133     0.0132     0.4189         0.4184
     57   3.19   763.65  0.9866     0.9868  0.0134     0.0132     0.4186         0.4182
     58   3.18   752.37  0.9869     0.9868  0.0131     0.0132     0.4154         0.4156
     59   3.18   729.81  0.9867     0.9867  0.0133     0.0133     0.4087         0.4090
     60   3.18   696.90  0.9867     0.9866  0.0133     0.0134     0.4048         0.4044
     61   3.18   653.47  0.9867     0.9866  0.0133     0.0134     0.4011         0.4012
     62   3.17   603.12  0.9866     0.9866  0.0134     0.0134     0.3964         0.3965
     63   3.17   555.13  0.9867     0.9866  0.0133     0.0134     0.4099         0.4093
     64   3.17   506.88  0.9865     0.9866  0.0135     0.0134     0.4240         0.4235
     65   3.18   466.39  0.9867     0.9867  0.0133     0.0133     0.4347         0.4353
     66   3.18   427.57  0.9866     0.9866  0.0134     0.0134     0.4502         0.4504
     67   3.18   393.60  0.9864     0.9865  0.0136     0.0135     0.4601         0.4604
     68   3.18   362.19  0.9865     0.9864  0.0135     0.0136     0.4711         0.4727
     69   3.18   333.26  0.9864     0.9863  0.0136     0.0137     0.4669         0.4679
     70   3.18   306.83  0.9864     0.9866  0.0136     0.0134     0.4783         0.4767
     71   3.18   278.86  0.9865     0.9864  0.0135     0.0136     0.4760         0.4750
     72   3.19   252.83  0.9862     0.9861  0.0138     0.0139     0.4793         0.4795
     73   3.19   232.48  0.9868     0.9870  0.0132     0.0130     0.4870         0.4862
     74   3.19   210.07  0.9867     0.9869  0.0133     0.0131     0.4844         0.4845
     75   3.19   190.69  0.9867     0.9866  0.0133     0.0134     0.5043         0.5048
     76   3.19   172.69  0.9865     0.9867  0.0135     0.0133     0.5041         0.5036
     77   3.20   192.70  0.9853     0.9852  0.0147     0.0148     0.1947         0.1948
     78   3.21   192.45  0.9850     0.9853  0.0150     0.0147     0.1897         0.1895
     79   3.17   201.40  0.9803     0.9803  0.0197     0.0197     0.1738         0.1738
     80   3.22   186.31  0.9863     0.9863  0.0137     0.0137     0.2726         0.2721
     81   3.21   184.76  0.9873     0.9872  0.0127     0.0128     0.3200         0.3201
     82   3.21   185.69  0.9871     0.9875  0.0129     0.0125     0.3701         0.3703
     83   3.21   188.62  0.9876     0.9873  0.0124     0.0127     0.4136         0.4143
     84   3.20   193.92  0.9874     0.9873  0.0126     0.0127     0.4579         0.4594
     85   3.20   200.51  0.9875     0.9873  0.0125     0.0127     0.4935         0.4947
     86   3.19   206.70  0.9874     0.9875  0.0126     0.0125     0.5175         0.5186
     87   3.19   211.17  0.9872     0.9872  0.0128     0.0128     0.5367         0.5378
     88   3.19   213.37  0.9876     0.9874  0.0124     0.0126     0.5486         0.5484
     89   3.19   214.32  0.9873     0.9873  0.0127     0.0127     0.5450         0.5451
     90   3.19   212.55  0.9875     0.9875  0.0125     0.0125     0.5419         0.5422
     91   3.19   210.28  0.9874     0.9873  0.0126     0.0127     0.5424         0.5434
     92   3.19   208.59  0.9871     0.9874  0.0129     0.0126     0.5286         0.5292
     93   3.19   205.16  0.9873     0.9873  0.0127     0.0127     0.5279         0.5290
     94   3.19   199.86  0.9874     0.9873  0.0126     0.0127     0.5121         0.5114
     95   3.19   196.57  0.9871     0.9871  0.0129     0.0129     0.4998         0.4999
     96   3.19   192.93  0.9874     0.9874  0.0126     0.0126     0.5038         0.5042
     97   3.19   187.48  0.9876     0.9876  0.0124     0.0124     0.5001         0.5009
     98   3.19   181.59  0.9876     0.9877  0.0124     0.0123     0.4863         0.4869
     99   3.19   176.19  0.9875     0.9877  0.0125     0.0123     0.4925         0.4947
    100   3.19   168.95  0.9878     0.9879  0.0122     0.0121     0.5000         0.5002
    101   3.19   163.17  0.9882     0.9877  0.0118     0.0123     0.5071         0.5073
    102   3.19   154.42  0.9877     0.9878  0.0123     0.0122     0.5210         0.5199
    103   3.19   147.69  0.9885     0.9885  0.0115     0.0115     0.5217         0.5230
    104   3.19   138.48  0.9883     0.9882  0.0117     0.0118     0.5181         0.5176
    105   3.19   132.07  0.9883     0.9885  0.0117     0.0115     0.5219         0.5234
    106   3.19   122.68  0.9879     0.9882  0.0121     0.0118     0.5060         0.5081
    107   3.19   115.97  0.9890     0.9886  0.0110     0.0114     0.5053         0.5065
    108   3.18   110.05  0.9885     0.9889  0.0115     0.0111     0.4920         0.4920
    109   3.20   149.96  0.9857     0.9857  0.0143     0.0143     0.1697         0.1689
    110   3.20   150.88  0.9868     0.9867  0.0132     0.0133     0.1798         0.1794
    111   3.20   143.08  0.9868     0.9867  0.0132     0.0133     0.2272         0.2275
    112   3.20   138.97  0.9869     0.9867  0.0131     0.0133     0.2661         0.2662
    113   3.19   136.37  0.9869     0.9869  0.0131     0.0131     0.3148         0.3154
    114   3.19   134.45  0.9868     0.9870  0.0132     0.0130     0.3828         0.3838
    115   3.18   134.32  0.9869     0.9868  0.0131     0.0132     0.4235         0.4248
    116   3.18   135.60  0.9866     0.9869  0.0134     0.0131     0.4716         0.4728
    117   3.18   137.36  0.9868     0.9869  0.0132     0.0131     0.5076         0.5080
    118   3.17   138.59  0.9868     0.9868  0.0132     0.0132     0.5257         0.5262
    119   3.17   139.23  0.9865     0.9869  0.0135     0.0131     0.5457         0.5467
    120   3.17   139.01  0.9868     0.9869  0.0132     0.0131     0.5502         0.5519
    121   3.17   136.93  0.9869     0.9870  0.0131     0.0130     0.5457         0.5470
    122   3.17   136.29  0.9863     0.9870  0.0137     0.0130     0.5499         0.5514
    123   3.17   135.35  0.9871     0.9869  0.0129     0.0131     0.5534         0.5541
    124   3.17   133.87  0.9870     0.9869  0.0130     0.0131     0.5480         0.5490
    125   3.17   132.54  0.9870     0.9869  0.0130     0.0131     0.5482         0.5490
    126   3.17   130.97  0.9869     0.9868  0.0131     0.0132     0.5438         0.5447
    127   3.17   129.12  0.9866     0.9870  0.0134     0.0130     0.5449         0.5463
    128   3.17   127.12  0.9870     0.9871  0.0130     0.0129     0.5480         0.5487
    129   3.17   124.71  0.9871     0.9872  0.0129     0.0128     0.5440         0.5450
    130   3.17   121.83  0.9869     0.9871  0.0131     0.0129     0.5426         0.5435
    131   3.17   118.95  0.9869     0.9868  0.0131     0.0132     0.5396         0.5407
    132   3.17   115.80  0.9871     0.9871  0.0129     0.0129     0.5405         0.5411
    133   3.17   112.61  0.9870     0.9872  0.0130     0.0128     0.5390         0.5397
    134   3.17   109.54  0.9869     0.9875  0.0131     0.0125     0.5351         0.5361
    135   3.17   106.15  0.9876     0.9874  0.0124     0.0126     0.5154         0.5158
    136   3.17   104.08  0.9875     0.9873  0.0125     0.0127     0.5199         0.5218
    137   3.17   100.48  0.9873     0.9870  0.0127     0.0130     0.5042         0.5072
    138   3.17    99.97  0.9878     0.9873  0.0122     0.0127     0.5192         0.5198
    139   3.17    96.29  0.9871     0.9872  0.0129     0.0128     0.5094         0.5090
    140   3.17    93.43  0.9873     0.9874  0.0127     0.0126     0.5115         0.5122
    141   3.17    90.43  0.9873     0.9875  0.0127     0.0125     0.5028         0.5027
    142   3.17    88.49  0.9876     0.9877  0.0124     0.0123     0.4981         0.4998
    143   3.17    86.17  0.9876     0.9879  0.0124     0.0121     0.5169         0.5161
    144   3.17    83.51  0.9879     0.9878  0.0121     0.0122     0.5133         0.5148
    145   3.17    81.73  0.9877     0.9876  0.0123     0.0124     0.5152         0.5165
    146   3.16    79.98  0.9880     0.9878  0.0120     0.0122     0.5357         0.5343
    147   3.16    78.03  0.9876     0.9880  0.0124     0.0120     0.5294         0.5293
    148   3.15    80.82  0.9867     0.9868  0.0133     0.0132     0.5584         0.5591
    149   3.16    94.72  0.9863     0.9864  0.0137     0.0136     0.3469         0.3471
    150   3.14    95.47  0.9849     0.9851  0.0151     0.0149     0.3700         0.3705
    151   3.16    92.93  0.9868     0.9865  0.0132     0.0135     0.4133         0.4128
    152   3.16    91.76  0.9866     0.9866  0.0134     0.0134     0.4330         0.4331
    153   3.16    90.59  0.9870     0.9868  0.0130     0.0132     0.4657         0.4656
    154   3.16    89.59  0.9869     0.9869  0.0131     0.0131     0.4922         0.4931
    155   3.15    88.58  0.9869     0.9873  0.0131     0.0127     0.5087         0.5091
    156   3.15    87.81  0.9876     0.9874  0.0124     0.0126     0.5264         0.5273
    157   3.15    86.95  0.9872     0.9873  0.0128     0.0127     0.5330         0.5336
    158   3.16    86.22  0.9867     0.9872  0.0133     0.0128     0.5470         0.5481
    159   3.15    85.49  0.9876     0.9874  0.0124     0.0126     0.5578         0.5577
    160   3.15    84.74  0.9870     0.9873  0.0130     0.0127     0.5618         0.5619
    161   3.15    83.98  0.9871     0.9871  0.0129     0.0129     0.5709         0.5711
    162   3.15    83.22  0.9871     0.9871  0.0129     0.0129     0.5827         0.5829
    163   3.15    82.50  0.9869     0.9873  0.0131     0.0127     0.5856         0.5871
    164   3.15    81.75  0.9872     0.9873  0.0128     0.0127     0.5781         0.5782
    165   3.15    81.13  0.9872     0.9874  0.0128     0.0126     0.5789         0.5804
    166   3.15    80.46  0.9874     0.9874  0.0126     0.0126     0.5812         0.5817
    167   3.15    79.67  0.9875     0.9873  0.0125     0.0127     0.5867         0.5872
    168   3.15    79.00  0.9876     0.9876  0.0124     0.0124     0.5825         0.5834
    169   3.15    78.13  0.9876     0.9876  0.0124     0.0124     0.5733         0.5749
    170   3.15    77.54  0.9874     0.9875  0.0126     0.0125     0.5874         0.5873
    171   3.15    77.06  0.9871     0.9875  0.0129     0.0125     0.5789         0.5797
    172   3.16    76.23  0.9873     0.9876  0.0127     0.0124     0.5847         0.5848
    173   3.15    75.47  0.9871     0.9874  0.0129     0.0126     0.5827         0.5836
    174   3.15    74.91  0.9874     0.9874  0.0126     0.0126     0.5819         0.5816
    175   3.15    74.29  0.9867     0.9873  0.0133     0.0127     0.5900         0.5899
    176   3.15    73.72  0.9875     0.9876  0.0125     0.0124     0.5848         0.5839
    177   3.15    72.99  0.9873     0.9874  0.0127     0.0126     0.5886         0.5894
    178   3.15    72.40  0.9874     0.9876  0.0126     0.0124     0.5846         0.5853
    179   3.15    72.07  0.9875     0.9874  0.0125     0.0126     0.5892         0.5896
    180   3.15    71.31  0.9874     0.9872  0.0126     0.0128     0.5934         0.5931
    181   3.15    70.60  0.9870     0.9874  0.0130     0.0126     0.5947         0.5950
    182   3.15    69.87  0.9874     0.9873  0.0126     0.0127     0.5784         0.5779
    183   3.15    69.02  0.9874     0.9876  0.0126     0.0124     0.6006         0.6004
    184   3.14    68.51  0.9873     0.9873  0.0127     0.0127     0.6009         0.6023
    185   3.15    68.02  0.9873     0.9871  0.0127     0.0129     0.6046         0.6059
    186   3.15    67.53  0.9872     0.9871  0.0128     0.0129     0.6081         0.6096
    187   3.15    66.80  0.9871     0.9872  0.0129     0.0128     0.6026         0.6028
    188   3.15    66.26  0.9878     0.9872  0.0122     0.0128     0.6081         0.6098
    189   3.15    65.59  0.9878     0.9872  0.0122     0.0128     0.6245         0.6240
    190   3.15    65.43  0.9873     0.9873  0.0127     0.0127     0.6337         0.6345
    191   3.14    65.12  0.9873     0.9873  0.0127     0.0127     0.6187         0.6194
    192   3.14    64.57  0.9876     0.9873  0.0124     0.0127     0.6245         0.6266
    193   3.14    63.89  0.9874     0.9871  0.0126     0.0129     0.6322         0.6331
    194   3.14    63.70  0.9872     0.9871  0.0128     0.0129     0.6383         0.6385
    195   3.14    63.36  0.9870     0.9872  0.0130     0.0128     0.6312         0.6334
    196   3.15    63.13  0.9874     0.9873  0.0126     0.0127     0.6434         0.6437
    197   3.14    62.81  0.9869     0.9870  0.0131     0.0130     0.6321         0.6322
    198   3.15    63.18  0.9876     0.9872  0.0124     0.0128     0.6273         0.6286
    199   3.14    62.36  0.9871     0.9874  0.0129     0.0126     0.6440         0.6443
    200   3.15    61.85  0.9871     0.9873  0.0129     0.0127     0.6380         0.6394
    201   3.14    61.99  0.9873     0.9875  0.0127     0.0125     0.6483         0.6500
    202   3.15    61.11  0.9874     0.9874  0.0126     0.0126     0.6440         0.6452
    203   3.15    60.99  0.9875     0.9875  0.0125     0.0125     0.6484         0.6513
    204   3.14    60.71  0.9874     0.9876  0.0126     0.0124     0.6413         0.6411
    205   3.15    60.33  0.9875     0.9874  0.0125     0.0126     0.6558         0.6580
    206   3.14    60.45  0.9874     0.9877  0.0126     0.0123     0.6420         0.6428
    207   3.14    60.04  0.9870     0.9874  0.0130     0.0126     0.6547         0.6530
    208   3.14    59.78  0.9872     0.9874  0.0128     0.0126     0.6435         0.6446
    209   3.14    59.56  0.9878     0.9873  0.0122     0.0127     0.6616         0.6622
    210   3.14    59.42  0.9869     0.9874  0.0131     0.0126     0.6614         0.6622
    211   3.14    59.13  0.9872     0.9877  0.0128     0.0123     0.6628         0.6623
    212   3.14    58.93  0.9878     0.9871  0.0122     0.0129     0.6637         0.6642
    213   3.14    59.31  0.9877     0.9875  0.0123     0.0125     0.6583         0.6579
    214   3.14    58.75  0.9876     0.9879  0.0124     0.0121     0.6632         0.6637
    215   3.14    58.55  0.9874     0.9878  0.0126     0.0122     0.6679         0.6689
    216   3.14    58.47  0.9875     0.9878  0.0125     0.0122     0.6552         0.6572
    217   3.14    58.44  0.9876     0.9877  0.0124     0.0123     0.6624         0.6624
    218   3.14    57.97  0.9873     0.9879  0.0127     0.0121     0.6710         0.6725
    219   3.14    57.74  0.9872     0.9876  0.0128     0.0124     0.6718         0.6733
    220   3.14    57.72  0.9876     0.9873  0.0124     0.0127     0.6630         0.6641
    221   3.14    58.10  0.9874     0.9876  0.0126     0.0124     0.6658         0.6679
    222   3.14    57.57  0.9881     0.9877  0.0119     0.0123     0.6733         0.6754
    223   3.14    59.77  0.9878     0.9875  0.0122     0.0125     0.6348         0.6347
    224   3.13    57.29  0.9873     0.9876  0.0127     0.0124     0.6761         0.6761
    225   3.14    57.42  0.9870     0.9875  0.0130     0.0125     0.6754         0.6776
    226   3.13    57.50  0.9868     0.9873  0.0132     0.0127     0.6607         0.6621
    227   3.14    57.27  0.9875     0.9876  0.0125     0.0124     0.6705         0.6721
    228   3.14    57.21  0.9874     0.9873  0.0126     0.0127     0.6803         0.6811
    229   3.13    56.89  0.9870     0.9873  0.0130     0.0127     0.6834         0.6839
    230   3.13    56.68  0.9873     0.9873  0.0127     0.0127     0.6830         0.6851
    231   3.13    56.96  0.9875     0.9877  0.0125     0.0123     0.6734         0.6747
    232   3.13    56.69  0.9870     0.9872  0.0130     0.0128     0.6839         0.6832
    233   3.13    56.59  0.9867     0.9875  0.0133     0.0125     0.6811         0.6810
    234   3.14    56.38  0.9873     0.9873  0.0127     0.0127     0.6842         0.6857
    235   3.13    56.34  0.9872     0.9874  0.0128     0.0126     0.6834         0.6842
    236   3.13    56.12  0.9870     0.9872  0.0130     0.0128     0.6863         0.6870
    237   3.14    56.33  0.9871     0.9873  0.0129     0.0127     0.6808         0.6828
    238   3.14    56.12  0.9867     0.9872  0.0133     0.0128     0.6852         0.6864
    239   3.13    55.86  0.9868     0.9870  0.0132     0.0130     0.6859         0.6862
    240   3.14    55.69  0.9874     0.9876  0.0126     0.0124     0.6846         0.6852
    241   3.13    55.60  0.9873     0.9874  0.0127     0.0126     0.6817         0.6842
    242   3.14    55.55  0.9870     0.9874  0.0130     0.0126     0.6931         0.6933
    243   3.14    55.60  0.9870     0.9875  0.0130     0.0125     0.6822         0.6826
    244   3.13    55.65  0.9873     0.9873  0.0127     0.0127     0.6806         0.6822
    245   3.14    55.34  0.9871     0.9873  0.0129     0.0127     0.6876         0.6892
    246   3.13    55.36  0.9867     0.9873  0.0133     0.0127     0.6863         0.6871
    247   3.13    55.30  0.9872     0.9874  0.0128     0.0126     0.6862         0.6870
    248   3.13    55.12  0.9866     0.9873  0.0134     0.0127     0.6898         0.6910
    249   3.14    55.99  0.9870     0.9872  0.0130     0.0128     0.6736         0.6750
    250   3.14    55.08  0.9874     0.9871  0.0126     0.0129     0.6841         0.6854
    251   3.14    54.87  0.9866     0.9871  0.0134     0.0129     0.6929         0.6939
    252   3.13    54.62  0.9870     0.9871  0.0130     0.0129     0.6964         0.6972
    253   3.14    54.95  0.9871     0.9869  0.0129     0.0131     0.6862         0.6880
    254   3.13    54.58  0.9866     0.9873  0.0134     0.0127     0.6890         0.6904
    255   3.13    54.85  0.9873     0.9871  0.0127     0.0129     0.6926         0.6933
    256   3.13    54.63  0.9869     0.9872  0.0131     0.0128     0.6924         0.6917
    257   3.13    54.31  0.9864     0.9872  0.0136     0.0128     0.6975         0.6980
    258   3.14    54.41  0.9870     0.9874  0.0130     0.0126     0.6888         0.6908
    259   3.13    54.29  0.9869     0.9874  0.0131     0.0126     0.6947         0.6949
    260   3.13    54.14  0.9873     0.9872  0.0127     0.0128     0.6970         0.6976
    261   3.13    54.39  0.9871     0.9872  0.0129     0.0128     0.6995         0.7008
    262   3.13    54.22  0.9873     0.9872  0.0127     0.0128     0.6915         0.6946
    263   3.13    54.16  0.9874     0.9872  0.0126     0.0128     0.7020         0.7034
    264   3.13    54.06  0.9871     0.9870  0.0129     0.0130     0.7046         0.7048
    265   3.14    53.93  0.9869     0.9871  0.0131     0.0129     0.7031         0.7046
    266   3.13    54.24  0.9871     0.9874  0.0129     0.0126     0.6971         0.7002
    267   3.14    53.97  0.9874     0.9871  0.0126     0.0129     0.7011         0.7026
    268   3.13    53.89  0.9869     0.9872  0.0131     0.0128     0.7012         0.7012
    269   3.14    53.82  0.9873     0.9870  0.0127     0.0130     0.7025         0.7039
    270   3.13    53.61  0.9871     0.9873  0.0129     0.0127     0.7012         0.7037
    271   3.13    53.64  0.9868     0.9871  0.0132     0.0129     0.6979         0.6988
    272   3.14    53.44  0.9873     0.9871  0.0127     0.0129     0.7079         0.7101
    273   3.13    53.60  0.9873     0.9870  0.0127     0.0130     0.6948         0.6968
    274   3.14    53.51  0.9869     0.9874  0.0131     0.0126     0.6899         0.6896
    275   3.13    53.40  0.9870     0.9872  0.0130     0.0128     0.6999         0.7008
    276   3.13    53.34  0.9869     0.9873  0.0131     0.0127     0.7033         0.7045
    277   3.14    53.30  0.9878     0.9871  0.0122     0.0129     0.7055         0.7064
    278   3.13    53.19  0.9870     0.9871  0.0130     0.0129     0.7051         0.7059
    279   3.13    53.14  0.9871     0.9872  0.0129     0.0128     0.7013         0.7024
    280   3.13    53.35  0.9863     0.9873  0.0137     0.0127     0.6965         0.6962
    281   3.13    53.21  0.9870     0.9871  0.0130     0.0129     0.7015         0.7021
    282   3.13    53.26  0.9872     0.9870  0.0128     0.0130     0.6973         0.6959
    283   3.14    53.29  0.9868     0.9872  0.0132     0.0128     0.7044         0.7056
    284   3.13    53.15  0.9871     0.9872  0.0129     0.0128     0.7070         0.7082
    285   3.13    53.04  0.9871     0.9871  0.0129     0.0129     0.7099         0.7100
    286   3.13    53.02  0.9868     0.9873  0.0132     0.0127     0.7069         0.7094
    287   3.13    53.05  0.9866     0.9873  0.0134     0.0127     0.6996         0.6995
    288   3.13    53.04  0.9870     0.9871  0.0130     0.0129     0.6991         0.6997
    289   3.13    53.02  0.9873     0.9869  0.0127     0.0131     0.7046         0.7053
    290   3.13    52.86  0.9869     0.9868  0.0131     0.0132     0.7068         0.7086
    291   3.14    52.78  0.9871     0.9873  0.0129     0.0127     0.7049         0.7067
    292   3.13    52.87  0.9873     0.9872  0.0127     0.0128     0.7095         0.7110
    293   3.13    52.94  0.9870     0.9872  0.0130     0.0128     0.7030         0.7046
    294   3.13    52.82  0.9866     0.9871  0.0134     0.0129     0.7124         0.7131
    295   3.13    52.75  0.9870     0.9868  0.0130     0.0132     0.7079         0.7086
    296   3.13    52.68  0.9875     0.9873  0.0125     0.0127     0.7000         0.7010
    297   3.13    52.95  0.9871     0.9871  0.0129     0.0129     0.7003         0.7009
    298   3.13    52.83  0.9868     0.9874  0.0132     0.0126     0.7056         0.7059
    299   3.13    52.71  0.9870     0.9873  0.0130     0.0127     0.7075         0.7078
    300   3.13    52.73  0.9875     0.9871  0.0125     0.0129     0.7020         0.7019
The log/output/model have been saved to: ./logs/train.py-multi_zetas300_False_False_True_1.953125e-08_3.90625e-08_7.8125e-08-bof-04-23-11:59 + .csv/.out/.cpt
