  epoch    IZY    IXZ_1     acc    avg_acc     err    avg_err    adv_acc    avg_adv_acc
-------  -----  -------  ------  ---------  ------  ---------  ---------  -------------
      1   3.08   236.84  0.9512     0.9523  0.0488     0.0477     0.0203         0.0203
      2   3.15   183.33  0.9622     0.9635  0.0378     0.0365     0.0223         0.0217
      3   3.13   143.33  0.9582     0.9599  0.0418     0.0401     0.0289         0.0292
      4   3.20   140.75  0.9731     0.9738  0.0269     0.0262     0.0193         0.0196
      5   3.20   124.73  0.9733     0.9740  0.0267     0.0260     0.0195         0.0191
      6   3.20   110.98  0.9754     0.9753  0.0246     0.0247     0.0272         0.0269
      7   3.19   105.78  0.9724     0.9731  0.0276     0.0269     0.0281         0.0284
      8   3.23    96.34  0.9818     0.9820  0.0182     0.0180     0.0298         0.0314
      9   3.18    94.64  0.9752     0.9762  0.0248     0.0238     0.0381         0.0395
     10   3.20    94.85  0.9765     0.9769  0.0235     0.0231     0.0332         0.0354
     11   3.20    97.85  0.9763     0.9771  0.0237     0.0229     0.0238         0.0244
     12   3.22    82.91  0.9803     0.9804  0.0197     0.0196     0.0477         0.0492
     13   3.21    80.87  0.9795     0.9800  0.0205     0.0200     0.0403         0.0407
     14   3.20    80.99  0.9784     0.9783  0.0216     0.0217     0.0629         0.0654
     15   3.22    76.81  0.9810     0.9810  0.0190     0.0190     0.0521         0.0543
     16   3.22    72.71  0.9828     0.9826  0.0172     0.0174     0.0613         0.0643
     17   3.21    70.40  0.9812     0.9817  0.0188     0.0183     0.0481         0.0510
     18   3.21    73.19  0.9792     0.9793  0.0208     0.0207     0.0504         0.0520
     19   3.21    69.04  0.9807     0.9802  0.0193     0.0198     0.0479         0.0501
     20   3.18    66.16  0.9786     0.9788  0.0214     0.0212     0.0766         0.0797
     21   3.22    62.61  0.9825     0.9820  0.0175     0.0180     0.0657         0.0680
     22   3.22    70.86  0.9822     0.9822  0.0178     0.0178     0.0541         0.0565
     23   3.22    56.44  0.9835     0.9837  0.0165     0.0163     0.0681         0.0706
     24   3.18    64.33  0.9787     0.9792  0.0213     0.0208     0.0694         0.0732
     25   3.22    56.88  0.9839     0.9839  0.0161     0.0161     0.0751         0.0796
     26   3.22    56.41  0.9827     0.9826  0.0173     0.0174     0.0842         0.0890
     27   3.21    58.31  0.9825     0.9828  0.0175     0.0172     0.0787         0.0822
     28   3.19    55.40  0.9796     0.9798  0.0204     0.0202     0.0969         0.1010
     29   3.21    58.33  0.9827     0.9828  0.0173     0.0172     0.0932         0.0982
     30   3.21    54.27  0.9812     0.9813  0.0188     0.0187     0.0819         0.0856
     31   3.22    50.57  0.9847     0.9849  0.0153     0.0151     0.1105         0.1144
     32   3.19    62.06  0.9793     0.9797  0.0207     0.0203     0.0670         0.0685
     33   3.21    50.54  0.9832     0.9831  0.0168     0.0169     0.0938         0.0962
     34   3.22    49.41  0.9848     0.9845  0.0152     0.0155     0.0930         0.0980
     35   3.22    46.25  0.9850     0.9848  0.0150     0.0152     0.1085         0.1126
     36   3.20    47.45  0.9821     0.9826  0.0179     0.0174     0.1244         0.1292
     37   3.21    47.85  0.9840     0.9839  0.0160     0.0161     0.1097         0.1150
     38   3.17    53.14  0.9782     0.9780  0.0218     0.0220     0.1048         0.1085
     39   3.21    64.11  0.9810     0.9809  0.0190     0.0191     0.1003         0.1018
     40   3.20    45.00  0.9827     0.9833  0.0173     0.0167     0.1382         0.1412
     41   3.22    43.64  0.9849     0.9852  0.0151     0.0148     0.1271         0.1311
     42   3.21    44.60  0.9837     0.9838  0.0163     0.0162     0.1196         0.1240
     43   3.20    46.48  0.9815     0.9815  0.0185     0.0185     0.1194         0.1229
     44   3.22    37.22  0.9858     0.9858  0.0142     0.0142     0.1770         0.1812
     45   3.22    35.47  0.9864     0.9869  0.0136     0.0131     0.1965         0.2009
     46   3.22    35.16  0.9866     0.9870  0.0134     0.0130     0.2104         0.2140
     47   3.22    32.90  0.9865     0.9869  0.0135     0.0131     0.2503         0.2543
     48   3.22    37.72  0.9869     0.9872  0.0131     0.0128     0.1984         0.2000
     49   3.22    31.37  0.9875     0.9872  0.0125     0.0128     0.2302         0.2319
     50   3.21    30.25  0.9867     0.9867  0.0133     0.0133     0.2775         0.2791
     51   3.06   127.94  0.9600     0.9600  0.0400     0.0400     0.1742         0.1747
     52   3.22    46.93  0.9845     0.9848  0.0155     0.0152     0.0967         0.1013
     53   3.21    38.36  0.9852     0.9853  0.0148     0.0147     0.1239         0.1262
     54   3.22    36.11  0.9851     0.9853  0.0149     0.0147     0.1318         0.1356
     55   3.22    38.01  0.9839     0.9841  0.0161     0.0159     0.1266         0.1320
     56   3.20    37.39  0.9832     0.9832  0.0168     0.0168     0.1335         0.1379
     57   3.21    35.98  0.9865     0.9864  0.0135     0.0136     0.1441         0.1479
     58   3.21    37.00  0.9838     0.9834  0.0162     0.0166     0.1323         0.1367
     59   3.21    33.44  0.9859     0.9864  0.0141     0.0136     0.1648         0.1692
     60   3.20    33.83  0.9855     0.9851  0.0145     0.0149     0.1785         0.1827
     61   3.21    35.59  0.9856     0.9859  0.0144     0.0141     0.1883         0.1895
     62   3.22    31.85  0.9863     0.9869  0.0137     0.0131     0.2078         0.2097
     63   3.22    31.82  0.9872     0.9870  0.0128     0.0130     0.2046         0.2086
     64   3.21    29.57  0.9869     0.9866  0.0131     0.0134     0.2451         0.2501
     65   3.21    29.85  0.9865     0.9872  0.0135     0.0128     0.2378         0.2411
     66   3.21    29.33  0.9868     0.9872  0.0132     0.0128     0.2703         0.2730
     67   3.21    34.77  0.9872     0.9873  0.0128     0.0127     0.2867         0.2889
     68   3.21    46.86  0.9856     0.9855  0.0144     0.0145     0.1501         0.1549
     69   3.21    35.27  0.9850     0.9851  0.0150     0.0149     0.1407         0.1436
     70   3.20    36.44  0.9847     0.9845  0.0153     0.0155     0.1305         0.1330
     71   3.21    33.05  0.9851     0.9854  0.0149     0.0146     0.1802         0.1852
     72   3.22    31.35  0.9858     0.9859  0.0142     0.0141     0.1899         0.1954
     73   3.22    30.00  0.9858     0.9862  0.0142     0.0138     0.2018         0.2052
     74   3.22    29.57  0.9865     0.9864  0.0135     0.0136     0.2250         0.2287
     75   3.22    28.96  0.9870     0.9868  0.0130     0.0132     0.2419         0.2466
     76   3.21    28.13  0.9870     0.9866  0.0130     0.0134     0.2575         0.2597
     77   3.21    28.93  0.9869     0.9866  0.0131     0.0134     0.2606         0.2642
     78   3.21    27.36  0.9871     0.9873  0.0129     0.0127     0.2725         0.2735
     79   3.21    26.98  0.9875     0.9875  0.0125     0.0125     0.2876         0.2905
     80   3.21    26.54  0.9874     0.9878  0.0126     0.0122     0.2948         0.2989
     81   3.19    30.40  0.9863     0.9864  0.0137     0.0136     0.2711         0.2741
     82   3.22    34.20  0.9857     0.9858  0.0143     0.0142     0.1395         0.1450
     83   3.22    31.51  0.9874     0.9873  0.0126     0.0127     0.1608         0.1646
     84   3.21    29.15  0.9873     0.9867  0.0127     0.0133     0.1761         0.1808
     85   3.22    27.63  0.9870     0.9867  0.0130     0.0133     0.2148         0.2179
     86   3.21    27.07  0.9870     0.9872  0.0130     0.0128     0.2225         0.2256
     87   3.22    27.36  0.9877     0.9879  0.0123     0.0121     0.2284         0.2291
     88   3.21    26.82  0.9878     0.9882  0.0122     0.0118     0.2706         0.2756
     89   3.21    27.73  0.9871     0.9873  0.0129     0.0127     0.2678         0.2725
     90   3.21    26.46  0.9876     0.9878  0.0124     0.0122     0.2783         0.2822
     91   3.21    25.36  0.9875     0.9878  0.0125     0.0122     0.2915         0.2951
     92   3.21    25.68  0.9878     0.9881  0.0122     0.0119     0.3031         0.3083
     93   3.21    24.93  0.9877     0.9877  0.0123     0.0123     0.3229         0.3255
     94   3.18    30.96  0.9832     0.9832  0.0168     0.0168     0.2017         0.2091
     95   3.20    28.26  0.9854     0.9852  0.0146     0.0148     0.2280         0.2333
     96   3.20    26.15  0.9867     0.9867  0.0133     0.0133     0.2777         0.2832
     97   3.20    25.44  0.9868     0.9864  0.0132     0.0136     0.2882         0.2918
     98   3.20    26.73  0.9873     0.9871  0.0127     0.0129     0.2877         0.2903
     99   3.20    25.33  0.9866     0.9870  0.0134     0.0130     0.3005         0.3047
    100   3.20    25.63  0.9868     0.9872  0.0132     0.0128     0.3038         0.3071
    101   3.20    25.60  0.9869     0.9872  0.0131     0.0128     0.3046         0.3088
    102   3.19    30.85  0.9854     0.9861  0.0146     0.0139     0.2070         0.2129
    103   3.19    27.28  0.9865     0.9866  0.0135     0.0134     0.2373         0.2460
    104   3.19    26.60  0.9859     0.9858  0.0141     0.0142     0.2716         0.2786
    105   3.20    27.63  0.9871     0.9867  0.0129     0.0133     0.2555         0.2590
    106   3.19    25.39  0.9865     0.9866  0.0135     0.0134     0.2794         0.2849
    107   3.20    24.72  0.9872     0.9869  0.0128     0.0131     0.2857         0.2931
    108   3.20    30.86  0.9868     0.9868  0.0132     0.0132     0.2861         0.2893
    109   3.20    24.52  0.9871     0.9869  0.0129     0.0131     0.2960         0.3044
    110   3.19    25.84  0.9875     0.9866  0.0125     0.0134     0.3023         0.3091
    111   3.20    25.73  0.9868     0.9869  0.0132     0.0131     0.2887         0.2912
    112   3.19    26.48  0.9863     0.9862  0.0137     0.0138     0.2816         0.2846
    113   3.20    25.26  0.9864     0.9865  0.0136     0.0135     0.2952         0.3037
    114   3.19    24.94  0.9871     0.9866  0.0129     0.0134     0.3010         0.3068
    115   3.20    24.11  0.9865     0.9869  0.0135     0.0131     0.3380         0.3438
    116   3.20    23.86  0.9870     0.9867  0.0130     0.0133     0.3312         0.3348
    117   3.19    26.96  0.9873     0.9873  0.0127     0.0127     0.3090         0.3134
    118   3.20    27.45  0.9866     0.9870  0.0134     0.0130     0.3090         0.3142
    119   3.19    25.12  0.9875     0.9869  0.0125     0.0131     0.3236         0.3301
    120   3.20    23.98  0.9879     0.9880  0.0121     0.0120     0.3396         0.3453
    121   3.20    24.02  0.9877     0.9879  0.0123     0.0121     0.3530         0.3568
    122   3.20    24.19  0.9878     0.9877  0.0122     0.0123     0.3377         0.3434
    123   3.18    24.67  0.9853     0.9854  0.0147     0.0146     0.3323         0.3397
    124   3.19    24.75  0.9861     0.9860  0.0139     0.0140     0.3339         0.3405
    125   3.20    24.61  0.9873     0.9877  0.0127     0.0123     0.3178         0.3228
    126   3.20    23.66  0.9882     0.9881  0.0118     0.0119     0.3474         0.3545
    127   3.19    23.42  0.9886     0.9880  0.0114     0.0120     0.3578         0.3656
    128   3.20    23.51  0.9876     0.9875  0.0124     0.0125     0.3549         0.3641
    129   3.20    23.50  0.9883     0.9885  0.0117     0.0115     0.3604         0.3660
    130   3.19    23.71  0.9881     0.9878  0.0119     0.0122     0.3576         0.3630
    131   3.19    23.61  0.9879     0.9883  0.0121     0.0117     0.3697         0.3761
    132   3.18    23.27  0.9873     0.9872  0.0127     0.0128     0.3752         0.3803
    133   3.20    22.99  0.9878     0.9877  0.0122     0.0123     0.3908         0.3959
    134   3.19    23.18  0.9885     0.9879  0.0115     0.0121     0.3997         0.4041
    135   3.19    23.08  0.9877     0.9882  0.0123     0.0118     0.4000         0.4072
    136   3.20    22.81  0.9873     0.9875  0.0127     0.0125     0.3850         0.3918
    137   3.19    26.64  0.9880     0.9881  0.0120     0.0119     0.3494         0.3521
    138   3.15    24.87  0.9824     0.9825  0.0176     0.0175     0.3366         0.3413
    139   3.19    22.46  0.9874     0.9872  0.0126     0.0128     0.3829         0.3870
    140   3.19    22.52  0.9877     0.9873  0.0123     0.0127     0.3592         0.3634
    141   3.20    22.91  0.9870     0.9877  0.0130     0.0123     0.3630         0.3705
    142   3.18    23.00  0.9868     0.9862  0.0132     0.0138     0.3578         0.3634
    143   3.19    23.30  0.9864     0.9867  0.0136     0.0133     0.3519         0.3581
    144   3.19    22.58  0.9873     0.9864  0.0127     0.0136     0.3654         0.3742
    145   3.19    23.69  0.9869     0.9871  0.0131     0.0129     0.3534         0.3559
    146   3.19    22.13  0.9873     0.9870  0.0127     0.0130     0.4014         0.4089
    147   3.19    22.28  0.9875     0.9872  0.0125     0.0128     0.3910         0.3980
    148   3.19    22.35  0.9873     0.9869  0.0127     0.0131     0.3813         0.3868
    149   3.19    23.23  0.9870     0.9873  0.0130     0.0127     0.3900         0.3955
    150   3.19    23.12  0.9875     0.9873  0.0125     0.0127     0.3658         0.3713
    151   3.18    22.39  0.9861     0.9867  0.0139     0.0133     0.4086         0.4146
    152   3.18    22.28  0.9868     0.9864  0.0132     0.0136     0.4191         0.4228
    153   3.18    21.94  0.9867     0.9867  0.0133     0.0133     0.4110         0.4169
    154   3.17    21.81  0.9859     0.9868  0.0141     0.0132     0.4213         0.4270
    155   3.17    21.76  0.9866     0.9871  0.0134     0.0129     0.4165         0.4238
    156   3.17    22.21  0.9869     0.9868  0.0131     0.0132     0.4041         0.4091
    157   3.19    24.59  0.9868     0.9872  0.0132     0.0128     0.3950         0.3973
    158   3.18    22.74  0.9872     0.9873  0.0128     0.0127     0.4165         0.4220
    159   3.18    23.79  0.9871     0.9872  0.0129     0.0128     0.4248         0.4277
    160   3.18    22.36  0.9873     0.9870  0.0127     0.0130     0.4130         0.4187
    161   3.19    22.03  0.9869     0.9875  0.0131     0.0125     0.4184         0.4243
    162   3.18    22.19  0.9879     0.9876  0.0121     0.0124     0.4126         0.4199
    163   3.19    22.15  0.9874     0.9875  0.0126     0.0125     0.4138         0.4191
    164   3.18    22.66  0.9879     0.9882  0.0121     0.0118     0.4118         0.4168
    165   3.18    21.50  0.9870     0.9872  0.0130     0.0128     0.4276         0.4350
    166   3.18    21.67  0.9878     0.9878  0.0122     0.0122     0.4011         0.4079
    167   3.18    22.51  0.9874     0.9874  0.0126     0.0126     0.4091         0.4148
    168   3.18    24.26  0.9865     0.9868  0.0135     0.0132     0.3975         0.4033
    169   3.18    22.93  0.9865     0.9868  0.0135     0.0132     0.4231         0.4284
    170   3.18    22.15  0.9880     0.9873  0.0120     0.0127     0.4246         0.4317
    171   3.18    22.00  0.9878     0.9876  0.0122     0.0124     0.4098         0.4167
    172   3.17    21.76  0.9870     0.9865  0.0130     0.0135     0.4331         0.4391
    173   3.18    22.91  0.9876     0.9876  0.0124     0.0124     0.4362         0.4392
    174   3.17    22.19  0.9874     0.9872  0.0126     0.0128     0.4277         0.4332
    175   3.18    22.07  0.9878     0.9873  0.0122     0.0127     0.4486         0.4554
    176   3.18    21.69  0.9871     0.9870  0.0129     0.0130     0.4389         0.4451
    177   3.18    21.31  0.9872     0.9869  0.0128     0.0131     0.4574         0.4618
    178   3.17    21.79  0.9870     0.9864  0.0130     0.0136     0.4540         0.4581
    179   3.18    21.29  0.9865     0.9868  0.0135     0.0132     0.4555         0.4613
    180   3.18    21.40  0.9870     0.9877  0.0130     0.0123     0.4496         0.4573
    181   3.17    22.08  0.9870     0.9863  0.0130     0.0137     0.4240         0.4316
    182   3.18    21.55  0.9871     0.9875  0.0129     0.0125     0.4363         0.4391
    183   3.18    21.20  0.9876     0.9875  0.0124     0.0125     0.4572         0.4623
    184   3.18    21.19  0.9870     0.9876  0.0130     0.0124     0.4552         0.4592
    185   3.17    21.09  0.9870     0.9869  0.0130     0.0131     0.4618         0.4698
    186   3.17    21.30  0.9872     0.9876  0.0128     0.0124     0.4427         0.4486
    187   3.17    21.92  0.9870     0.9877  0.0130     0.0123     0.4507         0.4567
    188   3.18    21.06  0.9877     0.9877  0.0123     0.0123     0.4516         0.4572
    189   3.17    21.76  0.9872     0.9873  0.0128     0.0127     0.4391         0.4477
    190   3.18    21.84  0.9874     0.9875  0.0126     0.0125     0.4296         0.4354
    191   3.18    21.06  0.9871     0.9869  0.0129     0.0131     0.4443         0.4513
    192   3.17    21.37  0.9867     0.9879  0.0133     0.0121     0.4359         0.4446
    193   3.17    21.23  0.9864     0.9872  0.0136     0.0128     0.4476         0.4527
    194   3.17    21.30  0.9869     0.9879  0.0131     0.0121     0.4439         0.4480
    195   3.18    21.15  0.9873     0.9871  0.0127     0.0129     0.4407         0.4472
    196   3.17    21.48  0.9866     0.9867  0.0134     0.0133     0.4395         0.4478
    197   3.18    21.10  0.9866     0.9868  0.0134     0.0132     0.4466         0.4538
    198   3.17    20.88  0.9869     0.9870  0.0131     0.0130     0.4719         0.4783
    199   3.17    22.02  0.9868     0.9868  0.0132     0.0132     0.4415         0.4459
    200   3.17    21.14  0.9874     0.9874  0.0126     0.0126     0.4453         0.4536
The log/output/model have been saved to: ./logs/train.py-multi_zetas{'num_epochs': 200, 'use_stoch': [False, False, True], 'betas': [0.0001, 0.0001, 0.0001]}-vdy-04-03-18:58 + .csv/.out/.cpt
