  epoch    IZY    IXZ_1    IZ_1Z_2    IZ_2Z_3     acc    avg_acc     err    avg_err    adv_acc    avg_adv_acc
-------  -----  -------  ---------  ---------  ------  ---------  ------  ---------  ---------  -------------
      1   3.13  2432.75    1339.87     678.74  0.9566     0.9571  0.0434     0.0429     0.0227         0.0227
      2   3.16  2369.74    1316.35     686.73  0.9649     0.9647  0.0351     0.0353     0.0200         0.0200
      3   3.20  2337.68    1283.72     684.63  0.9739     0.9736  0.0261     0.0264     0.0146         0.0147
      4   3.22  2325.52    1252.78     680.99  0.9775     0.9775  0.0225     0.0225     0.0158         0.0158
      5   3.20  2313.14    1240.10     686.95  0.9729     0.9729  0.0271     0.0271     0.0240         0.0240
      6   3.20  2307.35    1252.75     711.84  0.9753     0.9752  0.0247     0.0248     0.0347         0.0348
      7   3.22  2302.22    1243.65     720.31  0.9791     0.9792  0.0209     0.0208     0.0404         0.0404
      8   3.22  2285.94    1204.01     685.60  0.9776     0.9777  0.0224     0.0223     0.0299         0.0298
      9   3.20  2279.60    1211.60     712.65  0.9770     0.9770  0.0230     0.0230     0.0679         0.0678
     10   3.22  2273.88    1206.87     722.55  0.9794     0.9794  0.0206     0.0206     0.0928         0.0930
     11   3.23  2278.38    1196.87     729.23  0.9826     0.9825  0.0174     0.0175     0.0983         0.0983
     12   3.22  2269.73    1183.56     704.59  0.9809     0.9809  0.0191     0.0191     0.0955         0.0954
     13   3.22  2262.25    1180.38     731.09  0.9828     0.9827  0.0172     0.0173     0.1306         0.1305
     14   3.22  2253.93    1163.96     712.82  0.9800     0.9799  0.0200     0.0201     0.1350         0.1350
     15   3.22  2252.30    1157.44     704.83  0.9819     0.9818  0.0181     0.0182     0.0937         0.0942
     16   3.17  2246.58    1155.53     700.31  0.9746     0.9746  0.0254     0.0254     0.1440         0.1443
     17   3.19  2237.87    1153.33     726.37  0.9784     0.9783  0.0216     0.0217     0.1264         0.1265
     18   3.17  2235.43    1139.59     704.11  0.9774     0.9773  0.0226     0.0227     0.1164         0.1161
     19   3.21  2229.01    1130.68     718.76  0.9825     0.9827  0.0175     0.0173     0.1574         0.1575
     20   3.21  2217.66    1128.61     721.93  0.9824     0.9826  0.0176     0.0174     0.1737         0.1733
     21   3.20  2219.13    1120.76     701.94  0.9795     0.9795  0.0205     0.0205     0.1473         0.1474
     22   3.18  2219.62    1107.62     679.84  0.9771     0.9769  0.0229     0.0231     0.1286         0.1285
     23   3.16  2211.70    1105.21     677.92  0.9741     0.9741  0.0259     0.0259     0.1495         0.1495
     24   3.14  2194.49    1101.57     708.64  0.9766     0.9766  0.0234     0.0234     0.1641         0.1643
     25   3.21  2186.01    1089.20     688.20  0.9834     0.9834  0.0166     0.0166     0.1213         0.1211
     26   3.21  2183.59    1077.84     667.02  0.9833     0.9832  0.0167     0.0168     0.1470         0.1468
     27   3.22  2173.22    1072.07     691.94  0.9847     0.9846  0.0153     0.0154     0.1615         0.1613
     28   3.22  2168.87    1064.13     670.81  0.9836     0.9836  0.0164     0.0164     0.1544         0.1545
     29   3.22  2159.21    1057.68     652.22  0.9845     0.9846  0.0155     0.0154     0.1906         0.1904
     30   3.19  2147.91    1056.70     693.50  0.9826     0.9825  0.0174     0.0175     0.2029         0.2026
     31   3.21  2142.81    1048.28     670.96  0.9849     0.9849  0.0151     0.0151     0.2260         0.2266
     32   3.21  2138.50    1037.51     659.42  0.9851     0.9853  0.0149     0.0147     0.2124         0.2125
     33   3.22  2131.25    1036.05     678.69  0.9863     0.9861  0.0137     0.0139     0.2499         0.2498
     34   3.12  2128.84    1022.18     645.09  0.9721     0.9722  0.0279     0.0278     0.2148         0.2146
     35   3.15  2117.37    1021.01     656.95  0.9772     0.9775  0.0228     0.0225     0.2679         0.2685
     36   3.21  2112.62    1012.07     640.79  0.9845     0.9845  0.0155     0.0155     0.2163         0.2166
     37   3.21  2097.92    1004.53     672.94  0.9857     0.9857  0.0143     0.0143     0.2596         0.2599
     38   3.21  2081.16     990.42     679.21  0.9854     0.9855  0.0146     0.0145     0.2752         0.2760
     39   3.20  2060.54     970.42     674.95  0.9857     0.9855  0.0143     0.0145     0.2765         0.2772
     40   3.20  2032.65     942.34     664.13  0.9858     0.9859  0.0142     0.0141     0.2748         0.2749
     41   3.20  1995.98     904.85     644.55  0.9860     0.9859  0.0140     0.0141     0.2703         0.2709
     42   3.20  1945.55     853.37     614.78  0.9856     0.9857  0.0144     0.0143     0.2682         0.2684
     43   3.20  1877.63     785.58     555.42  0.9861     0.9860  0.0139     0.0140     0.2793         0.2794
     44   3.20  1781.81     697.50     498.23  0.9863     0.9864  0.0137     0.0136     0.3247         0.3245
     45   3.19  1647.63     594.41     465.87  0.9863     0.9860  0.0137     0.0140     0.3405         0.3422
     46   3.19  1439.13     487.49     444.92  0.9865     0.9863  0.0135     0.0137     0.3525         0.3550
     47   3.22  1440.12     556.65     375.57  0.9821     0.9821  0.0179     0.0179     0.2063         0.2073
     48   3.20  1389.35     516.41     381.37  0.9840     0.9840  0.0160     0.0160     0.2504         0.2505
     49   3.20  1386.35     512.11     395.49  0.9849     0.9847  0.0151     0.0153     0.2895         0.2901
     50   3.21  1390.66     520.13     388.10  0.9845     0.9843  0.0155     0.0157     0.2467         0.2465
     51   3.21  1376.12     517.82     405.58  0.9862     0.9862  0.0138     0.0138     0.3006         0.3023
     52   3.20  1390.08     525.84     398.43  0.9826     0.9827  0.0174     0.0173     0.2719         0.2726
     53   3.20  1376.32     521.80     408.33  0.9846     0.9845  0.0154     0.0155     0.3005         0.3020
     54   3.18  1393.60     532.90     436.30  0.9817     0.9815  0.0183     0.0185     0.3038         0.3059
     55   3.20  1406.40     518.13     409.19  0.9850     0.9850  0.0150     0.0150     0.3172         0.3192
     56   3.20  1409.42     528.82     397.85  0.9838     0.9839  0.0162     0.0161     0.3186         0.3195
     57   3.20  1396.65     531.96     422.05  0.9852     0.9851  0.0148     0.0149     0.3146         0.3160
     58   3.20  1420.53     541.75     412.47  0.9831     0.9831  0.0169     0.0169     0.2988         0.2983
     59   3.20  1415.55     543.53     416.44  0.9824     0.9827  0.0176     0.0173     0.2804         0.2808
     60   3.20  1411.02     534.32     426.57  0.9849     0.9849  0.0151     0.0151     0.3467         0.3470
     61   3.21  1424.82     540.97     419.52  0.9849     0.9847  0.0151     0.0153     0.3324         0.3316
     62   3.16  1417.80     534.58     437.09  0.9797     0.9796  0.0203     0.0204     0.3642         0.3669
     63   3.20  1423.51     533.05     415.28  0.9838     0.9839  0.0162     0.0161     0.3427         0.3454
     64   3.20  1415.08     533.97     432.66  0.9847     0.9846  0.0153     0.0154     0.3426         0.3447
     65   3.19  1393.06     535.52     445.58  0.9833     0.9833  0.0167     0.0167     0.3709         0.3733
     66   3.19  1409.24     546.45     427.52  0.9845     0.9848  0.0155     0.0152     0.3828         0.3832
     67   3.21  1391.20     540.46     435.77  0.9861     0.9861  0.0139     0.0139     0.3855         0.3861
     68   3.21  1374.98     531.09     440.59  0.9864     0.9865  0.0136     0.0135     0.3964         0.3970
     69   3.20  1320.20     518.74     447.89  0.9863     0.9865  0.0137     0.0135     0.4081         0.4095
     70   3.20  1264.11     507.13     456.27  0.9864     0.9867  0.0136     0.0133     0.4048         0.4083
     71   3.20  1177.39     492.69     466.80  0.9870     0.9871  0.0130     0.0129     0.4043         0.4065
     72   3.19  1037.56     475.45     480.03  0.9872     0.9873  0.0128     0.0127     0.4178         0.4208
     73   3.18  1240.90     539.11     393.48  0.9811     0.9810  0.0189     0.0190     0.2303         0.2304
     74   3.20  1236.60     530.45     409.18  0.9838     0.9837  0.0162     0.0163     0.2538         0.2538
     75   3.20  1239.11     516.61     411.34  0.9846     0.9844  0.0154     0.0156     0.3161         0.3178
     76   3.20  1215.67     503.11     419.05  0.9855     0.9854  0.0145     0.0146     0.3320         0.3327
     77   3.20  1192.87     497.31     427.56  0.9860     0.9861  0.0140     0.0139     0.3482         0.3483
     78   3.20  1147.29     488.41     435.26  0.9859     0.9858  0.0141     0.0142     0.3505         0.3533
     79   3.19  1042.58     478.18     448.91  0.9862     0.9862  0.0138     0.0138     0.3640         0.3623
     80   3.19   928.39     464.48     456.76  0.9858     0.9858  0.0142     0.0142     0.3641         0.3650
     81   3.20  1178.28     518.27     381.92  0.9837     0.9836  0.0163     0.0164     0.3027         0.3045
     82   3.21  1155.84     502.99     397.28  0.9858     0.9857  0.0142     0.0143     0.3481         0.3475
     83   3.21  1133.83     495.68     408.38  0.9861     0.9859  0.0139     0.0141     0.3784         0.3806
     84   3.21  1111.26     489.72     414.67  0.9866     0.9866  0.0134     0.0134     0.3924         0.3944
     85   3.20  1086.70     485.00     421.04  0.9860     0.9860  0.0140     0.0140     0.4013         0.4026
     86   3.20  1025.89     476.97     430.66  0.9864     0.9862  0.0136     0.0138     0.4019         0.4057
     87   3.20   957.04     468.55     437.11  0.9865     0.9865  0.0135     0.0135     0.4060         0.4071
     88   3.20   877.25     461.52     443.12  0.9863     0.9866  0.0137     0.0134     0.4089         0.4137
     89   3.18  1050.62     489.60     394.00  0.9831     0.9832  0.0169     0.0168     0.3632         0.3656
     90   3.18  1100.10     487.66     400.36  0.9835     0.9835  0.0165     0.0165     0.3763         0.3795
     91   3.21  1140.37     488.44     389.09  0.9867     0.9867  0.0133     0.0133     0.3461         0.3484
     92   3.21  1121.15     482.64     397.00  0.9868     0.9869  0.0132     0.0131     0.3735         0.3762
     93   3.21  1103.39     476.33     402.08  0.9866     0.9865  0.0134     0.0135     0.3833         0.3858
     94   3.21  1079.97     471.47     408.37  0.9868     0.9868  0.0132     0.0132     0.3934         0.3953
     95   3.20  1050.93     465.40     412.71  0.9867     0.9867  0.0133     0.0133     0.4076         0.4089
     96   3.20  1009.18     459.50     418.75  0.9864     0.9867  0.0136     0.0133     0.3992         0.4018
     97   3.20   950.31     454.32     422.10  0.9868     0.9867  0.0132     0.0133     0.4000         0.4030
     98   3.20   856.01     445.65     428.63  0.9867     0.9869  0.0133     0.0131     0.4126         0.4142
     99   3.20   751.73     435.95     425.41  0.9867     0.9867  0.0133     0.0133     0.3979         0.4025
    100   3.19   699.16     429.43     419.10  0.9863     0.9866  0.0137     0.0134     0.3980         0.4037
    101   3.21  1000.78     471.38     355.07  0.9853     0.9855  0.0147     0.0145     0.3004         0.3007
    102   3.21   983.62     463.56     364.11  0.9866     0.9866  0.0134     0.0134     0.3171         0.3182
    103   3.21   972.87     455.26     368.31  0.9864     0.9863  0.0136     0.0137     0.3286         0.3307
    104   3.21   954.76     452.26     376.19  0.9874     0.9874  0.0126     0.0126     0.3494         0.3501
    105   3.21   935.11     448.45     380.67  0.9879     0.9880  0.0121     0.0120     0.3553         0.3557
    106   3.20   906.97     443.67     385.13  0.9873     0.9874  0.0127     0.0126     0.3718         0.3752
    107   3.20   848.13     437.58     392.31  0.9873     0.9875  0.0127     0.0125     0.3800         0.3826
    108   3.20   771.00     431.67     400.96  0.9869     0.9869  0.0131     0.0131     0.3875         0.3877
    109   3.14   776.81     453.94     433.34  0.9819     0.9818  0.0181     0.0182     0.3760         0.3798
    110   3.21   897.28     447.96     360.99  0.9866     0.9866  0.0134     0.0134     0.3468         0.3479
    111   3.21   895.55     446.99     368.56  0.9865     0.9867  0.0135     0.0133     0.3387         0.3427
    112   3.21   880.32     442.22     372.04  0.9865     0.9865  0.0135     0.0135     0.3510         0.3560
    113   3.21   860.26     437.97     375.87  0.9869     0.9864  0.0131     0.0136     0.3663         0.3714
    114   3.21   820.66     432.53     382.96  0.9871     0.9871  0.0129     0.0129     0.3758         0.3802
    115   3.20   772.73     427.73     390.84  0.9875     0.9872  0.0125     0.0128     0.3897         0.3934
    116   3.20   739.11     424.40     392.51  0.9864     0.9862  0.0136     0.0138     0.3804         0.3826
    117   3.20   702.44     418.33     394.01  0.9874     0.9876  0.0126     0.0124     0.3898         0.3944
    118   3.20   865.30     436.75     357.59  0.9861     0.9863  0.0139     0.0137     0.3418         0.3469
    119   3.21   885.27     434.20     354.33  0.9865     0.9865  0.0135     0.0135     0.3323         0.3345
    120   3.21   868.09     430.69     363.17  0.9862     0.9862  0.0138     0.0138     0.3615         0.3645
    121   3.21   850.03     427.85     372.13  0.9869     0.9870  0.0131     0.0130     0.3799         0.3816
    122   3.20   817.03     422.60     375.13  0.9866     0.9867  0.0134     0.0133     0.3844         0.3860
    123   3.20   768.76     417.07     381.37  0.9869     0.9870  0.0131     0.0130     0.3887         0.3940
    124   3.18   789.19     418.92     389.33  0.9845     0.9846  0.0155     0.0154     0.4057         0.4097
    125   3.19   814.96     424.24     372.89  0.9863     0.9861  0.0137     0.0139     0.4035         0.4068
    126   3.20   768.71     416.79     378.16  0.9865     0.9867  0.0135     0.0133     0.4045         0.4084
    127   3.19   706.11     410.98     382.94  0.9864     0.9862  0.0136     0.0138     0.4045         0.4107
    128   3.19   668.31     403.62     382.39  0.9866     0.9866  0.0134     0.0134     0.4185         0.4208
    129   3.18   617.93     398.39     387.80  0.9857     0.9853  0.0143     0.0147     0.3909         0.3956
    130   3.20   768.89     411.19     348.97  0.9855     0.9854  0.0145     0.0146     0.3389         0.3422
    131   3.20   777.95     409.88     359.78  0.9863     0.9860  0.0137     0.0140     0.3613         0.3658
    132   3.19   764.17     408.60     371.29  0.9864     0.9862  0.0136     0.0138     0.3849         0.3895
    133   3.19   765.65     407.51     370.43  0.9864     0.9864  0.0136     0.0136     0.3976         0.3989
    134   3.19   752.55     403.14     372.18  0.9868     0.9869  0.0132     0.0131     0.3987         0.4042
    135   3.19   714.62     396.67     371.01  0.9863     0.9863  0.0137     0.0137     0.3949         0.3972
    136   3.19   671.26     393.03     374.99  0.9868     0.9868  0.0132     0.0132     0.3973         0.4006
    137   3.19   698.10     398.64     361.71  0.9855     0.9856  0.0145     0.0144     0.3715         0.3730
    138   3.19   791.19     413.29     344.46  0.9864     0.9862  0.0136     0.0138     0.3710         0.3728
    139   3.19   808.80     410.87     341.41  0.9861     0.9864  0.0139     0.0136     0.3732         0.3766
    140   3.20   814.92     411.43     340.27  0.9868     0.9869  0.0132     0.0131     0.3395         0.3433
    141   3.20   802.97     405.04     348.38  0.9869     0.9870  0.0131     0.0130     0.3963         0.4008
    142   3.19   783.03     400.46     351.73  0.9872     0.9873  0.0128     0.0127     0.3913         0.3972
    143   3.19   755.71     395.55     354.36  0.9865     0.9867  0.0135     0.0133     0.4041         0.4089
    144   3.19   722.11     390.06     354.71  0.9867     0.9867  0.0133     0.0133     0.4028         0.4115
    145   3.19   680.60     384.28     356.98  0.9867     0.9867  0.0133     0.0133     0.4096         0.4166
    146   3.20   730.59     389.91     339.58  0.9864     0.9863  0.0136     0.0137     0.3844         0.3930
    147   3.20   729.38     389.33     339.38  0.9871     0.9871  0.0129     0.0129     0.3800         0.3850
    148   3.20   699.22     382.14     341.70  0.9871     0.9875  0.0129     0.0125     0.3995         0.4032
    149   3.20   666.58     376.58     343.30  0.9876     0.9876  0.0124     0.0124     0.4045         0.4133
    150   3.19   623.59     370.25     344.31  0.9872     0.9872  0.0128     0.0128     0.4025         0.4102
    151   3.19   588.50     366.73     342.12  0.9865     0.9863  0.0135     0.0137     0.4085         0.4198
    152   3.19   618.96     369.48     336.41  0.9871     0.9875  0.0129     0.0125     0.3892         0.3989
    153   3.19   603.23     362.01     334.77  0.9875     0.9875  0.0125     0.0125     0.4039         0.4156
    154   3.19   580.56     360.14     334.81  0.9866     0.9869  0.0134     0.0131     0.4026         0.4128
    155   3.19   544.89     355.54     333.89  0.9869     0.9870  0.0131     0.0130     0.3987         0.4143
    156   3.19   614.34     363.98     319.01  0.9864     0.9866  0.0136     0.0134     0.3724         0.3824
    157   3.19   619.76     357.16     318.56  0.9859     0.9862  0.0141     0.0138     0.3698         0.3802
    158   3.18   623.18     358.06     323.44  0.9856     0.9856  0.0144     0.0144     0.3808         0.3922
    159   3.19   678.57     365.36     313.02  0.9871     0.9874  0.0129     0.0126     0.3792         0.3901
    160   3.19   661.45     361.69     315.36  0.9872     0.9875  0.0128     0.0125     0.3890         0.3940
    161   3.19   640.43     357.81     317.95  0.9870     0.9869  0.0130     0.0131     0.4037         0.4168
    162   3.19   615.15     353.55     320.39  0.9869     0.9870  0.0131     0.0130     0.4049         0.4167
    163   3.19   616.69     352.95     317.86  0.9867     0.9866  0.0133     0.0134     0.4116         0.4247
    164   3.19   572.86     347.37     322.28  0.9868     0.9870  0.0132     0.0130     0.4125         0.4278
    165   3.20   574.34     347.72     316.38  0.9874     0.9868  0.0126     0.0132     0.3981         0.4113
    166   3.20   560.43     344.64     316.34  0.9878     0.9877  0.0122     0.0123     0.4129         0.4236
    167   3.20   585.34     347.91     308.00  0.9874     0.9873  0.0126     0.0127     0.3907         0.4074
    168   3.19   562.67     341.45     309.07  0.9866     0.9868  0.0134     0.0132     0.4012         0.4139
    169   3.20   530.38     338.85     313.99  0.9869     0.9869  0.0131     0.0131     0.4043         0.4192
    170   3.20   508.97     335.59     312.36  0.9860     0.9863  0.0140     0.0137     0.3983         0.4141
    171   3.19   485.22     331.25     309.98  0.9866     0.9867  0.0134     0.0133     0.3913         0.4110
    172   3.19   578.33     336.10     290.26  0.9870     0.9870  0.0130     0.0130     0.3692         0.3847
    173   3.19   549.82     331.15     293.69  0.9864     0.9867  0.0136     0.0133     0.3906         0.4063
    174   3.19   532.97     328.47     295.30  0.9869     0.9870  0.0131     0.0130     0.3929         0.4119
    175   3.19   513.48     326.59     295.38  0.9870     0.9873  0.0130     0.0127     0.3905         0.4111
    176   3.19   482.79     322.40     295.57  0.9866     0.9868  0.0134     0.0132     0.3899         0.4130
    177   3.20   548.42     329.65     284.22  0.9872     0.9870  0.0128     0.0130     0.3751         0.3928
    178   3.19   530.21     324.56     289.18  0.9861     0.9862  0.0139     0.0138     0.3806         0.4026
    179   3.19   561.16     328.96     286.30  0.9867     0.9868  0.0133     0.0132     0.3756         0.3911
    180   3.19   537.49     324.18     288.98  0.9870     0.9871  0.0130     0.0129     0.3792         0.3984
    181   3.19   523.38     324.02     292.38  0.9873     0.9876  0.0127     0.0124     0.3867         0.4111
    182   3.20   528.33     322.52     289.15  0.9870     0.9870  0.0130     0.0130     0.4021         0.4267
    183   3.19   527.45     322.61     285.95  0.9872     0.9871  0.0128     0.0129     0.3867         0.4067
    184   3.20   518.87     319.63     285.13  0.9871     0.9877  0.0129     0.0123     0.3730         0.3928
    185   3.19   495.94     315.21     290.37  0.9863     0.9863  0.0137     0.0137     0.3820         0.4085
    186   3.19   495.10     315.70     290.03  0.9867     0.9868  0.0133     0.0132     0.3982         0.4279
    187   3.20   494.17     316.47     286.80  0.9867     0.9866  0.0133     0.0134     0.3956         0.4193
    188   3.20   493.30     316.61     283.30  0.9872     0.9873  0.0128     0.0127     0.3813         0.4061
    189   3.20   496.98     317.49     280.91  0.9873     0.9873  0.0127     0.0127     0.3689         0.3947
    190   3.19   479.51     312.82     283.25  0.9872     0.9873  0.0128     0.0127     0.3752         0.4011
    191   3.19   490.66     312.86     282.50  0.9861     0.9862  0.0139     0.0138     0.3739         0.4022
    192   3.20   466.59     310.81     282.32  0.9872     0.9871  0.0128     0.0129     0.3861         0.4118
    193   3.19   471.15     311.49     286.03  0.9867     0.9869  0.0133     0.0131     0.3936         0.4261
    194   3.19   464.08     308.11     282.25  0.9867     0.9871  0.0133     0.0129     0.3753         0.4019
    195   3.19   479.71     310.09     278.65  0.9869     0.9869  0.0131     0.0131     0.3715         0.3995
    196   3.19   465.79     308.43     278.60  0.9874     0.9870  0.0126     0.0130     0.3711         0.3985
    197   3.19   450.66     305.20     279.24  0.9871     0.9874  0.0129     0.0126     0.3798         0.4129
    198   3.19   452.27     303.56     278.25  0.9877     0.9877  0.0123     0.0123     0.3766         0.4062
    199   3.19   475.29     306.60     275.73  0.9869     0.9868  0.0131     0.0132     0.3799         0.4052
    200   3.20   466.45     302.99     275.28  0.9880     0.9881  0.0120     0.0119     0.3802         0.4124
    201   3.19   453.07     301.94     273.63  0.9867     0.9868  0.0133     0.0132     0.3782         0.4097
    202   3.19   431.65     298.87     275.87  0.9871     0.9871  0.0129     0.0129     0.3795         0.4217
    203   3.20   432.15     297.62     271.57  0.9867     0.9869  0.0133     0.0131     0.3682         0.4038
    204   3.20   436.57     298.72     269.34  0.9877     0.9875  0.0123     0.0125     0.3806         0.4129
    205   3.19   420.54     295.72     270.81  0.9866     0.9866  0.0134     0.0134     0.3933         0.4263
    206   3.20   416.87     294.30     269.64  0.9872     0.9873  0.0128     0.0127     0.3837         0.4192
    207   3.20   438.60     295.33     267.29  0.9873     0.9876  0.0127     0.0124     0.3758         0.4087
    208   3.21   486.94     303.82     257.82  0.9872     0.9871  0.0128     0.0129     0.3502         0.3746
    209   3.20   488.58     303.65     257.66  0.9875     0.9874  0.0125     0.0126     0.3539         0.3780
    210   3.20   495.05     302.35     256.60  0.9874     0.9874  0.0126     0.0126     0.3480         0.3711
    211   3.20   476.55     298.84     259.16  0.9879     0.9878  0.0121     0.0122     0.3470         0.3803
    212   3.20   478.08     300.04     255.57  0.9867     0.9869  0.0133     0.0131     0.3538         0.3795
    213   3.20   476.69     298.80     257.32  0.9870     0.9868  0.0130     0.0132     0.3613         0.3955
    214   3.20   455.32     293.85     260.25  0.9867     0.9867  0.0133     0.0133     0.3673         0.4014
    215   3.20   459.56     296.06     257.78  0.9873     0.9874  0.0127     0.0126     0.3515         0.3843
    216   3.20   442.36     292.60     259.63  0.9867     0.9865  0.0133     0.0135     0.3622         0.4017
    217   3.20   438.00     290.70     260.13  0.9875     0.9874  0.0125     0.0126     0.3563         0.3921
    218   3.20   459.33     292.38     259.40  0.9875     0.9875  0.0125     0.0125     0.3587         0.3997
    219   3.20   465.64     292.57     255.98  0.9878     0.9879  0.0122     0.0121     0.3496         0.3869
    220   3.20   457.54     291.04     258.00  0.9874     0.9876  0.0126     0.0124     0.3518         0.3890
    221   3.20   467.33     295.10     254.76  0.9881     0.9882  0.0119     0.0118     0.3494         0.3881
    222   3.20   442.77     289.67     256.74  0.9870     0.9871  0.0130     0.0129     0.3511         0.3871
    223   3.20   428.95     286.81     255.90  0.9871     0.9875  0.0129     0.0125     0.3450         0.3891
    224   3.20   443.16     289.48     251.96  0.9880     0.9878  0.0120     0.0122     0.3556         0.3915
    225   3.20   435.48     288.51     254.70  0.9876     0.9877  0.0124     0.0123     0.3368         0.3811
    226   3.20   437.01     290.61     252.87  0.9875     0.9878  0.0125     0.0122     0.3479         0.3847
    227   3.20   436.25     288.33     253.24  0.9868     0.9869  0.0132     0.0131     0.3495         0.3918
    228   3.20   432.55     285.39     253.24  0.9874     0.9876  0.0126     0.0124     0.3504         0.3932
    229   3.20   419.52     282.46     253.56  0.9874     0.9875  0.0126     0.0125     0.3543         0.3996
    230   3.20   405.71     280.65     255.07  0.9876     0.9874  0.0124     0.0126     0.3578         0.4013
    231   3.20   416.95     281.24     250.69  0.9876     0.9874  0.0124     0.0126     0.3478         0.3970
    232   3.20   425.54     283.33     248.54  0.9875     0.9880  0.0125     0.0120     0.3416         0.3838
    233   3.20   420.61     282.41     250.08  0.9868     0.9873  0.0132     0.0127     0.3388         0.3841
    234   3.20   408.14     278.79     251.90  0.9876     0.9875  0.0124     0.0125     0.3491         0.3967
    235   3.20   413.72     280.83     247.67  0.9867     0.9866  0.0133     0.0134     0.3427         0.3892
    236   3.20   420.22     280.06     247.06  0.9875     0.9873  0.0125     0.0127     0.3365         0.3842
    237   3.21   419.24     280.49     247.91  0.9878     0.9880  0.0122     0.0120     0.3420         0.3916
    238   3.20   398.97     276.41     250.10  0.9874     0.9869  0.0126     0.0131     0.3408         0.3905
    239   3.20   394.67     275.30     250.23  0.9880     0.9882  0.0120     0.0118     0.3418         0.3909
    240   3.20   385.90     273.81     251.79  0.9871     0.9870  0.0129     0.0130     0.3417         0.3954
    241   3.20   403.87     274.07     245.68  0.9869     0.9871  0.0131     0.0129     0.3390         0.3946
    242   3.20   407.68     274.41     244.33  0.9869     0.9868  0.0131     0.0132     0.3380         0.3873
    243   3.20   403.12     273.78     244.88  0.9871     0.9874  0.0129     0.0126     0.3288         0.3799
    244   3.20   410.44     274.90     240.85  0.9870     0.9872  0.0130     0.0128     0.3299         0.3793
    245   3.20   403.35     273.01     241.72  0.9870     0.9869  0.0130     0.0131     0.3324         0.3807
    246   3.20   404.09     272.73     240.37  0.9874     0.9874  0.0126     0.0126     0.3281         0.3822
    247   3.20   393.66     271.16     242.79  0.9875     0.9874  0.0125     0.0126     0.3353         0.3852
    248   3.20   403.97     272.12     239.58  0.9873     0.9875  0.0127     0.0125     0.3262         0.3738
    249   3.20   395.55     270.48     240.92  0.9874     0.9875  0.0126     0.0125     0.3285         0.3829
    250   3.20   387.10     268.22     241.28  0.9871     0.9872  0.0129     0.0128     0.3291         0.3824
    251   3.20   390.46     269.22     241.03  0.9867     0.9868  0.0133     0.0132     0.3254         0.3839
    252   3.20   396.79     271.64     239.42  0.9866     0.9869  0.0134     0.0131     0.3285         0.3742
    253   3.20   390.68     269.25     240.51  0.9871     0.9871  0.0129     0.0129     0.3259         0.3802
    254   3.20   387.01     268.11     240.22  0.9872     0.9872  0.0128     0.0128     0.3337         0.3875
    255   3.20   412.95     270.94     236.61  0.9874     0.9877  0.0126     0.0123     0.3160         0.3717
    256   3.20   403.87     269.11     238.09  0.9872     0.9873  0.0128     0.0127     0.3218         0.3783
    257   3.20   398.81     268.49     237.72  0.9874     0.9872  0.0126     0.0128     0.3171         0.3707
    258   3.19   388.57     265.77     238.54  0.9867     0.9869  0.0133     0.0131     0.3132         0.3777
    259   3.20   389.35     266.72     237.26  0.9872     0.9873  0.0128     0.0127     0.3165         0.3744
    260   3.20   397.53     267.53     236.14  0.9870     0.9870  0.0130     0.0130     0.3095         0.3631
    261   3.20   390.21     265.12     236.02  0.9881     0.9878  0.0119     0.0122     0.3194         0.3716
    262   3.20   385.97     265.05     237.16  0.9870     0.9874  0.0130     0.0126     0.3118         0.3689
    263   3.20   381.63     264.56     236.16  0.9868     0.9868  0.0132     0.0132     0.3251         0.3778
    264   3.21   392.40     268.15     233.95  0.9875     0.9875  0.0125     0.0125     0.3148         0.3696
    265   3.20   387.84     266.78     235.51  0.9871     0.9870  0.0129     0.0130     0.3247         0.3782
    266   3.21   388.89     264.64     234.87  0.9864     0.9867  0.0136     0.0133     0.3130         0.3728
    267   3.20   382.07     262.99     235.50  0.9872     0.9872  0.0128     0.0128     0.3059         0.3644
    268   3.20   384.97     264.02     234.72  0.9876     0.9873  0.0124     0.0127     0.3032         0.3585
    269   3.20   377.42     262.52     235.04  0.9872     0.9874  0.0128     0.0126     0.3121         0.3650
    270   3.20   379.92     262.83     233.65  0.9871     0.9872  0.0129     0.0128     0.3096         0.3664
    271   3.20   376.97     262.84     233.62  0.9874     0.9873  0.0126     0.0127     0.3068         0.3642
    272   3.21   377.96     263.16     233.77  0.9876     0.9874  0.0124     0.0126     0.3060         0.3675
    273   3.20   378.67     263.78     232.92  0.9871     0.9873  0.0129     0.0127     0.3137         0.3657
    274   3.20   375.30     263.88     233.37  0.9877     0.9878  0.0123     0.0122     0.3129         0.3615
    275   3.20   374.12     263.14     233.80  0.9875     0.9876  0.0125     0.0124     0.3176         0.3757
    276   3.20   398.49     267.52     230.79  0.9871     0.9870  0.0129     0.0130     0.3148         0.3715
    277   3.20   389.06     265.30     232.46  0.9872     0.9873  0.0128     0.0127     0.3162         0.3752
    278   3.21   386.09     262.94     230.86  0.9879     0.9881  0.0121     0.0119     0.3145         0.3726
    279   3.19   374.19     261.05     233.54  0.9872     0.9871  0.0128     0.0129     0.3141         0.3670
    280   3.20   364.99     259.67     235.50  0.9883     0.9885  0.0117     0.0115     0.3116         0.3743
    281   3.20   358.97     258.83     236.25  0.9869     0.9871  0.0131     0.0129     0.3134         0.3727
    282   3.20   375.17     262.16     232.10  0.9873     0.9871  0.0127     0.0129     0.3166         0.3782
    283   3.20   378.84     262.43     231.66  0.9878     0.9874  0.0122     0.0126     0.3115         0.3656
    284   3.20   373.63     261.17     232.68  0.9872     0.9870  0.0128     0.0130     0.3183         0.3778
    285   3.20   378.54     260.74     230.72  0.9875     0.9872  0.0125     0.0128     0.3102         0.3743
    286   3.20   378.66     261.15     231.08  0.9879     0.9879  0.0121     0.0121     0.3054         0.3690
    287   3.21   373.55     260.34     231.55  0.9881     0.9880  0.0119     0.0120     0.3118         0.3679
    288   3.20   368.34     258.63     231.87  0.9873     0.9875  0.0127     0.0125     0.3050         0.3691
    289   3.20   371.57     259.48     231.52  0.9879     0.9879  0.0121     0.0121     0.3134         0.3697
    290   3.20   376.75     261.57     229.79  0.9869     0.9872  0.0131     0.0128     0.3085         0.3716
    291   3.21   392.24     264.41     226.35  0.9878     0.9878  0.0122     0.0122     0.3037         0.3588
    292   3.20   393.81     264.83     226.54  0.9881     0.9883  0.0119     0.0117     0.3071         0.3597
    293   3.21   389.58     264.00     227.82  0.9879     0.9880  0.0121     0.0120     0.3093         0.3619
    294   3.20   381.64     261.78     228.68  0.9873     0.9874  0.0127     0.0126     0.3143         0.3746
    295   3.20   383.91     260.57     227.07  0.9875     0.9878  0.0125     0.0122     0.3107         0.3719
    296   3.21   378.23     258.95     227.54  0.9880     0.9879  0.0120     0.0121     0.3051         0.3674
    297   3.20   372.96     258.19     229.51  0.9877     0.9878  0.0123     0.0122     0.3067         0.3630
    298   3.20   367.79     257.52     229.52  0.9869     0.9871  0.0131     0.0129     0.3016         0.3672
    299   3.21   375.23     259.45     228.47  0.9881     0.9881  0.0119     0.0119     0.3049         0.3609
    300   3.20   369.70     257.84     228.71  0.9863     0.9862  0.0137     0.0138     0.3013         0.3664
The log/output/model have been saved to: ./logs/train.py-multi_zetas300_True_True_True_1e-07_1e-07_1e-07-jxj-04-23-12:40 + .csv/.out/.cpt
