  epoch    IZY    IXZ_1     acc    avg_acc     err    avg_err    adv_acc    avg_adv_acc
-------  -----  -------  ------  ---------  ------  ---------  ---------  -------------
      1   3.13   666.68  0.9575     0.9573  0.0425     0.0427     0.0210         0.0209
      2   3.12   674.49  0.9554     0.9555  0.0446     0.0445     0.0213         0.0213
      3   3.19   681.33  0.9701     0.9701  0.0299     0.0299     0.0174         0.0174
      4   3.21   684.44  0.9749     0.9749  0.0251     0.0251     0.0144         0.0144
      5   3.21   689.81  0.9755     0.9755  0.0245     0.0245     0.0192         0.0192
      6   3.21   694.26  0.9778     0.9778  0.0222     0.0222     0.0198         0.0197
      7   3.22   702.25  0.9788     0.9788  0.0212     0.0212     0.0235         0.0236
      8   3.19   703.56  0.9740     0.9738  0.0260     0.0262     0.0555         0.0554
      9   3.21   712.36  0.9783     0.9782  0.0217     0.0218     0.0544         0.0544
     10   3.22   709.48  0.9804     0.9804  0.0196     0.0196     0.0777         0.0773
     11   3.23   706.39  0.9816     0.9816  0.0184     0.0184     0.0742         0.0741
     12   3.19   719.63  0.9766     0.9764  0.0234     0.0236     0.0984         0.0985
     13   3.21   715.88  0.9810     0.9808  0.0190     0.0192     0.0562         0.0562
     14   3.20   716.83  0.9771     0.9772  0.0229     0.0228     0.0964         0.0969
     15   3.19   705.75  0.9767     0.9768  0.0233     0.0232     0.0948         0.0949
     16   3.22   706.85  0.9832     0.9831  0.0168     0.0169     0.1235         0.1233
     17   3.21   713.85  0.9815     0.9815  0.0185     0.0185     0.1474         0.1474
     18   3.22   693.08  0.9822     0.9822  0.0178     0.0178     0.0975         0.0978
     19   3.22   710.23  0.9823     0.9824  0.0177     0.0176     0.1298         0.1297
     20   3.19   729.41  0.9783     0.9783  0.0217     0.0217     0.1701         0.1704
     21   3.20   723.40  0.9821     0.9822  0.0179     0.0178     0.1909         0.1913
     22   3.20   723.42  0.9786     0.9786  0.0214     0.0214     0.2118         0.2124
     23   3.17   733.22  0.9758     0.9759  0.0242     0.0241     0.1902         0.1903
     24   3.13   717.81  0.9726     0.9726  0.0274     0.0274     0.1916         0.1914
     25   3.20   734.94  0.9817     0.9817  0.0183     0.0183     0.2184         0.2188
     26   3.21   702.77  0.9816     0.9816  0.0184     0.0184     0.1832         0.1834
     27   3.21   706.57  0.9821     0.9822  0.0179     0.0178     0.1987         0.1991
     28   3.21   719.40  0.9839     0.9839  0.0161     0.0161     0.2590         0.2585
     29   3.21   743.87  0.9828     0.9828  0.0172     0.0172     0.3108         0.3115
     30   3.21   702.33  0.9822     0.9822  0.0178     0.0178     0.2236         0.2236
     31   3.21   722.79  0.9838     0.9840  0.0162     0.0160     0.2354         0.2345
     32   3.19   717.05  0.9797     0.9797  0.0203     0.0203     0.2612         0.2610
     33   3.20   713.78  0.9816     0.9816  0.0184     0.0184     0.2861         0.2857
     34   3.22   741.76  0.9843     0.9844  0.0157     0.0156     0.3264         0.3263
     35   3.20   795.08  0.9846     0.9846  0.0154     0.0154     0.3718         0.3716
     36   3.21   735.65  0.9839     0.9840  0.0161     0.0160     0.3371         0.3373
     37   3.22   714.68  0.9835     0.9834  0.0165     0.0166     0.3072         0.3075
     38   3.18   740.15  0.9806     0.9807  0.0194     0.0193     0.2676         0.2678
     39   3.21   730.61  0.9854     0.9855  0.0146     0.0145     0.3089         0.3089
     40   3.21   757.28  0.9856     0.9856  0.0144     0.0144     0.3395         0.3393
     41   3.22   716.15  0.9858     0.9857  0.0142     0.0143     0.2914         0.2914
     42   3.21   761.66  0.9858     0.9858  0.0142     0.0142     0.4257         0.4252
     43   3.21   696.70  0.9848     0.9848  0.0152     0.0152     0.2397         0.2395
     44   3.21   701.39  0.9835     0.9835  0.0165     0.0165     0.2829         0.2828
     45   3.21   741.27  0.9853     0.9853  0.0147     0.0147     0.3334         0.3334
     46   3.21   769.91  0.9859     0.9860  0.0141     0.0140     0.3665         0.3667
     47   3.20   785.46  0.9859     0.9858  0.0141     0.0142     0.3803         0.3802
     48   3.20   797.98  0.9857     0.9859  0.0143     0.0141     0.3878         0.3877
     49   3.19   807.11  0.9859     0.9860  0.0141     0.0140     0.3925         0.3925
     50   3.19   812.04  0.9861     0.9861  0.0139     0.0139     0.3932         0.3931
     51   3.18   810.29  0.9862     0.9862  0.0138     0.0138     0.3935         0.3941
     52   3.18   800.69  0.9863     0.9863  0.0137     0.0137     0.3959         0.3955
     53   3.18   780.72  0.9863     0.9864  0.0137     0.0136     0.3944         0.3952
     54   3.18   748.54  0.9864     0.9864  0.0136     0.0136     0.3975         0.3976
     55   3.17   705.94  0.9864     0.9866  0.0136     0.0134     0.3985         0.3984
     56   3.17   655.62  0.9865     0.9865  0.0135     0.0135     0.3997         0.3992
     57   3.17   603.85  0.9864     0.9864  0.0136     0.0136     0.4151         0.4145
     58   3.17   554.18  0.9865     0.9865  0.0135     0.0135     0.4315         0.4326
     59   3.18   509.99  0.9866     0.9865  0.0134     0.0135     0.4506         0.4499
     60   3.18   469.06  0.9865     0.9867  0.0135     0.0133     0.4717         0.4705
     61   3.18   434.39  0.9866     0.9866  0.0134     0.0134     0.4831         0.4845
     62   3.18   398.34  0.9865     0.9866  0.0135     0.0134     0.4907         0.4915
     63   3.19   365.13  0.9867     0.9868  0.0133     0.0132     0.4884         0.4883
     64   3.18   337.19  0.9867     0.9867  0.0133     0.0133     0.4889         0.4901
     65   3.19   309.68  0.9870     0.9869  0.0130     0.0131     0.4873         0.4873
     66   3.19   286.61  0.9870     0.9867  0.0130     0.0133     0.4979         0.4989
     67   3.19   258.98  0.9872     0.9872  0.0128     0.0128     0.4924         0.4920
     68   3.19   237.07  0.9875     0.9874  0.0125     0.0126     0.4866         0.4870
     69   3.19   215.50  0.9876     0.9870  0.0124     0.0130     0.4986         0.4989
     70   3.19   192.77  0.9875     0.9877  0.0125     0.0123     0.4941         0.4942
     71   3.19   174.93  0.9871     0.9872  0.0129     0.0128     0.5087         0.5093
     72   3.19   157.71  0.9866     0.9868  0.0134     0.0132     0.5084         0.5098
     73   3.22   211.19  0.9862     0.9861  0.0138     0.0139     0.1485         0.1484
     74   3.22   191.81  0.9869     0.9874  0.0131     0.0126     0.2445         0.2444
     75   3.21   185.73  0.9872     0.9872  0.0128     0.0128     0.2969         0.2973
     76   3.21   184.51  0.9876     0.9873  0.0124     0.0127     0.3444         0.3443
     77   3.21   184.56  0.9874     0.9874  0.0126     0.0126     0.3648         0.3651
     78   3.21   185.96  0.9875     0.9876  0.0125     0.0124     0.4057         0.4048
     79   3.20   189.04  0.9876     0.9875  0.0124     0.0125     0.4360         0.4356
     80   3.20   195.49  0.9876     0.9875  0.0124     0.0125     0.4792         0.4789
     81   3.19   202.42  0.9875     0.9875  0.0125     0.0125     0.5037         0.5034
     82   3.19   207.22  0.9874     0.9875  0.0126     0.0125     0.5172         0.5173
     83   3.19   209.51  0.9874     0.9872  0.0126     0.0128     0.5253         0.5269
     84   3.19   210.02  0.9875     0.9873  0.0125     0.0127     0.5297         0.5297
     85   3.19   208.64  0.9870     0.9874  0.0130     0.0126     0.5290         0.5287
     86   3.19   206.79  0.9874     0.9873  0.0126     0.0127     0.5255         0.5271
     87   3.19   203.46  0.9873     0.9873  0.0127     0.0127     0.5168         0.5181
     88   3.19   200.63  0.9874     0.9871  0.0126     0.0129     0.5145         0.5169
     89   3.19   197.29  0.9872     0.9873  0.0128     0.0127     0.5086         0.5102
     90   3.19   193.42  0.9869     0.9874  0.0131     0.0126     0.5069         0.5060
     91   3.19   190.17  0.9875     0.9876  0.0125     0.0124     0.5092         0.5088
     92   3.19   185.02  0.9872     0.9873  0.0128     0.0127     0.4990         0.4999
     93   3.19   180.33  0.9870     0.9874  0.0130     0.0126     0.4993         0.4994
     94   3.19   174.71  0.9873     0.9873  0.0127     0.0127     0.5036         0.5042
     95   3.19   168.61  0.9867     0.9870  0.0133     0.0130     0.5017         0.5026
     96   3.19   162.32  0.9869     0.9871  0.0131     0.0129     0.5129         0.5141
     97   3.19   155.34  0.9871     0.9869  0.0129     0.0131     0.5223         0.5220
     98   3.19   147.79  0.9874     0.9873  0.0126     0.0127     0.5183         0.5193
     99   3.19   141.69  0.9871     0.9872  0.0129     0.0128     0.5298         0.5288
    100   3.19   135.10  0.9867     0.9868  0.0133     0.0132     0.5213         0.5216
    101   3.19   128.40  0.9867     0.9869  0.0133     0.0131     0.5195         0.5205
    102   3.19   122.23  0.9868     0.9871  0.0132     0.0129     0.5162         0.5187
    103   3.18   116.25  0.9875     0.9872  0.0125     0.0128     0.4992         0.4993
    104   3.19   110.65  0.9871     0.9874  0.0129     0.0126     0.4882         0.4884
    105   3.20   162.67  0.9851     0.9850  0.0149     0.0150     0.1356         0.1359
    106   3.18   153.03  0.9835     0.9835  0.0165     0.0165     0.2144         0.2141
    107   3.18   146.42  0.9843     0.9843  0.0157     0.0157     0.2551         0.2549
    108   3.18   141.49  0.9843     0.9844  0.0157     0.0156     0.3022         0.3030
    109   3.17   137.63  0.9841     0.9845  0.0159     0.0155     0.3551         0.3552
    110   3.17   135.61  0.9843     0.9844  0.0157     0.0156     0.4064         0.4066
    111   3.17   135.10  0.9847     0.9847  0.0153     0.0153     0.4425         0.4427
    112   3.16   135.88  0.9849     0.9845  0.0151     0.0155     0.4772         0.4783
    113   3.16   136.99  0.9850     0.9846  0.0150     0.0154     0.4997         0.5004
    114   3.16   137.53  0.9848     0.9849  0.0152     0.0151     0.5197         0.5199
    115   3.16   137.80  0.9851     0.9848  0.0149     0.0152     0.5343         0.5346
    116   3.16   138.48  0.9849     0.9851  0.0151     0.0149     0.5433         0.5439
    117   3.16   138.10  0.9850     0.9850  0.0150     0.0150     0.5479         0.5483
    118   3.16   136.80  0.9850     0.9853  0.0150     0.0147     0.5497         0.5508
    119   3.16   135.89  0.9852     0.9852  0.0148     0.0148     0.5562         0.5565
    120   3.16   134.20  0.9851     0.9852  0.0149     0.0148     0.5520         0.5518
    121   3.16   132.52  0.9853     0.9852  0.0147     0.0148     0.5431         0.5432
    122   3.16   131.22  0.9854     0.9854  0.0146     0.0146     0.5483         0.5490
    123   3.16   129.33  0.9856     0.9855  0.0144     0.0145     0.5455         0.5461
    124   3.16   127.57  0.9852     0.9853  0.0148     0.0147     0.5372         0.5385
    125   3.16   125.87  0.9853     0.9852  0.0147     0.0148     0.5386         0.5391
    126   3.16   123.26  0.9851     0.9852  0.0149     0.0148     0.5371         0.5373
    127   3.17   121.00  0.9852     0.9854  0.0148     0.0146     0.5317         0.5321
    128   3.17   118.34  0.9857     0.9852  0.0143     0.0148     0.5386         0.5392
    129   3.17   115.55  0.9856     0.9857  0.0144     0.0143     0.5245         0.5243
    130   3.17   113.10  0.9851     0.9854  0.0149     0.0146     0.5256         0.5268
    131   3.16   110.45  0.9853     0.9854  0.0147     0.0146     0.5339         0.5347
    132   3.17   107.68  0.9856     0.9855  0.0144     0.0145     0.5148         0.5161
    133   3.17   105.06  0.9856     0.9857  0.0144     0.0143     0.5089         0.5096
    134   3.17   102.91  0.9856     0.9858  0.0144     0.0142     0.5102         0.5120
    135   3.17   101.83  0.9855     0.9854  0.0145     0.0146     0.4946         0.4943
    136   3.17    99.17  0.9863     0.9860  0.0137     0.0140     0.4968         0.4974
    137   3.17   127.07  0.9860     0.9858  0.0140     0.0142     0.2346         0.2346
    138   3.17   126.06  0.9859     0.9857  0.0141     0.0143     0.2879         0.2876
    139   3.17   122.74  0.9865     0.9864  0.0135     0.0136     0.3235         0.3238
    140   3.17   120.69  0.9865     0.9866  0.0135     0.0134     0.3599         0.3597
    141   3.17   119.06  0.9868     0.9870  0.0132     0.0130     0.3976         0.3968
    142   3.16   117.76  0.9870     0.9870  0.0130     0.0130     0.4263         0.4268
    143   3.16   116.90  0.9865     0.9868  0.0135     0.0132     0.4518         0.4518
    144   3.16   115.92  0.9871     0.9869  0.0129     0.0131     0.4781         0.4792
    145   3.16   114.93  0.9867     0.9868  0.0133     0.0132     0.4893         0.4898
    146   3.16   113.81  0.9872     0.9868  0.0128     0.0132     0.4972         0.4975
    147   3.16   112.65  0.9864     0.9867  0.0136     0.0133     0.5001         0.5008
    148   3.16   111.37  0.9866     0.9863  0.0134     0.0137     0.5046         0.5043
    149   3.16   110.25  0.9866     0.9867  0.0134     0.0133     0.5152         0.5147
    150   3.16   109.02  0.9866     0.9864  0.0134     0.0136     0.5163         0.5161
    151   3.16   107.97  0.9871     0.9866  0.0129     0.0134     0.5210         0.5209
    152   3.16   106.90  0.9865     0.9866  0.0135     0.0134     0.5294         0.5299
    153   3.16   105.91  0.9861     0.9863  0.0139     0.0137     0.5291         0.5303
    154   3.16   104.67  0.9865     0.9864  0.0135     0.0136     0.5212         0.5224
    155   3.16   103.53  0.9868     0.9866  0.0132     0.0134     0.5244         0.5257
    156   3.16   102.31  0.9869     0.9867  0.0131     0.0133     0.5175         0.5178
    157   3.17   101.01  0.9864     0.9867  0.0136     0.0133     0.5221         0.5231
    158   3.17    99.87  0.9868     0.9867  0.0132     0.0133     0.5248         0.5258
    159   3.16    98.48  0.9870     0.9868  0.0130     0.0132     0.5181         0.5193
    160   3.17    97.25  0.9868     0.9867  0.0132     0.0133     0.5244         0.5255
    161   3.17    95.89  0.9867     0.9868  0.0133     0.0132     0.5192         0.5193
    162   3.16    94.84  0.9868     0.9872  0.0132     0.0128     0.5191         0.5183
    163   3.17    93.59  0.9868     0.9874  0.0132     0.0126     0.5119         0.5120
    164   3.16    92.41  0.9876     0.9875  0.0124     0.0125     0.5249         0.5258
    165   3.17    91.35  0.9874     0.9871  0.0126     0.0129     0.5120         0.5109
    166   3.16    90.42  0.9874     0.9869  0.0126     0.0131     0.5090         0.5093
    167   3.17    88.77  0.9873     0.9871  0.0127     0.0129     0.5031         0.5026
    168   3.17    88.60  0.9873     0.9872  0.0127     0.0128     0.4923         0.4925
    169   3.16    94.75  0.9862     0.9858  0.0138     0.0142     0.4394         0.4392
    170   3.16    94.81  0.9856     0.9853  0.0144     0.0147     0.4845         0.4855
    171   3.16    93.63  0.9859     0.9859  0.0141     0.0141     0.4916         0.4918
    172   3.16    92.80  0.9854     0.9857  0.0146     0.0143     0.4957         0.4961
    173   3.16    92.00  0.9858     0.9860  0.0142     0.0140     0.5076         0.5068
    174   3.16    91.38  0.9862     0.9862  0.0138     0.0138     0.5009         0.5009
    175   3.16    90.76  0.9861     0.9862  0.0139     0.0138     0.5149         0.5165
    176   3.17    90.10  0.9862     0.9864  0.0138     0.0136     0.5110         0.5117
    177   3.17    89.34  0.9865     0.9865  0.0135     0.0135     0.5233         0.5254
    178   3.16    88.78  0.9860     0.9863  0.0140     0.0137     0.5190         0.5190
    179   3.16    88.19  0.9864     0.9865  0.0136     0.0135     0.5314         0.5321
    180   3.16    87.78  0.9859     0.9863  0.0141     0.0137     0.5339         0.5341
    181   3.16    87.04  0.9863     0.9864  0.0137     0.0136     0.5333         0.5336
    182   3.16    86.47  0.9863     0.9862  0.0137     0.0138     0.5331         0.5346
    183   3.16    85.87  0.9868     0.9865  0.0132     0.0135     0.5401         0.5409
    184   3.16    85.08  0.9866     0.9862  0.0134     0.0138     0.5391         0.5405
    185   3.16    84.49  0.9864     0.9863  0.0136     0.0137     0.5385         0.5373
    186   3.16    83.82  0.9868     0.9866  0.0132     0.0134     0.5465         0.5477
    187   3.16    83.41  0.9869     0.9866  0.0131     0.0134     0.5513         0.5512
    188   3.16    82.79  0.9862     0.9866  0.0138     0.0134     0.5428         0.5451
    189   3.16    82.08  0.9863     0.9864  0.0137     0.0136     0.5479         0.5479
    190   3.16    81.45  0.9863     0.9864  0.0137     0.0136     0.5528         0.5525
    191   3.16    81.27  0.9860     0.9863  0.0140     0.0137     0.5549         0.5561
    192   3.16    80.52  0.9863     0.9865  0.0137     0.0135     0.5623         0.5631
    193   3.16    79.98  0.9862     0.9864  0.0138     0.0136     0.5577         0.5577
    194   3.15    79.50  0.9866     0.9863  0.0134     0.0137     0.5633         0.5638
    195   3.16    78.78  0.9861     0.9863  0.0139     0.0137     0.5600         0.5622
    196   3.15    78.31  0.9861     0.9862  0.0139     0.0138     0.5565         0.5560
    197   3.15    78.18  0.9862     0.9866  0.0138     0.0134     0.5688         0.5707
    198   3.15    77.30  0.9869     0.9862  0.0131     0.0138     0.5619         0.5627
    199   3.15    77.13  0.9861     0.9863  0.0139     0.0137     0.5743         0.5740
    200   3.16    76.90  0.9866     0.9865  0.0134     0.0135     0.5549         0.5573
    201   3.15    76.33  0.9863     0.9868  0.0137     0.0132     0.5637         0.5641
    202   3.15    75.90  0.9861     0.9863  0.0139     0.0137     0.5783         0.5781
    203   3.15    75.79  0.9867     0.9867  0.0133     0.0133     0.5519         0.5515
    204   3.16    75.01  0.9865     0.9866  0.0135     0.0134     0.5816         0.5805
    205   3.15    75.06  0.9870     0.9868  0.0130     0.0132     0.5635         0.5650
    206   3.15    74.62  0.9863     0.9865  0.0137     0.0135     0.5885         0.5885
    207   3.16    74.17  0.9869     0.9869  0.0131     0.0131     0.5744         0.5755
    208   3.15    73.61  0.9868     0.9865  0.0132     0.0135     0.5916         0.5924
    209   3.15    73.22  0.9863     0.9864  0.0137     0.0136     0.5871         0.5869
    210   3.15    72.81  0.9868     0.9866  0.0132     0.0134     0.5885         0.5897
    211   3.15    72.53  0.9867     0.9863  0.0133     0.0137     0.5959         0.5980
    212   3.15    72.17  0.9866     0.9864  0.0134     0.0136     0.5906         0.5908
    213   3.15    71.73  0.9872     0.9865  0.0128     0.0135     0.5837         0.5848
    214   3.15    71.27  0.9862     0.9866  0.0138     0.0134     0.5884         0.5883
    215   3.15    71.17  0.9863     0.9868  0.0137     0.0132     0.5958         0.5971
    216   3.15    70.82  0.9866     0.9867  0.0134     0.0133     0.5914         0.5923
    217   3.15    70.33  0.9872     0.9864  0.0128     0.0136     0.5914         0.5931
    218   3.15    70.30  0.9867     0.9864  0.0133     0.0136     0.5940         0.5942
    219   3.15    69.78  0.9867     0.9863  0.0133     0.0137     0.5951         0.5958
    220   3.15    69.52  0.9868     0.9867  0.0132     0.0133     0.6059         0.6060
    221   3.15    69.27  0.9864     0.9865  0.0136     0.0135     0.6018         0.6053
    222   3.15    69.15  0.9868     0.9868  0.0132     0.0132     0.5989         0.5999
    223   3.15    68.96  0.9869     0.9866  0.0131     0.0134     0.6071         0.6094
    224   3.15    68.78  0.9872     0.9868  0.0128     0.0132     0.6067         0.6069
    225   3.15    68.73  0.9869     0.9868  0.0131     0.0132     0.5975         0.5990
    226   3.15    68.18  0.9861     0.9867  0.0139     0.0133     0.6118         0.6126
    227   3.15    68.04  0.9868     0.9867  0.0132     0.0133     0.6065         0.6073
    228   3.15    67.74  0.9863     0.9868  0.0137     0.0132     0.6071         0.6076
    229   3.15    67.85  0.9871     0.9866  0.0129     0.0134     0.6164         0.6168
    230   3.15    67.60  0.9865     0.9864  0.0135     0.0136     0.6124         0.6124
    231   3.15    67.58  0.9866     0.9873  0.0134     0.0127     0.6173         0.6173
    232   3.15    66.93  0.9873     0.9870  0.0127     0.0130     0.6196         0.6201
    233   3.15    67.00  0.9864     0.9868  0.0136     0.0132     0.6180         0.6194
    234   3.14    66.60  0.9865     0.9870  0.0135     0.0130     0.6206         0.6209
    235   3.15    66.43  0.9870     0.9866  0.0130     0.0134     0.6180         0.6184
    236   3.14    66.19  0.9865     0.9869  0.0135     0.0131     0.6167         0.6177
    237   3.15    65.99  0.9865     0.9867  0.0135     0.0133     0.6264         0.6267
    238   3.15    66.25  0.9869     0.9872  0.0131     0.0128     0.6122         0.6143
    239   3.15    66.02  0.9867     0.9870  0.0133     0.0130     0.6197         0.6195
    240   3.14    65.95  0.9868     0.9869  0.0132     0.0131     0.6166         0.6182
    241   3.14    65.86  0.9865     0.9864  0.0135     0.0136     0.6216         0.6232
    242   3.15    65.68  0.9867     0.9868  0.0133     0.0132     0.6268         0.6281
    243   3.15    65.43  0.9871     0.9867  0.0129     0.0133     0.6203         0.6216
    244   3.14    65.33  0.9866     0.9868  0.0134     0.0132     0.6133         0.6140
    245   3.14    65.21  0.9865     0.9865  0.0135     0.0135     0.6243         0.6242
    246   3.14    65.11  0.9864     0.9867  0.0136     0.0133     0.6292         0.6303
    247   3.15    65.13  0.9867     0.9868  0.0133     0.0132     0.6198         0.6198
    248   3.14    64.78  0.9866     0.9870  0.0134     0.0130     0.6175         0.6192
    249   3.14    64.78  0.9870     0.9869  0.0130     0.0131     0.6338         0.6344
    250   3.14    64.87  0.9862     0.9867  0.0138     0.0133     0.6249         0.6248
    251   3.15    64.78  0.9868     0.9871  0.0132     0.0129     0.6268         0.6267
    252   3.14    64.39  0.9869     0.9869  0.0131     0.0131     0.6380         0.6379
    253   3.14    64.46  0.9865     0.9870  0.0135     0.0130     0.6369         0.6366
    254   3.14    64.27  0.9868     0.9868  0.0132     0.0132     0.6239         0.6245
    255   3.14    64.00  0.9873     0.9870  0.0127     0.0130     0.6293         0.6314
    256   3.14    64.14  0.9872     0.9866  0.0128     0.0134     0.6299         0.6300
    257   3.14    63.98  0.9867     0.9862  0.0133     0.0138     0.6369         0.6368
    258   3.14    63.82  0.9863     0.9868  0.0137     0.0132     0.6364         0.6372
    259   3.14    63.75  0.9871     0.9870  0.0129     0.0130     0.6400         0.6407
    260   3.14    63.71  0.9871     0.9869  0.0129     0.0131     0.6417         0.6420
    261   3.14    63.61  0.9872     0.9869  0.0128     0.0131     0.6302         0.6295
    262   3.14    63.38  0.9872     0.9870  0.0128     0.0130     0.6354         0.6365
    263   3.14    63.21  0.9874     0.9871  0.0126     0.0129     0.6440         0.6448
    264   3.14    63.11  0.9867     0.9870  0.0133     0.0130     0.6473         0.6470
    265   3.14    63.32  0.9868     0.9871  0.0132     0.0129     0.6391         0.6404
    266   3.14    63.12  0.9872     0.9867  0.0128     0.0133     0.6415         0.6425
    267   3.14    63.12  0.9863     0.9869  0.0137     0.0131     0.6357         0.6386
    268   3.14    63.55  0.9870     0.9868  0.0130     0.0132     0.6302         0.6313
    269   3.14    62.99  0.9870     0.9871  0.0130     0.0129     0.6465         0.6472
    270   3.14    62.92  0.9873     0.9872  0.0127     0.0128     0.6467         0.6475
    271   3.15    62.92  0.9870     0.9867  0.0130     0.0133     0.6406         0.6416
    272   3.14    62.86  0.9871     0.9868  0.0129     0.0132     0.6358         0.6360
    273   3.14    62.75  0.9861     0.9872  0.0139     0.0128     0.6417         0.6417
    274   3.14    62.66  0.9870     0.9869  0.0130     0.0131     0.6473         0.6460
    275   3.14    62.78  0.9871     0.9869  0.0129     0.0131     0.6503         0.6522
    276   3.14    62.65  0.9868     0.9869  0.0132     0.0131     0.6433         0.6442
    277   3.14    62.60  0.9868     0.9872  0.0132     0.0128     0.6375         0.6379
    278   3.14    62.52  0.9871     0.9874  0.0129     0.0126     0.6401         0.6403
    279   3.15    62.40  0.9869     0.9871  0.0131     0.0129     0.6463         0.6480
    280   3.14    62.22  0.9865     0.9866  0.0135     0.0134     0.6446         0.6445
    281   3.14    62.30  0.9865     0.9869  0.0135     0.0131     0.6493         0.6511
    282   3.14    62.09  0.9870     0.9871  0.0130     0.0129     0.6469         0.6488
    283   3.14    62.18  0.9868     0.9869  0.0132     0.0131     0.6450         0.6462
    284   3.14    62.03  0.9868     0.9868  0.0132     0.0132     0.6534         0.6541
    285   3.14    61.98  0.9865     0.9872  0.0135     0.0128     0.6496         0.6510
    286   3.14    61.82  0.9867     0.9870  0.0133     0.0130     0.6472         0.6488
    287   3.15    61.97  0.9873     0.9874  0.0127     0.0126     0.6448         0.6438
    288   3.14    61.99  0.9868     0.9869  0.0132     0.0131     0.6509         0.6512
    289   3.15    61.87  0.9873     0.9866  0.0127     0.0134     0.6506         0.6513
    290   3.15    61.84  0.9865     0.9867  0.0135     0.0133     0.6487         0.6486
    291   3.14    61.78  0.9870     0.9868  0.0130     0.0132     0.6486         0.6487
    292   3.14    61.75  0.9866     0.9873  0.0134     0.0127     0.6499         0.6506
    293   3.14    61.60  0.9868     0.9867  0.0132     0.0133     0.6492         0.6507
    294   3.14    61.69  0.9869     0.9869  0.0131     0.0131     0.6474         0.6478
    295   3.14    61.73  0.9874     0.9870  0.0126     0.0130     0.6429         0.6416
    296   3.14    61.69  0.9867     0.9867  0.0133     0.0133     0.6512         0.6511
    297   3.14    61.52  0.9870     0.9867  0.0130     0.0133     0.6492         0.6504
    298   3.14    61.54  0.9863     0.9866  0.0137     0.0134     0.6564         0.6573
    299   3.15    61.38  0.9865     0.9869  0.0135     0.0131     0.6516         0.6529
    300   3.14    61.26  0.9867     0.9869  0.0133     0.0131     0.6525         0.6525
The log/output/model have been saved to: ./logs/train.py-multi_zetas300_False_False_True_1e-08_1e-08_1e-08-trl-04-23-12:00 + .csv/.out/.cpt
