  epoch    IZY    IXZ_1    IZ_1Z_2    IZ_2Z_3     acc    avg_acc     err    avg_err    adv_acc    avg_adv_acc
-------  -----  -------  ---------  ---------  ------  ---------  ------  ---------  ---------  -------------
      1   3.09  2476.69    1334.69     680.81  0.9500     0.9503  0.0500     0.0497     0.0209         0.0209
      2   3.13  2423.65    1305.87     694.91  0.9609     0.9609  0.0391     0.0391     0.0181         0.0181
      3   3.18  2414.22    1272.18     684.48  0.9689     0.9689  0.0311     0.0311     0.0166         0.0166
      4   3.21  2407.72    1266.76     694.78  0.9748     0.9748  0.0252     0.0252     0.0123         0.0123
      5   3.22  2397.99    1266.98     708.80  0.9769     0.9773  0.0231     0.0227     0.0155         0.0156
      6   3.19  2385.70    1264.01     713.78  0.9719     0.9719  0.0281     0.0281     0.0257         0.0259
      7   3.20  2384.44    1242.08     692.54  0.9738     0.9739  0.0262     0.0261     0.0312         0.0312
      8   3.21  2389.53    1252.09     722.05  0.9800     0.9799  0.0200     0.0201     0.0528         0.0530
      9   3.23  2384.59    1248.39     717.21  0.9824     0.9823  0.0176     0.0177     0.0389         0.0392
     10   3.20  2389.93    1247.08     727.39  0.9788     0.9788  0.0212     0.0212     0.0468         0.0470
     11   3.22  2377.58    1234.76     726.76  0.9817     0.9818  0.0183     0.0182     0.1055         0.1055
     12   3.20  2377.47    1226.79     708.82  0.9771     0.9771  0.0229     0.0229     0.0927         0.0925
     13   3.20  2380.38    1227.98     721.13  0.9794     0.9795  0.0206     0.0205     0.1015         0.1016
     14   3.23  2374.95    1222.87     712.23  0.9835     0.9835  0.0165     0.0165     0.0946         0.0947
     15   3.19  2380.38    1224.40     722.58  0.9760     0.9759  0.0240     0.0241     0.0868         0.0871
     16   3.18  2381.67    1223.33     713.32  0.9762     0.9760  0.0238     0.0240     0.1200         0.1197
     17   3.19  2384.58    1232.88     734.03  0.9790     0.9790  0.0210     0.0210     0.1731         0.1738
     18   3.21  2385.23    1211.13     693.81  0.9796     0.9796  0.0204     0.0204     0.1226         0.1224
     19   3.20  2383.46    1212.56     694.23  0.9797     0.9797  0.0203     0.0203     0.1286         0.1288
     20   3.19  2383.57    1208.43     690.50  0.9800     0.9801  0.0200     0.0199     0.1270         0.1271
     21   3.21  2381.29    1204.44     690.90  0.9810     0.9812  0.0190     0.0188     0.1964         0.1963
     22   3.20  2388.44    1198.32     679.41  0.9810     0.9810  0.0190     0.0190     0.1887         0.1891
     23   3.16  2388.70    1206.22     711.81  0.9762     0.9762  0.0238     0.0238     0.2247         0.2243
     24   3.18  2379.69    1191.29     684.76  0.9791     0.9792  0.0209     0.0208     0.1410         0.1411
     25   3.19  2380.58    1194.21     695.82  0.9811     0.9810  0.0189     0.0190     0.2428         0.2428
     26   3.21  2375.22    1184.25     680.39  0.9837     0.9837  0.0163     0.0163     0.2372         0.2374
     27   3.18  2374.61    1188.96     701.72  0.9817     0.9817  0.0183     0.0183     0.2423         0.2428
     28   3.20  2372.52    1184.70     700.57  0.9830     0.9831  0.0170     0.0169     0.2651         0.2645
     29   3.19  2374.12    1179.90     682.45  0.9833     0.9833  0.0167     0.0167     0.2662         0.2662
     30   3.21  2374.06    1183.00     708.95  0.9836     0.9836  0.0164     0.0164     0.2659         0.2665
     31   3.19  2371.25    1174.30     694.40  0.9820     0.9818  0.0180     0.0182     0.2808         0.2806
     32   3.21  2368.30    1163.46     654.93  0.9836     0.9837  0.0164     0.0163     0.2078         0.2079
     33   3.22  2365.69    1154.35     634.24  0.9842     0.9840  0.0158     0.0160     0.1889         0.1889
     34   3.21  2370.83    1157.76     657.32  0.9840     0.9839  0.0160     0.0161     0.2503         0.2514
     35   3.16  2369.87    1155.90     669.65  0.9781     0.9781  0.0219     0.0219     0.2157         0.2152
     36   3.16  2362.97    1143.08     640.53  0.9789     0.9789  0.0211     0.0211     0.1818         0.1810
     37   3.21  2366.32    1149.54     664.39  0.9835     0.9836  0.0165     0.0164     0.2869         0.2872
     38   3.19  2367.74    1148.77     669.19  0.9825     0.9827  0.0175     0.0173     0.2703         0.2698
     39   3.21  2364.48    1142.57     666.58  0.9843     0.9843  0.0157     0.0157     0.2875         0.2876
     40   3.22  2360.76    1131.67     624.46  0.9818     0.9818  0.0182     0.0182     0.2665         0.2669
     41   3.22  2363.47    1136.20     659.59  0.9852     0.9851  0.0148     0.0149     0.2834         0.2834
     42   3.22  2361.60    1134.94     671.58  0.9860     0.9860  0.0140     0.0140     0.2974         0.2964
     43   3.22  2357.51    1127.58     673.83  0.9862     0.9862  0.0138     0.0138     0.2962         0.2963
     44   3.21  2351.38    1115.62     670.39  0.9863     0.9863  0.0137     0.0137     0.2886         0.2893
     45   3.21  2342.89    1094.62     662.02  0.9863     0.9863  0.0137     0.0137     0.2877         0.2879
     46   3.21  2330.91    1044.08     649.17  0.9867     0.9865  0.0133     0.0135     0.2798         0.2797
     47   3.21  2315.24     950.82     628.95  0.9865     0.9865  0.0135     0.0135     0.2718         0.2718
     48   3.20  2293.05     801.06     598.34  0.9867     0.9867  0.0133     0.0133     0.2690         0.2686
     49   3.20  2256.06     615.85     558.28  0.9869     0.9869  0.0131     0.0131     0.2740         0.2741
     50   3.21  2166.89     468.85     512.85  0.9871     0.9872  0.0129     0.0128     0.3102         0.3110
     51   3.21  2080.23     521.61     413.62  0.9823     0.9824  0.0177     0.0176     0.1745         0.1770
     52   3.21  2089.53     496.61     436.07  0.9840     0.9840  0.0160     0.0160     0.3041         0.3059
     53   3.21  2081.62     490.23     447.75  0.9852     0.9851  0.0148     0.0149     0.3107         0.3147
     54   3.22  2079.41     496.52     441.30  0.9861     0.9861  0.0139     0.0139     0.2879         0.2883
     55   3.22  2082.94     490.48     446.96  0.9858     0.9857  0.0142     0.0143     0.3067         0.3084
     56   3.21  2085.65     501.33     441.79  0.9835     0.9839  0.0165     0.0161     0.3241         0.3247
     57   3.21  2100.29     531.46     433.85  0.9841     0.9841  0.0159     0.0159     0.2959         0.2965
     58   3.21  2102.94     521.28     455.14  0.9843     0.9844  0.0157     0.0156     0.3318         0.3325
     59   3.21  2097.59     511.72     469.66  0.9858     0.9859  0.0142     0.0141     0.3431         0.3429
     60   3.21  2093.96     505.19     478.96  0.9861     0.9862  0.0139     0.0138     0.3536         0.3526
     61   3.21  2088.95     499.84     484.60  0.9862     0.9863  0.0138     0.0137     0.3517         0.3543
     62   3.21  2082.87     495.37     490.10  0.9861     0.9863  0.0139     0.0137     0.3600         0.3613
     63   3.20  2075.05     490.79     491.05  0.9863     0.9865  0.0137     0.0135     0.3532         0.3541
     64   3.20  2064.55     485.41     489.23  0.9868     0.9869  0.0132     0.0131     0.3577         0.3606
     65   3.20  2051.27     479.82     485.67  0.9869     0.9868  0.0131     0.0132     0.3473         0.3479
     66   3.20  2033.28     471.51     474.35  0.9868     0.9868  0.0132     0.0132     0.3566         0.3589
     67   3.20  2009.94     461.93     458.82  0.9869     0.9868  0.0131     0.0132     0.3523         0.3517
     68   3.20  1979.05     451.18     441.26  0.9874     0.9873  0.0126     0.0127     0.3509         0.3509
     69   3.20  1939.59     439.29     416.72  0.9874     0.9874  0.0126     0.0126     0.3532         0.3542
     70   3.20  1886.97     423.45     392.09  0.9868     0.9867  0.0132     0.0133     0.3606         0.3657
     71   3.21  1818.66     404.83     366.69  0.9876     0.9876  0.0124     0.0124     0.3754         0.3806
     72   3.21  1726.15     383.00     342.67  0.9873     0.9873  0.0127     0.0127     0.3839         0.3898
     73   3.22  1725.61     434.43     313.73  0.9857     0.9856  0.0143     0.0144     0.2810         0.2822
     74   3.22  1736.84     438.88     315.78  0.9862     0.9862  0.0138     0.0138     0.2845         0.2862
     75   3.21  1731.64     428.94     324.34  0.9858     0.9860  0.0142     0.0140     0.3209         0.3232
     76   3.19  1742.30     427.90     337.58  0.9843     0.9842  0.0157     0.0158     0.3446         0.3453
     77   3.21  1742.56     441.52     324.67  0.9850     0.9850  0.0150     0.0150     0.3083         0.3117
     78   3.21  1737.81     429.34     339.99  0.9861     0.9860  0.0139     0.0140     0.3602         0.3635
     79   3.21  1735.15     424.84     346.42  0.9874     0.9876  0.0126     0.0124     0.3812         0.3850
     80   3.21  1730.01     422.26     354.07  0.9867     0.9869  0.0133     0.0131     0.3926         0.3979
     81   3.20  1724.33     418.76     358.53  0.9875     0.9873  0.0125     0.0127     0.4025         0.4080
     82   3.20  1717.29     415.24     361.88  0.9873     0.9872  0.0127     0.0128     0.4187         0.4211
     83   3.20  1708.44     410.77     363.46  0.9870     0.9870  0.0130     0.0130     0.4113         0.4162
     84   3.20  1696.48     405.18     363.58  0.9870     0.9869  0.0130     0.0131     0.4113         0.4149
     85   3.20  1681.69     399.88     358.56  0.9873     0.9872  0.0127     0.0128     0.4097         0.4133
     86   3.20  1658.47     391.55     354.83  0.9874     0.9874  0.0126     0.0126     0.4058         0.4102
     87   3.20  1631.97     384.13     345.85  0.9873     0.9872  0.0127     0.0128     0.4022         0.4076
     88   3.19  1663.40     421.09     317.25  0.9843     0.9845  0.0157     0.0155     0.3163         0.3233
     89   3.21  1655.69     416.52     325.24  0.9867     0.9866  0.0133     0.0134     0.3375         0.3419
     90   3.20  1650.08     412.12     332.48  0.9866     0.9866  0.0134     0.0134     0.3622         0.3668
     91   3.20  1644.29     408.61     338.90  0.9866     0.9867  0.0134     0.0133     0.3756         0.3800
     92   3.20  1637.28     404.92     344.79  0.9864     0.9861  0.0136     0.0139     0.3865         0.3925
     93   3.20  1629.04     401.70     350.95  0.9869     0.9870  0.0131     0.0130     0.3974         0.4013
     94   3.20  1618.65     398.05     353.62  0.9870     0.9870  0.0130     0.0130     0.4118         0.4171
     95   3.20  1608.52     395.92     354.73  0.9871     0.9872  0.0129     0.0128     0.4012         0.4074
     96   3.20  1593.03     390.95     353.23  0.9869     0.9869  0.0131     0.0131     0.4061         0.4124
     97   3.20  1574.77     385.16     349.70  0.9874     0.9874  0.0126     0.0126     0.4021         0.4087
     98   3.20  1546.88     377.57     342.70  0.9871     0.9872  0.0129     0.0128     0.4070         0.4133
     99   3.20  1511.54     369.74     334.22  0.9866     0.9868  0.0134     0.0132     0.4042         0.4125
    100   3.20  1460.31     359.40     325.85  0.9873     0.9873  0.0127     0.0127     0.4054         0.4105
    101   3.20  1461.95     403.73     301.53  0.9846     0.9845  0.0154     0.0155     0.2853         0.2875
    102   3.21  1459.37     394.01     307.52  0.9863     0.9862  0.0137     0.0138     0.3455         0.3490
    103   3.20  1461.24     397.12     315.40  0.9854     0.9854  0.0146     0.0146     0.3541         0.3578
    104   3.20  1460.69     393.50     313.73  0.9862     0.9859  0.0138     0.0141     0.3603         0.3616
    105   3.20  1456.33     391.01     318.45  0.9861     0.9865  0.0139     0.0135     0.3795         0.3828
    106   3.20  1450.40     387.69     321.83  0.9864     0.9865  0.0136     0.0135     0.3800         0.3842
    107   3.20  1443.28     384.64     325.30  0.9864     0.9864  0.0136     0.0136     0.3978         0.4026
    108   3.20  1434.73     381.04     326.16  0.9865     0.9866  0.0135     0.0134     0.3981         0.4029
    109   3.20  1424.96     378.07     326.28  0.9866     0.9865  0.0134     0.0135     0.3996         0.4046
    110   3.20  1410.25     373.42     324.49  0.9867     0.9868  0.0133     0.0132     0.3989         0.4061
    111   3.20  1393.07     368.81     321.16  0.9866     0.9866  0.0134     0.0134     0.3884         0.3934
    112   3.20  1367.85     361.89     315.72  0.9867     0.9867  0.0133     0.0133     0.3896         0.3962
    113   3.18  1410.22     391.73     298.76  0.9844     0.9842  0.0156     0.0158     0.3302         0.3326
    114   3.20  1408.28     386.81     303.93  0.9863     0.9862  0.0137     0.0138     0.3822         0.3871
    115   3.20  1404.05     383.43     307.80  0.9862     0.9861  0.0138     0.0139     0.3949         0.4002
    116   3.20  1399.79     380.23     309.53  0.9865     0.9860  0.0135     0.0140     0.4124         0.4149
    117   3.20  1394.60     377.33     313.04  0.9865     0.9864  0.0135     0.0136     0.4151         0.4195
    118   3.20  1388.51     374.47     315.23  0.9867     0.9867  0.0133     0.0133     0.4155         0.4200
    119   3.20  1380.92     370.89     316.95  0.9862     0.9863  0.0138     0.0137     0.4307         0.4374
    120   3.20  1371.63     367.65     316.57  0.9865     0.9867  0.0135     0.0133     0.4250         0.4311
    121   3.20  1359.85     363.09     313.72  0.9872     0.9871  0.0128     0.0129     0.4245         0.4290
    122   3.20  1346.14     359.01     311.10  0.9869     0.9872  0.0131     0.0128     0.4251         0.4355
    123   3.20  1328.21     352.76     304.59  0.9872     0.9873  0.0128     0.0127     0.4129         0.4220
    124   3.20  1302.01     345.50     300.62  0.9876     0.9876  0.0124     0.0124     0.4236         0.4351
    125   3.20  1267.98     336.73     291.97  0.9872     0.9870  0.0128     0.0130     0.4267         0.4386
    126   3.20  1221.15     326.70     283.94  0.9869     0.9869  0.0131     0.0131     0.4218         0.4341
    127   3.20  1162.78     315.73     273.91  0.9872     0.9869  0.0128     0.0131     0.4226         0.4346
    128   3.21  1085.50     305.48     267.03  0.9873     0.9874  0.0127     0.0126     0.4226         0.4394
    129   3.20  1089.27     329.00     253.36  0.9866     0.9866  0.0134     0.0134     0.3546         0.3632
    130   3.19  1099.64     330.04     254.36  0.9851     0.9848  0.0149     0.0152     0.3876         0.4024
    131   3.20  1103.30     331.59     260.87  0.9870     0.9868  0.0130     0.0132     0.3982         0.4056
    132   3.21  1098.92     330.42     261.58  0.9867     0.9871  0.0133     0.0129     0.4158         0.4293
    133   3.20  1094.83     328.75     262.99  0.9870     0.9870  0.0130     0.0130     0.4291         0.4389
    134   3.20  1090.11     326.83     263.33  0.9871     0.9870  0.0129     0.0130     0.4238         0.4371
    135   3.21  1099.18     335.08     255.04  0.9878     0.9876  0.0122     0.0124     0.3790         0.3894
    136   3.20  1092.71     331.80     261.43  0.9875     0.9875  0.0125     0.0125     0.4028         0.4127
    137   3.21  1084.50     327.80     262.56  0.9880     0.9881  0.0120     0.0119     0.4194         0.4320
    138   3.20  1072.63     323.44     263.82  0.9876     0.9877  0.0124     0.0123     0.4221         0.4368
    139   3.21  1058.95     319.16     263.54  0.9883     0.9881  0.0117     0.0119     0.4263         0.4387
    140   3.20  1038.85     313.25     263.55  0.9879     0.9880  0.0121     0.0120     0.4315         0.4465
    141   3.21  1016.33     307.87     260.16  0.9876     0.9876  0.0124     0.0124     0.4299         0.4486
    142   3.20   988.69     301.01     260.16  0.9877     0.9876  0.0123     0.0124     0.4316         0.4535
    143   3.20   971.35     299.58     254.64  0.9870     0.9870  0.0130     0.0130     0.4262         0.4440
    144   3.20   925.86     290.90     255.46  0.9881     0.9880  0.0119     0.0120     0.4373         0.4583
    145   3.21   883.08     282.66     245.74  0.9876     0.9877  0.0124     0.0123     0.4295         0.4501
    146   3.18   888.40     292.43     249.47  0.9859     0.9863  0.0141     0.0137     0.4405         0.4655
    147   3.19   899.12     290.58     262.93  0.9863     0.9861  0.0137     0.0139     0.4412         0.4687
    148   3.19   911.47     300.79     254.18  0.9864     0.9866  0.0136     0.0134     0.4440         0.4649
    149   3.19   943.53     304.02     245.93  0.9856     0.9857  0.0144     0.0143     0.4103         0.4296
    150   3.19   934.59     311.03     248.42  0.9876     0.9876  0.0124     0.0124     0.4200         0.4365
    151   3.19   932.47     309.93     249.30  0.9876     0.9878  0.0124     0.0122     0.4301         0.4490
    152   3.19   929.68     308.37     248.74  0.9872     0.9873  0.0128     0.0127     0.4288         0.4502
    153   3.20   927.26     307.32     247.93  0.9880     0.9881  0.0120     0.0119     0.4325         0.4543
    154   3.20   921.12     304.36     245.96  0.9876     0.9878  0.0124     0.0122     0.4335         0.4551
    155   3.20   913.52     301.53     244.75  0.9876     0.9878  0.0124     0.0122     0.4396         0.4598
    156   3.20   904.37     298.74     243.83  0.9876     0.9874  0.0124     0.0126     0.4282         0.4516
    157   3.20   902.01     298.48     240.91  0.9879     0.9878  0.0121     0.0122     0.4282         0.4501
    158   3.20   888.38     295.01     238.78  0.9882     0.9882  0.0118     0.0118     0.4332         0.4538
    159   3.20   866.55     288.89     237.82  0.9877     0.9878  0.0123     0.0122     0.4331         0.4566
    160   3.20   849.34     284.38     236.58  0.9876     0.9877  0.0124     0.0123     0.4335         0.4637
    161   3.20   830.24     279.87     232.58  0.9878     0.9878  0.0122     0.0122     0.4310         0.4595
    162   3.20   810.41     276.08     228.36  0.9878     0.9877  0.0122     0.0123     0.4190         0.4459
    163   3.19   830.11     278.75     230.91  0.9868     0.9868  0.0132     0.0132     0.4330         0.4651
    164   3.20   820.32     277.34     228.16  0.9873     0.9871  0.0127     0.0129     0.4331         0.4601
    165   3.20   829.49     279.16     229.28  0.9874     0.9872  0.0126     0.0128     0.4219         0.4547
    166   3.20   816.42     275.33     226.96  0.9877     0.9876  0.0123     0.0124     0.4294         0.4552
    167   3.20   800.65     271.82     224.41  0.9868     0.9871  0.0132     0.0129     0.4231         0.4560
    168   3.20   784.97     268.05     223.27  0.9871     0.9871  0.0129     0.0129     0.4293         0.4621
    169   3.20   793.93     276.24     218.62  0.9869     0.9871  0.0131     0.0129     0.4074         0.4357
    170   3.20   787.59     275.12     217.00  0.9879     0.9881  0.0121     0.0119     0.4129         0.4427
    171   3.20   782.10     272.26     218.25  0.9876     0.9877  0.0124     0.0123     0.4211         0.4507
    172   3.20   781.44     274.34     216.74  0.9880     0.9881  0.0120     0.0119     0.4149         0.4457
    173   3.20   768.36     268.88     216.43  0.9880     0.9879  0.0120     0.0121     0.4211         0.4547
    174   3.20   768.14     271.32     215.54  0.9874     0.9878  0.0126     0.0122     0.4263         0.4515
    175   3.20   794.67     279.91     211.46  0.9877     0.9876  0.0123     0.0124     0.3934         0.4145
    176   3.20   786.68     276.07     213.12  0.9876     0.9878  0.0124     0.0122     0.4212         0.4493
    177   3.20   775.06     271.64     212.79  0.9871     0.9874  0.0129     0.0126     0.4243         0.4578
    178   3.20   764.20     268.51     213.08  0.9881     0.9882  0.0119     0.0118     0.4294         0.4662
    179   3.21   749.86     264.72     213.72  0.9883     0.9880  0.0117     0.0120     0.4287         0.4682
    180   3.20   729.61     260.10     213.02  0.9883     0.9881  0.0117     0.0119     0.4330         0.4693
    181   3.20   733.56     265.11     208.56  0.9879     0.9879  0.0121     0.0121     0.4232         0.4591
    182   3.20   712.70     258.70     209.39  0.9880     0.9880  0.0120     0.0120     0.4243         0.4655
    183   3.21   696.30     254.69     208.26  0.9877     0.9880  0.0123     0.0120     0.4252         0.4672
    184   3.19   723.34     265.38     206.23  0.9869     0.9868  0.0131     0.0132     0.4273         0.4729
    185   3.20   711.96     261.79     204.21  0.9876     0.9878  0.0124     0.0122     0.4294         0.4635
    186   3.20   692.80     253.67     204.73  0.9874     0.9877  0.0126     0.0123     0.4338         0.4784
    187   3.20   670.56     248.38     203.46  0.9875     0.9874  0.0125     0.0126     0.4328         0.4727
    188   3.20   668.61     247.78     202.29  0.9868     0.9867  0.0132     0.0133     0.4215         0.4649
    189   3.20   663.32     247.08     202.36  0.9879     0.9879  0.0121     0.0121     0.4299         0.4735
    190   3.20   658.70     245.82     201.24  0.9878     0.9881  0.0122     0.0119     0.4253         0.4695
    191   3.19   661.64     249.53     198.92  0.9866     0.9868  0.0134     0.0132     0.4316         0.4738
    192   3.19   660.26     249.68     198.11  0.9874     0.9872  0.0126     0.0128     0.4165         0.4597
    193   3.20   655.32     247.28     197.48  0.9877     0.9874  0.0123     0.0126     0.4247         0.4708
    194   3.20   639.90     242.69     196.83  0.9877     0.9873  0.0123     0.0127     0.4318         0.4788
    195   3.20   631.45     241.77     195.98  0.9878     0.9877  0.0122     0.0123     0.4301         0.4772
    196   3.20   631.57     243.46     192.52  0.9877     0.9878  0.0123     0.0122     0.4036         0.4482
    197   3.20   614.56     237.57     193.26  0.9877     0.9876  0.0123     0.0124     0.4245         0.4747
    198   3.20   638.75     244.51     192.77  0.9880     0.9879  0.0120     0.0121     0.4160         0.4581
    199   3.20   654.16     248.78     191.15  0.9876     0.9874  0.0124     0.0126     0.4191         0.4607
    200   3.20   634.33     239.45     190.97  0.9884     0.9882  0.0116     0.0118     0.4112         0.4593
    201   3.20   630.35     238.59     189.16  0.9874     0.9875  0.0126     0.0125     0.4188         0.4590
    202   3.20   631.47     242.95     187.58  0.9878     0.9876  0.0122     0.0124     0.4084         0.4539
    203   3.20   628.55     240.28     185.78  0.9870     0.9874  0.0130     0.0126     0.3965         0.4428
    204   3.19   638.57     241.12     186.07  0.9871     0.9872  0.0129     0.0128     0.4145         0.4639
    205   3.20   615.79     233.69     186.75  0.9876     0.9874  0.0124     0.0126     0.4275         0.4825
    206   3.20   615.64     234.34     185.50  0.9873     0.9871  0.0127     0.0129     0.4065         0.4566
    207   3.20   604.04     233.65     184.17  0.9880     0.9880  0.0120     0.0120     0.4272         0.4784
    208   3.20   650.33     249.82     180.04  0.9877     0.9874  0.0123     0.0126     0.3777         0.4211
    209   3.19   624.78     237.28     181.71  0.9869     0.9864  0.0131     0.0136     0.3969         0.4510
    210   3.19   602.31     229.89     181.84  0.9860     0.9861  0.0140     0.0139     0.3937         0.4497
    211   3.20   626.36     243.21     178.74  0.9872     0.9874  0.0128     0.0126     0.3844         0.4292
    212   3.19   611.26     236.88     180.09  0.9865     0.9864  0.0135     0.0136     0.3948         0.4513
    213   3.20   612.37     245.49     176.36  0.9871     0.9871  0.0129     0.0129     0.3672         0.4128
    214   3.20   596.23     236.85     177.62  0.9875     0.9878  0.0125     0.0122     0.3887         0.4455
    215   3.20   582.69     231.88     178.40  0.9882     0.9883  0.0118     0.0117     0.3981         0.4586
    216   3.20   591.05     236.25     177.21  0.9877     0.9877  0.0123     0.0123     0.3886         0.4446
    217   3.20   590.99     238.04     176.27  0.9884     0.9887  0.0116     0.0113     0.3706         0.4337
    218   3.20   576.12     230.66     177.79  0.9877     0.9874  0.0123     0.0126     0.3840         0.4471
    219   3.20   605.77     246.25     173.44  0.9873     0.9871  0.0127     0.0129     0.3582         0.3986
    220   3.20   589.35     236.53     174.51  0.9871     0.9875  0.0129     0.0125     0.3821         0.4402
    221   3.20   586.00     234.87     175.25  0.9875     0.9877  0.0125     0.0123     0.3866         0.4440
    222   3.20   598.59     237.40     174.73  0.9879     0.9880  0.0121     0.0120     0.3810         0.4437
    223   3.20   617.86     245.06     172.70  0.9865     0.9864  0.0135     0.0136     0.3696         0.4277
    224   3.20   609.82     240.25     173.22  0.9879     0.9878  0.0121     0.0122     0.3864         0.4463
    225   3.20   602.94     236.53     173.12  0.9869     0.9869  0.0131     0.0131     0.3821         0.4437
    226   3.20   593.73     234.53     173.54  0.9876     0.9879  0.0124     0.0121     0.3844         0.4464
    227   3.19   606.27     241.20     171.83  0.9869     0.9867  0.0131     0.0133     0.3674         0.4269
    228   3.20   595.78     236.64     172.70  0.9872     0.9870  0.0128     0.0130     0.3795         0.4413
    229   3.20   611.14     245.76     170.93  0.9870     0.9868  0.0130     0.0132     0.3598         0.4138
    230   3.20   599.10     239.62     171.73  0.9868     0.9870  0.0132     0.0130     0.3715         0.4337
    231   3.21   588.79     234.83     172.32  0.9881     0.9880  0.0119     0.0120     0.3742         0.4361
    232   3.20   578.59     231.34     172.42  0.9879     0.9880  0.0121     0.0120     0.3711         0.4364
    233   3.20   572.31     230.01     171.82  0.9871     0.9875  0.0129     0.0125     0.3728         0.4377
    234   3.20   576.05     236.22     170.63  0.9868     0.9869  0.0132     0.0131     0.3699         0.4350
    235   3.20   569.35     231.74     171.23  0.9874     0.9874  0.0126     0.0126     0.3794         0.4497
    236   3.20   562.89     229.65     171.62  0.9867     0.9872  0.0133     0.0128     0.3714         0.4421
    237   3.19   552.80     225.90     172.29  0.9871     0.9873  0.0129     0.0127     0.3792         0.4467
    238   3.20   558.52     227.77     170.30  0.9871     0.9872  0.0129     0.0128     0.3674         0.4384
    239   3.20   554.24     226.60     171.27  0.9875     0.9878  0.0125     0.0122     0.3686         0.4420
    240   3.20   545.21     222.83     171.40  0.9871     0.9871  0.0129     0.0129     0.3741         0.4466
    241   3.20   538.93     221.03     170.98  0.9869     0.9872  0.0131     0.0128     0.3628         0.4381
    242   3.21   548.16     225.30     168.38  0.9875     0.9878  0.0125     0.0122     0.3606         0.4301
    243   3.19   540.19     222.08     170.29  0.9876     0.9879  0.0124     0.0121     0.3676         0.4450
    244   3.21   555.56     229.37     168.18  0.9871     0.9875  0.0129     0.0125     0.3578         0.4275
    245   3.21   543.46     223.11     169.18  0.9882     0.9880  0.0118     0.0120     0.3672         0.4430
    246   3.20   545.24     224.09     169.32  0.9879     0.9877  0.0121     0.0123     0.3769         0.4553
    247   3.20   542.09     221.55     170.00  0.9877     0.9873  0.0123     0.0127     0.3717         0.4515
    248   3.20   544.43     222.31     168.65  0.9878     0.9876  0.0122     0.0124     0.3589         0.4415
    249   3.20   530.91     217.58     169.41  0.9875     0.9875  0.0125     0.0125     0.3620         0.4511
    250   3.20   523.99     216.16     169.77  0.9878     0.9880  0.0122     0.0120     0.3579         0.4360
    251   3.20   524.09     216.24     167.92  0.9872     0.9873  0.0128     0.0127     0.3633         0.4444
    252   3.20   532.94     220.56     166.35  0.9874     0.9871  0.0126     0.0129     0.3450         0.4185
    253   3.19   527.54     217.72     167.56  0.9874     0.9877  0.0126     0.0123     0.3574         0.4409
    254   3.20   525.82     217.23     166.69  0.9876     0.9875  0.0124     0.0125     0.3670         0.4447
    255   3.20   529.82     219.95     165.64  0.9872     0.9875  0.0128     0.0125     0.3651         0.4425
    256   3.20   521.85     215.89     166.44  0.9876     0.9876  0.0124     0.0124     0.3542         0.4386
    257   3.19   528.51     219.12     165.43  0.9874     0.9873  0.0126     0.0127     0.3526         0.4324
    258   3.20   526.84     217.96     165.37  0.9875     0.9878  0.0125     0.0122     0.3510         0.4282
    259   3.20   520.36     215.35     165.61  0.9874     0.9877  0.0126     0.0123     0.3593         0.4435
    260   3.20   516.73     215.14     166.25  0.9874     0.9873  0.0126     0.0127     0.3508         0.4280
    261   3.20   515.68     215.04     165.17  0.9881     0.9877  0.0119     0.0123     0.3529         0.4397
    262   3.19   514.63     214.63     165.02  0.9878     0.9876  0.0122     0.0124     0.3511         0.4295
    263   3.20   518.36     215.86     163.94  0.9876     0.9875  0.0124     0.0125     0.3431         0.4264
    264   3.20   521.63     218.71     163.39  0.9871     0.9868  0.0129     0.0132     0.3368         0.4186
    265   3.20   523.85     221.04     162.78  0.9870     0.9868  0.0130     0.0132     0.3401         0.4127
    266   3.19   523.69     221.69     163.37  0.9875     0.9874  0.0125     0.0126     0.3423         0.4119
    267   3.20   531.72     226.60     162.40  0.9874     0.9874  0.0126     0.0126     0.3409         0.4159
    268   3.20   521.00     220.66     163.72  0.9879     0.9879  0.0121     0.0121     0.3463         0.4204
    269   3.20   513.50     218.06     164.26  0.9871     0.9869  0.0129     0.0131     0.3533         0.4294
    270   3.20   510.62     215.72     164.02  0.9879     0.9882  0.0121     0.0118     0.3334         0.4225
    271   3.20   529.67     224.49     161.79  0.9878     0.9879  0.0122     0.0121     0.3348         0.4075
    272   3.20   520.29     219.39     162.93  0.9871     0.9870  0.0129     0.0130     0.3398         0.4212
    273   3.20   525.07     221.44     161.91  0.9876     0.9875  0.0124     0.0125     0.3452         0.4163
    274   3.21   518.34     218.02     163.12  0.9883     0.9882  0.0117     0.0118     0.3497         0.4318
    275   3.20   511.00     215.21     164.50  0.9875     0.9876  0.0125     0.0124     0.3500         0.4372
    276   3.20   520.06     218.25     162.21  0.9873     0.9876  0.0127     0.0124     0.3557         0.4333
    277   3.20   517.71     216.50     162.03  0.9876     0.9877  0.0124     0.0123     0.3453         0.4287
    278   3.21   509.83     212.95     163.65  0.9876     0.9876  0.0124     0.0124     0.3507         0.4358
    279   3.20   514.35     216.18     162.29  0.9874     0.9871  0.0126     0.0129     0.3417         0.4244
    280   3.20   518.25     219.34     161.47  0.9867     0.9866  0.0133     0.0134     0.3398         0.4189
    281   3.20   511.30     215.60     162.46  0.9877     0.9876  0.0123     0.0124     0.3439         0.4221
    282   3.20   507.21     213.29     162.12  0.9871     0.9870  0.0129     0.0130     0.3392         0.4281
    283   3.20   503.10     212.43     162.25  0.9877     0.9876  0.0123     0.0124     0.3494         0.4330
    284   3.20   501.06     212.03     162.47  0.9872     0.9874  0.0128     0.0126     0.3468         0.4300
    285   3.20   498.53     210.88     162.59  0.9871     0.9874  0.0129     0.0126     0.3383         0.4301
    286   3.20   490.26     207.38     163.12  0.9877     0.9880  0.0123     0.0120     0.3368         0.4281
    287   3.20   499.57     211.67     161.15  0.9881     0.9883  0.0119     0.0117     0.3371         0.4225
    288   3.20   512.05     217.08     159.48  0.9865     0.9866  0.0135     0.0134     0.3245         0.4033
    289   3.20   509.35     215.36     160.28  0.9875     0.9877  0.0125     0.0123     0.3403         0.4210
    290   3.20   507.64     214.05     159.58  0.9874     0.9874  0.0126     0.0126     0.3297         0.4158
    291   3.20   510.67     216.62     160.14  0.9877     0.9881  0.0123     0.0119     0.3257         0.4081
    292   3.20   508.35     215.80     160.44  0.9876     0.9878  0.0124     0.0122     0.3315         0.4159
    293   3.19   507.76     215.36     159.76  0.9867     0.9868  0.0133     0.0132     0.3313         0.4260
    294   3.20   506.07     214.14     160.34  0.9875     0.9873  0.0125     0.0127     0.3361         0.4160
    295   3.20   501.79     212.40     160.80  0.9866     0.9868  0.0134     0.0132     0.3356         0.4164
    296   3.20   506.74     215.39     159.34  0.9877     0.9879  0.0123     0.0121     0.3342         0.4151
    297   3.20   500.58     212.21     160.21  0.9867     0.9867  0.0133     0.0133     0.3346         0.4207
    298   3.20   499.94     212.41     160.27  0.9874     0.9872  0.0126     0.0128     0.3334         0.4185
    299   3.20   496.85     211.17     160.48  0.9882     0.9880  0.0118     0.0120     0.3338         0.4289
    300   3.20   491.41     208.78     161.06  0.9871     0.9874  0.0129     0.0126     0.3418         0.4316
The log/output/model have been saved to: ./logs/train.py-multi_zetas300_True_True_True_1.953125e-08_3.90625e-08_7.8125e-08-ggm-04-23-11:36 + .csv/.out/.cpt
