  epoch    IZY    IXZ_1    IZ_1Z_2     acc    avg_acc     err    avg_err    adv_acc    avg_adv_acc
-------  -----  -------  ---------  ------  ---------  ------  ---------  ---------  -------------
      1   3.15  1364.69     698.96  0.9612     0.9613  0.0388     0.0387     0.0179         0.0179
      2   3.19  1329.76     696.60  0.9705     0.9705  0.0295     0.0295     0.0164         0.0164
      3   3.18  1307.48     707.97  0.9691     0.9692  0.0309     0.0308     0.0172         0.0173
      4   3.19  1283.17     696.08  0.9728     0.9728  0.0272     0.0272     0.0151         0.0152
      5   3.20  1303.43     734.43  0.9752     0.9753  0.0248     0.0247     0.0219         0.0220
      6   3.20  1267.06     717.86  0.9745     0.9748  0.0255     0.0252     0.0272         0.0273
      7   3.22  1276.78     740.21  0.9798     0.9800  0.0202     0.0200     0.0234         0.0232
      8   3.23  1273.98     751.44  0.9817     0.9817  0.0183     0.0183     0.0480         0.0481
      9   3.24  1276.33     757.64  0.9834     0.9836  0.0166     0.0164     0.0591         0.0594
     10   3.20  1265.26     756.96  0.9786     0.9784  0.0214     0.0216     0.0625         0.0625
     11   3.22  1243.20     732.33  0.9787     0.9788  0.0213     0.0212     0.0560         0.0561
     12   3.20  1251.24     753.68  0.9792     0.9793  0.0208     0.0207     0.1146         0.1149
     13   3.22  1263.70     779.93  0.9833     0.9832  0.0167     0.0168     0.1039         0.1041
     14   3.21  1257.44     772.51  0.9792     0.9793  0.0208     0.0207     0.1249         0.1248
     15   3.18  1246.75     759.51  0.9743     0.9743  0.0257     0.0257     0.1308         0.1311
     16   3.22  1236.48     729.21  0.9803     0.9803  0.0197     0.0197     0.0917         0.0914
     17   3.19  1264.36     796.05  0.9797     0.9797  0.0203     0.0203     0.1502         0.1497
     18   3.20  1239.18     743.17  0.9773     0.9773  0.0227     0.0227     0.1335         0.1337
     19   3.20  1253.29     784.23  0.9804     0.9804  0.0196     0.0196     0.1419         0.1419
     20   3.21  1254.28     794.77  0.9815     0.9817  0.0185     0.0183     0.1991         0.1992
     21   3.19  1252.67     789.94  0.9791     0.9790  0.0209     0.0210     0.1929         0.1931
     22   3.19  1248.97     760.81  0.9794     0.9793  0.0206     0.0207     0.1649         0.1650
     23   3.21  1268.27     823.82  0.9838     0.9840  0.0162     0.0160     0.2260         0.2257
     24   3.19  1262.04     799.84  0.9802     0.9803  0.0198     0.0197     0.2247         0.2245
     25   3.23  1256.30     780.01  0.9828     0.9828  0.0172     0.0172     0.1892         0.1887
     26   3.22  1263.02     789.33  0.9823     0.9823  0.0177     0.0177     0.2131         0.2134
     27   3.22  1275.28     824.31  0.9835     0.9835  0.0165     0.0165     0.2488         0.2487
     28   3.19  1259.08     780.88  0.9785     0.9786  0.0215     0.0214     0.2350         0.2352
     29   3.15  1278.42     832.07  0.9784     0.9782  0.0216     0.0218     0.2509         0.2509
     30   3.18  1260.86     791.57  0.9785     0.9785  0.0215     0.0215     0.1914         0.1907
     31   3.20  1271.95     820.95  0.9806     0.9808  0.0194     0.0192     0.2371         0.2369
     32   3.22  1274.19     817.95  0.9841     0.9841  0.0159     0.0159     0.2620         0.2615
     33   3.22  1284.33     853.28  0.9854     0.9854  0.0146     0.0146     0.2741         0.2742
     34   3.17  1265.07     791.19  0.9775     0.9776  0.0225     0.0224     0.2163         0.2167
     35   3.19  1272.70     812.10  0.9809     0.9809  0.0191     0.0191     0.2408         0.2411
     36   3.19  1268.26     800.41  0.9802     0.9802  0.0198     0.0198     0.2662         0.2662
     37   3.21  1280.08     842.12  0.9845     0.9845  0.0155     0.0155     0.2825         0.2823
     38   3.22  1280.92     841.05  0.9857     0.9857  0.0143     0.0143     0.2667         0.2670
     39   3.17  1294.41     871.22  0.9781     0.9780  0.0219     0.0220     0.2745         0.2748
     40   3.19  1266.59     796.44  0.9806     0.9806  0.0194     0.0194     0.2142         0.2143
     41   3.21  1286.50     859.45  0.9858     0.9858  0.0142     0.0142     0.2794         0.2794
     42   3.21  1299.20     900.05  0.9864     0.9864  0.0136     0.0136     0.2882         0.2882
     43   3.20  1305.65     922.49  0.9865     0.9865  0.0135     0.0135     0.2920         0.2918
     44   3.20  1311.13     942.26  0.9867     0.9867  0.0133     0.0133     0.2883         0.2887
     45   3.20  1316.27     961.25  0.9867     0.9868  0.0133     0.0132     0.2859         0.2865
     46   3.19  1322.05     982.60  0.9867     0.9867  0.0133     0.0133     0.2829         0.2827
     47   3.19  1328.36    1005.46  0.9866     0.9866  0.0134     0.0134     0.2784         0.2793
     48   3.19  1334.44    1028.73  0.9866     0.9865  0.0134     0.0135     0.2753         0.2748
     49   3.18  1338.38    1046.96  0.9865     0.9865  0.0135     0.0135     0.2720         0.2725
     50   3.18  1341.03    1063.34  0.9865     0.9865  0.0135     0.0135     0.2709         0.2709
     51   3.18  1342.14    1076.96  0.9868     0.9868  0.0132     0.0132     0.2722         0.2724
     52   3.17  1339.94    1084.08  0.9868     0.9867  0.0132     0.0133     0.2676         0.2675
     53   3.17  1336.02    1088.31  0.9867     0.9867  0.0133     0.0133     0.2690         0.2685
     54   3.17  1328.14    1084.16  0.9868     0.9868  0.0132     0.0132     0.2590         0.2593
     55   3.17  1317.32    1074.92  0.9867     0.9867  0.0133     0.0133     0.2646         0.2640
     56   3.17  1302.04    1055.46  0.9869     0.9869  0.0131     0.0131     0.2574         0.2579
     57   3.17  1283.97    1030.95  0.9869     0.9868  0.0131     0.0132     0.2580         0.2575
     58   3.17  1261.66     996.62  0.9869     0.9869  0.0131     0.0131     0.2540         0.2541
     59   3.17  1236.40     956.65  0.9868     0.9868  0.0132     0.0132     0.2584         0.2580
     60   3.17  1208.09     910.72  0.9869     0.9869  0.0131     0.0131     0.2548         0.2546
     61   3.17  1177.05     859.19  0.9869     0.9869  0.0131     0.0131     0.2562         0.2555
     62   3.17  1144.37     809.01  0.9869     0.9869  0.0131     0.0131     0.2600         0.2598
     63   3.17  1109.52     754.35  0.9872     0.9872  0.0128     0.0128     0.2580         0.2585
     64   3.17  1073.29     702.86  0.9871     0.9870  0.0129     0.0130     0.2634         0.2637
     65   3.17  1036.66     653.63  0.9874     0.9873  0.0126     0.0127     0.2753         0.2759
     66   3.17   998.56     611.08  0.9875     0.9874  0.0125     0.0126     0.2961         0.2966
     67   3.17   959.79     569.10  0.9873     0.9873  0.0127     0.0127     0.3001         0.3012
     68   3.17   918.03     530.44  0.9872     0.9871  0.0128     0.0129     0.3039         0.3034
     69   3.18   873.91     490.37  0.9874     0.9874  0.0126     0.0126     0.3112         0.3107
     70   3.18   820.83     455.19  0.9871     0.9873  0.0129     0.0127     0.3115         0.3115
     71   3.17   753.60     430.89  0.9873     0.9872  0.0127     0.0128     0.3291         0.3292
     72   3.18   664.73     397.96  0.9874     0.9872  0.0126     0.0128     0.3349         0.3368
     73   3.21   767.27     348.71  0.9842     0.9843  0.0158     0.0157     0.1652         0.1652
     74   3.21   757.91     350.83  0.9863     0.9867  0.0137     0.0133     0.1968         0.1972
     75   3.21   751.34     352.31  0.9862     0.9863  0.0138     0.0137     0.2163         0.2166
     76   3.20   745.94     354.62  0.9860     0.9860  0.0140     0.0140     0.2295         0.2291
     77   3.20   740.54     358.14  0.9864     0.9863  0.0136     0.0137     0.2417         0.2429
     78   3.20   736.26     361.61  0.9865     0.9865  0.0135     0.0135     0.2465         0.2474
     79   3.19   730.46     366.76  0.9867     0.9866  0.0133     0.0134     0.2677         0.2677
     80   3.19   724.63     372.86  0.9865     0.9865  0.0135     0.0135     0.2848         0.2854
     81   3.19   719.52     379.46  0.9864     0.9864  0.0136     0.0136     0.2976         0.2971
     82   3.19   714.33     386.35  0.9864     0.9863  0.0136     0.0137     0.3088         0.3080
     83   3.18   708.87     395.02  0.9866     0.9867  0.0134     0.0133     0.3148         0.3148
     84   3.18   703.41     403.76  0.9867     0.9866  0.0133     0.0134     0.3282         0.3271
     85   3.18   697.64     414.82  0.9871     0.9871  0.0129     0.0129     0.3509         0.3512
     86   3.17   691.97     424.59  0.9869     0.9870  0.0131     0.0130     0.3593         0.3595
     87   3.17   686.65     433.89  0.9866     0.9868  0.0134     0.0132     0.3626         0.3631
     88   3.17   680.78     443.33  0.9870     0.9868  0.0130     0.0132     0.3732         0.3742
     89   3.17   674.42     451.41  0.9871     0.9870  0.0129     0.0130     0.3814         0.3824
     90   3.17   667.86     456.58  0.9872     0.9873  0.0128     0.0127     0.3802         0.3817
     91   3.16   659.83     459.24  0.9869     0.9868  0.0131     0.0132     0.3907         0.3907
     92   3.17   651.98     459.72  0.9870     0.9872  0.0130     0.0128     0.3865         0.3864
     93   3.17   640.81     461.22  0.9867     0.9868  0.0133     0.0132     0.3896         0.3905
     94   3.16   628.73     458.06  0.9873     0.9873  0.0127     0.0127     0.3884         0.3894
     95   3.20   712.86     365.08  0.9860     0.9860  0.0140     0.0140     0.1961         0.1957
     96   3.21   704.93     367.57  0.9865     0.9865  0.0135     0.0135     0.2067         0.2074
     97   3.20   699.31     370.04  0.9868     0.9868  0.0132     0.0132     0.2258         0.2263
     98   3.20   695.26     373.37  0.9861     0.9861  0.0139     0.0139     0.2375         0.2379
     99   3.20   691.38     376.65  0.9865     0.9866  0.0135     0.0134     0.2457         0.2460
    100   3.20   687.46     380.81  0.9864     0.9866  0.0136     0.0134     0.2540         0.2546
    101   3.19   683.68     385.70  0.9864     0.9864  0.0136     0.0136     0.2713         0.2713
    102   3.19   679.83     391.12  0.9864     0.9864  0.0136     0.0136     0.2829         0.2831
    103   3.19   675.98     396.81  0.9863     0.9864  0.0137     0.0136     0.3014         0.3034
    104   3.18   671.80     404.08  0.9863     0.9863  0.0137     0.0137     0.3041         0.3032
    105   3.18   668.01     411.85  0.9863     0.9864  0.0137     0.0136     0.3115         0.3125
    106   3.18   663.47     420.18  0.9865     0.9865  0.0135     0.0135     0.3273         0.3275
    107   3.18   659.33     428.68  0.9865     0.9864  0.0135     0.0136     0.3366         0.3375
    108   3.17   655.73     437.78  0.9864     0.9864  0.0136     0.0136     0.3521         0.3523
    109   3.17   651.62     446.28  0.9863     0.9864  0.0137     0.0136     0.3546         0.3561
    110   3.17   646.83     454.31  0.9862     0.9863  0.0138     0.0137     0.3677         0.3672
    111   3.17   641.82     463.11  0.9865     0.9864  0.0135     0.0136     0.3775         0.3768
    112   3.17   636.33     469.47  0.9864     0.9865  0.0136     0.0135     0.3827         0.3836
    113   3.17   630.73     472.49  0.9865     0.9865  0.0135     0.0135     0.3818         0.3806
    114   3.16   623.23     475.90  0.9864     0.9864  0.0136     0.0136     0.3852         0.3849
    115   3.17   614.96     476.49  0.9863     0.9864  0.0137     0.0136     0.3889         0.3882
    116   3.16   605.72     473.97  0.9865     0.9866  0.0135     0.0134     0.3881         0.3894
    117   3.16   594.89     469.33  0.9865     0.9861  0.0135     0.0139     0.3844         0.3849
    118   3.17   582.17     461.87  0.9865     0.9865  0.0135     0.0135     0.3889         0.3890
    119   3.17   567.61     455.17  0.9867     0.9866  0.0133     0.0134     0.3737         0.3736
    120   3.17   550.66     446.86  0.9864     0.9867  0.0136     0.0133     0.3795         0.3805
    121   3.17   531.70     435.87  0.9869     0.9868  0.0131     0.0132     0.3686         0.3695
    122   3.17   508.63     425.54  0.9866     0.9866  0.0134     0.0134     0.3672         0.3676
    123   3.15   535.03     379.86  0.9841     0.9840  0.0159     0.0160     0.3186         0.3188
    124   3.19   565.45     358.35  0.9852     0.9852  0.0148     0.0148     0.2682         0.2686
    125   3.19   567.26     361.58  0.9862     0.9861  0.0138     0.0139     0.2778         0.2777
    126   3.19   565.27     362.97  0.9860     0.9861  0.0140     0.0139     0.2782         0.2779
    127   3.19   563.41     364.85  0.9860     0.9861  0.0140     0.0139     0.2760         0.2757
    128   3.19   561.35     366.62  0.9861     0.9862  0.0139     0.0138     0.2842         0.2853
    129   3.19   559.30     367.95  0.9861     0.9862  0.0139     0.0138     0.2967         0.2964
    130   3.19   556.99     370.55  0.9864     0.9864  0.0136     0.0136     0.2997         0.2993
    131   3.19   554.61     373.12  0.9864     0.9863  0.0136     0.0137     0.3030         0.3043
    132   3.19   552.12     375.80  0.9862     0.9861  0.0138     0.0139     0.3166         0.3154
    133   3.18   549.55     379.58  0.9864     0.9861  0.0136     0.0139     0.3126         0.3123
    134   3.18   546.91     383.31  0.9864     0.9862  0.0136     0.0138     0.3240         0.3232
    135   3.18   544.04     387.10  0.9866     0.9865  0.0134     0.0135     0.3350         0.3358
    136   3.18   541.06     391.45  0.9862     0.9864  0.0138     0.0136     0.3495         0.3497
    137   3.18   537.88     396.35  0.9863     0.9862  0.0137     0.0138     0.3486         0.3498
    138   3.18   534.64     401.64  0.9864     0.9863  0.0136     0.0137     0.3554         0.3556
    139   3.17   531.05     406.72  0.9862     0.9861  0.0138     0.0139     0.3574         0.3569
    140   3.17   527.33     411.57  0.9863     0.9864  0.0137     0.0136     0.3734         0.3746
    141   3.17   523.33     416.23  0.9861     0.9861  0.0139     0.0139     0.3789         0.3796
    142   3.17   519.05     420.58  0.9864     0.9863  0.0136     0.0137     0.3884         0.3895
    143   3.17   514.14     423.84  0.9863     0.9864  0.0137     0.0136     0.3856         0.3851
    144   3.17   508.77     424.67  0.9867     0.9863  0.0133     0.0137     0.3925         0.3931
    145   3.17   502.50     424.67  0.9862     0.9865  0.0138     0.0135     0.3941         0.3962
    146   3.17   495.24     423.42  0.9867     0.9865  0.0133     0.0135     0.3905         0.3900
    147   3.17   487.06     419.16  0.9862     0.9861  0.0138     0.0139     0.3977         0.3978
    148   3.17   477.47     414.91  0.9864     0.9865  0.0136     0.0135     0.3969         0.3973
    149   3.17   466.18     409.46  0.9867     0.9865  0.0133     0.0135     0.3947         0.3968
    150   3.17   452.82     401.25  0.9864     0.9866  0.0136     0.0134     0.3954         0.3944
    151   3.18   438.34     393.78  0.9869     0.9868  0.0131     0.0132     0.3875         0.3881
    152   3.18   421.08     385.35  0.9870     0.9871  0.0130     0.0129     0.3910         0.3918
    153   3.14   422.80     381.78  0.9862     0.9861  0.0138     0.0139     0.3855         0.3860
    154   3.17   427.24     374.52  0.9863     0.9866  0.0137     0.0134     0.3728         0.3757
    155   3.17   427.32     375.94  0.9867     0.9867  0.0133     0.0133     0.3818         0.3815
    156   3.17   427.12     376.73  0.9869     0.9866  0.0131     0.0134     0.3843         0.3844
    157   3.17   426.81     377.77  0.9871     0.9869  0.0129     0.0131     0.3877         0.3882
    158   3.17   426.30     378.93  0.9865     0.9867  0.0135     0.0133     0.3896         0.3915
    159   3.17   425.74     381.24  0.9870     0.9866  0.0130     0.0134     0.3901         0.3904
    160   3.17   425.00     380.76  0.9870     0.9870  0.0130     0.0130     0.3996         0.3997
    161   3.17   424.28     382.64  0.9868     0.9868  0.0132     0.0132     0.3953         0.3945
    162   3.17   423.31     383.46  0.9865     0.9866  0.0135     0.0134     0.3995         0.4008
    163   3.17   422.18     383.12  0.9868     0.9867  0.0132     0.0133     0.3953         0.3950
    164   3.17   420.90     384.08  0.9864     0.9866  0.0136     0.0134     0.4070         0.4065
    165   3.17   419.47     384.27  0.9867     0.9866  0.0133     0.0134     0.3973         0.3999
    166   3.17   417.80     383.67  0.9867     0.9865  0.0133     0.0135     0.3972         0.3972
    167   3.17   415.91     383.38  0.9868     0.9866  0.0132     0.0134     0.4014         0.4023
    168   3.17   413.68     382.39  0.9865     0.9865  0.0135     0.0135     0.4007         0.4017
    169   3.17   411.95     381.53  0.9865     0.9866  0.0135     0.0134     0.4009         0.4018
    170   3.17   409.18     380.18  0.9866     0.9866  0.0134     0.0134     0.4022         0.4027
    171   3.17   406.53     378.46  0.9864     0.9864  0.0136     0.0136     0.3975         0.3978
    172   3.17   406.38     375.41  0.9870     0.9869  0.0130     0.0131     0.3912         0.3919
    173   3.17   402.20     374.27  0.9861     0.9862  0.0139     0.0138     0.3923         0.3931
    174   3.17   397.33     373.27  0.9862     0.9862  0.0138     0.0138     0.3871         0.3878
    175   3.17   391.96     370.06  0.9869     0.9868  0.0131     0.0132     0.3853         0.3874
    176   3.17   385.61     367.19  0.9868     0.9865  0.0132     0.0135     0.3898         0.3905
    177   3.18   378.48     363.07  0.9867     0.9868  0.0133     0.0132     0.3872         0.3873
    178   3.17   370.00     359.37  0.9862     0.9864  0.0138     0.0136     0.3931         0.3957
    179   3.18   362.23     354.79  0.9872     0.9873  0.0128     0.0127     0.3930         0.3951
    180   3.18   353.08     350.16  0.9863     0.9862  0.0137     0.0138     0.4031         0.4059
    181   3.17   347.77     344.53  0.9866     0.9865  0.0134     0.0135     0.3886         0.3906
    182   3.18   337.94     340.92  0.9862     0.9861  0.0138     0.0139     0.4104         0.4130
    183   3.16   332.53     348.57  0.9862     0.9862  0.0138     0.0138     0.3986         0.4005
    184   3.17   333.60     343.94  0.9867     0.9869  0.0133     0.0131     0.4188         0.4226
    185   3.17   331.05     339.48  0.9874     0.9872  0.0126     0.0128     0.4168         0.4182
    186   3.17   328.15     335.61  0.9874     0.9873  0.0126     0.0127     0.4099         0.4123
    187   3.17   322.14     330.40  0.9869     0.9870  0.0131     0.0130     0.4153         0.4188
    188   3.17   316.06     326.80  0.9871     0.9872  0.0129     0.0128     0.4127         0.4153
    189   3.17   309.67     323.02  0.9868     0.9868  0.0132     0.0132     0.4143         0.4186
    190   3.18   303.57     317.55  0.9872     0.9873  0.0128     0.0127     0.4183         0.4217
    191   3.17   297.15     314.94  0.9870     0.9868  0.0130     0.0132     0.4154         0.4180
    192   3.18   291.40     310.17  0.9871     0.9869  0.0129     0.0131     0.4109         0.4167
    193   3.18   285.36     305.92  0.9867     0.9867  0.0133     0.0133     0.4241         0.4282
    194   3.18   277.98     301.38  0.9871     0.9873  0.0129     0.0127     0.4266         0.4326
    195   3.17   278.72     297.27  0.9869     0.9871  0.0131     0.0129     0.4136         0.4182
    196   3.18   281.21     294.50  0.9875     0.9877  0.0125     0.0123     0.4122         0.4152
    197   3.18   278.24     294.55  0.9876     0.9876  0.0124     0.0124     0.4171         0.4213
    198   3.18   275.39     293.82  0.9873     0.9872  0.0127     0.0128     0.4200         0.4245
    199   3.18   273.94     292.66  0.9867     0.9865  0.0133     0.0135     0.4147         0.4210
    200   3.18   272.56     291.60  0.9867     0.9866  0.0133     0.0134     0.4181         0.4226
The log/output/model have been saved to: ./logs/train.py-multi_zetas{'num_epochs': 200, 'use_stoch': [False, True, True], 'betas': [1e-09, 1e-09, 1e-09]}-pku-04-03-14:29 + .csv/.out/.cpt
