  epoch    IZY    IXZ_1    IZ_1Z_2     acc    avg_acc     err    avg_err    adv_acc    avg_adv_acc
-------  -----  -------  ---------  ------  ---------  ------  ---------  ---------  -------------
      1   3.10  1326.27     670.44  0.9495     0.9491  0.0505     0.0509     0.0242         0.0242
      2   3.17  1314.98     683.55  0.9664     0.9664  0.0336     0.0336     0.0166         0.0166
      3   3.17  1294.40     688.37  0.9652     0.9650  0.0348     0.0350     0.0223         0.0223
      4   3.17  1288.08     696.51  0.9675     0.9675  0.0325     0.0325     0.0213         0.0215
      5   3.17  1288.78     713.50  0.9658     0.9657  0.0342     0.0343     0.0257         0.0256
      6   3.22  1285.73     732.60  0.9779     0.9780  0.0221     0.0220     0.0311         0.0312
      7   3.14  1281.48     749.86  0.9664     0.9665  0.0336     0.0335     0.0472         0.0472
      8   3.18  1266.37     720.22  0.9721     0.9721  0.0279     0.0279     0.0443         0.0444
      9   3.20  1281.87     745.78  0.9788     0.9787  0.0212     0.0213     0.0642         0.0640
     10   3.21  1269.15     751.96  0.9774     0.9774  0.0226     0.0226     0.0756         0.0758
     11   3.22  1258.23     741.35  0.9807     0.9807  0.0193     0.0193     0.0772         0.0773
     12   3.23  1263.17     743.19  0.9815     0.9817  0.0185     0.0183     0.0833         0.0830
     13   3.22  1260.87     758.03  0.9816     0.9815  0.0184     0.0185     0.1167         0.1163
     14   3.22  1262.07     760.17  0.9830     0.9830  0.0170     0.0170     0.1071         0.1068
     15   3.21  1258.98     748.70  0.9798     0.9799  0.0202     0.0201     0.0923         0.0924
     16   3.22  1246.79     732.72  0.9820     0.9820  0.0180     0.0180     0.0932         0.0933
     17   3.18  1266.60     795.13  0.9801     0.9800  0.0199     0.0200     0.1543         0.1539
     18   3.16  1254.83     748.85  0.9733     0.9733  0.0267     0.0267     0.1643         0.1643
     19   3.20  1269.04     780.92  0.9811     0.9809  0.0189     0.0191     0.2000         0.2005
     20   3.21  1265.40     777.77  0.9815     0.9812  0.0185     0.0188     0.1884         0.1882
     21   3.19  1266.74     789.02  0.9788     0.9790  0.0212     0.0210     0.1859         0.1864
     22   3.19  1263.99     782.92  0.9780     0.9780  0.0220     0.0220     0.1512         0.1513
     23   3.20  1277.50     809.62  0.9833     0.9833  0.0167     0.0167     0.2039         0.2042
     24   3.21  1260.42     765.46  0.9818     0.9819  0.0182     0.0181     0.1812         0.1814
     25   3.21  1266.67     777.92  0.9828     0.9828  0.0172     0.0172     0.2118         0.2121
     26   3.18  1271.99     790.66  0.9799     0.9801  0.0201     0.0199     0.2248         0.2253
     27   3.19  1270.59     796.48  0.9813     0.9812  0.0187     0.0188     0.1968         0.1968
     28   3.19  1261.12     755.03  0.9795     0.9794  0.0205     0.0206     0.1654         0.1653
     29   3.18  1271.38     791.62  0.9805     0.9805  0.0195     0.0195     0.2134         0.2135
     30   3.15  1279.88     819.86  0.9799     0.9799  0.0201     0.0201     0.2232         0.2239
     31   3.22  1265.28     777.93  0.9839     0.9839  0.0161     0.0161     0.2145         0.2147
     32   3.21  1290.38     842.02  0.9859     0.9861  0.0141     0.0139     0.2489         0.2495
     33   3.21  1298.94     881.66  0.9868     0.9868  0.0132     0.0132     0.2276         0.2276
     34   3.21  1307.83     909.63  0.9875     0.9875  0.0125     0.0125     0.2544         0.2549
     35   3.21  1312.81     928.32  0.9874     0.9873  0.0126     0.0127     0.2603         0.2605
     36   3.20  1317.73     947.28  0.9874     0.9875  0.0126     0.0125     0.2633         0.2632
     37   3.20  1321.86     964.74  0.9873     0.9873  0.0127     0.0127     0.2623         0.2627
     38   3.20  1325.67     982.20  0.9874     0.9876  0.0126     0.0124     0.2642         0.2634
     39   3.19  1328.45     997.99  0.9875     0.9875  0.0125     0.0125     0.2618         0.2617
     40   3.19  1330.69    1013.63  0.9875     0.9876  0.0125     0.0124     0.2670         0.2671
     41   3.19  1331.92    1027.98  0.9875     0.9876  0.0125     0.0124     0.2654         0.2651
     42   3.18  1331.86    1040.81  0.9876     0.9876  0.0124     0.0124     0.2637         0.2629
     43   3.18  1330.10    1050.61  0.9875     0.9876  0.0125     0.0124     0.2677         0.2676
     44   3.18  1326.11    1056.93  0.9875     0.9876  0.0125     0.0124     0.2616         0.2626
     45   3.18  1319.70    1059.43  0.9874     0.9875  0.0126     0.0125     0.2607         0.2608
     46   3.17  1310.39    1056.47  0.9875     0.9875  0.0125     0.0125     0.2604         0.2608
     47   3.17  1297.75    1046.87  0.9875     0.9874  0.0125     0.0126     0.2561         0.2561
     48   3.17  1281.02    1029.32  0.9875     0.9875  0.0125     0.0125     0.2589         0.2585
     49   3.17  1260.45    1002.90  0.9874     0.9874  0.0126     0.0126     0.2567         0.2569
     50   3.17  1235.46     966.75  0.9875     0.9874  0.0125     0.0126     0.2628         0.2631
     51   3.17  1207.10     923.35  0.9875     0.9874  0.0125     0.0126     0.2617         0.2618
     52   3.17  1174.79     871.68  0.9875     0.9875  0.0125     0.0125     0.2660         0.2655
     53   3.17  1139.83     815.97  0.9875     0.9874  0.0125     0.0126     0.2686         0.2683
     54   3.17  1102.12     760.08  0.9874     0.9873  0.0126     0.0127     0.2784         0.2774
     55   3.17  1062.99     706.47  0.9872     0.9872  0.0128     0.0128     0.2858         0.2855
     56   3.17  1021.80     656.03  0.9872     0.9874  0.0128     0.0126     0.3046         0.3032
     57   3.17   979.98     612.39  0.9870     0.9873  0.0130     0.0127     0.3039         0.3046
     58   3.17   935.77     566.81  0.9872     0.9873  0.0128     0.0127     0.3199         0.3199
     59   3.17   890.16     526.28  0.9873     0.9873  0.0127     0.0127     0.3219         0.3213
     60   3.17   839.07     492.26  0.9871     0.9874  0.0129     0.0126     0.3191         0.3203
     61   3.20   893.13     400.71  0.9822     0.9824  0.0178     0.0176     0.1623         0.1622
     62   3.22   878.90     399.36  0.9855     0.9856  0.0145     0.0144     0.1909         0.1907
     63   3.21   875.41     402.52  0.9866     0.9865  0.0134     0.0135     0.1835         0.1838
     64   3.20   889.46     406.54  0.9835     0.9835  0.0165     0.0165     0.1572         0.1572
     65   3.21   890.05     405.90  0.9842     0.9840  0.0158     0.0160     0.1854         0.1869
     66   3.21   883.66     409.65  0.9846     0.9846  0.0154     0.0154     0.1624         0.1630
     67   3.20   880.70     413.20  0.9841     0.9842  0.0159     0.0158     0.1723         0.1737
     68   3.20   874.35     423.32  0.9849     0.9848  0.0151     0.0152     0.1892         0.1889
     69   3.21   886.95     422.14  0.9859     0.9859  0.0141     0.0141     0.1845         0.1846
     70   3.20   889.45     422.97  0.9847     0.9848  0.0153     0.0152     0.1965         0.1958
     71   3.19   895.09     424.45  0.9826     0.9829  0.0174     0.0171     0.2328         0.2329
     72   3.20   894.42     424.88  0.9856     0.9857  0.0144     0.0143     0.2591         0.2590
     73   3.21   887.85     428.16  0.9861     0.9861  0.0139     0.0139     0.2610         0.2601
     74   3.20   884.37     433.27  0.9861     0.9861  0.0139     0.0139     0.2667         0.2660
     75   3.20   881.14     438.39  0.9863     0.9863  0.0137     0.0137     0.2676         0.2682
     76   3.20   877.85     444.23  0.9861     0.9861  0.0139     0.0139     0.2734         0.2741
     77   3.19   874.47     450.64  0.9861     0.9861  0.0139     0.0139     0.2760         0.2766
     78   3.19   870.92     457.77  0.9862     0.9861  0.0138     0.0139     0.2795         0.2795
     79   3.19   867.41     465.53  0.9860     0.9863  0.0140     0.0137     0.2820         0.2831
     80   3.18   863.58     474.17  0.9865     0.9862  0.0135     0.0138     0.2922         0.2921
     81   3.18   859.58     483.87  0.9862     0.9865  0.0138     0.0135     0.3002         0.2996
     82   3.18   854.88     494.64  0.9865     0.9866  0.0135     0.0134     0.3036         0.3037
     83   3.17   849.62     506.20  0.9864     0.9865  0.0136     0.0135     0.3046         0.3050
     84   3.17   843.82     519.73  0.9862     0.9864  0.0138     0.0136     0.3134         0.3136
     85   3.17   837.39     532.25  0.9866     0.9865  0.0134     0.0135     0.3212         0.3232
     86   3.16   830.22     544.09  0.9867     0.9866  0.0133     0.0134     0.3283         0.3292
     87   3.16   822.51     553.66  0.9866     0.9866  0.0134     0.0134     0.3320         0.3328
     88   3.16   813.37     561.11  0.9865     0.9867  0.0135     0.0133     0.3355         0.3362
     89   3.16   803.22     564.89  0.9868     0.9868  0.0132     0.0132     0.3338         0.3361
     90   3.16   791.20     565.69  0.9867     0.9868  0.0133     0.0132     0.3374         0.3376
     91   3.16   777.70     562.82  0.9863     0.9864  0.0137     0.0136     0.3316         0.3304
     92   3.16   762.10     557.03  0.9864     0.9866  0.0136     0.0134     0.3371         0.3384
     93   3.16   744.25     548.76  0.9866     0.9866  0.0134     0.0134     0.3315         0.3318
     94   3.16   723.61     538.26  0.9869     0.9867  0.0131     0.0133     0.3374         0.3383
     95   3.16   700.72     525.16  0.9867     0.9868  0.0133     0.0132     0.3301         0.3319
     96   3.16   673.55     509.22  0.9868     0.9867  0.0132     0.0133     0.3187         0.3209
     97   3.16   642.70     494.43  0.9865     0.9866  0.0135     0.0134     0.3188         0.3187
     98   3.16   605.68     477.51  0.9864     0.9865  0.0136     0.0135     0.3215         0.3208
     99   3.16   564.75     461.89  0.9865     0.9866  0.0135     0.0134     0.3324         0.3314
    100   3.16   513.90     442.21  0.9863     0.9865  0.0137     0.0135     0.3237         0.3236
    101   3.17   582.49     377.94  0.9832     0.9833  0.0168     0.0167     0.2286         0.2303
    102   3.18   586.93     377.03  0.9851     0.9852  0.0149     0.0148     0.2310         0.2304
    103   3.18   581.51     379.29  0.9858     0.9862  0.0142     0.0138     0.2484         0.2494
    104   3.18   579.09     381.39  0.9861     0.9863  0.0139     0.0137     0.2499         0.2507
    105   3.18   577.06     383.65  0.9863     0.9863  0.0137     0.0137     0.2491         0.2492
    106   3.18   574.63     385.97  0.9864     0.9864  0.0136     0.0136     0.2508         0.2517
    107   3.18   572.30     388.89  0.9860     0.9861  0.0140     0.0139     0.2565         0.2583
    108   3.18   569.54     391.61  0.9865     0.9866  0.0135     0.0134     0.2590         0.2601
    109   3.18   566.34     395.39  0.9861     0.9862  0.0139     0.0138     0.2656         0.2662
    110   3.17   562.80     399.89  0.9862     0.9863  0.0138     0.0137     0.2737         0.2743
    111   3.17   559.24     404.71  0.9861     0.9861  0.0139     0.0139     0.2788         0.2790
    112   3.17   555.78     409.58  0.9863     0.9861  0.0137     0.0139     0.2884         0.2890
    113   3.17   552.05     414.87  0.9862     0.9860  0.0138     0.0140     0.3004         0.2999
    114   3.16   548.46     420.69  0.9859     0.9860  0.0141     0.0140     0.3031         0.3030
    115   3.16   544.54     427.98  0.9863     0.9861  0.0137     0.0139     0.3025         0.3036
    116   3.16   540.45     433.69  0.9861     0.9861  0.0139     0.0139     0.3149         0.3161
    117   3.16   536.41     440.04  0.9860     0.9862  0.0140     0.0138     0.3282         0.3289
    118   3.16   533.30     446.89  0.9862     0.9861  0.0138     0.0139     0.3219         0.3219
    119   3.16   529.10     451.83  0.9865     0.9864  0.0135     0.0136     0.3294         0.3311
    120   3.16   524.80     455.76  0.9860     0.9862  0.0140     0.0138     0.3345         0.3366
    121   3.15   519.65     459.52  0.9861     0.9863  0.0139     0.0137     0.3351         0.3370
    122   3.15   513.97     459.89  0.9862     0.9862  0.0138     0.0138     0.3425         0.3437
    123   3.16   507.63     459.63  0.9863     0.9866  0.0137     0.0134     0.3457         0.3461
    124   3.16   500.33     457.99  0.9868     0.9868  0.0132     0.0132     0.3436         0.3471
    125   3.15   491.92     452.49  0.9868     0.9868  0.0132     0.0132     0.3376         0.3385
    126   3.15   481.77     446.37  0.9867     0.9870  0.0133     0.0130     0.3388         0.3378
    127   3.15   469.64     439.95  0.9869     0.9869  0.0131     0.0131     0.3408         0.3414
    128   3.16   455.96     429.24  0.9870     0.9870  0.0130     0.0130     0.3395         0.3407
    129   3.16   441.49     420.77  0.9868     0.9869  0.0132     0.0131     0.3391         0.3416
    130   3.16   422.60     414.28  0.9866     0.9869  0.0134     0.0131     0.3518         0.3540
    131   3.13   473.67     390.29  0.9832     0.9832  0.0168     0.0168     0.2847         0.2846
    132   3.18   477.59     388.34  0.9865     0.9865  0.0135     0.0135     0.2971         0.2984
    133   3.18   477.99     388.71  0.9865     0.9868  0.0135     0.0132     0.2850         0.2871
    134   3.18   477.59     389.32  0.9870     0.9872  0.0130     0.0128     0.2933         0.2955
    135   3.18   477.04     391.56  0.9870     0.9870  0.0130     0.0130     0.2970         0.2983
    136   3.18   476.35     391.90  0.9873     0.9869  0.0127     0.0131     0.3008         0.3019
    137   3.18   475.12     394.30  0.9868     0.9868  0.0132     0.0132     0.3010         0.3018
    138   3.18   473.73     395.70  0.9866     0.9864  0.0134     0.0136     0.3062         0.3055
    139   3.18   472.43     398.17  0.9867     0.9865  0.0133     0.0135     0.3156         0.3149
    140   3.18   471.26     400.11  0.9864     0.9864  0.0136     0.0136     0.3202         0.3207
    141   3.18   469.70     402.57  0.9871     0.9870  0.0129     0.0130     0.3202         0.3206
    142   3.18   468.45     405.39  0.9868     0.9870  0.0132     0.0130     0.3243         0.3265
    143   3.18   466.92     407.22  0.9867     0.9867  0.0133     0.0133     0.3229         0.3243
    144   3.18   465.28     410.52  0.9869     0.9870  0.0131     0.0130     0.3264         0.3268
    145   3.18   463.58     413.56  0.9869     0.9872  0.0131     0.0128     0.3343         0.3363
    146   3.17   461.71     417.93  0.9869     0.9872  0.0131     0.0128     0.3348         0.3360
    147   3.17   459.79     421.33  0.9870     0.9870  0.0130     0.0130     0.3368         0.3375
    148   3.17   458.39     423.50  0.9869     0.9869  0.0131     0.0131     0.3466         0.3482
    149   3.17   455.89     426.48  0.9870     0.9870  0.0130     0.0130     0.3441         0.3447
    150   3.17   453.20     429.31  0.9868     0.9866  0.0132     0.0134     0.3574         0.3586
    151   3.17   450.29     430.13  0.9868     0.9870  0.0132     0.0130     0.3566         0.3559
    152   3.17   446.80     431.15  0.9872     0.9873  0.0128     0.0127     0.3637         0.3664
    153   3.16   443.17     432.19  0.9870     0.9870  0.0130     0.0130     0.3631         0.3654
    154   3.17   438.95     430.15  0.9872     0.9872  0.0128     0.0128     0.3581         0.3573
    155   3.17   433.65     425.95  0.9869     0.9868  0.0131     0.0132     0.3629         0.3632
    156   3.16   427.23     420.45  0.9868     0.9870  0.0132     0.0130     0.3555         0.3568
    157   3.17   419.98     414.46  0.9874     0.9873  0.0126     0.0127     0.3591         0.3613
    158   3.17   410.91     407.80  0.9877     0.9877  0.0123     0.0123     0.3581         0.3599
    159   3.17   401.04     400.16  0.9870     0.9871  0.0130     0.0129     0.3611         0.3641
    160   3.17   389.66     392.10  0.9871     0.9868  0.0129     0.0132     0.3598         0.3628
    161   3.17   377.10     382.63  0.9870     0.9874  0.0130     0.0126     0.3588         0.3605
    162   3.17   364.50     374.23  0.9871     0.9872  0.0129     0.0128     0.3732         0.3766
    163   3.17   349.70     365.43  0.9871     0.9875  0.0129     0.0125     0.3698         0.3716
    164   3.17   337.13     355.77  0.9874     0.9875  0.0126     0.0125     0.3777         0.3823
    165   3.15   355.20     361.35  0.9869     0.9870  0.0131     0.0130     0.3983         0.3988
    166   3.16   355.93     363.02  0.9870     0.9869  0.0130     0.0131     0.3902         0.3948
    167   3.16   356.05     366.27  0.9869     0.9869  0.0131     0.0131     0.4115         0.4118
    168   3.17   356.77     363.43  0.9873     0.9873  0.0127     0.0127     0.3939         0.3969
    169   3.16   356.13     363.18  0.9871     0.9872  0.0129     0.0128     0.3972         0.4023
    170   3.16   355.35     362.59  0.9866     0.9867  0.0134     0.0133     0.3963         0.3998
    171   3.16   354.39     362.21  0.9872     0.9873  0.0128     0.0127     0.4004         0.4024
    172   3.16   353.55     361.18  0.9868     0.9869  0.0132     0.0131     0.3917         0.3938
    173   3.17   352.48     359.14  0.9870     0.9870  0.0130     0.0130     0.3914         0.3942
    174   3.16   351.04     357.70  0.9870     0.9868  0.0130     0.0132     0.3883         0.3904
    175   3.17   349.46     356.50  0.9869     0.9868  0.0131     0.0132     0.3890         0.3919
    176   3.17   347.82     355.34  0.9869     0.9866  0.0131     0.0134     0.3888         0.3925
    177   3.17   345.63     352.96  0.9869     0.9872  0.0131     0.0128     0.3797         0.3848
    178   3.16   343.39     351.30  0.9871     0.9872  0.0129     0.0128     0.3829         0.3850
    179   3.17   340.87     349.05  0.9872     0.9873  0.0128     0.0127     0.3799         0.3815
    180   3.17   342.88     345.92  0.9865     0.9868  0.0135     0.0132     0.3861         0.3915
    181   3.17   340.38     343.87  0.9868     0.9871  0.0132     0.0129     0.3876         0.3892
    182   3.17   337.09     342.63  0.9870     0.9870  0.0130     0.0130     0.3850         0.3905
    183   3.17   334.78     341.06  0.9872     0.9871  0.0128     0.0129     0.3840         0.3854
    184   3.17   333.65     338.25  0.9872     0.9873  0.0128     0.0127     0.3820         0.3824
    185   3.17   329.53     337.70  0.9873     0.9872  0.0127     0.0128     0.3864         0.3865
    186   3.17   325.48     335.42  0.9873     0.9875  0.0127     0.0125     0.3909         0.3945
    187   3.17   320.55     332.45  0.9871     0.9871  0.0129     0.0129     0.3905         0.3929
    188   3.17   315.55     330.84  0.9872     0.9871  0.0128     0.0129     0.3949         0.3980
    189   3.17   310.08     327.35  0.9874     0.9873  0.0126     0.0127     0.4063         0.4102
    190   3.17   304.50     323.41  0.9873     0.9873  0.0127     0.0127     0.4020         0.4057
    191   3.16   305.11     323.47  0.9867     0.9870  0.0133     0.0130     0.4072         0.4116
    192   3.16   302.19     323.01  0.9870     0.9869  0.0130     0.0131     0.4028         0.4087
    193   3.16   298.78     319.08  0.9872     0.9872  0.0128     0.0128     0.4022         0.4066
    194   3.16   299.11     315.93  0.9867     0.9868  0.0133     0.0132     0.3918         0.3970
    195   3.17   296.28     314.07  0.9869     0.9870  0.0131     0.0130     0.4044         0.4084
    196   3.17   292.55     312.39  0.9872     0.9870  0.0128     0.0130     0.4038         0.4104
    197   3.17   288.66     310.05  0.9873     0.9871  0.0127     0.0129     0.4055         0.4089
    198   3.16   284.09     308.89  0.9868     0.9868  0.0132     0.0132     0.4061         0.4134
    199   3.16   281.91     305.05  0.9867     0.9865  0.0133     0.0135     0.4134         0.4188
    200   3.16   277.17     302.24  0.9868     0.9869  0.0132     0.0131     0.4113         0.4169
    201   3.17   276.56     299.78  0.9874     0.9871  0.0126     0.0129     0.4086         0.4164
    202   3.17   273.30     297.13  0.9872     0.9871  0.0128     0.0129     0.4084         0.4158
    203   3.17   268.82     295.44  0.9873     0.9873  0.0127     0.0127     0.4093         0.4161
    204   3.17   263.93     293.46  0.9868     0.9870  0.0132     0.0130     0.4111         0.4202
    205   3.17   261.05     290.87  0.9867     0.9865  0.0133     0.0135     0.4171         0.4214
    206   3.16   260.22     288.67  0.9875     0.9873  0.0125     0.0127     0.4182         0.4279
    207   3.17   257.09     286.22  0.9869     0.9869  0.0131     0.0131     0.4250         0.4320
    208   3.17   252.56     283.19  0.9875     0.9875  0.0125     0.0125     0.4229         0.4293
    209   3.17   250.23     280.60  0.9869     0.9869  0.0131     0.0131     0.4234         0.4303
    210   3.17   249.30     280.56  0.9874     0.9875  0.0126     0.0125     0.4308         0.4380
    211   3.17   246.26     277.20  0.9874     0.9876  0.0126     0.0124     0.4275         0.4362
    212   3.17   242.57     274.69  0.9870     0.9871  0.0130     0.0129     0.4271         0.4387
    213   3.17   239.38     273.99  0.9871     0.9872  0.0129     0.0128     0.4362         0.4450
    214   3.17   246.73     270.00  0.9874     0.9872  0.0126     0.0128     0.4136         0.4240
    215   3.17   238.88     270.62  0.9876     0.9875  0.0124     0.0125     0.4297         0.4332
    216   3.17   234.67     269.31  0.9873     0.9872  0.0127     0.0128     0.4375         0.4480
    217   3.17   231.81     266.80  0.9870     0.9874  0.0130     0.0126     0.4280         0.4383
    218   3.17   229.06     265.14  0.9874     0.9874  0.0126     0.0126     0.4404         0.4523
    219   3.17   230.54     264.36  0.9872     0.9875  0.0128     0.0125     0.4376         0.4457
    220   3.17   228.72     261.82  0.9871     0.9875  0.0129     0.0125     0.4407         0.4512
    221   3.17   227.43     259.08  0.9872     0.9874  0.0128     0.0126     0.4383         0.4440
    222   3.18   223.72     258.16  0.9873     0.9873  0.0127     0.0127     0.4384         0.4485
    223   3.18   222.93     257.53  0.9870     0.9872  0.0130     0.0128     0.4356         0.4493
    224   3.17   222.86     256.84  0.9872     0.9871  0.0128     0.0129     0.4413         0.4539
    225   3.17   221.76     254.21  0.9877     0.9876  0.0123     0.0124     0.4357         0.4463
    226   3.18   225.87     250.84  0.9873     0.9876  0.0127     0.0124     0.4279         0.4366
    227   3.18   220.72     251.78  0.9877     0.9877  0.0123     0.0123     0.4399         0.4508
    228   3.18   220.92     250.89  0.9867     0.9868  0.0133     0.0132     0.4367         0.4501
    229   3.18   222.64     249.05  0.9866     0.9868  0.0134     0.0132     0.4235         0.4331
    230   3.18   218.51     249.94  0.9874     0.9874  0.0126     0.0126     0.4332         0.4443
    231   3.18   215.75     249.28  0.9879     0.9879  0.0121     0.0121     0.4420         0.4521
    232   3.18   215.24     248.43  0.9876     0.9877  0.0124     0.0123     0.4460         0.4589
    233   3.18   214.32     246.65  0.9872     0.9870  0.0128     0.0130     0.4394         0.4542
    234   3.17   215.16     246.24  0.9870     0.9870  0.0130     0.0130     0.4488         0.4636
    235   3.17   212.60     245.83  0.9876     0.9875  0.0124     0.0125     0.4594         0.4751
    236   3.17   209.83     245.65  0.9871     0.9870  0.0129     0.0130     0.4541         0.4663
    237   3.17   211.51     242.80  0.9875     0.9875  0.0125     0.0125     0.4587         0.4727
    238   3.18   212.73     241.43  0.9873     0.9875  0.0127     0.0125     0.4396         0.4529
    239   3.18   208.70     242.71  0.9872     0.9872  0.0128     0.0128     0.4581         0.4709
    240   3.17   207.23     242.17  0.9872     0.9870  0.0128     0.0130     0.4499         0.4678
    241   3.17   206.03     241.26  0.9869     0.9868  0.0131     0.0132     0.4640         0.4759
    242   3.18   206.04     239.55  0.9875     0.9871  0.0125     0.0129     0.4578         0.4705
    243   3.18   204.44     240.00  0.9875     0.9878  0.0125     0.0122     0.4641         0.4821
    244   3.18   201.68     239.37  0.9877     0.9878  0.0123     0.0122     0.4707         0.4843
    245   3.18   201.32     238.58  0.9875     0.9873  0.0125     0.0127     0.4658         0.4842
    246   3.18   199.49     237.23  0.9869     0.9872  0.0131     0.0128     0.4610         0.4826
    247   3.18   204.09     235.40  0.9877     0.9874  0.0123     0.0126     0.4456         0.4566
    248   3.18   200.09     236.17  0.9871     0.9871  0.0129     0.0129     0.4591         0.4736
    249   3.18   199.25     234.61  0.9876     0.9874  0.0124     0.0126     0.4571         0.4753
    250   3.18   198.32     234.59  0.9872     0.9873  0.0128     0.0127     0.4571         0.4735
    251   3.18   197.31     233.55  0.9874     0.9876  0.0126     0.0124     0.4685         0.4798
    252   3.18   195.14     233.16  0.9881     0.9879  0.0119     0.0121     0.4672         0.4861
    253   3.18   193.47     231.94  0.9880     0.9879  0.0120     0.0121     0.4679         0.4871
    254   3.18   191.80     232.28  0.9876     0.9875  0.0124     0.0125     0.4694         0.4888
    255   3.18   197.49     229.96  0.9871     0.9872  0.0129     0.0128     0.4558         0.4708
    256   3.17   195.75     230.35  0.9874     0.9872  0.0126     0.0128     0.4702         0.4853
    257   3.18   195.00     230.04  0.9874     0.9873  0.0126     0.0127     0.4654         0.4833
    258   3.18   194.90     229.18  0.9881     0.9880  0.0119     0.0120     0.4587         0.4772
    259   3.18   196.14     227.59  0.9877     0.9872  0.0123     0.0128     0.4479         0.4641
    260   3.18   192.99     228.16  0.9871     0.9870  0.0129     0.0130     0.4554         0.4735
    261   3.17   190.77     228.11  0.9868     0.9874  0.0132     0.0126     0.4647         0.4821
    262   3.18   191.37     226.78  0.9875     0.9874  0.0125     0.0126     0.4476         0.4652
    263   3.19   188.49     227.18  0.9883     0.9876  0.0117     0.0124     0.4677         0.4850
    264   3.18   187.95     226.07  0.9875     0.9877  0.0125     0.0123     0.4620         0.4777
    265   3.18   187.63     226.02  0.9876     0.9875  0.0124     0.0125     0.4655         0.4810
    266   3.18   189.17     224.88  0.9874     0.9875  0.0126     0.0125     0.4623         0.4770
    267   3.18   186.70     225.16  0.9873     0.9874  0.0127     0.0126     0.4654         0.4836
    268   3.18   186.29     224.50  0.9871     0.9876  0.0129     0.0124     0.4657         0.4824
    269   3.18   186.73     223.82  0.9877     0.9874  0.0123     0.0126     0.4639         0.4863
    270   3.18   187.87     223.29  0.9869     0.9868  0.0131     0.0132     0.4586         0.4789
    271   3.18   186.13     223.09  0.9874     0.9873  0.0126     0.0127     0.4573         0.4786
    272   3.18   187.20     222.53  0.9872     0.9873  0.0128     0.0127     0.4504         0.4688
    273   3.18   184.06     223.22  0.9870     0.9869  0.0130     0.0131     0.4708         0.4874
    274   3.18   182.94     222.53  0.9875     0.9873  0.0125     0.0127     0.4652         0.4850
    275   3.18   181.82     221.85  0.9875     0.9874  0.0125     0.0126     0.4679         0.4902
    276   3.18   184.23     221.06  0.9873     0.9873  0.0127     0.0127     0.4639         0.4821
    277   3.18   182.99     220.63  0.9876     0.9878  0.0124     0.0122     0.4650         0.4861
    278   3.18   181.32     221.03  0.9877     0.9879  0.0123     0.0121     0.4587         0.4790
    279   3.18   181.09     220.03  0.9873     0.9877  0.0127     0.0123     0.4670         0.4921
    280   3.18   178.96     219.81  0.9875     0.9873  0.0125     0.0127     0.4708         0.4953
    281   3.18   180.70     218.24  0.9876     0.9872  0.0124     0.0128     0.4718         0.4887
    282   3.19   179.72     218.90  0.9872     0.9876  0.0128     0.0124     0.4577         0.4826
    283   3.18   179.33     218.92  0.9874     0.9872  0.0126     0.0128     0.4700         0.4867
    284   3.18   180.33     217.57  0.9876     0.9878  0.0124     0.0122     0.4620         0.4810
    285   3.18   178.53     218.25  0.9880     0.9881  0.0120     0.0119     0.4656         0.4862
    286   3.18   177.40     218.05  0.9874     0.9878  0.0126     0.0122     0.4660         0.4904
    287   3.18   176.96     217.50  0.9875     0.9875  0.0125     0.0125     0.4722         0.4969
    288   3.18   183.70     214.73  0.9875     0.9878  0.0125     0.0122     0.4526         0.4720
    289   3.18   180.74     215.02  0.9880     0.9881  0.0120     0.0119     0.4704         0.4912
    290   3.18   181.14     215.00  0.9873     0.9873  0.0127     0.0127     0.4595         0.4818
    291   3.19   180.31     214.89  0.9875     0.9874  0.0125     0.0126     0.4630         0.4838
    292   3.18   179.58     215.15  0.9877     0.9878  0.0123     0.0122     0.4687         0.4913
    293   3.18   178.50     215.30  0.9873     0.9877  0.0127     0.0123     0.4779         0.4967
    294   3.18   177.40     215.16  0.9879     0.9882  0.0121     0.0118     0.4682         0.4909
    295   3.18   176.63     215.15  0.9874     0.9876  0.0126     0.0124     0.4614         0.4888
    296   3.17   175.72     215.45  0.9871     0.9875  0.0129     0.0125     0.4786         0.4980
    297   3.18   177.99     213.42  0.9879     0.9882  0.0121     0.0118     0.4649         0.4874
    298   3.18   176.32     214.35  0.9875     0.9873  0.0125     0.0127     0.4623         0.4841
    299   3.18   175.09     214.43  0.9880     0.9877  0.0120     0.0123     0.4751         0.4968
    300   3.18   175.01     213.93  0.9881     0.9881  0.0119     0.0119     0.4676         0.4919
The log/output/model have been saved to: ./logs/train.py-multi_zetas300_False_True_True_1e-09_1e-09_1e-09-ljk-04-23-11:18 + .csv/.out/.cpt
