  epoch    IZY    IXZ_1     acc    avg_acc     err    avg_err    adv_acc    avg_adv_acc
-------  -----  -------  ------  ---------  ------  ---------  ---------  -------------
      1   3.02    51.77  0.9344     0.9407  0.0656     0.0593     0.0360         0.0369
      2   3.13    40.27  0.9613     0.9642  0.0387     0.0358     0.0311         0.0317
      3   3.14    34.93  0.9633     0.9658  0.0367     0.0342     0.0365         0.0372
      4   3.18    31.37  0.9727     0.9749  0.0273     0.0251     0.0552         0.0572
      5   3.15    28.58  0.9670     0.9692  0.0330     0.0308     0.0840         0.0876
      6   3.18    31.12  0.9752     0.9763  0.0248     0.0237     0.0656         0.0672
      7   3.14    31.14  0.9679     0.9711  0.0321     0.0289     0.0959         0.1005
      8   3.20    24.64  0.9783     0.9811  0.0217     0.0189     0.1527         0.1607
      9   3.18    26.14  0.9755     0.9763  0.0245     0.0237     0.1531         0.1572
     10   3.15    28.60  0.9724     0.9734  0.0276     0.0266     0.1930         0.1982
     11   3.19    25.40  0.9789     0.9799  0.0211     0.0201     0.2021         0.2082
     12   3.18    22.21  0.9773     0.9788  0.0227     0.0212     0.2548         0.2669
     13   3.20    22.38  0.9818     0.9821  0.0182     0.0179     0.3375         0.3505
     14   3.18    23.13  0.9761     0.9779  0.0239     0.0221     0.2668         0.2785
     15   3.18    24.90  0.9756     0.9760  0.0244     0.0240     0.2830         0.2900
     16   3.18    22.17  0.9784     0.9795  0.0216     0.0205     0.3337         0.3458
     17   3.20    19.99  0.9814     0.9820  0.0186     0.0180     0.3966         0.4066
     18   3.16    23.02  0.9753     0.9755  0.0247     0.0245     0.3398         0.3535
     19   3.18    20.37  0.9796     0.9807  0.0204     0.0193     0.3296         0.3383
     20   3.19    19.53  0.9810     0.9809  0.0190     0.0191     0.3613         0.3743
     21   3.18    20.16  0.9779     0.9788  0.0221     0.0212     0.3110         0.3230
     22   3.19    19.70  0.9809     0.9810  0.0191     0.0190     0.3638         0.3768
     23   3.20    18.77  0.9840     0.9834  0.0160     0.0166     0.4131         0.4310
     24   3.08    22.01  0.9699     0.9700  0.0301     0.0300     0.3645         0.3712
     25   3.13    19.78  0.9749     0.9756  0.0251     0.0244     0.3981         0.4084
     26   3.12    20.88  0.9723     0.9733  0.0277     0.0267     0.3772         0.3841
     27   3.19    20.12  0.9821     0.9831  0.0179     0.0169     0.3458         0.3563
     28   3.17    19.51  0.9820     0.9821  0.0180     0.0179     0.3778         0.3909
     29   3.18    19.85  0.9813     0.9818  0.0187     0.0182     0.3222         0.3342
     30   3.17    19.32  0.9792     0.9804  0.0208     0.0196     0.3115         0.3194
     31   3.13    18.65  0.9770     0.9781  0.0230     0.0219     0.3284         0.3389
     32   3.17    18.66  0.9804     0.9817  0.0196     0.0183     0.4195         0.4296
     33   3.19    17.36  0.9830     0.9830  0.0170     0.0170     0.3802         0.3904
     34   3.17    17.94  0.9806     0.9819  0.0194     0.0181     0.3584         0.3770
     35   3.16    17.18  0.9819     0.9822  0.0181     0.0178     0.4253         0.4352
     36   3.08    20.43  0.9723     0.9738  0.0277     0.0262     0.3512         0.3629
     37   3.15    17.67  0.9809     0.9812  0.0191     0.0188     0.3982         0.4100
     38   3.17    16.97  0.9812     0.9815  0.0188     0.0185     0.3684         0.3771
     39   3.18    18.63  0.9838     0.9837  0.0162     0.0163     0.4449         0.4519
     40   3.19    16.13  0.9837     0.9841  0.0163     0.0159     0.4464         0.4567
     41   3.17    16.49  0.9822     0.9822  0.0178     0.0178     0.4272         0.4348
     42   3.18    16.35  0.9836     0.9848  0.0164     0.0152     0.3827         0.3925
     43   3.19    15.88  0.9855     0.9853  0.0145     0.0147     0.4005         0.4081
     44   3.16    16.69  0.9818     0.9824  0.0182     0.0176     0.4077         0.4199
     45   3.17    16.01  0.9830     0.9831  0.0170     0.0169     0.4251         0.4353
     46   3.17    17.26  0.9813     0.9816  0.0187     0.0184     0.3177         0.3232
     47   3.16    15.74  0.9812     0.9814  0.0188     0.0186     0.3874         0.3964
     48   3.19    17.42  0.9846     0.9846  0.0154     0.0154     0.3605         0.3677
     49   3.17    15.47  0.9824     0.9840  0.0176     0.0160     0.4268         0.4327
     50   3.19    14.86  0.9855     0.9859  0.0145     0.0141     0.4791         0.4889
     51   3.19    16.87  0.9845     0.9842  0.0155     0.0158     0.3778         0.3809
     52   3.20    15.47  0.9851     0.9854  0.0149     0.0146     0.3892         0.3980
     53   3.18    15.64  0.9843     0.9848  0.0157     0.0152     0.4230         0.4307
     54   3.10    17.17  0.9743     0.9743  0.0257     0.0257     0.3213         0.3275
     55   3.17    15.94  0.9826     0.9830  0.0174     0.0170     0.4136         0.4220
     56   3.18    15.02  0.9839     0.9848  0.0161     0.0152     0.4559         0.4690
     57   3.18    15.17  0.9848     0.9855  0.0152     0.0145     0.4228         0.4289
     58   3.17    14.85  0.9834     0.9843  0.0166     0.0157     0.4236         0.4348
     59   3.20    14.99  0.9859     0.9862  0.0141     0.0138     0.4834         0.4899
     60   3.20    14.46  0.9858     0.9864  0.0142     0.0136     0.5010         0.5074
     61   3.17    16.38  0.9828     0.9841  0.0172     0.0159     0.3751         0.3831
     62   3.18    20.54  0.9845     0.9852  0.0155     0.0148     0.3980         0.4004
     63   3.18    14.59  0.9840     0.9851  0.0160     0.0149     0.4580         0.4625
     64   3.16    15.27  0.9820     0.9835  0.0180     0.0165     0.3790         0.3881
     65   3.18    15.71  0.9845     0.9848  0.0155     0.0152     0.3915         0.3952
     66   3.17    14.05  0.9838     0.9846  0.0162     0.0154     0.4258         0.4335
     67   3.15    14.93  0.9816     0.9823  0.0184     0.0177     0.3490         0.3497
     68   3.18    16.71  0.9850     0.9847  0.0150     0.0153     0.4771         0.4821
     69   3.17    14.48  0.9843     0.9856  0.0157     0.0144     0.4687         0.4759
     70   3.19    14.65  0.9856     0.9856  0.0144     0.0144     0.4872         0.4940
     71   3.11    14.78  0.9769     0.9780  0.0231     0.0220     0.3498         0.3563
     72   3.16    13.99  0.9833     0.9844  0.0167     0.0156     0.4120         0.4207
     73   3.19    13.89  0.9852     0.9851  0.0148     0.0149     0.4288         0.4350
     74   3.19    13.96  0.9856     0.9859  0.0144     0.0141     0.4085         0.4151
     75   3.18    13.94  0.9852     0.9851  0.0148     0.0149     0.4351         0.4432
     76   3.16    15.18  0.9824     0.9834  0.0176     0.0166     0.3536         0.3570
     77   3.16    13.92  0.9837     0.9848  0.0163     0.0152     0.4247         0.4328
     78   3.18    14.33  0.9845     0.9844  0.0155     0.0156     0.4116         0.4162
     79   3.17    13.73  0.9855     0.9851  0.0145     0.0149     0.4739         0.4787
     80   3.16    14.02  0.9843     0.9839  0.0157     0.0161     0.4358         0.4423
     81   3.15    13.45  0.9832     0.9842  0.0168     0.0158     0.4787         0.4858
     82   3.16    14.47  0.9834     0.9834  0.0166     0.0166     0.4611         0.4678
     83   3.17    13.50  0.9844     0.9853  0.0156     0.0147     0.5134         0.5192
     84   3.18    14.88  0.9857     0.9851  0.0143     0.0149     0.5105         0.5145
     85   3.17    13.80  0.9838     0.9853  0.0162     0.0147     0.4811         0.4874
     86   3.18    14.13  0.9860     0.9861  0.0140     0.0139     0.4602         0.4659
     87   3.19    14.23  0.9857     0.9859  0.0143     0.0141     0.4158         0.4193
     88   3.18    14.60  0.9850     0.9858  0.0150     0.0142     0.3900         0.3930
     89   3.14    15.07  0.9810     0.9823  0.0190     0.0177     0.3536         0.3623
     90   3.16    13.76  0.9845     0.9848  0.0155     0.0152     0.4553         0.4601
     91   3.15    14.17  0.9829     0.9846  0.0171     0.0154     0.4745         0.4811
     92   3.16    15.01  0.9853     0.9852  0.0147     0.0148     0.5236         0.5287
     93   3.17    13.39  0.9845     0.9860  0.0155     0.0140     0.5087         0.5145
     94   3.18    13.98  0.9861     0.9863  0.0139     0.0137     0.5052         0.5088
     95   3.18    13.46  0.9863     0.9870  0.0137     0.0130     0.4937         0.4989
     96   3.18    13.82  0.9855     0.9863  0.0145     0.0137     0.4770         0.4801
     97   3.18    13.57  0.9855     0.9867  0.0145     0.0133     0.4725         0.4733
     98   3.17    13.16  0.9854     0.9855  0.0146     0.0145     0.4858         0.4920
     99   3.14    13.30  0.9824     0.9823  0.0176     0.0177     0.4741         0.4824
    100   3.16    13.49  0.9837     0.9843  0.0163     0.0157     0.5177         0.5230
    101   3.16    13.34  0.9844     0.9861  0.0156     0.0139     0.5296         0.5347
    102   3.17    13.13  0.9850     0.9862  0.0150     0.0138     0.5420         0.5457
    103   3.18    14.12  0.9853     0.9861  0.0147     0.0139     0.5091         0.5110
    104   3.18    13.25  0.9851     0.9862  0.0149     0.0138     0.5118         0.5160
    105   3.18    13.10  0.9848     0.9857  0.0152     0.0143     0.5283         0.5317
    106   3.16    14.18  0.9834     0.9844  0.0166     0.0156     0.4851         0.4892
    107   3.17    13.65  0.9853     0.9856  0.0147     0.0144     0.5327         0.5363
    108   3.16    13.62  0.9849     0.9847  0.0151     0.0153     0.5467         0.5500
    109   3.17    13.79  0.9852     0.9853  0.0148     0.0147     0.5314         0.5362
    110   3.14    13.14  0.9831     0.9847  0.0169     0.0153     0.5417         0.5465
    111   3.16    13.39  0.9837     0.9844  0.0163     0.0156     0.5287         0.5350
    112   3.15    13.07  0.9839     0.9849  0.0161     0.0151     0.5119         0.5149
    113   3.18    13.16  0.9849     0.9852  0.0151     0.0148     0.5414         0.5477
    114   3.16    13.03  0.9849     0.9860  0.0151     0.0140     0.5133         0.5148
    115   3.17    12.92  0.9847     0.9855  0.0153     0.0145     0.4991         0.5016
    116   3.18    12.69  0.9857     0.9854  0.0143     0.0146     0.5102         0.5148
    117   3.13    13.61  0.9823     0.9829  0.0177     0.0171     0.5234         0.5276
    118   3.16    12.91  0.9839     0.9847  0.0161     0.0153     0.4540         0.4579
    119   3.17    13.17  0.9856     0.9856  0.0144     0.0144     0.5129         0.5195
    120   3.17    14.29  0.9845     0.9858  0.0155     0.0142     0.5322         0.5337
    121   3.17    13.41  0.9844     0.9852  0.0156     0.0148     0.4861         0.4907
    122   3.17    12.89  0.9851     0.9852  0.0149     0.0148     0.5340         0.5399
    123   3.16    13.27  0.9851     0.9857  0.0149     0.0143     0.5028         0.5054
    124   3.17    13.58  0.9846     0.9855  0.0154     0.0145     0.4982         0.5021
    125   3.16    14.69  0.9844     0.9848  0.0156     0.0152     0.4856         0.4884
    126   3.17    12.79  0.9847     0.9861  0.0153     0.0139     0.5280         0.5314
    127   3.17    12.82  0.9848     0.9856  0.0152     0.0144     0.5243         0.5309
    128   3.18    12.91  0.9844     0.9849  0.0156     0.0151     0.5094         0.5135
    129   3.18    12.90  0.9858     0.9856  0.0142     0.0144     0.5141         0.5180
    130   3.18    13.39  0.9862     0.9864  0.0138     0.0136     0.5016         0.5047
    131   3.17    12.93  0.9848     0.9858  0.0152     0.0142     0.5070         0.5116
    132   3.17    12.55  0.9857     0.9858  0.0143     0.0142     0.5384         0.5439
    133   3.17    12.72  0.9853     0.9861  0.0147     0.0139     0.5221         0.5252
    134   3.16    12.90  0.9847     0.9855  0.0153     0.0145     0.5925         0.5962
    135   3.14    12.88  0.9844     0.9853  0.0156     0.0147     0.5320         0.5368
    136   3.16    12.72  0.9841     0.9856  0.0159     0.0144     0.5561         0.5613
    137   3.16    12.76  0.9843     0.9852  0.0157     0.0148     0.5662         0.5679
    138   3.17    13.66  0.9849     0.9850  0.0151     0.0150     0.5638         0.5673
    139   3.17    12.65  0.9845     0.9856  0.0155     0.0144     0.5755         0.5770
    140   3.17    12.34  0.9850     0.9865  0.0150     0.0135     0.5879         0.5910
    141   3.17    12.61  0.9852     0.9862  0.0148     0.0138     0.5770         0.5800
    142   3.16    12.61  0.9851     0.9855  0.0149     0.0145     0.5797         0.5872
    143   3.17    12.76  0.9848     0.9856  0.0152     0.0144     0.5691         0.5727
    144   3.16    12.34  0.9839     0.9847  0.0161     0.0153     0.5923         0.5981
    145   3.16    12.76  0.9842     0.9845  0.0158     0.0155     0.5794         0.5845
    146   3.16    12.55  0.9842     0.9844  0.0158     0.0156     0.5631         0.5693
    147   3.16    13.14  0.9840     0.9846  0.0160     0.0154     0.6012         0.6027
    148   3.17    12.61  0.9854     0.9855  0.0146     0.0145     0.5982         0.6037
    149   3.16    13.64  0.9850     0.9857  0.0150     0.0143     0.6034         0.6061
    150   3.17    12.70  0.9841     0.9859  0.0159     0.0141     0.6016         0.6041
    151   3.16    12.91  0.9840     0.9849  0.0160     0.0151     0.6074         0.6095
    152   3.16    12.60  0.9849     0.9855  0.0151     0.0145     0.5918         0.5932
    153   3.16    14.05  0.9842     0.9855  0.0158     0.0145     0.5837         0.5872
    154   3.16    12.79  0.9839     0.9853  0.0161     0.0147     0.5810         0.5840
    155   3.15    12.45  0.9841     0.9855  0.0159     0.0145     0.6133         0.6174
    156   3.17    12.71  0.9849     0.9860  0.0151     0.0140     0.5798         0.5852
    157   3.17    13.49  0.9860     0.9861  0.0140     0.0139     0.5731         0.5731
    158   3.17    12.54  0.9850     0.9859  0.0150     0.0141     0.5869         0.5918
    159   3.17    13.08  0.9851     0.9861  0.0149     0.0139     0.5577         0.5625
    160   3.17    12.97  0.9856     0.9862  0.0144     0.0138     0.5455         0.5454
    161   3.16    12.87  0.9849     0.9856  0.0151     0.0144     0.5421         0.5447
    162   3.16    12.55  0.9849     0.9854  0.0151     0.0146     0.5399         0.5425
    163   3.15    12.77  0.9846     0.9864  0.0154     0.0136     0.5361         0.5407
    164   3.16    12.65  0.9841     0.9859  0.0159     0.0141     0.5284         0.5342
    165   3.16    12.93  0.9859     0.9860  0.0141     0.0140     0.5498         0.5519
    166   3.17    12.93  0.9844     0.9853  0.0156     0.0147     0.5514         0.5534
    167   3.17    12.73  0.9849     0.9848  0.0151     0.0152     0.5505         0.5529
    168   3.16    12.64  0.9854     0.9861  0.0146     0.0139     0.5310         0.5345
    169   3.16    12.34  0.9855     0.9857  0.0145     0.0143     0.5451         0.5517
    170   3.16    12.58  0.9855     0.9863  0.0145     0.0137     0.5480         0.5535
    171   3.17    12.69  0.9846     0.9862  0.0154     0.0138     0.5436         0.5457
    172   3.16    12.68  0.9852     0.9864  0.0148     0.0136     0.5329         0.5362
    173   3.16    12.65  0.9854     0.9862  0.0146     0.0138     0.5474         0.5513
    174   3.17    13.03  0.9850     0.9864  0.0150     0.0136     0.5324         0.5359
    175   3.16    12.57  0.9848     0.9859  0.0152     0.0141     0.5187         0.5218
    176   3.16    12.36  0.9852     0.9859  0.0148     0.0141     0.5444         0.5470
    177   3.16    12.87  0.9841     0.9862  0.0159     0.0138     0.5353         0.5391
    178   3.15    12.17  0.9848     0.9853  0.0152     0.0147     0.5461         0.5548
    179   3.16    12.15  0.9854     0.9861  0.0146     0.0139     0.5612         0.5666
    180   3.16    12.52  0.9851     0.9854  0.0149     0.0146     0.5519         0.5578
    181   3.15    12.35  0.9837     0.9857  0.0163     0.0143     0.5807         0.5860
    182   3.15    12.61  0.9847     0.9851  0.0153     0.0149     0.5621         0.5668
    183   3.15    12.49  0.9844     0.9850  0.0156     0.0150     0.5533         0.5561
    184   3.15    12.62  0.9835     0.9847  0.0165     0.0153     0.5659         0.5676
    185   3.15    12.39  0.9849     0.9847  0.0151     0.0153     0.5630         0.5657
    186   3.15    12.69  0.9848     0.9857  0.0152     0.0143     0.5859         0.5891
    187   3.16    12.48  0.9848     0.9852  0.0152     0.0148     0.5789         0.5843
    188   3.15    13.11  0.9850     0.9848  0.0150     0.0152     0.5518         0.5541
    189   3.16    12.78  0.9854     0.9850  0.0146     0.0150     0.5254         0.5310
    190   3.16    12.53  0.9848     0.9850  0.0152     0.0150     0.5333         0.5356
    191   3.15    12.90  0.9848     0.9847  0.0152     0.0153     0.5459         0.5481
    192   3.15    12.50  0.9847     0.9855  0.0153     0.0145     0.5340         0.5392
    193   3.16    13.06  0.9848     0.9853  0.0152     0.0147     0.5282         0.5320
    194   3.17    12.57  0.9850     0.9862  0.0150     0.0138     0.5461         0.5499
    195   3.17    12.42  0.9856     0.9851  0.0144     0.0149     0.5497         0.5550
    196   3.16    12.43  0.9850     0.9865  0.0150     0.0135     0.5687         0.5734
    197   3.17    12.28  0.9855     0.9857  0.0145     0.0143     0.5720         0.5755
    198   3.16    12.45  0.9850     0.9860  0.0150     0.0140     0.5871         0.5902
    199   3.17    12.27  0.9850     0.9856  0.0150     0.0144     0.6010         0.6047
    200   3.16    12.27  0.9852     0.9860  0.0148     0.0140     0.5820         0.5871
    201   3.16    12.26  0.9847     0.9848  0.0153     0.0152     0.6000         0.6043
    202   3.16    12.48  0.9847     0.9852  0.0153     0.0148     0.5888         0.5905
    203   3.16    12.38  0.9846     0.9851  0.0154     0.0149     0.5948         0.6005
    204   3.16    12.50  0.9833     0.9854  0.0167     0.0146     0.6132         0.6216
    205   3.15    12.23  0.9839     0.9858  0.0161     0.0142     0.6120         0.6200
    206   3.17    12.50  0.9857     0.9862  0.0143     0.0138     0.6055         0.6103
    207   3.17    13.29  0.9857     0.9858  0.0143     0.0142     0.6071         0.6104
    208   3.15    12.36  0.9847     0.9860  0.0153     0.0140     0.6097         0.6159
    209   3.17    12.80  0.9855     0.9860  0.0145     0.0140     0.6018         0.6087
    210   3.17    12.30  0.9853     0.9860  0.0147     0.0140     0.5944         0.5998
    211   3.16    12.30  0.9847     0.9859  0.0153     0.0141     0.6023         0.6081
    212   3.17    12.29  0.9850     0.9866  0.0150     0.0134     0.6038         0.6080
    213   3.16    12.26  0.9846     0.9863  0.0154     0.0137     0.5862         0.5930
    214   3.17    12.41  0.9860     0.9867  0.0140     0.0133     0.5928         0.6001
    215   3.16    12.29  0.9854     0.9857  0.0146     0.0143     0.6001         0.6083
    216   3.18    12.30  0.9857     0.9861  0.0143     0.0139     0.5972         0.6025
    217   3.17    12.39  0.9847     0.9861  0.0153     0.0139     0.5898         0.5961
    218   3.16    12.51  0.9850     0.9855  0.0150     0.0145     0.5797         0.5829
    219   3.16    12.55  0.9851     0.9859  0.0149     0.0141     0.5791         0.5844
    220   3.17    12.28  0.9849     0.9860  0.0151     0.0140     0.5955         0.6013
    221   3.17    12.38  0.9855     0.9864  0.0145     0.0136     0.5864         0.5910
    222   3.16    12.38  0.9845     0.9858  0.0155     0.0142     0.5664         0.5701
    223   3.16    12.79  0.9854     0.9861  0.0146     0.0139     0.5690         0.5748
    224   3.16    12.63  0.9850     0.9864  0.0150     0.0136     0.5749         0.5800
    225   3.17    12.61  0.9860     0.9868  0.0140     0.0132     0.5598         0.5641
    226   3.17    12.44  0.9852     0.9862  0.0148     0.0138     0.5596         0.5678
    227   3.16    12.40  0.9842     0.9861  0.0158     0.0139     0.5829         0.5876
    228   3.17    12.17  0.9850     0.9854  0.0150     0.0146     0.5785         0.5861
    229   3.17    12.15  0.9856     0.9861  0.0144     0.0139     0.5898         0.5963
    230   3.17    12.18  0.9856     0.9860  0.0144     0.0140     0.5795         0.5869
    231   3.16    12.32  0.9850     0.9861  0.0150     0.0139     0.5674         0.5746
    232   3.17    12.53  0.9853     0.9854  0.0147     0.0146     0.5737         0.5773
    233   3.15    12.50  0.9846     0.9853  0.0154     0.0147     0.5686         0.5761
    234   3.16    12.24  0.9850     0.9862  0.0150     0.0138     0.5780         0.5817
    235   3.17    12.50  0.9846     0.9857  0.0154     0.0143     0.5577         0.5627
    236   3.14    12.31  0.9844     0.9862  0.0156     0.0138     0.5734         0.5802
    237   3.16    12.48  0.9844     0.9855  0.0156     0.0145     0.5678         0.5721
    238   3.15    12.21  0.9841     0.9858  0.0159     0.0142     0.5667         0.5776
    239   3.15    12.25  0.9850     0.9862  0.0150     0.0138     0.5704         0.5791
    240   3.16    12.42  0.9840     0.9857  0.0160     0.0143     0.5742         0.5776
    241   3.15    12.19  0.9848     0.9860  0.0152     0.0140     0.5769         0.5834
    242   3.16    12.38  0.9849     0.9857  0.0151     0.0143     0.5746         0.5808
    243   3.17    12.34  0.9854     0.9861  0.0146     0.0139     0.5735         0.5824
    244   3.16    12.29  0.9841     0.9857  0.0159     0.0143     0.5671         0.5733
    245   3.17    12.40  0.9855     0.9858  0.0145     0.0142     0.5689         0.5754
    246   3.16    12.26  0.9845     0.9855  0.0155     0.0145     0.5844         0.5902
    247   3.17    12.18  0.9849     0.9864  0.0151     0.0136     0.5796         0.5873
    248   3.16    12.35  0.9851     0.9865  0.0149     0.0135     0.5774         0.5836
    249   3.17    12.27  0.9850     0.9859  0.0150     0.0141     0.5742         0.5813
    250   3.17    12.17  0.9848     0.9856  0.0152     0.0144     0.5857         0.5941
    251   3.16    12.35  0.9849     0.9867  0.0151     0.0133     0.5867         0.5955
    252   3.16    12.26  0.9848     0.9857  0.0152     0.0143     0.5808         0.5885
    253   3.16    12.59  0.9855     0.9858  0.0145     0.0142     0.5830         0.5876
    254   3.15    12.29  0.9846     0.9862  0.0154     0.0138     0.5977         0.6037
    255   3.17    12.59  0.9857     0.9869  0.0143     0.0131     0.5884         0.5953
    256   3.17    12.20  0.9849     0.9860  0.0151     0.0140     0.5901         0.5971
    257   3.16    12.36  0.9859     0.9860  0.0141     0.0140     0.5852         0.5925
    258   3.15    12.23  0.9841     0.9864  0.0159     0.0136     0.5881         0.5966
    259   3.16    12.42  0.9851     0.9859  0.0149     0.0141     0.5926         0.6004
    260   3.16    12.34  0.9852     0.9862  0.0148     0.0138     0.5953         0.6017
    261   3.16    12.23  0.9841     0.9866  0.0159     0.0134     0.5924         0.6003
    262   3.16    12.34  0.9850     0.9860  0.0150     0.0140     0.5958         0.6054
    263   3.16    12.29  0.9857     0.9863  0.0143     0.0137     0.5959         0.6071
    264   3.16    12.57  0.9849     0.9864  0.0151     0.0136     0.5976         0.6072
    265   3.16    12.52  0.9849     0.9862  0.0151     0.0138     0.5889         0.5967
    266   3.16    12.39  0.9858     0.9865  0.0142     0.0135     0.5925         0.5995
    267   3.16    12.40  0.9851     0.9864  0.0149     0.0136     0.5935         0.6000
    268   3.17    12.36  0.9849     0.9859  0.0151     0.0141     0.5898         0.5980
    269   3.16    12.22  0.9851     0.9856  0.0149     0.0144     0.5850         0.5916
    270   3.16    12.40  0.9860     0.9859  0.0140     0.0141     0.5799         0.5883
    271   3.16    12.43  0.9848     0.9856  0.0152     0.0144     0.5856         0.5915
    272   3.17    12.33  0.9852     0.9860  0.0148     0.0140     0.5951         0.6019
    273   3.16    12.23  0.9847     0.9857  0.0153     0.0143     0.5928         0.6039
    274   3.16    12.23  0.9847     0.9860  0.0153     0.0140     0.5992         0.6087
    275   3.16    12.41  0.9850     0.9854  0.0150     0.0146     0.5935         0.6029
    276   3.17    12.34  0.9848     0.9863  0.0152     0.0137     0.5927         0.6020
    277   3.17    12.26  0.9852     0.9860  0.0148     0.0140     0.5970         0.6080
    278   3.17    12.50  0.9846     0.9863  0.0154     0.0137     0.5988         0.6059
    279   3.17    12.42  0.9854     0.9862  0.0146     0.0138     0.5972         0.6040
    280   3.16    12.29  0.9847     0.9865  0.0153     0.0135     0.6027         0.6090
    281   3.17    12.22  0.9852     0.9866  0.0148     0.0134     0.6078         0.6170
    282   3.17    12.29  0.9851     0.9862  0.0149     0.0138     0.5907         0.5990
    283   3.16    12.46  0.9844     0.9866  0.0156     0.0134     0.5806         0.5911
    284   3.17    12.26  0.9851     0.9865  0.0149     0.0135     0.5936         0.6014
    285   3.17    12.31  0.9860     0.9865  0.0140     0.0135     0.5971         0.6057
    286   3.16    12.23  0.9854     0.9868  0.0146     0.0132     0.6051         0.6169
    287   3.16    12.18  0.9855     0.9866  0.0145     0.0134     0.6016         0.6095
    288   3.17    12.34  0.9855     0.9868  0.0145     0.0132     0.5946         0.6057
    289   3.16    12.22  0.9847     0.9865  0.0153     0.0135     0.5993         0.6077
    290   3.16    12.29  0.9854     0.9871  0.0146     0.0129     0.6012         0.6095
    291   3.17    12.26  0.9857     0.9860  0.0143     0.0140     0.6027         0.6136
    292   3.17    12.29  0.9849     0.9860  0.0151     0.0140     0.6104         0.6222
    293   3.16    12.21  0.9858     0.9862  0.0142     0.0138     0.6114         0.6213
    294   3.16    12.19  0.9851     0.9864  0.0149     0.0136     0.6048         0.6142
    295   3.16    12.24  0.9848     0.9865  0.0152     0.0135     0.6015         0.6146
    296   3.16    12.24  0.9856     0.9861  0.0144     0.0139     0.6145         0.6211
    297   3.16    12.22  0.9837     0.9860  0.0163     0.0140     0.6089         0.6173
    298   3.16    12.27  0.9857     0.9868  0.0143     0.0132     0.6001         0.6085
    299   3.16    12.32  0.9851     0.9868  0.0149     0.0132     0.6029         0.6117
    300   3.17    12.35  0.9855     0.9867  0.0145     0.0133     0.6006         0.6127
The log/output/model have been saved to: ./logs/train.py-multi_zetas300_False_False_True_0.001953125_0.00390625_0.0078125-ecw-04-23-17:25 + .csv/.out/.cpt
