  epoch    IZY    IXZ_1     acc    avg_acc     err    avg_err    adv_acc    avg_adv_acc
-------  -----  -------  ------  ---------  ------  ---------  ---------  -------------
      1   3.03   658.41  0.9362     0.9361  0.0638     0.0639     0.0382         0.0382
      2   3.17   667.31  0.9653     0.9653  0.0347     0.0347     0.0180         0.0181
      3   3.19   690.20  0.9707     0.9707  0.0293     0.0293     0.0148         0.0147
      4   3.16   702.81  0.9670     0.9674  0.0330     0.0326     0.0175         0.0175
      5   3.18   705.90  0.9705     0.9704  0.0295     0.0296     0.0240         0.0240
      6   3.19   702.02  0.9722     0.9724  0.0278     0.0276     0.0273         0.0275
      7   3.22   709.51  0.9794     0.9794  0.0206     0.0206     0.0277         0.0275
      8   3.18   708.53  0.9724     0.9725  0.0276     0.0275     0.0335         0.0335
      9   3.21   724.57  0.9795     0.9795  0.0205     0.0205     0.0539         0.0538
     10   3.21   719.47  0.9791     0.9795  0.0209     0.0205     0.0544         0.0545
     11   3.21   722.71  0.9799     0.9798  0.0201     0.0202     0.0515         0.0515
     12   3.18   735.18  0.9752     0.9751  0.0248     0.0249     0.1164         0.1165
     13   3.20   746.23  0.9799     0.9799  0.0201     0.0201     0.1193         0.1193
     14   3.20   725.80  0.9787     0.9787  0.0213     0.0213     0.0646         0.0645
     15   3.20   742.85  0.9792     0.9790  0.0208     0.0210     0.1221         0.1224
     16   3.21   763.06  0.9814     0.9813  0.0186     0.0187     0.1104         0.1109
     17   3.18   726.13  0.9771     0.9771  0.0229     0.0229     0.1010         0.1006
     18   3.21   752.86  0.9808     0.9808  0.0192     0.0192     0.1167         0.1168
     19   3.21   739.02  0.9815     0.9816  0.0185     0.0184     0.1253         0.1255
     20   3.20   732.96  0.9770     0.9770  0.0230     0.0230     0.0965         0.0962
     21   3.22   768.07  0.9826     0.9827  0.0174     0.0173     0.1570         0.1566
     22   3.22   771.52  0.9827     0.9827  0.0173     0.0173     0.1382         0.1383
     23   3.22   761.63  0.9832     0.9832  0.0168     0.0168     0.1615         0.1615
     24   3.21   775.00  0.9826     0.9826  0.0174     0.0174     0.1452         0.1449
     25   3.20   795.28  0.9835     0.9835  0.0165     0.0165     0.2479         0.2480
     26   3.21   787.39  0.9837     0.9837  0.0163     0.0163     0.2428         0.2429
     27   3.22   789.35  0.9840     0.9840  0.0160     0.0160     0.2441         0.2441
     28   3.20   774.74  0.9824     0.9824  0.0176     0.0176     0.2130         0.2132
     29   3.19   791.16  0.9821     0.9820  0.0179     0.0180     0.3183         0.3181
     30   3.21   787.14  0.9845     0.9845  0.0155     0.0155     0.2071         0.2073
     31   3.21   795.61  0.9832     0.9832  0.0168     0.0168     0.2343         0.2344
     32   3.18   823.31  0.9820     0.9820  0.0180     0.0180     0.2533         0.2531
     33   3.20   789.46  0.9823     0.9822  0.0177     0.0178     0.2616         0.2616
     34   3.20   800.31  0.9821     0.9821  0.0179     0.0179     0.2548         0.2549
     35   3.21   770.84  0.9816     0.9817  0.0184     0.0183     0.1716         0.1715
     36   3.20   833.31  0.9845     0.9845  0.0155     0.0155     0.2687         0.2689
     37   3.20   805.16  0.9831     0.9830  0.0169     0.0170     0.2576         0.2574
     38   3.21   805.49  0.9846     0.9846  0.0154     0.0154     0.3315         0.3316
     39   3.21   790.49  0.9831     0.9831  0.0169     0.0169     0.2605         0.2607
     40   3.20   828.11  0.9831     0.9830  0.0169     0.0170     0.3362         0.3367
     41   3.20   843.54  0.9833     0.9835  0.0167     0.0165     0.3803         0.3802
     42   3.21   788.64  0.9825     0.9826  0.0175     0.0174     0.2891         0.2890
     43   3.21   802.47  0.9835     0.9835  0.0165     0.0165     0.2948         0.2947
     44   3.21   822.17  0.9846     0.9846  0.0154     0.0154     0.3131         0.3129
     45   3.21   846.52  0.9855     0.9855  0.0145     0.0145     0.3540         0.3541
     46   3.21   885.48  0.9866     0.9865  0.0134     0.0135     0.3855         0.3855
     47   3.21   906.35  0.9866     0.9867  0.0134     0.0133     0.3914         0.3913
     48   3.20   929.97  0.9865     0.9866  0.0135     0.0134     0.3990         0.3990
     49   3.20   947.14  0.9868     0.9868  0.0132     0.0132     0.3972         0.3974
     50   3.20   964.23  0.9868     0.9868  0.0132     0.0132     0.3971         0.3970
     51   3.20   980.21  0.9868     0.9869  0.0132     0.0131     0.3959         0.3962
     52   3.19   995.61  0.9869     0.9869  0.0131     0.0131     0.3913         0.3916
     53   3.19  1009.74  0.9869     0.9868  0.0131     0.0132     0.3877         0.3874
     54   3.19  1022.62  0.9867     0.9867  0.0133     0.0133     0.3872         0.3871
     55   3.18  1033.03  0.9867     0.9867  0.0133     0.0133     0.3797         0.3802
     56   3.18  1041.20  0.9868     0.9869  0.0132     0.0131     0.3817         0.3816
     57   3.18  1045.75  0.9869     0.9869  0.0131     0.0131     0.3712         0.3713
     58   3.18  1046.07  0.9869     0.9869  0.0131     0.0131     0.3669         0.3667
     59   3.17  1041.28  0.9870     0.9869  0.0130     0.0131     0.3630         0.3630
     60   3.17  1029.89  0.9869     0.9869  0.0131     0.0131     0.3536         0.3538
     61   3.17  1011.80  0.9869     0.9869  0.0131     0.0131     0.3573         0.3571
     62   3.17   985.00  0.9870     0.9870  0.0130     0.0130     0.3489         0.3481
     63   3.17   950.66  0.9871     0.9871  0.0129     0.0129     0.3404         0.3410
     64   3.16   908.27  0.9875     0.9874  0.0125     0.0126     0.3376         0.3371
     65   3.16   860.14  0.9873     0.9874  0.0127     0.0126     0.3382         0.3382
     66   3.16   807.32  0.9874     0.9874  0.0126     0.0126     0.3413         0.3403
     67   3.16   752.28  0.9876     0.9875  0.0124     0.0125     0.3377         0.3371
     68   3.16   696.75  0.9877     0.9877  0.0123     0.0123     0.3444         0.3449
     69   3.17   645.22  0.9875     0.9876  0.0125     0.0124     0.3572         0.3574
     70   3.17   596.91  0.9875     0.9876  0.0125     0.0124     0.3706         0.3707
     71   3.17   548.66  0.9881     0.9880  0.0119     0.0120     0.3767         0.3774
     72   3.17   504.58  0.9881     0.9880  0.0119     0.0120     0.3854         0.3843
     73   3.17   469.40  0.9880     0.9878  0.0120     0.0122     0.4031         0.4033
     74   3.17   428.24  0.9881     0.9882  0.0119     0.0118     0.3939         0.3941
     75   3.17   398.01  0.9879     0.9878  0.0121     0.0122     0.4086         0.4077
     76   3.18   362.40  0.9882     0.9880  0.0118     0.0120     0.4027         0.4026
     77   3.18   334.30  0.9880     0.9881  0.0120     0.0119     0.4120         0.4123
     78   3.20   321.03  0.9847     0.9846  0.0153     0.0154     0.1967         0.1964
     79   3.20   318.45  0.9867     0.9865  0.0133     0.0135     0.2016         0.2020
     80   3.20   318.09  0.9863     0.9864  0.0137     0.0136     0.2163         0.2162
     81   3.20   318.25  0.9865     0.9865  0.0135     0.0135     0.2403         0.2409
     82   3.19   320.91  0.9863     0.9862  0.0137     0.0138     0.2699         0.2704
     83   3.19   325.84  0.9863     0.9863  0.0137     0.0137     0.3019         0.3019
     84   3.18   332.37  0.9863     0.9862  0.0137     0.0138     0.3208         0.3201
     85   3.18   339.89  0.9865     0.9863  0.0135     0.0137     0.3448         0.3451
     86   3.17   349.44  0.9865     0.9864  0.0135     0.0136     0.3594         0.3598
     87   3.17   360.43  0.9865     0.9866  0.0135     0.0134     0.3863         0.3868
     88   3.17   372.43  0.9869     0.9867  0.0131     0.0133     0.3997         0.3990
     89   3.16   384.23  0.9868     0.9869  0.0132     0.0131     0.4229         0.4223
     90   3.16   396.53  0.9869     0.9870  0.0131     0.0130     0.4352         0.4359
     91   3.16   406.31  0.9869     0.9870  0.0131     0.0130     0.4371         0.4384
     92   3.16   413.92  0.9869     0.9871  0.0131     0.0129     0.4436         0.4428
     93   3.16   420.30  0.9871     0.9870  0.0129     0.0130     0.4515         0.4518
     94   3.16   421.88  0.9870     0.9871  0.0130     0.0129     0.4568         0.4550
     95   3.15   422.51  0.9870     0.9871  0.0130     0.0129     0.4525         0.4534
     96   3.16   419.32  0.9869     0.9871  0.0131     0.0129     0.4547         0.4545
     97   3.16   416.74  0.9869     0.9870  0.0131     0.0130     0.4519         0.4521
     98   3.16   410.74  0.9870     0.9870  0.0130     0.0130     0.4502         0.4519
     99   3.16   404.15  0.9871     0.9871  0.0129     0.0129     0.4449         0.4433
    100   3.16   396.11  0.9871     0.9869  0.0129     0.0131     0.4307         0.4319
    101   3.16   391.80  0.9869     0.9870  0.0131     0.0130     0.4373         0.4383
    102   3.16   381.55  0.9870     0.9870  0.0130     0.0130     0.4270         0.4279
    103   3.16   373.42  0.9868     0.9870  0.0132     0.0130     0.4144         0.4151
    104   3.16   364.54  0.9870     0.9870  0.0130     0.0130     0.4080         0.4089
    105   3.17   355.52  0.9871     0.9870  0.0129     0.0130     0.4019         0.4016
    106   3.17   343.81  0.9869     0.9868  0.0131     0.0132     0.3937         0.3945
    107   3.17   336.42  0.9870     0.9870  0.0130     0.0130     0.4005         0.4005
    108   3.17   324.18  0.9873     0.9874  0.0127     0.0126     0.3977         0.3972
    109   3.17   311.78  0.9875     0.9874  0.0125     0.0126     0.3942         0.3945
    110   3.17   299.19  0.9874     0.9873  0.0126     0.0127     0.3940         0.3949
    111   3.18   285.56  0.9875     0.9874  0.0125     0.0126     0.3978         0.3977
    112   3.18   273.85  0.9877     0.9875  0.0123     0.0125     0.4028         0.4026
    113   3.18   260.15  0.9879     0.9878  0.0121     0.0122     0.4005         0.4011
    114   3.18   247.23  0.9880     0.9880  0.0120     0.0120     0.4137         0.4155
    115   3.18   234.41  0.9872     0.9879  0.0128     0.0121     0.4234         0.4249
    116   3.17   224.30  0.9880     0.9879  0.0120     0.0121     0.4386         0.4387
    117   3.18   214.72  0.9884     0.9883  0.0116     0.0117     0.4483         0.4482
    118   3.18   205.07  0.9881     0.9878  0.0119     0.0122     0.4675         0.4667
    119   3.18   195.48  0.9881     0.9880  0.0119     0.0120     0.4540         0.4550
    120   3.18   188.08  0.9881     0.9877  0.0119     0.0123     0.4697         0.4704
    121   3.18   180.12  0.9883     0.9883  0.0117     0.0117     0.4687         0.4688
    122   3.18   173.39  0.9884     0.9882  0.0116     0.0118     0.4678         0.4702
    123   3.18   168.55  0.9882     0.9883  0.0118     0.0117     0.4785         0.4790
    124   3.18   163.50  0.9885     0.9885  0.0115     0.0115     0.4727         0.4740
    125   3.18   158.75  0.9882     0.9885  0.0118     0.0115     0.4879         0.4887
    126   3.18   153.96  0.9884     0.9885  0.0116     0.0115     0.4879         0.4883
    127   3.17   167.03  0.9863     0.9860  0.0137     0.0140     0.3559         0.3570
    128   3.17   167.91  0.9861     0.9861  0.0139     0.0139     0.3450         0.3452
    129   3.18   167.79  0.9862     0.9862  0.0138     0.0138     0.3653         0.3660
    130   3.18   167.72  0.9860     0.9862  0.0140     0.0138     0.3738         0.3747
    131   3.18   167.72  0.9865     0.9861  0.0135     0.0139     0.3819         0.3820
    132   3.18   167.85  0.9863     0.9861  0.0137     0.0139     0.3906         0.3917
    133   3.17   168.10  0.9866     0.9865  0.0134     0.0135     0.4012         0.4012
    134   3.17   168.51  0.9864     0.9868  0.0136     0.0132     0.4134         0.4135
    135   3.17   169.14  0.9867     0.9867  0.0133     0.0133     0.4297         0.4302
    136   3.17   170.15  0.9866     0.9867  0.0134     0.0133     0.4442         0.4442
    137   3.17   171.50  0.9865     0.9867  0.0135     0.0133     0.4635         0.4632
    138   3.17   173.10  0.9869     0.9867  0.0131     0.0133     0.4712         0.4702
    139   3.17   174.99  0.9866     0.9864  0.0134     0.0136     0.4875         0.4880
    140   3.17   176.63  0.9865     0.9865  0.0135     0.0135     0.4986         0.4993
    141   3.16   178.26  0.9866     0.9867  0.0134     0.0133     0.5093         0.5093
    142   3.16   179.36  0.9863     0.9866  0.0137     0.0134     0.5150         0.5151
    143   3.16   180.24  0.9868     0.9866  0.0132     0.0134     0.5245         0.5267
    144   3.16   180.84  0.9869     0.9868  0.0131     0.0132     0.5236         0.5230
    145   3.16   180.57  0.9865     0.9867  0.0135     0.0133     0.5257         0.5259
    146   3.16   180.14  0.9868     0.9867  0.0132     0.0133     0.5388         0.5409
    147   3.16   179.00  0.9866     0.9866  0.0134     0.0134     0.5287         0.5292
    148   3.16   178.06  0.9866     0.9866  0.0134     0.0134     0.5321         0.5331
    149   3.17   176.40  0.9866     0.9865  0.0134     0.0135     0.5244         0.5250
    150   3.16   174.70  0.9865     0.9864  0.0135     0.0136     0.5248         0.5263
    151   3.16   173.01  0.9866     0.9866  0.0134     0.0134     0.5074         0.5087
    152   3.17   171.35  0.9869     0.9868  0.0131     0.0132     0.4990         0.4989
    153   3.17   169.78  0.9871     0.9868  0.0129     0.0132     0.4990         0.4998
    154   3.17   168.05  0.9868     0.9870  0.0132     0.0130     0.5014         0.5009
    155   3.17   166.01  0.9870     0.9870  0.0130     0.0130     0.5031         0.5021
    156   3.17   164.07  0.9870     0.9872  0.0130     0.0128     0.5059         0.5063
    157   3.17   161.83  0.9866     0.9869  0.0134     0.0131     0.4942         0.4952
    158   3.17   159.26  0.9871     0.9870  0.0129     0.0130     0.5090         0.5090
    159   3.17   156.97  0.9873     0.9872  0.0127     0.0128     0.5075         0.5076
    160   3.17   154.22  0.9872     0.9874  0.0128     0.0126     0.5135         0.5142
    161   3.17   151.82  0.9872     0.9873  0.0128     0.0127     0.5064         0.5074
    162   3.17   149.48  0.9875     0.9874  0.0125     0.0126     0.5059         0.5066
    163   3.17   147.24  0.9867     0.9873  0.0133     0.0127     0.5229         0.5222
    164   3.17   144.87  0.9878     0.9876  0.0122     0.0124     0.5244         0.5261
    165   3.17   142.60  0.9877     0.9877  0.0123     0.0123     0.5189         0.5186
    166   3.17   140.76  0.9875     0.9877  0.0125     0.0123     0.5099         0.5125
    167   3.17   139.02  0.9877     0.9876  0.0123     0.0124     0.5107         0.5130
    168   3.17   137.35  0.9877     0.9878  0.0123     0.0122     0.5068         0.5074
    169   3.17   135.54  0.9880     0.9883  0.0120     0.0117     0.5157         0.5167
    170   3.17   134.11  0.9884     0.9878  0.0116     0.0122     0.4993         0.4994
    171   3.17   132.69  0.9884     0.9878  0.0116     0.0122     0.4994         0.5001
    172   3.18   131.42  0.9883     0.9880  0.0117     0.0120     0.5041         0.5042
    173   3.18   131.19  0.9876     0.9880  0.0124     0.0120     0.4875         0.4885
    174   3.17   131.71  0.9875     0.9878  0.0125     0.0122     0.4932         0.4940
    175   3.17   130.09  0.9879     0.9880  0.0121     0.0120     0.4987         0.4992
    176   3.17   128.55  0.9882     0.9880  0.0118     0.0120     0.4935         0.4950
    177   3.17   127.85  0.9878     0.9883  0.0122     0.0117     0.4897         0.4894
    178   3.17   126.71  0.9880     0.9884  0.0120     0.0116     0.4924         0.4927
    179   3.17   125.81  0.9881     0.9882  0.0119     0.0118     0.4934         0.4926
    180   3.17   125.14  0.9882     0.9883  0.0118     0.0117     0.4906         0.4913
    181   3.18   124.39  0.9883     0.9882  0.0117     0.0118     0.4871         0.4882
    182   3.18   123.64  0.9884     0.9884  0.0116     0.0116     0.4847         0.4854
    183   3.18   122.75  0.9883     0.9888  0.0117     0.0112     0.4821         0.4820
    184   3.18   122.37  0.9885     0.9885  0.0115     0.0115     0.4792         0.4815
    185   3.17   121.88  0.9883     0.9885  0.0117     0.0115     0.4874         0.4887
    186   3.17   121.05  0.9880     0.9883  0.0120     0.0117     0.4846         0.4858
    187   3.18   121.05  0.9885     0.9884  0.0115     0.0116     0.4540         0.4554
    188   3.18   120.75  0.9882     0.9886  0.0118     0.0114     0.4628         0.4639
    189   3.17   120.48  0.9883     0.9884  0.0117     0.0116     0.4638         0.4646
    190   3.17   119.68  0.9884     0.9878  0.0116     0.0122     0.4728         0.4742
    191   3.17   119.20  0.9882     0.9882  0.0118     0.0118     0.4686         0.4687
    192   3.17   118.84  0.9881     0.9883  0.0119     0.0117     0.4652         0.4662
    193   3.17   118.68  0.9884     0.9884  0.0116     0.0116     0.4674         0.4670
    194   3.17   118.03  0.9884     0.9884  0.0116     0.0116     0.4611         0.4615
    195   3.18   117.78  0.9885     0.9884  0.0115     0.0116     0.4602         0.4607
    196   3.18   117.26  0.9885     0.9883  0.0115     0.0117     0.4643         0.4645
    197   3.17   117.00  0.9882     0.9882  0.0118     0.0118     0.4593         0.4580
    198   3.17   116.83  0.9882     0.9885  0.0118     0.0115     0.4526         0.4526
    199   3.18   116.56  0.9881     0.9884  0.0119     0.0116     0.4469         0.4479
    200   3.17   116.25  0.9884     0.9883  0.0116     0.0117     0.4586         0.4592
The log/output/model have been saved to: ./logs/train.py-multi_zetas{'num_epochs': 200, 'use_stoch': [False, False, True], 'betas': [1e-09, 1e-09, 1e-09]}-mha-04-03-14:09 + .csv/.out/.cpt
