  epoch    IZY    IXZ_1    IZ_1Z_2     acc    avg_acc     err    avg_err    adv_acc    avg_adv_acc
-------  -----  -------  ---------  ------  ---------  ------  ---------  ---------  -------------
      1   3.11  1115.57     592.11  0.9543     0.9543  0.0457     0.0457     0.0208         0.0207
      2   3.19  1019.33     538.71  0.9714     0.9712  0.0286     0.0288     0.0153         0.0153
      3   3.18   940.33     495.19  0.9689     0.9690  0.0311     0.0310     0.0195         0.0194
      4   3.20   905.15     456.37  0.9716     0.9716  0.0284     0.0284     0.0201         0.0203
      5   3.22   853.03     426.96  0.9795     0.9790  0.0205     0.0210     0.0208         0.0208
      6   3.21   837.76     407.07  0.9756     0.9751  0.0244     0.0249     0.0292         0.0289
      7   3.20   799.12     390.93  0.9745     0.9744  0.0255     0.0256     0.0453         0.0454
      8   3.19   778.64     381.33  0.9763     0.9759  0.0237     0.0241     0.0468         0.0467
      9   3.20   746.37     366.17  0.9782     0.9787  0.0218     0.0213     0.0708         0.0702
     10   3.22   730.80     357.72  0.9797     0.9803  0.0203     0.0197     0.0899         0.0905
     11   3.21   710.52     344.58  0.9792     0.9790  0.0208     0.0210     0.0776         0.0771
     12   3.21   685.52     336.60  0.9799     0.9797  0.0201     0.0203     0.0931         0.0941
     13   3.21   649.39     330.41  0.9800     0.9805  0.0200     0.0195     0.1385         0.1398
     14   3.15   652.36     319.61  0.9693     0.9697  0.0307     0.0303     0.0945         0.0943
     15   3.22   598.14     308.06  0.9834     0.9835  0.0166     0.0165     0.1696         0.1702
     16   3.18   592.54     303.05  0.9764     0.9765  0.0236     0.0235     0.1772         0.1788
     17   3.20   578.63     294.47  0.9815     0.9809  0.0185     0.0191     0.1525         0.1541
     18   3.22   554.22     281.57  0.9819     0.9820  0.0181     0.0180     0.1798         0.1826
     19   3.20   518.67     280.97  0.9789     0.9789  0.0211     0.0211     0.2039         0.2063
     20   3.18   531.78     282.43  0.9781     0.9783  0.0219     0.0217     0.2123         0.2133
     21   3.22   503.00     273.94  0.9824     0.9823  0.0176     0.0177     0.1875         0.1920
     22   3.18   457.92     264.62  0.9778     0.9781  0.0222     0.0219     0.1810         0.1854
     23   3.23   483.85     258.55  0.9827     0.9833  0.0173     0.0167     0.1739         0.1779
     24   3.20   444.62     250.00  0.9804     0.9804  0.0196     0.0196     0.1963         0.2054
     25   3.23   433.82     247.50  0.9851     0.9850  0.0149     0.0150     0.2419         0.2530
     26   3.21   417.16     251.49  0.9828     0.9827  0.0172     0.0173     0.3008         0.3130
     27   3.22   482.32     244.84  0.9810     0.9811  0.0190     0.0189     0.1358         0.1399
     28   3.20   398.10     250.53  0.9815     0.9816  0.0185     0.0184     0.3068         0.3205
     29   3.22   411.39     236.59  0.9844     0.9842  0.0156     0.0158     0.2844         0.2931
     30   3.21   411.95     235.06  0.9825     0.9831  0.0175     0.0169     0.2486         0.2563
     31   3.21   377.22     232.75  0.9826     0.9826  0.0174     0.0174     0.2607         0.2766
     32   3.18   360.70     252.50  0.9806     0.9805  0.0194     0.0195     0.3325         0.3584
     33   3.21   367.28     235.53  0.9833     0.9832  0.0167     0.0168     0.2822         0.2974
     34   3.21   349.12     234.24  0.9836     0.9837  0.0164     0.0163     0.3136         0.3346
     35   3.21   365.05     220.51  0.9829     0.9829  0.0171     0.0171     0.2319         0.2466
     36   3.19   343.60     219.46  0.9789     0.9789  0.0211     0.0211     0.2799         0.3044
     37   3.21   346.54     213.70  0.9830     0.9829  0.0170     0.0171     0.1905         0.2048
     38   3.21   322.46     213.22  0.9834     0.9832  0.0166     0.0168     0.2468         0.2683
     39   3.21   329.90     208.91  0.9834     0.9835  0.0166     0.0165     0.2355         0.2538
     40   3.21   303.36     204.46  0.9835     0.9836  0.0165     0.0164     0.2513         0.2742
     41   3.22   313.54     202.45  0.9834     0.9833  0.0166     0.0167     0.2361         0.2588
     42   3.23   300.65     204.33  0.9869     0.9868  0.0131     0.0132     0.2461         0.2734
     43   3.23   267.42     198.14  0.9864     0.9866  0.0136     0.0134     0.3102         0.3422
     44   3.23   254.68     196.66  0.9868     0.9868  0.0132     0.0132     0.3067         0.3451
     45   3.23   234.74     187.27  0.9862     0.9860  0.0138     0.0140     0.2919         0.3283
     46   3.23   203.30     177.84  0.9867     0.9868  0.0133     0.0132     0.2651         0.3107
     47   3.23   181.23     163.53  0.9864     0.9868  0.0136     0.0132     0.2253         0.2734
     48   3.21   261.58     184.01  0.9839     0.9840  0.0161     0.0160     0.2095         0.2431
     49   3.21   261.36     183.29  0.9847     0.9846  0.0153     0.0154     0.2710         0.3037
     50   3.14   245.14     214.14  0.9773     0.9773  0.0227     0.0227     0.2666         0.3098
     51   3.22   255.05     174.09  0.9852     0.9854  0.0148     0.0146     0.2374         0.2622
     52   3.22   227.16     171.33  0.9867     0.9864  0.0133     0.0136     0.2732         0.3145
     53   3.22   267.60     172.91  0.9845     0.9844  0.0155     0.0156     0.1571         0.1767
     54   3.21   244.14     175.61  0.9846     0.9847  0.0154     0.0153     0.2408         0.2813
     55   3.22   242.33     170.29  0.9862     0.9861  0.0138     0.0139     0.2707         0.3005
     56   3.19   269.75     178.78  0.9824     0.9826  0.0176     0.0174     0.2066         0.2287
     57   3.22   251.28     168.75  0.9852     0.9855  0.0148     0.0145     0.2591         0.2913
     58   3.22   263.28     168.25  0.9843     0.9843  0.0157     0.0157     0.1992         0.2139
     59   3.22   234.48     170.00  0.9858     0.9858  0.0142     0.0142     0.2453         0.2790
     60   3.21   234.66     174.45  0.9853     0.9852  0.0147     0.0148     0.2725         0.3124
     61   3.22   201.39     158.53  0.9867     0.9870  0.0133     0.0130     0.2629         0.3044
     62   3.19   263.08     172.02  0.9814     0.9811  0.0186     0.0189     0.1695         0.1918
     63   3.20   264.35     164.76  0.9818     0.9818  0.0182     0.0182     0.1153         0.1284
     64   3.22   223.51     164.52  0.9857     0.9861  0.0143     0.0139     0.2583         0.2941
     65   3.23   242.78     154.71  0.9859     0.9859  0.0141     0.0141     0.2014         0.2301
     66   3.23   209.33     150.36  0.9869     0.9866  0.0131     0.0134     0.2383         0.2736
     67   3.23   191.79     144.84  0.9869     0.9868  0.0131     0.0132     0.2221         0.2644
     68   3.20   232.37     157.75  0.9826     0.9826  0.0174     0.0174     0.1536         0.1845
     69   3.21   222.31     152.40  0.9863     0.9865  0.0137     0.0135     0.2427         0.2833
     70   3.22   250.87     154.68  0.9838     0.9840  0.0162     0.0160     0.1346         0.1501
     71   3.22   207.81     144.60  0.9861     0.9861  0.0139     0.0139     0.2248         0.2556
     72   3.22   195.66     141.57  0.9861     0.9860  0.0139     0.0140     0.2271         0.2687
     73   3.22   238.49     147.91  0.9837     0.9835  0.0163     0.0165     0.1353         0.1540
     74   3.21   216.64     143.04  0.9851     0.9851  0.0149     0.0149     0.1699         0.1963
     75   3.21   216.55     141.27  0.9848     0.9849  0.0152     0.0151     0.1519         0.1804
     76   3.22   217.21     137.12  0.9856     0.9857  0.0144     0.0143     0.1477         0.1724
     77   3.22   199.18     138.22  0.9858     0.9861  0.0142     0.0139     0.1940         0.2267
     78   3.21   204.82     140.15  0.9852     0.9855  0.0148     0.0145     0.1978         0.2282
     79   3.22   214.41     142.01  0.9852     0.9856  0.0148     0.0144     0.1393         0.1614
     80   3.22   206.43     136.06  0.9861     0.9857  0.0139     0.0143     0.1523         0.1760
     81   3.22   197.32     135.81  0.9858     0.9859  0.0142     0.0141     0.1722         0.2053
     82   3.23   175.65     132.33  0.9866     0.9862  0.0134     0.0138     0.1996         0.2371
     83   3.22   165.48     128.33  0.9865     0.9863  0.0135     0.0137     0.1891         0.2269
     84   3.23   164.82     124.88  0.9870     0.9867  0.0130     0.0133     0.1615         0.1923
     85   3.23   153.30     120.43  0.9868     0.9866  0.0132     0.0134     0.1721         0.2087
     86   3.23   143.53     115.52  0.9864     0.9865  0.0136     0.0135     0.1727         0.2089
     87   3.21   210.03     125.81  0.9840     0.9839  0.0160     0.0161     0.1343         0.1525
     88   3.22   199.87     120.03  0.9842     0.9840  0.0158     0.0160     0.1367         0.1565
     89   3.23   183.17     118.38  0.9864     0.9863  0.0136     0.0137     0.1612         0.1856
     90   3.22   163.02     117.34  0.9861     0.9863  0.0139     0.0137     0.1839         0.2178
     91   3.22   157.90     114.57  0.9859     0.9860  0.0141     0.0140     0.1815         0.2120
     92   3.22   204.86     126.75  0.9843     0.9845  0.0157     0.0155     0.1044         0.1162
     93   3.21   175.55     118.20  0.9859     0.9857  0.0141     0.0143     0.1785         0.2111
     94   3.21   167.17     118.24  0.9864     0.9863  0.0136     0.0137     0.1912         0.2304
     95   3.22   161.74     114.53  0.9866     0.9865  0.0134     0.0135     0.1779         0.2095
     96   3.22   155.45     112.95  0.9867     0.9866  0.0133     0.0134     0.1761         0.2093
     97   3.22   172.64     116.37  0.9864     0.9863  0.0136     0.0137     0.1343         0.1497
     98   3.22   170.71     117.42  0.9868     0.9870  0.0132     0.0130     0.1771         0.2101
     99   3.21   162.73     114.98  0.9864     0.9864  0.0136     0.0136     0.2050         0.2414
    100   3.22   145.96     111.30  0.9867     0.9869  0.0133     0.0131     0.2124         0.2487
    101   3.22   164.87     115.65  0.9859     0.9862  0.0141     0.0138     0.1291         0.1463
    102   3.21   135.18     108.04  0.9870     0.9867  0.0130     0.0133     0.2147         0.2561
    103   3.21   129.34     104.10  0.9871     0.9870  0.0129     0.0130     0.2115         0.2475
    104   3.21   122.85     100.28  0.9869     0.9871  0.0131     0.0129     0.2089         0.2449
    105   3.22   117.05      97.56  0.9870     0.9875  0.0130     0.0125     0.2168         0.2529
    106   3.22   110.89      95.02  0.9872     0.9872  0.0128     0.0128     0.2226         0.2610
    107   3.22   106.68      91.55  0.9873     0.9874  0.0127     0.0126     0.2332         0.2693
    108   3.22   104.84      89.25  0.9870     0.9872  0.0130     0.0128     0.2276         0.2631
    109   3.21   171.35     100.58  0.9865     0.9866  0.0135     0.0134     0.1274         0.1400
    110   3.22   137.83      93.52  0.9873     0.9871  0.0127     0.0129     0.1916         0.2179
    111   3.22   122.67      92.95  0.9871     0.9868  0.0129     0.0132     0.2155         0.2496
    112   3.21   124.58      92.57  0.9866     0.9869  0.0134     0.0131     0.2095         0.2362
    113   3.21   111.82      91.45  0.9871     0.9871  0.0129     0.0129     0.2316         0.2684
    114   3.21   107.05      89.71  0.9870     0.9874  0.0130     0.0126     0.2403         0.2757
    115   3.21   125.26      90.00  0.9865     0.9861  0.0135     0.0139     0.2098         0.2394
    116   3.22   135.27      92.69  0.9877     0.9877  0.0123     0.0123     0.1860         0.2087
    117   3.22   132.50      91.37  0.9873     0.9870  0.0127     0.0130     0.1905         0.2090
    118   3.22   110.23      89.58  0.9876     0.9873  0.0124     0.0127     0.2468         0.2825
    119   3.21   111.32      89.98  0.9872     0.9869  0.0128     0.0131     0.2440         0.2757
    120   3.22   105.67      88.41  0.9875     0.9876  0.0125     0.0124     0.2396         0.2710
    121   3.21   128.60      87.02  0.9866     0.9864  0.0134     0.0136     0.2047         0.2267
    122   3.20   133.18      91.84  0.9850     0.9852  0.0150     0.0148     0.1905         0.2157
    123   3.21   119.07      90.84  0.9870     0.9870  0.0130     0.0130     0.2289         0.2639
    124   3.21   113.86      90.04  0.9871     0.9873  0.0129     0.0127     0.2379         0.2722
    125   3.21   110.00      89.22  0.9871     0.9870  0.0129     0.0130     0.2418         0.2696
    126   3.22   106.43      87.90  0.9868     0.9869  0.0132     0.0131     0.2407         0.2778
    127   3.21   107.93      89.45  0.9866     0.9863  0.0134     0.0137     0.2376         0.2785
    128   3.20   105.68      94.63  0.9845     0.9849  0.0155     0.0151     0.2611         0.3130
    129   3.22   104.25      87.77  0.9874     0.9872  0.0126     0.0128     0.2500         0.2857
    130   3.21   101.73      87.66  0.9868     0.9872  0.0132     0.0128     0.2548         0.2894
    131   3.22   102.05      87.71  0.9871     0.9873  0.0129     0.0127     0.2557         0.2915
    132   3.22    96.13      84.94  0.9875     0.9875  0.0125     0.0125     0.2497         0.2903
    133   3.22    91.42      83.71  0.9873     0.9874  0.0127     0.0126     0.2750         0.3156
    134   3.21   132.39      89.98  0.9859     0.9856  0.0141     0.0144     0.1750         0.1927
    135   3.21   112.48      84.98  0.9869     0.9872  0.0131     0.0128     0.2339         0.2685
    136   3.21   103.81      84.96  0.9872     0.9869  0.0128     0.0131     0.2465         0.2868
    137   3.21    98.19      84.31  0.9875     0.9880  0.0125     0.0120     0.2659         0.3095
    138   3.22    95.18      83.32  0.9877     0.9874  0.0123     0.0126     0.2653         0.3043
    139   3.21   107.39      82.23  0.9867     0.9871  0.0133     0.0129     0.2320         0.2627
    140   3.21    93.03      81.53  0.9869     0.9869  0.0131     0.0131     0.2824         0.3234
    141   3.22    90.87      80.88  0.9872     0.9874  0.0128     0.0126     0.2808         0.3223
    142   3.22    91.18      80.64  0.9873     0.9873  0.0127     0.0127     0.2723         0.3109
    143   3.22    87.13      80.46  0.9874     0.9878  0.0126     0.0122     0.2879         0.3318
    144   3.22    86.03      78.47  0.9882     0.9879  0.0118     0.0121     0.2782         0.3163
    145   3.22    83.68      77.95  0.9870     0.9872  0.0130     0.0128     0.2890         0.3277
    146   3.21    84.30      78.89  0.9870     0.9869  0.0130     0.0131     0.3018         0.3443
    147   3.21   100.18      81.39  0.9871     0.9870  0.0129     0.0130     0.2722         0.3123
    148   3.21    92.59      77.52  0.9867     0.9865  0.0133     0.0135     0.2935         0.3300
    149   3.22   103.37      79.66  0.9868     0.9874  0.0132     0.0126     0.2532         0.2832
    150   3.21    89.75      78.17  0.9865     0.9868  0.0135     0.0132     0.2785         0.3192
    151   3.21    88.08      77.23  0.9874     0.9874  0.0126     0.0126     0.2857         0.3343
    152   3.22    98.97      78.92  0.9886     0.9887  0.0114     0.0113     0.2736         0.3105
    153   3.22    82.69      77.44  0.9877     0.9879  0.0123     0.0121     0.3041         0.3547
    154   3.22    83.49      76.11  0.9879     0.9875  0.0121     0.0125     0.2913         0.3326
    155   3.21    80.71      76.41  0.9875     0.9877  0.0125     0.0123     0.3128         0.3628
    156   3.21    88.47      77.71  0.9871     0.9874  0.0129     0.0126     0.2895         0.3371
    157   3.21    82.82      75.97  0.9874     0.9877  0.0126     0.0123     0.3014         0.3467
    158   3.22    79.07      76.55  0.9874     0.9873  0.0126     0.0127     0.3103         0.3641
    159   3.21    79.05      74.91  0.9880     0.9882  0.0120     0.0118     0.3055         0.3529
    160   3.22    76.90      74.23  0.9879     0.9879  0.0121     0.0121     0.3289         0.3725
    161   3.20    79.99      73.92  0.9869     0.9872  0.0131     0.0128     0.3156         0.3642
    162   3.22    76.12      73.84  0.9880     0.9880  0.0120     0.0120     0.3232         0.3736
    163   3.21    79.62      72.71  0.9875     0.9876  0.0125     0.0124     0.3156         0.3610
    164   3.21    75.65      72.77  0.9869     0.9868  0.0131     0.0132     0.3316         0.3755
    165   3.21    78.09      75.50  0.9869     0.9866  0.0131     0.0134     0.3242         0.3728
    166   3.21    74.33      73.69  0.9874     0.9875  0.0126     0.0125     0.3227         0.3800
    167   3.21    85.64      74.05  0.9869     0.9870  0.0131     0.0130     0.2929         0.3285
    168   3.21    73.71      74.08  0.9877     0.9878  0.0123     0.0122     0.3337         0.3886
    169   3.21    72.41      73.03  0.9874     0.9873  0.0126     0.0127     0.3355         0.3911
    170   3.22    77.13      72.69  0.9883     0.9883  0.0117     0.0117     0.3216         0.3740
    171   3.21    72.20      73.64  0.9866     0.9867  0.0134     0.0133     0.3239         0.3888
    172   3.21    76.23      73.35  0.9871     0.9870  0.0129     0.0130     0.3167         0.3719
    173   3.21    76.01      72.53  0.9874     0.9874  0.0126     0.0126     0.3154         0.3650
    174   3.21    84.94      74.42  0.9877     0.9878  0.0123     0.0122     0.2940         0.3364
    175   3.21    73.61      72.75  0.9874     0.9873  0.0126     0.0127     0.3258         0.3838
    176   3.21    74.08      72.15  0.9877     0.9878  0.0123     0.0122     0.3233         0.3739
    177   3.22    71.28      72.30  0.9875     0.9879  0.0125     0.0121     0.3331         0.3898
    178   3.21    81.42      72.50  0.9889     0.9885  0.0111     0.0115     0.3183         0.3656
    179   3.21    72.03      71.59  0.9885     0.9887  0.0115     0.0113     0.3397         0.3985
    180   3.21    72.77      70.72  0.9880     0.9881  0.0120     0.0119     0.3321         0.3857
    181   3.21    73.50      71.15  0.9879     0.9883  0.0121     0.0117     0.3327         0.3927
    182   3.21    71.10      70.53  0.9881     0.9882  0.0119     0.0118     0.3316         0.3956
    183   3.21    67.48      70.35  0.9886     0.9884  0.0114     0.0116     0.3440         0.4110
    184   3.22    72.27      69.72  0.9885     0.9889  0.0115     0.0111     0.3380         0.3948
    185   3.22    87.77      73.70  0.9884     0.9887  0.0116     0.0113     0.3145         0.3526
    186   3.21    72.34      70.56  0.9883     0.9885  0.0117     0.0115     0.3351         0.3953
    187   3.21    67.98      70.15  0.9888     0.9888  0.0112     0.0112     0.3589         0.4239
    188   3.22    73.05      70.30  0.9885     0.9883  0.0115     0.0117     0.3451         0.4009
    189   3.21    67.22      70.71  0.9880     0.9882  0.0120     0.0118     0.3609         0.4337
    190   3.21    78.29      70.14  0.9885     0.9882  0.0115     0.0118     0.3229         0.3663
    191   3.22    66.77      70.20  0.9882     0.9879  0.0118     0.0121     0.3609         0.4293
    192   3.21    70.89      69.40  0.9885     0.9886  0.0115     0.0114     0.3544         0.4118
    193   3.21    66.75      69.40  0.9886     0.9886  0.0114     0.0114     0.3638         0.4286
    194   3.21    65.08      69.54  0.9876     0.9880  0.0124     0.0120     0.3649         0.4357
    195   3.21    64.96      68.83  0.9879     0.9881  0.0121     0.0119     0.3658         0.4341
    196   3.20    67.83      69.68  0.9883     0.9878  0.0117     0.0122     0.3484         0.4284
    197   3.22    65.66      68.81  0.9886     0.9891  0.0114     0.0109     0.3626         0.4334
    198   3.22    66.57      68.62  0.9885     0.9887  0.0115     0.0113     0.3601         0.4320
    199   3.20    69.65      69.35  0.9872     0.9872  0.0128     0.0128     0.3424         0.4110
    200   3.21    68.89      69.40  0.9879     0.9882  0.0121     0.0118     0.3594         0.4209
    201   3.21    65.22      69.01  0.9878     0.9883  0.0122     0.0117     0.3552         0.4243
    202   3.20    65.70      69.06  0.9884     0.9881  0.0116     0.0119     0.3506         0.4256
    203   3.21    66.13      68.49  0.9880     0.9879  0.0120     0.0121     0.3605         0.4329
    204   3.21    71.27      69.42  0.9880     0.9883  0.0120     0.0117     0.3461         0.4115
    205   3.21    71.38      69.46  0.9878     0.9878  0.0122     0.0122     0.3530         0.4231
    206   3.21    69.43      69.24  0.9877     0.9875  0.0123     0.0125     0.3429         0.4165
    207   3.21    80.57      69.55  0.9883     0.9884  0.0117     0.0116     0.3404         0.3886
    208   3.21    67.08      68.63  0.9879     0.9880  0.0121     0.0120     0.3651         0.4312
    209   3.20    65.40      68.40  0.9878     0.9883  0.0122     0.0117     0.3588         0.4308
    210   3.21    64.61      68.42  0.9883     0.9882  0.0117     0.0118     0.3635         0.4387
    211   3.22    63.55      68.49  0.9890     0.9889  0.0110     0.0111     0.3680         0.4432
    212   3.21    64.14      68.00  0.9879     0.9876  0.0121     0.0124     0.3599         0.4372
    213   3.21    70.73      68.52  0.9880     0.9879  0.0120     0.0121     0.3524         0.4114
    214   3.21    66.90      68.13  0.9881     0.9884  0.0119     0.0116     0.3619         0.4290
    215   3.22    65.25      67.49  0.9888     0.9888  0.0112     0.0112     0.3617         0.4315
    216   3.21    62.74      67.88  0.9877     0.9877  0.0123     0.0123     0.3504         0.4302
    217   3.21    62.83      68.73  0.9878     0.9876  0.0122     0.0124     0.3524         0.4288
    218   3.21    62.89      67.75  0.9892     0.9887  0.0108     0.0113     0.3600         0.4436
    219   3.21    63.33      67.71  0.9884     0.9883  0.0116     0.0117     0.3595         0.4370
    220   3.21    66.23      67.24  0.9882     0.9885  0.0118     0.0115     0.3540         0.4155
    221   3.21    62.66      67.88  0.9880     0.9879  0.0120     0.0121     0.3637         0.4382
    222   3.21    66.16      66.85  0.9884     0.9881  0.0116     0.0119     0.3627         0.4344
    223   3.20    64.39      67.14  0.9874     0.9877  0.0126     0.0123     0.3608         0.4403
    224   3.20    63.03      66.94  0.9881     0.9875  0.0119     0.0125     0.3644         0.4434
    225   3.21    65.29      66.67  0.9874     0.9877  0.0126     0.0123     0.3675         0.4422
    226   3.21    65.41      66.55  0.9880     0.9881  0.0120     0.0119     0.3615         0.4363
    227   3.21    61.36      66.67  0.9874     0.9870  0.0126     0.0130     0.3670         0.4438
    228   3.21    63.01      67.13  0.9882     0.9880  0.0118     0.0120     0.3540         0.4370
    229   3.21    62.16      67.55  0.9878     0.9879  0.0122     0.0121     0.3541         0.4320
    230   3.21    65.92      67.34  0.9877     0.9885  0.0123     0.0115     0.3506         0.4257
    231   3.21    61.53      66.79  0.9876     0.9878  0.0124     0.0122     0.3549         0.4394
    232   3.21    63.97      66.69  0.9875     0.9879  0.0125     0.0121     0.3522         0.4245
    233   3.20    62.09      66.54  0.9871     0.9875  0.0129     0.0125     0.3611         0.4480
    234   3.21    60.94      66.28  0.9887     0.9884  0.0113     0.0116     0.3673         0.4506
    235   3.21    61.55      66.55  0.9889     0.9885  0.0111     0.0115     0.3589         0.4416
    236   3.20    61.06      66.52  0.9876     0.9877  0.0124     0.0123     0.3620         0.4401
    237   3.21    65.23      66.24  0.9885     0.9888  0.0115     0.0112     0.3599         0.4350
    238   3.21    61.23      66.19  0.9886     0.9886  0.0114     0.0114     0.3600         0.4390
    239   3.21    61.98      65.93  0.9884     0.9882  0.0116     0.0118     0.3600         0.4412
    240   3.20    61.88      66.51  0.9886     0.9883  0.0114     0.0117     0.3614         0.4401
    241   3.21    61.18      66.26  0.9876     0.9878  0.0124     0.0122     0.3640         0.4459
    242   3.21    64.40      65.42  0.9880     0.9882  0.0120     0.0118     0.3585         0.4330
    243   3.21    64.35      66.11  0.9887     0.9886  0.0113     0.0114     0.3618         0.4367
    244   3.20    62.50      65.74  0.9880     0.9877  0.0120     0.0123     0.3631         0.4402
    245   3.21    61.49      65.62  0.9872     0.9875  0.0128     0.0125     0.3718         0.4564
    246   3.21    60.60      65.96  0.9881     0.9883  0.0119     0.0117     0.3616         0.4507
    247   3.20    60.16      66.02  0.9872     0.9875  0.0128     0.0125     0.3720         0.4560
    248   3.21    61.91      65.77  0.9877     0.9880  0.0123     0.0120     0.3668         0.4476
    249   3.21    61.65      65.55  0.9880     0.9879  0.0120     0.0121     0.3696         0.4397
    250   3.21    59.50      65.52  0.9869     0.9875  0.0131     0.0125     0.3655         0.4523
    251   3.21    61.94      64.92  0.9875     0.9878  0.0125     0.0122     0.3621         0.4408
    252   3.20    60.81      65.45  0.9880     0.9882  0.0120     0.0118     0.3658         0.4443
    253   3.21    60.21      65.12  0.9882     0.9888  0.0118     0.0112     0.3770         0.4621
    254   3.21    60.66      65.37  0.9880     0.9882  0.0120     0.0118     0.3647         0.4473
    255   3.21    60.73      64.98  0.9879     0.9877  0.0121     0.0123     0.3669         0.4536
    256   3.21    65.24      64.78  0.9875     0.9878  0.0125     0.0122     0.3597         0.4267
    257   3.21    59.48      65.28  0.9876     0.9879  0.0124     0.0121     0.3704         0.4564
    258   3.20    62.21      64.63  0.9879     0.9879  0.0121     0.0121     0.3644         0.4455
    259   3.21    60.56      64.86  0.9879     0.9878  0.0121     0.0122     0.3575         0.4502
    260   3.21    60.09      64.70  0.9880     0.9881  0.0120     0.0119     0.3704         0.4550
    261   3.20    59.02      64.80  0.9878     0.9878  0.0122     0.0122     0.3754         0.4587
    262   3.20    59.98      64.65  0.9872     0.9875  0.0128     0.0125     0.3676         0.4545
    263   3.21    58.43      64.86  0.9879     0.9879  0.0121     0.0121     0.3616         0.4534
    264   3.21    58.45      64.53  0.9879     0.9876  0.0121     0.0124     0.3683         0.4571
    265   3.21    58.63      64.56  0.9883     0.9885  0.0117     0.0115     0.3692         0.4592
    266   3.21    58.36      65.00  0.9877     0.9883  0.0123     0.0117     0.3774         0.4649
    267   3.21    57.80      64.32  0.9881     0.9884  0.0119     0.0116     0.3727         0.4601
    268   3.21    58.25      64.42  0.9884     0.9885  0.0116     0.0115     0.3724         0.4603
    269   3.21    58.37      64.30  0.9879     0.9885  0.0121     0.0115     0.3693         0.4611
    270   3.21    58.96      64.07  0.9881     0.9882  0.0119     0.0118     0.3761         0.4568
    271   3.20    60.43      64.08  0.9874     0.9877  0.0126     0.0123     0.3702         0.4539
    272   3.21    61.86      64.09  0.9887     0.9886  0.0113     0.0114     0.3637         0.4429
    273   3.21    59.22      64.35  0.9887     0.9883  0.0113     0.0117     0.3648         0.4602
    274   3.21    59.86      63.84  0.9880     0.9878  0.0120     0.0122     0.3621         0.4504
    275   3.21    63.28      63.89  0.9878     0.9875  0.0122     0.0125     0.3610         0.4343
    276   3.21    59.13      64.09  0.9883     0.9880  0.0117     0.0120     0.3606         0.4563
    277   3.20    58.94      64.26  0.9874     0.9880  0.0126     0.0120     0.3710         0.4573
    278   3.21    58.37      64.30  0.9880     0.9878  0.0120     0.0122     0.3666         0.4564
    279   3.21    61.19      64.39  0.9872     0.9879  0.0128     0.0121     0.3594         0.4379
    280   3.21    58.61      64.04  0.9880     0.9880  0.0120     0.0120     0.3604         0.4511
    281   3.21    59.19      64.10  0.9882     0.9879  0.0118     0.0121     0.3678         0.4557
    282   3.21    59.49      64.25  0.9883     0.9881  0.0117     0.0119     0.3701         0.4545
    283   3.21    58.96      64.45  0.9877     0.9880  0.0123     0.0120     0.3617         0.4449
    284   3.20    60.41      64.17  0.9884     0.9884  0.0116     0.0116     0.3715         0.4594
    285   3.21    59.45      64.27  0.9887     0.9884  0.0113     0.0116     0.3773         0.4599
    286   3.20    57.56      64.25  0.9873     0.9870  0.0127     0.0130     0.3758         0.4621
    287   3.21    58.90      64.13  0.9874     0.9877  0.0126     0.0123     0.3639         0.4502
    288   3.21    57.68      64.11  0.9884     0.9884  0.0116     0.0116     0.3730         0.4633
    289   3.21    58.44      63.98  0.9882     0.9883  0.0118     0.0117     0.3693         0.4577
    290   3.21    59.13      64.05  0.9881     0.9882  0.0119     0.0118     0.3729         0.4555
    291   3.20    58.27      64.24  0.9872     0.9874  0.0128     0.0126     0.3711         0.4632
    292   3.21    58.45      63.95  0.9875     0.9877  0.0125     0.0123     0.3699         0.4609
    293   3.20    59.69      63.68  0.9879     0.9877  0.0121     0.0123     0.3740         0.4626
    294   3.21    58.08      64.05  0.9882     0.9881  0.0118     0.0119     0.3660         0.4551
    295   3.21    58.24      63.87  0.9878     0.9874  0.0122     0.0126     0.3711         0.4627
    296   3.21    56.83      63.76  0.9883     0.9885  0.0117     0.0115     0.3747         0.4703
    297   3.20    58.55      63.64  0.9879     0.9877  0.0121     0.0123     0.3718         0.4602
    298   3.21    57.74      63.64  0.9878     0.9880  0.0122     0.0120     0.3770         0.4659
    299   3.20    58.22      63.71  0.9867     0.9876  0.0133     0.0124     0.3705         0.4611
    300   3.20    56.97      63.59  0.9875     0.9883  0.0125     0.0117     0.3732         0.4654
The log/output/model have been saved to: ./logs/train.py-multi_zetas300_False_True_True_1.953125e-06_3.90625e-06_7.8125e-06-xii-04-23-14:35 + .csv/.out/.cpt
