  epoch    IZY    IXZ_1     acc    avg_acc     err    avg_err    adv_acc    avg_adv_acc
-------  -----  -------  ------  ---------  ------  ---------  ---------  -------------
      1   2.88    24.72  0.9133     0.9301  0.0867     0.0699     0.0602         0.0607
      2   3.09    22.63  0.9579     0.9654  0.0421     0.0346     0.0460         0.0478
      3   3.10    16.79  0.9610     0.9656  0.0390     0.0344     0.1086         0.1133
      4   3.16    16.96  0.9717     0.9766  0.0283     0.0234     0.0978         0.1017
      5   3.11    15.11  0.9642     0.9697  0.0358     0.0303     0.1824         0.1896
      6   3.12    14.86  0.9686     0.9731  0.0314     0.0269     0.2359         0.2413
      7   3.15    14.13  0.9734     0.9769  0.0266     0.0231     0.2808         0.2889
      8   3.15    15.17  0.9738     0.9776  0.0262     0.0224     0.2636         0.2732
      9   3.17    17.22  0.9772     0.9800  0.0228     0.0200     0.3302         0.3362
     10   3.18    13.80  0.9798     0.9825  0.0202     0.0175     0.4010         0.4120
     11   3.18    13.83  0.9807     0.9836  0.0193     0.0164     0.3899         0.4004
     12   3.18    20.05  0.9793     0.9803  0.0207     0.0197     0.4177         0.4237
     13   3.15    13.25  0.9765     0.9795  0.0235     0.0205     0.4175         0.4314
     14   3.13    13.16  0.9737     0.9753  0.0263     0.0247     0.4749         0.4983
     15   3.17    11.94  0.9783     0.9816  0.0217     0.0184     0.5185         0.5387
     16   3.14    13.68  0.9761     0.9808  0.0239     0.0192     0.4617         0.4832
     17   3.17    12.55  0.9803     0.9830  0.0197     0.0170     0.5129         0.5355
     18   3.14    11.94  0.9753     0.9795  0.0247     0.0205     0.4878         0.5067
     19   3.14    13.12  0.9773     0.9796  0.0227     0.0204     0.4513         0.4651
     20   3.18    12.07  0.9823     0.9850  0.0177     0.0150     0.4778         0.4993
     21   3.18    14.45  0.9818     0.9831  0.0182     0.0169     0.4943         0.5042
     22   3.15    11.64  0.9776     0.9813  0.0224     0.0187     0.4923         0.5103
     23   3.16    11.39  0.9803     0.9820  0.0197     0.0180     0.5324         0.5473
     24   3.13    10.92  0.9765     0.9803  0.0235     0.0197     0.5610         0.5875
     25   3.16    10.79  0.9797     0.9841  0.0203     0.0159     0.5063         0.5259
     26   3.15    11.01  0.9787     0.9830  0.0213     0.0170     0.5418         0.5589
     27   3.16    11.05  0.9797     0.9847  0.0203     0.0153     0.4905         0.5091
     28   3.16    12.80  0.9813     0.9834  0.0187     0.0166     0.5639         0.5805
     29   3.14    10.60  0.9774     0.9822  0.0226     0.0178     0.5845         0.6055
     30   3.11    11.53  0.9763     0.9778  0.0237     0.0222     0.5462         0.5609
     31   3.11    11.16  0.9735     0.9787  0.0265     0.0213     0.5127         0.5262
     32   3.15    10.70  0.9779     0.9828  0.0221     0.0172     0.4790         0.4981
     33   3.18    11.72  0.9834     0.9848  0.0166     0.0152     0.5434         0.5527
     34   3.15    11.67  0.9803     0.9833  0.0197     0.0167     0.5438         0.5625
     35   3.17    10.68  0.9816     0.9848  0.0184     0.0152     0.5506         0.5649
     36   3.18    11.40  0.9825     0.9851  0.0175     0.0149     0.5491         0.5676
     37   3.16    12.71  0.9815     0.9837  0.0185     0.0163     0.6390         0.6523
     38   3.15    10.72  0.9808     0.9833  0.0192     0.0167     0.6059         0.6171
     39   3.15    10.88  0.9814     0.9844  0.0186     0.0156     0.5843         0.6002
     40   3.17    11.53  0.9833     0.9849  0.0167     0.0151     0.6016         0.6150
     41   3.17    10.14  0.9830     0.9852  0.0170     0.0148     0.5876         0.6012
     42   3.15    10.79  0.9804     0.9845  0.0196     0.0155     0.5348         0.5490
     43   3.16    11.18  0.9821     0.9846  0.0179     0.0154     0.5482         0.5630
     44   3.18    10.80  0.9836     0.9846  0.0164     0.0154     0.6148         0.6256
     45   3.16    10.15  0.9811     0.9852  0.0189     0.0148     0.6355         0.6528
     46   3.18    10.24  0.9846     0.9867  0.0154     0.0133     0.6475         0.6618
     47   3.17    10.08  0.9822     0.9869  0.0178     0.0131     0.5986         0.6129
     48   3.17    10.65  0.9831     0.9861  0.0169     0.0139     0.5764         0.5872
     49   3.17    10.18  0.9815     0.9861  0.0185     0.0139     0.5667         0.5827
     50   3.14    10.38  0.9809     0.9832  0.0191     0.0168     0.5622         0.5743
     51   3.17    10.66  0.9825     0.9846  0.0175     0.0154     0.6001         0.6082
     52   3.16    10.13  0.9820     0.9856  0.0180     0.0144     0.5982         0.6101
     53   3.17     9.82  0.9823     0.9866  0.0177     0.0134     0.5585         0.5715
     54   3.15     9.92  0.9815     0.9855  0.0185     0.0145     0.5187         0.5336
     55   3.14     9.84  0.9793     0.9839  0.0207     0.0161     0.6239         0.6378
     56   3.14     9.93  0.9800     0.9844  0.0200     0.0156     0.6125         0.6271
     57   3.15    10.18  0.9827     0.9864  0.0173     0.0136     0.6439         0.6533
     58   3.15    10.65  0.9825     0.9845  0.0175     0.0155     0.6334         0.6422
     59   3.17    11.92  0.9831     0.9851  0.0169     0.0149     0.6448         0.6550
     60   3.14    10.28  0.9811     0.9840  0.0189     0.0160     0.5415         0.5508
     61   3.15    10.37  0.9825     0.9845  0.0175     0.0155     0.5772         0.5880
     62   3.16    10.46  0.9828     0.9864  0.0172     0.0136     0.5462         0.5522
     63   3.13    10.19  0.9777     0.9834  0.0223     0.0166     0.5353         0.5455
     64   3.18    10.79  0.9858     0.9875  0.0142     0.0125     0.5874         0.5920
     65   3.16    10.24  0.9812     0.9848  0.0188     0.0152     0.6040         0.6104
     66   3.15    10.39  0.9814     0.9850  0.0186     0.0150     0.5371         0.5434
     67   3.18    10.17  0.9841     0.9865  0.0159     0.0135     0.5508         0.5563
     68   3.15    10.40  0.9830     0.9854  0.0170     0.0146     0.5688         0.5745
     69   3.15    10.34  0.9825     0.9851  0.0175     0.0149     0.6232         0.6289
     70   3.19    11.18  0.9862     0.9879  0.0138     0.0121     0.6320         0.6391
     71   3.18     9.71  0.9831     0.9873  0.0169     0.0127     0.5523         0.5591
     72   3.18    10.89  0.9851     0.9872  0.0149     0.0128     0.5573         0.5654
     73   3.14    10.80  0.9825     0.9832  0.0175     0.0168     0.4842         0.4896
     74   3.14    11.39  0.9809     0.9827  0.0191     0.0173     0.5818         0.5876
     75   3.15     9.95  0.9820     0.9852  0.0180     0.0148     0.6390         0.6461
     76   3.15     9.59  0.9831     0.9855  0.0169     0.0145     0.6273         0.6335
     77   3.13     9.55  0.9817     0.9856  0.0183     0.0144     0.6289         0.6352
     78   3.11     9.68  0.9785     0.9842  0.0215     0.0158     0.5607         0.5675
     79   3.15     9.81  0.9816     0.9864  0.0184     0.0136     0.5395         0.5494
     80   3.16    10.19  0.9829     0.9861  0.0171     0.0139     0.6092         0.6129
     81   3.16     9.65  0.9831     0.9861  0.0169     0.0139     0.6226         0.6307
     82   3.09     9.74  0.9773     0.9819  0.0227     0.0181     0.5504         0.5628
     83   3.15     9.81  0.9813     0.9848  0.0187     0.0152     0.6076         0.6140
     84   3.14     9.93  0.9827     0.9849  0.0173     0.0151     0.6277         0.6325
     85   3.17    11.30  0.9840     0.9868  0.0160     0.0132     0.5914         0.5967
     86   3.14     9.63  0.9797     0.9837  0.0203     0.0163     0.5404         0.5470
     87   3.12     9.54  0.9784     0.9836  0.0216     0.0164     0.5905         0.5977
     88   3.12     9.49  0.9816     0.9839  0.0184     0.0161     0.6131         0.6201
     89   3.13     9.75  0.9812     0.9848  0.0188     0.0152     0.6114         0.6170
     90   3.14     9.49  0.9809     0.9858  0.0191     0.0142     0.5916         0.5983
     91   3.15     9.48  0.9820     0.9860  0.0180     0.0140     0.6297         0.6368
     92   3.13     9.38  0.9813     0.9859  0.0187     0.0141     0.5781         0.5851
     93   3.14     9.98  0.9815     0.9849  0.0185     0.0151     0.5804         0.5867
     94   3.16     9.40  0.9833     0.9877  0.0167     0.0123     0.6234         0.6312
     95   3.18     9.56  0.9857     0.9882  0.0143     0.0118     0.5990         0.6059
     96   3.16     9.47  0.9827     0.9879  0.0173     0.0121     0.6147         0.6209
     97   3.18     9.70  0.9849     0.9880  0.0151     0.0120     0.5940         0.5998
     98   3.15     9.62  0.9824     0.9861  0.0176     0.0139     0.6035         0.6117
     99   3.14     9.58  0.9813     0.9854  0.0187     0.0146     0.6671         0.6730
    100   3.16     9.52  0.9837     0.9873  0.0163     0.0127     0.7093         0.7154
    101   3.17     9.89  0.9847     0.9877  0.0153     0.0123     0.7028         0.7088
    102   3.16     9.41  0.9838     0.9871  0.0162     0.0129     0.6960         0.7022
    103   3.16     9.72  0.9837     0.9867  0.0163     0.0133     0.6250         0.6310
    104   3.17     9.50  0.9836     0.9871  0.0164     0.0129     0.6075         0.6126
    105   3.16     9.69  0.9838     0.9864  0.0162     0.0136     0.6149         0.6199
    106   3.16     9.44  0.9825     0.9868  0.0175     0.0132     0.5782         0.5852
    107   3.17     9.98  0.9840     0.9873  0.0160     0.0127     0.5351         0.5412
    108   3.14    10.11  0.9832     0.9859  0.0168     0.0141     0.5850         0.5896
    109   3.17     9.89  0.9843     0.9866  0.0157     0.0134     0.6393         0.6433
    110   3.15     9.71  0.9836     0.9869  0.0164     0.0131     0.6636         0.6689
    111   3.16     9.75  0.9846     0.9873  0.0154     0.0127     0.6377         0.6431
    112   3.17     9.48  0.9830     0.9870  0.0170     0.0130     0.6288         0.6346
    113   3.15    10.55  0.9827     0.9851  0.0173     0.0149     0.6479         0.6514
    114   3.16     9.43  0.9835     0.9871  0.0165     0.0129     0.6624         0.6676
    115   3.16    10.15  0.9850     0.9873  0.0150     0.0127     0.6408         0.6427
    116   3.17     9.40  0.9829     0.9871  0.0171     0.0129     0.6576         0.6631
    117   3.17     9.55  0.9834     0.9876  0.0166     0.0124     0.6407         0.6460
    118   3.16     9.87  0.9830     0.9854  0.0170     0.0146     0.5907         0.5945
    119   3.15     9.44  0.9836     0.9871  0.0164     0.0129     0.6360         0.6392
    120   3.16     9.44  0.9827     0.9859  0.0173     0.0141     0.6194         0.6261
    121   3.16     9.21  0.9830     0.9874  0.0170     0.0126     0.6307         0.6357
    122   3.17     9.29  0.9833     0.9872  0.0167     0.0128     0.6263         0.6330
    123   3.16     9.46  0.9832     0.9875  0.0168     0.0125     0.6134         0.6192
    124   3.15     9.25  0.9814     0.9878  0.0186     0.0122     0.5983         0.6024
    125   3.15     9.80  0.9819     0.9852  0.0181     0.0148     0.5580         0.5626
    126   3.16     9.14  0.9836     0.9872  0.0164     0.0128     0.6175         0.6260
    127   3.16     9.44  0.9847     0.9874  0.0153     0.0126     0.5793         0.5847
    128   3.14    10.14  0.9836     0.9855  0.0164     0.0145     0.5741         0.5783
    129   3.14     9.35  0.9816     0.9864  0.0184     0.0136     0.5967         0.6041
    130   3.15     9.31  0.9837     0.9867  0.0163     0.0133     0.5868         0.5958
    131   3.15     9.26  0.9827     0.9865  0.0173     0.0135     0.6068         0.6131
    132   3.17     9.47  0.9843     0.9865  0.0157     0.0135     0.5903         0.5984
    133   3.16     9.84  0.9834     0.9859  0.0166     0.0141     0.5907         0.5954
    134   3.16     9.79  0.9820     0.9863  0.0180     0.0137     0.5795         0.5880
    135   3.15     9.67  0.9837     0.9869  0.0163     0.0131     0.6261         0.6303
    136   3.14     9.37  0.9812     0.9870  0.0188     0.0130     0.5653         0.5709
    137   3.15     9.51  0.9822     0.9862  0.0178     0.0138     0.5511         0.5533
    138   3.16     9.57  0.9837     0.9870  0.0163     0.0130     0.5830         0.5897
    139   3.16     9.20  0.9826     0.9876  0.0174     0.0124     0.6174         0.6236
    140   3.16     9.63  0.9854     0.9878  0.0146     0.0122     0.6093         0.6139
    141   3.16     9.39  0.9827     0.9866  0.0173     0.0134     0.5903         0.5972
    142   3.15     9.29  0.9833     0.9867  0.0167     0.0133     0.6594         0.6670
    143   3.15     9.81  0.9852     0.9872  0.0148     0.0128     0.6462         0.6523
    144   3.16     9.16  0.9810     0.9869  0.0190     0.0131     0.6515         0.6580
    145   3.16     9.39  0.9836     0.9875  0.0164     0.0125     0.6148         0.6191
    146   3.16     9.57  0.9841     0.9868  0.0159     0.0132     0.5995         0.6035
    147   3.16     9.80  0.9844     0.9864  0.0156     0.0136     0.5936         0.5988
    148   3.17     9.04  0.9814     0.9862  0.0186     0.0138     0.6144         0.6222
    149   3.15     9.30  0.9832     0.9872  0.0168     0.0128     0.6305         0.6354
    150   3.16     9.48  0.9827     0.9865  0.0173     0.0135     0.6302         0.6355
    151   3.15     9.14  0.9839     0.9866  0.0161     0.0134     0.6448         0.6542
    152   3.16     9.19  0.9838     0.9866  0.0162     0.0134     0.6351         0.6402
    153   3.16     9.09  0.9832     0.9867  0.0168     0.0133     0.6463         0.6519
    154   3.14     9.13  0.9813     0.9870  0.0187     0.0130     0.6093         0.6161
    155   3.17     9.42  0.9845     0.9876  0.0155     0.0124     0.6345         0.6404
    156   3.17     9.38  0.9847     0.9877  0.0153     0.0123     0.6411         0.6485
    157   3.17     9.59  0.9849     0.9872  0.0151     0.0128     0.6514         0.6543
    158   3.16     9.40  0.9829     0.9866  0.0171     0.0134     0.6492         0.6568
    159   3.16     9.31  0.9840     0.9874  0.0160     0.0126     0.6662         0.6707
    160   3.16     9.20  0.9821     0.9871  0.0179     0.0129     0.6637         0.6705
    161   3.16     9.35  0.9849     0.9872  0.0151     0.0128     0.6204         0.6261
    162   3.14     9.11  0.9824     0.9868  0.0176     0.0132     0.6227         0.6290
    163   3.16     9.36  0.9828     0.9880  0.0172     0.0120     0.6209         0.6286
    164   3.15     9.20  0.9833     0.9875  0.0167     0.0125     0.6286         0.6342
    165   3.17     9.50  0.9846     0.9874  0.0154     0.0126     0.6150         0.6203
    166   3.14     9.18  0.9836     0.9871  0.0164     0.0129     0.5973         0.6022
    167   3.14     9.21  0.9824     0.9862  0.0176     0.0138     0.6114         0.6164
    168   3.15     9.20  0.9829     0.9863  0.0171     0.0137     0.6345         0.6415
    169   3.14     9.34  0.9826     0.9870  0.0174     0.0130     0.6432         0.6506
    170   3.16     9.74  0.9837     0.9868  0.0163     0.0132     0.6320         0.6351
    171   3.14     9.45  0.9823     0.9863  0.0177     0.0137     0.6391         0.6445
    172   3.15     9.47  0.9821     0.9865  0.0179     0.0135     0.6155         0.6188
    173   3.16     9.33  0.9841     0.9864  0.0159     0.0136     0.6227         0.6301
    174   3.14     9.06  0.9831     0.9866  0.0169     0.0134     0.6343         0.6406
    175   3.15     9.53  0.9839     0.9875  0.0161     0.0125     0.6307         0.6352
    176   3.16     9.51  0.9848     0.9866  0.0152     0.0134     0.6184         0.6230
    177   3.15     9.12  0.9829     0.9868  0.0171     0.0132     0.6177         0.6227
    178   3.16     9.03  0.9820     0.9869  0.0180     0.0131     0.5918         0.5998
    179   3.15     9.11  0.9830     0.9864  0.0170     0.0136     0.5974         0.6057
    180   3.14     9.17  0.9818     0.9868  0.0182     0.0132     0.5961         0.6025
    181   3.15     9.44  0.9836     0.9878  0.0164     0.0122     0.6116         0.6202
    182   3.16     9.08  0.9830     0.9881  0.0170     0.0119     0.6403         0.6471
    183   3.16     9.02  0.9831     0.9878  0.0169     0.0122     0.6278         0.6334
    184   3.16     9.37  0.9840     0.9879  0.0160     0.0121     0.6292         0.6351
    185   3.16     9.16  0.9837     0.9870  0.0163     0.0130     0.6361         0.6425
    186   3.16     9.42  0.9842     0.9873  0.0158     0.0127     0.6209         0.6240
    187   3.15     9.01  0.9823     0.9868  0.0177     0.0132     0.6415         0.6500
    188   3.16     9.26  0.9842     0.9873  0.0158     0.0127     0.6595         0.6642
    189   3.16     9.29  0.9835     0.9862  0.0165     0.0138     0.6496         0.6609
    190   3.15     9.10  0.9814     0.9869  0.0186     0.0131     0.6703         0.6778
    191   3.14     9.23  0.9820     0.9869  0.0180     0.0131     0.6648         0.6692
    192   3.17     9.35  0.9839     0.9877  0.0161     0.0123     0.6666         0.6753
    193   3.16     9.40  0.9840     0.9875  0.0160     0.0125     0.6723         0.6794
    194   3.17     9.22  0.9842     0.9868  0.0158     0.0132     0.6705         0.6765
    195   3.16     9.53  0.9835     0.9874  0.0165     0.0126     0.6749         0.6807
    196   3.15     9.10  0.9826     0.9867  0.0174     0.0133     0.6587         0.6661
    197   3.16     9.37  0.9842     0.9872  0.0158     0.0128     0.6585         0.6650
    198   3.17     9.11  0.9839     0.9876  0.0161     0.0124     0.6586         0.6686
    199   3.16     9.15  0.9838     0.9876  0.0162     0.0124     0.6396         0.6455
    200   3.16     9.38  0.9837     0.9875  0.0163     0.0125     0.6433         0.6517
    201   3.16     9.05  0.9835     0.9868  0.0165     0.0132     0.6349         0.6436
    202   3.16     9.20  0.9830     0.9874  0.0170     0.0126     0.6199         0.6265
    203   3.15     9.25  0.9822     0.9873  0.0178     0.0127     0.6222         0.6293
    204   3.17     9.20  0.9828     0.9862  0.0172     0.0138     0.6377         0.6432
    205   3.15     9.08  0.9823     0.9869  0.0177     0.0131     0.6426         0.6486
    206   3.16     9.28  0.9830     0.9871  0.0170     0.0129     0.6060         0.6145
    207   3.16     9.37  0.9832     0.9869  0.0168     0.0131     0.6254         0.6326
    208   3.15     9.04  0.9822     0.9863  0.0178     0.0137     0.6193         0.6261
    209   3.16     9.17  0.9821     0.9868  0.0179     0.0132     0.6330         0.6412
    210   3.15     9.33  0.9832     0.9873  0.0168     0.0127     0.6503         0.6595
    211   3.16     9.21  0.9831     0.9873  0.0169     0.0127     0.6563         0.6632
    212   3.16     9.53  0.9837     0.9871  0.0163     0.0129     0.6611         0.6732
    213   3.16     9.18  0.9844     0.9874  0.0156     0.0126     0.6555         0.6623
    214   3.16     9.12  0.9842     0.9874  0.0158     0.0126     0.6672         0.6739
    215   3.16     9.05  0.9830     0.9876  0.0170     0.0124     0.6526         0.6615
    216   3.16     9.12  0.9828     0.9878  0.0172     0.0122     0.6530         0.6597
    217   3.16     9.27  0.9835     0.9873  0.0165     0.0127     0.6427         0.6544
    218   3.16     9.22  0.9849     0.9872  0.0151     0.0128     0.6494         0.6571
    219   3.16     9.31  0.9837     0.9869  0.0163     0.0131     0.6485         0.6579
    220   3.16     9.21  0.9837     0.9876  0.0163     0.0124     0.6405         0.6498
    221   3.17     9.24  0.9856     0.9875  0.0144     0.0125     0.6505         0.6578
    222   3.16     9.17  0.9844     0.9875  0.0156     0.0125     0.6518         0.6619
    223   3.15     9.10  0.9833     0.9869  0.0167     0.0131     0.6613         0.6690
    224   3.16     9.20  0.9836     0.9870  0.0164     0.0130     0.6432         0.6550
    225   3.14     9.05  0.9822     0.9866  0.0178     0.0134     0.6361         0.6453
    226   3.16     9.21  0.9835     0.9874  0.0165     0.0126     0.6347         0.6439
    227   3.16     9.03  0.9826     0.9872  0.0174     0.0128     0.6367         0.6460
    228   3.16     9.38  0.9838     0.9870  0.0162     0.0130     0.6278         0.6402
    229   3.15     9.58  0.9834     0.9865  0.0166     0.0135     0.6305         0.6415
    230   3.15     9.16  0.9832     0.9869  0.0168     0.0131     0.6323         0.6451
    231   3.17     9.15  0.9848     0.9869  0.0152     0.0131     0.6454         0.6553
    232   3.15     9.18  0.9827     0.9868  0.0173     0.0132     0.6310         0.6428
    233   3.16     9.26  0.9843     0.9869  0.0157     0.0131     0.6331         0.6456
    234   3.16     9.11  0.9814     0.9869  0.0186     0.0131     0.6282         0.6375
    235   3.17     9.13  0.9845     0.9866  0.0155     0.0134     0.6207         0.6322
    236   3.16     9.18  0.9844     0.9872  0.0156     0.0128     0.6264         0.6367
    237   3.16     9.09  0.9837     0.9869  0.0163     0.0131     0.6302         0.6411
    238   3.16     9.61  0.9843     0.9870  0.0157     0.0130     0.6206         0.6291
    239   3.17     9.14  0.9833     0.9875  0.0167     0.0125     0.6121         0.6240
    240   3.15     9.23  0.9826     0.9878  0.0174     0.0122     0.6184         0.6302
    241   3.16     9.14  0.9839     0.9874  0.0161     0.0126     0.6345         0.6481
    242   3.16     8.98  0.9832     0.9879  0.0168     0.0121     0.6284         0.6402
    243   3.16     9.13  0.9833     0.9871  0.0167     0.0129     0.6373         0.6476
    244   3.16     9.24  0.9837     0.9867  0.0163     0.0133     0.6373         0.6435
    245   3.16     9.13  0.9836     0.9872  0.0164     0.0128     0.6288         0.6446
    246   3.16     9.25  0.9847     0.9874  0.0153     0.0126     0.6107         0.6229
    247   3.16     9.06  0.9829     0.9873  0.0171     0.0127     0.6168         0.6295
    248   3.17     9.10  0.9836     0.9871  0.0164     0.0129     0.6291         0.6447
    249   3.16     9.14  0.9833     0.9877  0.0167     0.0123     0.6351         0.6473
    250   3.16     9.25  0.9841     0.9869  0.0159     0.0131     0.6271         0.6373
    251   3.17     9.15  0.9843     0.9874  0.0157     0.0126     0.6206         0.6332
    252   3.16     9.22  0.9831     0.9871  0.0169     0.0129     0.6183         0.6315
    253   3.16     9.29  0.9845     0.9871  0.0155     0.0129     0.6268         0.6373
    254   3.16     9.16  0.9843     0.9872  0.0157     0.0128     0.6421         0.6551
    255   3.16     9.19  0.9837     0.9875  0.0163     0.0125     0.6331         0.6470
    256   3.15     9.22  0.9841     0.9873  0.0159     0.0127     0.6170         0.6261
    257   3.17     9.16  0.9849     0.9874  0.0151     0.0126     0.6161         0.6294
    258   3.17     9.11  0.9855     0.9874  0.0145     0.0126     0.6053         0.6171
    259   3.15     9.18  0.9834     0.9873  0.0166     0.0127     0.6158         0.6316
    260   3.17     9.16  0.9839     0.9863  0.0161     0.0137     0.6134         0.6282
    261   3.16     9.20  0.9837     0.9868  0.0163     0.0132     0.6035         0.6208
    262   3.16     9.12  0.9825     0.9867  0.0175     0.0133     0.5992         0.6118
    263   3.17     9.24  0.9843     0.9865  0.0157     0.0135     0.6098         0.6230
    264   3.15     9.10  0.9830     0.9872  0.0170     0.0128     0.6028         0.6159
    265   3.16     9.19  0.9830     0.9871  0.0170     0.0129     0.5965         0.6129
    266   3.16     9.08  0.9832     0.9867  0.0168     0.0133     0.6038         0.6185
    267   3.15     9.12  0.9835     0.9868  0.0165     0.0132     0.6158         0.6340
    268   3.16     9.19  0.9838     0.9867  0.0162     0.0133     0.6219         0.6392
    269   3.16     9.04  0.9840     0.9873  0.0160     0.0127     0.6307         0.6460
    270   3.16     9.14  0.9846     0.9881  0.0154     0.0119     0.6340         0.6511
    271   3.16     9.14  0.9829     0.9876  0.0171     0.0124     0.6319         0.6466
    272   3.17     9.14  0.9848     0.9875  0.0152     0.0125     0.6372         0.6508
    273   3.16     9.21  0.9849     0.9870  0.0151     0.0130     0.6406         0.6568
    274   3.16     9.18  0.9841     0.9875  0.0159     0.0125     0.6433         0.6596
    275   3.17     9.11  0.9829     0.9870  0.0171     0.0130     0.6387         0.6537
    276   3.16     9.17  0.9837     0.9874  0.0163     0.0126     0.6453         0.6598
    277   3.16     9.06  0.9826     0.9872  0.0174     0.0128     0.6424         0.6576
    278   3.16     9.13  0.9835     0.9871  0.0165     0.0129     0.6334         0.6507
    279   3.15     9.06  0.9831     0.9873  0.0169     0.0127     0.6354         0.6516
    280   3.16     9.13  0.9834     0.9870  0.0166     0.0130     0.6267         0.6462
    281   3.16     9.12  0.9836     0.9870  0.0164     0.0130     0.6254         0.6407
    282   3.15     9.24  0.9837     0.9874  0.0163     0.0126     0.6311         0.6502
    283   3.16     9.23  0.9832     0.9870  0.0168     0.0130     0.6169         0.6367
    284   3.16     9.13  0.9835     0.9872  0.0165     0.0128     0.6276         0.6407
    285   3.16     9.21  0.9833     0.9872  0.0167     0.0128     0.6231         0.6398
    286   3.15     9.06  0.9838     0.9872  0.0162     0.0128     0.6151         0.6335
    287   3.15     9.20  0.9833     0.9872  0.0167     0.0128     0.6221         0.6381
    288   3.16     9.17  0.9832     0.9868  0.0168     0.0132     0.6227         0.6381
    289   3.15     9.07  0.9829     0.9870  0.0171     0.0130     0.6067         0.6250
    290   3.16     9.10  0.9833     0.9867  0.0167     0.0133     0.6175         0.6344
    291   3.16     9.13  0.9831     0.9869  0.0169     0.0131     0.6126         0.6288
    292   3.16     9.13  0.9833     0.9872  0.0167     0.0128     0.6043         0.6204
    293   3.16     9.10  0.9836     0.9869  0.0164     0.0131     0.6124         0.6307
    294   3.16     9.11  0.9841     0.9871  0.0159     0.0129     0.6126         0.6310
    295   3.15     9.07  0.9830     0.9873  0.0170     0.0127     0.6151         0.6386
    296   3.16     9.15  0.9852     0.9871  0.0148     0.0129     0.6072         0.6261
    297   3.17     9.12  0.9840     0.9867  0.0160     0.0133     0.6025         0.6237
    298   3.16     9.16  0.9829     0.9873  0.0171     0.0127     0.6101         0.6309
    299   3.16     9.11  0.9827     0.9875  0.0173     0.0125     0.6054         0.6262
    300   3.16     9.03  0.9839     0.9868  0.0161     0.0132     0.6149         0.6348
The log/output/model have been saved to: ./logs/train.py-multi_zetas300_False_False_True_0.01_0.01_0.01-sex-04-23-18:38 + .csv/.out/.cpt
