  epoch    IZY    IXZ_1     acc    avg_acc     err    avg_err    adv_acc    avg_adv_acc
-------  -----  -------  ------  ---------  ------  ---------  ---------  -------------
      1   3.12   687.99  0.9551     0.9552  0.0449     0.0448     0.0246         0.0247
      2   3.19   683.08  0.9720     0.9720  0.0280     0.0280     0.0154         0.0154
      3   3.19   683.08  0.9704     0.9703  0.0296     0.0297     0.0167         0.0166
      4   3.21   687.59  0.9750     0.9752  0.0250     0.0248     0.0146         0.0146
      5   3.22   699.73  0.9785     0.9786  0.0215     0.0214     0.0149         0.0149
      6   3.21   715.27  0.9771     0.9771  0.0229     0.0229     0.0191         0.0191
      7   3.22   715.43  0.9799     0.9798  0.0201     0.0202     0.0228         0.0228
      8   3.22   729.40  0.9791     0.9790  0.0209     0.0210     0.0384         0.0382
      9   3.20   742.11  0.9800     0.9799  0.0200     0.0201     0.0665         0.0664
     10   3.22   721.03  0.9803     0.9803  0.0197     0.0197     0.0500         0.0501
     11   3.20   724.10  0.9773     0.9772  0.0227     0.0228     0.0404         0.0404
     12   3.20   756.36  0.9773     0.9775  0.0227     0.0225     0.0988         0.0987
     13   3.21   761.12  0.9808     0.9808  0.0192     0.0192     0.1142         0.1138
     14   3.18   742.32  0.9747     0.9746  0.0253     0.0254     0.1189         0.1187
     15   3.19   737.70  0.9793     0.9794  0.0207     0.0206     0.0795         0.0796
     16   3.16   758.72  0.9717     0.9715  0.0283     0.0285     0.1063         0.1061
     17   3.16   778.67  0.9755     0.9755  0.0245     0.0245     0.1291         0.1289
     18   3.18   771.58  0.9768     0.9768  0.0232     0.0232     0.1169         0.1172
     19   3.21   737.55  0.9820     0.9820  0.0180     0.0180     0.0844         0.0843
     20   3.21   767.28  0.9828     0.9828  0.0172     0.0172     0.1091         0.1091
     21   3.21   804.57  0.9836     0.9836  0.0164     0.0164     0.1518         0.1518
     22   3.17   770.46  0.9760     0.9760  0.0240     0.0240     0.1118         0.1116
     23   3.20   817.52  0.9837     0.9838  0.0163     0.0162     0.1868         0.1873
     24   3.21   776.60  0.9838     0.9838  0.0162     0.0162     0.1526         0.1530
     25   3.20   788.73  0.9826     0.9826  0.0174     0.0174     0.1808         0.1811
     26   3.19   782.93  0.9797     0.9797  0.0203     0.0203     0.1917         0.1916
     27   3.19   795.90  0.9799     0.9799  0.0201     0.0201     0.2070         0.2071
     28   3.20   795.72  0.9821     0.9821  0.0179     0.0179     0.1716         0.1716
     29   3.18   804.51  0.9821     0.9820  0.0179     0.0180     0.1701         0.1700
     30   3.20   802.99  0.9836     0.9836  0.0164     0.0164     0.2176         0.2177
     31   3.20   784.05  0.9824     0.9824  0.0176     0.0176     0.1645         0.1645
     32   3.19   807.49  0.9815     0.9815  0.0185     0.0185     0.2000         0.1997
     33   3.19   766.71  0.9799     0.9798  0.0201     0.0202     0.1697         0.1696
     34   3.21   792.34  0.9848     0.9848  0.0152     0.0152     0.1468         0.1468
     35   3.16   790.83  0.9766     0.9768  0.0234     0.0232     0.1962         0.1962
     36   3.20   826.32  0.9842     0.9841  0.0158     0.0159     0.2285         0.2287
     37   3.20   801.67  0.9822     0.9822  0.0178     0.0178     0.2480         0.2484
     38   3.19   826.68  0.9813     0.9812  0.0187     0.0188     0.2548         0.2547
     39   3.21   782.66  0.9824     0.9824  0.0176     0.0176     0.2277         0.2275
     40   3.21   817.46  0.9841     0.9841  0.0159     0.0159     0.2247         0.2246
     41   3.20   871.12  0.9845     0.9844  0.0155     0.0156     0.2808         0.2810
     42   3.20   824.07  0.9850     0.9850  0.0150     0.0150     0.2149         0.2148
     43   3.20   842.58  0.9840     0.9840  0.0160     0.0160     0.3113         0.3114
     44   3.19   814.93  0.9828     0.9829  0.0172     0.0171     0.2053         0.2055
     45   3.19   786.81  0.9824     0.9823  0.0176     0.0177     0.1816         0.1815
     46   3.20   860.87  0.9862     0.9861  0.0138     0.0139     0.2938         0.2938
     47   3.19   917.41  0.9860     0.9860  0.0140     0.0140     0.3112         0.3109
     48   3.15   782.70  0.9749     0.9747  0.0251     0.0253     0.1901         0.1903
     49   3.20   831.51  0.9844     0.9844  0.0156     0.0156     0.2314         0.2316
     50   3.18   825.51  0.9816     0.9816  0.0184     0.0184     0.1997         0.1996
     51   3.19   862.62  0.9837     0.9837  0.0163     0.0163     0.2448         0.2450
     52   3.19   852.70  0.9826     0.9827  0.0174     0.0173     0.2207         0.2206
     53   3.21   840.22  0.9842     0.9842  0.0158     0.0158     0.2533         0.2535
     54   3.20   888.84  0.9845     0.9844  0.0155     0.0156     0.2935         0.2934
     55   3.18   903.30  0.9830     0.9830  0.0170     0.0170     0.2824         0.2821
     56   3.19   855.31  0.9838     0.9838  0.0162     0.0162     0.2279         0.2279
     57   3.19   847.88  0.9824     0.9822  0.0176     0.0178     0.2544         0.2542
     58   3.19   899.10  0.9855     0.9854  0.0145     0.0146     0.2730         0.2731
     59   3.15   866.34  0.9801     0.9801  0.0199     0.0199     0.3454         0.3452
     60   3.19   886.05  0.9854     0.9853  0.0146     0.0147     0.3079         0.3080
     61   3.19   893.49  0.9845     0.9844  0.0155     0.0156     0.2997         0.2997
     62   3.18   931.68  0.9844     0.9844  0.0156     0.0156     0.3095         0.3091
     63   3.17   959.54  0.9846     0.9847  0.0154     0.0153     0.3001         0.3002
     64   3.17   983.67  0.9852     0.9852  0.0148     0.0148     0.3020         0.3026
     65   3.17  1007.41  0.9853     0.9854  0.0147     0.0146     0.3042         0.3047
     66   3.16  1037.31  0.9857     0.9858  0.0143     0.0142     0.3058         0.3058
     67   3.15  1069.99  0.9857     0.9857  0.0143     0.0143     0.3072         0.3073
     68   3.15  1100.68  0.9856     0.9856  0.0144     0.0144     0.3045         0.3042
     69   3.14  1127.77  0.9856     0.9856  0.0144     0.0144     0.3118         0.3123
     70   3.14  1149.55  0.9855     0.9856  0.0145     0.0144     0.3081         0.3083
     71   3.14  1165.25  0.9857     0.9856  0.0143     0.0144     0.3116         0.3117
     72   3.13  1173.52  0.9857     0.9856  0.0143     0.0144     0.3133         0.3128
     73   3.13  1174.55  0.9855     0.9856  0.0145     0.0144     0.3068         0.3069
     74   3.13  1165.76  0.9856     0.9856  0.0144     0.0144     0.3124         0.3128
     75   3.13  1148.94  0.9855     0.9856  0.0145     0.0144     0.3113         0.3115
     76   3.13  1122.70  0.9855     0.9855  0.0145     0.0145     0.3103         0.3104
     77   3.13  1088.57  0.9855     0.9855  0.0145     0.0145     0.3110         0.3112
     78   3.13  1046.83  0.9854     0.9854  0.0146     0.0146     0.3102         0.3103
     79   3.13   999.45  0.9853     0.9853  0.0147     0.0147     0.3061         0.3064
     80   3.13   950.17  0.9854     0.9853  0.0146     0.0147     0.3054         0.3056
     81   3.13   896.74  0.9853     0.9853  0.0147     0.0147     0.3001         0.2997
     82   3.13   844.46  0.9853     0.9853  0.0147     0.0147     0.3072         0.3080
     83   3.13   792.99  0.9853     0.9853  0.0147     0.0147     0.3039         0.3043
     84   3.13   740.90  0.9851     0.9853  0.0149     0.0147     0.3082         0.3087
     85   3.14   691.44  0.9851     0.9853  0.0149     0.0147     0.3113         0.3123
     86   3.14   640.91  0.9850     0.9851  0.0150     0.0149     0.3201         0.3195
     87   3.14   599.25  0.9851     0.9853  0.0149     0.0147     0.3296         0.3295
     88   3.14   552.66  0.9851     0.9852  0.0149     0.0148     0.3304         0.3305
     89   3.15   508.22  0.9855     0.9856  0.0145     0.0144     0.3266         0.3273
     90   3.15   468.97  0.9858     0.9857  0.0142     0.0143     0.3415         0.3427
     91   3.15   433.31  0.9857     0.9857  0.0143     0.0143     0.3591         0.3600
     92   3.15   396.69  0.9861     0.9863  0.0139     0.0137     0.3569         0.3570
     93   3.15   363.24  0.9864     0.9863  0.0136     0.0137     0.3696         0.3703
     94   3.15   337.21  0.9867     0.9864  0.0133     0.0136     0.3803         0.3804
     95   3.15   309.08  0.9862     0.9865  0.0138     0.0135     0.3946         0.3945
     96   3.15   286.15  0.9866     0.9865  0.0134     0.0135     0.4038         0.4045
     97   3.16   267.57  0.9863     0.9865  0.0137     0.0135     0.4056         0.4077
     98   3.16   246.49  0.9868     0.9865  0.0132     0.0135     0.4052         0.4053
     99   3.15   234.37  0.9869     0.9869  0.0131     0.0131     0.4155         0.4166
    100   3.16   218.47  0.9868     0.9868  0.0132     0.0132     0.4142         0.4151
    101   3.16   206.24  0.9868     0.9869  0.0132     0.0131     0.4262         0.4263
    102   3.16   196.61  0.9868     0.9867  0.0132     0.0133     0.4283         0.4285
    103   3.17   209.85  0.9850     0.9851  0.0150     0.0149     0.2059         0.2057
    104   3.18   208.65  0.9857     0.9856  0.0143     0.0144     0.2355         0.2359
    105   3.18   207.87  0.9855     0.9858  0.0145     0.0142     0.2539         0.2547
    106   3.18   206.76  0.9859     0.9860  0.0141     0.0140     0.2720         0.2719
    107   3.18   206.32  0.9862     0.9863  0.0138     0.0137     0.2921         0.2923
    108   3.17   207.02  0.9864     0.9865  0.0136     0.0135     0.3149         0.3154
    109   3.17   209.09  0.9859     0.9862  0.0141     0.0138     0.3511         0.3516
    110   3.17   212.63  0.9862     0.9862  0.0138     0.0138     0.3708         0.3714
    111   3.16   217.15  0.9860     0.9861  0.0140     0.0139     0.4010         0.4009
    112   3.16   222.74  0.9860     0.9862  0.0140     0.0138     0.4190         0.4201
    113   3.15   228.95  0.9861     0.9861  0.0139     0.0139     0.4451         0.4445
    114   3.15   235.19  0.9861     0.9862  0.0139     0.0138     0.4593         0.4597
    115   3.15   241.14  0.9863     0.9862  0.0137     0.0138     0.4772         0.4781
    116   3.15   245.48  0.9858     0.9861  0.0142     0.0139     0.4894         0.4895
    117   3.15   249.28  0.9861     0.9862  0.0139     0.0138     0.4968         0.4980
    118   3.15   250.27  0.9861     0.9861  0.0139     0.0139     0.4989         0.4989
    119   3.15   250.04  0.9859     0.9860  0.0141     0.0140     0.5054         0.5059
    120   3.14   248.97  0.9862     0.9861  0.0138     0.0139     0.4997         0.5005
    121   3.14   246.29  0.9864     0.9862  0.0136     0.0138     0.5068         0.5083
    122   3.15   243.39  0.9860     0.9861  0.0140     0.0139     0.4999         0.5008
    123   3.14   240.68  0.9859     0.9860  0.0141     0.0140     0.4948         0.4958
    124   3.14   237.19  0.9862     0.9862  0.0138     0.0138     0.4863         0.4865
    125   3.15   234.00  0.9861     0.9861  0.0139     0.0139     0.4750         0.4752
    126   3.15   231.04  0.9860     0.9859  0.0140     0.0141     0.4713         0.4715
    127   3.15   227.04  0.9861     0.9862  0.0139     0.0138     0.4681         0.4687
    128   3.15   223.54  0.9863     0.9859  0.0137     0.0141     0.4577         0.4574
    129   3.15   220.87  0.9859     0.9862  0.0141     0.0138     0.4498         0.4507
    130   3.15   217.44  0.9863     0.9863  0.0137     0.0137     0.4508         0.4509
    131   3.15   213.70  0.9862     0.9861  0.0138     0.0139     0.4488         0.4480
    132   3.15   209.73  0.9865     0.9864  0.0135     0.0136     0.4422         0.4431
    133   3.15   205.70  0.9864     0.9864  0.0136     0.0136     0.4406         0.4399
    134   3.15   201.49  0.9868     0.9867  0.0132     0.0133     0.4357         0.4367
    135   3.15   197.18  0.9864     0.9869  0.0136     0.0131     0.4496         0.4493
    136   3.15   193.13  0.9866     0.9868  0.0134     0.0132     0.4532         0.4539
    137   3.15   188.01  0.9869     0.9868  0.0131     0.0132     0.4449         0.4452
    138   3.15   183.97  0.9871     0.9869  0.0129     0.0131     0.4450         0.4461
    139   3.15   179.48  0.9866     0.9871  0.0134     0.0129     0.4410         0.4414
    140   3.15   175.22  0.9868     0.9868  0.0132     0.0132     0.4463         0.4474
    141   3.15   170.88  0.9871     0.9869  0.0129     0.0131     0.4476         0.4489
    142   3.15   167.15  0.9870     0.9870  0.0130     0.0130     0.4608         0.4614
    143   3.15   162.95  0.9872     0.9872  0.0128     0.0128     0.4407         0.4418
    144   3.15   160.06  0.9869     0.9873  0.0131     0.0127     0.4402         0.4414
    145   3.15   157.19  0.9868     0.9870  0.0132     0.0130     0.4470         0.4483
    146   3.16   153.81  0.9869     0.9871  0.0131     0.0129     0.4261         0.4256
    147   3.15   151.78  0.9872     0.9872  0.0128     0.0128     0.4308         0.4301
    148   3.15   148.95  0.9871     0.9870  0.0129     0.0130     0.4210         0.4203
    149   3.15   147.18  0.9873     0.9871  0.0127     0.0129     0.4172         0.4180
    150   3.16   145.63  0.9871     0.9869  0.0129     0.0131     0.4121         0.4140
    151   3.15   143.41  0.9874     0.9871  0.0126     0.0129     0.4071         0.4070
    152   3.15   142.87  0.9871     0.9871  0.0129     0.0129     0.3979         0.3977
    153   3.15   141.09  0.9866     0.9867  0.0134     0.0133     0.3897         0.3905
    154   3.15   139.55  0.9870     0.9871  0.0130     0.0129     0.3880         0.3881
    155   3.16   138.24  0.9871     0.9869  0.0129     0.0131     0.3959         0.3967
    156   3.16   137.20  0.9868     0.9871  0.0132     0.0129     0.3888         0.3896
    157   3.15   135.74  0.9868     0.9869  0.0132     0.0131     0.3821         0.3823
    158   3.16   134.71  0.9872     0.9871  0.0128     0.0129     0.3825         0.3841
    159   3.15   134.02  0.9871     0.9868  0.0129     0.0132     0.3728         0.3737
    160   3.15   133.47  0.9868     0.9868  0.0132     0.0132     0.3670         0.3673
    161   3.15   132.88  0.9867     0.9868  0.0133     0.0132     0.3625         0.3622
    162   3.16   132.07  0.9871     0.9867  0.0129     0.0133     0.3628         0.3627
    163   3.16   131.79  0.9872     0.9872  0.0128     0.0128     0.3588         0.3593
    164   3.16   130.93  0.9869     0.9870  0.0131     0.0130     0.3545         0.3539
    165   3.15   130.58  0.9870     0.9869  0.0130     0.0131     0.3513         0.3525
    166   3.15   130.08  0.9869     0.9869  0.0131     0.0131     0.3546         0.3543
    167   3.15   129.50  0.9867     0.9869  0.0133     0.0131     0.3437         0.3449
    168   3.15   128.84  0.9869     0.9870  0.0131     0.0130     0.3477         0.3478
    169   3.16   128.38  0.9869     0.9872  0.0131     0.0128     0.3370         0.3365
    170   3.15   128.02  0.9872     0.9869  0.0128     0.0131     0.3406         0.3417
    171   3.15   127.89  0.9867     0.9871  0.0133     0.0129     0.3284         0.3300
    172   3.15   127.33  0.9870     0.9869  0.0130     0.0131     0.3345         0.3355
    173   3.15   126.87  0.9870     0.9869  0.0130     0.0131     0.3331         0.3333
    174   3.15   126.49  0.9869     0.9871  0.0131     0.0129     0.3193         0.3184
    175   3.15   126.09  0.9874     0.9870  0.0126     0.0130     0.3283         0.3280
    176   3.16   125.89  0.9869     0.9870  0.0131     0.0130     0.3251         0.3261
    177   3.15   125.86  0.9867     0.9870  0.0133     0.0130     0.3114         0.3117
    178   3.15   125.49  0.9871     0.9871  0.0129     0.0129     0.3207         0.3205
    179   3.15   125.49  0.9869     0.9870  0.0131     0.0130     0.3193         0.3199
    180   3.15   125.15  0.9870     0.9870  0.0130     0.0130     0.3154         0.3161
    181   3.15   124.86  0.9868     0.9872  0.0132     0.0128     0.3085         0.3084
    182   3.15   125.11  0.9872     0.9870  0.0128     0.0130     0.3011         0.3002
    183   3.15   124.66  0.9869     0.9870  0.0131     0.0130     0.3046         0.3042
    184   3.15   124.28  0.9866     0.9871  0.0134     0.0129     0.3033         0.3028
    185   3.16   123.88  0.9872     0.9866  0.0128     0.0134     0.2857         0.2862
    186   3.15   123.99  0.9871     0.9865  0.0129     0.0135     0.3044         0.3058
    187   3.15   123.72  0.9870     0.9870  0.0130     0.0130     0.3087         0.3099
    188   3.16   124.14  0.9873     0.9867  0.0127     0.0133     0.2997         0.2996
    189   3.15   123.70  0.9868     0.9867  0.0132     0.0133     0.2896         0.2897
    190   3.16   123.43  0.9871     0.9869  0.0129     0.0131     0.2949         0.2943
    191   3.15   123.07  0.9869     0.9870  0.0131     0.0130     0.2959         0.2961
    192   3.15   123.23  0.9872     0.9869  0.0128     0.0131     0.2958         0.2960
    193   3.15   123.04  0.9869     0.9868  0.0131     0.0132     0.2945         0.2946
    194   3.15   122.84  0.9866     0.9870  0.0134     0.0130     0.2955         0.2958
    195   3.15   122.54  0.9867     0.9871  0.0133     0.0129     0.2910         0.2918
    196   3.15   122.50  0.9869     0.9871  0.0131     0.0129     0.2960         0.2963
    197   3.16   122.36  0.9870     0.9871  0.0130     0.0129     0.2804         0.2811
    198   3.15   122.66  0.9872     0.9872  0.0128     0.0128     0.2724         0.2728
    199   3.15   122.56  0.9870     0.9870  0.0130     0.0130     0.2803         0.2794
    200   3.15   122.15  0.9872     0.9869  0.0128     0.0131     0.2862         0.2868
    201   3.15   122.05  0.9869     0.9869  0.0131     0.0131     0.2873         0.2877
    202   3.15   121.85  0.9870     0.9868  0.0130     0.0132     0.2894         0.2878
    203   3.15   121.58  0.9869     0.9870  0.0131     0.0130     0.2826         0.2834
    204   3.15   121.38  0.9870     0.9869  0.0130     0.0131     0.2876         0.2879
    205   3.15   121.28  0.9867     0.9869  0.0133     0.0131     0.2871         0.2871
    206   3.15   121.30  0.9869     0.9867  0.0131     0.0133     0.2851         0.2864
    207   3.16   121.28  0.9869     0.9868  0.0131     0.0132     0.2742         0.2739
    208   3.15   121.35  0.9869     0.9868  0.0131     0.0132     0.2729         0.2739
    209   3.15   121.22  0.9868     0.9868  0.0132     0.0132     0.2795         0.2803
    210   3.15   121.06  0.9868     0.9869  0.0132     0.0131     0.2853         0.2853
    211   3.15   121.06  0.9871     0.9870  0.0129     0.0130     0.2710         0.2721
    212   3.15   121.09  0.9867     0.9870  0.0133     0.0130     0.2784         0.2797
    213   3.15   121.03  0.9865     0.9870  0.0135     0.0130     0.2650         0.2654
    214   3.15   120.84  0.9871     0.9870  0.0129     0.0130     0.2682         0.2688
    215   3.15   120.71  0.9866     0.9869  0.0134     0.0131     0.2780         0.2789
    216   3.16   120.72  0.9867     0.9870  0.0133     0.0130     0.2689         0.2692
    217   3.15   121.15  0.9870     0.9869  0.0130     0.0131     0.2309         0.2312
    218   3.15   121.20  0.9875     0.9870  0.0125     0.0130     0.2573         0.2577
    219   3.15   121.07  0.9872     0.9872  0.0128     0.0128     0.2585         0.2580
    220   3.15   120.87  0.9872     0.9869  0.0128     0.0131     0.2572         0.2580
    221   3.15   120.76  0.9868     0.9868  0.0132     0.0132     0.2655         0.2659
    222   3.15   120.55  0.9867     0.9871  0.0133     0.0129     0.2610         0.2617
    223   3.15   120.50  0.9867     0.9867  0.0133     0.0133     0.2616         0.2609
    224   3.15   120.42  0.9872     0.9871  0.0128     0.0129     0.2634         0.2645
    225   3.15   120.28  0.9871     0.9872  0.0129     0.0128     0.2629         0.2633
    226   3.15   120.21  0.9867     0.9867  0.0133     0.0133     0.2720         0.2723
    227   3.15   120.39  0.9867     0.9868  0.0133     0.0132     0.2523         0.2536
    228   3.15   120.46  0.9872     0.9868  0.0128     0.0132     0.2604         0.2618
    229   3.15   120.25  0.9868     0.9870  0.0132     0.0130     0.2645         0.2658
    230   3.15   120.14  0.9870     0.9868  0.0130     0.0132     0.2683         0.2683
    231   3.15   120.06  0.9870     0.9870  0.0130     0.0130     0.2630         0.2629
    232   3.15   119.98  0.9868     0.9870  0.0132     0.0130     0.2657         0.2658
    233   3.15   119.88  0.9868     0.9869  0.0132     0.0131     0.2536         0.2544
    234   3.15   119.89  0.9873     0.9872  0.0127     0.0128     0.2610         0.2616
    235   3.15   119.85  0.9871     0.9868  0.0129     0.0132     0.2610         0.2611
    236   3.15   119.84  0.9871     0.9868  0.0129     0.0132     0.2582         0.2585
    237   3.15   119.82  0.9869     0.9870  0.0131     0.0130     0.2611         0.2617
    238   3.15   119.68  0.9867     0.9869  0.0133     0.0131     0.2597         0.2595
    239   3.15   119.65  0.9864     0.9868  0.0136     0.0132     0.2562         0.2557
    240   3.15   119.77  0.9868     0.9870  0.0132     0.0130     0.2565         0.2563
    241   3.15   119.74  0.9866     0.9869  0.0134     0.0131     0.2557         0.2561
    242   3.15   119.65  0.9871     0.9870  0.0129     0.0130     0.2545         0.2544
    243   3.15   119.69  0.9868     0.9870  0.0132     0.0130     0.2569         0.2576
    244   3.15   119.72  0.9868     0.9866  0.0132     0.0134     0.2562         0.2564
    245   3.15   119.73  0.9869     0.9868  0.0131     0.0132     0.2500         0.2510
    246   3.15   119.68  0.9867     0.9867  0.0133     0.0133     0.2513         0.2514
    247   3.15   119.73  0.9868     0.9868  0.0132     0.0132     0.2596         0.2595
    248   3.15   119.69  0.9873     0.9870  0.0127     0.0130     0.2573         0.2578
    249   3.15   119.65  0.9873     0.9867  0.0127     0.0133     0.2545         0.2555
    250   3.15   119.62  0.9870     0.9869  0.0130     0.0131     0.2549         0.2546
    251   3.15   119.63  0.9866     0.9868  0.0134     0.0132     0.2491         0.2488
    252   3.15   119.59  0.9869     0.9868  0.0131     0.0132     0.2479         0.2477
    253   3.15   119.55  0.9869     0.9869  0.0131     0.0131     0.2468         0.2476
    254   3.15   119.48  0.9873     0.9871  0.0127     0.0129     0.2458         0.2467
    255   3.15   119.47  0.9866     0.9868  0.0134     0.0132     0.2528         0.2528
    256   3.15   119.45  0.9870     0.9870  0.0130     0.0130     0.2463         0.2464
    257   3.15   119.45  0.9868     0.9868  0.0132     0.0132     0.2379         0.2380
    258   3.15   119.48  0.9866     0.9869  0.0134     0.0131     0.2453         0.2469
    259   3.15   119.49  0.9867     0.9871  0.0133     0.0129     0.2557         0.2556
    260   3.15   119.49  0.9865     0.9867  0.0135     0.0133     0.2500         0.2490
    261   3.15   119.43  0.9872     0.9870  0.0128     0.0130     0.2449         0.2450
    262   3.15   119.43  0.9870     0.9867  0.0130     0.0133     0.2430         0.2442
    263   3.15   119.36  0.9868     0.9867  0.0132     0.0133     0.2401         0.2396
    264   3.15   119.30  0.9868     0.9869  0.0132     0.0131     0.2441         0.2443
    265   3.15   119.28  0.9872     0.9869  0.0128     0.0131     0.2472         0.2468
    266   3.15   119.36  0.9866     0.9868  0.0134     0.0132     0.2466         0.2460
    267   3.15   119.39  0.9869     0.9868  0.0131     0.0132     0.2416         0.2415
    268   3.15   119.42  0.9870     0.9869  0.0130     0.0131     0.2421         0.2423
    269   3.15   119.44  0.9872     0.9869  0.0128     0.0131     0.2456         0.2466
    270   3.15   119.44  0.9867     0.9869  0.0133     0.0131     0.2463         0.2466
    271   3.15   119.42  0.9873     0.9871  0.0127     0.0129     0.2437         0.2436
    272   3.15   119.55  0.9869     0.9871  0.0131     0.0129     0.2407         0.2409
    273   3.15   119.54  0.9871     0.9871  0.0129     0.0129     0.2403         0.2402
    274   3.15   119.49  0.9869     0.9870  0.0131     0.0130     0.2465         0.2462
    275   3.15   119.43  0.9872     0.9867  0.0128     0.0133     0.2489         0.2491
    276   3.15   119.43  0.9869     0.9870  0.0131     0.0130     0.2393         0.2400
    277   3.15   119.40  0.9872     0.9871  0.0128     0.0129     0.2343         0.2346
    278   3.15   119.39  0.9869     0.9870  0.0131     0.0130     0.2447         0.2443
    279   3.15   119.41  0.9871     0.9871  0.0129     0.0129     0.2218         0.2217
    280   3.15   119.57  0.9871     0.9871  0.0129     0.0129     0.2251         0.2252
    281   3.15   119.63  0.9869     0.9870  0.0131     0.0130     0.2331         0.2334
    282   3.15   119.64  0.9868     0.9870  0.0132     0.0130     0.2277         0.2273
    283   3.15   119.63  0.9871     0.9870  0.0129     0.0130     0.2293         0.2304
    284   3.15   119.63  0.9868     0.9870  0.0132     0.0130     0.2409         0.2414
    285   3.15   119.58  0.9864     0.9872  0.0136     0.0128     0.2361         0.2359
    286   3.15   119.53  0.9866     0.9871  0.0134     0.0129     0.2318         0.2315
    287   3.15   119.49  0.9868     0.9873  0.0132     0.0127     0.2399         0.2404
    288   3.15   119.47  0.9868     0.9873  0.0132     0.0127     0.2371         0.2377
    289   3.15   119.47  0.9872     0.9872  0.0128     0.0128     0.2378         0.2389
    290   3.15   119.46  0.9872     0.9870  0.0128     0.0130     0.2386         0.2396
    291   3.15   119.42  0.9870     0.9872  0.0130     0.0128     0.2356         0.2363
    292   3.15   119.40  0.9873     0.9870  0.0127     0.0130     0.2419         0.2421
    293   3.15   119.37  0.9867     0.9868  0.0133     0.0132     0.2345         0.2353
    294   3.15   119.36  0.9866     0.9871  0.0134     0.0129     0.2343         0.2348
    295   3.15   119.33  0.9866     0.9870  0.0134     0.0130     0.2392         0.2393
    296   3.15   119.29  0.9872     0.9873  0.0128     0.0127     0.2413         0.2416
    297   3.15   119.26  0.9871     0.9872  0.0129     0.0128     0.2386         0.2384
    298   3.15   119.25  0.9869     0.9871  0.0131     0.0129     0.2392         0.2398
    299   3.15   119.24  0.9869     0.9873  0.0131     0.0127     0.2366         0.2377
    300   3.15   119.23  0.9869     0.9872  0.0131     0.0128     0.2322         0.2323
The log/output/model have been saved to: ./logs/train.py-multi_zetas300_False_False_True_1e-09_1e-09_1e-09-lxt-04-23-11:00 + .csv/.out/.cpt
