  epoch    IZY    IXZ_1    IZ_1Z_2     acc    avg_acc     err    avg_err    adv_acc    avg_adv_acc
-------  -----  -------  ---------  ------  ---------  ------  ---------  ---------  -------------
      1  -0.40    17.98      36.27  0.2194     0.3273  0.7806     0.6727     0.1877         0.2292
      2   0.94    10.09      31.67  0.4301     0.5513  0.5699     0.4487     0.1888         0.2056
      3   1.20     7.07      21.08  0.4883     0.6242  0.5117     0.3758     0.2006         0.2211
      4   1.57     9.56      25.71  0.5923     0.6986  0.4077     0.3014     0.1641         0.1667
      5   1.32     6.26      19.22  0.5289     0.6857  0.4711     0.3143     0.2218         0.2320
      6   1.48     6.94      19.77  0.5567     0.7104  0.4433     0.2896     0.2100         0.2215
      7   1.70     6.58      15.73  0.6081     0.7509  0.3919     0.2491     0.2115         0.2166
      8   2.00     8.26      19.05  0.6981     0.8042  0.3019     0.1958     0.1447         0.1459
      9   2.12     7.99      17.18  0.7327     0.8334  0.2673     0.1666     0.1420         0.1426
     10   2.02     6.72      13.94  0.7079     0.8327  0.2921     0.1673     0.1789         0.1813
     11   2.07     6.63      13.01  0.7235     0.8505  0.2765     0.1495     0.1730         0.1750
     12   2.26     8.17      15.34  0.7719     0.8753  0.2281     0.1247     0.1364         0.1383
     13   2.11     6.78      12.56  0.7322     0.8607  0.2678     0.1393     0.1950         0.1990
     14   1.89     7.69      16.50  0.6737     0.8452  0.3263     0.1548     0.2423         0.2561
     15   2.47    10.10      20.46  0.8348     0.9081  0.1652     0.0919     0.1214         0.1207
     16   2.43     7.82      13.56  0.8169     0.9094  0.1831     0.0906     0.1433         0.1440
     17   2.17     7.42      13.66  0.7464     0.8940  0.2536     0.1060     0.2129         0.2232
     18   2.46     7.36      11.74  0.8189     0.9179  0.1811     0.0821     0.1602         0.1629
     19   2.32     6.66      10.67  0.7883     0.9130  0.2117     0.0870     0.1915         0.1990
     20   2.26     6.62      10.47  0.7716     0.9036  0.2284     0.0964     0.2089         0.2205
     21   2.25     6.97      11.85  0.7685     0.9080  0.2315     0.0920     0.2310         0.2452
     22   2.54     7.53      11.33  0.8437     0.9288  0.1563     0.0712     0.1808         0.1909
     23   2.51     6.80      10.33  0.8311     0.9314  0.1689     0.0686     0.2067         0.2214
     24   2.68     8.55      12.54  0.8773     0.9450  0.1227     0.0550     0.1687         0.1758
     25   2.48     6.65       9.52  0.8233     0.9298  0.1767     0.0702     0.2262         0.2490
     26   2.46     6.71       9.27  0.8228     0.9324  0.1772     0.0676     0.2391         0.2633
     27   2.68     8.25      12.86  0.8788     0.9463  0.1212     0.0537     0.1883         0.1982
     28   2.37     6.89       9.99  0.8014     0.9238  0.1986     0.0762     0.2522         0.2801
     29   2.71     8.20      11.36  0.8833     0.9459  0.1167     0.0541     0.2212         0.2356
     30   2.60     6.81       9.38  0.8552     0.9416  0.1448     0.0584     0.2540         0.2733
     31   2.66     7.57      10.47  0.8692     0.9413  0.1308     0.0587     0.2604         0.2771
     32   2.70     7.84      10.19  0.8847     0.9497  0.1153     0.0503     0.2674         0.2846
     33   2.52     6.48       8.44  0.8370     0.9375  0.1630     0.0625     0.2854         0.3153
     34   2.60     6.53       8.47  0.8543     0.9489  0.1457     0.0511     0.2896         0.3181
     35   2.63     6.87       9.71  0.8629     0.9409  0.1371     0.0591     0.2926         0.3186
     36   2.67     6.80       8.61  0.8709     0.9546  0.1291     0.0454     0.3156         0.3426
     37   2.69     6.85       8.94  0.8785     0.9531  0.1215     0.0469     0.3120         0.3394
     38   2.66     6.58       8.43  0.8719     0.9550  0.1281     0.0450     0.3115         0.3333
     39   2.64     6.49       8.09  0.8628     0.9540  0.1372     0.0460     0.3440         0.3762
     40   2.60     6.83       8.35  0.8563     0.9506  0.1437     0.0494     0.3494         0.3901
     41   2.72     6.30       8.12  0.8821     0.9557  0.1179     0.0443     0.3116         0.3464
     42   2.69     6.25       7.86  0.8714     0.9577  0.1286     0.0423     0.3512         0.3881
     43   2.74     6.47       8.05  0.8871     0.9638  0.1129     0.0362     0.3290         0.3606
     44   2.58     6.03       7.47  0.8524     0.9568  0.1476     0.0432     0.3611         0.4007
     45   2.70     5.77       7.34  0.8771     0.9595  0.1229     0.0405     0.3417         0.3739
     46   2.80     6.28       8.17  0.9030     0.9671  0.0970     0.0329     0.3420         0.3704
     47   2.81     6.36       7.73  0.9057     0.9726  0.0943     0.0274     0.3873         0.4245
     48   2.74     5.91       7.32  0.8886     0.9669  0.1114     0.0331     0.3555         0.3873
     49   2.74     5.74       7.22  0.8873     0.9670  0.1127     0.0330     0.3418         0.3747
     50   2.77     5.76       7.51  0.8958     0.9663  0.1042     0.0337     0.3595         0.3897
     51   2.84     6.66       8.87  0.9119     0.9719  0.0881     0.0281     0.3257         0.3518
     52   2.76     5.60       7.03  0.8898     0.9687  0.1102     0.0313     0.3002         0.3370
     53   2.78     5.52       7.13  0.8985     0.9719  0.1015     0.0281     0.3335         0.3635
     54   2.77     5.61       7.04  0.8966     0.9698  0.1034     0.0302     0.3301         0.3668
     55   2.82     5.51       7.09  0.9053     0.9741  0.0947     0.0259     0.3505         0.3822
     56   2.79     5.50       6.92  0.8973     0.9734  0.1027     0.0266     0.3309         0.3617
     57   2.79     5.33       6.89  0.8974     0.9734  0.1026     0.0266     0.3326         0.3667
     58   2.88     5.59       7.50  0.9198     0.9768  0.0802     0.0232     0.3689         0.4010
     59   2.87     5.49       7.10  0.9165     0.9782  0.0835     0.0218     0.3637         0.3945
     60   2.80     5.09       6.67  0.9057     0.9717  0.0943     0.0283     0.3514         0.3925
     61   2.87     5.43       7.15  0.9207     0.9747  0.0793     0.0253     0.3294         0.3587
     62   2.86     5.15       6.90  0.9170     0.9738  0.0830     0.0262     0.3787         0.4176
     63   2.86     5.25       6.73  0.9172     0.9775  0.0828     0.0225     0.3787         0.4159
     64   2.89     5.41       6.93  0.9220     0.9766  0.0780     0.0234     0.3851         0.4134
     65   2.86     5.21       6.91  0.9144     0.9745  0.0856     0.0255     0.3895         0.4239
     66   2.83     4.82       6.46  0.9092     0.9745  0.0908     0.0255     0.3829         0.4215
     67   2.88     5.08       6.67  0.9201     0.9765  0.0799     0.0235     0.3701         0.4018
     68   2.88     5.00       6.61  0.9163     0.9784  0.0837     0.0216     0.3338         0.3662
     69   2.84     5.01       6.48  0.9128     0.9768  0.0872     0.0232     0.3436         0.3742
     70   2.88     4.95       6.47  0.9171     0.9767  0.0829     0.0233     0.3588         0.3916
     71   2.90     5.19       6.85  0.9260     0.9777  0.0740     0.0223     0.3703         0.4042
     72   2.84     4.92       6.49  0.9141     0.9747  0.0859     0.0253     0.4146         0.4518
     73   2.90     5.07       6.64  0.9274     0.9787  0.0726     0.0213     0.3881         0.4172
     74   2.86     4.82       6.28  0.9165     0.9784  0.0835     0.0216     0.4295         0.4665
     75   2.84     4.80       6.27  0.9133     0.9753  0.0867     0.0247     0.3799         0.4187
     76   2.92     5.48       7.20  0.9323     0.9786  0.0677     0.0214     0.3780         0.4032
     77   2.85     4.97       6.56  0.9197     0.9731  0.0803     0.0269     0.3841         0.4177
     78   2.84     4.93       6.17  0.9118     0.9768  0.0882     0.0232     0.3988         0.4374
     79   2.87     4.75       6.29  0.9146     0.9766  0.0854     0.0234     0.3950         0.4305
     80   2.80     4.68       6.07  0.9089     0.9723  0.0911     0.0277     0.4059         0.4439
     81   2.87     4.69       6.22  0.9165     0.9769  0.0835     0.0231     0.4225         0.4618
     82   2.85     4.84       6.12  0.9166     0.9775  0.0834     0.0225     0.4107         0.4458
     83   2.85     4.67       6.10  0.9127     0.9780  0.0873     0.0220     0.4029         0.4389
     84   2.83     4.80       6.18  0.9130     0.9777  0.0870     0.0223     0.4146         0.4476
     85   2.85     4.63       6.16  0.9175     0.9753  0.0825     0.0247     0.3945         0.4327
     86   2.90     4.87       6.44  0.9269     0.9770  0.0731     0.0230     0.4236         0.4593
     87   2.88     4.76       6.24  0.9244     0.9773  0.0756     0.0227     0.4080         0.4415
     88   2.90     4.80       6.15  0.9245     0.9784  0.0755     0.0216     0.4110         0.4468
     89   2.85     4.95       6.05  0.9167     0.9776  0.0833     0.0224     0.4115         0.4434
     90   2.88     4.59       6.04  0.9222     0.9775  0.0778     0.0225     0.4077         0.4448
     91   2.87     4.58       6.03  0.9189     0.9772  0.0811     0.0228     0.4175         0.4571
     92   2.89     4.71       6.10  0.9218     0.9776  0.0782     0.0224     0.4824         0.5269
     93   2.85     4.78       5.91  0.9151     0.9777  0.0849     0.0223     0.4128         0.4457
     94   2.90     4.86       6.32  0.9302     0.9799  0.0698     0.0201     0.4413         0.4743
     95   2.92     4.85       6.33  0.9333     0.9786  0.0667     0.0214     0.4486         0.4885
     96   2.89     4.60       6.11  0.9231     0.9774  0.0769     0.0226     0.4416         0.4767
     97   2.88     4.63       5.92  0.9220     0.9785  0.0780     0.0215     0.4040         0.4425
     98   2.87     4.56       6.01  0.9232     0.9786  0.0768     0.0214     0.4484         0.4842
     99   2.89     4.58       6.08  0.9227     0.9793  0.0773     0.0207     0.4228         0.4587
    100   2.87     4.58       6.06  0.9226     0.9770  0.0774     0.0230     0.4366         0.4703
    101   2.89     4.71       6.09  0.9256     0.9792  0.0744     0.0208     0.4039         0.4324
    102   2.88     4.59       6.01  0.9273     0.9787  0.0727     0.0213     0.4213         0.4619
    103   2.88     4.68       5.97  0.9227     0.9777  0.0773     0.0223     0.4367         0.4755
    104   2.90     4.73       6.01  0.9261     0.9791  0.0739     0.0209     0.4500         0.4893
    105   2.89     4.55       5.94  0.9237     0.9792  0.0763     0.0208     0.4332         0.4661
    106   2.93     4.79       6.11  0.9338     0.9814  0.0662     0.0186     0.4336         0.4713
    107   2.90     4.99       6.24  0.9320     0.9763  0.0680     0.0237     0.4439         0.4725
    108   2.88     4.50       5.91  0.9227     0.9799  0.0773     0.0201     0.4395         0.4779
    109   2.89     4.59       5.91  0.9263     0.9794  0.0737     0.0206     0.4316         0.4658
    110   2.89     4.52       5.93  0.9268     0.9781  0.0732     0.0219     0.4117         0.4423
    111   2.87     4.58       5.88  0.9211     0.9772  0.0789     0.0228     0.4058         0.4384
    112   2.92     4.57       6.04  0.9333     0.9813  0.0667     0.0187     0.3847         0.4190
    113   2.90     4.42       5.96  0.9293     0.9782  0.0707     0.0218     0.3889         0.4254
    114   2.92     4.63       5.97  0.9304     0.9799  0.0696     0.0201     0.4001         0.4295
    115   2.92     4.73       6.02  0.9335     0.9789  0.0665     0.0211     0.4115         0.4424
    116   2.90     4.56       5.85  0.9298     0.9796  0.0702     0.0204     0.3897         0.4206
    117   2.89     4.42       5.91  0.9241     0.9780  0.0759     0.0220     0.3909         0.4203
    118   2.85     4.33       5.68  0.9174     0.9771  0.0826     0.0229     0.4057         0.4415
    119   2.90     4.46       5.89  0.9261     0.9795  0.0739     0.0205     0.3799         0.4136
    120   2.91     4.54       5.82  0.9289     0.9801  0.0711     0.0199     0.4248         0.4686
    121   2.90     4.51       5.98  0.9270     0.9789  0.0730     0.0211     0.4123         0.4449
    122   2.90     4.59       6.07  0.9328     0.9770  0.0672     0.0230     0.4088         0.4397
    123   2.90     4.53       5.96  0.9282     0.9783  0.0718     0.0217     0.4208         0.4519
    124   2.88     4.41       5.82  0.9240     0.9776  0.0760     0.0224     0.4052         0.4393
    125   2.86     4.43       5.78  0.9206     0.9766  0.0794     0.0234     0.4268         0.4633
    126   2.91     4.51       5.91  0.9305     0.9809  0.0695     0.0191     0.4180         0.4510
    127   2.93     4.60       5.93  0.9315     0.9810  0.0685     0.0190     0.3986         0.4289
    128   2.89     4.54       5.75  0.9253     0.9786  0.0747     0.0214     0.4188         0.4562
    129   2.92     4.63       5.86  0.9315     0.9810  0.0685     0.0190     0.3933         0.4202
    130   2.89     4.45       5.77  0.9265     0.9797  0.0735     0.0203     0.4040         0.4372
    131   2.91     4.50       5.86  0.9287     0.9796  0.0713     0.0204     0.3787         0.4055
    132   2.88     4.31       5.78  0.9228     0.9792  0.0772     0.0208     0.3872         0.4211
    133   2.88     4.37       5.73  0.9255     0.9786  0.0745     0.0214     0.3962         0.4276
    134   2.91     4.51       5.79  0.9295     0.9809  0.0705     0.0191     0.4085         0.4481
    135   2.90     4.50       5.80  0.9286     0.9802  0.0714     0.0198     0.4285         0.4644
    136   2.92     4.65       5.95  0.9339     0.9806  0.0661     0.0194     0.3939         0.4219
    137   2.91     4.59       6.06  0.9317     0.9806  0.0683     0.0194     0.3913         0.4187
    138   2.90     4.44       5.63  0.9294     0.9800  0.0706     0.0200     0.3717         0.4071
    139   2.90     4.42       5.72  0.9263     0.9797  0.0737     0.0203     0.3724         0.3993
    140   2.90     4.41       5.86  0.9276     0.9795  0.0724     0.0205     0.3846         0.4108
    141   2.91     4.47       5.78  0.9319     0.9793  0.0681     0.0207     0.3939         0.4209
    142   2.87     4.39       5.71  0.9241     0.9788  0.0759     0.0212     0.4210         0.4522
    143   2.89     4.41       5.82  0.9286     0.9793  0.0714     0.0207     0.4160         0.4436
    144   2.89     4.45       5.72  0.9275     0.9799  0.0725     0.0201     0.3924         0.4212
    145   2.91     4.42       5.77  0.9302     0.9794  0.0698     0.0206     0.3958         0.4234
    146   2.90     4.37       5.66  0.9270     0.9800  0.0730     0.0200     0.4280         0.4602
    147   2.89     4.32       5.74  0.9265     0.9791  0.0735     0.0209     0.4021         0.4304
    148   2.89     4.34       5.73  0.9257     0.9792  0.0743     0.0208     0.4261         0.4553
    149   2.88     4.37       5.70  0.9237     0.9780  0.0763     0.0220     0.4200         0.4482
    150   2.87     4.32       5.83  0.9235     0.9768  0.0765     0.0232     0.3945         0.4248
    151   2.89     4.28       5.69  0.9264     0.9781  0.0736     0.0219     0.4066         0.4350
    152   2.89     4.37       5.81  0.9297     0.9785  0.0703     0.0215     0.4280         0.4592
    153   2.89     4.35       5.73  0.9276     0.9795  0.0724     0.0205     0.4211         0.4529
    154   2.90     4.32       5.77  0.9291     0.9793  0.0709     0.0207     0.4246         0.4525
    155   2.89     4.29       5.70  0.9271     0.9789  0.0729     0.0211     0.4462         0.4731
    156   2.91     4.39       5.74  0.9298     0.9792  0.0702     0.0208     0.4381         0.4682
    157   2.90     4.32       5.66  0.9264     0.9797  0.0736     0.0203     0.4260         0.4575
    158   2.90     4.35       5.68  0.9283     0.9801  0.0717     0.0199     0.4232         0.4529
    159   2.88     4.25       5.62  0.9241     0.9790  0.0759     0.0210     0.4172         0.4439
    160   2.89     4.26       5.70  0.9291     0.9785  0.0709     0.0215     0.4353         0.4662
    161   2.89     4.34       5.68  0.9301     0.9784  0.0699     0.0216     0.4070         0.4340
    162   2.87     4.22       5.58  0.9240     0.9786  0.0760     0.0214     0.4291         0.4633
    163   2.89     4.27       5.59  0.9226     0.9792  0.0774     0.0208     0.4367         0.4701
    164   2.92     4.39       5.71  0.9307     0.9797  0.0693     0.0203     0.4522         0.4856
    165   2.89     4.24       5.60  0.9257     0.9782  0.0743     0.0218     0.4429         0.4746
    166   2.90     4.31       5.67  0.9322     0.9781  0.0678     0.0219     0.4278         0.4622
    167   2.87     4.23       5.63  0.9197     0.9783  0.0803     0.0217     0.4248         0.4524
    168   2.90     4.33       5.70  0.9296     0.9782  0.0704     0.0218     0.4099         0.4375
    169   2.89     4.32       5.61  0.9249     0.9794  0.0751     0.0206     0.4042         0.4331
    170   2.90     4.27       5.65  0.9273     0.9794  0.0727     0.0206     0.4210         0.4511
    171   2.91     4.22       5.65  0.9289     0.9787  0.0711     0.0213     0.3833         0.4083
    172   2.90     4.30       5.70  0.9275     0.9797  0.0725     0.0203     0.3961         0.4216
    173   2.89     4.22       5.69  0.9268     0.9791  0.0732     0.0209     0.3951         0.4246
    174   2.90     4.30       5.72  0.9262     0.9789  0.0738     0.0211     0.4071         0.4325
    175   2.90     4.33       5.63  0.9293     0.9791  0.0707     0.0209     0.3888         0.4116
    176   2.90     4.30       5.65  0.9296     0.9796  0.0704     0.0204     0.4067         0.4317
    177   2.91     4.40       5.73  0.9297     0.9800  0.0703     0.0200     0.3985         0.4271
    178   2.92     4.28       5.68  0.9295     0.9790  0.0705     0.0210     0.4250         0.4510
    179   2.89     4.28       5.66  0.9264     0.9801  0.0736     0.0199     0.4001         0.4262
    180   2.90     4.31       5.59  0.9276     0.9800  0.0724     0.0200     0.4006         0.4257
    181   2.87     4.24       5.66  0.9242     0.9790  0.0758     0.0210     0.4155         0.4383
    182   2.86     4.23       5.58  0.9224     0.9786  0.0776     0.0214     0.4228         0.4478
    183   2.91     4.30       5.63  0.9326     0.9798  0.0674     0.0202     0.4126         0.4377
    184   2.89     4.28       5.73  0.9278     0.9779  0.0722     0.0221     0.4013         0.4286
    185   2.91     4.34       5.81  0.9335     0.9803  0.0665     0.0197     0.4150         0.4387
    186   2.86     4.28       5.61  0.9237     0.9786  0.0763     0.0214     0.4025         0.4253
    187   2.90     4.30       5.66  0.9284     0.9791  0.0716     0.0209     0.4042         0.4327
    188   2.92     4.33       5.69  0.9305     0.9809  0.0695     0.0191     0.4095         0.4358
    189   2.89     4.33       5.62  0.9258     0.9797  0.0742     0.0203     0.3924         0.4184
    190   2.87     4.29       5.59  0.9237     0.9784  0.0763     0.0216     0.4002         0.4227
    191   2.89     4.36       5.66  0.9262     0.9800  0.0738     0.0200     0.3883         0.4128
    192   2.91     4.28       5.73  0.9308     0.9799  0.0692     0.0201     0.4041         0.4272
    193   2.89     4.21       5.66  0.9273     0.9786  0.0727     0.0214     0.4075         0.4358
    194   2.90     4.29       5.65  0.9266     0.9779  0.0734     0.0221     0.3905         0.4105
    195   2.90     4.27       5.59  0.9302     0.9797  0.0698     0.0203     0.3834         0.4148
    196   2.89     4.25       5.63  0.9290     0.9797  0.0710     0.0203     0.3789         0.4018
    197   2.90     4.21       5.53  0.9283     0.9790  0.0717     0.0210     0.3812         0.4090
    198   2.91     4.38       5.72  0.9287     0.9790  0.0713     0.0210     0.3953         0.4160
    199   2.88     4.25       5.64  0.9268     0.9790  0.0732     0.0210     0.3830         0.4080
    200   2.89     4.24       5.62  0.9271     0.9780  0.0729     0.0220     0.3828         0.4075
The log/output/model have been saved to: ./logs/train.py-multi_zetas{'num_epochs': 200, 'use_stoch': [False, True, True], 'betas': [0.1, 0.1, 0.1]}-gag-04-03-23:04 + .csv/.out/.cpt
