  epoch    IZY    IXZ_1    IZ_1Z_2    IZ_2Z_3     acc    avg_acc     err    avg_err    adv_acc    avg_adv_acc
-------  -----  -------  ---------  ---------  ------  ---------  ------  ---------  ---------  -------------
      1   2.88   167.38     136.27      67.16  0.9074     0.9229  0.0926     0.0771     0.0701         0.0700
      2   3.00   132.72     110.23      56.36  0.9353     0.9470  0.0647     0.0530     0.0766         0.0791
      3   3.05   121.01     103.04      51.76  0.9449     0.9528  0.0551     0.0472     0.0615         0.0628
      4   3.02   105.98      88.54      45.58  0.9396     0.9541  0.0604     0.0459     0.0739         0.0763
      5   3.06   101.49      84.45      44.05  0.9504     0.9582  0.0496     0.0418     0.0689         0.0717
      6   3.07    91.93      78.80      41.81  0.9549     0.9640  0.0451     0.0360     0.0982         0.1099
      7   3.07    83.52      70.20      39.53  0.9536     0.9660  0.0464     0.0340     0.0965         0.1087
      8   3.05    79.08      65.35      37.77  0.9484     0.9642  0.0516     0.0358     0.1200         0.1348
      9   3.02    70.78      61.27      36.67  0.9461     0.9646  0.0539     0.0354     0.1383         0.1582
     10   3.09    70.50      60.06      32.94  0.9585     0.9676  0.0415     0.0324     0.1385         0.1520
     11   3.13    72.73      64.52      32.81  0.9661     0.9699  0.0339     0.0301     0.1080         0.1170
     12   3.14    76.16      69.91      32.23  0.9700     0.9723  0.0300     0.0277     0.1221         0.1290
     13   3.15    70.14      61.24      28.06  0.9715     0.9765  0.0285     0.0235     0.1601         0.1716
     14   3.10    69.08      56.66      27.65  0.9645     0.9693  0.0355     0.0307     0.1366         0.1451
     15   3.02    60.14      50.67      28.00  0.9503     0.9663  0.0497     0.0337     0.2010         0.2325
     16   3.12    60.83      48.68      24.51  0.9665     0.9727  0.0335     0.0273     0.2019         0.2150
     17   3.07    54.20      44.91      24.61  0.9574     0.9681  0.0426     0.0319     0.2345         0.2590
     18   3.12    61.43      45.97      23.90  0.9667     0.9728  0.0333     0.0272     0.2268         0.2355
     19   3.12    57.90      46.28      22.31  0.9694     0.9745  0.0306     0.0255     0.2322         0.2478
     20   3.10    52.00      40.17      20.57  0.9645     0.9727  0.0355     0.0273     0.2330         0.2479
     21   3.11    50.83      41.19      19.99  0.9686     0.9756  0.0314     0.0244     0.2372         0.2531
     22   3.17    62.25      52.64      23.37  0.9780     0.9802  0.0220     0.0198     0.2376         0.2431
     23   3.13    52.65      37.58      20.26  0.9729     0.9779  0.0271     0.0221     0.2916         0.3078
     24   3.13    49.64      35.99      19.56  0.9721     0.9780  0.0279     0.0220     0.2691         0.2830
     25   3.07    50.04      35.65      18.59  0.9624     0.9699  0.0376     0.0301     0.2586         0.2699
     26   3.14    51.49      36.30      19.13  0.9751     0.9778  0.0249     0.0222     0.2534         0.2575
     27   3.11    46.73      34.15      17.53  0.9715     0.9762  0.0285     0.0238     0.2769         0.2878
     28   3.12    45.46      35.63      17.57  0.9727     0.9766  0.0273     0.0234     0.2354         0.2428
     29   3.13    44.91      33.77      18.71  0.9743     0.9769  0.0257     0.0231     0.2179         0.2248
     30   3.13    52.37      34.92      18.35  0.9742     0.9772  0.0258     0.0228     0.2580         0.2642
     31   3.09    44.47      32.74      16.75  0.9687     0.9719  0.0313     0.0281     0.2178         0.2254
     32   3.10    48.61      32.49      16.88  0.9709     0.9743  0.0291     0.0257     0.2399         0.2495
     33   3.11    47.48      32.44      16.47  0.9752     0.9771  0.0248     0.0229     0.2314         0.2374
     34   3.10    46.16      30.84      16.05  0.9705     0.9753  0.0295     0.0247     0.2308         0.2407
     35   3.10    45.72      29.42      16.57  0.9725     0.9768  0.0275     0.0232     0.2722         0.2820
     36   3.08    44.87      29.61      15.95  0.9698     0.9757  0.0302     0.0243     0.2481         0.2571
     37   3.12    42.94      31.29      15.42  0.9760     0.9791  0.0240     0.0209     0.2192         0.2238
     38   3.11    44.68      29.08      15.81  0.9749     0.9783  0.0251     0.0217     0.2341         0.2396
     39   3.11    42.04      29.03      15.48  0.9762     0.9785  0.0238     0.0215     0.2197         0.2271
     40   3.08    41.52      27.26      15.00  0.9687     0.9738  0.0313     0.0262     0.2271         0.2365
     41   3.12    45.10      28.70      14.37  0.9740     0.9794  0.0260     0.0206     0.1823         0.1896
     42   3.12    41.16      28.19      15.10  0.9757     0.9794  0.0243     0.0206     0.1712         0.1773
     43   3.10    43.43      29.23      15.04  0.9754     0.9782  0.0246     0.0218     0.1754         0.1805
     44   3.09    41.61      26.81      15.13  0.9723     0.9759  0.0277     0.0241     0.1772         0.1833
     45   3.12    43.68      27.63      14.87  0.9763     0.9786  0.0237     0.0214     0.1810         0.1857
     46   3.06    40.76      25.15      14.37  0.9692     0.9749  0.0308     0.0251     0.2024         0.2128
     47   3.11    39.62      25.23      14.09  0.9753     0.9795  0.0247     0.0205     0.1795         0.1870
     48   3.10    39.50      25.61      14.24  0.9740     0.9791  0.0260     0.0209     0.1719         0.1817
     49   3.07    41.02      24.83      14.30  0.9719     0.9754  0.0281     0.0246     0.2027         0.2129
     50   3.11    36.51      24.64      14.09  0.9750     0.9796  0.0250     0.0204     0.1765         0.1794
     51   3.07    38.85      23.38      14.88  0.9717     0.9753  0.0283     0.0247     0.1607         0.1651
     52   3.06    38.24      24.24      14.23  0.9695     0.9744  0.0305     0.0256     0.1655         0.1710
     53   3.07    36.91      23.53      13.76  0.9729     0.9757  0.0271     0.0243     0.1661         0.1694
     54   3.06    38.74      23.68      14.44  0.9706     0.9749  0.0294     0.0251     0.1643         0.1710
     55   3.08    38.44      23.42      13.49  0.9722     0.9773  0.0278     0.0227     0.1426         0.1469
     56   3.10    37.72      23.62      14.05  0.9750     0.9784  0.0250     0.0216     0.1248         0.1269
     57   3.09    37.99      22.35      13.52  0.9738     0.9773  0.0262     0.0227     0.1698         0.1750
     58   3.10    35.77      23.42      13.64  0.9761     0.9777  0.0239     0.0223     0.1277         0.1291
     59   3.11    35.56      22.47      13.61  0.9767     0.9800  0.0233     0.0200     0.1350         0.1383
     60   3.09    36.08      21.89      13.29  0.9737     0.9783  0.0263     0.0217     0.1418         0.1452
     61   3.11    37.79      22.59      13.84  0.9764     0.9797  0.0236     0.0203     0.1332         0.1363
     62   3.08    35.48      22.22      13.41  0.9722     0.9762  0.0278     0.0238     0.1249         0.1291
     63   3.11    36.15      22.24      13.18  0.9785     0.9812  0.0215     0.0188     0.1341         0.1357
     64   3.11    33.95      21.84      13.21  0.9777     0.9801  0.0223     0.0199     0.1231         0.1252
     65   3.09    35.40      21.16      13.06  0.9748     0.9791  0.0252     0.0209     0.1297         0.1323
     66   3.13    35.89      22.22      13.41  0.9792     0.9819  0.0208     0.0181     0.1371         0.1400
     67   3.11    33.56      21.90      13.09  0.9762     0.9802  0.0238     0.0198     0.1252         0.1304
     68   3.11    33.34      20.21      13.31  0.9768     0.9804  0.0232     0.0196     0.1539         0.1606
     69   3.09    32.91      20.53      12.73  0.9767     0.9809  0.0233     0.0191     0.1403         0.1436
     70   3.11    33.71      20.49      13.02  0.9772     0.9806  0.0228     0.0194     0.1470         0.1519
     71   3.08    35.57      21.13      12.60  0.9724     0.9781  0.0276     0.0219     0.1343         0.1386
     72   3.11    33.02      20.16      12.94  0.9758     0.9798  0.0242     0.0202     0.1431         0.1470
     73   3.09    30.91      19.99      12.56  0.9753     0.9792  0.0247     0.0208     0.1227         0.1227
     74   3.11    33.87      22.26      13.11  0.9779     0.9805  0.0221     0.0195     0.1190         0.1182
     75   3.10    36.57      20.99      13.57  0.9784     0.9808  0.0216     0.0192     0.1284         0.1292
     76   3.05    33.88      19.56      12.91  0.9715     0.9754  0.0285     0.0246     0.1459         0.1493
     77   3.09    30.84      19.60      12.75  0.9762     0.9792  0.0238     0.0208     0.1288         0.1328
     78   3.10    32.14      19.31      12.26  0.9753     0.9794  0.0247     0.0206     0.1519         0.1554
     79   3.10    33.17      21.95      12.44  0.9757     0.9799  0.0243     0.0201     0.1282         0.1307
     80   3.07    30.34      19.43      12.30  0.9726     0.9779  0.0274     0.0221     0.1395         0.1422
     81   3.09    34.45      19.81      12.66  0.9755     0.9788  0.0245     0.0212     0.1121         0.1132
     82   3.10    30.08      19.77      12.37  0.9780     0.9808  0.0220     0.0192     0.1248         0.1282
     83   3.10    30.87      18.91      12.55  0.9763     0.9796  0.0237     0.0204     0.1278         0.1312
     84   3.10    30.70      19.60      12.46  0.9776     0.9803  0.0224     0.0197     0.1335         0.1355
     85   3.06    32.49      19.18      12.20  0.9742     0.9792  0.0258     0.0208     0.1292         0.1335
     86   3.06    32.83      18.96      12.31  0.9727     0.9769  0.0273     0.0231     0.1327         0.1354
     87   3.10    29.84      18.79      12.47  0.9779     0.9808  0.0221     0.0192     0.1271         0.1276
     88   3.12    30.70      19.57      12.02  0.9788     0.9822  0.0212     0.0178     0.1335         0.1343
     89   3.11    28.98      18.63      12.08  0.9771     0.9803  0.0229     0.0197     0.1237         0.1270
     90   3.11    30.77      18.58      12.27  0.9793     0.9811  0.0207     0.0189     0.1215         0.1234
     91   3.09    28.41      18.44      12.03  0.9757     0.9805  0.0243     0.0195     0.1158         0.1162
     92   3.08    30.07      18.16      11.98  0.9754     0.9795  0.0246     0.0205     0.1324         0.1337
     93   3.10    28.78      17.63      12.35  0.9759     0.9804  0.0241     0.0196     0.1380         0.1415
     94   3.09    29.71      17.79      12.21  0.9762     0.9800  0.0238     0.0200     0.1259         0.1272
     95   3.09    29.43      18.18      12.33  0.9756     0.9800  0.0244     0.0200     0.1191         0.1228
     96   3.10    29.01      17.50      11.98  0.9761     0.9796  0.0239     0.0204     0.1382         0.1404
     97   3.11    29.71      18.27      12.27  0.9793     0.9814  0.0207     0.0186     0.1105         0.1100
     98   3.09    27.13      17.83      12.01  0.9772     0.9806  0.0228     0.0194     0.1182         0.1207
     99   3.10    27.85      18.09      11.79  0.9773     0.9810  0.0227     0.0190     0.1199         0.1220
    100   3.10    27.79      17.62      11.62  0.9777     0.9813  0.0223     0.0187     0.1242         0.1264
    101   3.10    29.57      18.06      12.12  0.9776     0.9821  0.0224     0.0179     0.1138         0.1140
    102   3.09    27.48      17.48      12.01  0.9769     0.9801  0.0231     0.0199     0.1223         0.1257
    103   3.10    27.82      17.11      11.74  0.9779     0.9815  0.0221     0.0185     0.1492         0.1514
    104   3.10    27.59      17.40      12.46  0.9784     0.9816  0.0216     0.0184     0.1140         0.1177
    105   3.11    28.57      17.27      11.81  0.9790     0.9819  0.0210     0.0181     0.1199         0.1212
    106   3.08    26.05      17.15      11.72  0.9740     0.9792  0.0260     0.0208     0.1309         0.1319
    107   3.09    26.24      17.12      11.76  0.9760     0.9804  0.0240     0.0196     0.1310         0.1324
    108   3.12    28.48      17.57      11.98  0.9800     0.9817  0.0200     0.0183     0.1200         0.1207
    109   3.10    27.59      17.44      11.84  0.9780     0.9815  0.0220     0.0185     0.1205         0.1217
    110   3.11    27.02      16.67      11.73  0.9762     0.9801  0.0238     0.0199     0.1333         0.1350
    111   3.08    26.58      17.18      11.54  0.9759     0.9794  0.0241     0.0206     0.1299         0.1298
    112   3.10    27.99      18.65      12.19  0.9791     0.9820  0.0209     0.0180     0.0963         0.0957
    113   3.11    25.96      16.87      11.59  0.9790     0.9834  0.0210     0.0166     0.1275         0.1285
    114   3.11    26.59      16.78      12.16  0.9796     0.9819  0.0204     0.0181     0.1161         0.1162
    115   3.09    26.81      16.77      11.90  0.9776     0.9803  0.0224     0.0197     0.1165         0.1187
    116   3.12    26.99      17.18      11.60  0.9796     0.9825  0.0204     0.0175     0.1220         0.1224
    117   3.10    26.02      16.69      11.78  0.9778     0.9801  0.0222     0.0199     0.1212         0.1223
    118   3.11    26.24      16.60      11.59  0.9801     0.9828  0.0199     0.0172     0.1101         0.1087
    119   3.13    26.52      17.30      11.84  0.9811     0.9837  0.0189     0.0163     0.1147         0.1141
    120   3.10    26.17      16.16      11.45  0.9761     0.9816  0.0239     0.0184     0.1395         0.1389
    121   3.10    24.86      16.26      11.60  0.9771     0.9820  0.0229     0.0180     0.1240         0.1240
    122   3.12    25.05      17.00      11.50  0.9787     0.9824  0.0213     0.0176     0.1100         0.1112
    123   3.10    25.57      16.14      11.44  0.9791     0.9823  0.0209     0.0177     0.1294         0.1323
    124   3.11    26.39      16.11      11.52  0.9775     0.9814  0.0225     0.0186     0.1214         0.1208
    125   3.09    26.46      16.11      11.68  0.9767     0.9805  0.0233     0.0195     0.1354         0.1393
    126   3.07    26.59      15.55      11.57  0.9751     0.9788  0.0249     0.0212     0.1428         0.1452
    127   3.13    26.69      16.55      11.83  0.9805     0.9837  0.0195     0.0163     0.1087         0.1070
    128   3.09    25.68      16.40      11.61  0.9775     0.9815  0.0225     0.0185     0.1123         0.1133
    129   3.10    25.06      16.06      11.56  0.9778     0.9813  0.0222     0.0187     0.1200         0.1220
    130   3.09    24.48      15.86      11.45  0.9760     0.9804  0.0240     0.0196     0.1184         0.1204
    131   3.10    24.87      16.56      12.02  0.9781     0.9816  0.0219     0.0184     0.1106         0.1106
    132   3.09    25.28      15.55      11.50  0.9753     0.9801  0.0247     0.0199     0.1230         0.1226
    133   3.10    25.01      16.35      12.12  0.9795     0.9810  0.0205     0.0190     0.1100         0.1096
    134   3.12    24.33      15.99      11.41  0.9803     0.9826  0.0197     0.0174     0.1150         0.1150
    135   3.09    25.32      16.16      11.41  0.9768     0.9814  0.0232     0.0186     0.1187         0.1189
    136   3.11    25.10      15.95      11.41  0.9807     0.9825  0.0193     0.0175     0.1237         0.1230
    137   3.10    23.64      15.61      11.27  0.9770     0.9821  0.0230     0.0179     0.1171         0.1187
    138   3.08    24.69      15.42      11.55  0.9770     0.9813  0.0230     0.0187     0.1266         0.1286
    139   3.09    23.97      16.34      11.49  0.9770     0.9809  0.0230     0.0191     0.0989         0.0984
    140   3.08    23.72      15.65      11.70  0.9762     0.9807  0.0238     0.0193     0.1088         0.1098
    141   3.10    24.80      15.65      11.33  0.9770     0.9813  0.0230     0.0187     0.1152         0.1161
    142   3.08    24.91      15.67      11.77  0.9762     0.9810  0.0238     0.0190     0.1204         0.1236
    143   3.09    25.57      15.53      11.39  0.9781     0.9816  0.0219     0.0184     0.1163         0.1157
    144   3.11    24.27      15.30      11.41  0.9785     0.9831  0.0215     0.0169     0.1252         0.1241
    145   3.12    24.95      15.82      11.77  0.9784     0.9814  0.0216     0.0186     0.1164         0.1168
    146   3.11    24.00      15.61      11.33  0.9793     0.9833  0.0207     0.0167     0.1157         0.1171
    147   3.10    23.84      15.71      11.63  0.9788     0.9819  0.0212     0.0181     0.1122         0.1119
    148   3.09    24.34      15.57      11.41  0.9780     0.9816  0.0220     0.0184     0.1214         0.1243
    149   3.12    23.90      15.70      11.48  0.9800     0.9833  0.0200     0.0167     0.1052         0.1048
    150   3.09    24.33      15.18      11.34  0.9750     0.9813  0.0250     0.0187     0.1302         0.1313
    151   3.11    23.95      15.43      11.46  0.9797     0.9821  0.0203     0.0179     0.1236         0.1222
    152   3.11    23.57      15.21      11.21  0.9762     0.9821  0.0238     0.0179     0.1196         0.1220
    153   3.12    23.66      15.41      11.39  0.9789     0.9832  0.0211     0.0168     0.1245         0.1248
    154   3.11    23.01      15.35      11.45  0.9785     0.9820  0.0215     0.0180     0.1106         0.1104
    155   3.09    23.11      15.18      11.31  0.9782     0.9820  0.0218     0.0180     0.1223         0.1245
    156   3.10    24.37      15.52      11.47  0.9791     0.9815  0.0209     0.0185     0.1221         0.1219
    157   3.12    24.09      15.42      11.77  0.9814     0.9835  0.0186     0.0165     0.1058         0.1085
    158   3.10    23.60      15.13      11.28  0.9792     0.9827  0.0208     0.0173     0.1132         0.1141
    159   3.10    24.12      15.36      11.30  0.9792     0.9821  0.0208     0.0179     0.1194         0.1196
    160   3.09    23.53      15.54      11.27  0.9776     0.9811  0.0224     0.0189     0.1088         0.1099
    161   3.11    23.59      14.88      11.25  0.9790     0.9830  0.0210     0.0170     0.1230         0.1242
    162   3.11    23.04      14.94      11.35  0.9797     0.9820  0.0203     0.0180     0.1153         0.1153
    163   3.09    23.05      15.28      11.50  0.9772     0.9814  0.0228     0.0186     0.1118         0.1106
    164   3.10    23.21      14.97      11.35  0.9782     0.9809  0.0218     0.0191     0.1293         0.1294
    165   3.11    23.01      15.16      11.16  0.9797     0.9835  0.0203     0.0165     0.1165         0.1181
    166   3.10    23.42      15.44      11.27  0.9796     0.9829  0.0204     0.0171     0.1081         0.1084
    167   3.10    23.28      15.21      11.37  0.9788     0.9817  0.0212     0.0183     0.1163         0.1162
    168   3.10    22.84      14.99      11.29  0.9784     0.9823  0.0216     0.0177     0.1137         0.1155
    169   3.09    22.87      15.03      11.22  0.9777     0.9816  0.0223     0.0184     0.1239         0.1244
    170   3.10    23.30      15.07      11.19  0.9789     0.9832  0.0211     0.0168     0.1300         0.1293
    171   3.10    23.18      14.99      11.34  0.9783     0.9828  0.0217     0.0172     0.1229         0.1235
    172   3.10    23.32      14.64      11.18  0.9796     0.9824  0.0204     0.0176     0.1344         0.1361
    173   3.10    22.99      14.85      11.25  0.9769     0.9819  0.0231     0.0181     0.1202         0.1234
    174   3.09    23.62      14.95      11.26  0.9764     0.9816  0.0236     0.0184     0.1186         0.1188
    175   3.08    22.50      14.86      11.13  0.9769     0.9816  0.0231     0.0184     0.1261         0.1257
    176   3.10    22.74      14.80      11.15  0.9782     0.9823  0.0218     0.0177     0.1231         0.1218
    177   3.11    23.13      14.84      11.27  0.9783     0.9830  0.0217     0.0170     0.1188         0.1196
    178   3.09    22.57      14.63      11.09  0.9766     0.9810  0.0234     0.0190     0.1256         0.1260
    179   3.10    23.41      15.14      11.34  0.9783     0.9818  0.0217     0.0182     0.1197         0.1210
    180   3.10    22.52      14.79      11.08  0.9761     0.9810  0.0239     0.0190     0.1246         0.1240
    181   3.11    22.79      14.70      11.16  0.9799     0.9835  0.0201     0.0165     0.1300         0.1314
    182   3.09    22.68      14.82      11.22  0.9776     0.9816  0.0224     0.0184     0.1174         0.1182
    183   3.10    22.85      14.78      11.22  0.9785     0.9820  0.0215     0.0180     0.1213         0.1224
    184   3.10    22.38      14.79      11.28  0.9783     0.9820  0.0217     0.0180     0.1197         0.1213
    185   3.08    23.24      14.59      11.25  0.9773     0.9817  0.0227     0.0183     0.1295         0.1305
    186   3.10    22.55      14.58      11.10  0.9765     0.9806  0.0235     0.0194     0.1252         0.1282
    187   3.11    22.51      14.55      11.28  0.9786     0.9829  0.0214     0.0171     0.1210         0.1212
    188   3.11    22.62      14.66      11.10  0.9800     0.9830  0.0200     0.0170     0.1294         0.1266
    189   3.10    23.22      14.74      11.31  0.9791     0.9821  0.0209     0.0179     0.1202         0.1202
    190   3.10    22.27      14.84      11.24  0.9797     0.9835  0.0203     0.0165     0.1191         0.1204
    191   3.11    22.24      14.91      11.29  0.9785     0.9836  0.0215     0.0164     0.1125         0.1127
    192   3.10    23.25      14.89      11.36  0.9780     0.9825  0.0220     0.0175     0.1293         0.1292
    193   3.11    22.39      14.68      11.13  0.9794     0.9838  0.0206     0.0162     0.1178         0.1201
    194   3.10    22.20      14.67      11.18  0.9786     0.9839  0.0214     0.0161     0.1093         0.1099
    195   3.10    22.48      14.62      11.11  0.9783     0.9823  0.0217     0.0177     0.1228         0.1226
    196   3.09    22.20      14.44      11.10  0.9786     0.9826  0.0214     0.0174     0.1284         0.1284
    197   3.10    21.60      14.57      11.19  0.9779     0.9817  0.0221     0.0183     0.1194         0.1199
    198   3.10    22.00      14.54      11.28  0.9780     0.9816  0.0220     0.0184     0.1188         0.1172
    199   3.10    22.56      14.47      11.21  0.9792     0.9825  0.0208     0.0175     0.1226         0.1248
    200   3.10    22.52      14.42      11.16  0.9798     0.9829  0.0202     0.0171     0.1273         0.1271
    201   3.10    21.86      14.54      11.10  0.9794     0.9828  0.0206     0.0172     0.1232         0.1216
    202   3.10    22.01      14.27      11.10  0.9784     0.9826  0.0216     0.0174     0.1318         0.1342
    203   3.11    22.28      14.48      11.08  0.9784     0.9828  0.0216     0.0172     0.1267         0.1255
    204   3.09    22.05      14.43      11.21  0.9791     0.9824  0.0209     0.0176     0.1295         0.1308
    205   3.11    22.21      14.40      11.19  0.9799     0.9831  0.0201     0.0169     0.1279         0.1276
    206   3.10    21.53      14.33      11.00  0.9797     0.9818  0.0203     0.0182     0.1278         0.1278
    207   3.10    22.45      14.60      11.12  0.9787     0.9821  0.0213     0.0179     0.1148         0.1181
    208   3.10    22.17      14.48      11.40  0.9799     0.9823  0.0201     0.0177     0.1256         0.1266
    209   3.09    21.70      14.68      11.20  0.9776     0.9818  0.0224     0.0182     0.1110         0.1110
    210   3.09    21.86      14.44      11.03  0.9781     0.9811  0.0219     0.0189     0.1205         0.1202
    211   3.10    22.11      14.44      11.13  0.9782     0.9825  0.0218     0.0175     0.1267         0.1266
    212   3.09    21.95      14.42      11.06  0.9788     0.9823  0.0212     0.0177     0.1154         0.1137
    213   3.08    22.29      14.59      11.11  0.9779     0.9815  0.0221     0.0185     0.1209         0.1219
    214   3.11    21.80      14.50      10.95  0.9789     0.9829  0.0211     0.0171     0.1201         0.1184
    215   3.10    22.32      14.43      11.23  0.9789     0.9820  0.0211     0.0180     0.1142         0.1151
    216   3.10    22.01      14.40      11.16  0.9801     0.9831  0.0199     0.0169     0.1203         0.1198
    217   3.08    21.85      14.39      11.00  0.9776     0.9826  0.0224     0.0174     0.1210         0.1210
    218   3.08    22.30      14.25      11.18  0.9782     0.9815  0.0218     0.0185     0.1260         0.1268
    219   3.10    22.15      14.24      11.17  0.9797     0.9827  0.0203     0.0173     0.1193         0.1215
    220   3.10    21.53      14.31      10.96  0.9775     0.9826  0.0225     0.0174     0.1205         0.1218
    221   3.09    21.90      14.12      11.22  0.9784     0.9816  0.0216     0.0184     0.1209         0.1203
    222   3.11    21.71      14.17      11.05  0.9781     0.9820  0.0219     0.0180     0.1261         0.1254
    223   3.11    21.80      14.27      11.19  0.9807     0.9844  0.0193     0.0156     0.1157         0.1165
    224   3.11    21.59      14.13      11.03  0.9779     0.9817  0.0221     0.0183     0.1202         0.1204
    225   3.09    21.86      14.31      11.16  0.9787     0.9814  0.0213     0.0186     0.1233         0.1239
    226   3.11    22.28      14.36      11.07  0.9796     0.9827  0.0204     0.0173     0.1170         0.1178
    227   3.10    22.15      14.23      11.04  0.9781     0.9824  0.0219     0.0176     0.1263         0.1267
    228   3.09    21.52      14.14      11.11  0.9783     0.9823  0.0217     0.0177     0.1199         0.1211
    229   3.11    21.66      14.35      11.05  0.9792     0.9831  0.0208     0.0169     0.1234         0.1242
    230   3.09    21.48      14.14      10.97  0.9788     0.9817  0.0212     0.0183     0.1285         0.1300
    231   3.09    21.39      14.28      11.04  0.9788     0.9822  0.0212     0.0178     0.1210         0.1207
    232   3.10    21.35      14.10      11.05  0.9785     0.9828  0.0215     0.0172     0.1284         0.1297
    233   3.10    21.30      14.24      11.06  0.9772     0.9810  0.0228     0.0190     0.1206         0.1216
    234   3.08    21.58      14.15      11.04  0.9774     0.9815  0.0226     0.0185     0.1230         0.1247
    235   3.10    22.11      14.44      11.24  0.9797     0.9829  0.0203     0.0171     0.1177         0.1198
    236   3.07    21.80      14.16      10.97  0.9776     0.9820  0.0224     0.0180     0.1301         0.1305
    237   3.11    21.26      14.26      11.10  0.9787     0.9829  0.0213     0.0171     0.1139         0.1143
    238   3.10    21.71      14.18      11.08  0.9781     0.9818  0.0219     0.0182     0.1163         0.1183
    239   3.10    21.56      14.17      11.03  0.9786     0.9817  0.0214     0.0183     0.1239         0.1249
    240   3.11    21.33      14.12      11.04  0.9793     0.9822  0.0207     0.0178     0.1176         0.1192
    241   3.10    21.66      14.10      11.00  0.9791     0.9826  0.0209     0.0174     0.1249         0.1268
    242   3.09    22.36      14.41      11.09  0.9784     0.9822  0.0216     0.0178     0.1209         0.1221
    243   3.11    21.39      14.13      10.96  0.9785     0.9832  0.0215     0.0168     0.1269         0.1276
    244   3.11    21.62      14.11      10.95  0.9797     0.9825  0.0203     0.0175     0.1252         0.1245
    245   3.11    22.19      14.13      11.04  0.9808     0.9843  0.0192     0.0157     0.1265         0.1260
    246   3.09    21.55      14.11      10.95  0.9777     0.9817  0.0223     0.0183     0.1237         0.1246
    247   3.11    21.64      13.98      11.12  0.9790     0.9828  0.0210     0.0172     0.1261         0.1253
    248   3.08    21.32      14.26      11.09  0.9796     0.9823  0.0204     0.0177     0.1258         0.1269
    249   3.12    21.72      14.10      11.03  0.9805     0.9834  0.0195     0.0166     0.1273         0.1306
    250   3.11    21.16      14.18      11.17  0.9784     0.9824  0.0216     0.0176     0.1153         0.1153
    251   3.10    21.44      14.03      11.21  0.9778     0.9827  0.0222     0.0173     0.1168         0.1167
    252   3.10    21.71      14.19      11.07  0.9792     0.9815  0.0208     0.0185     0.1167         0.1156
    253   3.11    21.62      14.30      10.96  0.9796     0.9827  0.0204     0.0173     0.1156         0.1169
    254   3.10    21.18      14.07      10.99  0.9774     0.9831  0.0226     0.0169     0.1185         0.1195
    255   3.12    21.13      14.00      10.94  0.9798     0.9832  0.0202     0.0168     0.1275         0.1271
    256   3.09    21.48      14.19      10.96  0.9776     0.9825  0.0224     0.0175     0.1214         0.1231
    257   3.07    21.45      14.08      11.03  0.9780     0.9811  0.0220     0.0189     0.1220         0.1226
    258   3.09    21.72      14.08      11.03  0.9784     0.9815  0.0216     0.0185     0.1236         0.1236
    259   3.10    21.40      14.07      11.02  0.9791     0.9837  0.0209     0.0163     0.1182         0.1162
    260   3.08    21.73      14.02      11.05  0.9788     0.9826  0.0212     0.0174     0.1239         0.1238
    261   3.10    21.73      14.02      11.03  0.9793     0.9830  0.0207     0.0170     0.1220         0.1234
    262   3.09    21.78      14.02      11.03  0.9781     0.9818  0.0219     0.0182     0.1295         0.1297
    263   3.11    21.69      13.90      11.01  0.9798     0.9831  0.0202     0.0169     0.1329         0.1340
    264   3.11    21.49      14.00      11.02  0.9791     0.9839  0.0209     0.0161     0.1272         0.1259
    265   3.08    21.51      14.02      11.09  0.9784     0.9825  0.0216     0.0175     0.1257         0.1237
    266   3.09    21.43      13.90      11.03  0.9770     0.9821  0.0230     0.0179     0.1265         0.1279
    267   3.08    21.32      14.02      11.00  0.9771     0.9811  0.0229     0.0189     0.1292         0.1300
    268   3.10    21.20      14.26      11.07  0.9776     0.9829  0.0224     0.0171     0.1196         0.1194
    269   3.11    21.06      14.01      11.02  0.9791     0.9832  0.0209     0.0168     0.1274         0.1293
    270   3.10    21.25      14.13      11.00  0.9771     0.9827  0.0229     0.0173     0.1190         0.1183
    271   3.10    21.33      14.06      10.98  0.9771     0.9815  0.0229     0.0185     0.1212         0.1222
    272   3.11    21.39      14.07      11.05  0.9793     0.9829  0.0207     0.0171     0.1207         0.1226
    273   3.10    21.14      14.22      11.13  0.9791     0.9828  0.0209     0.0172     0.1141         0.1145
    274   3.12    21.67      13.98      11.09  0.9792     0.9825  0.0208     0.0175     0.1214         0.1235
    275   3.10    21.46      13.93      11.02  0.9783     0.9829  0.0217     0.0171     0.1224         0.1236
    276   3.09    21.15      13.96      11.04  0.9788     0.9820  0.0212     0.0180     0.1281         0.1300
    277   3.11    21.15      13.98      11.03  0.9806     0.9839  0.0194     0.0161     0.1224         0.1245
    278   3.11    21.78      14.17      11.07  0.9793     0.9828  0.0207     0.0172     0.1221         0.1232
    279   3.09    21.31      14.03      10.97  0.9797     0.9829  0.0203     0.0171     0.1302         0.1280
    280   3.09    21.13      14.01      11.05  0.9781     0.9827  0.0219     0.0173     0.1214         0.1199
    281   3.10    21.18      14.10      11.10  0.9790     0.9835  0.0210     0.0165     0.1210         0.1204
    282   3.10    21.68      13.91      11.00  0.9785     0.9827  0.0215     0.0173     0.1291         0.1273
    283   3.10    21.04      13.92      11.00  0.9779     0.9829  0.0221     0.0171     0.1244         0.1265
    284   3.11    21.28      14.06      10.97  0.9791     0.9813  0.0209     0.0187     0.1242         0.1256
    285   3.11    21.41      14.15      10.97  0.9799     0.9829  0.0201     0.0171     0.1206         0.1218
    286   3.09    21.11      13.94      11.06  0.9791     0.9827  0.0209     0.0173     0.1261         0.1235
    287   3.12    21.50      13.91      11.07  0.9799     0.9836  0.0201     0.0164     0.1276         0.1261
    288   3.10    21.60      13.97      11.06  0.9795     0.9827  0.0205     0.0173     0.1319         0.1286
    289   3.09    21.27      13.90      11.03  0.9777     0.9826  0.0223     0.0174     0.1281         0.1318
    290   3.09    21.33      14.07      11.01  0.9789     0.9825  0.0211     0.0175     0.1263         0.1247
    291   3.11    21.24      13.94      11.01  0.9797     0.9835  0.0203     0.0165     0.1264         0.1263
    292   3.08    21.22      13.86      11.04  0.9781     0.9811  0.0219     0.0189     0.1262         0.1255
    293   3.10    20.97      13.99      11.02  0.9788     0.9830  0.0212     0.0170     0.1145         0.1143
    294   3.11    21.18      13.91      10.99  0.9796     0.9825  0.0204     0.0175     0.1189         0.1207
    295   3.10    20.90      13.94      11.00  0.9786     0.9825  0.0214     0.0175     0.1291         0.1305
    296   3.10    21.10      13.96      10.97  0.9771     0.9810  0.0229     0.0190     0.1217         0.1205
    297   3.11    21.01      13.96      11.10  0.9790     0.9824  0.0210     0.0176     0.1185         0.1211
    298   3.09    21.26      13.97      11.05  0.9789     0.9819  0.0211     0.0181     0.1185         0.1149
    299   3.10    21.11      14.04      10.98  0.9800     0.9821  0.0200     0.0179     0.1156         0.1173
    300   3.10    21.04      13.95      10.97  0.9783     0.9802  0.0217     0.0198     0.1146         0.1181
The log/output/model have been saved to: ./logs/train.py-multi_zetas300_True_True_True_0.001953125_0.00390625_0.0078125-zxj-04-23-17:01 + .csv/.out/.cpt
