  epoch    IZY    IXZ_1    IZ_1Z_2     acc    avg_acc     err    avg_err    adv_acc    avg_adv_acc
-------  -----  -------  ---------  ------  ---------  ------  ---------  ---------  -------------
      1   3.11   351.11     246.73  0.9526     0.9531  0.0474     0.0469     0.0240         0.0235
      2   3.15   252.73     201.43  0.9617     0.9615  0.0383     0.0385     0.0267         0.0282
      3   3.20   216.96     175.14  0.9722     0.9735  0.0278     0.0265     0.0280         0.0296
      4   3.17   181.11     155.06  0.9667     0.9666  0.0333     0.0334     0.0379         0.0426
      5   3.19   182.27     147.81  0.9717     0.9723  0.0283     0.0277     0.0450         0.0561
      6   3.21   181.77     147.37  0.9758     0.9765  0.0242     0.0235     0.0379         0.0444
      7   3.22   171.03     138.68  0.9793     0.9795  0.0207     0.0205     0.0391         0.0474
      8   3.17   181.87     147.26  0.9707     0.9712  0.0293     0.0288     0.0508         0.0598
      9   3.20   153.44     129.23  0.9756     0.9754  0.0244     0.0246     0.0612         0.0734
     10   3.20   138.61     128.64  0.9761     0.9764  0.0239     0.0236     0.0570         0.0734
     11   3.22   192.85     149.19  0.9810     0.9808  0.0190     0.0192     0.0319         0.0348
     12   3.21   192.06     146.62  0.9802     0.9802  0.0198     0.0198     0.0262         0.0304
     13   3.22   120.78     108.38  0.9818     0.9820  0.0182     0.0180     0.0650         0.0826
     14   3.21   171.94     135.60  0.9788     0.9786  0.0212     0.0214     0.0405         0.0473
     15   3.22   138.15     113.28  0.9807     0.9806  0.0193     0.0194     0.0675         0.0896
     16   3.22   114.22      98.12  0.9814     0.9815  0.0186     0.0185     0.0797         0.1031
     17   3.22   110.26      99.31  0.9819     0.9819  0.0181     0.0181     0.0720         0.0962
     18   3.20   106.29     104.32  0.9817     0.9813  0.0183     0.0187     0.1025         0.1411
     19   3.21    95.46      96.50  0.9820     0.9821  0.0180     0.0179     0.1028         0.1365
     20   3.20    99.36      92.37  0.9815     0.9812  0.0185     0.0188     0.1097         0.1449
     21   3.20   116.30      97.70  0.9798     0.9803  0.0202     0.0197     0.0841         0.1030
     22   3.20    88.26      89.28  0.9815     0.9814  0.0185     0.0186     0.1197         0.1522
     23   3.21    90.74      85.20  0.9819     0.9821  0.0181     0.0179     0.1114         0.1426
     24   3.19    96.57      93.35  0.9790     0.9786  0.0210     0.0214     0.1355         0.1753
     25   3.18   100.68      88.18  0.9778     0.9782  0.0222     0.0218     0.1112         0.1388
     26   3.20    85.82      83.51  0.9819     0.9821  0.0181     0.0179     0.1435         0.1692
     27   3.19    82.60      81.30  0.9814     0.9813  0.0186     0.0187     0.1709         0.2060
     28   3.20    81.22      83.67  0.9819     0.9827  0.0181     0.0173     0.1665         0.2122
     29   3.19    91.75      87.32  0.9812     0.9813  0.0188     0.0187     0.1583         0.1887
     30   3.23    73.99      76.90  0.9848     0.9841  0.0152     0.0159     0.2003         0.2471
     31   3.20    80.48      79.20  0.9813     0.9814  0.0187     0.0186     0.1642         0.1997
     32   3.20    90.06      79.16  0.9821     0.9826  0.0179     0.0174     0.1610         0.1941
     33   3.19    68.09      72.64  0.9808     0.9805  0.0192     0.0195     0.2114         0.2519
     34   3.19    69.33      78.52  0.9817     0.9822  0.0183     0.0178     0.2087         0.2486
     35   3.20    86.19      84.71  0.9804     0.9810  0.0196     0.0190     0.1882         0.2305
     36   3.19    68.94      73.35  0.9821     0.9818  0.0179     0.0182     0.2461         0.2905
     37   3.19    74.92      75.44  0.9823     0.9821  0.0177     0.0179     0.2325         0.2865
     38   3.20    58.42      73.64  0.9831     0.9836  0.0169     0.0164     0.2527         0.3184
     39   3.19    70.39      75.11  0.9827     0.9831  0.0173     0.0169     0.2412         0.2816
     40   3.21    58.99      69.66  0.9837     0.9841  0.0163     0.0159     0.2448         0.2919
     41   3.20    62.52      70.66  0.9836     0.9837  0.0164     0.0163     0.2551         0.3000
     42   3.22    67.41      72.04  0.9846     0.9851  0.0154     0.0149     0.2470         0.2887
     43   3.20    77.33      72.20  0.9821     0.9825  0.0179     0.0175     0.2329         0.2646
     44   3.21    57.72      65.66  0.9840     0.9839  0.0160     0.0161     0.2730         0.3334
     45   3.22    58.83      65.79  0.9862     0.9858  0.0138     0.0142     0.2683         0.3178
     46   3.21    70.53      71.19  0.9835     0.9836  0.0165     0.0164     0.2865         0.3216
     47   3.21    60.13      66.98  0.9838     0.9838  0.0162     0.0162     0.2774         0.3463
     48   3.21    58.85      66.34  0.9845     0.9846  0.0155     0.0154     0.2807         0.3371
     49   3.22    56.15      67.75  0.9847     0.9848  0.0153     0.0152     0.3110         0.3647
     50   3.20    57.75      67.24  0.9830     0.9830  0.0170     0.0170     0.3268         0.3804
     51   3.21    53.23      63.30  0.9843     0.9847  0.0157     0.0153     0.3147         0.3687
     52   3.18    65.93      67.48  0.9828     0.9828  0.0172     0.0172     0.3351         0.3808
     53   3.18    59.13      65.52  0.9817     0.9825  0.0183     0.0175     0.2824         0.3225
     54   3.21    57.71      63.52  0.9836     0.9837  0.0164     0.0163     0.3074         0.3559
     55   3.21    52.43      63.54  0.9849     0.9841  0.0151     0.0159     0.3241         0.3719
     56   3.20    54.77      64.23  0.9841     0.9840  0.0159     0.0160     0.3007         0.3632
     57   3.21    47.07      62.14  0.9848     0.9850  0.0152     0.0150     0.3634         0.4307
     58   3.21    43.16      60.91  0.9857     0.9856  0.0143     0.0144     0.3774         0.4416
     59   3.11    67.41      78.04  0.9748     0.9752  0.0252     0.0248     0.3101         0.3456
     60   3.20    53.84      63.21  0.9850     0.9845  0.0150     0.0155     0.3299         0.3765
     61   3.21    74.77      73.93  0.9841     0.9841  0.0159     0.0159     0.3000         0.3245
     62   3.18    48.47      62.72  0.9825     0.9822  0.0175     0.0178     0.3676         0.4320
     63   3.20    44.93      58.32  0.9845     0.9848  0.0155     0.0152     0.4011         0.4646
     64   3.20    72.28      70.34  0.9834     0.9835  0.0166     0.0165     0.3613         0.3827
     65   3.20    45.91      58.02  0.9842     0.9844  0.0158     0.0156     0.4091         0.4731
     66   3.18    58.66      61.75  0.9811     0.9813  0.0189     0.0187     0.3174         0.3544
     67   3.21    43.33      58.22  0.9842     0.9846  0.0158     0.0154     0.3876         0.4590
     68   3.21    41.39      58.29  0.9835     0.9843  0.0165     0.0157     0.3924         0.4621
     69   3.21    41.81      56.59  0.9844     0.9843  0.0156     0.0157     0.4054         0.4744
     70   3.21    35.42      55.29  0.9851     0.9846  0.0149     0.0154     0.4240         0.5165
     71   3.21    41.19      55.29  0.9848     0.9852  0.0152     0.0148     0.4208         0.4826
     72   3.21    35.52      55.33  0.9851     0.9846  0.0149     0.0154     0.3992         0.4727
     73   3.19    48.69      63.42  0.9829     0.9833  0.0171     0.0167     0.3631         0.4375
     74   3.21    41.00      58.91  0.9843     0.9849  0.0157     0.0151     0.3612         0.4376
     75   3.21    37.36      54.97  0.9847     0.9843  0.0153     0.0157     0.4120         0.4961
     76   3.20    43.10      58.56  0.9846     0.9846  0.0154     0.0154     0.4051         0.4792
     77   3.19    41.94      58.19  0.9832     0.9838  0.0168     0.0162     0.3888         0.4700
     78   3.21    39.74      54.69  0.9863     0.9864  0.0137     0.0136     0.4211         0.4913
     79   3.22    36.56      55.73  0.9865     0.9866  0.0135     0.0134     0.4329         0.5057
     80   3.21    38.85      53.53  0.9863     0.9863  0.0137     0.0137     0.4316         0.5024
     81   3.21    33.81      52.87  0.9858     0.9858  0.0142     0.0142     0.4289         0.5089
     82   3.21    42.24      55.61  0.9856     0.9855  0.0144     0.0145     0.3595         0.4438
     83   3.22    41.88      54.74  0.9870     0.9872  0.0130     0.0128     0.4087         0.4765
     84   3.22    37.94      54.67  0.9872     0.9875  0.0128     0.0125     0.4116         0.4940
     85   3.20    34.33      53.79  0.9856     0.9851  0.0144     0.0149     0.4449         0.5312
     86   3.21    33.95      52.94  0.9863     0.9866  0.0137     0.0134     0.4303         0.5159
     87   3.20    46.90      58.93  0.9851     0.9854  0.0149     0.0146     0.4561         0.5019
     88   3.20    38.80      55.44  0.9845     0.9846  0.0155     0.0154     0.4163         0.4994
     89   3.20    41.15      54.04  0.9859     0.9864  0.0141     0.0136     0.3375         0.4152
     90   3.22    34.97      52.49  0.9869     0.9867  0.0131     0.0133     0.4052         0.5014
     91   3.21    37.34      54.16  0.9876     0.9875  0.0124     0.0125     0.4494         0.5351
     92   3.21    34.03      51.87  0.9879     0.9876  0.0121     0.0124     0.4282         0.5148
     93   3.21    33.56      53.26  0.9866     0.9868  0.0134     0.0132     0.4696         0.5637
     94   3.21    32.52      50.39  0.9873     0.9868  0.0127     0.0132     0.4557         0.5425
     95   3.18    38.93      54.79  0.9851     0.9851  0.0149     0.0149     0.3933         0.4840
     96   3.19    39.16      52.84  0.9846     0.9842  0.0154     0.0158     0.4280         0.5127
     97   3.18    38.94      51.99  0.9841     0.9843  0.0159     0.0157     0.4074         0.4929
     98   3.19    35.72      52.09  0.9843     0.9846  0.0157     0.0154     0.4462         0.5386
     99   3.19    38.33      51.93  0.9845     0.9845  0.0155     0.0155     0.4252         0.5073
    100   3.20    33.63      49.84  0.9862     0.9861  0.0138     0.0139     0.4658         0.5660
    101   3.21    37.42      55.33  0.9868     0.9869  0.0132     0.0131     0.4725         0.5574
    102   3.18    35.37      51.39  0.9848     0.9842  0.0152     0.0158     0.4630         0.5523
    103   3.19    36.88      51.48  0.9847     0.9844  0.0153     0.0156     0.4332         0.5158
    104   3.19    37.50      50.70  0.9842     0.9843  0.0158     0.0157     0.4366         0.5315
    105   3.20    31.59      48.89  0.9859     0.9857  0.0141     0.0143     0.4798         0.5827
    106   3.20    39.98      52.93  0.9853     0.9855  0.0147     0.0145     0.4638         0.5281
    107   3.20    30.83      48.33  0.9855     0.9859  0.0145     0.0141     0.4868         0.5914
    108   3.20    31.77      49.07  0.9849     0.9854  0.0151     0.0146     0.4893         0.5772
    109   3.18    32.87      48.71  0.9842     0.9850  0.0158     0.0150     0.4878         0.5811
    110   3.20    34.55      48.84  0.9852     0.9853  0.0148     0.0147     0.4104         0.5101
    111   3.20    31.74      48.29  0.9863     0.9863  0.0137     0.0137     0.4573         0.5620
    112   3.21    30.09      47.43  0.9861     0.9863  0.0139     0.0137     0.4685         0.5800
    113   3.21    30.43      47.12  0.9856     0.9859  0.0144     0.0141     0.4611         0.5632
    114   3.19    31.23      48.25  0.9850     0.9856  0.0150     0.0144     0.4557         0.5584
    115   3.20    29.98      47.46  0.9863     0.9863  0.0137     0.0137     0.4680         0.5772
    116   3.19    34.91      52.64  0.9849     0.9853  0.0151     0.0147     0.4842         0.5927
    117   3.19    32.01      49.78  0.9858     0.9860  0.0142     0.0140     0.4748         0.5814
    118   3.20    28.25      46.40  0.9856     0.9858  0.0144     0.0142     0.4810         0.5995
    119   3.20    28.32      46.30  0.9859     0.9858  0.0141     0.0142     0.4931         0.6031
    120   3.20    28.51      46.74  0.9867     0.9870  0.0133     0.0130     0.4958         0.5970
    121   3.20    31.23      47.38  0.9870     0.9868  0.0130     0.0132     0.4713         0.5782
    122   3.20    29.78      46.99  0.9859     0.9862  0.0141     0.0138     0.4738         0.5821
    123   3.20    31.00      47.11  0.9865     0.9867  0.0135     0.0133     0.4785         0.5824
    124   3.20    28.69      46.22  0.9863     0.9865  0.0137     0.0135     0.4830         0.5955
    125   3.20    27.80      46.24  0.9859     0.9867  0.0141     0.0133     0.4766         0.5957
    126   3.20    30.66      46.02  0.9871     0.9870  0.0129     0.0130     0.4739         0.5752
    127   3.20    28.61      45.56  0.9864     0.9866  0.0136     0.0134     0.4701         0.5780
    128   3.20    27.54      46.00  0.9861     0.9865  0.0139     0.0135     0.4796         0.5943
    129   3.20    32.13      45.87  0.9866     0.9870  0.0134     0.0130     0.4838         0.5702
    130   3.21    27.66      45.26  0.9880     0.9878  0.0120     0.0122     0.4958         0.6040
    131   3.19    33.05      46.14  0.9871     0.9871  0.0129     0.0129     0.4945         0.5826
    132   3.20    32.86      45.45  0.9865     0.9871  0.0135     0.0129     0.4718         0.5592
    133   3.19    29.14      45.15  0.9856     0.9859  0.0144     0.0141     0.5013         0.6067
    134   3.19    28.07      44.23  0.9863     0.9865  0.0137     0.0135     0.4907         0.5993
    135   3.19    28.99      44.66  0.9859     0.9852  0.0141     0.0148     0.4869         0.5929
    136   3.19    28.30      44.31  0.9860     0.9858  0.0140     0.0142     0.5017         0.6037
    137   3.18    30.00      46.65  0.9846     0.9849  0.0154     0.0151     0.4686         0.5599
    138   3.19    29.21      44.82  0.9871     0.9865  0.0129     0.0135     0.4776         0.5852
    139   3.20    28.31      44.69  0.9866     0.9867  0.0134     0.0133     0.4832         0.5942
    140   3.20    28.30      44.47  0.9862     0.9868  0.0138     0.0132     0.4863         0.5955
    141   3.20    27.79      44.27  0.9864     0.9862  0.0136     0.0138     0.4806         0.5932
    142   3.20    26.69      43.35  0.9874     0.9875  0.0126     0.0125     0.4921         0.6014
    143   3.19    32.85      46.73  0.9861     0.9860  0.0139     0.0140     0.4905         0.5871
    144   3.20    26.94      43.55  0.9862     0.9859  0.0138     0.0141     0.5036         0.6219
    145   3.20    27.36      43.77  0.9861     0.9859  0.0139     0.0141     0.5101         0.6243
    146   3.20    27.57      44.26  0.9863     0.9865  0.0137     0.0135     0.5122         0.6207
    147   3.20    26.29      42.84  0.9857     0.9860  0.0143     0.0140     0.5093         0.6268
    148   3.20    29.03      43.83  0.9864     0.9865  0.0136     0.0135     0.4940         0.5994
    149   3.20    29.40      44.11  0.9867     0.9869  0.0133     0.0131     0.4912         0.5895
    150   3.19    29.14      43.54  0.9862     0.9863  0.0138     0.0137     0.4866         0.5975
    151   3.20    27.76      42.92  0.9866     0.9876  0.0134     0.0124     0.4954         0.6048
    152   3.20    27.72      42.97  0.9873     0.9867  0.0127     0.0133     0.4963         0.6076
    153   3.21    26.55      42.60  0.9861     0.9867  0.0139     0.0133     0.4891         0.6098
    154   3.21    26.57      43.22  0.9856     0.9863  0.0144     0.0137     0.4917         0.6022
    155   3.20    27.48      43.30  0.9867     0.9865  0.0133     0.0135     0.5036         0.6003
    156   3.19    29.78      44.01  0.9864     0.9859  0.0136     0.0141     0.5006         0.5830
    157   3.20    28.51      42.94  0.9863     0.9861  0.0137     0.0139     0.4901         0.5918
    158   3.19    26.52      42.97  0.9859     0.9863  0.0141     0.0137     0.5130         0.6090
    159   3.20    26.87      43.19  0.9868     0.9862  0.0132     0.0138     0.4889         0.6016
    160   3.20    27.58      43.03  0.9861     0.9866  0.0139     0.0134     0.5228         0.6181
    161   3.20    26.14      42.21  0.9861     0.9860  0.0139     0.0140     0.5097         0.6122
    162   3.19    31.68      45.49  0.9857     0.9856  0.0143     0.0144     0.5247         0.5924
    163   3.20    25.71      41.50  0.9854     0.9858  0.0146     0.0142     0.5052         0.6112
    164   3.20    26.38      41.76  0.9855     0.9855  0.0145     0.0145     0.5260         0.6328
    165   3.20    29.97      44.15  0.9863     0.9860  0.0137     0.0140     0.5434         0.6160
    166   3.20    27.66      42.99  0.9867     0.9868  0.0133     0.0132     0.4943         0.5987
    167   3.21    25.66      42.03  0.9867     0.9861  0.0133     0.0139     0.5216         0.6224
    168   3.19    25.12      41.34  0.9856     0.9851  0.0144     0.0149     0.5248         0.6383
    169   3.20    28.72      42.04  0.9862     0.9863  0.0138     0.0137     0.5043         0.5962
    170   3.20    26.87      42.82  0.9864     0.9872  0.0136     0.0128     0.5167         0.6182
    171   3.18    32.27      45.27  0.9868     0.9867  0.0132     0.0133     0.5150         0.6115
    172   3.19    26.11      42.12  0.9869     0.9862  0.0131     0.0138     0.5080         0.6278
    173   3.21    25.62      41.49  0.9876     0.9874  0.0124     0.0126     0.5131         0.6285
    174   3.20    25.80      41.38  0.9864     0.9870  0.0136     0.0130     0.5188         0.6256
    175   3.21    26.97      41.64  0.9881     0.9873  0.0119     0.0127     0.5021         0.6103
    176   3.21    26.18      41.24  0.9859     0.9866  0.0141     0.0134     0.5068         0.6114
    177   3.20    25.52      41.24  0.9869     0.9864  0.0131     0.0136     0.5172         0.6227
    178   3.20    27.03      41.69  0.9868     0.9864  0.0132     0.0136     0.5198         0.6143
    179   3.20    25.14      40.95  0.9863     0.9869  0.0137     0.0131     0.5174         0.6281
    180   3.21    24.92      40.96  0.9862     0.9865  0.0138     0.0135     0.5153         0.6345
    181   3.20    26.47      41.26  0.9868     0.9871  0.0132     0.0129     0.5073         0.6229
    182   3.20    25.52      40.66  0.9865     0.9863  0.0135     0.0137     0.4978         0.6199
    183   3.19    25.39      40.39  0.9856     0.9857  0.0144     0.0143     0.5002         0.6203
    184   3.19    27.98      42.09  0.9861     0.9861  0.0139     0.0139     0.5164         0.6125
    185   3.20    26.75      41.01  0.9867     0.9868  0.0133     0.0132     0.4992         0.6024
    186   3.20    25.92      40.99  0.9863     0.9870  0.0137     0.0130     0.5110         0.6145
    187   3.20    25.18      40.40  0.9871     0.9868  0.0129     0.0132     0.5038         0.6190
    188   3.20    25.44      40.84  0.9859     0.9858  0.0141     0.0142     0.5002         0.6214
    189   3.20    26.27      41.10  0.9863     0.9860  0.0137     0.0140     0.5092         0.6127
    190   3.20    29.80      42.22  0.9864     0.9863  0.0136     0.0137     0.4994         0.5887
    191   3.19    24.83      39.99  0.9866     0.9869  0.0134     0.0131     0.5017         0.6252
    192   3.20    24.96      39.94  0.9863     0.9860  0.0137     0.0140     0.5042         0.6224
    193   3.20    24.75      40.31  0.9860     0.9864  0.0140     0.0136     0.5070         0.6182
    194   3.20    24.95      40.27  0.9867     0.9870  0.0133     0.0130     0.4986         0.6155
    195   3.20    26.05      40.84  0.9854     0.9859  0.0146     0.0141     0.5174         0.6196
    196   3.20    24.93      40.00  0.9859     0.9864  0.0141     0.0136     0.4998         0.6177
    197   3.19    25.91      40.62  0.9858     0.9856  0.0142     0.0144     0.4964         0.6079
    198   3.20    24.79      39.89  0.9861     0.9856  0.0139     0.0144     0.5087         0.6194
    199   3.20    24.68      39.85  0.9866     0.9874  0.0134     0.0126     0.5056         0.6249
    200   3.19    24.65      40.01  0.9860     0.9869  0.0140     0.0131     0.5017         0.6251
    201   3.20    25.57      40.29  0.9859     0.9867  0.0141     0.0133     0.4986         0.6140
    202   3.19    24.98      40.03  0.9867     0.9877  0.0133     0.0123     0.5093         0.6302
    203   3.20    24.50      39.86  0.9858     0.9858  0.0142     0.0142     0.5053         0.6200
    204   3.20    24.92      40.07  0.9865     0.9870  0.0135     0.0130     0.5145         0.6298
    205   3.20    24.45      39.54  0.9867     0.9874  0.0133     0.0126     0.5112         0.6319
    206   3.19    24.28      39.44  0.9859     0.9861  0.0141     0.0139     0.5242         0.6413
    207   3.20    25.62      39.97  0.9867     0.9867  0.0133     0.0133     0.5051         0.6144
    208   3.19    24.21      39.68  0.9854     0.9859  0.0146     0.0141     0.5056         0.6261
    209   3.20    24.65      39.84  0.9863     0.9866  0.0137     0.0134     0.4962         0.6171
    210   3.19    24.07      39.63  0.9863     0.9871  0.0137     0.0129     0.4974         0.6214
    211   3.20    24.65      39.80  0.9867     0.9864  0.0133     0.0136     0.4927         0.6110
    212   3.20    27.01      41.26  0.9877     0.9873  0.0123     0.0127     0.5020         0.6013
    213   3.20    25.21      39.87  0.9865     0.9867  0.0135     0.0133     0.5001         0.6131
    214   3.20    24.05      39.34  0.9867     0.9863  0.0133     0.0137     0.5016         0.6261
    215   3.19    25.10      39.97  0.9867     0.9865  0.0133     0.0135     0.5087         0.6171
    216   3.19    24.14      39.53  0.9866     0.9865  0.0134     0.0135     0.5019         0.6248
    217   3.19    24.33      39.33  0.9858     0.9863  0.0142     0.0137     0.5011         0.6243
    218   3.21    25.32      39.66  0.9866     0.9869  0.0134     0.0131     0.5118         0.6272
    219   3.20    29.24      41.67  0.9864     0.9870  0.0136     0.0130     0.5254         0.6169
    220   3.20    25.97      39.95  0.9860     0.9861  0.0140     0.0139     0.5127         0.6205
    221   3.20    24.69      39.66  0.9867     0.9869  0.0133     0.0131     0.5101         0.6234
    222   3.20    24.08      39.23  0.9867     0.9865  0.0133     0.0135     0.4932         0.6243
    223   3.19    25.26      39.57  0.9859     0.9860  0.0141     0.0140     0.5151         0.6274
    224   3.20    23.61      39.08  0.9866     0.9869  0.0134     0.0131     0.5038         0.6274
    225   3.20    23.92      39.02  0.9873     0.9873  0.0127     0.0127     0.5098         0.6301
    226   3.19    23.77      38.95  0.9857     0.9855  0.0143     0.0145     0.5018         0.6272
    227   3.20    25.49      39.67  0.9871     0.9874  0.0129     0.0126     0.5094         0.6184
    228   3.20    24.81      39.54  0.9867     0.9868  0.0133     0.0132     0.4951         0.6252
    229   3.19    23.89      38.80  0.9861     0.9862  0.0139     0.0138     0.5047         0.6309
    230   3.20    24.16      38.94  0.9863     0.9865  0.0137     0.0135     0.5068         0.6317
    231   3.19    24.28      39.08  0.9857     0.9862  0.0143     0.0138     0.5084         0.6256
    232   3.19    24.13      38.88  0.9859     0.9865  0.0141     0.0135     0.4967         0.6166
    233   3.20    26.11      40.15  0.9867     0.9862  0.0133     0.0138     0.5049         0.6095
    234   3.20    25.52      39.65  0.9864     0.9863  0.0136     0.0137     0.5050         0.6122
    235   3.20    24.15      38.95  0.9863     0.9863  0.0137     0.0137     0.5101         0.6258
    236   3.20    24.68      39.20  0.9868     0.9874  0.0132     0.0126     0.5042         0.6159
    237   3.20    24.19      38.86  0.9868     0.9870  0.0132     0.0130     0.5024         0.6228
    238   3.20    24.19      38.94  0.9859     0.9861  0.0141     0.0139     0.4938         0.6174
    239   3.19    24.76      39.54  0.9857     0.9855  0.0143     0.0145     0.5072         0.6222
    240   3.20    24.52      38.74  0.9861     0.9868  0.0139     0.0132     0.5041         0.6213
    241   3.20    24.39      38.97  0.9864     0.9864  0.0136     0.0136     0.5090         0.6283
    242   3.20    24.00      38.78  0.9865     0.9863  0.0135     0.0137     0.5063         0.6291
    243   3.20    24.43      39.12  0.9871     0.9870  0.0129     0.0130     0.5023         0.6194
    244   3.20    24.58      39.03  0.9871     0.9872  0.0129     0.0128     0.5106         0.6240
    245   3.20    23.80      38.63  0.9864     0.9865  0.0136     0.0135     0.5001         0.6198
    246   3.19    24.01      38.87  0.9862     0.9859  0.0138     0.0141     0.4961         0.6232
    247   3.20    23.85      38.84  0.9868     0.9867  0.0132     0.0133     0.4932         0.6196
    248   3.20    24.66      39.16  0.9868     0.9873  0.0132     0.0127     0.5045         0.6227
    249   3.19    24.65      38.82  0.9864     0.9867  0.0136     0.0133     0.4981         0.6130
    250   3.20    23.58      38.58  0.9863     0.9867  0.0137     0.0133     0.5106         0.6310
    251   3.19    24.07      38.70  0.9861     0.9864  0.0139     0.0136     0.5004         0.6275
    252   3.19    25.56      39.45  0.9864     0.9865  0.0136     0.0135     0.5220         0.6322
    253   3.20    24.34      38.67  0.9861     0.9867  0.0139     0.0133     0.5096         0.6243
    254   3.19    24.16      38.86  0.9861     0.9870  0.0139     0.0130     0.5051         0.6232
    255   3.20    25.01      39.27  0.9862     0.9869  0.0138     0.0131     0.5017         0.6153
    256   3.20    23.97      38.94  0.9860     0.9865  0.0140     0.0135     0.5019         0.6264
    257   3.20    24.22      38.78  0.9873     0.9878  0.0127     0.0122     0.4962         0.6198
    258   3.20    23.97      38.79  0.9861     0.9863  0.0139     0.0137     0.5009         0.6297
    259   3.19    23.72      38.32  0.9864     0.9863  0.0136     0.0137     0.4925         0.6251
    260   3.20    23.76      38.34  0.9858     0.9860  0.0142     0.0140     0.5074         0.6361
    261   3.20    23.60      38.31  0.9860     0.9858  0.0140     0.0142     0.4962         0.6235
    262   3.21    24.09      38.68  0.9870     0.9867  0.0130     0.0133     0.5022         0.6275
    263   3.20    24.65      38.72  0.9861     0.9863  0.0139     0.0137     0.4952         0.6199
    264   3.19    24.07      38.79  0.9864     0.9869  0.0136     0.0131     0.4960         0.6287
    265   3.19    24.55      38.66  0.9870     0.9869  0.0130     0.0131     0.5002         0.6217
    266   3.20    23.84      38.69  0.9865     0.9862  0.0135     0.0138     0.5013         0.6227
    267   3.20    24.47      38.73  0.9869     0.9869  0.0131     0.0131     0.5036         0.6232
    268   3.20    24.34      38.78  0.9867     0.9867  0.0133     0.0133     0.5105         0.6254
    269   3.21    23.58      38.29  0.9870     0.9875  0.0130     0.0125     0.4989         0.6214
    270   3.20    23.86      38.25  0.9873     0.9873  0.0127     0.0127     0.5031         0.6291
    271   3.20    24.67      38.68  0.9865     0.9867  0.0135     0.0133     0.5072         0.6267
    272   3.20    26.61      40.27  0.9861     0.9869  0.0139     0.0131     0.5169         0.6138
    273   3.19    23.94      38.38  0.9867     0.9860  0.0133     0.0140     0.4982         0.6217
    274   3.20    23.88      38.58  0.9866     0.9870  0.0134     0.0130     0.5019         0.6219
    275   3.20    23.50      38.38  0.9870     0.9865  0.0130     0.0135     0.4970         0.6290
    276   3.20    23.65      38.39  0.9867     0.9866  0.0133     0.0134     0.4967         0.6195
    277   3.19    24.20      38.70  0.9865     0.9873  0.0135     0.0127     0.5021         0.6226
    278   3.20    23.71      38.19  0.9872     0.9871  0.0128     0.0129     0.5054         0.6224
    279   3.20    23.89      38.42  0.9869     0.9868  0.0131     0.0132     0.5033         0.6238
    280   3.20    23.33      38.21  0.9869     0.9869  0.0131     0.0131     0.4961         0.6274
    281   3.20    23.51      38.29  0.9869     0.9869  0.0131     0.0131     0.5078         0.6250
    282   3.20    23.36      38.24  0.9876     0.9877  0.0124     0.0123     0.4934         0.6252
    283   3.20    23.54      38.33  0.9876     0.9870  0.0124     0.0130     0.4918         0.6242
    284   3.20    23.28      38.21  0.9861     0.9857  0.0139     0.0143     0.4934         0.6189
    285   3.20    23.70      38.51  0.9870     0.9874  0.0130     0.0126     0.4916         0.6154
    286   3.20    23.42      38.11  0.9867     0.9875  0.0133     0.0125     0.4949         0.6189
    287   3.20    24.05      38.43  0.9868     0.9869  0.0132     0.0131     0.5035         0.6224
    288   3.21    24.24      38.55  0.9871     0.9873  0.0129     0.0127     0.5050         0.6236
    289   3.20    23.45      38.30  0.9858     0.9866  0.0142     0.0134     0.4954         0.6242
    290   3.20    23.35      38.26  0.9864     0.9869  0.0136     0.0131     0.4865         0.6255
    291   3.20    23.28      38.04  0.9864     0.9866  0.0136     0.0134     0.4964         0.6255
    292   3.20    23.82      38.20  0.9868     0.9873  0.0132     0.0127     0.5020         0.6237
    293   3.20    24.02      38.37  0.9870     0.9865  0.0130     0.0135     0.5032         0.6231
    294   3.20    23.27      38.01  0.9868     0.9874  0.0132     0.0126     0.4922         0.6217
    295   3.20    23.22      38.12  0.9860     0.9864  0.0140     0.0136     0.4923         0.6230
    296   3.20    23.51      38.14  0.9870     0.9878  0.0130     0.0122     0.4990         0.6248
    297   3.20    23.26      37.99  0.9865     0.9869  0.0135     0.0131     0.4978         0.6259
    298   3.20    24.91      38.76  0.9865     0.9867  0.0135     0.0133     0.5030         0.6247
    299   3.20    23.46      37.93  0.9865     0.9861  0.0135     0.0139     0.5013         0.6300
    300   3.19    23.37      37.87  0.9863     0.9867  0.0137     0.0133     0.5024         0.6275
The log/output/model have been saved to: ./logs/train.py-multi_zetas300_False_True_True_0.0001_0.0001_0.0001-xgz-04-23-16:45 + .csv/.out/.cpt
