  epoch    IZY    IXZ_1    IZ_1Z_2     acc    avg_acc     err    avg_err    adv_acc    avg_adv_acc
-------  -----  -------  ---------  ------  ---------  ------  ---------  ---------  -------------
      1   3.13  1373.73     702.23  0.9581     0.9581  0.0419     0.0419     0.0210         0.0211
      2   3.18  1332.96     706.07  0.9695     0.9694  0.0305     0.0306     0.0145         0.0145
      3   3.18  1298.19     709.53  0.9689     0.9688  0.0311     0.0312     0.0174         0.0174
      4   3.18  1298.46     739.67  0.9712     0.9712  0.0288     0.0288     0.0191         0.0190
      5   3.20  1275.68     731.00  0.9748     0.9749  0.0252     0.0251     0.0214         0.0214
      6   3.21  1258.70     732.12  0.9772     0.9772  0.0228     0.0228     0.0227         0.0224
      7   3.23  1251.05     727.76  0.9810     0.9809  0.0190     0.0191     0.0252         0.0250
      8   3.20  1255.30     729.14  0.9762     0.9762  0.0238     0.0238     0.0464         0.0465
      9   3.22  1257.29     743.60  0.9800     0.9800  0.0200     0.0200     0.0491         0.0492
     10   3.21  1248.71     733.56  0.9800     0.9802  0.0200     0.0198     0.0732         0.0729
     11   3.22  1255.12     742.73  0.9808     0.9808  0.0192     0.0192     0.0692         0.0694
     12   3.21  1261.32     769.19  0.9813     0.9811  0.0187     0.0189     0.1010         0.1010
     13   3.19  1252.45     758.31  0.9794     0.9794  0.0206     0.0206     0.0805         0.0804
     14   3.22  1247.20     751.56  0.9830     0.9829  0.0170     0.0171     0.1039         0.1039
     15   3.21  1245.24     763.84  0.9814     0.9813  0.0186     0.0187     0.1100         0.1097
     16   3.16  1241.88     752.78  0.9752     0.9751  0.0248     0.0249     0.0765         0.0764
     17   3.23  1249.98     772.57  0.9855     0.9855  0.0145     0.0145     0.1012         0.1012
     18   3.21  1240.29     759.23  0.9811     0.9811  0.0189     0.0189     0.0959         0.0956
     19   3.21  1247.59     786.25  0.9835     0.9835  0.0165     0.0165     0.1102         0.1104
     20   3.23  1244.04     779.45  0.9827     0.9828  0.0173     0.0172     0.0953         0.0951
     21   3.21  1245.25     783.99  0.9835     0.9835  0.0165     0.0165     0.1346         0.1348
     22   3.21  1246.59     783.77  0.9822     0.9821  0.0178     0.0179     0.1374         0.1376
     23   3.22  1243.93     790.98  0.9836     0.9836  0.0164     0.0164     0.1228         0.1228
     24   3.18  1245.32     790.00  0.9789     0.9788  0.0211     0.0212     0.1517         0.1518
     25   3.20  1246.26     790.51  0.9824     0.9823  0.0176     0.0177     0.1612         0.1618
     26   3.22  1252.65     805.59  0.9844     0.9844  0.0156     0.0156     0.2217         0.2218
     27   3.23  1240.79     772.79  0.9848     0.9847  0.0152     0.0153     0.1692         0.1691
     28   3.22  1246.63     787.59  0.9829     0.9830  0.0171     0.0170     0.1843         0.1839
     29   3.21  1258.22     829.20  0.9839     0.9839  0.0161     0.0161     0.2187         0.2183
     30   3.21  1238.52     751.09  0.9816     0.9818  0.0184     0.0182     0.1380         0.1378
     31   3.19  1245.71     778.19  0.9792     0.9793  0.0208     0.0207     0.2148         0.2149
     32   3.19  1250.35     789.56  0.9811     0.9811  0.0189     0.0189     0.1823         0.1827
     33   3.19  1254.34     798.57  0.9786     0.9787  0.0214     0.0213     0.2073         0.2076
     34   3.19  1247.10     763.04  0.9810     0.9810  0.0190     0.0190     0.2075         0.2076
     35   3.20  1256.85     795.03  0.9834     0.9834  0.0166     0.0166     0.2086         0.2088
     36   3.20  1262.10     817.80  0.9834     0.9834  0.0166     0.0166     0.2024         0.2022
     37   3.19  1242.41     763.50  0.9804     0.9803  0.0196     0.0197     0.2066         0.2064
     38   3.20  1262.75     830.66  0.9849     0.9850  0.0151     0.0150     0.2913         0.2913
     39   3.18  1250.98     801.02  0.9824     0.9825  0.0176     0.0175     0.2195         0.2197
     40   3.20  1259.75     827.33  0.9856     0.9857  0.0144     0.0143     0.2642         0.2635
     41   3.20  1243.98     776.74  0.9825     0.9824  0.0175     0.0176     0.2621         0.2628
     42   3.21  1261.52     829.45  0.9867     0.9866  0.0133     0.0134     0.2685         0.2683
     43   3.22  1255.50     818.68  0.9863     0.9865  0.0137     0.0135     0.2833         0.2839
     44   3.11  1242.37     793.27  0.9706     0.9704  0.0294     0.0296     0.2939         0.2943
     45   3.20  1257.44     827.40  0.9842     0.9842  0.0158     0.0158     0.2943         0.2944
     46   3.21  1251.33     806.27  0.9843     0.9844  0.0157     0.0156     0.1826         0.1833
     47   3.20  1256.56     822.77  0.9846     0.9846  0.0154     0.0154     0.2740         0.2749
     48   3.20  1251.23     807.15  0.9842     0.9841  0.0158     0.0159     0.2213         0.2214
     49   3.21  1260.28     855.11  0.9867     0.9865  0.0133     0.0135     0.2556         0.2557
     50   3.20  1263.29     876.16  0.9866     0.9866  0.0134     0.0134     0.2595         0.2592
     51   3.20  1264.32     893.77  0.9868     0.9869  0.0132     0.0131     0.2679         0.2679
     52   3.19  1266.23     917.64  0.9868     0.9869  0.0132     0.0131     0.2748         0.2743
     53   3.19  1263.26     933.45  0.9867     0.9868  0.0133     0.0132     0.2705         0.2706
     54   3.18  1254.25     940.11  0.9870     0.9870  0.0130     0.0130     0.2716         0.2717
     55   3.18  1237.80     934.67  0.9872     0.9871  0.0128     0.0129     0.2667         0.2658
     56   3.18  1212.54     916.66  0.9871     0.9872  0.0129     0.0128     0.2705         0.2693
     57   3.18  1178.20     886.95  0.9872     0.9874  0.0128     0.0126     0.2702         0.2711
     58   3.18  1132.07     843.62  0.9874     0.9874  0.0126     0.0126     0.2673         0.2685
     59   3.18  1074.49     791.84  0.9874     0.9875  0.0126     0.0125     0.2829         0.2826
     60   3.18  1002.02     733.96  0.9877     0.9876  0.0123     0.0124     0.2943         0.2938
     61   3.18   916.16     675.94  0.9874     0.9875  0.0126     0.0125     0.3112         0.3106
     62   3.18   814.80     611.49  0.9872     0.9872  0.0128     0.0128     0.3381         0.3393
     63   3.18   704.86     559.52  0.9871     0.9871  0.0129     0.0129     0.3699         0.3694
     64   3.18   589.70     518.52  0.9871     0.9871  0.0129     0.0129     0.3944         0.3951
     65   3.18   482.60     482.30  0.9870     0.9873  0.0130     0.0127     0.4140         0.4153
     66   3.20   571.87     366.08  0.9837     0.9838  0.0163     0.0162     0.2724         0.2732
     67   3.20   539.19     373.60  0.9854     0.9854  0.0146     0.0146     0.3490         0.3484
     68   3.20   526.61     378.84  0.9860     0.9859  0.0140     0.0141     0.3632         0.3637
     69   3.20   517.49     385.99  0.9861     0.9862  0.0139     0.0138     0.3849         0.3867
     70   3.19   508.36     395.40  0.9861     0.9864  0.0139     0.0136     0.4057         0.4068
     71   3.19   498.46     409.22  0.9862     0.9860  0.0138     0.0140     0.4246         0.4254
     72   3.18   489.55     424.61  0.9863     0.9861  0.0137     0.0139     0.4518         0.4519
     73   3.18   480.64     441.63  0.9863     0.9862  0.0137     0.0138     0.4518         0.4534
     74   3.18   476.95     450.78  0.9866     0.9867  0.0134     0.0133     0.4630         0.4651
     75   3.17   471.13     463.52  0.9863     0.9863  0.0137     0.0137     0.4807         0.4823
     76   3.17   466.39     472.30  0.9867     0.9865  0.0133     0.0135     0.4780         0.4791
     77   3.17   460.63     477.39  0.9866     0.9866  0.0134     0.0134     0.4829         0.4854
     78   3.17   454.99     478.73  0.9865     0.9864  0.0135     0.0136     0.4789         0.4794
     79   3.17   452.35     470.76  0.9868     0.9867  0.0132     0.0133     0.4661         0.4673
     80   3.17   445.52     467.70  0.9864     0.9864  0.0136     0.0136     0.4671         0.4695
     81   3.17   437.30     462.00  0.9864     0.9866  0.0136     0.0134     0.4641         0.4658
     82   3.17   427.14     453.23  0.9870     0.9868  0.0130     0.0132     0.4602         0.4609
     83   3.17   414.09     443.49  0.9866     0.9866  0.0134     0.0134     0.4511         0.4521
     84   3.17   398.16     431.50  0.9865     0.9870  0.0135     0.0130     0.4443         0.4459
     85   3.17   379.85     416.54  0.9867     0.9867  0.0133     0.0133     0.4417         0.4423
     86   3.17   358.46     400.48  0.9864     0.9869  0.0136     0.0131     0.4308         0.4318
     87   3.18   332.93     383.16  0.9865     0.9866  0.0135     0.0134     0.4376         0.4400
     88   3.18   303.85     366.04  0.9862     0.9867  0.0138     0.0133     0.4330         0.4349
     89   3.18   277.50     345.39  0.9866     0.9865  0.0134     0.0135     0.4314         0.4354
     90   3.16   402.27     307.66  0.9784     0.9780  0.0216     0.0220     0.2143         0.2153
     91   3.21   383.62     305.44  0.9853     0.9852  0.0147     0.0148     0.2489         0.2490
     92   3.20   368.20     305.60  0.9852     0.9852  0.0148     0.0148     0.2886         0.2909
     93   3.20   358.02     307.63  0.9860     0.9861  0.0140     0.0139     0.3201         0.3216
     94   3.20   351.35     309.88  0.9866     0.9866  0.0134     0.0134     0.3321         0.3331
     95   3.20   344.79     313.03  0.9862     0.9862  0.0138     0.0138     0.3484         0.3493
     96   3.20   338.95     317.40  0.9866     0.9864  0.0134     0.0136     0.3605         0.3627
     97   3.19   334.01     321.43  0.9865     0.9866  0.0135     0.0134     0.3766         0.3788
     98   3.19   348.78     317.58  0.9865     0.9864  0.0135     0.0136     0.3629         0.3641
     99   3.19   338.27     322.15  0.9864     0.9864  0.0136     0.0136     0.3724         0.3740
    100   3.19   331.42     328.82  0.9868     0.9871  0.0132     0.0129     0.3865         0.3908
    101   3.19   325.69     335.07  0.9869     0.9870  0.0131     0.0130     0.4003         0.4041
    102   3.19   321.59     340.56  0.9863     0.9864  0.0137     0.0136     0.4125         0.4144
    103   3.17   366.86     333.02  0.9851     0.9852  0.0149     0.0148     0.3688         0.3711
    104   3.19   384.46     326.55  0.9864     0.9862  0.0136     0.0138     0.3648         0.3666
    105   3.19   385.47     329.48  0.9866     0.9866  0.0134     0.0134     0.3661         0.3687
    106   3.19   379.52     334.06  0.9863     0.9862  0.0137     0.0138     0.3868         0.3882
    107   3.19   374.84     335.72  0.9868     0.9869  0.0132     0.0131     0.3896         0.3915
    108   3.19   370.53     339.40  0.9867     0.9868  0.0133     0.0132     0.4016         0.4026
    109   3.18   366.23     343.44  0.9869     0.9867  0.0131     0.0133     0.4036         0.4052
    110   3.18   361.42     348.40  0.9866     0.9866  0.0134     0.0134     0.4207         0.4226
    111   3.18   355.87     353.32  0.9864     0.9868  0.0136     0.0132     0.4174         0.4209
    112   3.18   349.76     358.74  0.9866     0.9868  0.0134     0.0132     0.4352         0.4377
    113   3.18   343.72     363.87  0.9864     0.9863  0.0136     0.0137     0.4315         0.4367
    114   3.17   338.07     367.47  0.9869     0.9867  0.0131     0.0133     0.4480         0.4500
    115   3.18   333.65     367.97  0.9867     0.9865  0.0133     0.0135     0.4479         0.4524
    116   3.17   328.30     368.77  0.9869     0.9870  0.0131     0.0130     0.4492         0.4531
    117   3.17   323.69     365.82  0.9864     0.9864  0.0136     0.0136     0.4471         0.4520
    118   3.17   315.98     363.41  0.9870     0.9872  0.0130     0.0128     0.4460         0.4514
    119   3.17   309.12     355.98  0.9871     0.9869  0.0129     0.0131     0.4508         0.4539
    120   3.17   300.39     350.30  0.9869     0.9869  0.0131     0.0131     0.4419         0.4451
    121   3.18   289.39     342.16  0.9872     0.9871  0.0128     0.0129     0.4386         0.4432
    122   3.17   277.99     332.20  0.9865     0.9869  0.0135     0.0131     0.4419         0.4479
    123   3.18   263.56     322.29  0.9865     0.9869  0.0135     0.0131     0.4400         0.4467
    124   3.16   293.49     314.41  0.9854     0.9853  0.0146     0.0147     0.3781         0.3857
    125   3.17   301.96     309.96  0.9860     0.9864  0.0140     0.0136     0.3724         0.3777
    126   3.17   294.05     312.16  0.9867     0.9867  0.0133     0.0133     0.4025         0.4076
    127   3.17   293.16     314.25  0.9867     0.9866  0.0133     0.0134     0.4038         0.4105
    128   3.17   292.02     316.13  0.9868     0.9869  0.0132     0.0131     0.4047         0.4082
    129   3.17   292.29     319.04  0.9865     0.9868  0.0135     0.0132     0.4211         0.4282
    130   3.17   290.30     320.46  0.9867     0.9869  0.0133     0.0131     0.4155         0.4222
    131   3.17   288.66     322.48  0.9867     0.9867  0.0133     0.0133     0.4160         0.4231
    132   3.17   286.85     323.56  0.9871     0.9870  0.0129     0.0130     0.4318         0.4366
    133   3.17   284.98     326.27  0.9866     0.9867  0.0134     0.0133     0.4278         0.4346
    134   3.17   282.69     326.68  0.9870     0.9870  0.0130     0.0130     0.4345         0.4428
    135   3.17   280.19     327.69  0.9870     0.9872  0.0130     0.0128     0.4374         0.4467
    136   3.17   278.41     329.00  0.9869     0.9871  0.0131     0.0129     0.4365         0.4450
    137   3.17   275.58     327.23  0.9871     0.9870  0.0129     0.0130     0.4432         0.4531
    138   3.17   272.67     325.33  0.9871     0.9872  0.0129     0.0128     0.4410         0.4467
    139   3.17   269.53     323.48  0.9869     0.9872  0.0131     0.0128     0.4392         0.4495
    140   3.17   266.51     318.71  0.9869     0.9870  0.0131     0.0130     0.4427         0.4509
    141   3.17   263.30     312.52  0.9873     0.9870  0.0127     0.0130     0.4366         0.4460
    142   3.18   256.99     307.72  0.9876     0.9873  0.0124     0.0127     0.4337         0.4404
    143   3.16   284.72     308.64  0.9841     0.9843  0.0159     0.0157     0.3861         0.3942
    144   3.16   282.41     308.41  0.9851     0.9852  0.0149     0.0148     0.4091         0.4183
    145   3.17   281.77     306.33  0.9861     0.9864  0.0139     0.0136     0.4088         0.4178
    146   3.18   279.39     307.44  0.9867     0.9868  0.0133     0.0132     0.4183         0.4238
    147   3.18   277.69     308.89  0.9866     0.9867  0.0134     0.0133     0.4253         0.4337
    148   3.18   275.80     310.14  0.9866     0.9865  0.0134     0.0135     0.4222         0.4303
    149   3.18   273.78     310.39  0.9865     0.9864  0.0135     0.0136     0.4336         0.4428
    150   3.18   272.64     310.83  0.9864     0.9863  0.0136     0.0137     0.4367         0.4453
    151   3.18   273.27     308.94  0.9859     0.9862  0.0141     0.0138     0.4266         0.4327
    152   3.18   270.66     308.35  0.9865     0.9864  0.0135     0.0136     0.4318         0.4402
    153   3.18   267.92     307.64  0.9864     0.9865  0.0136     0.0135     0.4286         0.4362
    154   3.18   264.44     306.38  0.9868     0.9866  0.0132     0.0134     0.4348         0.4431
    155   3.18   261.66     303.95  0.9865     0.9864  0.0135     0.0136     0.4455         0.4537
    156   3.18   258.56     300.29  0.9865     0.9865  0.0135     0.0135     0.4319         0.4413
    157   3.18   253.71     296.68  0.9863     0.9865  0.0137     0.0135     0.4252         0.4371
    158   3.18   258.26     287.13  0.9864     0.9862  0.0136     0.0138     0.4121         0.4192
    159   3.18   254.83     289.72  0.9861     0.9860  0.0139     0.0140     0.4308         0.4407
    160   3.18   251.15     290.46  0.9866     0.9867  0.0134     0.0133     0.4417         0.4537
    161   3.17   247.49     288.67  0.9867     0.9866  0.0133     0.0134     0.4383         0.4527
    162   3.17   245.66     288.14  0.9868     0.9869  0.0132     0.0131     0.4481         0.4613
    163   3.17   241.77     284.66  0.9861     0.9861  0.0139     0.0139     0.4436         0.4576
    164   3.18   246.94     278.60  0.9862     0.9863  0.0138     0.0137     0.4293         0.4429
    165   3.17   241.91     279.42  0.9868     0.9868  0.0132     0.0132     0.4288         0.4439
    166   3.17   236.82     278.60  0.9868     0.9869  0.0132     0.0131     0.4352         0.4512
    167   3.18   234.03     275.81  0.9867     0.9867  0.0133     0.0133     0.4362         0.4547
    168   3.17   228.85     273.73  0.9870     0.9869  0.0130     0.0131     0.4340         0.4523
    169   3.18   225.01     270.47  0.9868     0.9867  0.0132     0.0133     0.4379         0.4587
    170   3.18   219.46     266.79  0.9867     0.9868  0.0133     0.0132     0.4417         0.4640
    171   3.18   215.86     264.49  0.9867     0.9868  0.0133     0.0132     0.4501         0.4695
    172   3.18   208.69     259.73  0.9872     0.9871  0.0128     0.0129     0.4382         0.4645
    173   3.18   205.56     255.01  0.9871     0.9872  0.0129     0.0128     0.4349         0.4624
    174   3.18   197.36     251.28  0.9873     0.9873  0.0127     0.0127     0.4407         0.4732
    175   3.18   194.26     246.68  0.9865     0.9866  0.0135     0.0134     0.4363         0.4686
    176   3.18   191.16     242.76  0.9870     0.9871  0.0130     0.0129     0.4374         0.4725
    177   3.18   186.24     240.23  0.9867     0.9869  0.0133     0.0131     0.4390         0.4747
    178   3.19   181.56     236.35  0.9868     0.9869  0.0132     0.0131     0.4374         0.4779
    179   3.18   178.17     230.48  0.9867     0.9868  0.0133     0.0132     0.4297         0.4718
    180   3.18   177.41     226.41  0.9865     0.9866  0.0135     0.0134     0.4335         0.4717
    181   3.18   181.90     223.93  0.9866     0.9865  0.0134     0.0135     0.4366         0.4675
    182   3.17   180.52     225.02  0.9860     0.9861  0.0140     0.0139     0.4431         0.4849
    183   3.18   175.95     223.62  0.9867     0.9872  0.0133     0.0128     0.4317         0.4746
    184   3.18   172.56     222.20  0.9863     0.9864  0.0137     0.0136     0.4439         0.4843
    185   3.18   172.15     219.59  0.9863     0.9864  0.0137     0.0136     0.4285         0.4726
    186   3.18   167.90     218.33  0.9858     0.9862  0.0142     0.0138     0.4367         0.4849
    187   3.18   163.84     216.67  0.9864     0.9866  0.0136     0.0134     0.4446         0.4964
    188   3.18   167.76     212.61  0.9864     0.9865  0.0136     0.0135     0.4221         0.4640
    189   3.17   161.94     212.93  0.9860     0.9860  0.0140     0.0140     0.4323         0.4855
    190   3.18   166.84     210.06  0.9863     0.9860  0.0137     0.0140     0.4265         0.4699
    191   3.18   162.75     210.30  0.9859     0.9864  0.0141     0.0136     0.4377         0.4813
    192   3.18   165.22     208.05  0.9870     0.9868  0.0130     0.0132     0.4283         0.4716
    193   3.18   160.77     209.20  0.9864     0.9862  0.0136     0.0138     0.4388         0.4898
    194   3.18   159.16     208.10  0.9861     0.9862  0.0139     0.0138     0.4351         0.4878
    195   3.18   158.73     206.54  0.9860     0.9864  0.0140     0.0136     0.4368         0.4869
    196   3.18   158.45     206.16  0.9864     0.9865  0.0136     0.0135     0.4505         0.5046
    197   3.18   155.23     205.86  0.9863     0.9864  0.0137     0.0136     0.4413         0.5014
    198   3.18   154.35     203.57  0.9867     0.9867  0.0133     0.0133     0.4398         0.4929
    199   3.18   150.71     202.55  0.9874     0.9870  0.0126     0.0130     0.4452         0.5038
    200   3.18   153.71     199.89  0.9864     0.9864  0.0136     0.0136     0.4347         0.4868
The log/output/model have been saved to: ./logs/train.py-multi_zetas{'num_epochs': 200, 'use_stoch': [False, True, True], 'betas': [1e-08, 1e-08, 1e-08]}-cdv-04-03-15:32 + .csv/.out/.cpt
