  epoch    IZY    IXZ_1    IZ_1Z_2     acc    avg_acc     err    avg_err    adv_acc    avg_adv_acc
-------  -----  -------  ---------  ------  ---------  ------  ---------  ---------  -------------
      1  -1.21    10.02      29.79  0.1005     0.1043  0.8995     0.8957     0.1096         0.1073
      2  -1.14     2.43      26.35  0.1018     0.0955  0.8982     0.9045     0.1095         0.1129
      3  -0.22     6.53      31.62  0.1038     0.1035  0.8962     0.8965     0.1074         0.1101
      4  -0.30     1.60      13.20  0.1080     0.0999  0.8920     0.9001     0.1083         0.0973
      5  -0.29     1.06      10.07  0.1030     0.1012  0.8970     0.8988     0.1011         0.1086
      6  -0.21     0.58       9.10  0.1059     0.1049  0.8941     0.8951     0.0996         0.0998
      7  -0.09     2.05      14.10  0.1011     0.0999  0.8989     0.9001     0.1100         0.1062
      8  -0.15     1.61      10.25  0.0970     0.1106  0.9030     0.8894     0.1084         0.1082
      9  -0.08     0.95       6.95  0.1003     0.0983  0.8997     0.9017     0.1045         0.1128
     10  -0.04     2.92      14.62  0.1026     0.1110  0.8974     0.8890     0.1052         0.1080
     11  -0.02     1.47       9.48  0.1029     0.1061  0.8971     0.8939     0.1016         0.1112
     12  -0.02     0.82       7.14  0.0995     0.1122  0.9005     0.8878     0.1076         0.1095
     13  -0.02     0.42       5.38  0.1054     0.1083  0.8946     0.8917     0.1071         0.1107
     14  -0.01     1.70       9.22  0.1065     0.1108  0.8935     0.8892     0.1096         0.1111
     15  -0.01     0.41       4.81  0.1095     0.1142  0.8905     0.8858     0.1062         0.1131
     16  -0.01     0.99       5.69  0.1035     0.1078  0.8965     0.8922     0.1039         0.1110
     17  -0.00     0.44       4.39  0.1042     0.1140  0.8958     0.8860     0.1116         0.1157
     18  -0.00     0.72       6.32  0.1023     0.1129  0.8977     0.8871     0.1143         0.1153
     19  -0.00     0.71       5.78  0.1087     0.1127  0.8913     0.8873     0.1103         0.1125
     20  -0.00     0.51       4.51  0.1070     0.1132  0.8930     0.8868     0.1132         0.1139
     21  -0.00     0.28       3.80  0.1112     0.1140  0.8888     0.8860     0.1138         0.1140
     22   0.00     0.46       4.17  0.1081     0.1135  0.8919     0.8865     0.1109         0.1136
     23  -0.00     0.51       4.43  0.1111     0.1133  0.8889     0.8867     0.1100         0.1131
     24   0.00     0.26       3.26  0.1127     0.1135  0.8873     0.8865     0.1121         0.1136
     25   0.00     0.32       3.28  0.1135     0.1135  0.8865     0.8865     0.1130         0.1137
     26   0.00     1.11       6.13  0.1110     0.1134  0.8890     0.8866     0.1129         0.1133
     27   0.00     0.86       4.60  0.1123     0.1135  0.8877     0.8865     0.1133         0.1135
     28   0.00     1.55       5.80  0.1122     0.1135  0.8878     0.8865     0.1150         0.1135
     29   0.00     0.17       2.62  0.1125     0.1135  0.8875     0.8865     0.1155         0.1136
     30   0.00     0.47       3.62  0.1118     0.1135  0.8882     0.8865     0.1169         0.1135
     31   0.00     0.69       4.23  0.1129     0.1134  0.8871     0.8866     0.1131         0.1134
     32   0.00     0.28       2.86  0.1098     0.1135  0.8902     0.8865     0.1118         0.1135
     33   0.00     0.36       3.09  0.1114     0.1135  0.8886     0.8865     0.1138         0.1136
     34   0.00     0.73       3.40  0.1094     0.1135  0.8906     0.8865     0.1141         0.1135
     35   0.00     0.42       2.78  0.1131     0.1135  0.8869     0.8865     0.1110         0.1135
     36   0.00     0.23       2.38  0.1140     0.1135  0.8860     0.8865     0.1137         0.1136
     37   0.00     0.83       3.31  0.1140     0.1135  0.8860     0.8865     0.1142         0.1135
     38   0.00     0.14       1.94  0.1128     0.1135  0.8872     0.8865     0.1133         0.1135
     39   0.00     0.27       2.41  0.1107     0.1135  0.8893     0.8865     0.1115         0.1135
     40   0.00     0.36       2.41  0.1119     0.1135  0.8881     0.8865     0.1135         0.1135
     41   0.00     0.17       2.00  0.1128     0.1135  0.8872     0.8865     0.1126         0.1135
     42   0.00     0.19       1.74  0.1117     0.1135  0.8883     0.8865     0.1117         0.1135
     43   0.00     0.31       1.91  0.1106     0.1135  0.8894     0.8865     0.1125         0.1135
     44   0.00     0.10       1.52  0.1119     0.1135  0.8881     0.8865     0.1136         0.1135
     45   0.00     0.46       2.09  0.1131     0.1135  0.8869     0.8865     0.1141         0.1135
     46   0.00     0.44       1.88  0.1127     0.1135  0.8873     0.8865     0.1130         0.1135
     47   0.00     0.82       2.47  0.1141     0.1135  0.8859     0.8865     0.1126         0.1135
     48   0.00     0.15       1.52  0.1129     0.1135  0.8871     0.8865     0.1136         0.1135
     49   0.00     0.26       1.45  0.1134     0.1135  0.8866     0.8865     0.1150         0.1135
     50   0.00     0.10       1.27  0.1111     0.1135  0.8889     0.8865     0.1146         0.1135
     51   0.00     0.12       1.21  0.1133     0.1135  0.8867     0.8865     0.1122         0.1135
     52   0.00     0.26       1.37  0.1129     0.1135  0.8871     0.8865     0.1135         0.1135
     53   0.00     0.48       1.60  0.1132     0.1135  0.8868     0.8865     0.1132         0.1135
     54   0.00     0.66       2.27  0.1110     0.1135  0.8890     0.8865     0.1144         0.1135
     55   0.00     0.60       1.67  0.1146     0.1135  0.8854     0.8865     0.1131         0.1135
     56   0.00     0.13       1.04  0.1136     0.1135  0.8864     0.8865     0.1139         0.1135
     57   0.00     0.08       0.98  0.1123     0.1135  0.8877     0.8865     0.1126         0.1135
     58   0.00     0.12       0.97  0.1134     0.1135  0.8866     0.8865     0.1130         0.1135
     59   0.00     0.23       1.24  0.1132     0.1135  0.8868     0.8865     0.1139         0.1135
     60   0.00     0.54       1.46  0.1118     0.1135  0.8882     0.8865     0.1123         0.1135
     61   0.00     0.05       0.85  0.1115     0.1135  0.8885     0.8865     0.1144         0.1135
     62   0.00     0.05       0.81  0.1139     0.1135  0.8861     0.8865     0.1140         0.1135
     63   0.00     0.05       0.79  0.1131     0.1135  0.8869     0.8865     0.1138         0.1135
     64   0.00     0.10       0.83  0.1122     0.1135  0.8878     0.8865     0.1124         0.1135
     65   0.00     0.04       0.74  0.1130     0.1135  0.8870     0.8865     0.1127         0.1135
     66   0.00     0.09       0.79  0.1134     0.1135  0.8866     0.8865     0.1148         0.1135
     67   0.00     0.25       0.76  0.1131     0.1135  0.8869     0.8865     0.1138         0.1135
     68   0.00     0.09       0.68  0.1145     0.1135  0.8855     0.8865     0.1130         0.1135
     69   0.00     0.14       0.65  0.1133     0.1135  0.8867     0.8865     0.1129         0.1135
     70   0.00     0.06       0.59  0.1112     0.1135  0.8888     0.8865     0.1147         0.1135
     71   0.00     0.03       0.57  0.1126     0.1135  0.8874     0.8865     0.1141         0.1135
     72   0.00     0.40       0.87  0.1136     0.1135  0.8864     0.8865     0.1129         0.1135
     73   0.00     0.04       0.54  0.1133     0.1135  0.8867     0.8865     0.1140         0.1135
     74   0.00     0.07       0.56  0.1128     0.1135  0.8872     0.8865     0.1120         0.1135
     75   0.00     0.03       0.49  0.1140     0.1135  0.8860     0.8865     0.1133         0.1135
     76   0.00     0.14       0.61  0.1131     0.1135  0.8869     0.8865     0.1135         0.1135
     77   0.00     0.04       0.46  0.1122     0.1135  0.8878     0.8865     0.1127         0.1135
     78   0.00     0.08       0.47  0.1145     0.1135  0.8855     0.8865     0.1124         0.1135
     79   0.00     0.12       0.47  0.1129     0.1135  0.8871     0.8865     0.1143         0.1135
     80   0.00     0.05       0.42  0.1125     0.1135  0.8875     0.8865     0.1131         0.1135
     81   0.00     0.04       0.41  0.1131     0.1135  0.8869     0.8865     0.1143         0.1135
     82   0.00     0.03       0.36  0.1130     0.1135  0.8870     0.8865     0.1141         0.1135
     83   0.00     0.04       0.36  0.1126     0.1135  0.8874     0.8865     0.1135         0.1135
     84   0.00     0.12       0.40  0.1136     0.1135  0.8864     0.8865     0.1129         0.1135
     85   0.00     0.02       0.32  0.1121     0.1135  0.8879     0.8865     0.1138         0.1135
     86   0.00     0.06       0.30  0.1139     0.1135  0.8861     0.8865     0.1137         0.1135
     87   0.00     0.03       0.30  0.1142     0.1135  0.8858     0.8865     0.1127         0.1135
     88   0.00     0.03       0.30  0.1144     0.1135  0.8856     0.8865     0.1138         0.1135
     89   0.00     0.12       0.30  0.1135     0.1135  0.8865     0.8865     0.1141         0.1135
     90   0.00     0.04       0.27  0.1135     0.1135  0.8865     0.8865     0.1134         0.1135
     91   0.00     0.11       0.30  0.1127     0.1135  0.8873     0.8865     0.1136         0.1135
     92   0.00     0.11       0.27  0.1135     0.1135  0.8865     0.8865     0.1133         0.1135
     93   0.00     0.08       0.26  0.1130     0.1135  0.8870     0.8865     0.1135         0.1135
     94   0.00     0.04       0.22  0.1139     0.1135  0.8861     0.8865     0.1131         0.1135
     95   0.00     0.14       0.26  0.1138     0.1135  0.8862     0.8865     0.1135         0.1135
     96   0.00     0.02       0.19  0.1129     0.1135  0.8871     0.8865     0.1133         0.1135
     97   0.00     0.04       0.20  0.1133     0.1135  0.8867     0.8865     0.1137         0.1135
     98   0.00     0.01       0.18  0.1147     0.1135  0.8853     0.8865     0.1137         0.1135
     99   0.00     0.02       0.17  0.1138     0.1135  0.8862     0.8865     0.1137         0.1135
    100   0.00     0.04       0.16  0.1143     0.1135  0.8857     0.8865     0.1133         0.1135
    101   0.00     0.02       0.15  0.1135     0.1135  0.8865     0.8865     0.1137         0.1135
    102   0.00     0.02       0.14  0.1127     0.1135  0.8873     0.8865     0.1136         0.1135
    103   0.00     0.05       0.18  0.1131     0.1135  0.8869     0.8865     0.1135         0.1135
    104   0.00     0.02       0.13  0.1133     0.1135  0.8867     0.8865     0.1137         0.1135
    105   0.00     0.02       0.13  0.1136     0.1135  0.8864     0.8865     0.1142         0.1135
    106   0.00     0.01       0.12  0.1131     0.1135  0.8869     0.8865     0.1143         0.1135
    107   0.00     0.04       0.12  0.1137     0.1135  0.8863     0.8865     0.1134         0.1135
    108   0.00     0.01       0.10  0.1143     0.1135  0.8857     0.8865     0.1140         0.1135
    109   0.00     0.02       0.11  0.1124     0.1135  0.8876     0.8865     0.1131         0.1135
    110   0.00     0.01       0.10  0.1132     0.1135  0.8868     0.8865     0.1137         0.1135
    111   0.00     0.03       0.10  0.1137     0.1135  0.8863     0.8865     0.1137         0.1135
    112   0.00     0.02       0.08  0.1140     0.1135  0.8860     0.8865     0.1133         0.1135
    113   0.00     0.04       0.08  0.1135     0.1135  0.8865     0.8865     0.1142         0.1135
    114   0.00     0.01       0.08  0.1135     0.1135  0.8865     0.8865     0.1132         0.1135
    115   0.00     0.02       0.08  0.1137     0.1135  0.8863     0.8865     0.1137         0.1135
    116   0.00     0.01       0.07  0.1138     0.1135  0.8862     0.8865     0.1134         0.1135
    117   0.00     0.02       0.07  0.1139     0.1135  0.8861     0.8865     0.1134         0.1135
    118   0.00     0.02       0.06  0.1132     0.1135  0.8868     0.8865     0.1139         0.1135
    119   0.00     0.03       0.06  0.1136     0.1135  0.8864     0.8865     0.1136         0.1135
    120   0.00     0.01       0.06  0.1128     0.1135  0.8872     0.8865     0.1138         0.1135
    121   0.00     0.06       0.06  0.1128     0.1135  0.8872     0.8865     0.1139         0.1135
    122   0.00     0.01       0.05  0.1136     0.1135  0.8864     0.8865     0.1134         0.1135
    123   0.00     0.01       0.04  0.1140     0.1135  0.8860     0.8865     0.1125         0.1135
    124   0.00     0.01       0.04  0.1135     0.1135  0.8865     0.8865     0.1133         0.1135
    125   0.00     0.01       0.04  0.1133     0.1135  0.8867     0.8865     0.1136         0.1135
    126   0.00     0.01       0.04  0.1137     0.1135  0.8863     0.8865     0.1133         0.1135
    127   0.00     0.04       0.04  0.1137     0.1135  0.8863     0.8865     0.1136         0.1135
    128   0.00     0.01       0.03  0.1142     0.1135  0.8858     0.8865     0.1130         0.1135
    129   0.00     0.01       0.03  0.1133     0.1135  0.8867     0.8865     0.1142         0.1135
    130   0.00     0.01       0.03  0.1135     0.1135  0.8865     0.8865     0.1134         0.1135
    131   0.00     0.03       0.03  0.1137     0.1135  0.8863     0.8865     0.1132         0.1135
    132   0.00     0.01       0.03  0.1133     0.1135  0.8867     0.8865     0.1138         0.1135
    133   0.00     0.01       0.03  0.1134     0.1135  0.8866     0.8865     0.1134         0.1135
    134   0.00     0.01       0.02  0.1138     0.1135  0.8862     0.8865     0.1139         0.1135
    135   0.00     0.01       0.02  0.1135     0.1135  0.8865     0.8865     0.1138         0.1135
    136   0.00     0.02       0.02  0.1133     0.1135  0.8867     0.8865     0.1134         0.1135
    137   0.00     0.02       0.02  0.1134     0.1135  0.8866     0.8865     0.1134         0.1135
    138   0.00     0.01       0.02  0.1133     0.1135  0.8867     0.8865     0.1137         0.1135
    139   0.00     0.01       0.02  0.1131     0.1135  0.8869     0.8865     0.1133         0.1135
    140   0.00     0.01       0.02  0.1133     0.1135  0.8867     0.8865     0.1135         0.1135
    141   0.00     0.01       0.02  0.1133     0.1135  0.8867     0.8865     0.1134         0.1135
    142   0.00     0.01       0.01  0.1134     0.1135  0.8866     0.8865     0.1136         0.1135
    143   0.00     0.01       0.01  0.1135     0.1135  0.8865     0.8865     0.1132         0.1135
    144   0.00     0.01       0.01  0.1134     0.1135  0.8866     0.8865     0.1135         0.1135
    145   0.00     0.02       0.01  0.1135     0.1135  0.8865     0.8865     0.1136         0.1135
    146   0.00     0.01       0.01  0.1135     0.1135  0.8865     0.8865     0.1135         0.1135
    147   0.00     0.01       0.01  0.1134     0.1135  0.8866     0.8865     0.1136         0.1135
    148   0.00     0.01       0.01  0.1135     0.1135  0.8865     0.8865     0.1135         0.1135
    149   0.00     0.01       0.01  0.1133     0.1135  0.8867     0.8865     0.1134         0.1135
    150   0.00     0.01       0.01  0.1135     0.1135  0.8865     0.8865     0.1135         0.1135
    151   0.00     0.01       0.01  0.1134     0.1135  0.8866     0.8865     0.1133         0.1135
    152   0.00     0.01       0.01  0.1135     0.1135  0.8865     0.8865     0.1131         0.1135
    153   0.00     0.01       0.01  0.1136     0.1135  0.8864     0.8865     0.1136         0.1135
    154   0.00     0.01       0.01  0.1135     0.1135  0.8865     0.8865     0.1135         0.1135
    155   0.00     0.01       0.01  0.1135     0.1135  0.8865     0.8865     0.1136         0.1135
    156   0.00     0.01       0.01  0.1135     0.1135  0.8865     0.8865     0.1135         0.1135
    157   0.00     0.01       0.01  0.1135     0.1135  0.8865     0.8865     0.1136         0.1135
    158   0.00     0.02       0.01  0.1135     0.1135  0.8865     0.8865     0.1136         0.1135
    159   0.00     0.01       0.00  0.1135     0.1135  0.8865     0.8865     0.1136         0.1135
    160   0.00     0.01       0.01  0.1135     0.1135  0.8865     0.8865     0.1136         0.1135
    161   0.00     0.01       0.00  0.1134     0.1135  0.8866     0.8865     0.1135         0.1135
    162   0.00     0.01       0.00  0.1135     0.1135  0.8865     0.8865     0.1135         0.1135
    163   0.00     0.02       0.00  0.1136     0.1135  0.8864     0.8865     0.1135         0.1135
    164   0.00     0.01       0.00  0.1135     0.1135  0.8865     0.8865     0.1135         0.1135
    165   0.00     0.01       0.00  0.1134     0.1135  0.8866     0.8865     0.1135         0.1135
    166   0.00     0.01       0.00  0.1135     0.1135  0.8865     0.8865     0.1135         0.1135
    167   0.00     0.01       0.00  0.1135     0.1135  0.8865     0.8865     0.1134         0.1135
    168   0.00     0.01       0.00  0.1134     0.1135  0.8866     0.8865     0.1135         0.1135
    169   0.00     0.01       0.00  0.1135     0.1135  0.8865     0.8865     0.1135         0.1135
    170   0.00     0.01       0.00  0.1135     0.1135  0.8865     0.8865     0.1135         0.1135
    171   0.00     0.01       0.00  0.1135     0.1135  0.8865     0.8865     0.1135         0.1135
    172   0.00     0.01       0.00  0.1135     0.1135  0.8865     0.8865     0.1135         0.1135
    173   0.00     0.02       0.00  0.1135     0.1135  0.8865     0.8865     0.1135         0.1135
    174   0.00     0.01       0.00  0.1135     0.1135  0.8865     0.8865     0.1136         0.1135
    175   0.00     0.01       0.00  0.1135     0.1135  0.8865     0.8865     0.1135         0.1135
    176   0.00     0.01       0.00  0.1135     0.1135  0.8865     0.8865     0.1135         0.1135
    177   0.00     0.01       0.00  0.1135     0.1135  0.8865     0.8865     0.1135         0.1135
    178   0.00     0.01       0.00  0.1136     0.1135  0.8864     0.8865     0.1135         0.1135
    179   0.00     0.01       0.00  0.1135     0.1135  0.8865     0.8865     0.1135         0.1135
    180   0.00     0.01       0.00  0.1135     0.1135  0.8865     0.8865     0.1135         0.1135
    181   0.00     0.01       0.00  0.1133     0.1135  0.8867     0.8865     0.1136         0.1135
    182   0.00     0.03       0.00  0.1135     0.1135  0.8865     0.8865     0.1135         0.1135
    183   0.00     0.01       0.00  0.1136     0.1135  0.8864     0.8865     0.1135         0.1135
    184   0.00     0.01       0.00  0.1135     0.1135  0.8865     0.8865     0.1135         0.1135
    185   0.00     0.01       0.00  0.1135     0.1135  0.8865     0.8865     0.1135         0.1135
    186   0.00     0.01       0.00  0.1135     0.1135  0.8865     0.8865     0.1135         0.1135
    187   0.00     0.01       0.00  0.1135     0.1135  0.8865     0.8865     0.1135         0.1135
    188   0.00     0.01       0.00  0.1135     0.1135  0.8865     0.8865     0.1135         0.1135
    189   0.00     0.01       0.00  0.1135     0.1135  0.8865     0.8865     0.1135         0.1135
    190   0.00     0.01       0.00  0.1135     0.1135  0.8865     0.8865     0.1135         0.1135
    191   0.00     0.01       0.00  0.1135     0.1135  0.8865     0.8865     0.1135         0.1135
    192   0.00     0.01       0.00  0.1135     0.1135  0.8865     0.8865     0.1135         0.1135
    193   0.00     0.01       0.00  0.1135     0.1135  0.8865     0.8865     0.1135         0.1135
    194   0.00     0.01       0.00  0.1135     0.1135  0.8865     0.8865     0.1135         0.1135
    195   0.00     0.01       0.00  0.1135     0.1135  0.8865     0.8865     0.1135         0.1135
    196   0.00     0.01       0.00  0.1135     0.1135  0.8865     0.8865     0.1135         0.1135
    197   0.00     0.01       0.00  0.1136     0.1135  0.8864     0.8865     0.1135         0.1135
    198   0.00     0.01       0.00  0.1135     0.1135  0.8865     0.8865     0.1135         0.1135
    199   0.00     0.01       0.00  0.1135     0.1135  0.8865     0.8865     0.1135         0.1135
    200   0.00     0.01       0.00  0.1135     0.1135  0.8865     0.8865     0.1135         0.1135
The log/output/model have been saved to: ./logs/train.py-multi_zetas{'num_epochs': 200, 'use_stoch': [False, True, True], 'betas': [1.0, 1.0, 1.0]}-bse-04-03-23:56 + .csv/.out/.cpt
