  epoch    IZY    IXZ_1    IZ_1Z_2     acc    avg_acc     err    avg_err    adv_acc    avg_adv_acc
-------  -----  -------  ---------  ------  ---------  ------  ---------  ---------  -------------
      1   3.03   112.02     107.84  0.9359     0.9405  0.0641     0.0595     0.0509         0.0509
      2   3.14    90.71      91.21  0.9636     0.9642  0.0364     0.0358     0.0536         0.0580
      3   3.16    77.35      82.30  0.9682     0.9699  0.0318     0.0301     0.0577         0.0670
      4   3.20    64.69      74.32  0.9755     0.9759  0.0245     0.0241     0.0641         0.0779
      5   3.20    62.77      73.33  0.9764     0.9767  0.0236     0.0233     0.0692         0.0830
      6   3.21    55.51      68.50  0.9778     0.9784  0.0222     0.0216     0.0867         0.1056
      7   3.20    47.42      61.96  0.9783     0.9807  0.0217     0.0193     0.1153         0.1503
      8   3.17    45.97      69.86  0.9724     0.9766  0.0276     0.0234     0.1366         0.1893
      9   3.21    57.41      62.38  0.9796     0.9800  0.0204     0.0200     0.1170         0.1397
     10   3.19    48.09      58.57  0.9786     0.9793  0.0214     0.0207     0.1504         0.1821
     11   3.17    38.08      53.85  0.9751     0.9765  0.0249     0.0235     0.1942         0.2472
     12   3.16    42.05      56.08  0.9743     0.9752  0.0257     0.0248     0.2358         0.2837
     13   3.20    43.94      54.84  0.9812     0.9819  0.0188     0.0181     0.2593         0.3014
     14   3.18    42.42      53.31  0.9775     0.9774  0.0225     0.0226     0.2624         0.3046
     15   3.22    32.55      49.06  0.9835     0.9843  0.0165     0.0157     0.3306         0.4037
     16   3.14    36.43      51.30  0.9738     0.9747  0.0262     0.0253     0.3276         0.3990
     17   3.14    35.99      50.21  0.9743     0.9742  0.0257     0.0258     0.3432         0.3998
     18   3.20    31.86      45.79  0.9824     0.9837  0.0176     0.0163     0.4291         0.4994
     19   3.20    34.86      46.40  0.9802     0.9814  0.0198     0.0186     0.3941         0.4598
     20   3.17    30.95      45.40  0.9779     0.9789  0.0221     0.0211     0.4314         0.5207
     21   3.17    30.93      44.70  0.9800     0.9813  0.0200     0.0187     0.4339         0.5226
     22   3.14    33.09      46.34  0.9737     0.9739  0.0263     0.0261     0.4046         0.4921
     23   3.16    28.03      42.90  0.9763     0.9775  0.0237     0.0225     0.4437         0.5425
     24   3.19    28.80      40.73  0.9797     0.9809  0.0203     0.0191     0.4651         0.5562
     25   3.15    31.17      44.44  0.9791     0.9802  0.0209     0.0198     0.5098         0.6118
     26   3.21    28.98      41.41  0.9845     0.9844  0.0155     0.0156     0.5234         0.6118
     27   3.18    26.86      39.84  0.9809     0.9812  0.0191     0.0188     0.4980         0.5816
     28   3.17    32.40      45.16  0.9787     0.9789  0.0213     0.0211     0.5143         0.5638
     29   3.19    24.43      37.17  0.9830     0.9840  0.0170     0.0160     0.5475         0.6587
     30   3.20    29.82      41.46  0.9843     0.9842  0.0157     0.0158     0.5141         0.5962
     31   3.19    25.30      36.46  0.9822     0.9839  0.0178     0.0161     0.5367         0.6257
     32   3.20    22.94      35.80  0.9842     0.9847  0.0158     0.0153     0.5695         0.6558
     33   3.16    27.49      38.44  0.9796     0.9795  0.0204     0.0205     0.5164         0.5911
     34   3.13    36.85      43.12  0.9776     0.9784  0.0224     0.0216     0.5364         0.5771
     35   3.15    24.84      36.64  0.9801     0.9802  0.0199     0.0198     0.5250         0.6090
     36   3.17    26.77      37.14  0.9821     0.9829  0.0179     0.0171     0.5397         0.6009
     37   3.17    27.37      36.38  0.9817     0.9822  0.0183     0.0178     0.5328         0.5904
     38   3.20    25.21      36.50  0.9858     0.9862  0.0142     0.0138     0.6135         0.6690
     39   3.19    21.44      32.57  0.9829     0.9835  0.0171     0.0165     0.5943         0.6758
     40   3.16    27.35      37.52  0.9803     0.9812  0.0197     0.0188     0.5445         0.6080
     41   3.20    22.14      32.50  0.9854     0.9855  0.0146     0.0145     0.6218         0.6992
     42   3.18    23.34      32.88  0.9835     0.9845  0.0165     0.0155     0.5868         0.6549
     43   3.18    21.85      32.81  0.9839     0.9846  0.0161     0.0154     0.6142         0.6840
     44   3.17    24.62      32.34  0.9829     0.9829  0.0171     0.0171     0.5919         0.6594
     45   3.18    22.30      31.48  0.9833     0.9834  0.0167     0.0166     0.6429         0.7148
     46   3.18    20.82      30.37  0.9840     0.9852  0.0160     0.0148     0.6140         0.7012
     47   3.18    20.76      31.48  0.9836     0.9842  0.0164     0.0158     0.6452         0.7067
     48   3.18    21.13      30.90  0.9847     0.9855  0.0153     0.0145     0.6167         0.6770
     49   3.19    35.16      43.34  0.9841     0.9845  0.0159     0.0155     0.6025         0.6220
     50   3.17    22.94      33.51  0.9833     0.9842  0.0167     0.0158     0.6574         0.6983
     51   3.16    22.67      30.69  0.9823     0.9835  0.0177     0.0165     0.5622         0.6341
     52   3.17    20.98      29.97  0.9828     0.9844  0.0172     0.0156     0.6093         0.6906
     53   3.18    19.04      28.80  0.9839     0.9845  0.0161     0.0155     0.6781         0.7391
     54   3.19    19.49      29.97  0.9851     0.9850  0.0149     0.0150     0.6551         0.7173
     55   3.17    22.06      29.76  0.9822     0.9835  0.0178     0.0165     0.5890         0.6443
     56   3.17    19.45      28.46  0.9850     0.9857  0.0150     0.0143     0.6248         0.6836
     57   3.17    24.44      33.50  0.9832     0.9841  0.0168     0.0159     0.5753         0.6049
     58   3.14    21.41      30.05  0.9813     0.9817  0.0187     0.0183     0.5718         0.6240
     59   3.18    20.18      28.55  0.9855     0.9861  0.0145     0.0139     0.6035         0.6435
     60   3.19    20.68      29.76  0.9850     0.9859  0.0150     0.0141     0.5870         0.6353
     61   3.18    27.65      36.17  0.9832     0.9839  0.0168     0.0161     0.6238         0.6368
     62   3.16    34.99      41.50  0.9829     0.9831  0.0171     0.0169     0.5825         0.5914
     63   3.18    18.39      27.28  0.9852     0.9853  0.0148     0.0147     0.6082         0.6616
     64   3.18    19.28      27.39  0.9851     0.9857  0.0149     0.0143     0.5878         0.6230
     65   3.18    19.07      28.44  0.9855     0.9860  0.0145     0.0140     0.6300         0.6602
     66   3.12    19.82      27.03  0.9785     0.9800  0.0215     0.0200     0.5263         0.5814
     67   3.16    19.20      27.20  0.9828     0.9834  0.0172     0.0166     0.5750         0.6109
     68   3.15    21.25      28.98  0.9827     0.9834  0.0173     0.0166     0.6193         0.6430
     69   3.19    20.24      27.44  0.9860     0.9865  0.0140     0.0135     0.5709         0.5974
     70   3.17    26.12      31.77  0.9837     0.9837  0.0163     0.0163     0.5046         0.5163
     71   3.15    18.08      26.33  0.9820     0.9822  0.0180     0.0178     0.5830         0.6188
     72   3.17    19.21      26.92  0.9845     0.9857  0.0155     0.0143     0.6153         0.6459
     73   3.17    16.83      25.31  0.9841     0.9855  0.0159     0.0145     0.6292         0.6741
     74   3.16    19.62      27.27  0.9820     0.9824  0.0180     0.0176     0.4854         0.5100
     75   3.15    17.37      25.23  0.9836     0.9840  0.0164     0.0160     0.5922         0.6340
     76   3.16    26.71      34.07  0.9843     0.9841  0.0157     0.0159     0.5690         0.5757
     77   3.18    17.41      25.43  0.9836     0.9842  0.0164     0.0158     0.5547         0.5853
     78   3.17    18.99      26.95  0.9841     0.9844  0.0159     0.0156     0.5593         0.5823
     79   3.18    16.46      24.16  0.9851     0.9865  0.0149     0.0135     0.5633         0.6017
     80   3.18    17.97      25.63  0.9853     0.9859  0.0147     0.0141     0.5578         0.5803
     81   3.18    17.23      25.11  0.9855     0.9858  0.0145     0.0142     0.5485         0.5743
     82   3.19    18.38      25.66  0.9860     0.9872  0.0140     0.0128     0.5383         0.5600
     83   3.18    16.30      24.51  0.9853     0.9860  0.0147     0.0140     0.5463         0.5775
     84   3.18    17.33      25.30  0.9855     0.9855  0.0145     0.0145     0.5332         0.5559
     85   3.17    17.04      24.38  0.9847     0.9849  0.0153     0.0151     0.5521         0.5821
     86   3.18    18.27      25.79  0.9859     0.9864  0.0141     0.0136     0.5332         0.5527
     87   3.16    17.05      24.77  0.9840     0.9848  0.0160     0.0152     0.5194         0.5435
     88   3.17    18.46      25.32  0.9847     0.9860  0.0153     0.0140     0.5244         0.5396
     89   3.18    17.13      25.10  0.9852     0.9861  0.0148     0.0139     0.5338         0.5538
     90   3.15    16.47      23.89  0.9843     0.9845  0.0157     0.0155     0.5541         0.5827
     91   3.16    16.48      23.78  0.9846     0.9849  0.0154     0.0151     0.5415         0.5606
     92   3.17    15.73      23.64  0.9863     0.9870  0.0137     0.0130     0.5343         0.5599
     93   3.15    19.25      26.60  0.9827     0.9826  0.0173     0.0174     0.5100         0.5216
     94   3.16    17.55      25.01  0.9836     0.9847  0.0164     0.0153     0.5447         0.5587
     95   3.17    15.42      23.34  0.9855     0.9860  0.0145     0.0140     0.5453         0.5678
     96   3.17    19.95      27.27  0.9858     0.9859  0.0142     0.0141     0.4858         0.4945
     97   3.17    15.63      23.58  0.9860     0.9863  0.0140     0.0137     0.5197         0.5389
     98   3.17    15.81      23.79  0.9862     0.9872  0.0138     0.0128     0.4830         0.5002
     99   3.16    15.55      23.15  0.9834     0.9849  0.0166     0.0151     0.5573         0.5781
    100   3.16    20.10      26.96  0.9857     0.9863  0.0143     0.0137     0.4645         0.4743
    101   3.17    15.74      23.14  0.9855     0.9859  0.0145     0.0141     0.5190         0.5382
    102   3.17    15.52      23.17  0.9863     0.9865  0.0137     0.0135     0.4863         0.5041
    103   3.17    15.52      23.31  0.9853     0.9865  0.0147     0.0135     0.4892         0.5056
    104   3.18    15.45      22.57  0.9858     0.9865  0.0142     0.0135     0.5224         0.5408
    105   3.17    14.92      22.75  0.9857     0.9861  0.0143     0.0139     0.5266         0.5446
    106   3.18    14.67      22.65  0.9854     0.9859  0.0146     0.0141     0.5262         0.5464
    107   3.18    15.30      22.66  0.9855     0.9860  0.0145     0.0140     0.5283         0.5429
    108   3.17    14.79      22.55  0.9858     0.9861  0.0142     0.0139     0.5700         0.5895
    109   3.18    15.89      22.98  0.9856     0.9863  0.0144     0.0137     0.5519         0.5686
    110   3.16    15.41      22.62  0.9858     0.9860  0.0142     0.0140     0.5264         0.5407
    111   3.16    14.90      22.08  0.9849     0.9857  0.0151     0.0143     0.5380         0.5530
    112   3.17    14.98      22.11  0.9855     0.9852  0.0145     0.0148     0.5079         0.5237
    113   3.16    14.72      22.05  0.9840     0.9850  0.0160     0.0150     0.5218         0.5384
    114   3.17    14.24      22.06  0.9853     0.9856  0.0147     0.0144     0.5074         0.5228
    115   3.16    14.77      21.75  0.9835     0.9845  0.0165     0.0155     0.5449         0.5676
    116   3.17    15.92      22.49  0.9856     0.9863  0.0144     0.0137     0.4788         0.4893
    117   3.17    14.24      22.24  0.9865     0.9867  0.0135     0.0133     0.5294         0.5461
    118   3.15    14.14      21.76  0.9839     0.9849  0.0161     0.0151     0.5506         0.5667
    119   3.14    15.19      22.74  0.9837     0.9839  0.0163     0.0161     0.4996         0.5112
    120   3.17    15.44      22.18  0.9852     0.9859  0.0148     0.0141     0.4773         0.4913
    121   3.16    14.67      22.08  0.9852     0.9858  0.0148     0.0142     0.4799         0.4921
    122   3.17    14.94      21.87  0.9848     0.9849  0.0152     0.0151     0.4675         0.4831
    123   3.15    14.29      21.76  0.9837     0.9849  0.0163     0.0151     0.5064         0.5229
    124   3.16    15.71      23.21  0.9846     0.9850  0.0154     0.0150     0.4588         0.4676
    125   3.15    14.77      21.87  0.9854     0.9853  0.0146     0.0147     0.4698         0.4812
    126   3.16    14.21      21.20  0.9850     0.9856  0.0150     0.0144     0.4958         0.5111
    127   3.16    14.32      21.70  0.9840     0.9845  0.0160     0.0155     0.4861         0.4976
    128   3.17    13.72      21.39  0.9842     0.9851  0.0158     0.0149     0.4995         0.5147
    129   3.17    14.03      21.57  0.9854     0.9867  0.0146     0.0133     0.4896         0.5017
    130   3.16    14.83      22.24  0.9853     0.9856  0.0147     0.0144     0.5014         0.5114
    131   3.17    13.76      21.47  0.9854     0.9856  0.0146     0.0144     0.4947         0.5120
    132   3.18    14.12      21.39  0.9854     0.9864  0.0146     0.0136     0.4628         0.4770
    133   3.18    14.04      21.23  0.9854     0.9862  0.0146     0.0138     0.4823         0.4981
    134   3.18    13.70      20.85  0.9863     0.9868  0.0137     0.0132     0.4609         0.4729
    135   3.17    14.84      22.15  0.9865     0.9864  0.0135     0.0136     0.4404         0.4480
    136   3.16    14.04      21.04  0.9846     0.9856  0.0154     0.0144     0.4454         0.4568
    137   3.17    14.55      21.48  0.9861     0.9856  0.0139     0.0144     0.4390         0.4510
    138   3.15    13.58      21.07  0.9846     0.9853  0.0154     0.0147     0.4722         0.4830
    139   3.18    14.11      21.53  0.9860     0.9869  0.0140     0.0131     0.4295         0.4379
    140   3.17    13.93      21.28  0.9850     0.9856  0.0150     0.0144     0.4115         0.4223
    141   3.18    13.78      21.33  0.9858     0.9863  0.0142     0.0137     0.4289         0.4371
    142   3.19    14.09      21.27  0.9865     0.9861  0.0135     0.0139     0.4397         0.4493
    143   3.18    14.50      22.00  0.9870     0.9868  0.0130     0.0132     0.4329         0.4427
    144   3.18    13.79      20.98  0.9859     0.9875  0.0141     0.0125     0.4385         0.4496
    145   3.17    14.28      21.63  0.9860     0.9869  0.0140     0.0131     0.4252         0.4317
    146   3.19    14.67      22.13  0.9861     0.9868  0.0139     0.0132     0.4422         0.4473
    147   3.17    13.52      20.54  0.9854     0.9857  0.0146     0.0143     0.4554         0.4690
    148   3.18    13.36      20.65  0.9857     0.9868  0.0143     0.0132     0.4563         0.4652
    149   3.18    13.82      21.13  0.9859     0.9868  0.0141     0.0132     0.4265         0.4356
    150   3.17    13.14      20.37  0.9852     0.9855  0.0148     0.0145     0.4857         0.5017
    151   3.17    13.35      20.88  0.9853     0.9864  0.0147     0.0136     0.4478         0.4567
    152   3.18    15.40      22.87  0.9852     0.9854  0.0148     0.0146     0.4457         0.4514
    153   3.17    13.95      20.72  0.9851     0.9865  0.0149     0.0135     0.4504         0.4616
    154   3.18    13.48      20.63  0.9863     0.9872  0.0137     0.0128     0.4800         0.4909
    155   3.17    12.89      20.07  0.9853     0.9854  0.0147     0.0146     0.4862         0.4978
    156   3.18    13.56      20.97  0.9869     0.9866  0.0131     0.0134     0.4470         0.4539
    157   3.17    12.99      20.34  0.9847     0.9854  0.0153     0.0146     0.4791         0.4948
    158   3.17    13.21      20.61  0.9846     0.9851  0.0154     0.0149     0.4636         0.4729
    159   3.16    13.32      20.51  0.9854     0.9858  0.0146     0.0142     0.4506         0.4615
    160   3.17    13.99      21.17  0.9852     0.9863  0.0148     0.0137     0.4227         0.4301
    161   3.17    13.45      20.71  0.9860     0.9856  0.0140     0.0144     0.4360         0.4466
    162   3.17    14.15      21.60  0.9857     0.9868  0.0143     0.0132     0.4077         0.4107
    163   3.17    13.16      20.25  0.9843     0.9854  0.0157     0.0146     0.4459         0.4577
    164   3.17    12.83      20.06  0.9856     0.9860  0.0144     0.0140     0.4661         0.4750
    165   3.17    13.78      21.06  0.9846     0.9858  0.0154     0.0142     0.4476         0.4528
    166   3.16    13.43      20.83  0.9855     0.9859  0.0145     0.0141     0.4297         0.4376
    167   3.15    13.21      20.66  0.9852     0.9858  0.0148     0.0142     0.4661         0.4772
    168   3.16    13.27      20.37  0.9850     0.9859  0.0150     0.0141     0.4727         0.4843
    169   3.16    12.81      20.06  0.9849     0.9865  0.0151     0.0135     0.4805         0.4946
    170   3.16    13.88      21.06  0.9852     0.9857  0.0148     0.0143     0.4547         0.4617
    171   3.15    13.27      20.08  0.9842     0.9856  0.0158     0.0144     0.4524         0.4600
    172   3.17    12.98      20.29  0.9855     0.9864  0.0145     0.0136     0.4539         0.4663
    173   3.15    13.16      20.35  0.9842     0.9852  0.0158     0.0148     0.4271         0.4364
    174   3.16    14.28      21.50  0.9855     0.9861  0.0145     0.0139     0.4077         0.4136
    175   3.17    12.64      19.72  0.9855     0.9862  0.0145     0.0138     0.4583         0.4690
    176   3.17    12.99      20.40  0.9859     0.9863  0.0141     0.0137     0.4556         0.4648
    177   3.16    12.95      20.46  0.9853     0.9858  0.0147     0.0142     0.4349         0.4430
    178   3.17    13.48      20.81  0.9855     0.9864  0.0145     0.0136     0.4234         0.4304
    179   3.17    13.68      21.30  0.9854     0.9856  0.0146     0.0144     0.4062         0.4154
    180   3.18    12.56      20.20  0.9854     0.9866  0.0146     0.0134     0.4550         0.4654
    181   3.17    13.23      20.38  0.9859     0.9861  0.0141     0.0139     0.4233         0.4316
    182   3.17    12.92      20.09  0.9861     0.9861  0.0139     0.0139     0.4405         0.4494
    183   3.16    12.66      19.85  0.9843     0.9847  0.0157     0.0153     0.4589         0.4696
    184   3.17    13.07      20.42  0.9845     0.9854  0.0155     0.0146     0.4378         0.4443
    185   3.16    12.81      20.16  0.9853     0.9861  0.0147     0.0139     0.4485         0.4582
    186   3.17    12.59      20.00  0.9856     0.9862  0.0144     0.0138     0.4522         0.4635
    187   3.17    13.07      20.37  0.9865     0.9869  0.0135     0.0131     0.4411         0.4473
    188   3.17    12.66      19.84  0.9847     0.9862  0.0153     0.0138     0.4548         0.4643
    189   3.18    12.58      19.99  0.9851     0.9859  0.0149     0.0141     0.4530         0.4627
    190   3.17    12.37      19.65  0.9852     0.9870  0.0148     0.0130     0.4683         0.4789
    191   3.17    12.65      19.94  0.9850     0.9864  0.0150     0.0136     0.4551         0.4639
    192   3.17    13.04      20.40  0.9858     0.9867  0.0142     0.0133     0.4470         0.4532
    193   3.17    12.64      20.07  0.9867     0.9873  0.0133     0.0127     0.4514         0.4599
    194   3.17    12.62      19.94  0.9859     0.9862  0.0141     0.0138     0.4643         0.4728
    195   3.17    12.73      20.15  0.9854     0.9862  0.0146     0.0138     0.4526         0.4606
    196   3.17    12.45      19.73  0.9855     0.9868  0.0145     0.0132     0.4385         0.4481
    197   3.17    12.99      20.43  0.9853     0.9869  0.0147     0.0131     0.4429         0.4482
    198   3.16    13.17      20.68  0.9853     0.9862  0.0147     0.0138     0.4185         0.4245
    199   3.18    12.69      20.27  0.9857     0.9868  0.0143     0.0132     0.4498         0.4601
    200   3.17    12.68      19.97  0.9865     0.9868  0.0135     0.0132     0.4354         0.4467
The log/output/model have been saved to: ./logs/train.py-multi_zetas{'num_epochs': 200, 'use_stoch': [False, True, True], 'betas': [0.001, 0.001, 0.001]}-hax-04-03-20:40 + .csv/.out/.cpt
