  epoch    IZY    IXZ_1    IZ_1Z_2     acc    avg_acc     err    avg_err    adv_acc    avg_adv_acc
-------  -----  -------  ---------  ------  ---------  ------  ---------  ---------  -------------
      1  -0.81    13.99      28.34  0.1021     0.1019  0.8979     0.8981     0.0995         0.1027
      2  -0.43     3.28      23.40  0.0993     0.1003  0.9007     0.8997     0.1036         0.1019
      3  -0.29     3.08      20.80  0.1017     0.1027  0.8983     0.8973     0.1074         0.1107
      4  -0.56     1.88      18.97  0.1011     0.1051  0.8989     0.8949     0.1064         0.1097
      5  -0.22     1.17      11.60  0.0952     0.1001  0.9048     0.8999     0.1023         0.1020
      6  -0.18     0.57       9.19  0.0976     0.1034  0.9024     0.8966     0.1107         0.1029
      7  -0.07     3.20      18.26  0.0999     0.1023  0.9001     0.8977     0.1089         0.1081
      8  -0.07     2.23      12.89  0.0947     0.1086  0.9053     0.8914     0.1045         0.1093
      9  -0.07     0.49       7.07  0.1015     0.1040  0.8985     0.8960     0.1055         0.1099
     10  -0.05     0.49       6.67  0.1044     0.1019  0.8956     0.8981     0.1078         0.1119
     11  -0.05     1.76      12.22  0.1014     0.1059  0.8986     0.8941     0.1071         0.1152
     12  -0.03     0.98       8.64  0.1029     0.1054  0.8971     0.8946     0.1037         0.1093
     13  -0.02     0.57       5.83  0.1050     0.1066  0.8950     0.8934     0.1096         0.1082
     14  -0.02     1.75      11.50  0.1009     0.1089  0.8991     0.8911     0.1057         0.1105
     15  -0.00     0.58       5.42  0.1068     0.1145  0.8932     0.8855     0.1036         0.1131
     16  -0.01     0.57       5.87  0.0997     0.1106  0.9003     0.8894     0.1074         0.1137
     17  -0.00     1.73       9.08  0.1083     0.1135  0.8917     0.8865     0.1153         0.1138
     18  -0.00     1.21       8.34  0.1064     0.1110  0.8936     0.8890     0.1083         0.1135
     19  -0.00     0.25       3.92  0.1027     0.1129  0.8973     0.8871     0.1122         0.1131
     20  -0.00     0.39       4.38  0.1043     0.1132  0.8957     0.8868     0.1128         0.1140
     21  -0.00     0.33       3.93  0.1076     0.1133  0.8924     0.8867     0.1103         0.1132
     22   0.00     0.52       4.32  0.1092     0.1133  0.8908     0.8867     0.1124         0.1138
     23  -0.00     0.49       3.84  0.1076     0.1132  0.8924     0.8868     0.1114         0.1138
     24   0.00     0.83       4.98  0.1085     0.1134  0.8915     0.8866     0.1095         0.1139
     25   0.00     0.48       3.69  0.1108     0.1134  0.8892     0.8866     0.1128         0.1137
     26   0.00     0.48       3.96  0.1091     0.1136  0.8909     0.8864     0.1131         0.1138
     27   0.00     0.23       2.80  0.1055     0.1134  0.8945     0.8866     0.1114         0.1136
     28   0.00     2.61       8.82  0.1117     0.1135  0.8883     0.8865     0.1147         0.1135
     29   0.00     0.77       4.41  0.1089     0.1134  0.8911     0.8866     0.1083         0.1134
     30   0.00     1.10       4.68  0.1121     0.1135  0.8879     0.8865     0.1137         0.1135
     31   0.00     0.22       2.52  0.1110     0.1135  0.8890     0.8865     0.1137         0.1135
     32   0.00     0.17       2.31  0.1139     0.1135  0.8861     0.8865     0.1119         0.1135
     33   0.00     0.67       3.94  0.1113     0.1135  0.8887     0.8865     0.1111         0.1136
     34   0.00     0.17       2.21  0.1098     0.1135  0.8902     0.8865     0.1131         0.1135
     35   0.00     0.19       2.24  0.1141     0.1135  0.8859     0.8865     0.1147         0.1135
     36   0.00     0.14       2.04  0.1116     0.1135  0.8884     0.8865     0.1140         0.1135
     37   0.00     0.12       1.93  0.1106     0.1135  0.8894     0.8865     0.1142         0.1135
     38   0.00     0.21       2.04  0.1139     0.1135  0.8861     0.8865     0.1153         0.1135
     39   0.00     0.15       1.93  0.1130     0.1135  0.8870     0.8865     0.1157         0.1135
     40   0.00     0.13       1.73  0.1136     0.1135  0.8864     0.8865     0.1124         0.1135
     41   0.00     0.15       1.76  0.1119     0.1135  0.8881     0.8865     0.1131         0.1135
     42   0.00     0.17       1.69  0.1127     0.1135  0.8873     0.8865     0.1144         0.1135
     43   0.00     0.23       1.77  0.1107     0.1135  0.8893     0.8865     0.1151         0.1135
     44   0.00     0.22       1.65  0.1125     0.1135  0.8875     0.8865     0.1122         0.1135
     45   0.00     0.23       1.58  0.1136     0.1135  0.8864     0.8865     0.1119         0.1135
     46   0.00     0.17       1.53  0.1113     0.1135  0.8887     0.8865     0.1124         0.1135
     47   0.00     0.09       1.39  0.1140     0.1135  0.8860     0.8865     0.1153         0.1135
     48   0.00     0.10       1.37  0.1115     0.1135  0.8885     0.8865     0.1121         0.1135
     49   0.00     0.17       1.50  0.1125     0.1135  0.8875     0.8865     0.1120         0.1135
     50   0.00     0.25       1.62  0.1096     0.1135  0.8904     0.8865     0.1133         0.1135
     51   0.00     0.09       1.18  0.1138     0.1135  0.8862     0.8865     0.1143         0.1135
     52   0.00     0.85       2.23  0.1138     0.1135  0.8862     0.8865     0.1145         0.1135
     53   0.00     0.09       1.14  0.1110     0.1135  0.8890     0.8865     0.1127         0.1135
     54   0.00     0.19       1.41  0.1100     0.1135  0.8900     0.8865     0.1137         0.1135
     55   0.00     0.07       1.03  0.1131     0.1135  0.8869     0.8865     0.1130         0.1135
     56   0.00     0.10       1.03  0.1135     0.1135  0.8865     0.8865     0.1111         0.1135
     57   0.00     0.08       1.01  0.1112     0.1135  0.8888     0.8865     0.1161         0.1135
     58   0.00     0.05       0.90  0.1124     0.1135  0.8876     0.8865     0.1139         0.1135
     59   0.00     0.09       0.90  0.1129     0.1135  0.8871     0.8865     0.1137         0.1135
     60   0.00     0.24       1.05  0.1115     0.1135  0.8885     0.8865     0.1133         0.1135
     61   0.00     0.27       0.97  0.1122     0.1135  0.8878     0.8865     0.1126         0.1135
     62   0.00     0.04       0.77  0.1127     0.1135  0.8873     0.8865     0.1145         0.1135
     63   0.00     0.11       0.82  0.1106     0.1135  0.8894     0.8865     0.1129         0.1135
     64   0.00     0.26       1.10  0.1103     0.1135  0.8897     0.8865     0.1138         0.1135
     65   0.00     0.16       0.76  0.1124     0.1135  0.8876     0.8865     0.1147         0.1135
     66   0.00     0.20       0.89  0.1132     0.1135  0.8868     0.8865     0.1131         0.1135
     67   0.00     0.08       0.68  0.1137     0.1135  0.8863     0.8865     0.1141         0.1135
     68   0.00     0.04       0.62  0.1133     0.1135  0.8867     0.8865     0.1138         0.1135
     69   0.00     0.21       0.73  0.1140     0.1135  0.8860     0.8865     0.1134         0.1135
     70   0.00     0.05       0.59  0.1122     0.1135  0.8878     0.8865     0.1137         0.1135
     71   0.00     0.04       0.55  0.1139     0.1135  0.8861     0.8865     0.1137         0.1135
     72   0.00     0.25       0.72  0.1136     0.1135  0.8864     0.8865     0.1134         0.1135
     73   0.00     0.04       0.52  0.1126     0.1135  0.8874     0.8865     0.1139         0.1135
     74   0.00     0.04       0.50  0.1137     0.1135  0.8863     0.8865     0.1134         0.1135
     75   0.00     0.23       0.65  0.1129     0.1135  0.8871     0.8865     0.1130         0.1135
     76   0.00     0.09       0.48  0.1139     0.1135  0.8861     0.8865     0.1137         0.1135
     77   0.00     0.14       0.52  0.1131     0.1135  0.8869     0.8865     0.1140         0.1135
     78   0.00     0.02       0.41  0.1107     0.1135  0.8893     0.8865     0.1141         0.1135
     79   0.00     0.06       0.42  0.1140     0.1135  0.8860     0.8865     0.1144         0.1135
     80   0.00     0.20       0.56  0.1134     0.1135  0.8866     0.8865     0.1138         0.1135
     81   0.00     0.05       0.42  0.1136     0.1135  0.8864     0.8865     0.1135         0.1135
     82   0.00     0.02       0.36  0.1123     0.1135  0.8877     0.8865     0.1138         0.1135
     83   0.00     0.03       0.33  0.1127     0.1135  0.8873     0.8865     0.1140         0.1135
     84   0.00     0.11       0.39  0.1125     0.1135  0.8875     0.8865     0.1129         0.1135
     85   0.00     0.05       0.33  0.1137     0.1135  0.8863     0.8865     0.1138         0.1135
     86   0.00     0.19       0.40  0.1135     0.1135  0.8865     0.8865     0.1132         0.1135
     87   0.00     0.05       0.32  0.1135     0.1135  0.8865     0.8865     0.1130         0.1135
     88   0.00     0.03       0.30  0.1139     0.1135  0.8861     0.8865     0.1131         0.1135
     89   0.00     0.02       0.27  0.1143     0.1135  0.8857     0.8865     0.1131         0.1135
     90   0.00     0.04       0.28  0.1132     0.1135  0.8868     0.8865     0.1134         0.1135
     91   0.00     0.02       0.25  0.1138     0.1135  0.8862     0.8865     0.1135         0.1135
     92   0.00     0.02       0.23  0.1142     0.1135  0.8858     0.8865     0.1147         0.1135
     93   0.00     0.09       0.27  0.1125     0.1135  0.8875     0.8865     0.1130         0.1135
     94   0.00     0.11       0.27  0.1127     0.1135  0.8873     0.8865     0.1131         0.1135
     95   0.00     0.03       0.20  0.1132     0.1135  0.8868     0.8865     0.1136         0.1135
     96   0.00     0.15       0.23  0.1138     0.1135  0.8862     0.8865     0.1140         0.1135
     97   0.00     0.05       0.20  0.1139     0.1135  0.8861     0.8865     0.1136         0.1135
     98   0.00     0.02       0.17  0.1134     0.1135  0.8866     0.8865     0.1133         0.1135
     99   0.00     0.07       0.19  0.1131     0.1135  0.8869     0.8865     0.1133         0.1135
    100   0.00     0.04       0.17  0.1133     0.1135  0.8867     0.8865     0.1140         0.1135
    101   0.00     0.02       0.15  0.1132     0.1135  0.8868     0.8865     0.1138         0.1135
    102   0.00     0.03       0.14  0.1143     0.1135  0.8857     0.8865     0.1138         0.1135
    103   0.00     0.03       0.16  0.1135     0.1135  0.8865     0.8865     0.1127         0.1135
    104   0.00     0.02       0.13  0.1136     0.1135  0.8864     0.8865     0.1140         0.1135
    105   0.00     0.02       0.13  0.1139     0.1135  0.8861     0.8865     0.1143         0.1135
    106   0.00     0.20       0.15  0.1136     0.1135  0.8864     0.8865     0.1134         0.1135
    107   0.00     0.05       0.13  0.1134     0.1135  0.8866     0.8865     0.1135         0.1135
    108   0.00     0.07       0.15  0.1130     0.1135  0.8870     0.8865     0.1133         0.1135
    109   0.00     0.09       0.13  0.1132     0.1135  0.8868     0.8865     0.1135         0.1135
    110   0.00     0.04       0.11  0.1133     0.1135  0.8867     0.8865     0.1135         0.1135
    111   0.00     0.02       0.10  0.1134     0.1135  0.8866     0.8865     0.1134         0.1135
    112   0.00     0.01       0.09  0.1132     0.1135  0.8868     0.8865     0.1133         0.1135
    113   0.00     0.03       0.09  0.1132     0.1135  0.8868     0.8865     0.1134         0.1135
    114   0.00     0.01       0.08  0.1136     0.1135  0.8864     0.8865     0.1133         0.1135
    115   0.00     0.01       0.07  0.1137     0.1135  0.8863     0.8865     0.1135         0.1135
    116   0.00     0.01       0.07  0.1136     0.1135  0.8864     0.8865     0.1134         0.1135
    117   0.00     0.02       0.07  0.1134     0.1135  0.8866     0.8865     0.1138         0.1135
    118   0.00     0.02       0.07  0.1129     0.1135  0.8871     0.8865     0.1133         0.1135
    119   0.00     0.01       0.06  0.1137     0.1135  0.8863     0.8865     0.1136         0.1135
    120   0.00     0.01       0.06  0.1138     0.1135  0.8862     0.8865     0.1134         0.1135
    121   0.00     0.01       0.06  0.1128     0.1135  0.8872     0.8865     0.1133         0.1135
    122   0.00     0.01       0.05  0.1139     0.1135  0.8861     0.8865     0.1135         0.1135
    123   0.00     0.02       0.05  0.1135     0.1135  0.8865     0.8865     0.1135         0.1135
    124   0.00     0.01       0.05  0.1131     0.1135  0.8869     0.8865     0.1133         0.1135
    125   0.00     0.01       0.04  0.1135     0.1135  0.8865     0.8865     0.1135         0.1135
    126   0.00     0.03       0.05  0.1131     0.1135  0.8869     0.8865     0.1133         0.1135
    127   0.00     0.01       0.04  0.1135     0.1135  0.8865     0.8865     0.1137         0.1135
    128   0.00     0.12       0.04  0.1133     0.1135  0.8867     0.8865     0.1135         0.1135
    129   0.00     0.01       0.04  0.1134     0.1135  0.8866     0.8865     0.1135         0.1135
    130   0.00     0.01       0.03  0.1134     0.1135  0.8866     0.8865     0.1135         0.1135
    131   0.00     0.01       0.03  0.1131     0.1135  0.8869     0.8865     0.1131         0.1135
    132   0.00     0.01       0.03  0.1136     0.1135  0.8864     0.8865     0.1134         0.1135
    133   0.00     0.02       0.03  0.1138     0.1135  0.8862     0.8865     0.1134         0.1135
    134   0.00     0.01       0.03  0.1134     0.1135  0.8866     0.8865     0.1134         0.1135
    135   0.00     0.01       0.02  0.1134     0.1135  0.8866     0.8865     0.1136         0.1135
    136   0.00     0.01       0.02  0.1130     0.1135  0.8870     0.8865     0.1135         0.1135
    137   0.00     0.01       0.02  0.1131     0.1135  0.8869     0.8865     0.1136         0.1135
    138   0.00     0.01       0.02  0.1135     0.1135  0.8865     0.8865     0.1136         0.1135
    139   0.00     0.01       0.02  0.1132     0.1135  0.8868     0.8865     0.1137         0.1135
    140   0.00     0.01       0.02  0.1134     0.1135  0.8866     0.8865     0.1136         0.1135
    141   0.00     0.02       0.02  0.1135     0.1135  0.8865     0.8865     0.1135         0.1135
    142   0.00     0.01       0.02  0.1134     0.1135  0.8866     0.8865     0.1137         0.1135
    143   0.00     0.01       0.02  0.1134     0.1135  0.8866     0.8865     0.1137         0.1135
    144   0.00     0.02       0.01  0.1135     0.1135  0.8865     0.8865     0.1134         0.1135
    145   0.00     0.01       0.01  0.1133     0.1135  0.8867     0.8865     0.1133         0.1135
    146   0.00     0.01       0.01  0.1133     0.1135  0.8867     0.8865     0.1137         0.1135
    147   0.00     0.02       0.01  0.1135     0.1135  0.8865     0.8865     0.1136         0.1135
    148   0.00     0.01       0.01  0.1134     0.1135  0.8866     0.8865     0.1135         0.1135
    149   0.00     0.01       0.01  0.1131     0.1135  0.8869     0.8865     0.1135         0.1135
    150   0.00     0.01       0.01  0.1137     0.1135  0.8863     0.8865     0.1134         0.1135
    151   0.00     0.01       0.01  0.1136     0.1135  0.8864     0.8865     0.1133         0.1135
    152   0.00     0.01       0.01  0.1131     0.1135  0.8869     0.8865     0.1133         0.1135
    153   0.00     0.01       0.01  0.1133     0.1135  0.8867     0.8865     0.1136         0.1135
    154   0.00     0.03       0.01  0.1137     0.1135  0.8863     0.8865     0.1135         0.1135
    155   0.00     0.01       0.01  0.1133     0.1135  0.8867     0.8865     0.1135         0.1135
    156   0.00     0.01       0.01  0.1136     0.1135  0.8864     0.8865     0.1135         0.1135
    157   0.00     0.01       0.01  0.1134     0.1135  0.8866     0.8865     0.1133         0.1135
    158   0.00     0.01       0.01  0.1135     0.1135  0.8865     0.8865     0.1134         0.1135
    159   0.00     0.01       0.01  0.1135     0.1135  0.8865     0.8865     0.1135         0.1135
    160   0.00     0.02       0.01  0.1134     0.1135  0.8866     0.8865     0.1135         0.1135
    161   0.00     0.01       0.01  0.1135     0.1135  0.8865     0.8865     0.1135         0.1135
    162   0.00     0.02       0.00  0.1136     0.1135  0.8864     0.8865     0.1134         0.1135
    163   0.00     0.01       0.00  0.1136     0.1135  0.8864     0.8865     0.1135         0.1135
    164   0.00     0.01       0.00  0.1135     0.1135  0.8865     0.8865     0.1137         0.1135
    165   0.00     0.01       0.00  0.1135     0.1135  0.8865     0.8865     0.1135         0.1135
    166   0.00     0.03       0.00  0.1136     0.1135  0.8864     0.8865     0.1135         0.1135
    167   0.00     0.01       0.00  0.1136     0.1135  0.8864     0.8865     0.1135         0.1135
    168   0.00     0.01       0.00  0.1137     0.1135  0.8863     0.8865     0.1135         0.1135
    169   0.00     0.01       0.00  0.1135     0.1135  0.8865     0.8865     0.1135         0.1135
    170   0.00     0.01       0.00  0.1134     0.1135  0.8866     0.8865     0.1133         0.1135
    171   0.00     0.01       0.00  0.1138     0.1135  0.8862     0.8865     0.1135         0.1135
    172   0.00     0.01       0.00  0.1135     0.1135  0.8865     0.8865     0.1135         0.1135
    173   0.00     0.01       0.00  0.1133     0.1135  0.8867     0.8865     0.1135         0.1135
    174   0.00     0.01       0.00  0.1134     0.1135  0.8866     0.8865     0.1135         0.1135
    175   0.00     0.01       0.00  0.1134     0.1135  0.8866     0.8865     0.1133         0.1135
    176   0.00     0.01       0.00  0.1135     0.1135  0.8865     0.8865     0.1136         0.1135
    177   0.00     0.01       0.00  0.1135     0.1135  0.8865     0.8865     0.1135         0.1135
    178   0.00     0.01       0.00  0.1135     0.1135  0.8865     0.8865     0.1134         0.1135
    179   0.00     0.01       0.00  0.1135     0.1135  0.8865     0.8865     0.1135         0.1135
    180   0.00     0.01       0.00  0.1135     0.1135  0.8865     0.8865     0.1135         0.1135
    181   0.00     0.01       0.00  0.1134     0.1135  0.8866     0.8865     0.1134         0.1135
    182   0.00     0.01       0.00  0.1135     0.1135  0.8865     0.8865     0.1134         0.1135
    183   0.00     0.01       0.00  0.1135     0.1135  0.8865     0.8865     0.1137         0.1135
    184   0.00     0.01       0.00  0.1135     0.1135  0.8865     0.8865     0.1135         0.1135
    185   0.00     0.01       0.00  0.1134     0.1135  0.8866     0.8865     0.1135         0.1135
    186   0.00     0.01       0.00  0.1135     0.1135  0.8865     0.8865     0.1135         0.1135
    187   0.00     0.01       0.00  0.1135     0.1135  0.8865     0.8865     0.1135         0.1135
    188   0.00     0.01       0.00  0.1135     0.1135  0.8865     0.8865     0.1135         0.1135
    189   0.00     0.01       0.00  0.1134     0.1135  0.8866     0.8865     0.1135         0.1135
    190   0.00     0.01       0.00  0.1136     0.1135  0.8864     0.8865     0.1134         0.1135
    191   0.00     0.01       0.00  0.1135     0.1135  0.8865     0.8865     0.1135         0.1135
    192   0.00     0.01       0.00  0.1135     0.1135  0.8865     0.8865     0.1135         0.1135
    193   0.00     0.01       0.00  0.1135     0.1135  0.8865     0.8865     0.1134         0.1135
    194   0.00     0.01       0.00  0.1133     0.1135  0.8867     0.8865     0.1135         0.1135
    195   0.00     0.01       0.00  0.1135     0.1135  0.8865     0.8865     0.1135         0.1135
    196   0.00     0.01       0.00  0.1136     0.1135  0.8864     0.8865     0.1135         0.1135
    197   0.00     0.01       0.00  0.1135     0.1135  0.8865     0.8865     0.1135         0.1135
    198   0.00     0.01       0.00  0.1136     0.1135  0.8864     0.8865     0.1135         0.1135
    199   0.00     0.01       0.00  0.1135     0.1135  0.8865     0.8865     0.1135         0.1135
    200   0.00     0.01       0.00  0.1135     0.1135  0.8865     0.8865     0.1135         0.1135
    201   0.00     0.01       0.00  0.1135     0.1135  0.8865     0.8865     0.1134         0.1135
    202   0.00     0.01       0.00  0.1135     0.1135  0.8865     0.8865     0.1134         0.1135
    203   0.00     0.01       0.00  0.1135     0.1135  0.8865     0.8865     0.1135         0.1135
    204   0.00     0.01       0.00  0.1135     0.1135  0.8865     0.8865     0.1135         0.1135
    205   0.00     0.01       0.00  0.1135     0.1135  0.8865     0.8865     0.1135         0.1135
    206   0.00     0.01       0.00  0.1135     0.1135  0.8865     0.8865     0.1135         0.1135
    207   0.00     0.01       0.00  0.1135     0.1135  0.8865     0.8865     0.1135         0.1135
    208   0.00     0.01       0.00  0.1135     0.1135  0.8865     0.8865     0.1135         0.1135
    209   0.00     0.01       0.00  0.1135     0.1135  0.8865     0.8865     0.1135         0.1135
    210   0.00     0.01       0.00  0.1135     0.1135  0.8865     0.8865     0.1135         0.1135
    211   0.00     0.01       0.00  0.1135     0.1135  0.8865     0.8865     0.1135         0.1135
    212   0.00     0.01       0.00  0.1135     0.1135  0.8865     0.8865     0.1135         0.1135
    213   0.00     0.01       0.00  0.1135     0.1135  0.8865     0.8865     0.1135         0.1135
    214   0.00     0.01       0.00  0.1135     0.1135  0.8865     0.8865     0.1135         0.1135
    215   0.00     0.01       0.00  0.1135     0.1135  0.8865     0.8865     0.1135         0.1135
    216   0.00     0.01       0.00  0.1135     0.1135  0.8865     0.8865     0.1135         0.1135
    217   0.00     0.01       0.00  0.1135     0.1135  0.8865     0.8865     0.1135         0.1135
    218   0.00     0.01       0.00  0.1136     0.1135  0.8864     0.8865     0.1135         0.1135
    219   0.00     0.01       0.00  0.1134     0.1135  0.8866     0.8865     0.1135         0.1135
    220   0.00     0.01       0.00  0.1135     0.1135  0.8865     0.8865     0.1135         0.1135
    221   0.00     0.01       0.00  0.1135     0.1135  0.8865     0.8865     0.1135         0.1135
    222   0.00     0.01       0.00  0.1135     0.1135  0.8865     0.8865     0.1135         0.1135
    223   0.00     0.01       0.00  0.1135     0.1135  0.8865     0.8865     0.1135         0.1135
    224   0.00     0.01       0.00  0.1135     0.1135  0.8865     0.8865     0.1135         0.1135
    225   0.00     0.01       0.00  0.1135     0.1135  0.8865     0.8865     0.1135         0.1135
    226   0.00     0.01       0.00  0.1135     0.1135  0.8865     0.8865     0.1135         0.1135
    227   0.00     0.01       0.00  0.1135     0.1135  0.8865     0.8865     0.1135         0.1135
    228   0.00     0.01       0.00  0.1135     0.1135  0.8865     0.8865     0.1135         0.1135
    229   0.00     0.01       0.00  0.1136     0.1135  0.8864     0.8865     0.1135         0.1135
    230   0.00     0.01       0.00  0.1135     0.1135  0.8865     0.8865     0.1135         0.1135
    231   0.00     0.01       0.00  0.1135     0.1135  0.8865     0.8865     0.1135         0.1135
    232   0.00     0.01       0.00  0.1135     0.1135  0.8865     0.8865     0.1135         0.1135
    233   0.00     0.01       0.00  0.1135     0.1135  0.8865     0.8865     0.1135         0.1135
    234   0.00     0.01       0.00  0.1135     0.1135  0.8865     0.8865     0.1135         0.1135
    235   0.00     0.01       0.00  0.1135     0.1135  0.8865     0.8865     0.1135         0.1135
    236   0.00     0.01       0.00  0.1135     0.1135  0.8865     0.8865     0.1135         0.1135
    237   0.00     0.01       0.00  0.1135     0.1135  0.8865     0.8865     0.1135         0.1135
    238   0.00     0.01       0.00  0.1135     0.1135  0.8865     0.8865     0.1135         0.1135
    239   0.00     0.01       0.00  0.1135     0.1135  0.8865     0.8865     0.1135         0.1135
    240   0.00     0.01       0.00  0.1135     0.1135  0.8865     0.8865     0.1135         0.1135
    241   0.00     0.01       0.00  0.1135     0.1135  0.8865     0.8865     0.1135         0.1135
    242   0.00     0.01       0.00  0.1135     0.1135  0.8865     0.8865     0.1135         0.1135
    243   0.00     0.01       0.00  0.1135     0.1135  0.8865     0.8865     0.1135         0.1135
    244   0.00     0.01       0.00  0.1136     0.1135  0.8864     0.8865     0.1135         0.1135
    245   0.00     0.01       0.00  0.1135     0.1135  0.8865     0.8865     0.1135         0.1135
    246   0.00     0.01       0.00  0.1135     0.1135  0.8865     0.8865     0.1135         0.1135
    247   0.00     0.01       0.00  0.1134     0.1135  0.8866     0.8865     0.1135         0.1135
    248   0.00     0.01       0.00  0.1135     0.1135  0.8865     0.8865     0.1135         0.1135
    249   0.00     0.01       0.00  0.1135     0.1135  0.8865     0.8865     0.1135         0.1135
    250   0.00     0.01       0.00  0.1135     0.1135  0.8865     0.8865     0.1134         0.1135
    251   0.00     0.01       0.00  0.1135     0.1135  0.8865     0.8865     0.1135         0.1135
    252   0.00     0.01       0.00  0.1135     0.1135  0.8865     0.8865     0.1135         0.1135
    253   0.00     0.01       0.00  0.1135     0.1135  0.8865     0.8865     0.1135         0.1135
    254   0.00     0.01       0.00  0.1135     0.1135  0.8865     0.8865     0.1135         0.1135
    255   0.00     0.01       0.00  0.1135     0.1135  0.8865     0.8865     0.1135         0.1135
    256   0.00     0.01       0.00  0.1135     0.1135  0.8865     0.8865     0.1135         0.1135
    257   0.00     0.01       0.00  0.1135     0.1135  0.8865     0.8865     0.1135         0.1135
    258   0.00     0.01       0.00  0.1135     0.1135  0.8865     0.8865     0.1135         0.1135
    259   0.00     0.01       0.00  0.1135     0.1135  0.8865     0.8865     0.1135         0.1135
    260   0.00     0.01       0.00  0.1135     0.1135  0.8865     0.8865     0.1135         0.1135
    261   0.00     0.01       0.00  0.1135     0.1135  0.8865     0.8865     0.1135         0.1135
    262   0.00     0.01       0.00  0.1135     0.1135  0.8865     0.8865     0.1135         0.1135
    263   0.00     0.01       0.00  0.1135     0.1135  0.8865     0.8865     0.1135         0.1135
    264   0.00     0.01       0.00  0.1135     0.1135  0.8865     0.8865     0.1135         0.1135
    265   0.00     0.01       0.00  0.1135     0.1135  0.8865     0.8865     0.1135         0.1135
    266   0.00     0.01       0.00  0.1135     0.1135  0.8865     0.8865     0.1135         0.1135
    267   0.00     0.01       0.00  0.1135     0.1135  0.8865     0.8865     0.1135         0.1135
    268   0.00     0.01       0.00  0.1135     0.1135  0.8865     0.8865     0.1135         0.1135
    269   0.00     0.01       0.00  0.1135     0.1135  0.8865     0.8865     0.1135         0.1135
    270   0.00     0.01       0.00  0.1135     0.1135  0.8865     0.8865     0.1135         0.1135
    271   0.00     0.01       0.00  0.1135     0.1135  0.8865     0.8865     0.1135         0.1135
    272   0.00     0.01       0.00  0.1135     0.1135  0.8865     0.8865     0.1135         0.1135
    273   0.00     0.01       0.00  0.1135     0.1135  0.8865     0.8865     0.1135         0.1135
    274   0.00     0.01       0.00  0.1135     0.1135  0.8865     0.8865     0.1135         0.1135
    275   0.00     0.01       0.00  0.1135     0.1135  0.8865     0.8865     0.1135         0.1135
    276   0.00     0.01       0.00  0.1135     0.1135  0.8865     0.8865     0.1135         0.1135
    277   0.00     0.01       0.00  0.1135     0.1135  0.8865     0.8865     0.1135         0.1135
    278   0.00     0.01       0.00  0.1135     0.1135  0.8865     0.8865     0.1135         0.1135
    279   0.00     0.01       0.00  0.1135     0.1135  0.8865     0.8865     0.1135         0.1135
    280   0.00     0.01       0.00  0.1135     0.1135  0.8865     0.8865     0.1135         0.1135
    281   0.00     0.01       0.00  0.1135     0.1135  0.8865     0.8865     0.1135         0.1135
    282   0.00     0.01       0.00  0.1135     0.1135  0.8865     0.8865     0.1135         0.1135
    283   0.00     0.01       0.00  0.1135     0.1135  0.8865     0.8865     0.1135         0.1135
    284   0.00     0.01       0.00  0.1135     0.1135  0.8865     0.8865     0.1135         0.1135
    285   0.00     0.01       0.00  0.1135     0.1135  0.8865     0.8865     0.1135         0.1135
    286   0.00     0.01       0.00  0.1135     0.1135  0.8865     0.8865     0.1135         0.1135
    287   0.00     0.01       0.00  0.1135     0.1135  0.8865     0.8865     0.1135         0.1135
    288   0.00     0.01       0.00  0.1135     0.1135  0.8865     0.8865     0.1135         0.1135
    289   0.00     0.01       0.00  0.1135     0.1135  0.8865     0.8865     0.1135         0.1135
    290   0.00     0.01       0.00  0.1135     0.1135  0.8865     0.8865     0.1135         0.1135
    291   0.00     0.01       0.00  0.1135     0.1135  0.8865     0.8865     0.1135         0.1135
    292   0.00     0.01       0.00  0.1135     0.1135  0.8865     0.8865     0.1135         0.1135
    293   0.00     0.01       0.00  0.1135     0.1135  0.8865     0.8865     0.1135         0.1135
    294   0.00     0.01       0.00  0.1135     0.1135  0.8865     0.8865     0.1135         0.1135
    295   0.00     0.01       0.00  0.1135     0.1135  0.8865     0.8865     0.1135         0.1135
    296   0.00     0.01       0.00  0.1135     0.1135  0.8865     0.8865     0.1135         0.1135
    297   0.00     0.01       0.00  0.1135     0.1135  0.8865     0.8865     0.1135         0.1135
    298   0.00     0.01       0.00  0.1135     0.1135  0.8865     0.8865     0.1135         0.1135
    299   0.00     0.01       0.00  0.1135     0.1135  0.8865     0.8865     0.1135         0.1135
    300   0.00     0.01       0.00  0.1135     0.1135  0.8865     0.8865     0.1135         0.1135
The log/output/model have been saved to: ./logs/train.py-multi_zetas300_False_True_True_1.0_1.0_1.0-hoy-04-23-21:58 + .csv/.out/.cpt
