  epoch    IZY    IXZ_1     acc    avg_acc     err    avg_err    adv_acc    avg_adv_acc
-------  -----  -------  ------  ---------  ------  ---------  ---------  -------------
      1   3.07   449.14  0.9457     0.9455  0.0543     0.0545     0.0208         0.0211
      2   3.15   368.21  0.9625     0.9619  0.0375     0.0381     0.0204         0.0202
      3   3.20   302.03  0.9738     0.9742  0.0262     0.0258     0.0147         0.0146
      4   3.18   282.98  0.9705     0.9693  0.0295     0.0307     0.0193         0.0192
      5   3.22   250.48  0.9781     0.9782  0.0219     0.0218     0.0175         0.0177
      6   3.21   241.07  0.9770     0.9770  0.0230     0.0230     0.0245         0.0248
      7   3.21   215.29  0.9798     0.9796  0.0202     0.0204     0.0356         0.0358
      8   3.21   210.89  0.9784     0.9787  0.0216     0.0213     0.0474         0.0469
      9   3.18   201.13  0.9727     0.9727  0.0273     0.0273     0.0274         0.0274
     10   3.22   194.87  0.9786     0.9790  0.0214     0.0210     0.0394         0.0400
     11   3.21   176.39  0.9815     0.9818  0.0185     0.0182     0.0679         0.0695
     12   3.21   172.63  0.9799     0.9797  0.0201     0.0203     0.0356         0.0359
     13   3.19   166.64  0.9773     0.9770  0.0227     0.0230     0.0593         0.0596
     14   3.22   156.56  0.9839     0.9842  0.0161     0.0158     0.0990         0.0998
     15   3.21   152.76  0.9822     0.9822  0.0178     0.0178     0.0820         0.0828
     16   3.21   153.54  0.9796     0.9796  0.0204     0.0204     0.0931         0.0951
     17   3.20   156.81  0.9790     0.9792  0.0210     0.0208     0.0773         0.0777
     18   3.21   151.19  0.9817     0.9817  0.0183     0.0183     0.0907         0.0919
     19   3.20   138.33  0.9798     0.9802  0.0202     0.0198     0.0927         0.0931
     20   3.22   133.65  0.9830     0.9836  0.0170     0.0164     0.0816         0.0829
     21   3.22   128.27  0.9833     0.9836  0.0167     0.0164     0.0721         0.0726
     22   3.17   138.85  0.9770     0.9772  0.0230     0.0228     0.1003         0.1026
     23   3.23   126.09  0.9836     0.9844  0.0164     0.0156     0.0708         0.0716
     24   3.20   125.91  0.9807     0.9807  0.0193     0.0193     0.1075         0.1110
     25   3.21   125.51  0.9825     0.9827  0.0175     0.0173     0.0938         0.0959
     26   3.22   114.71  0.9844     0.9841  0.0156     0.0159     0.0671         0.0683
     27   3.21   114.90  0.9827     0.9826  0.0173     0.0174     0.0667         0.0687
     28   3.18   119.04  0.9793     0.9796  0.0207     0.0204     0.0835         0.0861
     29   3.21   111.63  0.9827     0.9826  0.0173     0.0174     0.0883         0.0909
     30   3.21   115.01  0.9811     0.9813  0.0189     0.0187     0.0468         0.0477
     31   3.21   104.73  0.9834     0.9836  0.0166     0.0164     0.1019         0.1037
     32   3.19   110.58  0.9789     0.9790  0.0211     0.0210     0.0851         0.0872
     33   3.16   111.51  0.9762     0.9771  0.0238     0.0229     0.0934         0.0969
     34   3.22    94.99  0.9855     0.9852  0.0145     0.0148     0.0802         0.0818
     35   3.22   104.28  0.9824     0.9823  0.0176     0.0177     0.0501         0.0516
     36   3.21    94.43  0.9833     0.9831  0.0167     0.0169     0.0735         0.0760
     37   3.22    96.32  0.9851     0.9844  0.0149     0.0156     0.0757         0.0800
     38   3.23    92.69  0.9861     0.9860  0.0139     0.0140     0.0533         0.0554
     39   3.23    90.52  0.9850     0.9849  0.0150     0.0151     0.0637         0.0655
     40   3.20    89.99  0.9814     0.9813  0.0186     0.0187     0.0890         0.0904
     41   3.21    90.21  0.9821     0.9818  0.0179     0.0182     0.0642         0.0660
     42   3.22   103.76  0.9835     0.9836  0.0165     0.0164     0.0590         0.0600
     43   3.22    83.46  0.9854     0.9855  0.0146     0.0145     0.0895         0.0923
     44   3.19   101.54  0.9780     0.9782  0.0220     0.0218     0.0517         0.0528
     45   3.22    80.81  0.9848     0.9846  0.0152     0.0154     0.0769         0.0781
     46   3.22    74.97  0.9858     0.9859  0.0142     0.0141     0.0814         0.0838
     47   3.23    66.77  0.9869     0.9867  0.0131     0.0133     0.0821         0.0832
     48   3.22    60.93  0.9865     0.9868  0.0135     0.0132     0.0881         0.0895
     49   3.22    57.63  0.9864     0.9862  0.0136     0.0138     0.0885         0.0894
     50   3.22    53.85  0.9861     0.9862  0.0139     0.0138     0.1003         0.1020
     51   3.21    50.41  0.9865     0.9866  0.0135     0.0134     0.1117         0.1134
     52   3.21    48.19  0.9854     0.9855  0.0146     0.0145     0.1307         0.1315
     53   3.19    80.78  0.9815     0.9815  0.0185     0.0185     0.0687         0.0702
     54   3.22    67.74  0.9858     0.9857  0.0142     0.0143     0.0700         0.0724
     55   3.22    62.71  0.9869     0.9863  0.0131     0.0137     0.0797         0.0808
     56   3.22    57.22  0.9865     0.9868  0.0135     0.0132     0.0856         0.0865
     57   3.22    56.67  0.9868     0.9867  0.0132     0.0133     0.0952         0.0963
     58   3.22    50.97  0.9866     0.9871  0.0134     0.0129     0.1049         0.1070
     59   3.22    48.10  0.9865     0.9867  0.0135     0.0133     0.1157         0.1174
     60   3.22    46.30  0.9869     0.9865  0.0131     0.0135     0.1286         0.1295
     61   3.21    44.57  0.9868     0.9866  0.0132     0.0134     0.1423         0.1437
     62   3.21    42.97  0.9865     0.9867  0.0135     0.0133     0.1614         0.1618
     63   3.21    41.49  0.9866     0.9862  0.0134     0.0138     0.1843         0.1853
     64   3.20    95.63  0.9818     0.9820  0.0182     0.0180     0.0303         0.0307
     65   3.21    64.94  0.9835     0.9839  0.0165     0.0161     0.0891         0.0914
     66   3.18    65.96  0.9817     0.9818  0.0183     0.0182     0.0571         0.0576
     67   3.21    56.62  0.9845     0.9843  0.0155     0.0157     0.0856         0.0878
     68   3.21    52.00  0.9850     0.9854  0.0150     0.0146     0.0966         0.0982
     69   3.21    48.06  0.9857     0.9853  0.0143     0.0147     0.0960         0.0975
     70   3.20    45.43  0.9853     0.9853  0.0147     0.0147     0.1167         0.1175
     71   3.20    43.67  0.9856     0.9853  0.0144     0.0147     0.1267         0.1278
     72   3.20    45.11  0.9860     0.9858  0.0140     0.0142     0.1268         0.1279
     73   3.19    41.55  0.9855     0.9854  0.0145     0.0146     0.1466         0.1475
     74   3.20    40.80  0.9856     0.9861  0.0144     0.0139     0.1630         0.1644
     75   3.19    39.43  0.9855     0.9857  0.0145     0.0143     0.1889         0.1908
     76   3.19    38.52  0.9865     0.9864  0.0135     0.0136     0.2098         0.2119
     77   3.19    37.64  0.9856     0.9857  0.0144     0.0143     0.2138         0.2141
     78   3.19    46.34  0.9856     0.9858  0.0144     0.0142     0.2403         0.2413
     79   3.19    35.71  0.9857     0.9857  0.0143     0.0143     0.2612         0.2631
     80   3.19    36.27  0.9853     0.9853  0.0147     0.0147     0.2621         0.2623
     81   3.18    33.88  0.9862     0.9860  0.0138     0.0140     0.3082         0.3099
     82   3.19    53.08  0.9846     0.9842  0.0154     0.0158     0.1049         0.1086
     83   3.17    61.98  0.9821     0.9825  0.0179     0.0175     0.0829         0.0857
     84   3.18    58.63  0.9823     0.9826  0.0177     0.0174     0.0805         0.0821
     85   3.20    47.43  0.9847     0.9847  0.0153     0.0153     0.1226         0.1264
     86   3.19    44.96  0.9857     0.9855  0.0143     0.0145     0.1339         0.1362
     87   3.19    41.48  0.9858     0.9855  0.0142     0.0145     0.1498         0.1534
     88   3.19    39.25  0.9860     0.9854  0.0140     0.0146     0.1680         0.1716
     89   3.19    37.59  0.9861     0.9858  0.0139     0.0142     0.1833         0.1866
     90   3.19    57.44  0.9853     0.9851  0.0147     0.0149     0.1333         0.1330
     91   3.18    49.22  0.9830     0.9826  0.0170     0.0174     0.1433         0.1471
     92   3.18    45.90  0.9842     0.9840  0.0158     0.0160     0.1261         0.1282
     93   3.19    41.69  0.9846     0.9849  0.0154     0.0151     0.1653         0.1684
     94   3.19    40.16  0.9854     0.9858  0.0146     0.0142     0.1812         0.1845
     95   3.18    38.59  0.9858     0.9861  0.0142     0.0139     0.2010         0.2037
     96   3.19    37.27  0.9858     0.9859  0.0142     0.0141     0.2290         0.2310
     97   3.18    38.64  0.9850     0.9854  0.0150     0.0146     0.2302         0.2343
     98   3.18    37.08  0.9853     0.9853  0.0147     0.0147     0.2497         0.2512
     99   3.18    35.12  0.9847     0.9854  0.0153     0.0146     0.2659         0.2679
    100   3.18    34.56  0.9856     0.9854  0.0144     0.0146     0.2755         0.2766
    101   3.18    33.99  0.9854     0.9859  0.0146     0.0141     0.2925         0.2945
    102   3.18    33.56  0.9858     0.9856  0.0142     0.0144     0.2959         0.2956
    103   3.18    33.18  0.9857     0.9855  0.0143     0.0145     0.3056         0.3075
    104   3.17    33.74  0.9857     0.9858  0.0143     0.0142     0.2985         0.2995
    105   3.17    32.44  0.9862     0.9862  0.0138     0.0138     0.3275         0.3281
    106   3.17    31.85  0.9863     0.9861  0.0137     0.0139     0.3462         0.3487
    107   3.17    33.06  0.9857     0.9863  0.0143     0.0137     0.3398         0.3429
    108   3.16    30.90  0.9854     0.9858  0.0146     0.0142     0.3415         0.3420
    109   3.19    41.14  0.9850     0.9850  0.0150     0.0150     0.1455         0.1490
    110   3.18    44.10  0.9836     0.9836  0.0164     0.0164     0.1634         0.1680
    111   3.18    37.36  0.9848     0.9850  0.0152     0.0150     0.1795         0.1854
    112   3.19    38.82  0.9862     0.9867  0.0138     0.0133     0.1732         0.1758
    113   3.18    39.70  0.9848     0.9849  0.0152     0.0151     0.1736         0.1776
    114   3.17    36.58  0.9849     0.9852  0.0151     0.0148     0.1913         0.1954
    115   3.18    35.51  0.9855     0.9858  0.0145     0.0142     0.2031         0.2056
    116   3.18    33.92  0.9859     0.9857  0.0141     0.0143     0.2156         0.2194
    117   3.18    33.50  0.9856     0.9857  0.0144     0.0143     0.2352         0.2392
    118   3.18    33.66  0.9855     0.9859  0.0145     0.0141     0.2410         0.2428
    119   3.18    32.35  0.9857     0.9858  0.0143     0.0142     0.2595         0.2641
    120   3.18    32.40  0.9856     0.9860  0.0144     0.0140     0.2671         0.2697
    121   3.18    31.83  0.9861     0.9860  0.0139     0.0140     0.2796         0.2827
    122   3.18    31.34  0.9862     0.9860  0.0138     0.0140     0.2904         0.2929
    123   3.18    32.12  0.9862     0.9864  0.0138     0.0136     0.2881         0.2902
    124   3.18    31.26  0.9861     0.9857  0.0139     0.0143     0.3067         0.3092
    125   3.18    30.83  0.9859     0.9865  0.0141     0.0135     0.3011         0.3025
    126   3.18    31.43  0.9866     0.9865  0.0134     0.0135     0.3128         0.3167
    127   3.17    32.03  0.9864     0.9861  0.0136     0.0139     0.3022         0.3031
    128   3.18    35.27  0.9862     0.9863  0.0138     0.0137     0.3139         0.3158
    129   3.08    49.22  0.9766     0.9762  0.0234     0.0238     0.2357         0.2399
    130   3.18    36.15  0.9856     0.9851  0.0144     0.0149     0.2459         0.2495
    131   3.18    33.63  0.9858     0.9856  0.0142     0.0144     0.2628         0.2667
    132   3.18    32.13  0.9862     0.9860  0.0138     0.0140     0.2951         0.2985
    133   3.18    36.62  0.9861     0.9860  0.0139     0.0140     0.2673         0.2695
    134   3.18    37.80  0.9861     0.9864  0.0139     0.0136     0.2964         0.2992
    135   3.17    31.39  0.9863     0.9859  0.0137     0.0141     0.3084         0.3106
    136   3.18    30.61  0.9863     0.9861  0.0137     0.0139     0.3296         0.3318
    137   3.17    30.24  0.9863     0.9865  0.0137     0.0135     0.3420         0.3449
    138   3.17    30.08  0.9863     0.9862  0.0137     0.0138     0.3405         0.3444
    139   3.17    29.96  0.9865     0.9863  0.0135     0.0137     0.3420         0.3451
    140   3.17    29.78  0.9860     0.9862  0.0140     0.0138     0.3600         0.3637
    141   3.17    29.76  0.9868     0.9867  0.0132     0.0133     0.3389         0.3431
    142   3.17    30.22  0.9863     0.9863  0.0137     0.0137     0.3402         0.3426
    143   3.17    28.98  0.9868     0.9868  0.0132     0.0132     0.3715         0.3757
    144   3.17    29.03  0.9866     0.9870  0.0134     0.0130     0.3600         0.3648
    145   3.16    29.32  0.9861     0.9862  0.0139     0.0138     0.3951         0.3979
    146   3.16    28.51  0.9859     0.9863  0.0141     0.0137     0.3787         0.3819
    147   3.17    28.41  0.9866     0.9861  0.0134     0.0139     0.3661         0.3685
    148   3.17    28.75  0.9860     0.9864  0.0140     0.0136     0.3742         0.3763
    149   3.17    31.72  0.9858     0.9859  0.0142     0.0141     0.3681         0.3705
    150   3.17    32.39  0.9860     0.9862  0.0140     0.0138     0.3270         0.3286
    151   3.16    28.28  0.9860     0.9861  0.0140     0.0139     0.3766         0.3779
    152   3.17    28.63  0.9866     0.9869  0.0134     0.0131     0.3677         0.3709
    153   3.17    28.98  0.9864     0.9868  0.0136     0.0132     0.3435         0.3475
    154   3.17    28.40  0.9868     0.9866  0.0132     0.0134     0.3775         0.3805
    155   3.17    28.19  0.9867     0.9864  0.0133     0.0136     0.3768         0.3796
    156   3.17    28.71  0.9861     0.9864  0.0139     0.0136     0.3771         0.3800
    157   3.17    27.71  0.9870     0.9864  0.0130     0.0136     0.3909         0.3936
    158   3.17    27.88  0.9860     0.9860  0.0140     0.0140     0.3857         0.3892
    159   3.17    27.84  0.9858     0.9859  0.0142     0.0141     0.3855         0.3897
    160   3.17    27.87  0.9861     0.9862  0.0139     0.0138     0.3979         0.4019
    161   3.17    27.54  0.9858     0.9866  0.0142     0.0134     0.4070         0.4104
    162   3.17    29.01  0.9863     0.9866  0.0137     0.0134     0.3803         0.3836
    163   3.16    27.44  0.9863     0.9864  0.0137     0.0136     0.4089         0.4119
    164   3.17    28.01  0.9860     0.9860  0.0140     0.0140     0.3892         0.3931
    165   3.17    27.89  0.9862     0.9863  0.0138     0.0137     0.4022         0.4046
    166   3.17    27.72  0.9865     0.9863  0.0135     0.0137     0.3902         0.3923
    167   3.16    27.39  0.9859     0.9869  0.0141     0.0131     0.4097         0.4139
    168   3.16    27.12  0.9861     0.9863  0.0139     0.0137     0.4183         0.4206
    169   3.16    27.27  0.9869     0.9865  0.0131     0.0135     0.4136         0.4150
    170   3.17    27.98  0.9865     0.9864  0.0135     0.0136     0.4100         0.4124
    171   3.17    27.59  0.9863     0.9864  0.0137     0.0136     0.4284         0.4320
    172   3.16    27.21  0.9860     0.9858  0.0140     0.0142     0.4444         0.4482
    173   3.17    27.42  0.9861     0.9863  0.0139     0.0137     0.4294         0.4317
    174   3.15    27.89  0.9850     0.9861  0.0150     0.0139     0.4328         0.4354
    175   3.17    27.07  0.9858     0.9862  0.0142     0.0138     0.4327         0.4356
    176   3.17    26.76  0.9857     0.9865  0.0143     0.0135     0.4369         0.4406
    177   3.16    26.60  0.9859     0.9863  0.0141     0.0137     0.4298         0.4335
    178   3.16    26.88  0.9868     0.9862  0.0132     0.0138     0.4172         0.4212
    179   3.16    26.67  0.9871     0.9865  0.0129     0.0135     0.4192         0.4225
    180   3.16    26.68  0.9863     0.9861  0.0137     0.0139     0.4272         0.4311
    181   3.17    27.65  0.9865     0.9864  0.0135     0.0136     0.3902         0.3909
    182   3.16    26.33  0.9869     0.9865  0.0131     0.0135     0.4309         0.4343
    183   3.17    26.70  0.9862     0.9869  0.0138     0.0131     0.4165         0.4212
    184   3.16    27.23  0.9868     0.9866  0.0132     0.0134     0.4255         0.4259
    185   3.16    26.49  0.9866     0.9869  0.0134     0.0131     0.4412         0.4421
    186   3.16    26.67  0.9866     0.9864  0.0134     0.0136     0.4306         0.4327
    187   3.16    26.45  0.9862     0.9872  0.0138     0.0128     0.4364         0.4380
    188   3.16    26.67  0.9856     0.9860  0.0144     0.0140     0.4549         0.4584
    189   3.16    26.26  0.9860     0.9867  0.0140     0.0133     0.4447         0.4475
    190   3.16    26.47  0.9864     0.9868  0.0136     0.0132     0.4175         0.4204
    191   3.17    26.55  0.9876     0.9876  0.0124     0.0124     0.4278         0.4315
    192   3.17    26.20  0.9872     0.9867  0.0128     0.0133     0.4401         0.4432
    193   3.16    26.39  0.9873     0.9875  0.0127     0.0125     0.4289         0.4332
    194   3.16    25.88  0.9868     0.9873  0.0132     0.0127     0.4507         0.4552
    195   3.17    25.92  0.9871     0.9867  0.0129     0.0133     0.4427         0.4484
    196   3.17    26.14  0.9870     0.9865  0.0130     0.0135     0.4536         0.4549
    197   3.16    26.19  0.9864     0.9871  0.0136     0.0129     0.4538         0.4568
    198   3.16    26.64  0.9861     0.9864  0.0139     0.0136     0.4409         0.4431
    199   3.16    26.12  0.9864     0.9862  0.0136     0.0138     0.4488         0.4506
    200   3.15    27.24  0.9852     0.9857  0.0148     0.0143     0.4381         0.4412
    201   3.16    26.52  0.9870     0.9869  0.0130     0.0131     0.4217         0.4239
    202   3.15    26.36  0.9855     0.9865  0.0145     0.0135     0.4346         0.4391
    203   3.16    25.94  0.9864     0.9866  0.0136     0.0134     0.4370         0.4384
    204   3.16    25.72  0.9862     0.9864  0.0138     0.0136     0.4503         0.4521
    205   3.16    26.10  0.9861     0.9864  0.0139     0.0136     0.4440         0.4472
    206   3.16    25.89  0.9863     0.9862  0.0137     0.0138     0.4515         0.4529
    207   3.16    26.21  0.9858     0.9868  0.0142     0.0132     0.4390         0.4428
    208   3.16    26.47  0.9859     0.9868  0.0141     0.0132     0.4216         0.4239
    209   3.16    25.96  0.9865     0.9869  0.0135     0.0131     0.4390         0.4437
    210   3.16    28.09  0.9872     0.9864  0.0128     0.0136     0.3998         0.4032
    211   3.16    26.20  0.9866     0.9870  0.0134     0.0130     0.4408         0.4437
    212   3.16    26.18  0.9868     0.9866  0.0132     0.0134     0.4185         0.4230
    213   3.15    25.67  0.9860     0.9868  0.0140     0.0132     0.4391         0.4429
    214   3.16    25.77  0.9859     0.9867  0.0141     0.0133     0.4410         0.4450
    215   3.16    25.47  0.9867     0.9865  0.0133     0.0135     0.4463         0.4486
    216   3.16    25.58  0.9864     0.9864  0.0136     0.0136     0.4563         0.4610
    217   3.15    25.55  0.9864     0.9864  0.0136     0.0136     0.4416         0.4477
    218   3.15    25.60  0.9859     0.9861  0.0141     0.0139     0.4392         0.4433
    219   3.16    26.04  0.9865     0.9865  0.0135     0.0135     0.4458         0.4486
    220   3.15    26.72  0.9864     0.9867  0.0136     0.0133     0.4153         0.4188
    221   3.15    25.51  0.9858     0.9870  0.0142     0.0130     0.4326         0.4375
    222   3.16    25.60  0.9869     0.9865  0.0131     0.0135     0.4392         0.4416
    223   3.16    25.38  0.9860     0.9868  0.0140     0.0132     0.4432         0.4494
    224   3.16    25.51  0.9868     0.9865  0.0132     0.0135     0.4379         0.4439
    225   3.16    28.43  0.9865     0.9863  0.0135     0.0137     0.3908         0.3932
    226   3.14    25.72  0.9857     0.9865  0.0143     0.0135     0.4232         0.4277
    227   3.15    26.04  0.9862     0.9863  0.0138     0.0137     0.4387         0.4412
    228   3.15    25.78  0.9859     0.9864  0.0141     0.0136     0.4374         0.4409
    229   3.15    25.82  0.9863     0.9869  0.0137     0.0131     0.4267         0.4295
    230   3.16    25.65  0.9864     0.9863  0.0136     0.0137     0.4318         0.4369
    231   3.15    25.89  0.9855     0.9859  0.0145     0.0141     0.4442         0.4500
    232   3.16    25.62  0.9865     0.9862  0.0135     0.0138     0.4467         0.4506
    233   3.16    25.62  0.9865     0.9861  0.0135     0.0139     0.4376         0.4421
    234   3.15    25.65  0.9860     0.9865  0.0140     0.0135     0.4453         0.4502
    235   3.15    25.40  0.9862     0.9863  0.0138     0.0137     0.4401         0.4453
    236   3.16    25.33  0.9861     0.9865  0.0139     0.0135     0.4377         0.4416
    237   3.15    25.48  0.9857     0.9866  0.0143     0.0134     0.4381         0.4420
    238   3.16    26.03  0.9864     0.9860  0.0136     0.0140     0.4297         0.4335
    239   3.16    25.10  0.9865     0.9868  0.0135     0.0132     0.4561         0.4637
    240   3.15    25.20  0.9865     0.9865  0.0135     0.0135     0.4504         0.4558
    241   3.14    25.28  0.9857     0.9864  0.0143     0.0136     0.4519         0.4562
    242   3.15    25.05  0.9862     0.9864  0.0138     0.0136     0.4514         0.4576
    243   3.15    25.35  0.9860     0.9857  0.0140     0.0143     0.4346         0.4407
    244   3.16    25.52  0.9864     0.9861  0.0136     0.0139     0.4342         0.4370
    245   3.15    25.17  0.9857     0.9861  0.0143     0.0139     0.4459         0.4504
    246   3.15    25.01  0.9861     0.9858  0.0139     0.0142     0.4486         0.4551
    247   3.15    25.14  0.9861     0.9864  0.0139     0.0136     0.4493         0.4561
    248   3.15    25.10  0.9859     0.9861  0.0141     0.0139     0.4616         0.4677
    249   3.16    25.33  0.9866     0.9863  0.0134     0.0137     0.4529         0.4580
    250   3.15    25.00  0.9864     0.9860  0.0136     0.0140     0.4564         0.4610
    251   3.15    25.06  0.9862     0.9857  0.0138     0.0143     0.4566         0.4620
    252   3.15    25.35  0.9859     0.9861  0.0141     0.0139     0.4379         0.4414
    253   3.15    26.04  0.9855     0.9863  0.0145     0.0137     0.4383         0.4420
    254   3.15    25.36  0.9862     0.9860  0.0138     0.0140     0.4470         0.4516
    255   3.15    25.35  0.9859     0.9863  0.0141     0.0137     0.4440         0.4486
    256   3.15    24.92  0.9860     0.9862  0.0140     0.0138     0.4655         0.4692
    257   3.15    24.90  0.9850     0.9861  0.0150     0.0139     0.4637         0.4692
    258   3.15    25.82  0.9855     0.9861  0.0145     0.0139     0.4504         0.4538
    259   3.15    24.88  0.9858     0.9858  0.0142     0.0142     0.4829         0.4879
    260   3.15    25.31  0.9862     0.9861  0.0138     0.0139     0.4455         0.4476
    261   3.15    25.10  0.9865     0.9861  0.0135     0.0139     0.4599         0.4651
    262   3.16    25.05  0.9872     0.9867  0.0128     0.0133     0.4601         0.4647
    263   3.15    24.70  0.9864     0.9865  0.0136     0.0135     0.4789         0.4825
    264   3.16    25.06  0.9859     0.9860  0.0141     0.0140     0.4595         0.4643
    265   3.16    26.31  0.9862     0.9861  0.0138     0.0139     0.4350         0.4387
    266   3.15    25.25  0.9860     0.9862  0.0140     0.0138     0.4549         0.4586
    267   3.15    26.72  0.9861     0.9862  0.0139     0.0138     0.4268         0.4291
    268   3.14    25.18  0.9855     0.9861  0.0145     0.0139     0.4461         0.4519
    269   3.15    24.85  0.9865     0.9862  0.0135     0.0138     0.4598         0.4647
    270   3.15    25.12  0.9855     0.9859  0.0145     0.0141     0.4557         0.4595
    271   3.15    24.96  0.9851     0.9863  0.0149     0.0137     0.4631         0.4679
    272   3.15    24.99  0.9857     0.9863  0.0143     0.0137     0.4428         0.4455
    273   3.15    25.00  0.9856     0.9861  0.0144     0.0139     0.4603         0.4680
    274   3.15    25.17  0.9861     0.9860  0.0139     0.0140     0.4485         0.4541
    275   3.15    24.97  0.9862     0.9862  0.0138     0.0138     0.4459         0.4506
    276   3.15    25.13  0.9861     0.9858  0.0139     0.0142     0.4546         0.4596
    277   3.15    25.02  0.9861     0.9856  0.0139     0.0144     0.4577         0.4613
    278   3.15    24.92  0.9863     0.9862  0.0137     0.0138     0.4564         0.4621
    279   3.16    24.93  0.9863     0.9863  0.0137     0.0137     0.4585         0.4648
    280   3.15    24.98  0.9860     0.9862  0.0140     0.0138     0.4628         0.4681
    281   3.16    24.87  0.9860     0.9859  0.0140     0.0141     0.4601         0.4645
    282   3.15    24.96  0.9860     0.9860  0.0140     0.0140     0.4584         0.4648
    283   3.15    25.09  0.9856     0.9864  0.0144     0.0136     0.4514         0.4572
    284   3.15    25.28  0.9864     0.9861  0.0136     0.0139     0.4542         0.4597
    285   3.14    24.96  0.9856     0.9865  0.0144     0.0135     0.4648         0.4685
    286   3.16    25.07  0.9866     0.9857  0.0134     0.0143     0.4562         0.4605
    287   3.16    24.86  0.9860     0.9857  0.0140     0.0143     0.4615         0.4662
    288   3.15    24.81  0.9856     0.9863  0.0144     0.0137     0.4607         0.4667
    289   3.15    25.01  0.9860     0.9858  0.0140     0.0142     0.4530         0.4588
    290   3.15    25.15  0.9863     0.9861  0.0137     0.0139     0.4572         0.4639
    291   3.15    24.96  0.9854     0.9860  0.0146     0.0140     0.4609         0.4663
    292   3.15    24.69  0.9866     0.9864  0.0134     0.0136     0.4672         0.4722
    293   3.15    24.73  0.9862     0.9859  0.0138     0.0141     0.4618         0.4689
    294   3.15    25.06  0.9863     0.9862  0.0137     0.0138     0.4515         0.4578
    295   3.16    24.77  0.9860     0.9863  0.0140     0.0137     0.4675         0.4719
    296   3.15    24.88  0.9861     0.9861  0.0139     0.0139     0.4566         0.4612
    297   3.16    25.01  0.9860     0.9862  0.0140     0.0138     0.4537         0.4594
    298   3.16    24.68  0.9853     0.9858  0.0147     0.0142     0.4678         0.4744
    299   3.14    24.67  0.9857     0.9859  0.0143     0.0141     0.4681         0.4721
    300   3.15    25.02  0.9864     0.9856  0.0136     0.0144     0.4554         0.4601
The log/output/model have been saved to: ./logs/train.py-multi_zetas300_False_False_True_1.953125e-05_3.90625e-05_7.8125e-05-svo-04-23-15:25 + .csv/.out/.cpt
