  epoch    IZY    IXZ_1    IZ_1Z_2    IZ_2Z_3     acc    avg_acc     err    avg_err    adv_acc    avg_adv_acc
-------  -----  -------  ---------  ---------  ------  ---------  ------  ---------  ---------  -------------
      1   3.06  1409.25     839.90     516.96  0.9400     0.9404  0.0600     0.0596     0.0283         0.0281
      2   3.18  1278.61     722.45     441.74  0.9702     0.9701  0.0298     0.0299     0.0155         0.0155
      3   3.20  1155.69     634.94     393.25  0.9737     0.9741  0.0263     0.0259     0.0166         0.0165
      4   3.20  1063.82     572.43     355.32  0.9729     0.9729  0.0271     0.0271     0.0204         0.0204
      5   3.18  1043.20     547.22     335.90  0.9694     0.9694  0.0306     0.0306     0.0233         0.0235
      6   3.18  1002.39     503.65     328.30  0.9718     0.9719  0.0282     0.0281     0.0283         0.0289
      7   3.21   927.35     461.67     318.04  0.9781     0.9780  0.0219     0.0220     0.0524         0.0535
      8   3.20   913.92     449.21     306.40  0.9744     0.9752  0.0256     0.0248     0.0586         0.0618
      9   3.20   947.13     459.36     296.12  0.9751     0.9753  0.0249     0.0247     0.0519         0.0554
     10   3.17   819.03     416.74     286.51  0.9698     0.9700  0.0302     0.0300     0.0763         0.0823
     11   3.22   819.33     411.62     276.48  0.9811     0.9809  0.0189     0.0191     0.0780         0.0807
     12   3.22   827.33     395.41     272.97  0.9815     0.9815  0.0185     0.0185     0.1121         0.1204
     13   3.21   744.17     355.20     271.34  0.9808     0.9809  0.0192     0.0191     0.1294         0.1424
     14   3.23   765.72     377.73     257.12  0.9839     0.9840  0.0161     0.0160     0.1076         0.1143
     15   3.20   816.47     408.92     259.53  0.9772     0.9772  0.0228     0.0228     0.1095         0.1142
     16   3.21   708.34     359.50     246.86  0.9801     0.9802  0.0199     0.0198     0.0996         0.1106
     17   3.22   635.16     349.10     247.43  0.9818     0.9821  0.0182     0.0179     0.1328         0.1456
     18   3.23   668.76     350.59     238.40  0.9838     0.9844  0.0162     0.0156     0.1405         0.1504
     19   3.19   681.05     366.18     245.21  0.9772     0.9774  0.0228     0.0226     0.1514         0.1566
     20   3.21   570.00     322.30     237.00  0.9809     0.9812  0.0191     0.0188     0.1329         0.1484
     21   3.23   584.12     312.99     231.31  0.9848     0.9848  0.0152     0.0152     0.1472         0.1666
     22   3.22   560.99     304.61     228.42  0.9822     0.9822  0.0178     0.0178     0.1499         0.1689
     23   3.20   556.29     300.23     225.75  0.9808     0.9806  0.0192     0.0194     0.1867         0.2161
     24   3.22   602.91     318.37     220.13  0.9825     0.9824  0.0175     0.0176     0.1686         0.1844
     25   3.21   617.41     329.44     223.91  0.9824     0.9823  0.0176     0.0177     0.1469         0.1622
     26   3.21   536.00     292.99     212.03  0.9833     0.9836  0.0167     0.0164     0.1744         0.1957
     27   3.21   533.05     283.09     210.01  0.9831     0.9829  0.0169     0.0171     0.1555         0.1808
     28   3.21   495.21     299.30     209.47  0.9824     0.9827  0.0176     0.0173     0.1737         0.1979
     29   3.22   463.88     279.54     206.72  0.9841     0.9838  0.0159     0.0162     0.1616         0.1838
     30   3.20   427.10     284.41     214.78  0.9822     0.9819  0.0178     0.0181     0.1887         0.2237
     31   3.21   506.11     293.31     201.65  0.9822     0.9820  0.0178     0.0180     0.1424         0.1621
     32   3.21   462.24     289.61     216.59  0.9818     0.9818  0.0182     0.0182     0.1601         0.1881
     33   3.18   506.16     286.85     204.05  0.9788     0.9790  0.0212     0.0210     0.2008         0.2254
     34   3.21   513.14     291.80     203.88  0.9822     0.9823  0.0178     0.0177     0.1811         0.1993
     35   3.22   461.89     266.36     196.21  0.9831     0.9836  0.0169     0.0164     0.1813         0.2049
     36   3.23   464.45     277.25     194.46  0.9846     0.9848  0.0154     0.0152     0.2073         0.2324
     37   3.17   444.84     260.90     194.76  0.9793     0.9795  0.0207     0.0205     0.1761         0.2007
     38   3.17   428.35     262.17     189.94  0.9792     0.9790  0.0208     0.0210     0.1491         0.1773
     39   3.21   495.43     269.67     177.92  0.9823     0.9826  0.0177     0.0174     0.1463         0.1662
     40   3.18   379.86     275.02     201.57  0.9777     0.9781  0.0223     0.0219     0.1716         0.2015
     41   3.19   384.80     255.33     192.29  0.9818     0.9818  0.0182     0.0182     0.1897         0.2210
     42   3.22   436.22     243.40     177.14  0.9835     0.9832  0.0165     0.0168     0.1770         0.2105
     43   3.22   308.08     231.87     175.36  0.9857     0.9855  0.0143     0.0145     0.1816         0.2178
     44   3.22   391.59     234.21     168.90  0.9855     0.9854  0.0145     0.0146     0.1808         0.2094
     45   3.22   377.83     239.96     175.28  0.9846     0.9846  0.0154     0.0154     0.2035         0.2347
     46   3.22   417.43     249.19     171.49  0.9836     0.9838  0.0164     0.0162     0.1611         0.1841
     47   3.21   347.34     234.28     173.02  0.9838     0.9838  0.0162     0.0162     0.2156         0.2508
     48   3.22   336.51     227.67     168.87  0.9858     0.9856  0.0142     0.0144     0.1941         0.2298
     49   3.20   379.54     238.50     164.01  0.9821     0.9819  0.0179     0.0181     0.1691         0.2016
     50   3.21   342.81     230.26     157.43  0.9846     0.9849  0.0154     0.0151     0.1682         0.1963
     51   3.21   362.37     231.60     157.66  0.9837     0.9833  0.0163     0.0167     0.1532         0.1786
     52   3.20   326.31     232.81     168.36  0.9810     0.9811  0.0190     0.0189     0.1731         0.1998
     53   3.21   309.99     211.86     157.61  0.9850     0.9852  0.0150     0.0148     0.1800         0.2112
     54   3.21   351.54     219.17     148.09  0.9836     0.9837  0.0164     0.0163     0.1551         0.1828
     55   3.21   376.78     222.72     146.82  0.9836     0.9838  0.0164     0.0162     0.1621         0.1865
     56   3.23   298.12     212.54     151.24  0.9856     0.9861  0.0144     0.0139     0.1742         0.2094
     57   3.21   316.41     209.46     149.02  0.9841     0.9841  0.0159     0.0159     0.1517         0.1765
     58   3.22   341.51     222.12     147.87  0.9846     0.9849  0.0154     0.0151     0.1613         0.1857
     59   3.20   357.47     217.61     150.97  0.9828     0.9830  0.0172     0.0170     0.1476         0.1695
     60   3.22   330.47     205.45     139.33  0.9861     0.9860  0.0139     0.0140     0.1650         0.1884
     61   3.23   281.91     200.56     142.66  0.9861     0.9859  0.0139     0.0141     0.1646         0.2014
     62   3.23   317.14     199.08     141.68  0.9855     0.9851  0.0145     0.0149     0.1604         0.1934
     63   3.22   271.75     200.54     140.81  0.9852     0.9857  0.0148     0.0143     0.1587         0.1899
     64   3.18   351.05     211.03     138.89  0.9822     0.9820  0.0178     0.0180     0.1374         0.1608
     65   3.22   269.63     195.12     135.51  0.9854     0.9851  0.0146     0.0149     0.1398         0.1632
     66   3.21   256.84     187.43     135.11  0.9847     0.9846  0.0153     0.0154     0.1412         0.1708
     67   3.21   300.80     201.44     133.56  0.9843     0.9844  0.0157     0.0156     0.1330         0.1509
     68   3.22   319.27     203.44     132.95  0.9850     0.9846  0.0150     0.0154     0.1332         0.1500
     69   3.21   346.26     210.53     130.64  0.9842     0.9840  0.0158     0.0160     0.1356         0.1529
     70   3.23   283.26     202.46     135.08  0.9870     0.9865  0.0130     0.0135     0.1259         0.1447
     71   3.22   268.34     190.88     135.96  0.9849     0.9848  0.0151     0.0152     0.1637         0.1856
     72   3.22   270.01     186.25     133.73  0.9853     0.9848  0.0147     0.0152     0.1408         0.1657
     73   3.21   232.32     177.93     132.37  0.9852     0.9856  0.0148     0.0144     0.1678         0.1943
     74   3.22   255.70     192.62     131.60  0.9852     0.9854  0.0148     0.0146     0.1616         0.1864
     75   3.21   303.96     202.73     131.96  0.9844     0.9844  0.0156     0.0156     0.1401         0.1548
     76   3.21   271.61     186.96     131.53  0.9849     0.9847  0.0151     0.0153     0.1781         0.2020
     77   3.20   313.13     210.41     131.21  0.9835     0.9839  0.0165     0.0161     0.1256         0.1406
     78   3.19   267.07     181.41     131.28  0.9826     0.9827  0.0174     0.0173     0.1733         0.1962
     79   3.21   223.46     173.97     130.08  0.9849     0.9853  0.0151     0.0147     0.1809         0.2055
     80   3.21   258.81     182.69     127.15  0.9845     0.9848  0.0155     0.0152     0.1626         0.1841
     81   3.20   246.61     179.31     124.96  0.9834     0.9832  0.0166     0.0168     0.1601         0.1811
     82   3.21   278.39     183.14     121.00  0.9838     0.9846  0.0162     0.0154     0.1580         0.1829
     83   3.20   263.76     177.91     121.52  0.9848     0.9849  0.0152     0.0151     0.1490         0.1688
     84   3.21   223.49     168.61     121.82  0.9855     0.9854  0.0145     0.0146     0.1513         0.1713
     85   3.21   241.82     172.25     123.27  0.9844     0.9842  0.0156     0.0158     0.1582         0.1826
     86   3.21   243.36     175.94     120.42  0.9834     0.9830  0.0166     0.0170     0.1632         0.1820
     87   3.20   247.40     166.15     120.77  0.9850     0.9850  0.0150     0.0150     0.1673         0.1921
     88   3.21   278.61     187.19     119.53  0.9851     0.9852  0.0149     0.0148     0.1476         0.1654
     89   3.20   264.75     184.87     122.44  0.9830     0.9828  0.0170     0.0172     0.1345         0.1503
     90   3.21   225.31     165.97     119.01  0.9856     0.9856  0.0144     0.0144     0.1721         0.1962
     91   3.19   323.36     189.44     121.38  0.9834     0.9836  0.0166     0.0164     0.1410         0.1550
     92   3.21   215.12     170.04     119.72  0.9856     0.9855  0.0144     0.0145     0.1710         0.1932
     93   3.20   221.64     165.84     118.41  0.9845     0.9843  0.0155     0.0157     0.1764         0.1994
     94   3.20   244.09     172.21     124.46  0.9843     0.9841  0.0157     0.0159     0.1481         0.1671
     95   3.20   238.96     163.99     115.87  0.9845     0.9843  0.0155     0.0157     0.1554         0.1778
     96   3.22   223.80     167.86     116.46  0.9859     0.9861  0.0141     0.0139     0.1415         0.1571
     97   3.21   223.94     159.28     115.54  0.9857     0.9856  0.0143     0.0144     0.1701         0.1909
     98   3.21   202.46     155.87     115.25  0.9851     0.9853  0.0149     0.0147     0.1609         0.1832
     99   3.22   213.69     165.75     111.36  0.9864     0.9862  0.0136     0.0138     0.1567         0.1780
    100   3.20   205.19     160.37     114.32  0.9844     0.9847  0.0156     0.0153     0.1670         0.1946
    101   3.22   241.71     170.30     109.45  0.9863     0.9861  0.0137     0.0139     0.1332         0.1470
    102   3.21   194.20     154.38     111.95  0.9863     0.9862  0.0137     0.0138     0.1696         0.1904
    103   3.20   223.69     156.35     111.15  0.9851     0.9851  0.0149     0.0149     0.1685         0.1886
    104   3.21   202.59     156.08     111.79  0.9864     0.9866  0.0136     0.0134     0.1625         0.1857
    105   3.21   204.63     155.86     111.57  0.9852     0.9854  0.0148     0.0146     0.1642         0.1845
    106   3.22   214.21     150.98     109.16  0.9867     0.9868  0.0133     0.0132     0.1694         0.1878
    107   3.22   207.28     160.18     111.49  0.9856     0.9857  0.0144     0.0143     0.1461         0.1660
    108   3.21   267.73     174.84     106.69  0.9847     0.9850  0.0153     0.0150     0.1294         0.1428
    109   3.21   218.59     155.54     110.53  0.9857     0.9855  0.0143     0.0145     0.1612         0.1852
    110   3.21   193.91     155.46     108.70  0.9857     0.9859  0.0143     0.0141     0.1553         0.1780
    111   3.21   193.65     149.61     109.97  0.9862     0.9859  0.0138     0.0141     0.1662         0.1890
    112   3.21   188.85     153.54     111.96  0.9849     0.9849  0.0151     0.0151     0.1585         0.1832
    113   3.22   185.08     148.24     110.25  0.9866     0.9869  0.0134     0.0131     0.1606         0.1825
    114   3.21   227.60     161.69     106.23  0.9862     0.9861  0.0138     0.0139     0.1328         0.1496
    115   3.23   230.59     160.57     103.92  0.9876     0.9879  0.0124     0.0121     0.1362         0.1494
    116   3.22   182.88     147.58     108.42  0.9876     0.9877  0.0124     0.0123     0.1639         0.1803
    117   3.22   224.68     152.62     103.04  0.9880     0.9883  0.0120     0.0117     0.1364         0.1534
    118   3.22   227.86     154.27     105.28  0.9861     0.9867  0.0139     0.0133     0.1279         0.1468
    119   3.21   199.21     147.66     106.18  0.9855     0.9855  0.0145     0.0145     0.1502         0.1770
    120   3.21   206.90     150.15     105.06  0.9860     0.9861  0.0140     0.0139     0.1390         0.1603
    121   3.21   214.19     148.37     103.00  0.9847     0.9845  0.0153     0.0155     0.1381         0.1560
    122   3.21   205.70     144.63     103.86  0.9856     0.9856  0.0144     0.0144     0.1409         0.1625
    123   3.20   204.27     153.50     104.00  0.9842     0.9842  0.0158     0.0158     0.1322         0.1494
    124   3.21   206.73     160.99     106.90  0.9861     0.9862  0.0139     0.0138     0.1240         0.1387
    125   3.21   201.53     148.15     103.53  0.9853     0.9855  0.0147     0.0145     0.1373         0.1583
    126   3.22   195.84     149.19     104.51  0.9867     0.9865  0.0133     0.0135     0.1356         0.1553
    127   3.21   205.62     149.47     105.22  0.9855     0.9858  0.0145     0.0142     0.1455         0.1633
    128   3.21   180.84     145.10     104.65  0.9866     0.9864  0.0134     0.0136     0.1553         0.1768
    129   3.21   212.03     153.12     102.47  0.9860     0.9860  0.0140     0.0140     0.1425         0.1598
    130   3.22   190.16     142.57     103.58  0.9872     0.9869  0.0128     0.0131     0.1446         0.1649
    131   3.22   175.65     140.21     103.77  0.9871     0.9870  0.0129     0.0130     0.1550         0.1760
    132   3.21   167.68     139.17     103.42  0.9872     0.9874  0.0128     0.0126     0.1516         0.1756
    133   3.21   172.89     138.11     102.41  0.9862     0.9862  0.0138     0.0138     0.1544         0.1738
    134   3.21   180.96     137.46     101.46  0.9865     0.9862  0.0135     0.0138     0.1522         0.1780
    135   3.21   179.30     147.44     103.05  0.9863     0.9865  0.0137     0.0135     0.1342         0.1499
    136   3.21   186.82     142.95      99.63  0.9853     0.9856  0.0147     0.0144     0.1400         0.1576
    137   3.20   205.10     151.53      98.70  0.9856     0.9858  0.0144     0.0142     0.1302         0.1451
    138   3.21   186.54     141.67     100.12  0.9864     0.9867  0.0136     0.0133     0.1491         0.1693
    139   3.21   175.90     137.79     101.53  0.9870     0.9870  0.0130     0.0130     0.1653         0.1862
    140   3.22   183.58     142.25      98.86  0.9874     0.9870  0.0126     0.0130     0.1404         0.1614
    141   3.22   167.47     138.55     101.23  0.9850     0.9858  0.0150     0.0142     0.1442         0.1685
    142   3.21   193.35     145.70      98.96  0.9866     0.9863  0.0134     0.0137     0.1334         0.1554
    143   3.20   182.39     142.31      98.65  0.9866     0.9864  0.0134     0.0136     0.1392         0.1583
    144   3.21   190.76     140.83      98.54  0.9867     0.9869  0.0133     0.0131     0.1371         0.1548
    145   3.22   181.31     144.56      98.31  0.9878     0.9878  0.0122     0.0122     0.1337         0.1509
    146   3.21   172.89     140.22      97.40  0.9871     0.9871  0.0129     0.0129     0.1420         0.1621
    147   3.21   159.32     140.34     100.75  0.9864     0.9867  0.0136     0.0133     0.1313         0.1478
    148   3.20   166.22     134.62     100.34  0.9863     0.9859  0.0137     0.0141     0.1471         0.1650
    149   3.21   176.72     135.15      98.11  0.9858     0.9859  0.0142     0.0141     0.1405         0.1598
    150   3.21   168.72     136.88      99.92  0.9868     0.9870  0.0132     0.0130     0.1271         0.1431
    151   3.21   165.80     131.73      98.72  0.9860     0.9864  0.0140     0.0136     0.1386         0.1629
    152   3.20   169.83     135.66      99.21  0.9858     0.9860  0.0142     0.0140     0.1282         0.1476
    153   3.20   175.50     135.05      98.78  0.9860     0.9861  0.0140     0.0139     0.1411         0.1555
    154   3.21   162.57     137.36     100.22  0.9864     0.9865  0.0136     0.0135     0.1369         0.1530
    155   3.21   194.34     136.78      97.19  0.9867     0.9868  0.0133     0.0132     0.1401         0.1555
    156   3.21   180.68     132.57      96.62  0.9860     0.9861  0.0140     0.0139     0.1347         0.1529
    157   3.22   172.35     136.96      95.81  0.9870     0.9867  0.0130     0.0133     0.1389         0.1539
    158   3.21   165.12     131.51      97.21  0.9861     0.9863  0.0139     0.0137     0.1455         0.1629
    159   3.22   160.89     131.52      97.42  0.9863     0.9866  0.0137     0.0134     0.1490         0.1655
    160   3.22   154.57     131.81      98.76  0.9867     0.9869  0.0133     0.0131     0.1447         0.1589
    161   3.22   162.16     132.22      97.51  0.9868     0.9867  0.0132     0.0133     0.1314         0.1556
    162   3.22   163.06     136.46      96.92  0.9871     0.9873  0.0129     0.0127     0.1323         0.1505
    163   3.22   156.78     132.99      97.08  0.9864     0.9863  0.0136     0.0137     0.1447         0.1629
    164   3.21   149.22     130.85      99.21  0.9857     0.9856  0.0143     0.0144     0.1438         0.1629
    165   3.21   158.12     128.15      97.42  0.9862     0.9861  0.0138     0.0139     0.1443         0.1616
    166   3.21   147.17     130.06      97.08  0.9864     0.9864  0.0136     0.0136     0.1460         0.1663
    167   3.21   152.06     130.89      97.58  0.9851     0.9850  0.0149     0.0150     0.1456         0.1656
    168   3.22   158.40     127.88      96.00  0.9869     0.9869  0.0131     0.0131     0.1350         0.1619
    169   3.21   167.26     131.06      95.48  0.9859     0.9860  0.0141     0.0140     0.1480         0.1647
    170   3.22   154.20     129.53      96.45  0.9859     0.9858  0.0141     0.0142     0.1329         0.1488
    171   3.21   161.31     130.48      95.14  0.9849     0.9854  0.0151     0.0146     0.1374         0.1534
    172   3.21   183.13     140.39      92.42  0.9869     0.9869  0.0131     0.0131     0.1178         0.1352
    173   3.22   152.31     127.56      96.53  0.9863     0.9862  0.0137     0.0138     0.1386         0.1613
    174   3.22   168.02     140.12      96.18  0.9865     0.9866  0.0135     0.0134     0.1218         0.1356
    175   3.21   145.98     129.33      96.26  0.9858     0.9857  0.0142     0.0143     0.1311         0.1502
    176   3.21   165.31     132.05      94.06  0.9860     0.9859  0.0140     0.0141     0.1299         0.1469
    177   3.20   157.03     130.42      94.69  0.9853     0.9857  0.0147     0.0143     0.1312         0.1492
    178   3.21   154.60     131.35      95.20  0.9871     0.9869  0.0129     0.0131     0.1342         0.1509
    179   3.21   150.58     130.86      97.44  0.9852     0.9857  0.0148     0.0143     0.1385         0.1606
    180   3.22   157.21     128.86      94.70  0.9868     0.9869  0.0132     0.0131     0.1363         0.1542
    181   3.21   145.38     126.84      96.14  0.9866     0.9868  0.0134     0.0132     0.1390         0.1511
    182   3.22   169.94     136.64      91.93  0.9862     0.9864  0.0138     0.0136     0.1204         0.1362
    183   3.21   147.71     128.05      95.20  0.9860     0.9860  0.0140     0.0140     0.1309         0.1474
    184   3.21   154.17     128.91      93.47  0.9853     0.9855  0.0147     0.0145     0.1279         0.1449
    185   3.22   163.48     134.41      93.95  0.9866     0.9866  0.0134     0.0134     0.1200         0.1325
    186   3.21   148.10     127.45      95.20  0.9858     0.9857  0.0142     0.0143     0.1305         0.1511
    187   3.21   144.26     126.31      96.53  0.9862     0.9860  0.0138     0.0140     0.1308         0.1496
    188   3.21   146.96     126.64      95.16  0.9860     0.9864  0.0140     0.0136     0.1356         0.1591
    189   3.21   149.23     128.92      93.52  0.9862     0.9865  0.0138     0.0135     0.1288         0.1422
    190   3.21   148.90     127.19      92.93  0.9866     0.9862  0.0134     0.0138     0.1362         0.1525
    191   3.22   144.01     126.31      93.45  0.9861     0.9864  0.0139     0.0136     0.1291         0.1448
    192   3.22   140.96     126.16      93.42  0.9877     0.9875  0.0123     0.0125     0.1311         0.1520
    193   3.22   154.20     127.12      93.29  0.9873     0.9872  0.0127     0.0128     0.1290         0.1468
    194   3.22   144.32     125.38      93.84  0.9880     0.9878  0.0120     0.0122     0.1279         0.1431
    195   3.22   143.56     126.48      92.68  0.9879     0.9879  0.0121     0.0121     0.1283         0.1448
    196   3.22   155.01     127.22      92.84  0.9872     0.9872  0.0128     0.0128     0.1217         0.1395
    197   3.21   153.51     127.60      94.41  0.9862     0.9862  0.0138     0.0138     0.1210         0.1380
    198   3.22   142.88     124.23      95.59  0.9870     0.9872  0.0130     0.0128     0.1291         0.1431
    199   3.21   154.93     127.96      92.69  0.9858     0.9861  0.0142     0.0139     0.1240         0.1362
    200   3.21   149.62     124.23      92.20  0.9862     0.9866  0.0138     0.0134     0.1254         0.1408
    201   3.21   151.01     130.18      92.12  0.9871     0.9869  0.0129     0.0131     0.1102         0.1266
    202   3.21   143.25     125.70      93.72  0.9863     0.9864  0.0137     0.0136     0.1256         0.1449
    203   3.22   144.09     124.31      93.17  0.9868     0.9868  0.0132     0.0132     0.1312         0.1414
    204   3.22   157.95     130.27      92.16  0.9865     0.9865  0.0135     0.0135     0.1088         0.1267
    205   3.22   154.84     128.83      91.69  0.9873     0.9871  0.0127     0.0129     0.1142         0.1282
    206   3.21   144.22     122.38      93.11  0.9862     0.9863  0.0138     0.0137     0.1290         0.1421
    207   3.21   141.26     124.59      94.07  0.9866     0.9865  0.0134     0.0135     0.1228         0.1381
    208   3.21   156.43     127.06      90.29  0.9875     0.9872  0.0125     0.0128     0.1214         0.1363
    209   3.22   141.91     127.01      93.11  0.9871     0.9872  0.0129     0.0128     0.1204         0.1353
    210   3.21   147.64     125.37      91.89  0.9873     0.9875  0.0127     0.0125     0.1211         0.1383
    211   3.22   138.74     124.71      94.39  0.9860     0.9861  0.0140     0.0139     0.1294         0.1440
    212   3.21   149.96     127.78      91.08  0.9869     0.9869  0.0131     0.0131     0.1227         0.1346
    213   3.22   139.87     125.58      92.82  0.9860     0.9865  0.0140     0.0135     0.1271         0.1395
    214   3.21   149.88     123.82      91.43  0.9864     0.9865  0.0136     0.0135     0.1250         0.1392
    215   3.22   153.21     125.87      89.71  0.9869     0.9870  0.0131     0.0130     0.1251         0.1418
    216   3.21   143.26     125.01      90.69  0.9870     0.9871  0.0130     0.0129     0.1267         0.1439
    217   3.22   148.40     127.04      91.23  0.9864     0.9865  0.0136     0.0135     0.1234         0.1382
    218   3.21   163.84     128.96      88.40  0.9870     0.9871  0.0130     0.0129     0.1140         0.1300
    219   3.21   139.73     123.11      92.77  0.9861     0.9858  0.0139     0.0142     0.1231         0.1391
    220   3.21   139.35     123.24      92.07  0.9866     0.9868  0.0134     0.0132     0.1369         0.1526
    221   3.21   139.06     124.55      92.95  0.9862     0.9858  0.0138     0.0142     0.1302         0.1441
    222   3.21   137.24     123.59      92.29  0.9864     0.9862  0.0136     0.0138     0.1234         0.1399
    223   3.20   136.80     123.85      92.79  0.9849     0.9848  0.0151     0.0152     0.1335         0.1480
    224   3.21   143.41     124.81      90.78  0.9857     0.9856  0.0143     0.0144     0.1196         0.1361
    225   3.22   146.04     124.93      90.87  0.9876     0.9877  0.0124     0.0123     0.1223         0.1344
    226   3.22   140.16     124.18      91.46  0.9860     0.9862  0.0140     0.0138     0.1280         0.1397
    227   3.21   143.33     123.29      91.26  0.9878     0.9877  0.0122     0.0123     0.1220         0.1349
    228   3.20   145.89     121.98      90.79  0.9859     0.9854  0.0141     0.0146     0.1281         0.1515
    229   3.21   146.95     122.20      91.33  0.9866     0.9864  0.0134     0.0136     0.1335         0.1497
    230   3.21   138.65     123.19      92.92  0.9857     0.9862  0.0143     0.0138     0.1293         0.1491
    231   3.21   143.82     125.42      90.80  0.9863     0.9863  0.0137     0.0137     0.1206         0.1360
    232   3.22   140.50     121.96      92.49  0.9866     0.9866  0.0134     0.0134     0.1235         0.1412
    233   3.21   143.64     122.34      90.47  0.9856     0.9859  0.0144     0.0141     0.1231         0.1381
    234   3.21   148.67     123.41      91.15  0.9855     0.9858  0.0145     0.0142     0.1194         0.1365
    235   3.22   143.31     123.41      91.47  0.9872     0.9872  0.0128     0.0128     0.1226         0.1421
    236   3.21   140.47     122.07      91.63  0.9862     0.9866  0.0138     0.0134     0.1200         0.1434
    237   3.22   143.37     124.63      90.73  0.9877     0.9877  0.0123     0.0123     0.1184         0.1363
    238   3.22   139.95     123.35      91.22  0.9866     0.9870  0.0134     0.0130     0.1204         0.1324
    239   3.22   137.72     123.44      90.94  0.9875     0.9878  0.0125     0.0122     0.1176         0.1294
    240   3.22   132.03     123.68      93.08  0.9868     0.9867  0.0132     0.0133     0.1200         0.1371
    241   3.22   136.12     123.42      91.95  0.9871     0.9871  0.0129     0.0129     0.1200         0.1377
    242   3.22   133.24     121.78      92.27  0.9865     0.9860  0.0135     0.0140     0.1238         0.1369
    243   3.21   135.61     122.85      90.93  0.9866     0.9867  0.0134     0.0133     0.1168         0.1329
    244   3.21   136.80     121.64      90.90  0.9868     0.9866  0.0132     0.0134     0.1256         0.1419
    245   3.22   132.64     121.97      92.09  0.9872     0.9874  0.0128     0.0126     0.1318         0.1472
    246   3.22   144.68     123.85      89.23  0.9870     0.9871  0.0130     0.0129     0.1177         0.1311
    247   3.22   138.93     122.97      90.26  0.9864     0.9870  0.0136     0.0130     0.1193         0.1377
    248   3.22   136.70     123.24      90.87  0.9878     0.9879  0.0122     0.0121     0.1221         0.1341
    249   3.22   133.50     123.72      90.98  0.9865     0.9865  0.0135     0.0135     0.1200         0.1327
    250   3.22   140.00     123.17      89.62  0.9866     0.9870  0.0134     0.0130     0.1202         0.1346
    251   3.22   138.23     124.15      89.64  0.9875     0.9873  0.0125     0.0127     0.1171         0.1293
    252   3.22   136.78     123.28      90.51  0.9876     0.9873  0.0124     0.0127     0.1216         0.1323
    253   3.21   141.03     123.67      89.39  0.9875     0.9875  0.0125     0.0125     0.1119         0.1268
    254   3.22   140.13     123.43      89.29  0.9858     0.9862  0.0142     0.0138     0.1122         0.1292
    255   3.22   138.19     123.39      89.44  0.9868     0.9869  0.0132     0.0131     0.1200         0.1330
    256   3.22   136.56     122.00      90.00  0.9879     0.9876  0.0121     0.0124     0.1187         0.1301
    257   3.22   142.49     123.48      88.39  0.9868     0.9862  0.0132     0.0138     0.1133         0.1317
    258   3.22   143.64     123.24      89.44  0.9870     0.9872  0.0130     0.0128     0.1180         0.1320
    259   3.21   135.93     124.13      89.84  0.9863     0.9865  0.0137     0.0135     0.1186         0.1280
    260   3.21   137.32     123.72      90.49  0.9862     0.9860  0.0138     0.0140     0.1141         0.1257
    261   3.21   135.07     121.62      90.40  0.9870     0.9868  0.0130     0.0132     0.1260         0.1399
    262   3.21   136.25     120.23      90.98  0.9864     0.9863  0.0136     0.0137     0.1181         0.1324
    263   3.22   133.17     120.36      91.07  0.9875     0.9873  0.0125     0.0127     0.1256         0.1380
    264   3.22   130.33     120.71      91.74  0.9867     0.9868  0.0133     0.0132     0.1230         0.1367
    265   3.22   135.91     122.13      89.67  0.9867     0.9869  0.0133     0.0131     0.1216         0.1327
    266   3.22   131.09     121.90      90.82  0.9864     0.9863  0.0136     0.0137     0.1217         0.1361
    267   3.22   134.76     120.89      89.73  0.9877     0.9876  0.0123     0.0124     0.1235         0.1370
    268   3.22   134.50     121.05      90.34  0.9862     0.9862  0.0138     0.0138     0.1225         0.1379
    269   3.21   136.65     122.87      89.68  0.9866     0.9866  0.0134     0.0134     0.1156         0.1259
    270   3.22   138.68     123.72      89.05  0.9868     0.9866  0.0132     0.0134     0.1182         0.1339
    271   3.22   135.50     122.82      88.92  0.9874     0.9873  0.0126     0.0127     0.1175         0.1292
    272   3.21   136.69     123.34      89.87  0.9866     0.9866  0.0134     0.0134     0.1146         0.1290
    273   3.23   130.38     121.54      91.62  0.9865     0.9867  0.0135     0.0133     0.1239         0.1387
    274   3.21   144.04     126.79      87.16  0.9875     0.9875  0.0125     0.0125     0.1144         0.1269
    275   3.21   135.27     122.78      89.93  0.9862     0.9867  0.0138     0.0133     0.1178         0.1392
    276   3.21   138.83     122.28      89.78  0.9863     0.9864  0.0137     0.0136     0.1190         0.1305
    277   3.22   136.40     122.41      89.91  0.9872     0.9871  0.0128     0.0129     0.1170         0.1277
    278   3.22   130.20     120.70      90.90  0.9864     0.9863  0.0136     0.0137     0.1174         0.1293
    279   3.21   127.82     119.24      91.01  0.9867     0.9869  0.0133     0.0131     0.1264         0.1388
    280   3.21   141.24     121.92      88.46  0.9866     0.9867  0.0134     0.0133     0.1138         0.1305
    281   3.21   132.84     120.41      90.41  0.9865     0.9865  0.0135     0.0135     0.1111         0.1268
    282   3.22   131.57     120.99      90.49  0.9858     0.9858  0.0142     0.0142     0.1167         0.1312
    283   3.22   130.03     121.05      90.59  0.9873     0.9875  0.0127     0.0125     0.1165         0.1300
    284   3.21   128.56     121.10      90.92  0.9860     0.9860  0.0140     0.0140     0.1184         0.1329
    285   3.21   136.46     122.13      89.41  0.9864     0.9868  0.0136     0.0132     0.1147         0.1295
    286   3.21   133.20     121.62      90.61  0.9858     0.9861  0.0142     0.0139     0.1149         0.1272
    287   3.22   132.45     120.49      89.82  0.9872     0.9874  0.0128     0.0126     0.1225         0.1351
    288   3.21   131.81     120.19      90.55  0.9860     0.9858  0.0140     0.0142     0.1140         0.1267
    289   3.21   131.24     119.78      90.29  0.9853     0.9855  0.0147     0.0145     0.1206         0.1332
    290   3.21   133.37     120.39      90.20  0.9858     0.9864  0.0142     0.0136     0.1194         0.1382
    291   3.21   130.41     118.58      89.71  0.9871     0.9866  0.0129     0.0134     0.1216         0.1317
    292   3.22   131.54     121.26      89.71  0.9861     0.9864  0.0139     0.0136     0.1178         0.1291
    293   3.22   133.60     120.96      89.62  0.9882     0.9881  0.0118     0.0119     0.1128         0.1252
    294   3.22   132.84     119.77      90.21  0.9864     0.9865  0.0136     0.0135     0.1175         0.1318
    295   3.21   132.12     119.89      90.02  0.9868     0.9869  0.0132     0.0131     0.1220         0.1386
    296   3.21   130.17     120.29      90.60  0.9855     0.9856  0.0145     0.0144     0.1179         0.1351
    297   3.22   132.34     120.47      89.64  0.9864     0.9865  0.0136     0.0135     0.1146         0.1322
    298   3.22   130.75     120.03      90.56  0.9877     0.9878  0.0123     0.0122     0.1225         0.1362
    299   3.23   136.50     121.75      89.27  0.9882     0.9882  0.0118     0.0118     0.1203         0.1329
    300   3.22   129.35     119.04      91.18  0.9867     0.9866  0.0133     0.0134     0.1192         0.1318
The log/output/model have been saved to: ./logs/train.py-multi_zetas300_True_True_True_1e-05_1e-05_1e-05-voh-04-23-15:03 + .csv/.out/.cpt
