  epoch    IZY    IXZ_1    IZ_1Z_2     acc    avg_acc     err    avg_err    adv_acc    avg_adv_acc
-------  -----  -------  ---------  ------  ---------  ------  ---------  ---------  -------------
      1   3.07  1228.03     658.86  0.9470     0.9470  0.0530     0.0530     0.0249         0.0250
      2   3.19  1121.36     633.57  0.9711     0.9708  0.0289     0.0292     0.0153         0.0153
      3   3.16  1055.25     604.41  0.9648     0.9646  0.0352     0.0354     0.0183         0.0183
      4   3.21  1011.47     595.61  0.9751     0.9753  0.0249     0.0247     0.0165         0.0165
      5   3.18   979.78     574.54  0.9687     0.9687  0.0313     0.0313     0.0242         0.0244
      6   3.20   951.71     562.83  0.9769     0.9765  0.0231     0.0235     0.0205         0.0205
      7   3.21   933.86     541.61  0.9781     0.9780  0.0219     0.0220     0.0306         0.0304
      8   3.22   910.04     530.98  0.9795     0.9794  0.0205     0.0206     0.0393         0.0393
      9   3.21   886.54     517.17  0.9775     0.9775  0.0225     0.0225     0.0614         0.0616
     10   3.22   867.37     510.69  0.9786     0.9788  0.0214     0.0212     0.0841         0.0845
     11   3.20   845.23     496.74  0.9765     0.9764  0.0235     0.0236     0.0612         0.0612
     12   3.20   816.62     488.31  0.9798     0.9797  0.0202     0.0203     0.0946         0.0949
     13   3.21   806.03     485.42  0.9815     0.9816  0.0185     0.0184     0.1007         0.1009
     14   3.20   771.06     483.10  0.9802     0.9800  0.0198     0.0200     0.1348         0.1350
     15   3.22   770.05     466.17  0.9820     0.9818  0.0180     0.0182     0.0952         0.0950
     16   3.19   754.86     457.18  0.9791     0.9791  0.0209     0.0209     0.1172         0.1177
     17   3.21   733.51     435.08  0.9822     0.9821  0.0178     0.0179     0.1290         0.1293
     18   3.21   707.88     435.90  0.9824     0.9824  0.0176     0.0176     0.1487         0.1486
     19   3.21   698.38     420.25  0.9807     0.9806  0.0193     0.0194     0.1355         0.1362
     20   3.20   683.50     414.36  0.9781     0.9780  0.0219     0.0220     0.1548         0.1556
     21   3.18   633.65     410.30  0.9791     0.9789  0.0209     0.0211     0.2008         0.2007
     22   3.21   641.68     400.10  0.9827     0.9826  0.0173     0.0174     0.1977         0.1986
     23   3.19   616.82     384.71  0.9803     0.9806  0.0197     0.0194     0.1689         0.1690
     24   3.21   614.91     392.14  0.9821     0.9821  0.0179     0.0179     0.1680         0.1689
     25   3.23   574.63     389.40  0.9850     0.9853  0.0150     0.0147     0.2502         0.2502
     26   3.22   568.45     381.96  0.9838     0.9836  0.0162     0.0164     0.2336         0.2342
     27   3.20   569.28     377.98  0.9808     0.9808  0.0192     0.0192     0.2211         0.2234
     28   3.18   543.50     403.16  0.9818     0.9819  0.0182     0.0181     0.2622         0.2646
     29   3.20   511.11     379.04  0.9842     0.9845  0.0158     0.0155     0.2778         0.2816
     30   3.21   519.41     364.47  0.9834     0.9834  0.0166     0.0166     0.2769         0.2799
     31   3.21   473.05     375.74  0.9836     0.9835  0.0164     0.0165     0.3468         0.3534
     32   3.21   477.59     352.28  0.9814     0.9813  0.0186     0.0187     0.2713         0.2759
     33   3.21   504.81     345.48  0.9818     0.9816  0.0182     0.0184     0.2052         0.2087
     34   3.19   473.96     345.49  0.9830     0.9829  0.0170     0.0171     0.2793         0.2834
     35   3.20   417.00     373.05  0.9852     0.9852  0.0148     0.0148     0.3923         0.4029
     36   3.17   483.69     335.75  0.9769     0.9766  0.0231     0.0234     0.2080         0.2093
     37   3.16   475.02     327.65  0.9743     0.9743  0.0257     0.0257     0.2275         0.2313
     38   3.20   453.12     325.66  0.9831     0.9833  0.0169     0.0167     0.2854         0.2893
     39   3.21   430.00     327.38  0.9848     0.9848  0.0152     0.0152     0.2981         0.3033
     40   3.20   400.24     343.56  0.9847     0.9849  0.0153     0.0151     0.3902         0.3987
     41   3.18   413.72     322.82  0.9805     0.9805  0.0195     0.0195     0.3253         0.3321
     42   3.21   395.66     318.36  0.9849     0.9850  0.0151     0.0150     0.3769         0.3871
     43   3.21   401.37     309.91  0.9840     0.9841  0.0160     0.0159     0.3091         0.3169
     44   3.19   381.79     328.38  0.9841     0.9839  0.0159     0.0161     0.3731         0.3856
     45   3.17   378.31     304.27  0.9803     0.9802  0.0197     0.0198     0.2873         0.2957
     46   3.18   376.56     305.96  0.9823     0.9825  0.0177     0.0175     0.2978         0.3100
     47   3.21   374.45     296.94  0.9824     0.9824  0.0176     0.0176     0.3199         0.3364
     48   3.20   354.50     305.30  0.9844     0.9843  0.0156     0.0157     0.3636         0.3780
     49   3.21   341.51     305.35  0.9854     0.9855  0.0146     0.0145     0.3608         0.3792
     50   3.18   344.02     312.95  0.9827     0.9825  0.0173     0.0175     0.3626         0.3812
     51   3.15   353.27     280.55  0.9773     0.9774  0.0227     0.0226     0.2325         0.2399
     52   3.20   312.52     302.84  0.9856     0.9853  0.0144     0.0147     0.4106         0.4293
     53   3.20   321.19     294.27  0.9838     0.9838  0.0162     0.0162     0.3515         0.3693
     54   3.21   345.55     277.58  0.9828     0.9827  0.0172     0.0173     0.2701         0.2781
     55   3.22   327.92     287.32  0.9843     0.9841  0.0157     0.0159     0.3456         0.3584
     56   3.21   311.76     277.08  0.9850     0.9848  0.0150     0.0152     0.3628         0.3840
     57   3.20   304.66     291.57  0.9838     0.9839  0.0162     0.0161     0.3828         0.4105
     58   3.20   360.97     273.20  0.9826     0.9825  0.0174     0.0175     0.2744         0.2802
     59   3.21   310.04     287.89  0.9859     0.9860  0.0141     0.0140     0.4094         0.4304
     60   3.20   305.67     277.29  0.9849     0.9849  0.0151     0.0151     0.3621         0.3776
     61   3.21   286.25     275.95  0.9859     0.9861  0.0141     0.0139     0.4322         0.4549
     62   3.21   265.55     269.19  0.9858     0.9857  0.0142     0.0143     0.4306         0.4597
     63   3.21   245.00     256.60  0.9858     0.9858  0.0142     0.0142     0.4130         0.4445
     64   3.20   317.83     266.93  0.9825     0.9825  0.0175     0.0175     0.1889         0.2013
     65   3.20   287.94     261.05  0.9856     0.9855  0.0144     0.0145     0.3507         0.3765
     66   3.19   279.70     266.22  0.9850     0.9851  0.0150     0.0149     0.3849         0.4173
     67   3.21   270.97     262.32  0.9861     0.9863  0.0139     0.0137     0.4016         0.4234
     68   3.21   255.74     256.86  0.9862     0.9861  0.0138     0.0139     0.4195         0.4477
     69   3.21   240.25     248.23  0.9863     0.9863  0.0137     0.0137     0.4082         0.4385
     70   3.21   224.67     238.95  0.9863     0.9863  0.0137     0.0137     0.4004         0.4343
     71   3.22   208.26     227.84  0.9868     0.9869  0.0132     0.0131     0.3656         0.4054
     72   3.21   251.22     224.92  0.9846     0.9844  0.0154     0.0156     0.2099         0.2253
     73   3.20   235.99     231.92  0.9855     0.9852  0.0145     0.0148     0.3656         0.4001
     74   3.22   249.80     220.41  0.9863     0.9862  0.0137     0.0138     0.3014         0.3212
     75   3.21   262.06     228.33  0.9849     0.9849  0.0151     0.0151     0.2965         0.3188
     76   3.18   267.44     238.71  0.9828     0.9826  0.0172     0.0174     0.2658         0.2872
     77   3.19   244.93     235.19  0.9842     0.9844  0.0158     0.0156     0.3408         0.3735
     78   3.21   238.71     221.18  0.9865     0.9864  0.0135     0.0136     0.3314         0.3592
     79   3.21   222.09     222.99  0.9872     0.9870  0.0128     0.0130     0.3789         0.4169
     80   3.21   209.90     214.30  0.9873     0.9873  0.0127     0.0127     0.3654         0.4065
     81   3.22   198.07     207.60  0.9873     0.9874  0.0127     0.0126     0.3387         0.3789
     82   3.21   185.06     199.57  0.9871     0.9873  0.0129     0.0127     0.3206         0.3718
     83   3.22   173.03     191.12  0.9878     0.9877  0.0122     0.0123     0.2949         0.3442
     84   3.22   161.38     180.63  0.9875     0.9874  0.0125     0.0126     0.2722         0.3211
     85   3.20   229.59     193.52  0.9842     0.9844  0.0158     0.0156     0.2333         0.2648
     86   3.21   208.88     190.43  0.9860     0.9857  0.0140     0.0143     0.2947         0.3374
     87   3.21   198.07     190.86  0.9852     0.9852  0.0148     0.0148     0.3280         0.3778
     88   3.21   188.27     186.99  0.9854     0.9855  0.0146     0.0145     0.3300         0.3813
     89   3.21   179.38     182.85  0.9859     0.9863  0.0141     0.0137     0.3143         0.3650
     90   3.20   171.31     179.59  0.9854     0.9858  0.0146     0.0142     0.2950         0.3497
     91   3.21   174.01     174.43  0.9859     0.9861  0.0141     0.0139     0.2642         0.3091
     92   3.21   179.90     171.40  0.9861     0.9862  0.0139     0.0138     0.2600         0.2970
     93   3.21   157.22     167.55  0.9865     0.9864  0.0135     0.0136     0.2852         0.3302
     94   3.21   143.77     160.86  0.9866     0.9865  0.0134     0.0135     0.2548         0.3094
     95   3.21   190.19     166.31  0.9855     0.9855  0.0145     0.0145     0.1857         0.2161
     96   3.21   176.45     167.77  0.9859     0.9862  0.0141     0.0138     0.2484         0.2915
     97   3.22   174.54     166.60  0.9864     0.9862  0.0136     0.0138     0.2551         0.3008
     98   3.19   186.83     176.70  0.9855     0.9855  0.0145     0.0145     0.2702         0.3241
     99   3.21   182.02     162.14  0.9859     0.9860  0.0141     0.0140     0.2268         0.2638
    100   3.21   165.56     166.56  0.9868     0.9865  0.0132     0.0135     0.2901         0.3487
    101   3.21   158.35     163.69  0.9865     0.9863  0.0135     0.0137     0.2886         0.3519
    102   3.21   153.12     159.59  0.9866     0.9862  0.0134     0.0138     0.2705         0.3304
    103   3.21   147.74     155.66  0.9872     0.9873  0.0128     0.0127     0.2549         0.3074
    104   3.21   143.54     151.71  0.9872     0.9870  0.0128     0.0130     0.2532         0.3121
    105   3.20   178.13     159.04  0.9858     0.9862  0.0142     0.0138     0.1776         0.2200
    106   3.21   169.63     156.99  0.9849     0.9851  0.0151     0.0149     0.2223         0.2758
    107   3.21   154.97     156.66  0.9859     0.9862  0.0141     0.0138     0.2637         0.3241
    108   3.21   155.10     153.95  0.9857     0.9860  0.0143     0.0140     0.2369         0.2869
    109   3.21   156.51     153.87  0.9858     0.9857  0.0142     0.0143     0.2102         0.2524
    110   3.21   144.58     152.61  0.9866     0.9868  0.0134     0.0132     0.2402         0.2892
    111   3.21   137.12     149.69  0.9867     0.9864  0.0133     0.0136     0.2537         0.3091
    112   3.21   133.09     146.74  0.9863     0.9864  0.0137     0.0136     0.2460         0.2992
    113   3.21   127.70     143.91  0.9872     0.9871  0.0128     0.0129     0.2473         0.3019
    114   3.21   122.95     139.97  0.9870     0.9871  0.0130     0.0129     0.2405         0.2907
    115   3.21   118.99     136.83  0.9866     0.9867  0.0134     0.0133     0.2490         0.3003
    116   3.20   187.63     155.93  0.9843     0.9844  0.0157     0.0156     0.1398         0.1678
    117   3.21   150.07     141.01  0.9867     0.9865  0.0133     0.0135     0.1993         0.2368
    118   3.21   140.77     140.00  0.9866     0.9865  0.0134     0.0135     0.2236         0.2719
    119   3.22   142.24     139.46  0.9869     0.9869  0.0131     0.0131     0.2145         0.2628
    120   3.21   127.36     138.48  0.9874     0.9870  0.0126     0.0130     0.2508         0.3081
    121   3.20   122.82     137.17  0.9869     0.9869  0.0131     0.0131     0.2494         0.3125
    122   3.21   117.09     135.29  0.9877     0.9877  0.0123     0.0123     0.2511         0.3088
    123   3.21   114.21     132.74  0.9872     0.9872  0.0128     0.0128     0.2439         0.3010
    124   3.21   112.39     130.08  0.9877     0.9875  0.0123     0.0125     0.2318         0.2836
    125   3.21   111.00     128.99  0.9867     0.9868  0.0133     0.0132     0.2471         0.3037
    126   3.22   110.14     127.15  0.9880     0.9883  0.0120     0.0117     0.2346         0.2893
    127   3.21   127.98     127.51  0.9865     0.9867  0.0135     0.0133     0.2077         0.2493
    128   3.21   119.72     132.16  0.9870     0.9871  0.0130     0.0129     0.2478         0.3065
    129   3.21   114.16     128.14  0.9870     0.9869  0.0130     0.0131     0.2450         0.3024
    130   3.21   123.87     128.83  0.9862     0.9863  0.0138     0.0137     0.2137         0.2633
    131   3.21   116.76     129.89  0.9872     0.9871  0.0128     0.0129     0.2517         0.3189
    132   3.22   115.04     127.00  0.9867     0.9869  0.0133     0.0131     0.2469         0.3035
    133   3.21   125.29     127.99  0.9871     0.9867  0.0129     0.0133     0.2118         0.2580
    134   3.21   111.97     126.37  0.9872     0.9873  0.0128     0.0127     0.2347         0.2891
    135   3.21   106.59     124.94  0.9874     0.9873  0.0126     0.0127     0.2403         0.2985
    136   3.21   109.72     126.69  0.9860     0.9866  0.0140     0.0134     0.2436         0.3016
    137   3.21   119.71     125.07  0.9870     0.9868  0.0130     0.0132     0.2005         0.2445
    138   3.21   149.16     130.13  0.9858     0.9859  0.0142     0.0141     0.1533         0.1841
    139   3.21   118.78     126.89  0.9864     0.9863  0.0136     0.0137     0.2193         0.2813
    140   3.21   109.85     127.34  0.9866     0.9866  0.0134     0.0134     0.2369         0.3000
    141   3.21   110.53     125.06  0.9864     0.9865  0.0136     0.0135     0.2319         0.2924
    142   3.20   105.56     122.99  0.9866     0.9866  0.0134     0.0134     0.2354         0.2991
    143   3.21    98.74     121.84  0.9866     0.9869  0.0134     0.0131     0.2499         0.3184
    144   3.21    95.01     120.65  0.9869     0.9869  0.0131     0.0131     0.2442         0.3101
    145   3.20    94.96     118.48  0.9866     0.9867  0.0134     0.0133     0.2344         0.2980
    146   3.19   124.82     122.62  0.9844     0.9843  0.0156     0.0157     0.1736         0.2067
    147   3.20   107.59     118.93  0.9862     0.9860  0.0138     0.0140     0.2442         0.3114
    148   3.20   105.62     116.73  0.9870     0.9868  0.0130     0.0132     0.2148         0.2766
    149   3.20    94.30     117.36  0.9870     0.9869  0.0130     0.0131     0.2527         0.3229
    150   3.20   108.08     116.72  0.9861     0.9862  0.0139     0.0138     0.2263         0.2841
    151   3.20    98.64     116.36  0.9871     0.9872  0.0129     0.0128     0.2459         0.3171
    152   3.20    98.95     115.43  0.9868     0.9867  0.0132     0.0133     0.2427         0.3112
    153   3.20    92.93     115.16  0.9872     0.9871  0.0128     0.0129     0.2434         0.3039
    154   3.20    87.95     114.10  0.9872     0.9874  0.0128     0.0126     0.2554         0.3296
    155   3.19    91.29     113.84  0.9870     0.9868  0.0130     0.0132     0.2498         0.3254
    156   3.19   113.99     115.23  0.9855     0.9856  0.0145     0.0144     0.2032         0.2517
    157   3.20    97.09     113.56  0.9861     0.9861  0.0139     0.0139     0.2381         0.3052
    158   3.19    94.51     113.18  0.9859     0.9861  0.0141     0.0139     0.2531         0.3174
    159   3.20    93.60     112.81  0.9866     0.9864  0.0134     0.0136     0.2499         0.3195
    160   3.20    90.35     112.08  0.9867     0.9865  0.0133     0.0135     0.2512         0.3233
    161   3.20    89.61     111.66  0.9861     0.9862  0.0139     0.0138     0.2525         0.3233
    162   3.21    86.34     111.17  0.9860     0.9860  0.0140     0.0140     0.2519         0.3218
    163   3.21    83.67     109.59  0.9870     0.9874  0.0130     0.0126     0.2587         0.3225
    164   3.21    88.58     109.45  0.9866     0.9864  0.0134     0.0136     0.2414         0.3010
    165   3.19   105.42     109.16  0.9861     0.9861  0.0139     0.0139     0.2027         0.2453
    166   3.20    96.79     108.76  0.9875     0.9873  0.0125     0.0127     0.2168         0.2691
    167   3.19    87.52     109.64  0.9869     0.9869  0.0131     0.0131     0.2480         0.3067
    168   3.20    87.19     109.32  0.9871     0.9870  0.0129     0.0130     0.2467         0.3110
    169   3.20    80.87     108.88  0.9869     0.9870  0.0131     0.0130     0.2571         0.3309
    170   3.20    89.37     106.54  0.9871     0.9872  0.0129     0.0128     0.2321         0.2907
    171   3.20    88.28     107.33  0.9872     0.9870  0.0128     0.0130     0.2394         0.3035
    172   3.20    85.31     106.72  0.9878     0.9876  0.0122     0.0124     0.2518         0.3220
    173   3.21    78.79     105.63  0.9878     0.9877  0.0122     0.0123     0.2621         0.3366
    174   3.21    79.34     105.07  0.9870     0.9871  0.0130     0.0129     0.2569         0.3207
    175   3.20    74.78     104.85  0.9874     0.9874  0.0126     0.0126     0.2639         0.3313
    176   3.20    76.91     104.46  0.9863     0.9861  0.0137     0.0139     0.2586         0.3303
    177   3.21    91.90     104.07  0.9879     0.9879  0.0121     0.0121     0.2185         0.2636
    178   3.21    72.20     101.92  0.9874     0.9876  0.0126     0.0124     0.2742         0.3425
    179   3.20    85.74     103.27  0.9869     0.9869  0.0131     0.0131     0.2456         0.3044
    180   3.20    77.62     101.45  0.9874     0.9874  0.0126     0.0126     0.2757         0.3461
    181   3.21    79.56     101.81  0.9874     0.9875  0.0126     0.0125     0.2574         0.3225
    182   3.21    74.07     102.17  0.9877     0.9878  0.0123     0.0122     0.2808         0.3554
    183   3.20    77.57     100.79  0.9868     0.9868  0.0132     0.0132     0.2717         0.3414
    184   3.21    74.53     100.24  0.9878     0.9878  0.0122     0.0122     0.2742         0.3402
    185   3.20    71.19     100.85  0.9876     0.9875  0.0124     0.0125     0.2785         0.3537
    186   3.20    71.32     100.48  0.9877     0.9875  0.0123     0.0125     0.2913         0.3679
    187   3.20    69.89     100.08  0.9872     0.9873  0.0128     0.0127     0.2828         0.3560
    188   3.20    68.41      99.63  0.9873     0.9872  0.0127     0.0128     0.2922         0.3684
    189   3.20    68.04      99.27  0.9871     0.9876  0.0129     0.0124     0.2925         0.3721
    190   3.20    69.80      98.22  0.9863     0.9860  0.0137     0.0140     0.2905         0.3621
    191   3.20    69.94      97.03  0.9875     0.9874  0.0125     0.0126     0.2809         0.3482
    192   3.19    68.59      96.88  0.9867     0.9870  0.0133     0.0130     0.2898         0.3641
    193   3.20    77.01      97.38  0.9872     0.9869  0.0128     0.0131     0.2661         0.3289
    194   3.20    67.60      97.53  0.9867     0.9870  0.0133     0.0130     0.2971         0.3794
    195   3.20    68.48      97.68  0.9874     0.9875  0.0126     0.0125     0.2906         0.3766
    196   3.20    67.07      97.45  0.9876     0.9877  0.0124     0.0123     0.2969         0.3760
    197   3.20    65.37      96.79  0.9876     0.9875  0.0124     0.0125     0.2956         0.3739
    198   3.20    66.26      96.23  0.9883     0.9878  0.0117     0.0122     0.2926         0.3734
    199   3.20    63.95      96.06  0.9885     0.9881  0.0115     0.0119     0.3022         0.3827
    200   3.20    67.14      95.67  0.9876     0.9881  0.0124     0.0119     0.2961         0.3741
The log/output/model have been saved to: ./logs/train.py-multi_zetas{'num_epochs': 200, 'use_stoch': [False, True, True], 'betas': [1e-06, 1e-06, 1e-06]}-lcu-04-03-17:27 + .csv/.out/.cpt
