  epoch    IZY    IXZ_1     acc    avg_acc     err    avg_err    adv_acc    avg_adv_acc
-------  -----  -------  ------  ---------  ------  ---------  ---------  -------------
      1   3.11   648.48  0.9524     0.9520  0.0476     0.0480     0.0196         0.0195
      2   3.18   593.45  0.9690     0.9692  0.0310     0.0308     0.0180         0.0181
      3   3.20   566.56  0.9749     0.9752  0.0251     0.0248     0.0128         0.0128
      4   3.18   531.91  0.9698     0.9701  0.0302     0.0299     0.0175         0.0175
      5   3.19   506.91  0.9715     0.9716  0.0285     0.0284     0.0178         0.0180
      6   3.22   489.40  0.9811     0.9811  0.0189     0.0189     0.0138         0.0138
      7   3.22   478.13  0.9794     0.9793  0.0206     0.0207     0.0266         0.0267
      8   3.22   458.72  0.9790     0.9789  0.0210     0.0211     0.0261         0.0261
      9   3.22   444.22  0.9801     0.9801  0.0199     0.0199     0.0409         0.0404
     10   3.21   427.75  0.9795     0.9795  0.0205     0.0205     0.0916         0.0918
     11   3.22   411.72  0.9804     0.9802  0.0196     0.0198     0.0766         0.0767
     12   3.19   400.56  0.9769     0.9770  0.0231     0.0230     0.0707         0.0702
     13   3.19   384.15  0.9780     0.9781  0.0220     0.0219     0.1231         0.1227
     14   3.21   369.37  0.9824     0.9825  0.0176     0.0175     0.1251         0.1241
     15   3.20   379.28  0.9795     0.9797  0.0205     0.0203     0.1599         0.1601
     16   3.19   362.15  0.9766     0.9765  0.0234     0.0235     0.1302         0.1305
     17   3.21   348.34  0.9810     0.9811  0.0190     0.0189     0.1345         0.1342
     18   3.18   338.67  0.9797     0.9796  0.0203     0.0204     0.1847         0.1855
     19   3.22   328.10  0.9832     0.9832  0.0168     0.0168     0.1798         0.1799
     20   3.20   320.96  0.9802     0.9799  0.0198     0.0201     0.1594         0.1593
     21   3.21   309.26  0.9816     0.9818  0.0184     0.0182     0.1493         0.1501
     22   3.23   308.22  0.9845     0.9845  0.0155     0.0155     0.2233         0.2234
     23   3.21   295.90  0.9824     0.9826  0.0176     0.0174     0.1910         0.1913
     24   3.22   293.70  0.9837     0.9837  0.0163     0.0163     0.2015         0.2020
     25   3.19   285.29  0.9809     0.9811  0.0191     0.0189     0.2282         0.2282
     26   3.18   280.06  0.9795     0.9794  0.0205     0.0206     0.2106         0.2098
     27   3.21   274.68  0.9836     0.9837  0.0164     0.0163     0.1857         0.1858
     28   3.21   267.74  0.9844     0.9845  0.0156     0.0155     0.2516         0.2516
     29   3.22   263.16  0.9832     0.9828  0.0168     0.0172     0.2484         0.2493
     30   3.21   255.57  0.9818     0.9817  0.0182     0.0183     0.2324         0.2325
     31   3.22   250.23  0.9852     0.9851  0.0148     0.0149     0.2374         0.2368
     32   3.19   244.36  0.9798     0.9797  0.0202     0.0203     0.2253         0.2248
     33   3.22   250.24  0.9849     0.9848  0.0151     0.0152     0.3178         0.3190
     34   3.22   246.92  0.9856     0.9854  0.0144     0.0146     0.3642         0.3645
     35   3.17   249.88  0.9790     0.9791  0.0210     0.0209     0.2923         0.2924
     36   3.20   239.42  0.9834     0.9829  0.0166     0.0171     0.2800         0.2812
     37   3.20   234.97  0.9827     0.9828  0.0173     0.0172     0.2599         0.2608
     38   3.19   242.81  0.9802     0.9803  0.0198     0.0197     0.3025         0.3043
     39   3.20   234.44  0.9823     0.9826  0.0177     0.0174     0.2708         0.2718
     40   3.21   242.26  0.9854     0.9853  0.0146     0.0147     0.3811         0.3813
     41   3.21   226.71  0.9848     0.9844  0.0152     0.0156     0.3282         0.3279
     42   3.21   228.77  0.9847     0.9844  0.0153     0.0156     0.2609         0.2620
     43   3.22   215.83  0.9858     0.9856  0.0142     0.0144     0.2462         0.2459
     44   3.20   227.48  0.9861     0.9859  0.0139     0.0141     0.4027         0.4047
     45   3.21   213.83  0.9858     0.9858  0.0142     0.0142     0.3918         0.3919
     46   3.21   200.11  0.9860     0.9857  0.0140     0.0143     0.3809         0.3811
     47   3.21   186.87  0.9858     0.9857  0.0142     0.0143     0.3535         0.3530
     48   3.22   171.67  0.9860     0.9861  0.0140     0.0139     0.3319         0.3328
     49   3.22   157.23  0.9860     0.9861  0.0140     0.0139     0.2986         0.2996
     50   3.22   141.91  0.9866     0.9866  0.0134     0.0134     0.2464         0.2475
     51   3.22   127.45  0.9867     0.9871  0.0133     0.0129     0.2024         0.2048
     52   3.22   113.71  0.9871     0.9872  0.0129     0.0128     0.1606         0.1618
     53   3.22    99.95  0.9873     0.9875  0.0127     0.0125     0.1174         0.1191
     54   3.22    88.77  0.9875     0.9873  0.0125     0.0127     0.0972         0.0979
     55   3.21    81.13  0.9879     0.9874  0.0121     0.0126     0.0992         0.1008
     56   3.21    72.61  0.9881     0.9877  0.0119     0.0123     0.1023         0.1029
     57   3.21   115.65  0.9835     0.9834  0.0165     0.0166     0.0767         0.0780
     58   3.21   111.90  0.9841     0.9843  0.0159     0.0157     0.1238         0.1258
     59   3.20   117.46  0.9839     0.9840  0.0161     0.0160     0.1166         0.1183
     60   3.21   120.27  0.9839     0.9841  0.0161     0.0159     0.1235         0.1255
     61   3.21   117.98  0.9837     0.9837  0.0163     0.0163     0.1426         0.1441
     62   3.21   116.05  0.9847     0.9845  0.0153     0.0155     0.2050         0.2083
     63   3.21   115.43  0.9856     0.9860  0.0144     0.0140     0.1737         0.1751
     64   3.20   122.55  0.9829     0.9824  0.0171     0.0176     0.1020         0.1028
     65   3.18   127.20  0.9803     0.9804  0.0197     0.0196     0.1308         0.1326
     66   3.21   121.07  0.9866     0.9862  0.0134     0.0138     0.1789         0.1795
     67   3.22   123.76  0.9848     0.9849  0.0152     0.0151     0.1133         0.1138
     68   3.21   122.00  0.9859     0.9864  0.0141     0.0136     0.2286         0.2301
     69   3.21   123.14  0.9859     0.9862  0.0141     0.0138     0.2280         0.2297
     70   3.18   130.86  0.9831     0.9830  0.0169     0.0170     0.2010         0.2038
     71   3.20   120.96  0.9849     0.9852  0.0151     0.0148     0.2067         0.2076
     72   3.20   120.41  0.9856     0.9857  0.0144     0.0143     0.2334         0.2344
     73   3.21   116.59  0.9860     0.9859  0.0140     0.0141     0.2641         0.2673
     74   3.21   111.68  0.9862     0.9862  0.0138     0.0138     0.2444         0.2471
     75   3.21   106.49  0.9862     0.9864  0.0138     0.0136     0.2277         0.2305
     76   3.21   100.77  0.9863     0.9864  0.0137     0.0136     0.2100         0.2134
     77   3.21    94.95  0.9866     0.9868  0.0134     0.0132     0.1851         0.1870
     78   3.21    89.39  0.9868     0.9868  0.0132     0.0132     0.1670         0.1697
     79   3.21    83.62  0.9868     0.9869  0.0132     0.0131     0.1521         0.1537
     80   3.21    78.34  0.9861     0.9864  0.0139     0.0136     0.1559         0.1573
     81   3.21    73.33  0.9866     0.9868  0.0134     0.0132     0.1483         0.1490
     82   3.19   139.99  0.9809     0.9807  0.0191     0.0193     0.0255         0.0254
     83   3.22   103.44  0.9859     0.9859  0.0141     0.0141     0.1073         0.1092
     84   3.21    96.97  0.9858     0.9858  0.0142     0.0142     0.1438         0.1461
     85   3.21    95.36  0.9865     0.9865  0.0135     0.0135     0.1305         0.1329
     86   3.21    91.51  0.9867     0.9866  0.0133     0.0134     0.1623         0.1656
     87   3.21    88.14  0.9863     0.9866  0.0137     0.0134     0.1649         0.1680
     88   3.21    85.09  0.9868     0.9867  0.0132     0.0133     0.1574         0.1603
     89   3.21    81.75  0.9867     0.9871  0.0133     0.0129     0.1524         0.1546
     90   3.21    79.56  0.9866     0.9870  0.0134     0.0130     0.1631         0.1639
     91   3.21    75.67  0.9869     0.9869  0.0131     0.0131     0.1561         0.1589
     92   3.21    72.46  0.9870     0.9872  0.0130     0.0128     0.1540         0.1548
     93   3.21    69.20  0.9868     0.9870  0.0132     0.0130     0.1526         0.1532
     94   3.21    67.06  0.9868     0.9868  0.0132     0.0132     0.1642         0.1659
     95   3.20    64.04  0.9866     0.9867  0.0134     0.0133     0.1681         0.1696
     96   3.20    62.17  0.9867     0.9866  0.0133     0.0134     0.1695         0.1700
     97   3.20    59.97  0.9863     0.9862  0.0137     0.0138     0.1845         0.1861
     98   3.20    58.04  0.9865     0.9864  0.0135     0.0136     0.1942         0.1957
     99   3.21    91.42  0.9862     0.9862  0.0138     0.0138     0.0766         0.0773
    100   3.20    80.45  0.9864     0.9862  0.0136     0.0138     0.1420         0.1450
    101   3.21    85.32  0.9869     0.9867  0.0131     0.0133     0.0918         0.0929
    102   3.20    77.44  0.9872     0.9874  0.0128     0.0126     0.1416         0.1446
    103   3.20    74.67  0.9875     0.9875  0.0125     0.0125     0.1535         0.1564
    104   3.20    72.39  0.9874     0.9874  0.0126     0.0126     0.1515         0.1543
    105   3.20    69.91  0.9873     0.9876  0.0127     0.0124     0.1585         0.1614
    106   3.20    67.39  0.9871     0.9872  0.0129     0.0128     0.1658         0.1660
    107   3.20    64.86  0.9873     0.9867  0.0127     0.0133     0.1628         0.1640
    108   3.20    62.68  0.9873     0.9869  0.0127     0.0131     0.1667         0.1685
    109   3.20    61.06  0.9873     0.9872  0.0127     0.0128     0.1717         0.1725
    110   3.19    59.94  0.9870     0.9873  0.0130     0.0127     0.1758         0.1766
    111   3.19    58.16  0.9875     0.9875  0.0125     0.0125     0.1805         0.1830
    112   3.19    56.86  0.9878     0.9874  0.0122     0.0126     0.1842         0.1845
    113   3.19    55.69  0.9874     0.9876  0.0126     0.0124     0.2073         0.2081
    114   3.19    54.80  0.9876     0.9879  0.0124     0.0121     0.2132         0.2140
    115   3.19    53.35  0.9874     0.9875  0.0126     0.0125     0.2260         0.2269
    116   3.19    52.38  0.9872     0.9877  0.0128     0.0123     0.2378         0.2394
    117   3.19    50.93  0.9875     0.9879  0.0125     0.0121     0.2524         0.2531
    118   3.18    50.07  0.9873     0.9875  0.0127     0.0125     0.2711         0.2721
    119   3.18    48.95  0.9874     0.9875  0.0126     0.0125     0.2826         0.2830
    120   3.18    48.58  0.9869     0.9877  0.0131     0.0123     0.2949         0.2953
    121   3.17    60.82  0.9854     0.9854  0.0146     0.0146     0.1811         0.1813
    122   3.18    64.70  0.9861     0.9862  0.0139     0.0138     0.1596         0.1604
    123   3.18    61.60  0.9863     0.9863  0.0137     0.0137     0.1967         0.1990
    124   3.18    57.39  0.9868     0.9868  0.0132     0.0132     0.2088         0.2102
    125   3.18    55.66  0.9870     0.9868  0.0130     0.0132     0.2109         0.2125
    126   3.18    54.44  0.9871     0.9869  0.0129     0.0131     0.2194         0.2206
    127   3.18    53.05  0.9872     0.9869  0.0128     0.0131     0.2317         0.2327
    128   3.18    51.81  0.9871     0.9872  0.0129     0.0128     0.2387         0.2398
    129   3.18    50.70  0.9875     0.9872  0.0125     0.0128     0.2523         0.2533
    130   3.18    49.69  0.9867     0.9870  0.0133     0.0130     0.2657         0.2664
    131   3.18    49.12  0.9870     0.9871  0.0130     0.0129     0.2671         0.2682
    132   3.18    48.11  0.9872     0.9873  0.0128     0.0127     0.2803         0.2824
    133   3.17    47.37  0.9874     0.9873  0.0126     0.0127     0.2914         0.2924
    134   3.18    46.87  0.9876     0.9874  0.0124     0.0126     0.2997         0.3009
    135   3.18    46.42  0.9872     0.9874  0.0128     0.0126     0.2961         0.2969
    136   3.18    45.91  0.9876     0.9871  0.0124     0.0129     0.3204         0.3212
    137   3.18    45.38  0.9872     0.9871  0.0128     0.0129     0.3332         0.3334
    138   3.17    44.67  0.9872     0.9875  0.0128     0.0125     0.3388         0.3398
    139   3.17    44.24  0.9871     0.9873  0.0129     0.0127     0.3403         0.3413
    140   3.17    43.59  0.9870     0.9873  0.0130     0.0127     0.3490         0.3506
    141   3.17    43.45  0.9873     0.9873  0.0127     0.0127     0.3556         0.3586
    142   3.17    42.50  0.9869     0.9873  0.0131     0.0127     0.3646         0.3657
    143   3.17    41.74  0.9874     0.9875  0.0126     0.0125     0.3668         0.3683
    144   3.17    42.11  0.9871     0.9871  0.0129     0.0129     0.3551         0.3558
    145   3.16    43.33  0.9861     0.9861  0.0139     0.0139     0.3400         0.3416
    146   3.17    45.59  0.9865     0.9870  0.0135     0.0130     0.2694         0.2714
    147   3.17    43.90  0.9868     0.9867  0.0132     0.0133     0.2912         0.2930
    148   3.17    42.96  0.9867     0.9864  0.0133     0.0136     0.3198         0.3218
    149   3.17    42.56  0.9873     0.9866  0.0127     0.0134     0.3306         0.3314
    150   3.17    42.24  0.9867     0.9868  0.0133     0.0132     0.3345         0.3356
    151   3.16    41.83  0.9869     0.9870  0.0131     0.0130     0.3477         0.3497
    152   3.16    41.60  0.9869     0.9869  0.0131     0.0131     0.3599         0.3595
    153   3.16    41.21  0.9865     0.9872  0.0135     0.0128     0.3768         0.3778
    154   3.17    41.01  0.9868     0.9870  0.0132     0.0130     0.3704         0.3719
    155   3.17    40.75  0.9871     0.9869  0.0129     0.0131     0.3700         0.3726
    156   3.16    40.54  0.9868     0.9867  0.0132     0.0133     0.3887         0.3894
    157   3.17    40.71  0.9864     0.9865  0.0136     0.0135     0.3822         0.3840
    158   3.17    40.29  0.9874     0.9868  0.0126     0.0132     0.4114         0.4138
    159   3.16    40.75  0.9865     0.9865  0.0135     0.0135     0.3917         0.3934
    160   3.16    40.01  0.9870     0.9869  0.0130     0.0131     0.4181         0.4199
    161   3.16    39.51  0.9873     0.9871  0.0127     0.0129     0.4147         0.4170
    162   3.16    38.91  0.9867     0.9871  0.0133     0.0129     0.4132         0.4145
    163   3.16    40.09  0.9873     0.9870  0.0127     0.0130     0.3811         0.3822
    164   3.16    39.07  0.9876     0.9874  0.0124     0.0126     0.4189         0.4196
    165   3.16    40.24  0.9873     0.9877  0.0127     0.0123     0.4290         0.4312
    166   3.16    38.92  0.9871     0.9872  0.0129     0.0128     0.4257         0.4278
    167   3.16    38.36  0.9870     0.9870  0.0130     0.0130     0.4235         0.4252
    168   3.16    39.20  0.9868     0.9868  0.0132     0.0132     0.4075         0.4085
    169   3.16    38.07  0.9868     0.9873  0.0132     0.0127     0.4438         0.4457
    170   3.16    41.57  0.9862     0.9869  0.0138     0.0131     0.3653         0.3670
    171   3.16    38.45  0.9866     0.9868  0.0134     0.0132     0.4385         0.4391
    172   3.15    38.23  0.9869     0.9867  0.0131     0.0133     0.4270         0.4281
    173   3.15    38.16  0.9872     0.9869  0.0128     0.0131     0.4483         0.4502
    174   3.15    37.82  0.9869     0.9868  0.0131     0.0132     0.4393         0.4413
    175   3.15    37.34  0.9867     0.9871  0.0133     0.0129     0.4496         0.4520
    176   3.16    40.13  0.9872     0.9872  0.0128     0.0128     0.4059         0.4065
    177   3.15    37.47  0.9871     0.9866  0.0129     0.0134     0.4380         0.4394
    178   3.15    37.30  0.9873     0.9871  0.0127     0.0129     0.4230         0.4255
    179   3.15    37.01  0.9864     0.9872  0.0136     0.0128     0.4356         0.4377
    180   3.16    36.84  0.9869     0.9870  0.0131     0.0130     0.4509         0.4521
    181   3.15    36.71  0.9866     0.9868  0.0134     0.0132     0.4473         0.4505
    182   3.15    37.11  0.9868     0.9867  0.0132     0.0133     0.4324         0.4338
    183   3.15    36.39  0.9864     0.9869  0.0136     0.0131     0.4484         0.4501
    184   3.15    36.03  0.9867     0.9868  0.0133     0.0132     0.4646         0.4660
    185   3.15    36.06  0.9873     0.9867  0.0127     0.0133     0.4647         0.4669
    186   3.15    36.02  0.9869     0.9869  0.0131     0.0131     0.4684         0.4693
    187   3.15    35.86  0.9861     0.9867  0.0139     0.0133     0.4710         0.4737
    188   3.15    35.87  0.9869     0.9867  0.0131     0.0133     0.4803         0.4826
    189   3.15    35.94  0.9871     0.9868  0.0129     0.0132     0.4686         0.4706
    190   3.15    35.71  0.9864     0.9870  0.0136     0.0130     0.4818         0.4828
    191   3.15    35.72  0.9872     0.9870  0.0128     0.0130     0.4953         0.4964
    192   3.15    37.85  0.9864     0.9867  0.0136     0.0133     0.4934         0.4957
    193   3.15    35.78  0.9861     0.9864  0.0139     0.0136     0.4871         0.4887
    194   3.14    35.61  0.9862     0.9865  0.0138     0.0135     0.4932         0.4966
    195   3.15    35.57  0.9869     0.9867  0.0131     0.0133     0.4915         0.4931
    196   3.15    35.27  0.9872     0.9871  0.0128     0.0129     0.4973         0.4991
    197   3.15    34.96  0.9866     0.9868  0.0134     0.0132     0.4848         0.4876
    198   3.14    35.42  0.9866     0.9872  0.0134     0.0128     0.4866         0.4898
    199   3.15    35.00  0.9868     0.9867  0.0132     0.0133     0.5022         0.5035
    200   3.15    34.96  0.9868     0.9869  0.0132     0.0131     0.4959         0.4973
    201   3.15    35.06  0.9862     0.9870  0.0138     0.0130     0.4999         0.5006
    202   3.15    35.09  0.9869     0.9870  0.0131     0.0130     0.4912         0.4944
    203   3.15    34.75  0.9865     0.9869  0.0135     0.0131     0.4930         0.4944
    204   3.15    34.47  0.9873     0.9872  0.0127     0.0128     0.5128         0.5153
    205   3.15    34.81  0.9866     0.9871  0.0134     0.0129     0.5155         0.5188
    206   3.14    34.34  0.9869     0.9870  0.0131     0.0130     0.5005         0.5022
    207   3.15    34.45  0.9871     0.9875  0.0129     0.0125     0.5075         0.5102
    208   3.15    34.32  0.9871     0.9873  0.0129     0.0127     0.5113         0.5114
    209   3.16    37.37  0.9876     0.9872  0.0124     0.0128     0.4411         0.4415
    210   3.15    34.46  0.9868     0.9870  0.0132     0.0130     0.5036         0.5063
    211   3.14    34.31  0.9860     0.9872  0.0140     0.0128     0.5009         0.5032
    212   3.15    34.40  0.9866     0.9866  0.0134     0.0134     0.5042         0.5065
    213   3.15    34.42  0.9867     0.9868  0.0133     0.0132     0.5004         0.5027
    214   3.14    34.10  0.9863     0.9867  0.0137     0.0133     0.4991         0.5020
    215   3.14    33.97  0.9864     0.9864  0.0136     0.0136     0.5063         0.5078
    216   3.15    33.96  0.9868     0.9869  0.0132     0.0131     0.4995         0.5028
    217   3.15    34.36  0.9870     0.9871  0.0130     0.0129     0.5083         0.5090
    218   3.15    34.54  0.9870     0.9873  0.0130     0.0127     0.4907         0.4921
    219   3.15    34.29  0.9873     0.9871  0.0127     0.0129     0.4854         0.4887
    220   3.15    33.77  0.9867     0.9866  0.0133     0.0134     0.5168         0.5192
    221   3.15    34.13  0.9865     0.9865  0.0135     0.0135     0.4910         0.4940
    222   3.14    34.03  0.9864     0.9867  0.0136     0.0133     0.4981         0.5007
    223   3.14    33.83  0.9867     0.9869  0.0133     0.0131     0.5065         0.5082
    224   3.15    33.57  0.9875     0.9865  0.0125     0.0135     0.5188         0.5221
    225   3.14    33.95  0.9866     0.9864  0.0134     0.0136     0.5158         0.5189
    226   3.15    33.76  0.9865     0.9867  0.0135     0.0133     0.5159         0.5178
    227   3.15    34.49  0.9868     0.9864  0.0132     0.0136     0.5098         0.5114
    228   3.15    33.56  0.9866     0.9869  0.0134     0.0131     0.5355         0.5352
    229   3.15    33.35  0.9866     0.9865  0.0134     0.0135     0.5329         0.5351
    230   3.14    34.00  0.9869     0.9867  0.0131     0.0133     0.5165         0.5193
    231   3.14    33.64  0.9868     0.9868  0.0132     0.0132     0.5147         0.5155
    232   3.14    33.67  0.9867     0.9871  0.0133     0.0129     0.5079         0.5116
    233   3.14    33.70  0.9862     0.9863  0.0138     0.0137     0.5289         0.5317
    234   3.14    33.21  0.9865     0.9868  0.0135     0.0132     0.5269         0.5296
    235   3.15    33.17  0.9866     0.9865  0.0134     0.0135     0.5378         0.5405
    236   3.15    34.16  0.9870     0.9870  0.0130     0.0130     0.5199         0.5212
    237   3.14    33.20  0.9870     0.9868  0.0130     0.0132     0.5336         0.5377
    238   3.14    33.21  0.9869     0.9868  0.0131     0.0132     0.5302         0.5345
    239   3.15    32.94  0.9869     0.9868  0.0131     0.0132     0.5366         0.5409
    240   3.14    32.97  0.9871     0.9873  0.0129     0.0127     0.5433         0.5449
    241   3.14    33.12  0.9865     0.9865  0.0135     0.0135     0.5383         0.5412
    242   3.15    35.35  0.9865     0.9868  0.0135     0.0132     0.4832         0.4851
    243   3.14    33.37  0.9866     0.9873  0.0134     0.0127     0.5354         0.5383
    244   3.14    33.07  0.9870     0.9869  0.0130     0.0131     0.5321         0.5357
    245   3.14    33.18  0.9874     0.9871  0.0126     0.0129     0.5257         0.5299
    246   3.14    32.85  0.9871     0.9874  0.0129     0.0126     0.5304         0.5341
    247   3.15    32.86  0.9873     0.9874  0.0127     0.0126     0.5441         0.5473
    248   3.14    33.04  0.9870     0.9874  0.0130     0.0126     0.5348         0.5381
    249   3.14    32.98  0.9868     0.9875  0.0132     0.0125     0.5236         0.5282
    250   3.15    34.62  0.9871     0.9872  0.0129     0.0128     0.5133         0.5157
    251   3.14    33.26  0.9871     0.9877  0.0129     0.0123     0.5328         0.5368
    252   3.15    33.35  0.9875     0.9876  0.0125     0.0124     0.5193         0.5243
    253   3.15    33.08  0.9868     0.9873  0.0132     0.0127     0.5293         0.5324
    254   3.15    32.85  0.9870     0.9874  0.0130     0.0126     0.5334         0.5357
    255   3.14    32.76  0.9878     0.9872  0.0122     0.0128     0.5344         0.5380
    256   3.15    32.72  0.9864     0.9871  0.0136     0.0129     0.5369         0.5408
    257   3.15    33.19  0.9872     0.9873  0.0128     0.0127     0.5409         0.5440
    258   3.14    32.61  0.9868     0.9869  0.0132     0.0131     0.5439         0.5458
    259   3.14    32.91  0.9865     0.9865  0.0135     0.0135     0.5406         0.5425
    260   3.14    33.43  0.9867     0.9872  0.0133     0.0128     0.5200         0.5226
    261   3.14    32.80  0.9871     0.9871  0.0129     0.0129     0.5361         0.5427
    262   3.14    32.83  0.9871     0.9871  0.0129     0.0129     0.5464         0.5500
    263   3.15    32.80  0.9869     0.9871  0.0131     0.0129     0.5399         0.5434
    264   3.15    32.79  0.9872     0.9873  0.0128     0.0127     0.5287         0.5329
    265   3.15    32.53  0.9872     0.9871  0.0128     0.0129     0.5427         0.5472
    266   3.15    32.75  0.9871     0.9869  0.0129     0.0131     0.5391         0.5418
    267   3.15    32.79  0.9862     0.9871  0.0138     0.0129     0.5356         0.5390
    268   3.14    32.79  0.9870     0.9872  0.0130     0.0128     0.5357         0.5400
    269   3.14    33.56  0.9868     0.9874  0.0132     0.0126     0.5214         0.5228
    270   3.14    32.59  0.9868     0.9874  0.0132     0.0126     0.5407         0.5445
    271   3.14    32.87  0.9870     0.9871  0.0130     0.0129     0.5306         0.5342
    272   3.15    32.46  0.9867     0.9870  0.0133     0.0130     0.5484         0.5521
    273   3.15    32.70  0.9870     0.9871  0.0130     0.0129     0.5401         0.5424
    274   3.14    32.35  0.9874     0.9870  0.0126     0.0130     0.5400         0.5409
    275   3.14    32.51  0.9870     0.9872  0.0130     0.0128     0.5364         0.5407
    276   3.15    32.48  0.9871     0.9872  0.0129     0.0128     0.5323         0.5343
    277   3.14    32.37  0.9871     0.9872  0.0129     0.0128     0.5400         0.5441
    278   3.14    32.51  0.9869     0.9870  0.0131     0.0130     0.5482         0.5511
    279   3.14    32.36  0.9861     0.9870  0.0139     0.0130     0.5460         0.5483
    280   3.14    33.05  0.9867     0.9870  0.0133     0.0130     0.5254         0.5287
    281   3.15    32.48  0.9867     0.9873  0.0133     0.0127     0.5473         0.5519
    282   3.14    32.46  0.9868     0.9870  0.0132     0.0130     0.5394         0.5429
    283   3.14    32.60  0.9867     0.9867  0.0133     0.0133     0.5474         0.5515
    284   3.15    32.45  0.9872     0.9870  0.0128     0.0130     0.5469         0.5507
    285   3.15    32.54  0.9866     0.9870  0.0134     0.0130     0.5435         0.5461
    286   3.14    32.61  0.9873     0.9870  0.0127     0.0130     0.5414         0.5450
    287   3.14    32.60  0.9870     0.9869  0.0130     0.0131     0.5337         0.5359
    288   3.14    32.65  0.9874     0.9866  0.0126     0.0134     0.5420         0.5440
    289   3.14    32.37  0.9870     0.9871  0.0130     0.0129     0.5455         0.5491
    290   3.14    32.19  0.9869     0.9866  0.0131     0.0134     0.5580         0.5614
    291   3.14    32.26  0.9871     0.9870  0.0129     0.0130     0.5414         0.5447
    292   3.14    32.07  0.9868     0.9868  0.0132     0.0132     0.5526         0.5561
    293   3.15    32.20  0.9867     0.9873  0.0133     0.0127     0.5453         0.5476
    294   3.15    32.62  0.9872     0.9868  0.0128     0.0132     0.5305         0.5354
    295   3.14    32.43  0.9866     0.9867  0.0134     0.0133     0.5430         0.5471
    296   3.15    32.40  0.9865     0.9867  0.0135     0.0133     0.5387         0.5420
    297   3.14    32.29  0.9870     0.9869  0.0130     0.0131     0.5505         0.5528
    298   3.15    32.90  0.9865     0.9869  0.0135     0.0131     0.5232         0.5265
    299   3.15    32.32  0.9866     0.9868  0.0134     0.0132     0.5494         0.5525
    300   3.15    32.54  0.9869     0.9867  0.0131     0.0133     0.5470         0.5505
The log/output/model have been saved to: ./logs/train.py-multi_zetas300_False_False_True_1.953125e-06_3.90625e-06_7.8125e-06-oyx-04-23-14:09 + .csv/.out/.cpt
