  epoch    IZY    IXZ_1     acc    avg_acc     err    avg_err    adv_acc    avg_adv_acc
-------  -----  -------  ------  ---------  ------  ---------  ---------  -------------
      1   3.02    22.85  0.9424     0.9562  0.0576     0.0438     0.0396         0.0408
      2   3.05    21.75  0.9508     0.9596  0.0492     0.0404     0.0435         0.0446
      3   3.12    17.19  0.9654     0.9714  0.0346     0.0286     0.0697         0.0723
      4   3.13    20.85  0.9667     0.9707  0.0333     0.0293     0.0975         0.0989
      5   3.12    15.78  0.9672     0.9752  0.0328     0.0248     0.1457         0.1550
      6   3.16    23.96  0.9729     0.9750  0.0271     0.0250     0.1850         0.1879
      7   3.16    14.08  0.9745     0.9785  0.0255     0.0215     0.3097         0.3188
      8   3.13    14.35  0.9712     0.9763  0.0288     0.0237     0.2742         0.2890
      9   3.18    19.20  0.9779     0.9793  0.0221     0.0207     0.3029         0.3057
     10   3.15    14.42  0.9757     0.9821  0.0243     0.0179     0.3418         0.3604
     11   3.18    13.12  0.9800     0.9820  0.0200     0.0180     0.3821         0.3970
     12   3.17    12.81  0.9784     0.9826  0.0216     0.0174     0.4586         0.4800
     13   3.13    13.62  0.9724     0.9786  0.0276     0.0214     0.4312         0.4531
     14   3.17    13.83  0.9804     0.9811  0.0196     0.0189     0.4622         0.4711
     15   3.16    12.09  0.9806     0.9827  0.0194     0.0173     0.4492         0.4685
     16   3.10    12.65  0.9713     0.9748  0.0287     0.0252     0.4475         0.4643
     17   3.17    12.06  0.9793     0.9827  0.0207     0.0173     0.4889         0.5030
     18   3.15    11.61  0.9753     0.9802  0.0247     0.0198     0.4865         0.5160
     19   3.15    12.46  0.9759     0.9798  0.0241     0.0202     0.4548         0.4709
     20   3.15    11.68  0.9770     0.9808  0.0230     0.0192     0.5524         0.5673
     21   3.15    13.09  0.9789     0.9813  0.0211     0.0187     0.4999         0.5095
     22   3.13    11.18  0.9742     0.9796  0.0258     0.0204     0.5605         0.5827
     23   3.15    11.51  0.9763     0.9810  0.0237     0.0190     0.4948         0.5153
     24   3.17    10.78  0.9790     0.9847  0.0210     0.0153     0.5471         0.5700
     25   3.16    11.15  0.9796     0.9827  0.0204     0.0173     0.5374         0.5567
     26   3.17    11.35  0.9806     0.9844  0.0194     0.0156     0.5147         0.5384
     27   3.15    10.58  0.9774     0.9812  0.0226     0.0188     0.5779         0.5948
     28   3.16    10.94  0.9804     0.9838  0.0196     0.0162     0.5294         0.5447
     29   3.13    11.54  0.9772     0.9809  0.0228     0.0191     0.5066         0.5192
     30   3.13    11.47  0.9795     0.9819  0.0205     0.0181     0.4674         0.4882
     31   3.10    10.69  0.9743     0.9797  0.0257     0.0203     0.5321         0.5544
     32   3.14    10.80  0.9787     0.9830  0.0213     0.0170     0.5953         0.6138
     33   3.16    10.72  0.9810     0.9847  0.0190     0.0153     0.5572         0.5741
     34   3.14    10.85  0.9772     0.9818  0.0228     0.0182     0.5722         0.5878
     35   3.16    13.18  0.9811     0.9826  0.0189     0.0174     0.5834         0.5925
     36   3.18    11.55  0.9826     0.9844  0.0174     0.0156     0.5674         0.5781
     37   3.17    12.24  0.9826     0.9844  0.0174     0.0156     0.5674         0.5757
     38   3.16    10.62  0.9806     0.9852  0.0194     0.0148     0.5605         0.5775
     39   3.15    10.81  0.9811     0.9842  0.0189     0.0158     0.4891         0.5017
     40   3.16    10.66  0.9821     0.9851  0.0179     0.0149     0.5866         0.6010
     41   3.14    11.11  0.9789     0.9830  0.0211     0.0170     0.4972         0.5079
     42   3.14    10.47  0.9800     0.9836  0.0200     0.0164     0.5451         0.5583
     43   3.14    10.31  0.9808     0.9838  0.0192     0.0162     0.5741         0.5902
     44   3.17    10.90  0.9831     0.9861  0.0169     0.0139     0.5563         0.5678
     45   3.17    10.47  0.9830     0.9861  0.0170     0.0139     0.6055         0.6175
     46   3.16    12.04  0.9811     0.9835  0.0189     0.0165     0.5864         0.5983
     47   3.12    10.77  0.9792     0.9825  0.0208     0.0175     0.5370         0.5490
     48   3.16    10.37  0.9821     0.9860  0.0179     0.0140     0.5525         0.5639
     49   3.13    10.90  0.9804     0.9826  0.0196     0.0174     0.5596         0.5686
     50   3.14    10.15  0.9799     0.9842  0.0201     0.0158     0.5521         0.5666
     51   3.14    10.57  0.9810     0.9837  0.0190     0.0163     0.6157         0.6244
     52   3.12    10.24  0.9784     0.9826  0.0216     0.0174     0.5746         0.5867
     53   3.14    10.89  0.9802     0.9841  0.0198     0.0159     0.5554         0.5699
     54   3.14    10.76  0.9804     0.9826  0.0196     0.0174     0.5542         0.5628
     55   3.15     9.97  0.9796     0.9852  0.0204     0.0148     0.5950         0.6124
     56   3.16     9.97  0.9841     0.9862  0.0159     0.0138     0.5890         0.5991
     57   3.17    10.53  0.9833     0.9840  0.0167     0.0160     0.5629         0.5747
     58   3.14    10.06  0.9800     0.9841  0.0200     0.0159     0.5760         0.5892
     59   3.12    11.29  0.9809     0.9830  0.0191     0.0170     0.5718         0.5789
     60   3.15    10.04  0.9826     0.9869  0.0174     0.0131     0.5724         0.5842
     61   3.16    10.09  0.9830     0.9861  0.0170     0.0139     0.5885         0.5975
     62   3.17    10.60  0.9844     0.9864  0.0156     0.0136     0.5628         0.5701
     63   3.15    10.46  0.9820     0.9840  0.0180     0.0160     0.6167         0.6258
     64   3.13    10.29  0.9800     0.9822  0.0200     0.0178     0.5731         0.5827
     65   3.15     9.49  0.9811     0.9865  0.0189     0.0135     0.6304         0.6417
     66   3.17    10.32  0.9840     0.9871  0.0160     0.0129     0.6027         0.6102
     67   3.16    10.11  0.9823     0.9846  0.0177     0.0154     0.6127         0.6221
     68   3.14    10.44  0.9824     0.9854  0.0176     0.0146     0.5912         0.6009
     69   3.15     9.84  0.9823     0.9861  0.0177     0.0139     0.6420         0.6498
     70   3.15    10.22  0.9823     0.9857  0.0177     0.0143     0.6173         0.6253
     71   3.15    10.05  0.9823     0.9849  0.0177     0.0151     0.5953         0.6054
     72   3.14    10.55  0.9821     0.9850  0.0179     0.0150     0.5262         0.5321
     73   3.14     9.53  0.9810     0.9857  0.0190     0.0143     0.5563         0.5653
     74   3.15     9.53  0.9822     0.9861  0.0178     0.0139     0.5596         0.5707
     75   3.15    10.69  0.9834     0.9857  0.0166     0.0143     0.6036         0.6104
     76   3.16    10.02  0.9840     0.9874  0.0160     0.0126     0.6041         0.6126
     77   3.17     9.87  0.9836     0.9880  0.0164     0.0120     0.5954         0.6024
     78   3.01     9.91  0.9709     0.9738  0.0291     0.0262     0.4651         0.4713
     79   3.13    10.67  0.9809     0.9840  0.0191     0.0160     0.5722         0.5786
     80   3.15     9.76  0.9836     0.9857  0.0164     0.0143     0.5387         0.5464
     81   3.17    10.12  0.9835     0.9868  0.0165     0.0132     0.5399         0.5452
     82   3.14     9.58  0.9805     0.9853  0.0195     0.0147     0.5622         0.5708
     83   3.12     9.87  0.9799     0.9840  0.0201     0.0160     0.5582         0.5660
     84   3.15    10.53  0.9823     0.9858  0.0177     0.0142     0.5898         0.5947
     85   3.15     9.67  0.9831     0.9867  0.0169     0.0133     0.6138         0.6225
     86   3.14     9.79  0.9821     0.9853  0.0179     0.0147     0.5668         0.5745
     87   3.15     9.50  0.9830     0.9864  0.0170     0.0136     0.5975         0.6071
     88   3.15     9.53  0.9821     0.9872  0.0179     0.0128     0.6247         0.6322
     89   3.14    10.20  0.9844     0.9863  0.0156     0.0137     0.5727         0.5796
     90   3.14     9.53  0.9814     0.9864  0.0186     0.0136     0.6162         0.6252
     91   3.15     9.61  0.9832     0.9865  0.0168     0.0135     0.5865         0.5952
     92   3.15     9.43  0.9813     0.9859  0.0187     0.0141     0.6096         0.6184
     93   3.13     9.60  0.9790     0.9840  0.0210     0.0160     0.6274         0.6345
     94   3.15     9.63  0.9828     0.9851  0.0172     0.0149     0.6542         0.6619
     95   3.12     9.53  0.9798     0.9836  0.0202     0.0164     0.6190         0.6255
     96   3.15     9.46  0.9849     0.9864  0.0151     0.0136     0.5778         0.5833
     97   3.12     9.37  0.9816     0.9846  0.0184     0.0154     0.5866         0.5937
     98   3.15    10.11  0.9836     0.9863  0.0164     0.0137     0.5760         0.5806
     99   3.16    10.05  0.9854     0.9872  0.0146     0.0128     0.5332         0.5388
    100   3.13     9.62  0.9803     0.9850  0.0197     0.0150     0.5091         0.5157
    101   3.13     9.47  0.9814     0.9857  0.0186     0.0143     0.5035         0.5117
    102   3.15     9.34  0.9826     0.9857  0.0174     0.0143     0.5452         0.5530
    103   3.14     9.29  0.9809     0.9858  0.0191     0.0142     0.5680         0.5707
    104   3.15     9.75  0.9831     0.9863  0.0169     0.0137     0.5362         0.5408
    105   3.14     9.50  0.9825     0.9869  0.0175     0.0131     0.5727         0.5797
    106   3.15     9.62  0.9816     0.9859  0.0184     0.0141     0.5274         0.5322
    107   3.15     9.87  0.9821     0.9855  0.0179     0.0145     0.5275         0.5335
    108   3.16     9.88  0.9840     0.9860  0.0160     0.0140     0.5342         0.5374
    109   3.13     9.46  0.9806     0.9847  0.0194     0.0153     0.5782         0.5855
    110   3.16    10.53  0.9825     0.9855  0.0175     0.0145     0.5690         0.5733
    111   3.14    10.00  0.9826     0.9857  0.0174     0.0143     0.5561         0.5592
    112   3.14     9.63  0.9819     0.9847  0.0181     0.0153     0.5735         0.5777
    113   3.13     9.32  0.9810     0.9860  0.0190     0.0140     0.6496         0.6551
    114   3.13     9.41  0.9821     0.9850  0.0179     0.0150     0.6411         0.6489
    115   3.14     9.68  0.9830     0.9860  0.0170     0.0140     0.6316         0.6401
    116   3.14     9.07  0.9810     0.9865  0.0190     0.0135     0.6114         0.6189
    117   3.15     9.13  0.9805     0.9855  0.0195     0.0145     0.5645         0.5712
    118   3.15    10.16  0.9826     0.9859  0.0174     0.0141     0.5657         0.5722
    119   3.15     9.91  0.9837     0.9866  0.0163     0.0134     0.5696         0.5779
    120   3.16     9.36  0.9838     0.9872  0.0162     0.0128     0.5805         0.5854
    121   3.16     9.77  0.9841     0.9869  0.0159     0.0131     0.4891         0.4955
    122   3.16     9.45  0.9834     0.9867  0.0166     0.0133     0.5201         0.5242
    123   3.15     9.49  0.9824     0.9863  0.0176     0.0137     0.5246         0.5332
    124   3.13     9.48  0.9804     0.9856  0.0196     0.0144     0.5555         0.5603
    125   3.14     9.49  0.9819     0.9854  0.0181     0.0146     0.5883         0.5942
    126   3.14     9.39  0.9815     0.9859  0.0185     0.0141     0.5689         0.5773
    127   3.14     9.21  0.9808     0.9863  0.0192     0.0137     0.6295         0.6354
    128   3.14     9.36  0.9823     0.9855  0.0177     0.0145     0.6100         0.6149
    129   3.15     9.70  0.9835     0.9866  0.0165     0.0134     0.5934         0.5999
    130   3.13     9.39  0.9786     0.9854  0.0214     0.0146     0.5834         0.5897
    131   3.16     9.40  0.9835     0.9871  0.0165     0.0129     0.6108         0.6159
    132   3.15     9.49  0.9826     0.9863  0.0174     0.0137     0.6328         0.6401
    133   3.16     9.49  0.9828     0.9863  0.0172     0.0137     0.5934         0.6007
    134   3.15     9.44  0.9826     0.9869  0.0174     0.0131     0.6157         0.6213
    135   3.14     9.47  0.9828     0.9859  0.0172     0.0141     0.6313         0.6365
    136   3.15     9.28  0.9806     0.9868  0.0194     0.0132     0.6584         0.6646
    137   3.16     9.43  0.9824     0.9866  0.0176     0.0134     0.6282         0.6329
    138   3.14     9.66  0.9819     0.9858  0.0181     0.0142     0.5840         0.5892
    139   3.15     9.40  0.9835     0.9874  0.0165     0.0126     0.6451         0.6513
    140   3.17     9.91  0.9847     0.9872  0.0153     0.0128     0.6043         0.6099
    141   3.15     9.40  0.9828     0.9869  0.0172     0.0131     0.5972         0.6012
    142   3.16     9.11  0.9846     0.9868  0.0154     0.0132     0.6229         0.6306
    143   3.15     9.34  0.9831     0.9872  0.0169     0.0128     0.6322         0.6373
    144   3.16     9.61  0.9830     0.9869  0.0170     0.0131     0.6420         0.6474
    145   3.14     9.48  0.9831     0.9863  0.0169     0.0137     0.6166         0.6251
    146   3.15     9.16  0.9824     0.9873  0.0176     0.0127     0.6590         0.6658
    147   3.15     9.40  0.9829     0.9862  0.0171     0.0138     0.6255         0.6322
    148   3.16     9.51  0.9821     0.9869  0.0179     0.0131     0.6097         0.6149
    149   3.15     9.82  0.9829     0.9865  0.0171     0.0135     0.6026         0.6057
    150   3.15     9.34  0.9823     0.9867  0.0177     0.0133     0.6069         0.6135
    151   3.15     9.40  0.9825     0.9861  0.0175     0.0139     0.6056         0.6118
    152   3.15     9.53  0.9831     0.9869  0.0169     0.0131     0.6013         0.6058
    153   3.15     9.63  0.9835     0.9874  0.0165     0.0126     0.6420         0.6477
    154   3.16     9.67  0.9832     0.9861  0.0168     0.0139     0.6421         0.6456
    155   3.14     9.15  0.9822     0.9861  0.0178     0.0139     0.6579         0.6651
    156   3.15     9.28  0.9824     0.9864  0.0176     0.0136     0.6552         0.6621
    157   3.15     9.17  0.9835     0.9863  0.0165     0.0137     0.6353         0.6433
    158   3.14     9.41  0.9829     0.9861  0.0171     0.0139     0.6427         0.6506
    159   3.15     9.56  0.9847     0.9865  0.0153     0.0135     0.6211         0.6268
    160   3.16     9.13  0.9823     0.9862  0.0177     0.0138     0.6229         0.6271
    161   3.16     9.38  0.9840     0.9864  0.0160     0.0136     0.6150         0.6217
    162   3.14     9.21  0.9806     0.9862  0.0194     0.0138     0.6389         0.6464
    163   3.15     9.32  0.9828     0.9857  0.0172     0.0143     0.6054         0.6127
    164   3.13     9.15  0.9819     0.9867  0.0181     0.0133     0.6201         0.6243
    165   3.15     9.25  0.9827     0.9870  0.0173     0.0130     0.6062         0.6117
    166   3.15     9.93  0.9839     0.9863  0.0161     0.0137     0.6210         0.6298
    167   3.14     9.16  0.9822     0.9863  0.0178     0.0137     0.6219         0.6299
    168   3.15     9.10  0.9823     0.9867  0.0177     0.0133     0.6110         0.6153
    169   3.13     9.08  0.9822     0.9859  0.0178     0.0141     0.6067         0.6159
    170   3.15     9.23  0.9820     0.9869  0.0180     0.0131     0.6291         0.6359
    171   3.15     9.61  0.9826     0.9856  0.0174     0.0144     0.6318         0.6356
    172   3.14     9.17  0.9825     0.9857  0.0175     0.0143     0.6277         0.6344
    173   3.15     9.37  0.9836     0.9864  0.0164     0.0136     0.6039         0.6091
    174   3.14     9.13  0.9813     0.9862  0.0187     0.0138     0.5978         0.6031
    175   3.15     9.27  0.9829     0.9862  0.0171     0.0138     0.6118         0.6171
    176   3.14     9.27  0.9826     0.9865  0.0174     0.0135     0.6025         0.6094
    177   3.16     9.13  0.9830     0.9862  0.0170     0.0138     0.6176         0.6231
    178   3.15     9.42  0.9832     0.9865  0.0168     0.0135     0.5831         0.5881
    179   3.15     9.23  0.9828     0.9867  0.0172     0.0133     0.5825         0.5877
    180   3.14     9.02  0.9820     0.9862  0.0180     0.0138     0.5849         0.5906
    181   3.14     9.13  0.9826     0.9866  0.0174     0.0134     0.5755         0.5838
    182   3.14     9.26  0.9817     0.9865  0.0183     0.0135     0.6061         0.6120
    183   3.15     9.36  0.9827     0.9868  0.0173     0.0132     0.6049         0.6105
    184   3.16     9.19  0.9833     0.9870  0.0167     0.0130     0.6137         0.6238
    185   3.15     9.53  0.9834     0.9870  0.0166     0.0130     0.6467         0.6525
    186   3.17     9.11  0.9836     0.9866  0.0164     0.0134     0.6355         0.6410
    187   3.15     9.10  0.9828     0.9869  0.0172     0.0131     0.6329         0.6421
    188   3.15     9.13  0.9834     0.9863  0.0166     0.0137     0.6350         0.6427
    189   3.17     9.16  0.9840     0.9872  0.0160     0.0128     0.6497         0.6551
    190   3.17     9.20  0.9838     0.9861  0.0162     0.0139     0.6435         0.6510
    191   3.16     9.60  0.9833     0.9864  0.0167     0.0136     0.6261         0.6340
    192   3.15     9.31  0.9832     0.9865  0.0168     0.0135     0.6113         0.6202
    193   3.15     9.06  0.9814     0.9857  0.0186     0.0143     0.6006         0.6106
    194   3.16     9.22  0.9831     0.9867  0.0169     0.0133     0.6184         0.6265
    195   3.14     9.21  0.9833     0.9865  0.0167     0.0135     0.6355         0.6429
    196   3.14     9.18  0.9816     0.9862  0.0184     0.0138     0.6265         0.6343
    197   3.14     9.29  0.9816     0.9860  0.0184     0.0140     0.6246         0.6311
    198   3.14     9.33  0.9828     0.9860  0.0172     0.0140     0.6391         0.6464
    199   3.14     9.04  0.9821     0.9862  0.0179     0.0138     0.6548         0.6627
    200   3.14     9.34  0.9829     0.9861  0.0171     0.0139     0.6461         0.6543
The log/output/model have been saved to: ./logs/train.py-multi_zetas{'num_epochs': 200, 'use_stoch': [False, False, True], 'betas': [0.01, 0.01, 0.01]}-thz-04-03-21:53 + .csv/.out/.cpt
