  epoch    IZY    IXZ_1     acc    avg_acc     err    avg_err    adv_acc    avg_adv_acc
-------  -----  -------  ------  ---------  ------  ---------  ---------  -------------
      1  -0.65     0.37  0.1169     0.1664  0.8831     0.8336     0.1339         0.1764
      2  -0.27     1.94  0.1382     0.2505  0.8618     0.7495     0.1732         0.2442
      3  -0.12     1.86  0.1524     0.3144  0.8476     0.6856     0.1946         0.2736
      4  -0.15     1.30  0.1595     0.3165  0.8405     0.6835     0.1975         0.2863
      5   0.05     1.04  0.1835     0.4172  0.8165     0.5828     0.2331         0.3372
      6   0.00     1.35  0.1764     0.3995  0.8236     0.6005     0.2268         0.3337
      7   0.06     0.84  0.1862     0.4084  0.8138     0.5916     0.2267         0.3218
      8   0.18     1.52  0.2100     0.4894  0.7900     0.5106     0.2504         0.3535
      9   0.19     0.87  0.2076     0.4783  0.7924     0.5217     0.2554         0.3471
     10   0.21     1.62  0.2191     0.4973  0.7809     0.5027     0.2579         0.3576
     11   0.17     0.77  0.2160     0.4545  0.7840     0.5455     0.2457         0.3410
     12   0.24     0.64  0.2300     0.5028  0.7700     0.4972     0.2536         0.3585
     13   0.23     0.41  0.2258     0.4953  0.7742     0.5047     0.2577         0.3427
     14   0.23     0.55  0.2230     0.4521  0.7770     0.5479     0.2521         0.3373
     15   0.29     0.90  0.2471     0.5358  0.7529     0.4642     0.2640         0.3518
     16   0.28     0.38  0.2473     0.5134  0.7527     0.4866     0.2697         0.3661
     17   0.28     0.47  0.2463     0.5657  0.7537     0.4343     0.2709         0.3734
     18   0.33     0.54  0.2575     0.5679  0.7425     0.4321     0.2763         0.3552
     19   0.36     1.57  0.2699     0.6063  0.7301     0.3937     0.2774         0.3695
     20   0.38     1.80  0.2727     0.6144  0.7273     0.3856     0.2780         0.3667
     21   0.36     0.37  0.2589     0.5918  0.7411     0.4082     0.2662         0.3711
     22   0.40     0.45  0.2793     0.6151  0.7207     0.3849     0.2675         0.3647
     23   0.41     0.56  0.2888     0.6372  0.7112     0.3628     0.2738         0.3827
     24   0.43     1.15  0.2930     0.6290  0.7070     0.3710     0.2711         0.3690
     25   0.43     0.49  0.2888     0.6476  0.7112     0.3524     0.2614         0.3656
     26   0.43     0.48  0.2832     0.6307  0.7168     0.3693     0.2694         0.3803
     27   0.47     0.49  0.2972     0.6773  0.7028     0.3227     0.2658         0.3827
     28   0.51     0.57  0.3105     0.6898  0.6895     0.3102     0.2729         0.3757
     29   0.54     1.31  0.3245     0.7184  0.6755     0.2816     0.2790         0.3943
     30   0.51     0.65  0.3028     0.7025  0.6972     0.2975     0.2630         0.3892
     31   0.50     0.45  0.3007     0.7080  0.6993     0.2920     0.2638         0.3883
     32   0.57     0.60  0.3253     0.7316  0.6747     0.2684     0.2636         0.3859
     33   0.53     0.62  0.3106     0.7087  0.6894     0.2913     0.2669         0.3896
     34   0.56     0.53  0.3312     0.7262  0.6688     0.2738     0.2618         0.3902
     35   0.60     0.53  0.3362     0.7407  0.6638     0.2593     0.2676         0.3970
     36   0.56     1.00  0.3268     0.7187  0.6732     0.2813     0.2563         0.3927
     37   0.64     0.65  0.3466     0.7211  0.6534     0.2789     0.2775         0.3994
     38   0.63     0.54  0.3389     0.7613  0.6611     0.2387     0.2588         0.3923
     39   0.69     0.72  0.3641     0.7827  0.6359     0.2173     0.2663         0.3898
     40   0.65     0.56  0.3425     0.7637  0.6575     0.2363     0.2636         0.4027
     41   0.66     0.94  0.3469     0.7725  0.6531     0.2275     0.2731         0.4225
     42   0.68     0.60  0.3497     0.8014  0.6503     0.1986     0.2693         0.4175
     43   0.68     0.91  0.3612     0.7858  0.6388     0.2142     0.2609         0.4172
     44   0.75     0.63  0.3732     0.8110  0.6268     0.1890     0.2649         0.4094
     45   0.75     0.84  0.3786     0.8120  0.6214     0.1880     0.2684         0.4102
     46   0.78     0.66  0.3824     0.8166  0.6176     0.1834     0.2661         0.4174
     47   0.79     0.65  0.3867     0.8217  0.6133     0.1783     0.2701         0.4273
     48   0.80     0.66  0.3843     0.8385  0.6157     0.1615     0.2755         0.4301
     49   0.70     0.93  0.3630     0.8078  0.6370     0.1922     0.2825         0.4469
     50   0.81     0.68  0.3937     0.8263  0.6063     0.1737     0.2717         0.4281
     51   0.80     0.67  0.3881     0.8436  0.6119     0.1564     0.2737         0.4406
     52   0.85     0.89  0.3982     0.8575  0.6018     0.1425     0.2783         0.4207
     53   0.84     0.76  0.3970     0.8639  0.6030     0.1361     0.2708         0.4270
     54   0.85     0.74  0.4029     0.8628  0.5971     0.1372     0.2680         0.4313
     55   0.85     0.77  0.4008     0.8544  0.5992     0.1456     0.2822         0.4398
     56   0.80     0.81  0.3849     0.8401  0.6151     0.1599     0.2844         0.4522
     57   0.85     0.69  0.3939     0.8656  0.6061     0.1344     0.2801         0.4484
     58   0.90     0.77  0.4133     0.8830  0.5867     0.1170     0.2861         0.4656
     59   0.92     0.85  0.4245     0.8794  0.5755     0.1206     0.2802         0.4493
     60   0.89     0.72  0.4142     0.8708  0.5858     0.1292     0.2857         0.4608
     61   0.86     0.72  0.4063     0.8811  0.5937     0.1189     0.2823         0.4576
     62   0.91     0.77  0.4255     0.8797  0.5745     0.1203     0.2911         0.4646
     63   0.89     0.75  0.4156     0.8818  0.5844     0.1182     0.3009         0.4859
     64   0.94     0.79  0.4226     0.8890  0.5774     0.1110     0.2979         0.4884
     65   0.91     0.76  0.4213     0.8845  0.5787     0.1155     0.2766         0.4551
     66   0.94     0.79  0.4284     0.9041  0.5716     0.0959     0.2954         0.4833
     67   0.93     0.83  0.4276     0.9037  0.5724     0.0963     0.3062         0.4924
     68   0.97     0.93  0.4376     0.9077  0.5624     0.0923     0.3051         0.4839
     69   0.96     0.80  0.4320     0.9154  0.5680     0.0846     0.3018         0.4915
     70   0.97     0.80  0.4389     0.9062  0.5611     0.0938     0.3059         0.5022
     71   0.96     0.80  0.4285     0.9159  0.5715     0.0841     0.3056         0.5061
     72   0.99     0.83  0.4360     0.9215  0.5640     0.0785     0.3049         0.4962
     73   0.99     0.84  0.4406     0.9180  0.5594     0.0820     0.3282         0.5172
     74   0.97     0.81  0.4323     0.9187  0.5677     0.0813     0.2968         0.4981
     75   1.01     0.87  0.4435     0.9221  0.5565     0.0779     0.2985         0.4932
     76   0.95     0.84  0.4261     0.9170  0.5739     0.0830     0.3053         0.5120
     77   0.99     0.82  0.4379     0.9281  0.5621     0.0719     0.3103         0.5189
     78   1.04     0.86  0.4502     0.9288  0.5498     0.0712     0.3293         0.5329
     79   0.97     0.83  0.4281     0.9247  0.5719     0.0753     0.3117         0.5231
     80   1.00     0.83  0.4460     0.9323  0.5540     0.0677     0.3182         0.5279
     81   0.98     0.84  0.4372     0.9302  0.5628     0.0698     0.3145         0.5246
     82   0.96     0.85  0.4318     0.9289  0.5682     0.0711     0.3145         0.5290
     83   0.99     0.84  0.4387     0.9271  0.5613     0.0729     0.3250         0.5285
     84   0.98     0.86  0.4395     0.9349  0.5605     0.0651     0.3274         0.5409
     85   1.01     0.88  0.4504     0.9410  0.5496     0.0590     0.3281         0.5335
     86   1.01     0.85  0.4432     0.9387  0.5568     0.0613     0.3124         0.5227
     87   1.01     0.85  0.4431     0.9404  0.5569     0.0596     0.3336         0.5467
     88   1.03     0.86  0.4515     0.9435  0.5485     0.0565     0.3127         0.5248
     89   1.04     0.90  0.4483     0.9519  0.5517     0.0481     0.3295         0.5400
     90   1.03     0.87  0.4481     0.9434  0.5519     0.0566     0.3256         0.5558
     91   1.03     0.94  0.4456     0.9494  0.5544     0.0506     0.3210         0.5382
     92   1.04     0.91  0.4502     0.9385  0.5498     0.0615     0.3461         0.5579
     93   1.04     0.89  0.4516     0.9430  0.5484     0.0570     0.3327         0.5670
     94   1.07     0.92  0.4679     0.9538  0.5321     0.0462     0.3356         0.5563
     95   1.09     0.98  0.4645     0.9541  0.5355     0.0459     0.3310         0.5406
     96   1.10     0.92  0.4680     0.9528  0.5320     0.0472     0.3262         0.5396
     97   1.07     0.89  0.4579     0.9510  0.5421     0.0490     0.3285         0.5565
     98   1.04     0.99  0.4560     0.9454  0.5440     0.0546     0.3286         0.5607
     99   1.04     0.91  0.4592     0.9542  0.5408     0.0458     0.3294         0.5543
    100   1.07     0.91  0.4604     0.9568  0.5396     0.0432     0.3219         0.5293
    101   1.04     0.88  0.4562     0.9503  0.5438     0.0497     0.3282         0.5503
    102   1.06     0.90  0.4595     0.9594  0.5405     0.0406     0.3236         0.5486
    103   1.08     0.91  0.4635     0.9582  0.5365     0.0418     0.3209         0.5448
    104   1.08     0.91  0.4642     0.9570  0.5358     0.0430     0.3242         0.5434
    105   1.06     0.90  0.4616     0.9569  0.5384     0.0431     0.3257         0.5597
    106   1.07     0.91  0.4603     0.9607  0.5397     0.0393     0.3230         0.5448
    107   1.12     0.95  0.4757     0.9607  0.5243     0.0393     0.3437         0.5681
    108   1.13     0.98  0.4828     0.9584  0.5172     0.0416     0.3400         0.5688
    109   1.06     0.92  0.4553     0.9561  0.5447     0.0439     0.3419         0.5855
    110   1.07     0.88  0.4571     0.9570  0.5429     0.0430     0.3275         0.5597
    111   1.06     0.92  0.4589     0.9592  0.5411     0.0408     0.3392         0.5757
    112   1.11     0.94  0.4722     0.9600  0.5278     0.0400     0.3368         0.5485
    113   1.11     0.92  0.4739     0.9604  0.5261     0.0396     0.3380         0.5610
    114   1.10     0.91  0.4702     0.9606  0.5298     0.0394     0.3473         0.5708
    115   1.10     0.90  0.4663     0.9616  0.5337     0.0384     0.3436         0.5769
    116   1.11     0.91  0.4651     0.9628  0.5349     0.0372     0.3390         0.5648
    117   1.08     0.91  0.4644     0.9590  0.5356     0.0410     0.3404         0.5743
    118   1.10     0.92  0.4640     0.9638  0.5360     0.0362     0.3436         0.5832
    119   1.10     0.97  0.4724     0.9630  0.5276     0.0370     0.3478         0.5735
    120   1.11     0.97  0.4733     0.9643  0.5267     0.0357     0.3337         0.5512
    121   1.08     0.92  0.4605     0.9605  0.5395     0.0395     0.3440         0.5704
    122   1.14     0.93  0.4835     0.9630  0.5165     0.0370     0.3487         0.5782
    123   1.11     0.95  0.4764     0.9634  0.5236     0.0366     0.3527         0.5782
    124   1.13     0.95  0.4845     0.9660  0.5155     0.0340     0.3587         0.5945
    125   1.13     0.94  0.4712     0.9653  0.5288     0.0347     0.3455         0.5841
    126   1.16     0.97  0.4902     0.9678  0.5098     0.0322     0.3517         0.5756
    127   1.08     0.92  0.4702     0.9645  0.5298     0.0355     0.3439         0.5780
    128   1.07     0.94  0.4561     0.9615  0.5439     0.0385     0.3486         0.5819
    129   1.15     0.97  0.4926     0.9676  0.5074     0.0324     0.3611         0.5921
    130   1.09     0.93  0.4643     0.9657  0.5357     0.0343     0.3470         0.5891
    131   1.14     0.96  0.4814     0.9635  0.5186     0.0365     0.3486         0.5705
    132   1.14     0.95  0.4799     0.9680  0.5201     0.0320     0.3419         0.5755
    133   1.13     0.95  0.4771     0.9658  0.5229     0.0342     0.3433         0.5734
    134   1.14     0.95  0.4788     0.9656  0.5212     0.0344     0.3467         0.5811
    135   1.11     0.94  0.4734     0.9658  0.5266     0.0342     0.3600         0.5971
    136   1.13     0.97  0.4774     0.9655  0.5226     0.0345     0.3545         0.5746
    137   1.16     1.00  0.4921     0.9669  0.5079     0.0331     0.3362         0.5592
    138   1.09     0.92  0.4710     0.9616  0.5290     0.0384     0.3423         0.5859
    139   1.09     0.93  0.4653     0.9632  0.5347     0.0368     0.3383         0.5693
    140   1.17     0.98  0.4924     0.9659  0.5076     0.0341     0.3512         0.5790
    141   1.13     0.94  0.4788     0.9673  0.5212     0.0327     0.3500         0.5974
    142   1.16     0.97  0.4892     0.9678  0.5108     0.0322     0.3458         0.5698
    143   1.11     0.94  0.4757     0.9673  0.5243     0.0327     0.3410         0.5722
    144   1.16     0.96  0.4886     0.9674  0.5114     0.0326     0.3409         0.5607
    145   1.13     0.94  0.4759     0.9650  0.5241     0.0350     0.3419         0.5608
    146   1.15     0.96  0.4817     0.9694  0.5183     0.0306     0.3430         0.5716
    147   1.14     0.96  0.4818     0.9697  0.5182     0.0303     0.3559         0.5783
    148   1.11     0.95  0.4755     0.9644  0.5245     0.0356     0.3350         0.5649
    149   1.17     0.98  0.4897     0.9672  0.5103     0.0328     0.3433         0.5772
    150   1.11     0.95  0.4758     0.9683  0.5242     0.0317     0.3502         0.5830
    151   1.13     0.94  0.4787     0.9660  0.5213     0.0340     0.3625         0.5965
    152   1.14     0.95  0.4790     0.9676  0.5210     0.0324     0.3540         0.5884
    153   1.14     0.95  0.4810     0.9704  0.5190     0.0296     0.3475         0.5894
    154   1.14     0.95  0.4862     0.9699  0.5138     0.0301     0.3555         0.5963
    155   1.17     0.96  0.4881     0.9692  0.5119     0.0308     0.3504         0.5967
    156   1.13     0.94  0.4778     0.9665  0.5222     0.0335     0.3524         0.5828
    157   1.17     0.97  0.4834     0.9686  0.5166     0.0314     0.3534         0.5826
    158   1.17     0.99  0.4856     0.9712  0.5144     0.0288     0.3501         0.5799
    159   1.16     0.98  0.4913     0.9680  0.5087     0.0320     0.3593         0.5888
    160   1.14     0.94  0.4808     0.9681  0.5192     0.0319     0.3523         0.5810
    161   1.13     0.95  0.4846     0.9680  0.5154     0.0320     0.3490         0.5751
    162   1.17     0.98  0.4848     0.9717  0.5152     0.0283     0.3511         0.5853
    163   1.16     0.97  0.4880     0.9673  0.5120     0.0327     0.3593         0.5907
    164   1.18     0.96  0.4908     0.9690  0.5092     0.0310     0.3613         0.5991
    165   1.14     0.97  0.4811     0.9706  0.5189     0.0294     0.3579         0.6031
    166   1.16     0.96  0.4834     0.9685  0.5166     0.0315     0.3616         0.5982
    167   1.11     0.97  0.4722     0.9680  0.5278     0.0320     0.3594         0.5935
    168   1.13     0.95  0.4807     0.9706  0.5193     0.0294     0.3687         0.6156
    169   1.16     0.97  0.4921     0.9692  0.5079     0.0308     0.3563         0.5979
    170   1.15     0.96  0.4825     0.9726  0.5175     0.0274     0.3618         0.6073
    171   1.14     0.97  0.4809     0.9709  0.5191     0.0291     0.3700         0.6145
    172   1.17     0.97  0.4861     0.9718  0.5139     0.0282     0.3680         0.6105
    173   1.17     0.98  0.4877     0.9682  0.5123     0.0318     0.3760         0.6053
    174   1.14     0.96  0.4814     0.9700  0.5186     0.0300     0.3674         0.6124
    175   1.16     0.99  0.4854     0.9714  0.5146     0.0286     0.3729         0.6069
    176   1.17     0.97  0.4874     0.9713  0.5126     0.0287     0.3621         0.5938
    177   1.15     0.96  0.4810     0.9718  0.5190     0.0282     0.3594         0.6005
    178   1.16     0.96  0.4876     0.9709  0.5124     0.0291     0.3611         0.6058
    179   1.17     0.96  0.4858     0.9696  0.5142     0.0304     0.3596         0.5945
    180   1.17     0.97  0.4865     0.9708  0.5135     0.0292     0.3717         0.6071
    181   1.18     0.97  0.4946     0.9693  0.5054     0.0307     0.3688         0.6085
    182   1.15     0.96  0.4812     0.9680  0.5188     0.0320     0.3639         0.5992
    183   1.16     0.98  0.4881     0.9733  0.5119     0.0267     0.3542         0.5868
    184   1.17     0.98  0.4904     0.9719  0.5096     0.0281     0.3539         0.5904
    185   1.20     1.00  0.5019     0.9694  0.4981     0.0306     0.3612         0.5824
    186   1.17     0.98  0.4909     0.9707  0.5091     0.0293     0.3644         0.6054
    187   1.16     0.97  0.4879     0.9704  0.5121     0.0296     0.3732         0.6051
    188   1.17     0.97  0.4893     0.9719  0.5107     0.0281     0.3612         0.5997
    189   1.18     0.98  0.4868     0.9705  0.5132     0.0295     0.3601         0.5924
    190   1.18     0.98  0.4895     0.9720  0.5105     0.0280     0.3578         0.6047
    191   1.16     0.95  0.4833     0.9694  0.5167     0.0306     0.3548         0.6000
    192   1.16     0.98  0.4806     0.9723  0.5194     0.0277     0.3604         0.5953
    193   1.16     0.97  0.4768     0.9713  0.5232     0.0287     0.3625         0.6065
    194   1.16     0.98  0.4846     0.9720  0.5154     0.0280     0.3700         0.6030
    195   1.20     0.98  0.4899     0.9720  0.5101     0.0280     0.3636         0.6045
    196   1.20     0.99  0.4975     0.9722  0.5025     0.0278     0.3528         0.5995
    197   1.14     0.97  0.4761     0.9710  0.5239     0.0290     0.3621         0.6013
    198   1.16     0.98  0.4892     0.9730  0.5108     0.0270     0.3574         0.6025
    199   1.19     0.98  0.4917     0.9741  0.5083     0.0259     0.3597         0.6003
    200   1.19     0.99  0.4941     0.9693  0.5059     0.0307     0.3427         0.5763
    201   1.19     0.98  0.4973     0.9733  0.5027     0.0267     0.3632         0.5974
    202   1.20     0.99  0.4945     0.9719  0.5055     0.0281     0.3707         0.6107
    203   1.15     0.98  0.4838     0.9692  0.5162     0.0308     0.3684         0.6078
    204   1.15     0.97  0.4837     0.9704  0.5163     0.0296     0.3783         0.6224
    205   1.17     0.98  0.4869     0.9713  0.5131     0.0287     0.3782         0.6125
    206   1.19     0.98  0.4946     0.9736  0.5054     0.0264     0.3701         0.6075
    207   1.19     0.98  0.4957     0.9723  0.5043     0.0277     0.3661         0.6062
    208   1.18     0.98  0.4911     0.9704  0.5089     0.0296     0.3724         0.6109
    209   1.21     0.98  0.5005     0.9713  0.4995     0.0287     0.3679         0.6033
    210   1.17     0.97  0.4861     0.9730  0.5139     0.0270     0.3608         0.6057
    211   1.19     0.98  0.4988     0.9737  0.5012     0.0263     0.3655         0.5915
    212   1.20     0.98  0.4926     0.9739  0.5074     0.0261     0.3603         0.6000
    213   1.17     0.98  0.4904     0.9693  0.5096     0.0307     0.3620         0.6020
    214   1.16     0.97  0.4854     0.9708  0.5146     0.0292     0.3586         0.6006
    215   1.16     0.98  0.4850     0.9727  0.5150     0.0273     0.3555         0.5999
    216   1.19     0.99  0.4978     0.9726  0.5022     0.0274     0.3637         0.6003
    217   1.18     0.98  0.4978     0.9728  0.5022     0.0272     0.3607         0.6092
    218   1.17     0.97  0.4899     0.9716  0.5101     0.0284     0.3636         0.5958
    219   1.19     0.98  0.4975     0.9724  0.5025     0.0276     0.3614         0.6014
    220   1.19     0.99  0.4901     0.9736  0.5099     0.0264     0.3698         0.6076
    221   1.19     0.99  0.4958     0.9727  0.5042     0.0273     0.3610         0.6143
    222   1.20     1.01  0.4961     0.9729  0.5039     0.0271     0.3797         0.6117
    223   1.15     0.97  0.4855     0.9714  0.5145     0.0286     0.3608         0.6015
    224   1.17     0.98  0.4915     0.9714  0.5085     0.0286     0.3666         0.6176
    225   1.17     0.98  0.4845     0.9721  0.5155     0.0279     0.3564         0.5991
    226   1.18     0.98  0.4895     0.9729  0.5105     0.0271     0.3697         0.6133
    227   1.18     0.98  0.4916     0.9724  0.5084     0.0276     0.3683         0.6136
    228   1.19     0.98  0.4935     0.9712  0.5065     0.0288     0.3719         0.6067
    229   1.17     0.98  0.4832     0.9718  0.5168     0.0282     0.3689         0.6020
    230   1.19     0.99  0.4929     0.9719  0.5071     0.0281     0.3664         0.6063
    231   1.20     0.99  0.4911     0.9704  0.5089     0.0296     0.3754         0.6154
    232   1.20     0.98  0.4989     0.9743  0.5011     0.0257     0.3648         0.6031
    233   1.21     1.01  0.5029     0.9747  0.4971     0.0253     0.3696         0.6091
    234   1.21     0.99  0.4963     0.9730  0.5037     0.0270     0.3710         0.6043
    235   1.16     0.97  0.4849     0.9710  0.5151     0.0290     0.3634         0.6072
    236   1.20     1.00  0.4959     0.9721  0.5041     0.0279     0.3799         0.6131
    237   1.18     0.99  0.4928     0.9717  0.5072     0.0283     0.3619         0.6004
    238   1.22     0.99  0.4998     0.9732  0.5002     0.0268     0.3753         0.6178
    239   1.19     0.98  0.4927     0.9715  0.5073     0.0285     0.3666         0.6155
    240   1.18     0.98  0.4938     0.9726  0.5062     0.0274     0.3690         0.6145
    241   1.20     0.99  0.4961     0.9736  0.5039     0.0264     0.3748         0.6105
    242   1.18     0.97  0.4924     0.9702  0.5076     0.0298     0.3621         0.6045
    243   1.18     0.99  0.4889     0.9701  0.5111     0.0299     0.3749         0.6165
    244   1.15     0.98  0.4819     0.9725  0.5181     0.0275     0.3675         0.6139
    245   1.17     0.98  0.4889     0.9738  0.5111     0.0262     0.3713         0.6082
    246   1.19     0.99  0.4880     0.9723  0.5120     0.0277     0.3708         0.6073
    247   1.21     1.00  0.4983     0.9732  0.5017     0.0268     0.3702         0.6193
    248   1.18     0.98  0.4883     0.9706  0.5117     0.0294     0.3668         0.6100
    249   1.18     0.99  0.4895     0.9723  0.5105     0.0277     0.3708         0.6130
    250   1.21     0.99  0.4966     0.9726  0.5034     0.0274     0.3782         0.6191
    251   1.18     0.99  0.4905     0.9707  0.5095     0.0293     0.3715         0.6072
    252   1.18     0.98  0.4888     0.9708  0.5112     0.0292     0.3646         0.6125
    253   1.20     0.98  0.4994     0.9716  0.5006     0.0284     0.3764         0.6212
    254   1.22     1.00  0.4996     0.9745  0.5004     0.0255     0.3671         0.6097
    255   1.18     0.98  0.4906     0.9702  0.5094     0.0298     0.3713         0.5964
    256   1.18     0.99  0.4944     0.9726  0.5056     0.0274     0.3645         0.6006
    257   1.18     0.98  0.4901     0.9705  0.5099     0.0295     0.3677         0.6107
    258   1.19     0.99  0.4971     0.9718  0.5029     0.0282     0.3735         0.6089
    259   1.16     0.98  0.4908     0.9712  0.5092     0.0288     0.3704         0.6113
    260   1.20     0.99  0.4932     0.9720  0.5068     0.0280     0.3798         0.6184
    261   1.20     1.00  0.5025     0.9738  0.4975     0.0262     0.3726         0.6133
    262   1.19     0.98  0.4945     0.9723  0.5055     0.0277     0.3703         0.6123
    263   1.18     0.98  0.4887     0.9696  0.5113     0.0304     0.3712         0.6195
    264   1.17     0.98  0.4897     0.9721  0.5103     0.0279     0.3742         0.6163
    265   1.17     0.98  0.4844     0.9726  0.5156     0.0274     0.3785         0.6155
    266   1.20     0.99  0.5003     0.9740  0.4997     0.0260     0.3720         0.6238
    267   1.19     0.98  0.4981     0.9719  0.5019     0.0281     0.3637         0.6057
    268   1.19     0.99  0.4905     0.9710  0.5095     0.0290     0.3747         0.6126
    269   1.16     0.98  0.4811     0.9719  0.5189     0.0281     0.3660         0.6112
    270   1.19     1.00  0.4923     0.9726  0.5077     0.0274     0.3745         0.6137
    271   1.21     0.99  0.5013     0.9761  0.4987     0.0239     0.3781         0.6143
    272   1.20     0.99  0.4949     0.9722  0.5051     0.0278     0.3712         0.6092
    273   1.22     0.99  0.5038     0.9713  0.4962     0.0287     0.3787         0.6250
    274   1.17     0.99  0.4868     0.9731  0.5132     0.0269     0.3765         0.6167
    275   1.19     0.99  0.5003     0.9739  0.4997     0.0261     0.3695         0.6058
    276   1.21     0.99  0.4964     0.9713  0.5036     0.0287     0.3624         0.6059
    277   1.18     0.99  0.4920     0.9732  0.5080     0.0268     0.3740         0.6113
    278   1.18     0.99  0.4969     0.9736  0.5031     0.0264     0.3660         0.6066
    279   1.17     0.99  0.4883     0.9724  0.5117     0.0276     0.3680         0.6135
    280   1.21     0.99  0.4995     0.9725  0.5005     0.0275     0.3659         0.6003
    281   1.17     0.99  0.4834     0.9724  0.5166     0.0276     0.3749         0.6101
    282   1.21     0.99  0.4998     0.9725  0.5002     0.0275     0.3730         0.6081
    283   1.19     0.99  0.4996     0.9699  0.5004     0.0301     0.3763         0.6258
    284   1.17     0.99  0.4987     0.9707  0.5013     0.0293     0.3747         0.6172
    285   1.19     0.99  0.4927     0.9720  0.5073     0.0280     0.3736         0.6123
    286   1.16     0.99  0.4966     0.9723  0.5034     0.0277     0.3649         0.6139
    287   1.18     1.00  0.4934     0.9729  0.5066     0.0271     0.3682         0.6116
    288   1.16     0.99  0.4879     0.9733  0.5121     0.0267     0.3760         0.6161
    289   1.18     0.98  0.4891     0.9734  0.5109     0.0266     0.3742         0.6137
    290   1.18     0.99  0.4921     0.9736  0.5079     0.0264     0.3767         0.6131
    291   1.18     0.98  0.4913     0.9725  0.5087     0.0275     0.3666         0.6041
    292   1.16     0.99  0.4867     0.9716  0.5133     0.0284     0.3737         0.6057
    293   1.21     0.99  0.5026     0.9738  0.4974     0.0262     0.3723         0.6146
    294   1.20     0.99  0.4973     0.9734  0.5027     0.0266     0.3797         0.6230
    295   1.16     0.99  0.4875     0.9707  0.5125     0.0293     0.3748         0.6100
    296   1.16     0.99  0.4880     0.9725  0.5120     0.0275     0.3683         0.6190
    297   1.17     0.99  0.4884     0.9720  0.5116     0.0280     0.3632         0.6078
    298   1.18     0.99  0.4907     0.9713  0.5093     0.0287     0.3823         0.6218
    299   1.19     0.98  0.4921     0.9708  0.5079     0.0292     0.3775         0.6131
    300   1.17     0.98  0.4827     0.9702  0.5173     0.0298     0.3686         0.6149
The log/output/model have been saved to: ./logs/train.py-multi_zetas300_False_False_True_1.0_1.0_1.0-roz-04-23-21:20 + .csv/.out/.cpt
